2020-01-15 10:10:54 | DEBUG |  ============================================================ 
2020-01-15 10:10:54 | DEBUG | DYNAWO VERSION  :     1.0.1
2020-01-15 10:10:54 | DEBUG | DYNAWO REVISION :  385_modelica_models_calc_var-b05e8a26
2020-01-15 10:10:54 | DEBUG |  ============================================================ 
2020-01-15 10:10:54 | DEBUG | connecting OMEGA_REF_omega_grp_0 with GEN____1_SM_generator_omegaPu
2020-01-15 10:10:54 | DEBUG | connecting OMEGA_REF_omegaRef_grp_0 with GEN____1_SM_generator_omegaRefPu
2020-01-15 10:10:54 | DEBUG | connecting OMEGA_REF_running_grp_0 with GEN____1_SM_generator_running
2020-01-15 10:10:54 | DEBUG | connecting GEN____1_SM_generator_switchOffSignal1 with NETWORK__BUS____1_TN_switchOff
2020-01-15 10:10:54 | DEBUG | connecting GEN____1_SM_generator_terminal with NETWORK__BUS____1_TN_ACPIN
2020-01-15 10:10:54 | DEBUG | connecting OMEGA_REF_omega_grp_1 with GEN____2_SM_generator_omegaPu
2020-01-15 10:10:54 | DEBUG | connecting OMEGA_REF_omegaRef_grp_1 with GEN____2_SM_generator_omegaRefPu
2020-01-15 10:10:54 | DEBUG | connecting OMEGA_REF_running_grp_1 with GEN____2_SM_generator_running
2020-01-15 10:10:54 | DEBUG | connecting GEN____2_SM_generator_switchOffSignal1 with NETWORK__BUS____2_TN_switchOff
2020-01-15 10:10:54 | DEBUG | connecting GEN____2_SM_generator_terminal with NETWORK__BUS____2_TN_ACPIN
2020-01-15 10:10:54 | DEBUG | connecting OMEGA_REF_omega_grp_2 with GEN____3_SM_generator_omegaPu
2020-01-15 10:10:54 | DEBUG | connecting OMEGA_REF_omegaRef_grp_2 with GEN____3_SM_generator_omegaRefPu
2020-01-15 10:10:54 | DEBUG | connecting OMEGA_REF_running_grp_2 with GEN____3_SM_generator_running
2020-01-15 10:10:54 | DEBUG | connecting GEN____3_SM_generator_switchOffSignal1 with NETWORK__BUS____3_TN_switchOff
2020-01-15 10:10:54 | DEBUG | connecting GEN____3_SM_generator_terminal with NETWORK__BUS____3_TN_ACPIN
2020-01-15 10:10:54 | DEBUG | connecting OMEGA_REF_omega_grp_3 with GEN____6_SM_generator_omegaPu
2020-01-15 10:10:54 | DEBUG | connecting OMEGA_REF_omegaRef_grp_3 with GEN____6_SM_generator_omegaRefPu
2020-01-15 10:10:54 | DEBUG | connecting OMEGA_REF_running_grp_3 with GEN____6_SM_generator_running
2020-01-15 10:10:54 | DEBUG | connecting GEN____6_SM_generator_switchOffSignal1 with NETWORK__BUS____6_TN_switchOff
2020-01-15 10:10:54 | DEBUG | connecting GEN____6_SM_generator_terminal with NETWORK__BUS____6_TN_ACPIN
2020-01-15 10:10:54 | DEBUG | connecting OMEGA_REF_omega_grp_4 with GEN____8_SM_generator_omegaPu
2020-01-15 10:10:54 | DEBUG | connecting OMEGA_REF_omegaRef_grp_4 with GEN____8_SM_generator_omegaRefPu
2020-01-15 10:10:54 | DEBUG | connecting OMEGA_REF_running_grp_4 with GEN____8_SM_generator_running
2020-01-15 10:10:54 | DEBUG | connecting GEN____8_SM_generator_switchOffSignal1 with NETWORK__BUS____8_TN_switchOff
2020-01-15 10:10:54 | DEBUG | connecting GEN____8_SM_generator_terminal with NETWORK__BUS____8_TN_ACPIN
2020-01-15 10:10:54 | DEBUG | connecting OMEGA_REF_numcc_node_0 with NETWORK__BUS____1_TN_numcc
2020-01-15 10:10:54 | DEBUG | connecting OMEGA_REF_numcc_node_1 with NETWORK__BUS____2_TN_numcc
2020-01-15 10:10:54 | DEBUG | connecting OMEGA_REF_numcc_node_2 with NETWORK__BUS____3_TN_numcc
2020-01-15 10:10:54 | DEBUG | connecting OMEGA_REF_numcc_node_3 with NETWORK__BUS____6_TN_numcc
2020-01-15 10:10:54 | DEBUG | connecting OMEGA_REF_numcc_node_4 with NETWORK__BUS____8_TN_numcc
2020-01-15 10:10:54 | DEBUG | connecting _LOAD__10_EC_load_terminal with NETWORK__BUS___10_TN_ACPIN
2020-01-15 10:10:54 | DEBUG | connecting _LOAD__11_EC_load_terminal with NETWORK__BUS___11_TN_ACPIN
2020-01-15 10:10:54 | DEBUG | connecting _LOAD__12_EC_load_terminal with NETWORK__BUS___12_TN_ACPIN
2020-01-15 10:10:54 | DEBUG | connecting _LOAD__13_EC_load_terminal with NETWORK__BUS___13_TN_ACPIN
2020-01-15 10:10:54 | DEBUG | connecting _LOAD__14_EC_load_terminal with NETWORK__BUS___14_TN_ACPIN
2020-01-15 10:10:54 | DEBUG | connecting _LOAD___2_EC_load_terminal with NETWORK__BUS____2_TN_ACPIN
2020-01-15 10:10:54 | DEBUG | connecting _LOAD___3_EC_load_terminal with NETWORK__BUS____3_TN_ACPIN
2020-01-15 10:10:54 | DEBUG | connecting _LOAD___4_EC_load_terminal with NETWORK__BUS____4_TN_ACPIN
2020-01-15 10:10:54 | DEBUG | connecting _LOAD___5_EC_load_terminal with NETWORK__BUS____5_TN_ACPIN
2020-01-15 10:10:54 | DEBUG | connecting _LOAD___6_EC_load_terminal with NETWORK__BUS____6_TN_ACPIN
2020-01-15 10:10:54 | DEBUG | connecting _LOAD___9_EC_load_terminal with NETWORK__BUS____9_TN_ACPIN
2020-01-15 10:10:54 | DEBUG | nbSubNetwork = 1 nbsub = 1
2020-01-15 10:10:54 | DEBUG | subNetwork[0] nbBus = 14
2020-01-15 10:10:54 | DEBUG | keep SubNetworks num : 0
2020-01-15 10:10:54 | DEBUG | generator_sStator0Pu_im opposite value of generator_QStator0Pu
2020-01-15 10:10:54 | DEBUG | generator_Theta0 same value as generator_ThetaInternal0
2020-01-15 10:10:54 | DEBUG | voltageRegulator_u0_im same value as generator_uStator0Pu_im
2020-01-15 10:10:54 | DEBUG | voltageRegulator_u0_re same value as generator_uStator0Pu_re
2020-01-15 10:10:54 | DEBUG | generator_Efd0Pu same value as voltageRegulator_Efd0PuLF
2020-01-15 10:10:54 | DEBUG | voltageRegulator_limiterWithLag_u0 same value as voltageRegulator_Efd0PuLF
2020-01-15 10:10:54 | DEBUG | voltageRegulator_limiterWithLag_y0LF same value as voltageRegulator_Efd0PuLF
2020-01-15 10:10:54 | DEBUG | voltageRegulator_tEfdMaxReached0 same value as voltageRegulator_limiterWithLag_tUMaxReached0
2020-01-15 10:10:54 | DEBUG | voltageRegulator_tEfdMinReached0 same value as voltageRegulator_limiterWithLag_tUMinReached0
2020-01-15 10:10:54 | DEBUG | generator_Cm0Pu same value as Pm_Value0
2020-01-15 10:10:54 | DEBUG | generator_Pm0Pu same value as Pm_Value0
2020-01-15 10:10:54 | DEBUG | governor_Pm0Pu same value as Pm_Value0
2020-01-15 10:10:54 | DEBUG | voltageRegulator_UsRef0Pu same value as URef_Value0
2020-01-15 10:10:54 | DEBUG | generator_LambdaQ10Pu same value as generator_LambdaQ20Pu
2020-01-15 10:10:54 | DEBUG | voltageRegulator_limiterWithLag_y0 same value as voltageRegulator_Efd0Pu
2020-01-15 10:10:54 | DEBUG | generator_sStator0Pu_im opposite value of generator_QStator0Pu
2020-01-15 10:10:54 | DEBUG | generator_Theta0 same value as generator_ThetaInternal0
2020-01-15 10:10:54 | DEBUG | voltageRegulator_u0_im same value as generator_uStator0Pu_im
2020-01-15 10:10:54 | DEBUG | voltageRegulator_u0_re same value as generator_uStator0Pu_re
2020-01-15 10:10:54 | DEBUG | generator_Efd0Pu same value as voltageRegulator_Efd0PuLF
2020-01-15 10:10:54 | DEBUG | voltageRegulator_limiterWithLag_u0 same value as voltageRegulator_Efd0PuLF
2020-01-15 10:10:54 | DEBUG | voltageRegulator_limiterWithLag_y0LF same value as voltageRegulator_Efd0PuLF
2020-01-15 10:10:54 | DEBUG | voltageRegulator_tEfdMaxReached0 same value as voltageRegulator_limiterWithLag_tUMaxReached0
2020-01-15 10:10:54 | DEBUG | voltageRegulator_tEfdMinReached0 same value as voltageRegulator_limiterWithLag_tUMinReached0
2020-01-15 10:10:54 | DEBUG | generator_Cm0Pu same value as Pm_Value0
2020-01-15 10:10:54 | DEBUG | generator_Pm0Pu same value as Pm_Value0
2020-01-15 10:10:54 | DEBUG | governor_Pm0Pu same value as Pm_Value0
2020-01-15 10:10:54 | DEBUG | voltageRegulator_UsRef0Pu same value as URef_Value0
2020-01-15 10:10:54 | DEBUG | generator_LambdaQ10Pu same value as generator_LambdaQ20Pu
2020-01-15 10:10:54 | DEBUG | voltageRegulator_limiterWithLag_y0 same value as voltageRegulator_Efd0Pu
2020-01-15 10:10:54 | DEBUG | generator_sStator0Pu_im opposite value of generator_QStator0Pu
2020-01-15 10:10:54 | DEBUG | generator_Theta0 same value as generator_ThetaInternal0
2020-01-15 10:10:54 | DEBUG | voltageRegulator_u0_im same value as generator_uStator0Pu_im
2020-01-15 10:10:54 | DEBUG | voltageRegulator_u0_re same value as generator_uStator0Pu_re
2020-01-15 10:10:54 | DEBUG | generator_Efd0Pu same value as voltageRegulator_Efd0PuLF
2020-01-15 10:10:54 | DEBUG | voltageRegulator_limiterWithLag_u0 same value as voltageRegulator_Efd0PuLF
2020-01-15 10:10:54 | DEBUG | voltageRegulator_limiterWithLag_y0LF same value as voltageRegulator_Efd0PuLF
2020-01-15 10:10:54 | DEBUG | voltageRegulator_tEfdMaxReached0 same value as voltageRegulator_limiterWithLag_tUMaxReached0
2020-01-15 10:10:54 | DEBUG | voltageRegulator_tEfdMinReached0 same value as voltageRegulator_limiterWithLag_tUMinReached0
2020-01-15 10:10:54 | DEBUG | generator_Cm0Pu same value as Pm_Value0
2020-01-15 10:10:54 | DEBUG | generator_Pm0Pu same value as Pm_Value0
2020-01-15 10:10:54 | DEBUG | governor_Pm0Pu same value as Pm_Value0
2020-01-15 10:10:54 | DEBUG | voltageRegulator_UsRef0Pu same value as URef_Value0
2020-01-15 10:10:54 | DEBUG | generator_LambdaQ10Pu same value as generator_LambdaQ20Pu
2020-01-15 10:10:54 | DEBUG | voltageRegulator_limiterWithLag_y0 same value as voltageRegulator_Efd0Pu
2020-01-15 10:10:54 | DEBUG | generator_sStator0Pu_im opposite value of generator_QStator0Pu
2020-01-15 10:10:54 | DEBUG | generator_Theta0 same value as generator_ThetaInternal0
2020-01-15 10:10:54 | DEBUG | voltageRegulator_u0_im same value as generator_uStator0Pu_im
2020-01-15 10:10:54 | DEBUG | voltageRegulator_u0_re same value as generator_uStator0Pu_re
2020-01-15 10:10:54 | DEBUG | generator_Efd0Pu same value as voltageRegulator_Efd0PuLF
2020-01-15 10:10:54 | DEBUG | voltageRegulator_limiterWithLag_u0 same value as voltageRegulator_Efd0PuLF
2020-01-15 10:10:54 | DEBUG | voltageRegulator_limiterWithLag_y0LF same value as voltageRegulator_Efd0PuLF
2020-01-15 10:10:54 | DEBUG | voltageRegulator_tEfdMaxReached0 same value as voltageRegulator_limiterWithLag_tUMaxReached0
2020-01-15 10:10:54 | DEBUG | voltageRegulator_tEfdMinReached0 same value as voltageRegulator_limiterWithLag_tUMinReached0
2020-01-15 10:10:54 | DEBUG | generator_Cm0Pu same value as Pm_Value0
2020-01-15 10:10:54 | DEBUG | generator_Pm0Pu same value as Pm_Value0
2020-01-15 10:10:54 | DEBUG | governor_Pm0Pu same value as Pm_Value0
2020-01-15 10:10:54 | DEBUG | voltageRegulator_UsRef0Pu same value as URef_Value0
2020-01-15 10:10:54 | DEBUG | generator_LambdaQ10Pu same value as generator_LambdaQ20Pu
2020-01-15 10:10:54 | DEBUG | voltageRegulator_limiterWithLag_y0 same value as voltageRegulator_Efd0Pu
2020-01-15 10:10:54 | DEBUG | generator_sStator0Pu_im opposite value of generator_QStator0Pu
2020-01-15 10:10:54 | DEBUG | generator_Theta0 same value as generator_ThetaInternal0
2020-01-15 10:10:54 | DEBUG | voltageRegulator_u0_im same value as generator_uStator0Pu_im
2020-01-15 10:10:54 | DEBUG | voltageRegulator_u0_re same value as generator_uStator0Pu_re
2020-01-15 10:10:54 | DEBUG | generator_Efd0Pu same value as voltageRegulator_Efd0PuLF
2020-01-15 10:10:54 | DEBUG | voltageRegulator_limiterWithLag_u0 same value as voltageRegulator_Efd0PuLF
2020-01-15 10:10:54 | DEBUG | voltageRegulator_limiterWithLag_y0LF same value as voltageRegulator_Efd0PuLF
2020-01-15 10:10:54 | DEBUG | voltageRegulator_tEfdMaxReached0 same value as voltageRegulator_limiterWithLag_tUMaxReached0
2020-01-15 10:10:54 | DEBUG | voltageRegulator_tEfdMinReached0 same value as voltageRegulator_limiterWithLag_tUMinReached0
2020-01-15 10:10:54 | DEBUG | generator_Cm0Pu same value as Pm_Value0
2020-01-15 10:10:54 | DEBUG | generator_Pm0Pu same value as Pm_Value0
2020-01-15 10:10:54 | DEBUG | governor_Pm0Pu same value as Pm_Value0
2020-01-15 10:10:54 | DEBUG | voltageRegulator_UsRef0Pu same value as URef_Value0
2020-01-15 10:10:54 | DEBUG | generator_LambdaQ10Pu same value as generator_LambdaQ20Pu
2020-01-15 10:10:54 | DEBUG | voltageRegulator_limiterWithLag_y0 same value as voltageRegulator_Efd0Pu
2020-01-15 10:10:54 | DEBUG | call of SolverReInit ie a new symbolic and numerical factorization will be performed
2020-01-15 10:10:54 | DEBUG | call of SolverReInit ie a new symbolic and numerical factorization will be performed
2020-01-15 10:10:54 | DEBUG | call of SolverReInit ie a new symbolic and numerical factorization will be performed
2020-01-15 10:10:54 | INFO | adding curve : Id: NETWORK; curve: _BUS____1_TN_Upu_value found. (exact name)
2020-01-15 10:10:54 | INFO | adding curve : Id: NETWORK; curve: _BUS____2_TN_Upu_value found. (exact name)
2020-01-15 10:10:54 | INFO | adding curve : Id: NETWORK; curve: _BUS____3_TN_Upu_value found. (exact name)
2020-01-15 10:10:54 | INFO | adding curve : Id: NETWORK; curve: _BUS____4_TN_Upu_value found. (exact name)
2020-01-15 10:10:54 | INFO | adding curve : Id: NETWORK; curve: _BUS____5_TN_Upu_value found. (exact name)
2020-01-15 10:10:54 | INFO | adding curve : Id: NETWORK; curve: _BUS____6_TN_Upu_value found. (exact name)
2020-01-15 10:10:54 | INFO | adding curve : Id: NETWORK; curve: _BUS____7_TN_Upu_value found. (exact name)
2020-01-15 10:10:54 | INFO | adding curve : Id: NETWORK; curve: _BUS____8_TN_Upu_value found. (exact name)
2020-01-15 10:10:54 | INFO | adding curve : Id: NETWORK; curve: _BUS____9_TN_Upu_value found. (exact name)
2020-01-15 10:10:54 | INFO | adding curve : Id: NETWORK; curve: _BUS___10_TN_Upu_value found. (exact name)
2020-01-15 10:10:54 | INFO | adding curve : Id: NETWORK; curve: _BUS___11_TN_Upu_value found. (exact name)
2020-01-15 10:10:54 | INFO | adding curve : Id: NETWORK; curve: _BUS___12_TN_Upu_value found. (exact name)
2020-01-15 10:10:54 | INFO | adding curve : Id: NETWORK; curve: _BUS___13_TN_Upu_value found. (exact name)
2020-01-15 10:10:54 | INFO | adding curve : Id: NETWORK; curve: _BUS___14_TN_Upu_value found. (exact name)
2020-01-15 10:10:54 | INFO | adding curve : Id: GEN____1_SM; output: generator_omegaPu found.( generator_omegaPu_value )
2020-01-15 10:10:54 | INFO | adding curve : Id: GEN____1_SM; curve: generator_PGen found. (exact name)
2020-01-15 10:10:54 | INFO | adding curve : Id: GEN____1_SM; curve: generator_QGen found. (exact name)
2020-01-15 10:10:54 | INFO | adding curve : Id: GEN____1_SM; output: generator_UStatorPu found.( generator_UStatorPu_value )
2020-01-15 10:10:54 | WARN | curve not added: Id: GEN____1_SM , name: voltageRegulator_UcEfdPu
2020-01-15 10:10:54 | INFO | adding curve : Id: GEN____1_SM; curve: voltageRegulator_EfdPu found. (exact name)
2020-01-15 10:10:54 | INFO | adding curve : Id: GEN____2_SM; output: generator_omegaPu found.( generator_omegaPu_value )
2020-01-15 10:10:54 | INFO | adding curve : Id: GEN____2_SM; curve: generator_PGen found. (exact name)
2020-01-15 10:10:54 | INFO | adding curve : Id: GEN____2_SM; curve: generator_QGen found. (exact name)
2020-01-15 10:10:54 | INFO | adding curve : Id: GEN____2_SM; output: generator_UStatorPu found.( generator_UStatorPu_value )
2020-01-15 10:10:54 | WARN | curve not added: Id: GEN____2_SM , name: voltageRegulator_UcEfdPu
2020-01-15 10:10:54 | INFO | adding curve : Id: GEN____2_SM; curve: voltageRegulator_EfdPu found. (exact name)
2020-01-15 10:10:54 | INFO | adding curve : Id: GEN____3_SM; output: generator_omegaPu found.( generator_omegaPu_value )
2020-01-15 10:10:54 | INFO | adding curve : Id: GEN____3_SM; curve: generator_PGen found. (exact name)
2020-01-15 10:10:54 | INFO | adding curve : Id: GEN____3_SM; curve: generator_QGen found. (exact name)
2020-01-15 10:10:54 | INFO | adding curve : Id: GEN____3_SM; output: generator_UStatorPu found.( generator_UStatorPu_value )
2020-01-15 10:10:54 | WARN | curve not added: Id: GEN____3_SM , name: voltageRegulator_UcEfdPu
2020-01-15 10:10:54 | INFO | adding curve : Id: GEN____3_SM; curve: voltageRegulator_EfdPu found. (exact name)
2020-01-15 10:10:54 | INFO | adding curve : Id: GEN____6_SM; output: generator_omegaPu found.( generator_omegaPu_value )
2020-01-15 10:10:54 | INFO | adding curve : Id: GEN____6_SM; curve: generator_PGen found. (exact name)
2020-01-15 10:10:54 | INFO | adding curve : Id: GEN____6_SM; curve: generator_QGen found. (exact name)
2020-01-15 10:10:54 | INFO | adding curve : Id: GEN____6_SM; output: generator_UStatorPu found.( generator_UStatorPu_value )
2020-01-15 10:10:54 | WARN | curve not added: Id: GEN____6_SM , name: voltageRegulator_UcEfdPu
2020-01-15 10:10:54 | INFO | adding curve : Id: GEN____6_SM; curve: voltageRegulator_EfdPu found. (exact name)
2020-01-15 10:10:54 | INFO | adding curve : Id: GEN____8_SM; output: generator_omegaPu found.( generator_omegaPu_value )
2020-01-15 10:10:54 | INFO | adding curve : Id: GEN____8_SM; curve: generator_PGen found. (exact name)
2020-01-15 10:10:54 | INFO | adding curve : Id: GEN____8_SM; curve: generator_QGen found. (exact name)
2020-01-15 10:10:54 | INFO | adding curve : Id: GEN____8_SM; output: generator_UStatorPu found.( generator_UStatorPu_value )
2020-01-15 10:10:54 | WARN | curve not added: Id: GEN____8_SM , name: voltageRegulator_UcEfdPu
2020-01-15 10:10:54 | INFO | adding curve : Id: GEN____8_SM; curve: voltageRegulator_EfdPu found. (exact name)
2020-01-15 10:10:54 | INFO | adding curve : Id: _LOAD___2_EC; curve: load_PPu found. (exact name)
2020-01-15 10:10:54 | INFO | adding curve : Id: _LOAD___2_EC; curve: load_QPu found. (exact name)
2020-01-15 10:10:54 | DEBUG | -----------------------------------------------------------------------
2020-01-15 10:10:54 | DEBUG | number of continuous variables : 340 (display limited to 4 variables)
2020-01-15 10:10:54 | DEBUG | number of discrete variables : 251
2020-01-15 10:10:54 | DEBUG | -----------------------------------------------------------------------
2020-01-15 10:10:54 | DEBUG |     t              y1            y2            y3            y4      | nst k      h
2020-01-15 10:10:54 | DEBUG | -----------------------------------------------------------------------
2020-01-15 10:10:54 | DEBUG |        0.000  1.014782e+00 -2.737273e-01 -6.830785e-02  7.558946e-02 |   0 0 1.000000e-02 
2020-01-15 10:10:54 | DEBUG | call of SolverReInit ie a new symbolic and numerical factorization will be performed
2020-01-15 10:10:54 | DEBUG |        0.000  1.014782e+00 -2.737273e-01 -6.830785e-02  7.558947e-02 |   1 1 1.000000e-06 
2020-01-15 10:10:54 | DEBUG |        0.000  1.014782e+00 -2.737273e-01 -6.830785e-02  7.558947e-02 |   2 1 1.000000e-06 
2020-01-15 10:10:54 | DEBUG |        0.000  1.014782e+00 -2.737273e-01 -6.830785e-02  7.558947e-02 |   3 2 2.000000e-06 
2020-01-15 10:10:54 | DEBUG | call of SolverReInit ie a new symbolic and numerical factorization will be performed
2020-01-15 10:10:54 | DEBUG |        0.000  1.014782e+00 -2.737273e-01 -6.830785e-02  7.558947e-02 |   4 2 4.000000e-06 
2020-01-15 10:10:54 | DEBUG | call of SolverReInit ie a new symbolic and numerical factorization will be performed
2020-01-15 10:10:54 | DEBUG |        0.000  1.014782e+00 -2.737273e-01 -6.830785e-02  7.558947e-02 |   5 2 8.000000e-06 
2020-01-15 10:10:54 | DEBUG | call of SolverReInit ie a new symbolic and numerical factorization will be performed
2020-01-15 10:10:54 | DEBUG |        0.000  1.014782e+00 -2.737273e-01 -6.830785e-02  7.558947e-02 |   6 2 1.600000e-05 
2020-01-15 10:10:54 | DEBUG | call of SolverReInit ie a new symbolic and numerical factorization will be performed
2020-01-15 10:10:54 | DEBUG |        0.000  1.014782e+00 -2.737273e-01 -6.830785e-02  7.558947e-02 |   7 2 3.200000e-05 
2020-01-15 10:10:54 | DEBUG | call of SolverReInit ie a new symbolic and numerical factorization will be performed
2020-01-15 10:10:54 | DEBUG |        0.000  1.014782e+00 -2.737273e-01 -6.830785e-02  7.558946e-02 |   8 2 6.400000e-05 
2020-01-15 10:10:54 | DEBUG | call of SolverReInit ie a new symbolic and numerical factorization will be performed
2020-01-15 10:10:54 | DEBUG |        0.000  1.014782e+00 -2.737273e-01 -6.830785e-02  7.558946e-02 |   9 2 1.280000e-04 
2020-01-15 10:10:54 | DEBUG | call of SolverReInit ie a new symbolic and numerical factorization will be performed
2020-01-15 10:10:54 | DEBUG |        0.001  1.014782e+00 -2.737273e-01 -6.830785e-02  7.558945e-02 |  10 2 2.560000e-04 
2020-01-15 10:10:54 | DEBUG | call of SolverReInit ie a new symbolic and numerical factorization will be performed
2020-01-15 10:10:54 | DEBUG |        0.001  1.014782e+00 -2.737273e-01 -6.830784e-02  7.558944e-02 |  11 2 5.120000e-04 
2020-01-15 10:10:54 | DEBUG | call of SolverReInit ie a new symbolic and numerical factorization will be performed
2020-01-15 10:10:54 | DEBUG |        0.002  1.014782e+00 -2.737273e-01 -6.830783e-02  7.558942e-02 |  12 2 1.024000e-03 
2020-01-15 10:10:54 | DEBUG | call of SolverReInit ie a new symbolic and numerical factorization will be performed
2020-01-15 10:10:54 | DEBUG |        0.004  1.014781e+00 -2.737272e-01 -6.830781e-02  7.558938e-02 |  13 2 2.048000e-03 
2020-01-15 10:10:54 | DEBUG | call of SolverReInit ie a new symbolic and numerical factorization will be performed
2020-01-15 10:10:54 | DEBUG |        0.008  1.014780e+00 -2.737272e-01 -6.830777e-02  7.558931e-02 |  14 2 4.096000e-03 
2020-01-15 10:10:54 | DEBUG | call of SolverReInit ie a new symbolic and numerical factorization will be performed
2020-01-15 10:10:54 | DEBUG |        0.016  1.014778e+00 -2.737272e-01 -6.830772e-02  7.558921e-02 |  15 2 8.192000e-03 
2020-01-15 10:10:54 | DEBUG | call of SolverReInit ie a new symbolic and numerical factorization will be performed
2020-01-15 10:10:54 | DEBUG |        0.033  1.014777e+00 -2.737274e-01 -6.830767e-02  7.558915e-02 |  16 2 1.638400e-02 
2020-01-15 10:10:54 | DEBUG | call of SolverReInit ie a new symbolic and numerical factorization will be performed
2020-01-15 10:10:54 | DEBUG | Algebraic mode change for model GEN____3_SM
2020-01-15 10:10:54 | DEBUG |        0.040  1.014777e+00 -2.737275e-01 -6.830765e-02  7.558916e-02 |  17 2 3.276800e-02 
2020-01-15 10:10:54 | DEBUG | calculation of the new starting point of the simulation.
2020-01-15 10:10:54 | DEBUG |        0.040  1.014777e+00 -2.737275e-01 -6.830765e-02  7.558916e-02 |   0 0 0.000000e+00 
2020-01-15 10:10:54 | DEBUG | call of SolverReInit ie a new symbolic and numerical factorization will be performed
2020-01-15 10:10:54 | DEBUG |        0.040  1.014777e+00 -2.737275e-01 -6.830765e-02  7.558916e-02 |   1 1 1.000000e-06 
2020-01-15 10:10:54 | DEBUG |        0.040  1.014777e+00 -2.737275e-01 -6.830765e-02  7.558916e-02 |   2 1 1.000000e-06 
2020-01-15 10:10:54 | DEBUG |        0.040  1.014777e+00 -2.737275e-01 -6.830765e-02  7.558916e-02 |   3 2 2.000000e-06 
2020-01-15 10:10:54 | DEBUG | call of SolverReInit ie a new symbolic and numerical factorization will be performed
2020-01-15 10:10:54 | DEBUG |        0.040  1.014777e+00 -2.737275e-01 -6.830765e-02  7.558916e-02 |   4 2 4.000000e-06 
2020-01-15 10:10:54 | DEBUG | call of SolverReInit ie a new symbolic and numerical factorization will be performed
2020-01-15 10:10:54 | DEBUG |        0.040  1.014777e+00 -2.737275e-01 -6.830765e-02  7.558916e-02 |   5 2 8.000000e-06 
2020-01-15 10:10:54 | DEBUG | call of SolverReInit ie a new symbolic and numerical factorization will be performed
2020-01-15 10:10:54 | DEBUG |        0.040  1.014777e+00 -2.737275e-01 -6.830765e-02  7.558916e-02 |   6 2 1.600000e-05 
2020-01-15 10:10:54 | DEBUG | call of SolverReInit ie a new symbolic and numerical factorization will be performed
2020-01-15 10:10:54 | DEBUG |        0.040  1.014777e+00 -2.737275e-01 -6.830765e-02  7.558916e-02 |   7 2 3.200000e-05 
2020-01-15 10:10:54 | DEBUG | call of SolverReInit ie a new symbolic and numerical factorization will be performed
2020-01-15 10:10:54 | DEBUG |        0.040  1.014777e+00 -2.737275e-01 -6.830765e-02  7.558916e-02 |   8 2 6.400000e-05 
2020-01-15 10:10:54 | DEBUG | call of SolverReInit ie a new symbolic and numerical factorization will be performed
2020-01-15 10:10:54 | DEBUG |        0.040  1.014777e+00 -2.737275e-01 -6.830765e-02  7.558916e-02 |   9 2 1.280000e-04 
2020-01-15 10:10:54 | DEBUG | call of SolverReInit ie a new symbolic and numerical factorization will be performed
2020-01-15 10:10:54 | DEBUG |        0.040  1.014777e+00 -2.737276e-01 -6.830765e-02  7.558916e-02 |  10 2 2.560000e-04 
2020-01-15 10:10:54 | DEBUG | call of SolverReInit ie a new symbolic and numerical factorization will be performed
2020-01-15 10:10:54 | DEBUG |        0.041  1.014777e+00 -2.737276e-01 -6.830765e-02  7.558916e-02 |  11 2 5.120000e-04 
2020-01-15 10:10:54 | DEBUG | call of SolverReInit ie a new symbolic and numerical factorization will be performed
2020-01-15 10:10:54 | DEBUG |        0.042  1.014777e+00 -2.737276e-01 -6.830765e-02  7.558917e-02 |  12 2 1.024000e-03 
2020-01-15 10:10:54 | DEBUG | call of SolverReInit ie a new symbolic and numerical factorization will be performed
2020-01-15 10:10:54 | DEBUG |        0.044  1.014777e+00 -2.737276e-01 -6.830766e-02  7.558918e-02 |  13 2 2.048000e-03 
2020-01-15 10:10:54 | DEBUG | call of SolverReInit ie a new symbolic and numerical factorization will be performed
2020-01-15 10:10:54 | DEBUG |        0.048  1.014778e+00 -2.737278e-01 -6.830766e-02  7.558921e-02 |  14 2 4.096000e-03 
2020-01-15 10:10:54 | DEBUG | call of SolverReInit ie a new symbolic and numerical factorization will be performed
2020-01-15 10:10:54 | DEBUG |        0.056  1.014778e+00 -2.737280e-01 -6.830767e-02  7.558928e-02 |  15 2 8.192000e-03 
2020-01-15 10:10:54 | DEBUG | call of SolverReInit ie a new symbolic and numerical factorization will be performed
2020-01-15 10:10:54 | DEBUG |        0.072  1.014780e+00 -2.737286e-01 -6.830770e-02  7.558946e-02 |  16 2 1.638400e-02 
2020-01-15 10:10:54 | DEBUG | call of SolverReInit ie a new symbolic and numerical factorization will be performed
2020-01-15 10:10:54 | DEBUG |        0.105  1.014785e+00 -2.737298e-01 -6.830779e-02  7.558987e-02 |  17 2 3.276800e-02 
2020-01-15 10:10:54 | DEBUG | call of SolverReInit ie a new symbolic and numerical factorization will be performed
2020-01-15 10:10:54 | DEBUG |        0.171  1.014794e+00 -2.737326e-01 -6.830796e-02  7.559073e-02 |  18 2 6.553600e-02 
2020-01-15 10:10:54 | DEBUG | call of SolverReInit ie a new symbolic and numerical factorization will be performed
2020-01-15 10:10:54 | DEBUG |        0.302  1.014809e+00 -2.737387e-01 -6.830811e-02  7.559225e-02 |  19 2 1.310720e-01 
2020-01-15 10:10:54 | DEBUG | call of SolverReInit ie a new symbolic and numerical factorization will be performed
2020-01-15 10:10:54 | DEBUG | Algebraic mode change for model GEN____3_SM
2020-01-15 10:10:54 | DEBUG |        0.529  1.014822e+00 -2.737514e-01 -6.830778e-02  7.559421e-02 |  20 2 2.621440e-01 
2020-01-15 10:10:54 | DEBUG | calculation of the new starting point of the simulation.
2020-01-15 10:10:54 | DEBUG | call of SolverReInit ie a new symbolic and numerical factorization will be performed
2020-01-15 10:10:54 | DEBUG |        0.529  1.014822e+00 -2.737514e-01 -6.830778e-02  7.559421e-02 |   0 0 0.000000e+00 
2020-01-15 10:10:54 | DEBUG | call of SolverReInit ie a new symbolic and numerical factorization will be performed
2020-01-15 10:10:54 | DEBUG |        0.529  1.014822e+00 -2.737514e-01 -6.830778e-02  7.559421e-02 |   1 1 1.000000e-06 
2020-01-15 10:10:54 | DEBUG |        0.529  1.014822e+00 -2.737514e-01 -6.830778e-02  7.559421e-02 |   2 1 1.000000e-06 
2020-01-15 10:10:54 | DEBUG |        0.529  1.014822e+00 -2.737514e-01 -6.830778e-02  7.559421e-02 |   3 2 2.000000e-06 
2020-01-15 10:10:54 | DEBUG | call of SolverReInit ie a new symbolic and numerical factorization will be performed
2020-01-15 10:10:54 | DEBUG |        0.529  1.014822e+00 -2.737514e-01 -6.830778e-02  7.559421e-02 |   4 2 4.000000e-06 
2020-01-15 10:10:54 | DEBUG | call of SolverReInit ie a new symbolic and numerical factorization will be performed
2020-01-15 10:10:54 | DEBUG |        0.529  1.014822e+00 -2.737514e-01 -6.830778e-02  7.559421e-02 |   5 2 8.000000e-06 
2020-01-15 10:10:54 | DEBUG | call of SolverReInit ie a new symbolic and numerical factorization will be performed
2020-01-15 10:10:54 | DEBUG |        0.529  1.014822e+00 -2.737514e-01 -6.830778e-02  7.559421e-02 |   6 2 1.600000e-05 
2020-01-15 10:10:54 | DEBUG | call of SolverReInit ie a new symbolic and numerical factorization will be performed
2020-01-15 10:10:54 | DEBUG |        0.529  1.014822e+00 -2.737514e-01 -6.830778e-02  7.559421e-02 |   7 2 3.200000e-05 
2020-01-15 10:10:54 | DEBUG | call of SolverReInit ie a new symbolic and numerical factorization will be performed
2020-01-15 10:10:54 | DEBUG |        0.529  1.014822e+00 -2.737515e-01 -6.830778e-02  7.559421e-02 |   8 2 6.400000e-05 
2020-01-15 10:10:54 | DEBUG | call of SolverReInit ie a new symbolic and numerical factorization will be performed
2020-01-15 10:10:54 | DEBUG |        0.530  1.014822e+00 -2.737515e-01 -6.830777e-02  7.559421e-02 |   9 2 1.280000e-04 
2020-01-15 10:10:54 | DEBUG | call of SolverReInit ie a new symbolic and numerical factorization will be performed
2020-01-15 10:10:54 | DEBUG |        0.530  1.014822e+00 -2.737515e-01 -6.830777e-02  7.559421e-02 |  10 2 2.560000e-04 
2020-01-15 10:10:54 | DEBUG | call of SolverReInit ie a new symbolic and numerical factorization will be performed
2020-01-15 10:10:54 | DEBUG |        0.530  1.014822e+00 -2.737515e-01 -6.830777e-02  7.559422e-02 |  11 2 5.120000e-04 
2020-01-15 10:10:54 | DEBUG | call of SolverReInit ie a new symbolic and numerical factorization will be performed
2020-01-15 10:10:54 | DEBUG |        0.531  1.014822e+00 -2.737516e-01 -6.830777e-02  7.559422e-02 |  12 2 1.024000e-03 
2020-01-15 10:10:54 | DEBUG | call of SolverReInit ie a new symbolic and numerical factorization will be performed
2020-01-15 10:10:54 | DEBUG |        0.533  1.014822e+00 -2.737517e-01 -6.830776e-02  7.559424e-02 |  13 2 2.048000e-03 
2020-01-15 10:10:54 | DEBUG | call of SolverReInit ie a new symbolic and numerical factorization will be performed
2020-01-15 10:10:54 | DEBUG |        0.538  1.014822e+00 -2.737520e-01 -6.830775e-02  7.559426e-02 |  14 2 4.096000e-03 
2020-01-15 10:10:54 | DEBUG | call of SolverReInit ie a new symbolic and numerical factorization will be performed
2020-01-15 10:10:54 | DEBUG |        0.546  1.014823e+00 -2.737525e-01 -6.830772e-02  7.559432e-02 |  15 2 8.192000e-03 
2020-01-15 10:10:54 | DEBUG | call of SolverReInit ie a new symbolic and numerical factorization will be performed
2020-01-15 10:10:54 | DEBUG |        0.562  1.014823e+00 -2.737535e-01 -6.830766e-02  7.559442e-02 |  16 2 1.638400e-02 
2020-01-15 10:10:54 | DEBUG | call of SolverReInit ie a new symbolic and numerical factorization will be performed
2020-01-15 10:10:54 | DEBUG |        0.595  1.014823e+00 -2.737557e-01 -6.830753e-02  7.559461e-02 |  17 2 3.276800e-02 
2020-01-15 10:10:54 | DEBUG | call of SolverReInit ie a new symbolic and numerical factorization will be performed
2020-01-15 10:10:54 | DEBUG |        0.660  1.014823e+00 -2.737601e-01 -6.830723e-02  7.559497e-02 |  18 2 6.553600e-02 
2020-01-15 10:10:54 | DEBUG | call of SolverReInit ie a new symbolic and numerical factorization will be performed
2020-01-15 10:10:54 | DEBUG |        0.791  1.014821e+00 -2.737680e-01 -6.830665e-02  7.559551e-02 |  19 2 1.310720e-01 
2020-01-15 10:10:54 | DEBUG | call of SolverReInit ie a new symbolic and numerical factorization will be performed
2020-01-15 10:10:54 | DEBUG |        1.054  1.014818e+00 -2.737734e-01 -6.830618e-02  7.559576e-02 |  20 2 2.621440e-01 
2020-01-15 10:10:54 | DEBUG | call of SolverReInit ie a new symbolic and numerical factorization will be performed
2020-01-15 10:10:54 | DEBUG |        1.578  1.014819e+00 -2.737613e-01 -6.830700e-02  7.559481e-02 |  21 2 5.242880e-01 
2020-01-15 10:10:54 | DEBUG | call of SolverReInit ie a new symbolic and numerical factorization will be performed
2020-01-15 10:10:54 | DEBUG |        2.626  1.014822e+00 -2.737559e-01 -6.830746e-02  7.559454e-02 |  22 1 1.048576e+00 
2020-01-15 10:10:54 | DEBUG | call of SolverReInit ie a new symbolic and numerical factorization will be performed
2020-01-15 10:10:54 | DEBUG |        4.724  1.014821e+00 -2.737588e-01 -6.830727e-02  7.559477e-02 |  23 1 2.097152e+00 
2020-01-15 10:10:54 | DEBUG | call of SolverReInit ie a new symbolic and numerical factorization will be performed
2020-01-15 10:10:54 | DEBUG |        8.918  1.014821e+00 -2.737590e-01 -6.830726e-02  7.559479e-02 |  24 1 4.194304e+00 
2020-01-15 10:10:54 | DEBUG | call of SolverReInit ie a new symbolic and numerical factorization will be performed
2020-01-15 10:10:54 | DEBUG |       17.307  1.014822e+00 -2.737588e-01 -6.830727e-02  7.559479e-02 |  25 1 8.388608e+00 
2020-01-15 10:10:54 | DEBUG |       27.307  1.014822e+00 -2.737587e-01 -6.830728e-02  7.559478e-02 |  26 1 1.000000e+01 
2020-01-15 10:10:54 | DEBUG |       37.307  1.014822e+00 -2.737587e-01 -6.830728e-02  7.559478e-02 |  27 1 1.000000e+01 
2020-01-15 10:10:54 | DEBUG |       47.307  1.014822e+00 -2.737587e-01 -6.830728e-02  7.559478e-02 |  28 1 1.000000e+01 
2020-01-15 10:10:54 | DEBUG |       57.307  1.014822e+00 -2.737587e-01 -6.830728e-02  7.559478e-02 |  29 1 1.000000e+01 
2020-01-15 10:10:54 | DEBUG |       67.307  1.014822e+00 -2.737587e-01 -6.830728e-02  7.559478e-02 |  30 1 1.000000e+01 
2020-01-15 10:10:54 | DEBUG |       77.307  1.014822e+00 -2.737587e-01 -6.830728e-02  7.559478e-02 |  31 1 1.000000e+01 
2020-01-15 10:10:54 | DEBUG |       87.307  1.014822e+00 -2.737587e-01 -6.830728e-02  7.559478e-02 |  32 1 1.000000e+01 
2020-01-15 10:10:54 | DEBUG |       97.307  1.014822e+00 -2.737587e-01 -6.830728e-02  7.559478e-02 |  33 1 1.000000e+01 
2020-01-15 10:10:54 | DEBUG | call of SolverReInit ie a new symbolic and numerical factorization will be performed
2020-01-15 10:10:54 | DEBUG |      100.000  1.014822e+00 -2.737587e-01 -6.830728e-02  7.559478e-02 |  34 1 2.693469e+00 
2020-01-15 10:10:54 | DEBUG | 
2020-01-15 10:10:54 | DEBUG | execution Stats :
2020-01-15 10:10:54 | DEBUG | 
2020-01-15 10:10:54 | DEBUG | number of iterations                     = 71
2020-01-15 10:10:54 | DEBUG | number of Residual evaluations           = 92
2020-01-15 10:10:54 | DEBUG | number of Jacobian evaluations           = 59
2020-01-15 10:10:54 | DEBUG | number of Nonlinear iterations           = 90
2020-01-15 10:10:54 | DEBUG | number of error test failures            = 0
2020-01-15 10:10:54 | DEBUG | number of Nonlinear convergence failures = 0
2020-01-15 10:10:54 | DEBUG | number of root functions evaluations     = 182
2020-01-15 10:10:54 | DEBUG | end of job 'IEEE14 - MacroStaticRefs'
