2021-04-28 17:18:46 | INFO |  ============================================================ 
2021-04-28 17:18:46 | INFO | DYNAWO VERSION  :     1.3.0
2021-04-28 17:18:46 | INFO | DYNAWO REVISION :  1472_delete_deactiavteTransformer_variable-d204055c
2021-04-28 17:18:46 | INFO |  ============================================================ 
2021-04-28 17:18:46 | INFO | 
2021-04-28 17:18:46 | INFO | -----------------------------------------------------------------------
2021-04-28 17:18:46 | INFO | building model from input files
2021-04-28 17:18:46 | INFO | -----------------------------------------------------------------------
2021-04-28 17:18:46 | INFO | model was built successfully
2021-04-28 17:18:46 | INFO | -----------------------------------------------------------------------
2021-04-28 17:18:46 | INFO | 
2021-04-28 17:18:46 | INFO | -----------------------------------------------------------------------
2021-04-28 17:18:46 | INFO | starting local initialization
2021-04-28 17:18:46 | INFO | -----------------------------------------------------------------------
2021-04-28 17:18:46 | DEBUG | keep SubNetworks num : 0
2021-04-28 17:18:46 | DEBUG | ------------------------------
2021-04-28 17:18:46 | DEBUG | starting local initialization of model GEN____1_SM
2021-04-28 17:18:46 | DEBUG | local initialization of model GEN____1_SM ended successfully
2021-04-28 17:18:46 | DEBUG | ------------------------------
2021-04-28 17:18:46 | DEBUG | starting local initialization of model GEN____2_SM
2021-04-28 17:18:46 | DEBUG | local initialization of model GEN____2_SM ended successfully
2021-04-28 17:18:46 | DEBUG | ------------------------------
2021-04-28 17:18:46 | DEBUG | starting local initialization of model GEN____3_SM
2021-04-28 17:18:46 | DEBUG | local initialization of model GEN____3_SM ended successfully
2021-04-28 17:18:46 | DEBUG | ------------------------------
2021-04-28 17:18:46 | DEBUG | starting local initialization of model GEN____6_SM
2021-04-28 17:18:46 | DEBUG | local initialization of model GEN____6_SM ended successfully
2021-04-28 17:18:46 | DEBUG | ------------------------------
2021-04-28 17:18:46 | DEBUG | starting local initialization of model GEN____8_SM
2021-04-28 17:18:46 | DEBUG | local initialization of model GEN____8_SM ended successfully
2021-04-28 17:18:46 | DEBUG | ------------------------------
2021-04-28 17:18:46 | DEBUG | starting local initialization of model _LOAD__10_EC
2021-04-28 17:18:46 | DEBUG | local initialization of model _LOAD__10_EC ended successfully
2021-04-28 17:18:46 | DEBUG | ------------------------------
2021-04-28 17:18:46 | DEBUG | starting local initialization of model _LOAD__11_EC
2021-04-28 17:18:46 | DEBUG | local initialization of model _LOAD__11_EC ended successfully
2021-04-28 17:18:46 | DEBUG | ------------------------------
2021-04-28 17:18:46 | DEBUG | starting local initialization of model _LOAD__12_EC
2021-04-28 17:18:46 | DEBUG | local initialization of model _LOAD__12_EC ended successfully
2021-04-28 17:18:46 | DEBUG | ------------------------------
2021-04-28 17:18:46 | DEBUG | starting local initialization of model _LOAD__13_EC
2021-04-28 17:18:46 | DEBUG | local initialization of model _LOAD__13_EC ended successfully
2021-04-28 17:18:46 | DEBUG | ------------------------------
2021-04-28 17:18:46 | DEBUG | starting local initialization of model _LOAD__14_EC
2021-04-28 17:18:46 | DEBUG | local initialization of model _LOAD__14_EC ended successfully
2021-04-28 17:18:46 | DEBUG | ------------------------------
2021-04-28 17:18:46 | DEBUG | starting local initialization of model _LOAD___2_EC
2021-04-28 17:18:46 | DEBUG | local initialization of model _LOAD___2_EC ended successfully
2021-04-28 17:18:46 | DEBUG | ------------------------------
2021-04-28 17:18:46 | DEBUG | starting local initialization of model _LOAD___3_EC
2021-04-28 17:18:46 | DEBUG | local initialization of model _LOAD___3_EC ended successfully
2021-04-28 17:18:46 | DEBUG | ------------------------------
2021-04-28 17:18:46 | DEBUG | starting local initialization of model _LOAD___4_EC
2021-04-28 17:18:46 | DEBUG | local initialization of model _LOAD___4_EC ended successfully
2021-04-28 17:18:46 | DEBUG | ------------------------------
2021-04-28 17:18:46 | DEBUG | starting local initialization of model _LOAD___5_EC
2021-04-28 17:18:46 | DEBUG | local initialization of model _LOAD___5_EC ended successfully
2021-04-28 17:18:46 | DEBUG | ------------------------------
2021-04-28 17:18:46 | DEBUG | starting local initialization of model _LOAD___6_EC
2021-04-28 17:18:46 | DEBUG | local initialization of model _LOAD___6_EC ended successfully
2021-04-28 17:18:46 | DEBUG | ------------------------------
2021-04-28 17:18:46 | DEBUG | starting local initialization of model _LOAD___9_EC
2021-04-28 17:18:46 | DEBUG | local initialization of model _LOAD___9_EC ended successfully
2021-04-28 17:18:46 | INFO | end of local initialization
2021-04-28 17:18:46 | INFO | -----------------------------------------------------------------------
2021-04-28 17:18:46 | INFO | 
2021-04-28 17:18:46 | INFO | -----------------------------------------------------------------------
2021-04-28 17:18:46 | INFO | starting global initialization
2021-04-28 17:18:46 | INFO | -----------------------------------------------------------------------
2021-04-28 17:18:46 | DEBUG | initialization of IDA solver : ok
2021-04-28 17:18:46 | DEBUG | call of SolverReInit ie a new symbolic and numerical factorization will be performed
2021-04-28 17:18:46 | DEBUG | call of SolverReInit ie a new symbolic and numerical factorization will be performed
2021-04-28 17:18:46 | INFO | end of global initialization
2021-04-28 17:18:46 | INFO | -----------------------------------------------------------------------
2021-04-28 17:18:46 | INFO | 
2021-04-28 17:18:46 | INFO | -----------------------------------------------------------------------
2021-04-28 17:18:46 | INFO | starting curve initialization
2021-04-28 17:18:46 | INFO | -----------------------------------------------------------------------
2021-04-28 17:18:46 | DEBUG | adding curve : Id: NETWORK; curve: _BUS____1_TN_Upu_value found. (exact name)
2021-04-28 17:18:46 | DEBUG | adding curve : Id: NETWORK; curve: _BUS____2_TN_Upu_value found. (exact name)
2021-04-28 17:18:46 | DEBUG | adding curve : Id: NETWORK; curve: _BUS____3_TN_Upu_value found. (exact name)
2021-04-28 17:18:46 | DEBUG | adding curve : Id: NETWORK; curve: _BUS____4_TN_Upu_value found. (exact name)
2021-04-28 17:18:46 | DEBUG | adding curve : Id: NETWORK; curve: _BUS____5_TN_Upu_value found. (exact name)
2021-04-28 17:18:46 | DEBUG | adding curve : Id: NETWORK; curve: _BUS____6_TN_Upu_value found. (exact name)
2021-04-28 17:18:46 | DEBUG | adding curve : Id: NETWORK; curve: _BUS____7_TN_Upu_value found. (exact name)
2021-04-28 17:18:46 | DEBUG | adding curve : Id: NETWORK; curve: _BUS____8_TN_Upu_value found. (exact name)
2021-04-28 17:18:46 | DEBUG | adding curve : Id: NETWORK; curve: _BUS____9_TN_Upu_value found. (exact name)
2021-04-28 17:18:46 | DEBUG | adding curve : Id: NETWORK; curve: _BUS___10_TN_Upu_value found. (exact name)
2021-04-28 17:18:46 | DEBUG | adding curve : Id: NETWORK; curve: _BUS___11_TN_Upu_value found. (exact name)
2021-04-28 17:18:46 | DEBUG | adding curve : Id: NETWORK; curve: _BUS___12_TN_Upu_value found. (exact name)
2021-04-28 17:18:46 | DEBUG | adding curve : Id: NETWORK; curve: _BUS___13_TN_Upu_value found. (exact name)
2021-04-28 17:18:46 | DEBUG | adding curve : Id: NETWORK; curve: _BUS___14_TN_Upu_value found. (exact name)
2021-04-28 17:18:46 | DEBUG | adding curve : Id: GEN____1_SM; output: generator_omegaPu found.( generator_omegaPu_value )
2021-04-28 17:18:46 | DEBUG | adding curve : Id: GEN____2_SM; output: generator_omegaPu found.( generator_omegaPu_value )
2021-04-28 17:18:46 | DEBUG | adding curve : Id: GEN____3_SM; output: generator_omegaPu found.( generator_omegaPu_value )
2021-04-28 17:18:46 | DEBUG | adding curve : Id: GEN____6_SM; output: generator_omegaPu found.( generator_omegaPu_value )
2021-04-28 17:18:46 | DEBUG | adding curve : Id: GEN____8_SM; output: generator_omegaPu found.( generator_omegaPu_value )
2021-04-28 17:18:46 | DEBUG | adding curve : Id: GEN____1_SM; curve: generator_PGen found. (exact name)
2021-04-28 17:18:46 | DEBUG | adding curve : Id: GEN____6_SM; curve: generator_PGen found. (exact name)
2021-04-28 17:18:46 | DEBUG | adding curve : Id: GEN____2_SM; curve: generator_PGen found. (exact name)
2021-04-28 17:18:46 | DEBUG | adding curve : Id: GEN____3_SM; curve: generator_PGen found. (exact name)
2021-04-28 17:18:46 | DEBUG | adding curve : Id: GEN____8_SM; curve: generator_PGen found. (exact name)
2021-04-28 17:18:46 | DEBUG | adding curve : Id: GEN____1_SM; curve: generator_QGen found. (exact name)
2021-04-28 17:18:46 | DEBUG | adding curve : Id: GEN____2_SM; curve: generator_QGen found. (exact name)
2021-04-28 17:18:46 | DEBUG | adding curve : Id: GEN____3_SM; curve: generator_QGen found. (exact name)
2021-04-28 17:18:46 | DEBUG | adding curve : Id: GEN____6_SM; curve: generator_QGen found. (exact name)
2021-04-28 17:18:46 | DEBUG | adding curve : Id: GEN____8_SM; curve: generator_QGen found. (exact name)
2021-04-28 17:18:46 | DEBUG | adding curve : Id: _LOAD___5_EC; curve: load_PPu found. (exact name)
2021-04-28 17:18:46 | DEBUG | adding curve : Id: _LOAD___5_EC; curve: load_QPu found. (exact name)
2021-04-28 17:18:46 | DEBUG | adding curve : Id: NETWORK; output: _BUS____5-BUS____6-1_PT_step found.( _BUS____5-BUS____6-1_PT_step_value )
2021-04-28 17:18:46 | INFO | end of curve initialization, added 32 curves
2021-04-28 17:18:46 | INFO | -----------------------------------------------------------------------
2021-04-28 17:18:46 | INFO | 
2021-04-28 17:18:46 | INFO | -----------------------------------------------------------------------
2021-04-28 17:18:46 | INFO | starting simulation with solver IDASolver
2021-04-28 17:18:46 | INFO | -----------------------------------------------------------------------
2021-04-28 17:18:46 | INFO | -----------------------------------------------------------------------
2021-04-28 17:18:46 | INFO | number of continuous variables : 365
2021-04-28 17:18:46 | INFO | number of discrete variables : 260
2021-04-28 17:18:46 | INFO | number of root functions : 221
2021-04-28 17:18:46 | INFO | -----------------------------------------------------------------------
2021-04-28 17:18:46 | INFO |         time | iter num   order (k)      time step (h)
2021-04-28 17:18:46 | INFO | -----------------------------------------------------------------------
2021-04-28 17:18:46 | INFO |        0.000 |        0           0              0.010 
2021-04-28 17:18:46 | INFO |        0.000 |        1           1              0.000 
2021-04-28 17:18:46 | DEBUG | largest derivative values (truncated to the first 10) at the current iteration
2021-04-28 17:18:46 | DEBUG | YP[203]=1.97986 (variable=GEN____6_SM_generator_iDPu)
2021-04-28 17:18:46 | DEBUG | YP[230]=-1.8521 (variable=GEN____6_SM_voltageRegulator_EfdPu)
2021-04-28 17:18:46 | DEBUG | YP[233]=-1.8521 (variable=GEN____6_SM_voltageRegulator_gain_y)
2021-04-28 17:18:46 | DEBUG | YP[207]=-0.850336 (variable=GEN____6_SM_generator_ifPu)
2021-04-28 17:18:46 | DEBUG | YP[206]=-0.519165 (variable=GEN____6_SM_generator_idPu)
2021-04-28 17:18:46 | DEBUG | YP[204]=0.479359 (variable=GEN____6_SM_generator_iQ1Pu)
2021-04-28 17:18:46 | DEBUG | YP[218]=0.449991 (variable=GEN____6_SM_generator_terminal_i_im)
2021-04-28 17:18:46 | DEBUG | YP[45]=-0.442124 (variable=NETWORK__BUS____6_TN_PWPIN_ii)
2021-04-28 17:18:46 | DEBUG | YP[200]=0.254214 (variable=GEN____6_SM_generator_cePu)
2021-04-28 17:18:46 | DEBUG | YP[208]=-0.241276 (variable=GEN____6_SM_generator_iqPu)
2021-04-28 17:18:46 | INFO |        0.000 |        2           1              0.000 
2021-04-28 17:18:46 | INFO |        0.000 |        3           2              0.000 
2021-04-28 17:18:46 | INFO |        0.000 |        4           2              0.000 
2021-04-28 17:18:46 | INFO |        0.000 |        5           2              0.000 
2021-04-28 17:18:46 | INFO |        0.000 |        6           2              0.000 
2021-04-28 17:18:46 | INFO |        0.000 |        7           2              0.000 
2021-04-28 17:18:46 | INFO |        0.000 |        8           2              0.000 
2021-04-28 17:18:46 | INFO |        0.000 |        9           2              0.000 
2021-04-28 17:18:46 | INFO |        0.001 |       10           2              0.000 
2021-04-28 17:18:46 | INFO |        0.001 |       11           2              0.001 
2021-04-28 17:18:46 | INFO |        0.002 |       12           2              0.001 
2021-04-28 17:18:46 | INFO |        0.004 |       13           2              0.002 
2021-04-28 17:18:46 | INFO |        0.008 |       14           2              0.004 
2021-04-28 17:18:46 | INFO |        0.016 |       15           2              0.008 
2021-04-28 17:18:46 | DEBUG | call of SolverReInit ie a new symbolic and numerical factorization will be performed
2021-04-28 17:18:46 | DEBUG | Algebraic mode change for model GEN____8_SM at t = 0.0270473
2021-04-28 17:18:46 | INFO | Algebraic mode change at t = 0.0270473
2021-04-28 17:18:46 | INFO |        0.027 |       16           2              0.016 
2021-04-28 17:18:46 | INFO | calculation of the new starting point of the simulation.
2021-04-28 17:18:46 | INFO |        0.027 |        0           0              0.000 
2021-04-28 17:18:46 | DEBUG | largest derivative values (truncated to the first 10) at the current iteration
2021-04-28 17:18:46 | DEBUG | YP[192]=0.00106392 (variable=GEN____6_SM_generator_lambdafPu)
2021-04-28 17:18:46 | DEBUG | YP[189]=-0.000687909 (variable=GEN____6_SM_generator_lambdaDPu)
2021-04-28 17:18:46 | DEBUG | YP[54]=0.000300307 (variable=GEN____1_SM_generator_lambdaDPu)
2021-04-28 17:18:46 | DEBUG | YP[234]=0.000272394 (variable=GEN____8_SM_generator_lambdaDPu)
2021-04-28 17:18:46 | DEBUG | YP[101]=-0.000249206 (variable=GEN____2_SM_generator_lambdaQ2Pu)
2021-04-28 17:18:46 | DEBUG | YP[99]=-0.000194521 (variable=GEN____2_SM_generator_lambdaDPu)
2021-04-28 17:18:46 | DEBUG | YP[190]=-0.000136945 (variable=GEN____6_SM_generator_lambdaQ1Pu)
2021-04-28 17:18:46 | DEBUG | YP[146]=0.000122227 (variable=GEN____3_SM_generator_lambdaQ2Pu)
2021-04-28 17:18:46 | DEBUG | YP[57]=0.000118674 (variable=GEN____1_SM_generator_lambdafPu)
2021-04-28 17:18:46 | DEBUG | YP[237]=-0.00011288 (variable=GEN____8_SM_generator_lambdafPu)
2021-04-28 17:18:46 | DEBUG | call of SolverReInit ie a new symbolic and numerical factorization will be performed
2021-04-28 17:18:46 | INFO |        0.027 |        1           1              0.000 
2021-04-28 17:18:46 | INFO |        0.027 |        2           1              0.000 
2021-04-28 17:18:46 | INFO |        0.027 |        3           2              0.000 
2021-04-28 17:18:46 | DEBUG | call of SolverReInit ie a new symbolic and numerical factorization will be performed
2021-04-28 17:18:46 | INFO |        0.027 |        4           2              0.000 
2021-04-28 17:18:46 | INFO |        0.027 |        5           2              0.000 
2021-04-28 17:18:46 | INFO |        0.027 |        6           2              0.000 
2021-04-28 17:18:46 | DEBUG | call of SolverReInit ie a new symbolic and numerical factorization will be performed
2021-04-28 17:18:46 | INFO |        0.027 |        7           2              0.000 
2021-04-28 17:18:46 | INFO |        0.027 |        8           2              0.000 
2021-04-28 17:18:46 | INFO |        0.027 |        9           2              0.000 
2021-04-28 17:18:46 | INFO |        0.028 |       10           2              0.000 
2021-04-28 17:18:46 | INFO |        0.028 |       11           2              0.001 
2021-04-28 17:18:46 | INFO |        0.029 |       12           2              0.001 
2021-04-28 17:18:46 | DEBUG | call of SolverReInit ie a new symbolic and numerical factorization will be performed
2021-04-28 17:18:46 | INFO |        0.031 |       13           2              0.002 
2021-04-28 17:18:46 | INFO |        0.031 |       13           2              0.002 
2021-04-28 17:18:46 | INFO |        0.031 |       13           2              0.002 
2021-04-28 17:18:46 | INFO |        0.035 |       14           2              0.004 
2021-04-28 17:18:46 | INFO |        0.043 |       15           2              0.008 
2021-04-28 17:18:46 | DEBUG | call of SolverReInit ie a new symbolic and numerical factorization will be performed
2021-04-28 17:18:46 | DEBUG | Algebraic mode change for model GEN____3_SM at t = 0.0528381
2021-04-28 17:18:46 | INFO | Algebraic mode change at t = 0.0528381
2021-04-28 17:18:46 | INFO |        0.053 |       16           2              0.016 
2021-04-28 17:18:46 | INFO | calculation of the new starting point of the simulation.
2021-04-28 17:18:46 | INFO |        0.053 |        0           0              0.000 
2021-04-28 17:18:46 | DEBUG | largest derivative values (truncated to the first 10) at the current iteration
2021-04-28 17:18:46 | DEBUG | YP[192]=0.00100572 (variable=GEN____6_SM_generator_lambdafPu)
2021-04-28 17:18:46 | DEBUG | YP[54]=0.000223156 (variable=GEN____1_SM_generator_lambdaDPu)
2021-04-28 17:18:46 | DEBUG | YP[234]=0.000189143 (variable=GEN____8_SM_generator_lambdaDPu)
2021-04-28 17:18:46 | DEBUG | YP[101]=-0.000163494 (variable=GEN____2_SM_generator_lambdaQ2Pu)
2021-04-28 17:18:46 | DEBUG | YP[107]=-0.000138626 (variable=GEN____2_SM_generator_theta)
2021-04-28 17:18:46 | DEBUG | YP[100]=-0.00011289 (variable=GEN____2_SM_generator_lambdaQ1Pu)
2021-04-28 17:18:46 | DEBUG | YP[57]=0.000110661 (variable=GEN____1_SM_generator_lambdafPu)
2021-04-28 17:18:46 | DEBUG | YP[237]=-0.000109818 (variable=GEN____8_SM_generator_lambdafPu)
2021-04-28 17:18:46 | DEBUG | YP[197]=-0.000100706 (variable=GEN____6_SM_generator_theta)
2021-04-28 17:18:46 | DEBUG | YP[99]=-0.000100307 (variable=GEN____2_SM_generator_lambdaDPu)
2021-04-28 17:18:46 | DEBUG | call of SolverReInit ie a new symbolic and numerical factorization will be performed
2021-04-28 17:18:46 | INFO |        0.053 |        1           1              0.000 
2021-04-28 17:18:46 | INFO |        0.053 |        2           1              0.000 
2021-04-28 17:18:46 | INFO |        0.053 |        3           2              0.000 
2021-04-28 17:18:46 | DEBUG | call of SolverReInit ie a new symbolic and numerical factorization will be performed
2021-04-28 17:18:46 | INFO |        0.053 |        4           2              0.000 
2021-04-28 17:18:46 | INFO |        0.053 |        5           2              0.000 
2021-04-28 17:18:46 | INFO |        0.053 |        6           2              0.000 
2021-04-28 17:18:46 | DEBUG | call of SolverReInit ie a new symbolic and numerical factorization will be performed
2021-04-28 17:18:46 | INFO |        0.053 |        7           2              0.000 
2021-04-28 17:18:46 | INFO |        0.053 |        8           2              0.000 
2021-04-28 17:18:46 | INFO |        0.053 |        9           2              0.000 
2021-04-28 17:18:46 | INFO |        0.053 |       10           2              0.000 
2021-04-28 17:18:46 | INFO |        0.054 |       11           2              0.001 
2021-04-28 17:18:46 | INFO |        0.055 |       12           2              0.001 
2021-04-28 17:18:46 | INFO |        0.057 |       13           2              0.002 
2021-04-28 17:18:46 | INFO |        0.061 |       14           2              0.004 
2021-04-28 17:18:46 | INFO |        0.069 |       15           2              0.008 
2021-04-28 17:18:46 | INFO |        0.086 |       16           2              0.016 
2021-04-28 17:18:46 | INFO |        0.118 |       17           2              0.033 
2021-04-28 17:18:46 | INFO |        0.184 |       18           2              0.066 
2021-04-28 17:18:46 | DEBUG | Algebraic mode change for model GEN____8_SM at t = 0.294684
2021-04-28 17:18:46 | INFO | Algebraic mode change at t = 0.294684
2021-04-28 17:18:46 | INFO |        0.295 |       19           2              0.131 
2021-04-28 17:18:46 | INFO | calculation of the new starting point of the simulation.
2021-04-28 17:18:46 | INFO |        0.295 |        0           0              0.000 
2021-04-28 17:18:46 | DEBUG | largest derivative values (truncated to the first 10) at the current iteration
2021-04-28 17:18:46 | DEBUG | YP[192]=0.000471248 (variable=GEN____6_SM_generator_lambdafPu)
2021-04-28 17:18:46 | DEBUG | YP[107]=-0.000324775 (variable=GEN____2_SM_generator_theta)
2021-04-28 17:18:46 | DEBUG | YP[189]=0.000250225 (variable=GEN____6_SM_generator_lambdaDPu)
2021-04-28 17:18:46 | DEBUG | YP[152]=0.000203085 (variable=GEN____3_SM_generator_theta)
2021-04-28 17:18:46 | DEBUG | YP[197]=-0.000192498 (variable=GEN____6_SM_generator_theta)
2021-04-28 17:18:46 | DEBUG | YP[237]=-8.17959e-05 (variable=GEN____8_SM_generator_lambdafPu)
2021-04-28 17:18:46 | DEBUG | YP[101]=7.89015e-05 (variable=GEN____2_SM_generator_lambdaQ2Pu)
2021-04-28 17:18:46 | DEBUG | YP[190]=6.05598e-05 (variable=GEN____6_SM_generator_lambdaQ1Pu)
2021-04-28 17:18:46 | DEBUG | YP[56]=-5.9505e-05 (variable=GEN____1_SM_generator_lambdaQ2Pu)
2021-04-28 17:18:46 | DEBUG | YP[57]=5.93152e-05 (variable=GEN____1_SM_generator_lambdafPu)
2021-04-28 17:18:46 | DEBUG | call of SolverReInit ie a new symbolic and numerical factorization will be performed
2021-04-28 17:18:46 | INFO |        0.295 |        1           1              0.000 
2021-04-28 17:18:46 | INFO |        0.295 |        2           1              0.000 
2021-04-28 17:18:46 | INFO |        0.295 |        3           2              0.000 
2021-04-28 17:18:46 | DEBUG | call of SolverReInit ie a new symbolic and numerical factorization will be performed
2021-04-28 17:18:46 | INFO |        0.295 |        4           2              0.000 
2021-04-28 17:18:46 | INFO |        0.295 |        5           2              0.000 
2021-04-28 17:18:46 | INFO |        0.295 |        6           2              0.000 
2021-04-28 17:18:46 | DEBUG | call of SolverReInit ie a new symbolic and numerical factorization will be performed
2021-04-28 17:18:46 | INFO |        0.295 |        7           2              0.000 
2021-04-28 17:18:46 | INFO |        0.295 |        8           2              0.000 
2021-04-28 17:18:46 | INFO |        0.295 |        9           2              0.000 
2021-04-28 17:18:46 | INFO |        0.295 |       10           2              0.000 
2021-04-28 17:18:46 | INFO |        0.296 |       11           2              0.001 
2021-04-28 17:18:46 | INFO |        0.297 |       12           2              0.001 
2021-04-28 17:18:46 | INFO |        0.299 |       13           2              0.002 
2021-04-28 17:18:46 | INFO |        0.303 |       14           2              0.004 
2021-04-28 17:18:46 | INFO |        0.311 |       15           2              0.008 
2021-04-28 17:18:46 | INFO |        0.327 |       16           2              0.016 
2021-04-28 17:18:46 | DEBUG | call of SolverReInit ie a new symbolic and numerical factorization will be performed
2021-04-28 17:18:46 | INFO |        0.348 |       17           2              0.033 
2021-04-28 17:18:46 | INFO |        0.348 |       17           2              0.033 
2021-04-28 17:18:46 | INFO |        0.360 |       17           2              0.033 
2021-04-28 17:18:46 | INFO |        0.426 |       18           2              0.066 
2021-04-28 17:18:46 | INFO |        0.557 |       19           2              0.131 
2021-04-28 17:18:46 | DEBUG | call of SolverReInit ie a new symbolic and numerical factorization will be performed
2021-04-28 17:18:46 | DEBUG | Algebraic mode change for model GEN____3_SM at t = 0.793986
2021-04-28 17:18:46 | INFO | Algebraic mode change at t = 0.793986
2021-04-28 17:18:46 | INFO |        0.794 |       20           2              0.262 
2021-04-28 17:18:46 | INFO | calculation of the new starting point of the simulation.
2021-04-28 17:18:46 | DEBUG | call of SolverReInit ie a new symbolic and numerical factorization will be performed
2021-04-28 17:18:46 | INFO |        0.794 |        0           0              0.000 
2021-04-28 17:18:46 | DEBUG | largest derivative values (truncated to the first 10) at the current iteration
2021-04-28 17:18:46 | DEBUG | YP[62]=-0.000141836 (variable=GEN____1_SM_generator_theta)
2021-04-28 17:18:46 | DEBUG | YP[107]=8.99016e-05 (variable=GEN____2_SM_generator_theta)
2021-04-28 17:18:46 | DEBUG | YP[197]=7.55977e-05 (variable=GEN____6_SM_generator_theta)
2021-04-28 17:18:46 | DEBUG | YP[192]=7.52036e-05 (variable=GEN____6_SM_generator_lambdafPu)
2021-04-28 17:18:46 | DEBUG | YP[152]=5.42148e-05 (variable=GEN____3_SM_generator_theta)
2021-04-28 17:18:46 | DEBUG | YP[189]=4.12774e-05 (variable=GEN____6_SM_generator_lambdaDPu)
2021-04-28 17:18:46 | DEBUG | YP[190]=-3.8529e-05 (variable=GEN____6_SM_generator_lambdaQ1Pu)
2021-04-28 17:18:46 | DEBUG | YP[145]=-3.71842e-05 (variable=GEN____3_SM_generator_lambdaQ1Pu)
2021-04-28 17:18:46 | DEBUG | YP[146]=-3.69068e-05 (variable=GEN____3_SM_generator_lambdaQ2Pu)
2021-04-28 17:18:46 | DEBUG | YP[237]=-3.64111e-05 (variable=GEN____8_SM_generator_lambdafPu)
2021-04-28 17:18:46 | DEBUG | call of SolverReInit ie a new symbolic and numerical factorization will be performed
2021-04-28 17:18:46 | INFO |        0.794 |        1           1              0.000 
2021-04-28 17:18:46 | INFO |        0.794 |        2           1              0.000 
2021-04-28 17:18:46 | INFO |        0.794 |        3           2              0.000 
2021-04-28 17:18:46 | DEBUG | call of SolverReInit ie a new symbolic and numerical factorization will be performed
2021-04-28 17:18:46 | INFO |        0.794 |        4           2              0.000 
2021-04-28 17:18:46 | INFO |        0.794 |        5           2              0.000 
2021-04-28 17:18:46 | INFO |        0.794 |        6           2              0.000 
2021-04-28 17:18:46 | DEBUG | call of SolverReInit ie a new symbolic and numerical factorization will be performed
2021-04-28 17:18:46 | INFO |        0.794 |        7           2              0.000 
2021-04-28 17:18:46 | INFO |        0.794 |        8           2              0.000 
2021-04-28 17:18:46 | INFO |        0.794 |        9           2              0.000 
2021-04-28 17:18:46 | INFO |        0.794 |       10           2              0.000 
2021-04-28 17:18:46 | INFO |        0.795 |       11           2              0.001 
2021-04-28 17:18:46 | INFO |        0.796 |       12           2              0.001 
2021-04-28 17:18:46 | INFO |        0.798 |       13           2              0.002 
2021-04-28 17:18:46 | INFO |        0.802 |       14           2              0.004 
2021-04-28 17:18:46 | INFO |        0.810 |       15           2              0.008 
2021-04-28 17:18:46 | INFO |        0.827 |       16           2              0.016 
2021-04-28 17:18:46 | DEBUG | call of SolverReInit ie a new symbolic and numerical factorization will be performed
2021-04-28 17:18:46 | INFO |        0.829 |       17           2              0.033 
2021-04-28 17:18:46 | INFO |        0.829 |       17           2              0.033 
2021-04-28 17:18:46 | INFO |        0.835 |       17           2              0.033 
2021-04-28 17:18:46 | INFO |        0.835 |       17           2              0.033 
2021-04-28 17:18:46 | INFO |        0.860 |       17           2              0.033 
2021-04-28 17:18:46 | DEBUG | call of SolverReInit ie a new symbolic and numerical factorization will be performed
2021-04-28 17:18:46 | DEBUG | Algebraic mode change for model GEN____8_SM at t = 0.882339
2021-04-28 17:18:46 | INFO | Algebraic mode change at t = 0.882339
2021-04-28 17:18:46 | INFO |        0.882 |       18           2              0.066 
2021-04-28 17:18:46 | INFO | calculation of the new starting point of the simulation.
2021-04-28 17:18:46 | INFO |        0.882 |        0           0              0.000 
2021-04-28 17:18:46 | DEBUG | largest derivative values (truncated to the first 10) at the current iteration
2021-04-28 17:18:46 | DEBUG | YP[107]=0.000115551 (variable=GEN____2_SM_generator_theta)
2021-04-28 17:18:46 | DEBUG | YP[62]=-0.000103535 (variable=GEN____1_SM_generator_theta)
2021-04-28 17:18:46 | DEBUG | YP[192]=4.41506e-05 (variable=GEN____6_SM_generator_lambdafPu)
2021-04-28 17:18:46 | DEBUG | YP[197]=4.26952e-05 (variable=GEN____6_SM_generator_theta)
2021-04-28 17:18:46 | DEBUG | YP[145]=-3.1689e-05 (variable=GEN____3_SM_generator_lambdaQ1Pu)
2021-04-28 17:18:46 | DEBUG | YP[237]=-3.02722e-05 (variable=GEN____8_SM_generator_lambdafPu)
2021-04-28 17:18:46 | DEBUG | YP[146]=-2.60143e-05 (variable=GEN____3_SM_generator_lambdaQ2Pu)
2021-04-28 17:18:46 | DEBUG | YP[234]=-2.36639e-05 (variable=GEN____8_SM_generator_lambdaDPu)
2021-04-28 17:18:46 | DEBUG | YP[56]=2.24195e-05 (variable=GEN____1_SM_generator_lambdaQ2Pu)
2021-04-28 17:18:46 | DEBUG | YP[189]=2.17719e-05 (variable=GEN____6_SM_generator_lambdaDPu)
2021-04-28 17:18:46 | DEBUG | call of SolverReInit ie a new symbolic and numerical factorization will be performed
2021-04-28 17:18:46 | INFO |        0.882 |        1           1              0.000 
2021-04-28 17:18:46 | INFO |        0.882 |        2           1              0.000 
2021-04-28 17:18:46 | INFO |        0.882 |        3           2              0.000 
2021-04-28 17:18:46 | DEBUG | call of SolverReInit ie a new symbolic and numerical factorization will be performed
2021-04-28 17:18:46 | INFO |        0.882 |        4           2              0.000 
2021-04-28 17:18:46 | INFO |        0.882 |        5           2              0.000 
2021-04-28 17:18:46 | INFO |        0.882 |        6           2              0.000 
2021-04-28 17:18:46 | DEBUG | call of SolverReInit ie a new symbolic and numerical factorization will be performed
2021-04-28 17:18:46 | INFO |        0.882 |        7           2              0.000 
2021-04-28 17:18:46 | INFO |        0.882 |        8           2              0.000 
2021-04-28 17:18:46 | INFO |        0.883 |        9           2              0.000 
2021-04-28 17:18:46 | INFO |        0.883 |       10           2              0.000 
2021-04-28 17:18:46 | INFO |        0.883 |       11           2              0.001 
2021-04-28 17:18:46 | INFO |        0.884 |       12           2              0.001 
2021-04-28 17:18:46 | INFO |        0.886 |       13           2              0.002 
2021-04-28 17:18:46 | INFO |        0.891 |       14           2              0.004 
2021-04-28 17:18:46 | INFO |        0.899 |       15           2              0.008 
2021-04-28 17:18:46 | INFO |        0.915 |       16           2              0.016 
2021-04-28 17:18:46 | INFO |        0.948 |       17           2              0.033 
2021-04-28 17:18:46 | INFO |        1.013 |       18           2              0.066 
2021-04-28 17:18:46 | INFO |        1.144 |       19           2              0.131 
2021-04-28 17:18:46 | INFO |        1.407 |       20           2              0.262 
2021-04-28 17:18:46 | DEBUG | call of SolverReInit ie a new symbolic and numerical factorization will be performed
2021-04-28 17:18:46 | DEBUG | Algebraic mode change for model GEN____8_SM at t = 1.77349
2021-04-28 17:18:46 | INFO | Algebraic mode change at t = 1.77349
2021-04-28 17:18:46 | INFO |        1.773 |       21           1              0.524 
2021-04-28 17:18:46 | INFO | calculation of the new starting point of the simulation.
2021-04-28 17:18:46 | INFO |        1.773 |        0           0              0.000 
2021-04-28 17:18:46 | DEBUG | largest derivative values (truncated to the first 10) at the current iteration
2021-04-28 17:18:46 | DEBUG | YP[62]=3.03285e-05 (variable=GEN____1_SM_generator_theta)
2021-04-28 17:18:46 | DEBUG | YP[56]=-1.64349e-05 (variable=GEN____1_SM_generator_lambdaQ2Pu)
2021-04-28 17:18:46 | DEBUG | YP[55]=-1.3777e-05 (variable=GEN____1_SM_generator_lambdaQ1Pu)
2021-04-28 17:18:46 | DEBUG | YP[152]=-1.36163e-05 (variable=GEN____3_SM_generator_theta)
2021-04-28 17:18:46 | DEBUG | YP[197]=1.26836e-05 (variable=GEN____6_SM_generator_theta)
2021-04-28 17:18:46 | DEBUG | YP[146]=1.14129e-05 (variable=GEN____3_SM_generator_lambdaQ2Pu)
2021-04-28 17:18:46 | DEBUG | YP[107]=-1.10371e-05 (variable=GEN____2_SM_generator_theta)
2021-04-28 17:18:46 | DEBUG | YP[145]=1.06745e-05 (variable=GEN____3_SM_generator_lambdaQ1Pu)
2021-04-28 17:18:46 | DEBUG | YP[192]=5.88994e-06 (variable=GEN____6_SM_generator_lambdafPu)
2021-04-28 17:18:46 | DEBUG | YP[237]=-5.86439e-06 (variable=GEN____8_SM_generator_lambdafPu)
2021-04-28 17:18:46 | DEBUG | call of SolverReInit ie a new symbolic and numerical factorization will be performed
2021-04-28 17:18:46 | INFO |        1.773 |        1           1              0.000 
2021-04-28 17:18:46 | INFO |        1.773 |        2           1              0.000 
2021-04-28 17:18:46 | INFO |        1.773 |        3           2              0.000 
2021-04-28 17:18:46 | DEBUG | call of SolverReInit ie a new symbolic and numerical factorization will be performed
2021-04-28 17:18:46 | INFO |        1.773 |        4           2              0.000 
2021-04-28 17:18:46 | INFO |        1.774 |        5           2              0.000 
2021-04-28 17:18:46 | INFO |        1.774 |        6           2              0.000 
2021-04-28 17:18:46 | DEBUG | call of SolverReInit ie a new symbolic and numerical factorization will be performed
2021-04-28 17:18:46 | INFO |        1.774 |        7           2              0.000 
2021-04-28 17:18:46 | INFO |        1.774 |        8           2              0.000 
2021-04-28 17:18:46 | INFO |        1.774 |        9           2              0.000 
2021-04-28 17:18:46 | INFO |        1.774 |       10           2              0.000 
2021-04-28 17:18:46 | INFO |        1.775 |       11           2              0.001 
2021-04-28 17:18:46 | INFO |        1.776 |       12           2              0.001 
2021-04-28 17:18:46 | INFO |        1.778 |       13           2              0.002 
2021-04-28 17:18:46 | INFO |        1.782 |       14           2              0.004 
2021-04-28 17:18:46 | INFO |        1.790 |       15           2              0.008 
2021-04-28 17:18:46 | INFO |        1.806 |       16           2              0.016 
2021-04-28 17:18:46 | INFO |        1.839 |       17           2              0.033 
2021-04-28 17:18:46 | DEBUG | call of SolverReInit ie a new symbolic and numerical factorization will be performed
2021-04-28 17:18:46 | INFO |        1.905 |       18           2              0.066 
2021-04-28 17:18:46 | DEBUG | call of SolverReInit ie a new symbolic and numerical factorization will be performed
2021-04-28 17:18:46 | INFO |        1.906 |       19           2              0.131 
2021-04-28 17:18:46 | INFO |        1.906 |       19           2              0.131 
2021-04-28 17:18:46 | INFO |        2.036 |       19           2              0.131 
2021-04-28 17:18:46 | DEBUG | call of SolverReInit ie a new symbolic and numerical factorization will be performed
2021-04-28 17:18:46 | INFO |        2.184 |       20           2              0.262 
2021-04-28 17:18:46 | INFO |        2.184 |       20           2              0.262 
2021-04-28 17:18:46 | INFO |        2.298 |       20           2              0.262 
2021-04-28 17:18:46 | DEBUG | call of SolverReInit ie a new symbolic and numerical factorization will be performed
2021-04-28 17:18:46 | INFO |        2.338 |       21           2              0.524 
2021-04-28 17:18:46 | INFO |        2.338 |       21           2              0.524 
2021-04-28 17:18:46 | INFO |        2.758 |       21           2              0.524 
2021-04-28 17:18:46 | INFO |        2.758 |       21           2              0.524 
2021-04-28 17:18:46 | INFO |        2.822 |       21           2              0.524 
2021-04-28 17:18:46 | DEBUG | call of SolverReInit ie a new symbolic and numerical factorization will be performed
2021-04-28 17:18:46 | INFO |        3.871 |       22           1              1.049 
2021-04-28 17:18:46 | DEBUG | call of SolverReInit ie a new symbolic and numerical factorization will be performed
2021-04-28 17:18:46 | INFO |        5.355 |       23           1              2.097 
2021-04-28 17:18:46 | INFO |        5.355 |       23           1              2.097 
2021-04-28 17:18:46 | INFO |        5.968 |       23           1              2.097 
2021-04-28 17:18:46 | INFO |       10.162 |       24           1              4.194 
2021-04-28 17:18:46 | INFO |       18.551 |       25           1              8.389 
2021-04-28 17:18:46 | DEBUG | Algebraic mode change for model _LOAD___5_EC at t = 20
2021-04-28 17:18:46 | INFO | Algebraic mode change at t = 20
2021-04-28 17:18:46 | INFO |       20.000 |       26           1             10.000 
2021-04-28 17:18:46 | INFO | calculation of the new starting point of the simulation.
2021-04-28 17:18:46 | DEBUG | call of SolverReInit ie a new symbolic and numerical factorization will be performed
2021-04-28 17:18:46 | INFO |       20.000 |        0           0              0.000 
2021-04-28 17:18:46 | DEBUG | largest derivative values (truncated to the first 10) at the current iteration
2021-04-28 17:18:46 | DEBUG | YP[189]=-0.342696 (variable=GEN____6_SM_generator_lambdaDPu)
2021-04-28 17:18:46 | DEBUG | YP[192]=0.14319 (variable=GEN____6_SM_generator_lambdafPu)
2021-04-28 17:18:46 | DEBUG | YP[190]=0.103815 (variable=GEN____6_SM_generator_lambdaQ1Pu)
2021-04-28 17:18:46 | DEBUG | YP[99]=-0.0654051 (variable=GEN____2_SM_generator_lambdaDPu)
2021-04-28 17:18:46 | DEBUG | YP[234]=-0.047706 (variable=GEN____8_SM_generator_lambdaDPu)
2021-04-28 17:18:46 | DEBUG | YP[144]=-0.0346792 (variable=GEN____3_SM_generator_lambdaDPu)
2021-04-28 17:18:46 | DEBUG | YP[54]=-0.0311497 (variable=GEN____1_SM_generator_lambdaDPu)
2021-04-28 17:18:46 | DEBUG | YP[56]=0.0146978 (variable=GEN____1_SM_generator_lambdaQ2Pu)
2021-04-28 17:18:46 | DEBUG | YP[237]=0.0142233 (variable=GEN____8_SM_generator_lambdafPu)
2021-04-28 17:18:46 | DEBUG | YP[102]=0.011863 (variable=GEN____2_SM_generator_lambdafPu)
2021-04-28 17:18:46 | DEBUG | call of SolverReInit ie a new symbolic and numerical factorization will be performed
2021-04-28 17:18:46 | INFO |       20.000 |        1           1              0.000 
2021-04-28 17:18:46 | INFO |       20.000 |        2           1              0.000 
2021-04-28 17:18:46 | INFO |       20.000 |        3           2              0.000 
2021-04-28 17:18:46 | INFO |       20.000 |        4           2              0.000 
2021-04-28 17:18:46 | INFO |       20.000 |        5           2              0.000 
2021-04-28 17:18:46 | INFO |       20.000 |        6           2              0.000 
2021-04-28 17:18:46 | DEBUG | call of SolverReInit ie a new symbolic and numerical factorization will be performed
2021-04-28 17:18:46 | INFO |       20.000 |        7           2              0.000 
2021-04-28 17:18:46 | INFO |       20.000 |        7           2              0.000 
2021-04-28 17:18:46 | INFO |       20.000 |        7           2              0.000 
2021-04-28 17:18:46 | INFO |       20.000 |        8           2              0.000 
2021-04-28 17:18:46 | DEBUG | call of SolverReInit ie a new symbolic and numerical factorization will be performed
2021-04-28 17:18:46 | DEBUG | Algebraic mode change for model GEN____8_SM at t = 20.0002
2021-04-28 17:18:46 | INFO | Algebraic mode change at t = 20.0002
2021-04-28 17:18:46 | INFO |       20.000 |        9           2              0.000 
2021-04-28 17:18:46 | INFO | calculation of the new starting point of the simulation.
2021-04-28 17:18:46 | INFO |       20.000 |        0           0              0.000 
2021-04-28 17:18:46 | DEBUG | largest derivative values (truncated to the first 10) at the current iteration
2021-04-28 17:18:46 | DEBUG | YP[189]=-0.340135 (variable=GEN____6_SM_generator_lambdaDPu)
2021-04-28 17:18:46 | DEBUG | YP[192]=0.143221 (variable=GEN____6_SM_generator_lambdafPu)
2021-04-28 17:18:46 | DEBUG | YP[190]=0.102941 (variable=GEN____6_SM_generator_lambdaQ1Pu)
2021-04-28 17:18:46 | DEBUG | YP[99]=-0.0651442 (variable=GEN____2_SM_generator_lambdaDPu)
2021-04-28 17:18:46 | DEBUG | YP[234]=-0.0476036 (variable=GEN____8_SM_generator_lambdaDPu)
2021-04-28 17:18:46 | DEBUG | YP[144]=-0.0345632 (variable=GEN____3_SM_generator_lambdaDPu)
2021-04-28 17:18:46 | DEBUG | YP[54]=-0.0310486 (variable=GEN____1_SM_generator_lambdaDPu)
2021-04-28 17:18:46 | DEBUG | YP[56]=0.0146703 (variable=GEN____1_SM_generator_lambdaQ2Pu)
2021-04-28 17:18:46 | DEBUG | YP[237]=0.0142249 (variable=GEN____8_SM_generator_lambdafPu)
2021-04-28 17:18:46 | DEBUG | YP[102]=0.0118651 (variable=GEN____2_SM_generator_lambdafPu)
2021-04-28 17:18:46 | DEBUG | call of SolverReInit ie a new symbolic and numerical factorization will be performed
2021-04-28 17:18:46 | INFO |       20.000 |        1           1              0.000 
2021-04-28 17:18:46 | INFO |       20.000 |        2           1              0.000 
2021-04-28 17:18:46 | INFO |       20.000 |        3           2              0.000 
2021-04-28 17:18:46 | DEBUG | call of SolverReInit ie a new symbolic and numerical factorization will be performed
2021-04-28 17:18:46 | INFO |       20.000 |        4           2              0.000 
2021-04-28 17:18:46 | INFO |       20.000 |        5           2              0.000 
2021-04-28 17:18:46 | INFO |       20.000 |        6           2              0.000 
2021-04-28 17:18:46 | DEBUG | call of SolverReInit ie a new symbolic and numerical factorization will be performed
2021-04-28 17:18:46 | INFO |       20.000 |        7           2              0.000 
2021-04-28 17:18:46 | INFO |       20.000 |        8           2              0.000 
2021-04-28 17:18:46 | INFO |       20.000 |        9           2              0.000 
2021-04-28 17:18:46 | INFO |       20.001 |       10           2              0.000 
2021-04-28 17:18:46 | INFO |       20.001 |       11           2              0.001 
2021-04-28 17:18:46 | INFO |       20.002 |       12           2              0.001 
2021-04-28 17:18:46 | INFO |       20.004 |       13           2              0.002 
2021-04-28 17:18:46 | INFO |       20.008 |       14           2              0.004 
2021-04-28 17:18:46 | INFO |       20.013 |       15           2              0.008 
2021-04-28 17:18:46 | INFO |       20.013 |       15           2              0.008 
2021-04-28 17:18:46 | DEBUG | Algebraic mode change for model GEN____6_SM at t = 20.0131
2021-04-28 17:18:46 | INFO | Algebraic mode change at t = 20.0131
2021-04-28 17:18:46 | INFO |       20.013 |       15           2              0.008 
2021-04-28 17:18:46 | INFO | calculation of the new starting point of the simulation.
2021-04-28 17:18:46 | INFO |       20.013 |        0           0              0.000 
2021-04-28 17:18:46 | DEBUG | largest derivative values (truncated to the first 10) at the current iteration
2021-04-28 17:18:46 | DEBUG | YP[189]=-0.197498 (variable=GEN____6_SM_generator_lambdaDPu)
2021-04-28 17:18:46 | DEBUG | YP[192]=0.143693 (variable=GEN____6_SM_generator_lambdafPu)
2021-04-28 17:18:46 | DEBUG | YP[190]=0.0567082 (variable=GEN____6_SM_generator_lambdaQ1Pu)
2021-04-28 17:18:46 | DEBUG | YP[99]=-0.0495601 (variable=GEN____2_SM_generator_lambdaDPu)
2021-04-28 17:18:46 | DEBUG | YP[234]=-0.0408686 (variable=GEN____8_SM_generator_lambdaDPu)
2021-04-28 17:18:46 | DEBUG | YP[144]=-0.0274296 (variable=GEN____3_SM_generator_lambdaDPu)
2021-04-28 17:18:46 | DEBUG | YP[54]=-0.0247459 (variable=GEN____1_SM_generator_lambdaDPu)
2021-04-28 17:18:46 | DEBUG | YP[237]=0.0142197 (variable=GEN____8_SM_generator_lambdafPu)
2021-04-28 17:18:46 | DEBUG | YP[56]=0.0129451 (variable=GEN____1_SM_generator_lambdaQ2Pu)
2021-04-28 17:18:46 | DEBUG | YP[102]=0.0119312 (variable=GEN____2_SM_generator_lambdafPu)
2021-04-28 17:18:46 | DEBUG | call of SolverReInit ie a new symbolic and numerical factorization will be performed
2021-04-28 17:18:46 | INFO |       20.013 |        1           1              0.000 
2021-04-28 17:18:46 | INFO |       20.013 |        2           1              0.000 
2021-04-28 17:18:46 | INFO |       20.013 |        3           2              0.000 
2021-04-28 17:18:46 | DEBUG | call of SolverReInit ie a new symbolic and numerical factorization will be performed
2021-04-28 17:18:46 | INFO |       20.013 |        4           2              0.000 
2021-04-28 17:18:46 | INFO |       20.013 |        5           2              0.000 
2021-04-28 17:18:46 | INFO |       20.013 |        6           2              0.000 
2021-04-28 17:18:46 | DEBUG | call of SolverReInit ie a new symbolic and numerical factorization will be performed
2021-04-28 17:18:46 | INFO |       20.013 |        7           2              0.000 
2021-04-28 17:18:46 | INFO |       20.013 |        8           2              0.000 
2021-04-28 17:18:46 | INFO |       20.013 |        9           2              0.000 
2021-04-28 17:18:46 | INFO |       20.014 |       10           2              0.000 
2021-04-28 17:18:46 | INFO |       20.014 |       11           2              0.001 
2021-04-28 17:18:46 | INFO |       20.015 |       12           2              0.001 
2021-04-28 17:18:46 | INFO |       20.017 |       13           2              0.002 
2021-04-28 17:18:46 | INFO |       20.021 |       14           2              0.004 
2021-04-28 17:18:46 | INFO |       20.030 |       15           2              0.008 
2021-04-28 17:18:46 | DEBUG | call of SolverReInit ie a new symbolic and numerical factorization will be performed
2021-04-28 17:18:46 | INFO |       20.046 |       16           2              0.016 
2021-04-28 17:18:46 | INFO |       20.062 |       17           2              0.016 
2021-04-28 17:18:46 | INFO |       20.095 |       18           2              0.033 
2021-04-28 17:18:46 | INFO |       20.128 |       19           2              0.033 
2021-04-28 17:18:46 | INFO |       20.161 |       20           2              0.033 
2021-04-28 17:18:46 | DEBUG | call of SolverReInit ie a new symbolic and numerical factorization will be performed
2021-04-28 17:18:46 | INFO |       20.226 |       21           2              0.066 
2021-04-28 17:18:46 | INFO |       20.292 |       22           2              0.066 
2021-04-28 17:18:46 | INFO |       20.357 |       23           2              0.066 
2021-04-28 17:18:46 | INFO |       20.423 |       24           2              0.066 
2021-04-28 17:18:46 | DEBUG | call of SolverReInit ie a new symbolic and numerical factorization will be performed
2021-04-28 17:18:46 | DEBUG | Algebraic mode change for model GEN____6_SM at t = 20.4247
2021-04-28 17:18:46 | INFO | Algebraic mode change at t = 20.4247
2021-04-28 17:18:46 | INFO |       20.425 |       25           2              0.131 
2021-04-28 17:18:46 | INFO | calculation of the new starting point of the simulation.
2021-04-28 17:18:46 | INFO |       20.425 |        0           0              0.000 
2021-04-28 17:18:46 | DEBUG | largest derivative values (truncated to the first 10) at the current iteration
2021-04-28 17:18:46 | DEBUG | YP[192]=0.0353814 (variable=GEN____6_SM_generator_lambdafPu)
2021-04-28 17:18:46 | DEBUG | YP[242]=0.0228139 (variable=GEN____8_SM_generator_theta)
2021-04-28 17:18:46 | DEBUG | YP[189]=0.0188646 (variable=GEN____6_SM_generator_lambdaDPu)
2021-04-28 17:18:46 | DEBUG | YP[152]=-0.0125619 (variable=GEN____3_SM_generator_theta)
2021-04-28 17:18:46 | DEBUG | YP[62]=0.0083049 (variable=GEN____1_SM_generator_theta)
2021-04-28 17:18:46 | DEBUG | YP[234]=0.00644998 (variable=GEN____8_SM_generator_lambdaDPu)
2021-04-28 17:18:46 | DEBUG | YP[197]=-0.00602928 (variable=GEN____6_SM_generator_theta)
2021-04-28 17:18:46 | DEBUG | YP[102]=0.00583526 (variable=GEN____2_SM_generator_lambdafPu)
2021-04-28 17:18:46 | DEBUG | YP[99]=0.00562832 (variable=GEN____2_SM_generator_lambdaDPu)
2021-04-28 17:18:46 | DEBUG | YP[237]=0.00493093 (variable=GEN____8_SM_generator_lambdafPu)
2021-04-28 17:18:46 | DEBUG | call of SolverReInit ie a new symbolic and numerical factorization will be performed
2021-04-28 17:18:46 | INFO |       20.425 |        1           1              0.000 
2021-04-28 17:18:46 | INFO |       20.425 |        2           1              0.000 
2021-04-28 17:18:46 | INFO |       20.425 |        3           2              0.000 
2021-04-28 17:18:46 | INFO |       20.425 |        4           2              0.000 
2021-04-28 17:18:46 | DEBUG | call of SolverReInit ie a new symbolic and numerical factorization will be performed
2021-04-28 17:18:46 | INFO |       20.425 |        5           2              0.000 
2021-04-28 17:18:46 | DEBUG | call of SolverReInit ie a new symbolic and numerical factorization will be performed
2021-04-28 17:18:46 | INFO |       20.425 |        6           2              0.000 
2021-04-28 17:18:46 | DEBUG | call of SolverReInit ie a new symbolic and numerical factorization will be performed
2021-04-28 17:18:46 | INFO |       20.425 |        7           2              0.000 
2021-04-28 17:18:46 | DEBUG | call of SolverReInit ie a new symbolic and numerical factorization will be performed
2021-04-28 17:18:46 | INFO |       20.425 |        8           2              0.000 
2021-04-28 17:18:46 | INFO |       20.425 |        8           2              0.000 
2021-04-28 17:18:46 | INFO |       20.425 |        8           2              0.000 
2021-04-28 17:18:46 | INFO |       20.425 |        9           2              0.000 
2021-04-28 17:18:46 | INFO |       20.425 |       10           2              0.000 
2021-04-28 17:18:46 | INFO |       20.426 |       11           2              0.001 
2021-04-28 17:18:46 | INFO |       20.427 |       12           2              0.001 
2021-04-28 17:18:46 | INFO |       20.429 |       13           2              0.002 
2021-04-28 17:18:46 | INFO |       20.433 |       14           2              0.004 
2021-04-28 17:18:46 | DEBUG | call of SolverReInit ie a new symbolic and numerical factorization will be performed
2021-04-28 17:18:46 | INFO |       20.437 |       15           2              0.008 
2021-04-28 17:18:46 | INFO |       20.437 |       15           2              0.008 
2021-04-28 17:18:46 | DEBUG | Algebraic mode change for model GEN____3_SM at t = 20.4373
2021-04-28 17:18:46 | INFO | Algebraic mode change at t = 20.4373
2021-04-28 17:18:46 | INFO |       20.437 |       15           2              0.008 
2021-04-28 17:18:46 | INFO | calculation of the new starting point of the simulation.
2021-04-28 17:18:46 | INFO |       20.437 |        0           0              0.000 
2021-04-28 17:18:46 | DEBUG | largest derivative values (truncated to the first 10) at the current iteration
2021-04-28 17:18:46 | DEBUG | YP[192]=0.0338805 (variable=GEN____6_SM_generator_lambdafPu)
2021-04-28 17:18:46 | DEBUG | YP[242]=0.0214314 (variable=GEN____8_SM_generator_theta)
2021-04-28 17:18:46 | DEBUG | YP[189]=0.0179808 (variable=GEN____6_SM_generator_lambdaDPu)
2021-04-28 17:18:46 | DEBUG | YP[152]=-0.0121307 (variable=GEN____3_SM_generator_theta)
2021-04-28 17:18:46 | DEBUG | YP[197]=-0.00875989 (variable=GEN____6_SM_generator_theta)
2021-04-28 17:18:46 | DEBUG | YP[62]=0.00799285 (variable=GEN____1_SM_generator_theta)
2021-04-28 17:18:46 | DEBUG | YP[234]=0.00623655 (variable=GEN____8_SM_generator_lambdaDPu)
2021-04-28 17:18:46 | DEBUG | YP[102]=0.00569293 (variable=GEN____2_SM_generator_lambdafPu)
2021-04-28 17:18:46 | DEBUG | YP[99]=0.00544306 (variable=GEN____2_SM_generator_lambdaDPu)
2021-04-28 17:18:46 | DEBUG | YP[107]=0.00504764 (variable=GEN____2_SM_generator_theta)
2021-04-28 17:18:46 | DEBUG | call of SolverReInit ie a new symbolic and numerical factorization will be performed
2021-04-28 17:18:46 | INFO |       20.437 |        1           1              0.000 
2021-04-28 17:18:46 | INFO |       20.437 |        2           1              0.000 
2021-04-28 17:18:46 | INFO |       20.437 |        3           2              0.000 
2021-04-28 17:18:46 | DEBUG | call of SolverReInit ie a new symbolic and numerical factorization will be performed
2021-04-28 17:18:46 | INFO |       20.437 |        4           2              0.000 
2021-04-28 17:18:46 | INFO |       20.437 |        5           2              0.000 
2021-04-28 17:18:46 | INFO |       20.437 |        6           2              0.000 
2021-04-28 17:18:46 | DEBUG | call of SolverReInit ie a new symbolic and numerical factorization will be performed
2021-04-28 17:18:46 | INFO |       20.437 |        7           2              0.000 
2021-04-28 17:18:46 | INFO |       20.437 |        8           2              0.000 
2021-04-28 17:18:46 | INFO |       20.438 |        9           2              0.000 
2021-04-28 17:18:46 | INFO |       20.438 |       10           2              0.000 
2021-04-28 17:18:46 | INFO |       20.438 |       11           2              0.001 
2021-04-28 17:18:46 | INFO |       20.439 |       12           2              0.001 
2021-04-28 17:18:46 | INFO |       20.441 |       13           2              0.002 
2021-04-28 17:18:46 | INFO |       20.446 |       14           2              0.004 
2021-04-28 17:18:46 | INFO |       20.454 |       15           2              0.008 
2021-04-28 17:18:46 | DEBUG | call of SolverReInit ie a new symbolic and numerical factorization will be performed
2021-04-28 17:18:46 | INFO |       20.470 |       16           2              0.016 
2021-04-28 17:18:46 | INFO |       20.503 |       17           2              0.033 
2021-04-28 17:18:46 | DEBUG | call of SolverReInit ie a new symbolic and numerical factorization will be performed
2021-04-28 17:18:46 | INFO |       20.568 |       18           2              0.066 
2021-04-28 17:18:46 | INFO |       20.634 |       19           2              0.066 
2021-04-28 17:18:46 | DEBUG | call of SolverReInit ie a new symbolic and numerical factorization will be performed
2021-04-28 17:18:46 | DEBUG | Algebraic mode change for model GEN____8_SM at t = 20.6916
2021-04-28 17:18:46 | INFO | Algebraic mode change at t = 20.6916
2021-04-28 17:18:46 | INFO |       20.692 |       20           2              0.131 
2021-04-28 17:18:46 | INFO | calculation of the new starting point of the simulation.
2021-04-28 17:18:46 | INFO |       20.692 |        0           0              0.000 
2021-04-28 17:18:46 | DEBUG | largest derivative values (truncated to the first 10) at the current iteration
2021-04-28 17:18:46 | DEBUG | YP[242]=-0.0151921 (variable=GEN____8_SM_generator_theta)
2021-04-28 17:18:46 | DEBUG | YP[192]=0.0136906 (variable=GEN____6_SM_generator_lambdafPu)
2021-04-28 17:18:46 | DEBUG | YP[197]=-0.0129835 (variable=GEN____6_SM_generator_theta)
2021-04-28 17:18:46 | DEBUG | YP[190]=0.00697636 (variable=GEN____6_SM_generator_lambdaQ1Pu)
2021-04-28 17:18:46 | DEBUG | YP[189]=0.00677593 (variable=GEN____6_SM_generator_lambdaDPu)
2021-04-28 17:18:46 | DEBUG | YP[107]=0.00437954 (variable=GEN____2_SM_generator_theta)
2021-04-28 17:18:46 | DEBUG | YP[102]=0.00342996 (variable=GEN____2_SM_generator_lambdafPu)
2021-04-28 17:18:46 | DEBUG | YP[99]=0.00310793 (variable=GEN____2_SM_generator_lambdaDPu)
2021-04-28 17:18:46 | DEBUG | YP[145]=0.00308166 (variable=GEN____3_SM_generator_lambdaQ1Pu)
2021-04-28 17:18:46 | DEBUG | YP[234]=0.00304653 (variable=GEN____8_SM_generator_lambdaDPu)
2021-04-28 17:18:46 | DEBUG | call of SolverReInit ie a new symbolic and numerical factorization will be performed
2021-04-28 17:18:46 | INFO |       20.692 |        1           1              0.000 
2021-04-28 17:18:46 | INFO |       20.692 |        2           1              0.000 
2021-04-28 17:18:46 | INFO |       20.692 |        3           2              0.000 
2021-04-28 17:18:46 | DEBUG | call of SolverReInit ie a new symbolic and numerical factorization will be performed
2021-04-28 17:18:46 | INFO |       20.692 |        4           2              0.000 
2021-04-28 17:18:46 | INFO |       20.692 |        5           2              0.000 
2021-04-28 17:18:46 | INFO |       20.692 |        6           2              0.000 
2021-04-28 17:18:46 | DEBUG | call of SolverReInit ie a new symbolic and numerical factorization will be performed
2021-04-28 17:18:46 | INFO |       20.692 |        7           2              0.000 
2021-04-28 17:18:46 | INFO |       20.692 |        8           2              0.000 
2021-04-28 17:18:46 | DEBUG | call of SolverReInit ie a new symbolic and numerical factorization will be performed
2021-04-28 17:18:46 | INFO |       20.692 |        9           2              0.000 
2021-04-28 17:18:46 | INFO |       20.692 |        9           2              0.000 
2021-04-28 17:18:46 | INFO |       20.692 |        9           2              0.000 
2021-04-28 17:18:46 | INFO |       20.692 |       10           2              0.000 
2021-04-28 17:18:46 | INFO |       20.693 |       11           2              0.001 
2021-04-28 17:18:46 | INFO |       20.694 |       12           2              0.001 
2021-04-28 17:18:46 | INFO |       20.696 |       13           2              0.002 
2021-04-28 17:18:46 | INFO |       20.700 |       14           2              0.004 
2021-04-28 17:18:46 | INFO |       20.708 |       15           2              0.008 
2021-04-28 17:18:46 | INFO |       20.712 |       16           2              0.016 
2021-04-28 17:18:46 | INFO |       20.712 |       16           2              0.016 
2021-04-28 17:18:46 | DEBUG | Algebraic mode change for model GEN____6_SM at t = 20.7124
2021-04-28 17:18:46 | INFO | Algebraic mode change at t = 20.7124
2021-04-28 17:18:46 | INFO |       20.712 |       16           2              0.016 
2021-04-28 17:18:46 | INFO | calculation of the new starting point of the simulation.
2021-04-28 17:18:46 | INFO |       20.712 |        0           0              0.000 
2021-04-28 17:18:46 | DEBUG | largest derivative values (truncated to the first 10) at the current iteration
2021-04-28 17:18:46 | DEBUG | YP[242]=-0.017809 (variable=GEN____8_SM_generator_theta)
2021-04-28 17:18:46 | DEBUG | YP[192]=0.0126637 (variable=GEN____6_SM_generator_lambdafPu)
2021-04-28 17:18:46 | DEBUG | YP[197]=-0.00947042 (variable=GEN____6_SM_generator_theta)
2021-04-28 17:18:46 | DEBUG | YP[189]=0.00632786 (variable=GEN____6_SM_generator_lambdaDPu)
2021-04-28 17:18:46 | DEBUG | YP[190]=0.00534159 (variable=GEN____6_SM_generator_lambdaQ1Pu)
2021-04-28 17:18:46 | DEBUG | YP[107]=0.00390004 (variable=GEN____2_SM_generator_theta)
2021-04-28 17:18:46 | DEBUG | YP[102]=0.00328917 (variable=GEN____2_SM_generator_lambdafPu)
2021-04-28 17:18:46 | DEBUG | YP[145]=0.0030325 (variable=GEN____3_SM_generator_lambdaQ1Pu)
2021-04-28 17:18:46 | DEBUG | YP[99]=0.00299453 (variable=GEN____2_SM_generator_lambdaDPu)
2021-04-28 17:18:46 | DEBUG | YP[234]=0.00287639 (variable=GEN____8_SM_generator_lambdaDPu)
2021-04-28 17:18:46 | DEBUG | call of SolverReInit ie a new symbolic and numerical factorization will be performed
2021-04-28 17:18:46 | INFO |       20.712 |        1           1              0.000 
2021-04-28 17:18:46 | INFO |       20.712 |        2           1              0.000 
2021-04-28 17:18:46 | INFO |       20.712 |        3           2              0.000 
2021-04-28 17:18:46 | DEBUG | call of SolverReInit ie a new symbolic and numerical factorization will be performed
2021-04-28 17:18:46 | INFO |       20.712 |        4           2              0.000 
2021-04-28 17:18:46 | INFO |       20.712 |        5           2              0.000 
2021-04-28 17:18:46 | INFO |       20.712 |        6           2              0.000 
2021-04-28 17:18:46 | DEBUG | call of SolverReInit ie a new symbolic and numerical factorization will be performed
2021-04-28 17:18:46 | INFO |       20.712 |        7           2              0.000 
2021-04-28 17:18:46 | INFO |       20.712 |        8           2              0.000 
2021-04-28 17:18:46 | INFO |       20.713 |        9           2              0.000 
2021-04-28 17:18:46 | INFO |       20.713 |       10           2              0.000 
2021-04-28 17:18:46 | INFO |       20.713 |       11           2              0.001 
2021-04-28 17:18:46 | INFO |       20.714 |       12           2              0.001 
2021-04-28 17:18:46 | INFO |       20.716 |       13           2              0.002 
2021-04-28 17:18:46 | INFO |       20.721 |       14           2              0.004 
2021-04-28 17:18:46 | INFO |       20.729 |       15           2              0.008 
2021-04-28 17:18:46 | INFO |       20.745 |       16           2              0.016 
2021-04-28 17:18:46 | INFO |       20.778 |       17           2              0.033 
2021-04-28 17:18:46 | DEBUG | call of SolverReInit ie a new symbolic and numerical factorization will be performed
2021-04-28 17:18:46 | INFO |       20.843 |       18           2              0.066 
2021-04-28 17:18:46 | INFO |       20.909 |       19           2              0.066 
2021-04-28 17:18:46 | DEBUG | call of SolverReInit ie a new symbolic and numerical factorization will be performed
2021-04-28 17:18:46 | INFO |       20.938 |       20           2              0.131 
2021-04-28 17:18:46 | INFO |       20.938 |       20           2              0.131 
2021-04-28 17:18:46 | DEBUG | Algebraic mode change for model GEN____8_SM at t = 20.9386
2021-04-28 17:18:46 | INFO | Algebraic mode change at t = 20.9386
2021-04-28 17:18:46 | INFO |       20.939 |       20           2              0.131 
2021-04-28 17:18:46 | INFO | calculation of the new starting point of the simulation.
2021-04-28 17:18:46 | INFO |       20.939 |        0           0              0.000 
2021-04-28 17:18:46 | DEBUG | largest derivative values (truncated to the first 10) at the current iteration
2021-04-28 17:18:46 | DEBUG | YP[242]=-0.0191192 (variable=GEN____8_SM_generator_theta)
2021-04-28 17:18:46 | DEBUG | YP[197]=0.0164918 (variable=GEN____6_SM_generator_theta)
2021-04-28 17:18:46 | DEBUG | YP[152]=0.0114291 (variable=GEN____3_SM_generator_theta)
2021-04-28 17:18:46 | DEBUG | YP[62]=-0.009469 (variable=GEN____1_SM_generator_theta)
2021-04-28 17:18:46 | DEBUG | YP[190]=-0.00845913 (variable=GEN____6_SM_generator_lambdaQ1Pu)
2021-04-28 17:18:46 | DEBUG | YP[192]=0.00422521 (variable=GEN____6_SM_generator_lambdafPu)
2021-04-28 17:18:46 | DEBUG | YP[107]=-0.00350947 (variable=GEN____2_SM_generator_theta)
2021-04-28 17:18:46 | DEBUG | YP[235]=0.00334715 (variable=GEN____8_SM_generator_lambdaQ1Pu)
2021-04-28 17:18:46 | DEBUG | YP[189]=0.00303997 (variable=GEN____6_SM_generator_lambdaDPu)
2021-04-28 17:18:46 | DEBUG | YP[56]=0.00237274 (variable=GEN____1_SM_generator_lambdaQ2Pu)
2021-04-28 17:18:46 | DEBUG | call of SolverReInit ie a new symbolic and numerical factorization will be performed
2021-04-28 17:18:46 | INFO |       20.939 |        1           1              0.000 
2021-04-28 17:18:46 | INFO |       20.939 |        2           1              0.000 
2021-04-28 17:18:46 | INFO |       20.939 |        3           2              0.000 
2021-04-28 17:18:46 | DEBUG | call of SolverReInit ie a new symbolic and numerical factorization will be performed
2021-04-28 17:18:46 | INFO |       20.939 |        4           2              0.000 
2021-04-28 17:18:46 | DEBUG | call of SolverReInit ie a new symbolic and numerical factorization will be performed
2021-04-28 17:18:46 | INFO |       20.939 |        5           2              0.000 
2021-04-28 17:18:46 | DEBUG | call of SolverReInit ie a new symbolic and numerical factorization will be performed
2021-04-28 17:18:46 | INFO |       20.939 |        6           2              0.000 
2021-04-28 17:18:46 | DEBUG | call of SolverReInit ie a new symbolic and numerical factorization will be performed
2021-04-28 17:18:46 | INFO |       20.939 |        7           2              0.000 
2021-04-28 17:18:46 | INFO |       20.939 |        8           2              0.000 
2021-04-28 17:18:46 | INFO |       20.939 |        9           2              0.000 
2021-04-28 17:18:46 | INFO |       20.939 |       10           2              0.000 
2021-04-28 17:18:46 | INFO |       20.940 |       11           2              0.001 
2021-04-28 17:18:46 | INFO |       20.941 |       12           2              0.001 
2021-04-28 17:18:46 | INFO |       20.943 |       13           2              0.002 
2021-04-28 17:18:46 | INFO |       20.947 |       14           2              0.004 
2021-04-28 17:18:46 | INFO |       20.955 |       15           2              0.008 
2021-04-28 17:18:46 | INFO |       20.971 |       16           2              0.016 
2021-04-28 17:18:46 | INFO |       21.004 |       17           2              0.033 
2021-04-28 17:18:46 | DEBUG | call of SolverReInit ie a new symbolic and numerical factorization will be performed
2021-04-28 17:18:46 | INFO |       21.070 |       18           2              0.066 
2021-04-28 17:18:46 | INFO |       21.201 |       19           2              0.131 
2021-04-28 17:18:46 | INFO |       21.332 |       20           2              0.131 
2021-04-28 17:18:46 | INFO |       21.463 |       21           2              0.131 
2021-04-28 17:18:46 | INFO |       21.594 |       22           1              0.131 
2021-04-28 17:18:46 | INFO |       21.712 |       23           1              0.118 
2021-04-28 17:18:46 | INFO |       21.830 |       24           1              0.118 
2021-04-28 17:18:46 | INFO |       22.066 |       25           1              0.236 
2021-04-28 17:18:46 | INFO |       22.302 |       26           1              0.236 
2021-04-28 17:18:46 | INFO |       22.538 |       27           1              0.236 
2021-04-28 17:18:46 | INFO |       22.774 |       28           1              0.236 
2021-04-28 17:18:46 | DEBUG | call of SolverReInit ie a new symbolic and numerical factorization will be performed
2021-04-28 17:18:46 | INFO |       23.245 |       29           1              0.472 
2021-04-28 17:18:46 | INFO |       23.717 |       30           1              0.472 
2021-04-28 17:18:46 | INFO |       24.661 |       31           1              0.944 
2021-04-28 17:18:46 | INFO |       25.605 |       32           1              0.944 
2021-04-28 17:18:46 | DEBUG | call of SolverReInit ie a new symbolic and numerical factorization will be performed
2021-04-28 17:18:46 | INFO |       27.492 |       33           1              1.887 
2021-04-28 17:18:46 | DEBUG | call of SolverReInit ie a new symbolic and numerical factorization will be performed
2021-04-28 17:18:46 | INFO |       31.267 |       34           1              3.775 
2021-04-28 17:18:46 | INFO |       35.042 |       35           1              3.775 
2021-04-28 17:18:46 | INFO |       42.592 |       36           1              7.550 
2021-04-28 17:18:46 | INFO |       52.592 |       37           1             10.000 
2021-04-28 17:18:46 | INFO |       62.592 |       38           1             10.000 
2021-04-28 17:18:46 | INFO |       72.592 |       39           1             10.000 
2021-04-28 17:18:46 | DEBUG | tap of Transformer _BUS____5-BUS____6-1_PT change from 3 to 4
2021-04-28 17:18:46 | DEBUG | Algebraic mode change for model NETWORK at t = 80
2021-04-28 17:18:46 | INFO | Algebraic mode change at t = 80
2021-04-28 17:18:46 | INFO |       80.000 |       40           1             10.000 
2021-04-28 17:18:46 | INFO | calculation of the new starting point of the simulation.
2021-04-28 17:18:46 | INFO |       80.000 |        0           0              0.000 
2021-04-28 17:18:46 | DEBUG | largest derivative values (truncated to the first 10) at the current iteration
2021-04-28 17:18:46 | DEBUG | YP[189]=-0.130364 (variable=GEN____6_SM_generator_lambdaDPu)
2021-04-28 17:18:46 | DEBUG | YP[192]=0.0550667 (variable=GEN____6_SM_generator_lambdafPu)
2021-04-28 17:18:46 | DEBUG | YP[190]=-0.0137607 (variable=GEN____6_SM_generator_lambdaQ1Pu)
2021-04-28 17:18:46 | DEBUG | YP[99]=0.00468813 (variable=GEN____2_SM_generator_lambdaDPu)
2021-04-28 17:18:46 | DEBUG | YP[54]=0.00248095 (variable=GEN____1_SM_generator_lambdaDPu)
2021-04-28 17:18:46 | DEBUG | YP[144]=0.00210555 (variable=GEN____3_SM_generator_lambdaDPu)
2021-04-28 17:18:46 | DEBUG | YP[146]=0.000850979 (variable=GEN____3_SM_generator_lambdaQ2Pu)
2021-04-28 17:18:46 | DEBUG | YP[102]=-0.000838898 (variable=GEN____2_SM_generator_lambdafPu)
2021-04-28 17:18:46 | DEBUG | YP[57]=-0.000755208 (variable=GEN____1_SM_generator_lambdafPu)
2021-04-28 17:18:46 | DEBUG | YP[234]=-0.000748948 (variable=GEN____8_SM_generator_lambdaDPu)
2021-04-28 17:18:46 | INFO |       80.000 |        1           1              0.000 
2021-04-28 17:18:46 | INFO |       80.000 |        2           1              0.000 
2021-04-28 17:18:46 | INFO |       80.000 |        3           2              0.000 
2021-04-28 17:18:46 | INFO |       80.000 |        4           2              0.000 
2021-04-28 17:18:46 | INFO |       80.000 |        5           2              0.000 
2021-04-28 17:18:46 | INFO |       80.000 |        6           2              0.000 
2021-04-28 17:18:46 | INFO |       80.000 |        7           2              0.000 
2021-04-28 17:18:46 | INFO |       80.000 |        8           2              0.000 
2021-04-28 17:18:46 | INFO |       80.000 |        9           2              0.000 
2021-04-28 17:18:46 | INFO |       80.001 |       10           2              0.000 
2021-04-28 17:18:46 | INFO |       80.001 |       11           2              0.001 
2021-04-28 17:18:46 | INFO |       80.002 |       12           2              0.001 
2021-04-28 17:18:46 | INFO |       80.004 |       13           2              0.002 
2021-04-28 17:18:46 | INFO |       80.008 |       14           2              0.004 
2021-04-28 17:18:46 | INFO |       80.016 |       15           2              0.008 
2021-04-28 17:18:46 | INFO |       80.033 |       16           2              0.016 
2021-04-28 17:18:46 | INFO |       80.066 |       17           2              0.033 
2021-04-28 17:18:46 | INFO |       80.098 |       18           2              0.033 
2021-04-28 17:18:46 | INFO |       80.131 |       19           2              0.033 
2021-04-28 17:18:46 | INFO |       80.197 |       20           2              0.066 
2021-04-28 17:18:46 | INFO |       80.328 |       21           1              0.131 
2021-04-28 17:18:46 | INFO |       80.459 |       22           1              0.131 
2021-04-28 17:18:46 | INFO |       80.590 |       23           1              0.131 
2021-04-28 17:18:46 | INFO |       80.852 |       24           2              0.262 
2021-04-28 17:18:46 | INFO |       81.114 |       25           1              0.262 
2021-04-28 17:18:46 | INFO |       81.376 |       26           1              0.262 
2021-04-28 17:18:46 | INFO |       81.901 |       27           1              0.524 
2021-04-28 17:18:46 | INFO |       82.949 |       28           1              1.049 
2021-04-28 17:18:46 | DEBUG | call of SolverReInit ie a new symbolic and numerical factorization will be performed
2021-04-28 17:18:46 | INFO |       85.046 |       29           1              2.097 
2021-04-28 17:18:46 | DEBUG | call of SolverReInit ie a new symbolic and numerical factorization will be performed
2021-04-28 17:18:46 | INFO |       89.241 |       30           1              4.194 
2021-04-28 17:18:46 | DEBUG | call of SolverReInit ie a new symbolic and numerical factorization will be performed
2021-04-28 17:18:46 | DEBUG | tap of Transformer _BUS____5-BUS____6-1_PT change from 4 to 5
2021-04-28 17:18:46 | DEBUG | Algebraic mode change for model NETWORK at t = 90
2021-04-28 17:18:46 | INFO | Algebraic mode change at t = 90
2021-04-28 17:18:46 | INFO |       90.000 |       31           1              8.389 
2021-04-28 17:18:46 | INFO | calculation of the new starting point of the simulation.
2021-04-28 17:18:46 | INFO |       90.000 |        0           0              0.000 
2021-04-28 17:18:46 | DEBUG | largest derivative values (truncated to the first 10) at the current iteration
2021-04-28 17:18:46 | DEBUG | YP[189]=-0.126123 (variable=GEN____6_SM_generator_lambdaDPu)
2021-04-28 17:18:46 | DEBUG | YP[192]=0.0534001 (variable=GEN____6_SM_generator_lambdafPu)
2021-04-28 17:18:46 | DEBUG | YP[190]=-0.0132023 (variable=GEN____6_SM_generator_lambdaQ1Pu)
2021-04-28 17:18:46 | DEBUG | YP[99]=0.00424944 (variable=GEN____2_SM_generator_lambdaDPu)
2021-04-28 17:18:46 | DEBUG | YP[54]=0.00225707 (variable=GEN____1_SM_generator_lambdaDPu)
2021-04-28 17:18:46 | DEBUG | YP[144]=0.00189062 (variable=GEN____3_SM_generator_lambdaDPu)
2021-04-28 17:18:46 | DEBUG | YP[234]=-0.000900869 (variable=GEN____8_SM_generator_lambdaDPu)
2021-04-28 17:18:46 | DEBUG | YP[146]=0.000786572 (variable=GEN____3_SM_generator_lambdaQ2Pu)
2021-04-28 17:18:46 | DEBUG | YP[102]=-0.000761155 (variable=GEN____2_SM_generator_lambdafPu)
2021-04-28 17:18:46 | DEBUG | YP[57]=-0.000689385 (variable=GEN____1_SM_generator_lambdafPu)
2021-04-28 17:18:46 | INFO |       90.000 |        1           1              0.000 
2021-04-28 17:18:46 | INFO |       90.000 |        2           1              0.000 
2021-04-28 17:18:46 | INFO |       90.000 |        3           2              0.000 
2021-04-28 17:18:46 | INFO |       90.000 |        4           2              0.000 
2021-04-28 17:18:46 | INFO |       90.000 |        5           2              0.000 
2021-04-28 17:18:46 | INFO |       90.000 |        6           2              0.000 
2021-04-28 17:18:46 | INFO |       90.000 |        7           2              0.000 
2021-04-28 17:18:46 | INFO |       90.000 |        8           2              0.000 
2021-04-28 17:18:46 | INFO |       90.000 |        9           2              0.000 
2021-04-28 17:18:46 | INFO |       90.001 |       10           2              0.000 
2021-04-28 17:18:46 | INFO |       90.001 |       11           2              0.001 
2021-04-28 17:18:46 | INFO |       90.002 |       12           2              0.001 
2021-04-28 17:18:46 | INFO |       90.004 |       13           2              0.002 
2021-04-28 17:18:46 | INFO |       90.008 |       14           2              0.004 
2021-04-28 17:18:46 | INFO |       90.016 |       15           2              0.008 
2021-04-28 17:18:46 | INFO |       90.033 |       16           2              0.016 
2021-04-28 17:18:46 | INFO |       90.066 |       17           2              0.033 
2021-04-28 17:18:46 | INFO |       90.098 |       18           2              0.033 
2021-04-28 17:18:46 | INFO |       90.131 |       19           2              0.033 
2021-04-28 17:18:46 | INFO |       90.197 |       20           2              0.066 
2021-04-28 17:18:46 | INFO |       90.328 |       21           1              0.131 
2021-04-28 17:18:46 | INFO |       90.459 |       22           1              0.131 
2021-04-28 17:18:46 | INFO |       90.590 |       23           1              0.131 
2021-04-28 17:18:46 | INFO |       90.852 |       24           2              0.262 
2021-04-28 17:18:46 | INFO |       91.114 |       25           1              0.262 
2021-04-28 17:18:46 | INFO |       91.376 |       26           1              0.262 
2021-04-28 17:18:46 | INFO |       91.901 |       27           1              0.524 
2021-04-28 17:18:46 | INFO |       92.949 |       28           1              1.049 
2021-04-28 17:18:46 | DEBUG | call of SolverReInit ie a new symbolic and numerical factorization will be performed
2021-04-28 17:18:46 | INFO |       95.046 |       29           1              2.097 
2021-04-28 17:18:46 | DEBUG | call of SolverReInit ie a new symbolic and numerical factorization will be performed
2021-04-28 17:18:46 | INFO |       99.241 |       30           1              4.194 
2021-04-28 17:18:46 | INFO |      107.629 |       31           1              8.389 
2021-04-28 17:18:46 | INFO |      117.629 |       32           1             10.000 
2021-04-28 17:18:46 | INFO |      127.629 |       33           1             10.000 
2021-04-28 17:18:46 | INFO |      137.629 |       34           1             10.000 
2021-04-28 17:18:46 | INFO |      147.629 |       35           1             10.000 
2021-04-28 17:18:46 | DEBUG | call of SolverReInit ie a new symbolic and numerical factorization will be performed
2021-04-28 17:18:46 | INFO |      150.000 |       36           1              2.371 
2021-04-28 17:18:46 | INFO | 
2021-04-28 17:18:46 | INFO | execution statistics :
2021-04-28 17:18:46 | INFO | 
2021-04-28 17:18:46 | INFO | number of time iterations                  = 363
2021-04-28 17:18:46 | INFO | number of residual evaluations             = 497
2021-04-28 17:18:46 | INFO | number of Jacobian evaluations             = 300
2021-04-28 17:18:46 | INFO | number of nonlinear iterations             = 463
2021-04-28 17:18:46 | INFO | number of error test failures              = 0
2021-04-28 17:18:46 | INFO | number of nonlinear convergence failures   = 0
2021-04-28 17:18:46 | INFO | number of root functions evaluations       = 2024
2021-04-28 17:18:46 | INFO | number of discrete variables evaluations   = 78
2021-04-28 17:18:46 | INFO | number of mode evaluations                 = 60
2021-04-28 17:18:46 | INFO | end of job 'IEEE14 - TapChangerCPP'
