2025-12-03 13:10:46 | INFO |  ============================================================ 
2025-12-03 13:10:46 | INFO | DYNAWO VERSION  :     1.8.0
2025-12-03 13:10:46 | INFO | DYNAWO REVISION :  3926_add_generator_PTanPhi-9219c3d9719
2025-12-03 13:10:46 | INFO |  ============================================================ 
2025-12-03 13:10:46 | INFO | 
2025-12-03 13:10:46 | INFO | -----------------------------------------------------------------------
2025-12-03 13:10:46 | INFO | building model from input files
2025-12-03 13:10:46 | INFO | -----------------------------------------------------------------------
2025-12-03 13:10:46 | INFO | model was built successfully
2025-12-03 13:10:46 | INFO | -----------------------------------------------------------------------
2025-12-03 13:10:46 | INFO | 
2025-12-03 13:10:46 | INFO | -----------------------------------------------------------------------
2025-12-03 13:10:46 | INFO | starting local initialization
2025-12-03 13:10:46 | INFO | -----------------------------------------------------------------------
2025-12-03 13:10:46 | INFO | end of local initialization
2025-12-03 13:10:46 | INFO | -----------------------------------------------------------------------
2025-12-03 13:10:46 | INFO | 
2025-12-03 13:10:46 | INFO | -----------------------------------------------------------------------
2025-12-03 13:10:46 | INFO | starting global initialization
2025-12-03 13:10:46 | INFO | -----------------------------------------------------------------------
2025-12-03 13:10:46 | INFO | Algebraic mode change at t = 0
2025-12-03 13:10:46 | INFO | end of global initialization
2025-12-03 13:10:46 | INFO | -----------------------------------------------------------------------
2025-12-03 13:10:46 | INFO | 
2025-12-03 13:10:46 | INFO | -----------------------------------------------------------------------
2025-12-03 13:10:46 | INFO | starting curve initialization
2025-12-03 13:10:46 | INFO | -----------------------------------------------------------------------
2025-12-03 13:10:46 | WARN | curve not added: Id: Generator , name: generator_URefPu
2025-12-03 13:10:46 | WARN | curve not added: Id: Generator , name: generator_QGenRefPu
2025-12-03 13:10:46 | WARN | curve not added: Id: Generator , name: generator_LambdaPu
2025-12-03 13:10:46 | INFO | end of curve initialization, added 10 curves
2025-12-03 13:10:46 | INFO | -----------------------------------------------------------------------
2025-12-03 13:10:46 | INFO | 
2025-12-03 13:10:46 | INFO | -----------------------------------------------------------------------
2025-12-03 13:10:46 | INFO | starting simulation with solver IDASolver
2025-12-03 13:10:46 | INFO | -----------------------------------------------------------------------
2025-12-03 13:10:46 | INFO | -----------------------------------------------------------------------
2025-12-03 13:10:46 | INFO | number of continuous variables : 35
2025-12-03 13:10:46 | INFO | number of discrete variables : 16
2025-12-03 13:10:46 | INFO | number of root functions : 25
2025-12-03 13:10:46 | INFO | -----------------------------------------------------------------------
2025-12-03 13:10:46 | INFO |         time ¦ iter num   order (k)      time step (h)
2025-12-03 13:10:46 | INFO | -----------------------------------------------------------------------
2025-12-03 13:10:46 | INFO |        0.000 ¦        0           0              0.010 
2025-12-03 13:10:46 | INFO |        0.001 ¦        1           1              0.001 
2025-12-03 13:10:46 | INFO |        0.002 ¦        2           1              0.001 
2025-12-03 13:10:46 | INFO |        0.004 ¦        3           2              0.002 
2025-12-03 13:10:46 | INFO |        0.008 ¦        4           1              0.004 
2025-12-03 13:10:46 | INFO |        0.016 ¦        5           1              0.008 
2025-12-03 13:10:46 | INFO |        0.026 ¦        6           1              0.010 
2025-12-03 13:10:46 | INFO |        0.036 ¦        7           1              0.010 
2025-12-03 13:10:46 | INFO |        0.046 ¦        8           1              0.010 
2025-12-03 13:10:46 | INFO |        0.056 ¦        9           1              0.010 
2025-12-03 13:10:46 | INFO |        0.066 ¦       10           1              0.010 
2025-12-03 13:10:46 | INFO |        0.076 ¦       11           1              0.010 
2025-12-03 13:10:46 | INFO |        0.086 ¦       12           1              0.010 
2025-12-03 13:10:46 | INFO |        0.096 ¦       13           1              0.010 
2025-12-03 13:10:46 | INFO |        0.106 ¦       14           1              0.010 
2025-12-03 13:10:46 | INFO |        0.116 ¦       15           1              0.010 
2025-12-03 13:10:46 | INFO |        0.126 ¦       16           1              0.010 
2025-12-03 13:10:46 | INFO |        0.136 ¦       17           1              0.010 
2025-12-03 13:10:46 | INFO |        0.146 ¦       18           1              0.010 
2025-12-03 13:10:46 | INFO |        0.156 ¦       19           1              0.010 
2025-12-03 13:10:46 | INFO |        0.166 ¦       20           1              0.010 
2025-12-03 13:10:46 | INFO |        0.176 ¦       21           1              0.010 
2025-12-03 13:10:46 | INFO |        0.186 ¦       22           1              0.010 
2025-12-03 13:10:46 | INFO |        0.196 ¦       23           1              0.010 
2025-12-03 13:10:46 | INFO |        0.206 ¦       24           1              0.010 
2025-12-03 13:10:46 | INFO |        0.216 ¦       25           1              0.010 
2025-12-03 13:10:46 | INFO |        0.226 ¦       26           1              0.010 
2025-12-03 13:10:46 | INFO |        0.236 ¦       27           1              0.010 
2025-12-03 13:10:46 | INFO |        0.246 ¦       28           1              0.010 
2025-12-03 13:10:46 | INFO |        0.256 ¦       29           1              0.010 
2025-12-03 13:10:46 | INFO |        0.266 ¦       30           1              0.010 
2025-12-03 13:10:46 | INFO |        0.276 ¦       31           1              0.010 
2025-12-03 13:10:46 | INFO |        0.286 ¦       32           1              0.010 
2025-12-03 13:10:46 | INFO |        0.296 ¦       33           1              0.010 
2025-12-03 13:10:46 | INFO |        0.306 ¦       34           1              0.010 
2025-12-03 13:10:46 | INFO |        0.316 ¦       35           1              0.010 
2025-12-03 13:10:46 | INFO |        0.326 ¦       36           1              0.010 
2025-12-03 13:10:46 | INFO |        0.336 ¦       37           1              0.010 
2025-12-03 13:10:46 | INFO |        0.346 ¦       38           1              0.010 
2025-12-03 13:10:46 | INFO |        0.356 ¦       39           1              0.010 
2025-12-03 13:10:46 | INFO |        0.366 ¦       40           1              0.010 
2025-12-03 13:10:46 | INFO |        0.376 ¦       41           1              0.010 
2025-12-03 13:10:46 | INFO |        0.386 ¦       42           1              0.010 
2025-12-03 13:10:46 | INFO |        0.396 ¦       43           1              0.010 
2025-12-03 13:10:46 | INFO |        0.406 ¦       44           1              0.010 
2025-12-03 13:10:46 | INFO |        0.416 ¦       45           1              0.010 
2025-12-03 13:10:46 | INFO |        0.426 ¦       46           1              0.010 
2025-12-03 13:10:46 | INFO |        0.436 ¦       47           1              0.010 
2025-12-03 13:10:46 | INFO |        0.446 ¦       48           1              0.010 
2025-12-03 13:10:46 | INFO |        0.456 ¦       49           1              0.010 
2025-12-03 13:10:46 | INFO |        0.466 ¦       50           1              0.010 
2025-12-03 13:10:46 | INFO |        0.476 ¦       51           1              0.010 
2025-12-03 13:10:46 | INFO |        0.486 ¦       52           1              0.010 
2025-12-03 13:10:46 | INFO |        0.496 ¦       53           1              0.010 
2025-12-03 13:10:46 | INFO |        0.506 ¦       54           1              0.010 
2025-12-03 13:10:46 | INFO |        0.516 ¦       55           1              0.010 
2025-12-03 13:10:46 | INFO |        0.526 ¦       56           1              0.010 
2025-12-03 13:10:46 | INFO |        0.536 ¦       57           1              0.010 
2025-12-03 13:10:46 | INFO |        0.546 ¦       58           1              0.010 
2025-12-03 13:10:46 | INFO |        0.556 ¦       59           1              0.010 
2025-12-03 13:10:46 | INFO |        0.566 ¦       60           1              0.010 
2025-12-03 13:10:46 | INFO |        0.576 ¦       61           1              0.010 
2025-12-03 13:10:46 | INFO |        0.586 ¦       62           1              0.010 
2025-12-03 13:10:46 | INFO |        0.596 ¦       63           1              0.010 
2025-12-03 13:10:46 | INFO |        0.606 ¦       64           1              0.010 
2025-12-03 13:10:46 | INFO |        0.616 ¦       65           1              0.010 
2025-12-03 13:10:46 | INFO |        0.626 ¦       66           1              0.010 
2025-12-03 13:10:46 | INFO |        0.636 ¦       67           1              0.010 
2025-12-03 13:10:46 | INFO |        0.646 ¦       68           1              0.010 
2025-12-03 13:10:46 | INFO |        0.656 ¦       69           1              0.010 
2025-12-03 13:10:46 | INFO |        0.666 ¦       70           1              0.010 
2025-12-03 13:10:46 | INFO |        0.676 ¦       71           1              0.010 
2025-12-03 13:10:46 | INFO |        0.686 ¦       72           1              0.010 
2025-12-03 13:10:46 | INFO |        0.696 ¦       73           1              0.010 
2025-12-03 13:10:46 | INFO |        0.706 ¦       74           1              0.010 
2025-12-03 13:10:46 | INFO |        0.716 ¦       75           1              0.010 
2025-12-03 13:10:46 | INFO |        0.726 ¦       76           1              0.010 
2025-12-03 13:10:46 | INFO |        0.736 ¦       77           1              0.010 
2025-12-03 13:10:46 | INFO |        0.746 ¦       78           1              0.010 
2025-12-03 13:10:46 | INFO |        0.756 ¦       79           1              0.010 
2025-12-03 13:10:46 | INFO |        0.766 ¦       80           1              0.010 
2025-12-03 13:10:46 | INFO |        0.776 ¦       81           1              0.010 
2025-12-03 13:10:46 | INFO |        0.786 ¦       82           1              0.010 
2025-12-03 13:10:46 | INFO |        0.796 ¦       83           1              0.010 
2025-12-03 13:10:46 | INFO |        0.806 ¦       84           1              0.010 
2025-12-03 13:10:46 | INFO |        0.816 ¦       85           1              0.010 
2025-12-03 13:10:46 | INFO |        0.826 ¦       86           1              0.010 
2025-12-03 13:10:46 | INFO |        0.836 ¦       87           1              0.010 
2025-12-03 13:10:46 | INFO |        0.846 ¦       88           1              0.010 
2025-12-03 13:10:46 | INFO |        0.856 ¦       89           1              0.010 
2025-12-03 13:10:46 | INFO |        0.866 ¦       90           1              0.010 
2025-12-03 13:10:46 | INFO |        0.876 ¦       91           1              0.010 
2025-12-03 13:10:46 | INFO |        0.886 ¦       92           1              0.010 
2025-12-03 13:10:46 | INFO |        0.896 ¦       93           1              0.010 
2025-12-03 13:10:46 | INFO |        0.906 ¦       94           1              0.010 
2025-12-03 13:10:46 | INFO |        0.916 ¦       95           1              0.010 
2025-12-03 13:10:46 | INFO |        0.926 ¦       96           1              0.010 
2025-12-03 13:10:46 | INFO |        0.936 ¦       97           1              0.010 
2025-12-03 13:10:46 | INFO |        0.946 ¦       98           1              0.010 
2025-12-03 13:10:46 | INFO |        0.956 ¦       99           1              0.010 
2025-12-03 13:10:46 | INFO |        0.966 ¦      100           1              0.010 
2025-12-03 13:10:46 | INFO |        0.976 ¦      101           1              0.010 
2025-12-03 13:10:46 | INFO |        0.986 ¦      102           1              0.010 
2025-12-03 13:10:46 | INFO |        0.996 ¦      103           1              0.010 
2025-12-03 13:10:46 | INFO |        1.006 ¦      104           1              0.010 
2025-12-03 13:10:46 | INFO |        1.016 ¦      105           1              0.010 
2025-12-03 13:10:46 | INFO |        1.026 ¦      106           1              0.010 
2025-12-03 13:10:46 | INFO |        1.036 ¦      107           1              0.010 
2025-12-03 13:10:46 | INFO |        1.046 ¦      108           1              0.010 
2025-12-03 13:10:46 | INFO |        1.056 ¦      109           1              0.010 
2025-12-03 13:10:46 | INFO |        1.066 ¦      110           1              0.010 
2025-12-03 13:10:46 | INFO |        1.076 ¦      111           1              0.010 
2025-12-03 13:10:46 | INFO |        1.086 ¦      112           1              0.010 
2025-12-03 13:10:46 | INFO |        1.096 ¦      113           1              0.010 
2025-12-03 13:10:46 | INFO |        1.106 ¦      114           1              0.010 
2025-12-03 13:10:46 | INFO |        1.116 ¦      115           1              0.010 
2025-12-03 13:10:46 | INFO |        1.126 ¦      116           1              0.010 
2025-12-03 13:10:46 | INFO |        1.136 ¦      117           1              0.010 
2025-12-03 13:10:46 | INFO |        1.146 ¦      118           1              0.010 
2025-12-03 13:10:46 | INFO |        1.156 ¦      119           1              0.010 
2025-12-03 13:10:46 | INFO |        1.166 ¦      120           1              0.010 
2025-12-03 13:10:46 | INFO |        1.176 ¦      121           1              0.010 
2025-12-03 13:10:46 | INFO |        1.186 ¦      122           1              0.010 
2025-12-03 13:10:46 | INFO |        1.196 ¦      123           1              0.010 
2025-12-03 13:10:46 | INFO |        1.206 ¦      124           1              0.010 
2025-12-03 13:10:46 | INFO |        1.216 ¦      125           1              0.010 
2025-12-03 13:10:46 | INFO |        1.226 ¦      126           1              0.010 
2025-12-03 13:10:46 | INFO |        1.236 ¦      127           1              0.010 
2025-12-03 13:10:46 | INFO |        1.246 ¦      128           1              0.010 
2025-12-03 13:10:46 | INFO |        1.256 ¦      129           1              0.010 
2025-12-03 13:10:46 | INFO |        1.266 ¦      130           1              0.010 
2025-12-03 13:10:46 | INFO |        1.276 ¦      131           1              0.010 
2025-12-03 13:10:46 | INFO |        1.286 ¦      132           1              0.010 
2025-12-03 13:10:46 | INFO |        1.296 ¦      133           1              0.010 
2025-12-03 13:10:46 | INFO |        1.306 ¦      134           1              0.010 
2025-12-03 13:10:46 | INFO |        1.316 ¦      135           1              0.010 
2025-12-03 13:10:46 | INFO |        1.326 ¦      136           1              0.010 
2025-12-03 13:10:46 | INFO |        1.336 ¦      137           1              0.010 
2025-12-03 13:10:46 | INFO |        1.346 ¦      138           1              0.010 
2025-12-03 13:10:46 | INFO |        1.356 ¦      139           1              0.010 
2025-12-03 13:10:46 | INFO |        1.366 ¦      140           1              0.010 
2025-12-03 13:10:46 | INFO |        1.376 ¦      141           1              0.010 
2025-12-03 13:10:46 | INFO |        1.386 ¦      142           1              0.010 
2025-12-03 13:10:46 | INFO |        1.396 ¦      143           1              0.010 
2025-12-03 13:10:46 | INFO |        1.406 ¦      144           1              0.010 
2025-12-03 13:10:46 | INFO |        1.416 ¦      145           1              0.010 
2025-12-03 13:10:46 | INFO |        1.426 ¦      146           1              0.010 
2025-12-03 13:10:46 | INFO |        1.436 ¦      147           1              0.010 
2025-12-03 13:10:46 | INFO |        1.446 ¦      148           1              0.010 
2025-12-03 13:10:46 | INFO |        1.456 ¦      149           1              0.010 
2025-12-03 13:10:46 | INFO |        1.466 ¦      150           1              0.010 
2025-12-03 13:10:46 | INFO |        1.476 ¦      151           1              0.010 
2025-12-03 13:10:46 | INFO |        1.486 ¦      152           1              0.010 
2025-12-03 13:10:46 | INFO |        1.496 ¦      153           1              0.010 
2025-12-03 13:10:46 | INFO |        1.506 ¦      154           1              0.010 
2025-12-03 13:10:46 | INFO |        1.516 ¦      155           1              0.010 
2025-12-03 13:10:46 | INFO |        1.526 ¦      156           1              0.010 
2025-12-03 13:10:46 | INFO |        1.536 ¦      157           1              0.010 
2025-12-03 13:10:46 | INFO |        1.546 ¦      158           1              0.010 
2025-12-03 13:10:46 | INFO |        1.556 ¦      159           1              0.010 
2025-12-03 13:10:46 | INFO |        1.566 ¦      160           1              0.010 
2025-12-03 13:10:46 | INFO |        1.576 ¦      161           1              0.010 
2025-12-03 13:10:46 | INFO |        1.586 ¦      162           1              0.010 
2025-12-03 13:10:46 | INFO |        1.596 ¦      163           1              0.010 
2025-12-03 13:10:46 | INFO |        1.606 ¦      164           1              0.010 
2025-12-03 13:10:46 | INFO |        1.616 ¦      165           1              0.010 
2025-12-03 13:10:46 | INFO |        1.626 ¦      166           1              0.010 
2025-12-03 13:10:46 | INFO |        1.636 ¦      167           1              0.010 
2025-12-03 13:10:46 | INFO |        1.646 ¦      168           1              0.010 
2025-12-03 13:10:46 | INFO |        1.656 ¦      169           1              0.010 
2025-12-03 13:10:46 | INFO |        1.666 ¦      170           1              0.010 
2025-12-03 13:10:46 | INFO |        1.676 ¦      171           1              0.010 
2025-12-03 13:10:46 | INFO |        1.686 ¦      172           1              0.010 
2025-12-03 13:10:46 | INFO |        1.696 ¦      173           1              0.010 
2025-12-03 13:10:46 | INFO |        1.706 ¦      174           1              0.010 
2025-12-03 13:10:46 | INFO |        1.716 ¦      175           1              0.010 
2025-12-03 13:10:46 | INFO |        1.726 ¦      176           1              0.010 
2025-12-03 13:10:46 | INFO |        1.736 ¦      177           1              0.010 
2025-12-03 13:10:46 | INFO |        1.746 ¦      178           1              0.010 
2025-12-03 13:10:46 | INFO |        1.756 ¦      179           1              0.010 
2025-12-03 13:10:46 | INFO |        1.766 ¦      180           1              0.010 
2025-12-03 13:10:46 | INFO |        1.776 ¦      181           1              0.010 
2025-12-03 13:10:46 | INFO |        1.786 ¦      182           1              0.010 
2025-12-03 13:10:46 | INFO |        1.796 ¦      183           1              0.010 
2025-12-03 13:10:46 | INFO |        1.806 ¦      184           1              0.010 
2025-12-03 13:10:46 | INFO |        1.816 ¦      185           1              0.010 
2025-12-03 13:10:46 | INFO |        1.826 ¦      186           1              0.010 
2025-12-03 13:10:46 | INFO |        1.836 ¦      187           1              0.010 
2025-12-03 13:10:46 | INFO |        1.846 ¦      188           1              0.010 
2025-12-03 13:10:46 | INFO |        1.856 ¦      189           1              0.010 
2025-12-03 13:10:46 | INFO |        1.866 ¦      190           1              0.010 
2025-12-03 13:10:46 | INFO |        1.876 ¦      191           1              0.010 
2025-12-03 13:10:46 | INFO |        1.886 ¦      192           1              0.010 
2025-12-03 13:10:46 | INFO |        1.896 ¦      193           1              0.010 
2025-12-03 13:10:46 | INFO |        1.906 ¦      194           1              0.010 
2025-12-03 13:10:46 | INFO |        1.916 ¦      195           1              0.010 
2025-12-03 13:10:46 | INFO |        1.926 ¦      196           1              0.010 
2025-12-03 13:10:46 | INFO |        1.936 ¦      197           1              0.010 
2025-12-03 13:10:46 | INFO |        1.946 ¦      198           1              0.010 
2025-12-03 13:10:46 | INFO |        1.956 ¦      199           1              0.010 
2025-12-03 13:10:46 | INFO |        1.966 ¦      200           1              0.010 
2025-12-03 13:10:46 | INFO |        1.976 ¦      201           1              0.010 
2025-12-03 13:10:46 | INFO |        1.986 ¦      202           1              0.010 
2025-12-03 13:10:46 | INFO |        1.996 ¦      203           1              0.010 
2025-12-03 13:10:46 | INFO | Algebraic mode change at t = 2
2025-12-03 13:10:46 | INFO |        2.000 ¦      204           1              0.010 
2025-12-03 13:10:46 | INFO | calculation of the new starting point of the simulation.
2025-12-03 13:10:46 | INFO |        2.000 ¦        0           0              0.000 
2025-12-03 13:10:46 | INFO |        2.001 ¦        1           1              0.001 
2025-12-03 13:10:46 | INFO |        2.002 ¦        2           1              0.001 
2025-12-03 13:10:46 | INFO |        2.004 ¦        3           2              0.002 
2025-12-03 13:10:46 | INFO |        2.008 ¦        4           1              0.004 
2025-12-03 13:10:46 | INFO |        2.016 ¦        5           1              0.008 
2025-12-03 13:10:46 | INFO |        2.026 ¦        6           1              0.010 
2025-12-03 13:10:46 | INFO |        2.036 ¦        7           1              0.010 
2025-12-03 13:10:46 | INFO |        2.046 ¦        8           1              0.010 
2025-12-03 13:10:46 | INFO |        2.056 ¦        9           1              0.010 
2025-12-03 13:10:46 | INFO |        2.066 ¦       10           1              0.010 
2025-12-03 13:10:46 | INFO |        2.076 ¦       11           1              0.010 
2025-12-03 13:10:46 | INFO |        2.086 ¦       12           1              0.010 
2025-12-03 13:10:46 | INFO |        2.096 ¦       13           1              0.010 
2025-12-03 13:10:46 | INFO |        2.106 ¦       14           1              0.010 
2025-12-03 13:10:46 | INFO |        2.116 ¦       15           1              0.010 
2025-12-03 13:10:46 | INFO |        2.126 ¦       16           1              0.010 
2025-12-03 13:10:46 | INFO |        2.136 ¦       17           1              0.010 
2025-12-03 13:10:46 | INFO |        2.146 ¦       18           1              0.010 
2025-12-03 13:10:46 | INFO |        2.156 ¦       19           1              0.010 
2025-12-03 13:10:46 | INFO |        2.166 ¦       20           1              0.010 
2025-12-03 13:10:46 | INFO |        2.176 ¦       21           1              0.010 
2025-12-03 13:10:46 | INFO |        2.186 ¦       22           1              0.010 
2025-12-03 13:10:46 | INFO |        2.196 ¦       23           1              0.010 
2025-12-03 13:10:46 | INFO | Algebraic mode change at t = 2.2
2025-12-03 13:10:46 | INFO |        2.200 ¦       24           1              0.010 
2025-12-03 13:10:46 | INFO | calculation of the new starting point of the simulation.
2025-12-03 13:10:46 | INFO |        2.200 ¦        0           0              0.000 
2025-12-03 13:10:46 | INFO |        2.201 ¦        1           1              0.001 
2025-12-03 13:10:46 | INFO |        2.202 ¦        2           1              0.001 
2025-12-03 13:10:46 | INFO |        2.204 ¦        3           2              0.002 
2025-12-03 13:10:46 | INFO |        2.208 ¦        4           1              0.004 
2025-12-03 13:10:46 | INFO |        2.216 ¦        5           1              0.008 
2025-12-03 13:10:46 | INFO |        2.226 ¦        6           1              0.010 
2025-12-03 13:10:46 | INFO |        2.236 ¦        7           1              0.010 
2025-12-03 13:10:46 | INFO |        2.246 ¦        8           1              0.010 
2025-12-03 13:10:46 | INFO |        2.256 ¦        9           1              0.010 
2025-12-03 13:10:46 | INFO |        2.266 ¦       10           1              0.010 
2025-12-03 13:10:46 | INFO |        2.276 ¦       11           1              0.010 
2025-12-03 13:10:46 | INFO |        2.286 ¦       12           1              0.010 
2025-12-03 13:10:46 | INFO |        2.296 ¦       13           1              0.010 
2025-12-03 13:10:46 | INFO |        2.306 ¦       14           1              0.010 
2025-12-03 13:10:46 | INFO |        2.316 ¦       15           1              0.010 
2025-12-03 13:10:46 | INFO |        2.326 ¦       16           1              0.010 
2025-12-03 13:10:46 | INFO | Algebraic mode change at t = 2.33333
2025-12-03 13:10:46 | INFO |        2.333 ¦       17           1              0.010 
2025-12-03 13:10:46 | INFO | calculation of the new starting point of the simulation.
2025-12-03 13:10:46 | INFO |        2.333 ¦        0           0              0.000 
2025-12-03 13:10:46 | INFO |        2.334 ¦        1           1              0.001 
2025-12-03 13:10:46 | INFO |        2.335 ¦        2           1              0.001 
2025-12-03 13:10:46 | INFO |        2.337 ¦        3           2              0.002 
2025-12-03 13:10:46 | INFO |        2.341 ¦        4           1              0.004 
2025-12-03 13:10:46 | INFO |        2.349 ¦        5           1              0.008 
2025-12-03 13:10:46 | INFO |        2.359 ¦        6           1              0.010 
2025-12-03 13:10:46 | INFO |        2.369 ¦        7           1              0.010 
2025-12-03 13:10:46 | INFO |        2.379 ¦        8           1              0.010 
2025-12-03 13:10:46 | INFO |        2.389 ¦        9           1              0.010 
2025-12-03 13:10:46 | INFO |        2.399 ¦       10           1              0.010 
2025-12-03 13:10:46 | INFO |        2.409 ¦       11           1              0.010 
2025-12-03 13:10:46 | INFO |        2.419 ¦       12           1              0.010 
2025-12-03 13:10:46 | INFO |        2.429 ¦       13           1              0.010 
2025-12-03 13:10:46 | INFO |        2.439 ¦       14           1              0.010 
2025-12-03 13:10:46 | INFO |        2.449 ¦       15           1              0.010 
2025-12-03 13:10:46 | INFO |        2.459 ¦       16           1              0.010 
2025-12-03 13:10:46 | INFO |        2.469 ¦       17           1              0.010 
2025-12-03 13:10:46 | INFO |        2.479 ¦       18           1              0.010 
2025-12-03 13:10:46 | INFO |        2.489 ¦       19           1              0.010 
2025-12-03 13:10:46 | INFO |        2.499 ¦       20           1              0.010 
2025-12-03 13:10:46 | INFO |        2.509 ¦       21           1              0.010 
2025-12-03 13:10:46 | INFO |        2.519 ¦       22           1              0.010 
2025-12-03 13:10:46 | INFO |        2.529 ¦       23           1              0.010 
2025-12-03 13:10:46 | INFO |        2.539 ¦       24           1              0.010 
2025-12-03 13:10:46 | INFO |        2.549 ¦       25           1              0.010 
2025-12-03 13:10:46 | INFO |        2.559 ¦       26           1              0.010 
2025-12-03 13:10:46 | INFO |        2.569 ¦       27           1              0.010 
2025-12-03 13:10:46 | INFO |        2.579 ¦       28           1              0.010 
2025-12-03 13:10:46 | INFO |        2.589 ¦       29           1              0.010 
2025-12-03 13:10:46 | INFO |        2.599 ¦       30           1              0.010 
2025-12-03 13:10:46 | INFO |        2.609 ¦       31           1              0.010 
2025-12-03 13:10:46 | INFO |        2.619 ¦       32           1              0.010 
2025-12-03 13:10:46 | INFO |        2.629 ¦       33           1              0.010 
2025-12-03 13:10:46 | INFO |        2.639 ¦       34           1              0.010 
2025-12-03 13:10:46 | INFO |        2.649 ¦       35           1              0.010 
2025-12-03 13:10:46 | INFO |        2.659 ¦       36           1              0.010 
2025-12-03 13:10:46 | INFO |        2.669 ¦       37           1              0.010 
2025-12-03 13:10:46 | INFO |        2.679 ¦       38           1              0.010 
2025-12-03 13:10:46 | INFO |        2.689 ¦       39           1              0.010 
2025-12-03 13:10:46 | INFO |        2.699 ¦       40           1              0.010 
2025-12-03 13:10:46 | INFO |        2.709 ¦       41           1              0.010 
2025-12-03 13:10:46 | INFO |        2.719 ¦       42           1              0.010 
2025-12-03 13:10:46 | INFO |        2.729 ¦       43           1              0.010 
2025-12-03 13:10:46 | INFO |        2.739 ¦       44           1              0.010 
2025-12-03 13:10:46 | INFO |        2.749 ¦       45           1              0.010 
2025-12-03 13:10:46 | INFO |        2.759 ¦       46           1              0.010 
2025-12-03 13:10:46 | INFO |        2.769 ¦       47           1              0.010 
2025-12-03 13:10:46 | INFO |        2.779 ¦       48           1              0.010 
2025-12-03 13:10:46 | INFO |        2.789 ¦       49           1              0.010 
2025-12-03 13:10:46 | INFO |        2.799 ¦       50           1              0.010 
2025-12-03 13:10:46 | INFO |        2.809 ¦       51           1              0.010 
2025-12-03 13:10:46 | INFO |        2.819 ¦       52           1              0.010 
2025-12-03 13:10:46 | INFO |        2.829 ¦       53           1              0.010 
2025-12-03 13:10:46 | INFO |        2.839 ¦       54           1              0.010 
2025-12-03 13:10:46 | INFO |        2.849 ¦       55           1              0.010 
2025-12-03 13:10:46 | INFO |        2.859 ¦       56           1              0.010 
2025-12-03 13:10:46 | INFO |        2.869 ¦       57           1              0.010 
2025-12-03 13:10:46 | INFO |        2.879 ¦       58           1              0.010 
2025-12-03 13:10:46 | INFO |        2.889 ¦       59           1              0.010 
2025-12-03 13:10:46 | INFO |        2.899 ¦       60           1              0.010 
2025-12-03 13:10:46 | INFO |        2.909 ¦       61           1              0.010 
2025-12-03 13:10:46 | INFO |        2.919 ¦       62           1              0.010 
2025-12-03 13:10:46 | INFO |        2.929 ¦       63           1              0.010 
2025-12-03 13:10:46 | INFO |        2.939 ¦       64           1              0.010 
2025-12-03 13:10:46 | INFO |        2.949 ¦       65           1              0.010 
2025-12-03 13:10:46 | INFO |        2.959 ¦       66           1              0.010 
2025-12-03 13:10:46 | INFO |        2.969 ¦       67           1              0.010 
2025-12-03 13:10:46 | INFO |        2.979 ¦       68           1              0.010 
2025-12-03 13:10:46 | INFO |        2.989 ¦       69           1              0.010 
2025-12-03 13:10:46 | INFO |        2.999 ¦       70           1              0.010 
2025-12-03 13:10:46 | INFO | Algebraic mode change at t = 3
2025-12-03 13:10:46 | INFO |        3.000 ¦       71           1              0.010 
2025-12-03 13:10:46 | INFO | calculation of the new starting point of the simulation.
2025-12-03 13:10:46 | INFO |        3.000 ¦        0           0              0.000 
2025-12-03 13:10:46 | INFO |        3.001 ¦        1           1              0.001 
2025-12-03 13:10:46 | INFO |        3.002 ¦        2           1              0.001 
2025-12-03 13:10:46 | INFO |        3.004 ¦        3           2              0.002 
2025-12-03 13:10:46 | INFO |        3.008 ¦        4           1              0.004 
2025-12-03 13:10:46 | INFO |        3.016 ¦        5           1              0.008 
2025-12-03 13:10:46 | INFO |        3.026 ¦        6           1              0.010 
2025-12-03 13:10:46 | INFO |        3.036 ¦        7           1              0.010 
2025-12-03 13:10:46 | INFO |        3.046 ¦        8           1              0.010 
2025-12-03 13:10:46 | INFO |        3.056 ¦        9           1              0.010 
2025-12-03 13:10:46 | INFO |        3.066 ¦       10           1              0.010 
2025-12-03 13:10:46 | INFO |        3.076 ¦       11           1              0.010 
2025-12-03 13:10:46 | INFO |        3.086 ¦       12           1              0.010 
2025-12-03 13:10:46 | INFO |        3.096 ¦       13           1              0.010 
2025-12-03 13:10:46 | INFO |        3.106 ¦       14           1              0.010 
2025-12-03 13:10:46 | INFO |        3.116 ¦       15           1              0.010 
2025-12-03 13:10:46 | INFO |        3.126 ¦       16           1              0.010 
2025-12-03 13:10:46 | INFO |        3.136 ¦       17           1              0.010 
2025-12-03 13:10:46 | INFO |        3.146 ¦       18           1              0.010 
2025-12-03 13:10:46 | INFO |        3.156 ¦       19           1              0.010 
2025-12-03 13:10:46 | INFO |        3.166 ¦       20           1              0.010 
2025-12-03 13:10:46 | INFO |        3.176 ¦       21           1              0.010 
2025-12-03 13:10:46 | INFO |        3.186 ¦       22           1              0.010 
2025-12-03 13:10:46 | INFO |        3.196 ¦       23           1              0.010 
2025-12-03 13:10:46 | INFO |        3.206 ¦       24           1              0.010 
2025-12-03 13:10:46 | INFO |        3.216 ¦       25           1              0.010 
2025-12-03 13:10:46 | INFO |        3.226 ¦       26           1              0.010 
2025-12-03 13:10:46 | INFO |        3.236 ¦       27           1              0.010 
2025-12-03 13:10:46 | INFO |        3.246 ¦       28           1              0.010 
2025-12-03 13:10:46 | INFO |        3.256 ¦       29           1              0.010 
2025-12-03 13:10:46 | INFO |        3.266 ¦       30           1              0.010 
2025-12-03 13:10:46 | INFO |        3.276 ¦       31           1              0.010 
2025-12-03 13:10:46 | INFO |        3.286 ¦       32           1              0.010 
2025-12-03 13:10:46 | INFO |        3.296 ¦       33           1              0.010 
2025-12-03 13:10:46 | INFO |        3.306 ¦       34           1              0.010 
2025-12-03 13:10:46 | INFO |        3.316 ¦       35           1              0.010 
2025-12-03 13:10:46 | INFO |        3.326 ¦       36           1              0.010 
2025-12-03 13:10:46 | INFO |        3.336 ¦       37           1              0.010 
2025-12-03 13:10:46 | INFO |        3.346 ¦       38           1              0.010 
2025-12-03 13:10:46 | INFO |        3.356 ¦       39           1              0.010 
2025-12-03 13:10:46 | INFO |        3.366 ¦       40           1              0.010 
2025-12-03 13:10:46 | INFO |        3.376 ¦       41           1              0.010 
2025-12-03 13:10:46 | INFO |        3.386 ¦       42           1              0.010 
2025-12-03 13:10:46 | INFO |        3.396 ¦       43           1              0.010 
2025-12-03 13:10:46 | INFO |        3.406 ¦       44           1              0.010 
2025-12-03 13:10:46 | INFO |        3.416 ¦       45           1              0.010 
2025-12-03 13:10:46 | INFO |        3.426 ¦       46           1              0.010 
2025-12-03 13:10:46 | INFO |        3.436 ¦       47           1              0.010 
2025-12-03 13:10:46 | INFO |        3.446 ¦       48           1              0.010 
2025-12-03 13:10:46 | INFO |        3.456 ¦       49           1              0.010 
2025-12-03 13:10:46 | INFO |        3.466 ¦       50           1              0.010 
2025-12-03 13:10:46 | INFO |        3.476 ¦       51           1              0.010 
2025-12-03 13:10:46 | INFO |        3.486 ¦       52           1              0.010 
2025-12-03 13:10:46 | INFO |        3.496 ¦       53           1              0.010 
2025-12-03 13:10:46 | INFO |        3.506 ¦       54           1              0.010 
2025-12-03 13:10:46 | INFO |        3.516 ¦       55           1              0.010 
2025-12-03 13:10:46 | INFO |        3.526 ¦       56           1              0.010 
2025-12-03 13:10:46 | INFO |        3.536 ¦       57           1              0.010 
2025-12-03 13:10:46 | INFO |        3.546 ¦       58           1              0.010 
2025-12-03 13:10:46 | INFO |        3.556 ¦       59           1              0.010 
2025-12-03 13:10:46 | INFO |        3.566 ¦       60           1              0.010 
2025-12-03 13:10:46 | INFO |        3.576 ¦       61           1              0.010 
2025-12-03 13:10:46 | INFO |        3.586 ¦       62           1              0.010 
2025-12-03 13:10:46 | INFO |        3.596 ¦       63           1              0.010 
2025-12-03 13:10:46 | INFO |        3.606 ¦       64           1              0.010 
2025-12-03 13:10:46 | INFO |        3.616 ¦       65           1              0.010 
2025-12-03 13:10:46 | INFO |        3.626 ¦       66           1              0.010 
2025-12-03 13:10:46 | INFO |        3.636 ¦       67           1              0.010 
2025-12-03 13:10:46 | INFO |        3.646 ¦       68           1              0.010 
2025-12-03 13:10:46 | INFO |        3.656 ¦       69           1              0.010 
2025-12-03 13:10:46 | INFO |        3.666 ¦       70           1              0.010 
2025-12-03 13:10:46 | INFO |        3.676 ¦       71           1              0.010 
2025-12-03 13:10:46 | INFO |        3.686 ¦       72           1              0.010 
2025-12-03 13:10:46 | INFO |        3.696 ¦       73           1              0.010 
2025-12-03 13:10:46 | INFO |        3.706 ¦       74           1              0.010 
2025-12-03 13:10:46 | INFO |        3.716 ¦       75           1              0.010 
2025-12-03 13:10:46 | INFO |        3.726 ¦       76           1              0.010 
2025-12-03 13:10:46 | INFO |        3.736 ¦       77           1              0.010 
2025-12-03 13:10:46 | INFO |        3.746 ¦       78           1              0.010 
2025-12-03 13:10:46 | INFO |        3.756 ¦       79           1              0.010 
2025-12-03 13:10:46 | INFO |        3.766 ¦       80           1              0.010 
2025-12-03 13:10:46 | INFO |        3.776 ¦       81           1              0.010 
2025-12-03 13:10:46 | INFO |        3.786 ¦       82           1              0.010 
2025-12-03 13:10:46 | INFO |        3.796 ¦       83           1              0.010 
2025-12-03 13:10:46 | INFO |        3.806 ¦       84           1              0.010 
2025-12-03 13:10:46 | INFO |        3.816 ¦       85           1              0.010 
2025-12-03 13:10:46 | INFO |        3.826 ¦       86           1              0.010 
2025-12-03 13:10:46 | INFO |        3.836 ¦       87           1              0.010 
2025-12-03 13:10:46 | INFO |        3.846 ¦       88           1              0.010 
2025-12-03 13:10:46 | INFO |        3.856 ¦       89           1              0.010 
2025-12-03 13:10:46 | INFO |        3.866 ¦       90           1              0.010 
2025-12-03 13:10:46 | INFO |        3.876 ¦       91           1              0.010 
2025-12-03 13:10:46 | INFO |        3.886 ¦       92           1              0.010 
2025-12-03 13:10:46 | INFO |        3.896 ¦       93           1              0.010 
2025-12-03 13:10:46 | INFO |        3.906 ¦       94           1              0.010 
2025-12-03 13:10:46 | INFO |        3.916 ¦       95           1              0.010 
2025-12-03 13:10:46 | INFO |        3.926 ¦       96           1              0.010 
2025-12-03 13:10:46 | INFO |        3.936 ¦       97           1              0.010 
2025-12-03 13:10:46 | INFO |        3.946 ¦       98           1              0.010 
2025-12-03 13:10:46 | INFO |        3.956 ¦       99           1              0.010 
2025-12-03 13:10:46 | INFO |        3.966 ¦      100           1              0.010 
2025-12-03 13:10:46 | INFO |        3.976 ¦      101           1              0.010 
2025-12-03 13:10:46 | INFO |        3.986 ¦      102           1              0.010 
2025-12-03 13:10:46 | INFO |        3.996 ¦      103           1              0.010 
2025-12-03 13:10:46 | INFO |        4.006 ¦      104           1              0.010 
2025-12-03 13:10:46 | INFO |        4.016 ¦      105           1              0.010 
2025-12-03 13:10:46 | INFO |        4.026 ¦      106           1              0.010 
2025-12-03 13:10:46 | INFO |        4.036 ¦      107           1              0.010 
2025-12-03 13:10:46 | INFO |        4.046 ¦      108           1              0.010 
2025-12-03 13:10:46 | INFO |        4.056 ¦      109           1              0.010 
2025-12-03 13:10:46 | INFO |        4.066 ¦      110           1              0.010 
2025-12-03 13:10:46 | INFO |        4.076 ¦      111           1              0.010 
2025-12-03 13:10:46 | INFO |        4.086 ¦      112           1              0.010 
2025-12-03 13:10:46 | INFO |        4.096 ¦      113           1              0.010 
2025-12-03 13:10:46 | INFO |        4.106 ¦      114           1              0.010 
2025-12-03 13:10:46 | INFO |        4.116 ¦      115           1              0.010 
2025-12-03 13:10:46 | INFO |        4.126 ¦      116           1              0.010 
2025-12-03 13:10:46 | INFO |        4.136 ¦      117           1              0.010 
2025-12-03 13:10:46 | INFO |        4.146 ¦      118           1              0.010 
2025-12-03 13:10:46 | INFO |        4.156 ¦      119           1              0.010 
2025-12-03 13:10:46 | INFO |        4.166 ¦      120           1              0.010 
2025-12-03 13:10:46 | INFO |        4.176 ¦      121           1              0.010 
2025-12-03 13:10:46 | INFO |        4.186 ¦      122           1              0.010 
2025-12-03 13:10:46 | INFO |        4.196 ¦      123           1              0.010 
2025-12-03 13:10:46 | INFO |        4.206 ¦      124           1              0.010 
2025-12-03 13:10:46 | INFO |        4.216 ¦      125           1              0.010 
2025-12-03 13:10:46 | INFO |        4.226 ¦      126           1              0.010 
2025-12-03 13:10:46 | INFO |        4.236 ¦      127           1              0.010 
2025-12-03 13:10:46 | INFO |        4.246 ¦      128           1              0.010 
2025-12-03 13:10:46 | INFO |        4.256 ¦      129           1              0.010 
2025-12-03 13:10:46 | INFO |        4.266 ¦      130           1              0.010 
2025-12-03 13:10:46 | INFO |        4.276 ¦      131           1              0.010 
2025-12-03 13:10:46 | INFO |        4.286 ¦      132           1              0.010 
2025-12-03 13:10:46 | INFO |        4.296 ¦      133           1              0.010 
2025-12-03 13:10:46 | INFO |        4.306 ¦      134           1              0.010 
2025-12-03 13:10:46 | INFO |        4.316 ¦      135           1              0.010 
2025-12-03 13:10:46 | INFO |        4.326 ¦      136           1              0.010 
2025-12-03 13:10:46 | INFO |        4.336 ¦      137           1              0.010 
2025-12-03 13:10:46 | INFO |        4.346 ¦      138           1              0.010 
2025-12-03 13:10:46 | INFO |        4.356 ¦      139           1              0.010 
2025-12-03 13:10:46 | INFO |        4.366 ¦      140           1              0.010 
2025-12-03 13:10:46 | INFO |        4.376 ¦      141           1              0.010 
2025-12-03 13:10:46 | INFO |        4.386 ¦      142           1              0.010 
2025-12-03 13:10:46 | INFO |        4.396 ¦      143           1              0.010 
2025-12-03 13:10:46 | INFO |        4.406 ¦      144           1              0.010 
2025-12-03 13:10:46 | INFO |        4.416 ¦      145           1              0.010 
2025-12-03 13:10:46 | INFO |        4.426 ¦      146           1              0.010 
2025-12-03 13:10:46 | INFO |        4.436 ¦      147           1              0.010 
2025-12-03 13:10:46 | INFO |        4.446 ¦      148           1              0.010 
2025-12-03 13:10:46 | INFO |        4.456 ¦      149           1              0.010 
2025-12-03 13:10:46 | INFO |        4.466 ¦      150           1              0.010 
2025-12-03 13:10:46 | INFO |        4.476 ¦      151           1              0.010 
2025-12-03 13:10:46 | INFO |        4.486 ¦      152           1              0.010 
2025-12-03 13:10:46 | INFO |        4.496 ¦      153           1              0.010 
2025-12-03 13:10:46 | INFO |        4.506 ¦      154           1              0.010 
2025-12-03 13:10:46 | INFO |        4.516 ¦      155           1              0.010 
2025-12-03 13:10:46 | INFO |        4.526 ¦      156           1              0.010 
2025-12-03 13:10:46 | INFO |        4.536 ¦      157           1              0.010 
2025-12-03 13:10:46 | INFO |        4.546 ¦      158           1              0.010 
2025-12-03 13:10:46 | INFO |        4.556 ¦      159           1              0.010 
2025-12-03 13:10:46 | INFO |        4.566 ¦      160           1              0.010 
2025-12-03 13:10:46 | INFO |        4.576 ¦      161           1              0.010 
2025-12-03 13:10:46 | INFO |        4.586 ¦      162           1              0.010 
2025-12-03 13:10:46 | INFO |        4.596 ¦      163           1              0.010 
2025-12-03 13:10:46 | INFO |        4.606 ¦      164           1              0.010 
2025-12-03 13:10:46 | INFO |        4.616 ¦      165           1              0.010 
2025-12-03 13:10:46 | INFO |        4.626 ¦      166           1              0.010 
2025-12-03 13:10:46 | INFO |        4.636 ¦      167           1              0.010 
2025-12-03 13:10:46 | INFO |        4.646 ¦      168           1              0.010 
2025-12-03 13:10:46 | INFO |        4.656 ¦      169           1              0.010 
2025-12-03 13:10:46 | INFO |        4.666 ¦      170           1              0.010 
2025-12-03 13:10:46 | INFO |        4.676 ¦      171           1              0.010 
2025-12-03 13:10:46 | INFO |        4.686 ¦      172           1              0.010 
2025-12-03 13:10:46 | INFO |        4.696 ¦      173           1              0.010 
2025-12-03 13:10:46 | INFO |        4.706 ¦      174           1              0.010 
2025-12-03 13:10:46 | INFO |        4.716 ¦      175           1              0.010 
2025-12-03 13:10:46 | INFO |        4.726 ¦      176           1              0.010 
2025-12-03 13:10:46 | INFO |        4.736 ¦      177           1              0.010 
2025-12-03 13:10:46 | INFO |        4.746 ¦      178           1              0.010 
2025-12-03 13:10:46 | INFO |        4.756 ¦      179           1              0.010 
2025-12-03 13:10:46 | INFO |        4.766 ¦      180           1              0.010 
2025-12-03 13:10:46 | INFO |        4.776 ¦      181           1              0.010 
2025-12-03 13:10:46 | INFO |        4.786 ¦      182           1              0.010 
2025-12-03 13:10:46 | INFO |        4.796 ¦      183           1              0.010 
2025-12-03 13:10:46 | INFO |        4.806 ¦      184           1              0.010 
2025-12-03 13:10:46 | INFO |        4.816 ¦      185           1              0.010 
2025-12-03 13:10:46 | INFO |        4.826 ¦      186           1              0.010 
2025-12-03 13:10:46 | INFO |        4.836 ¦      187           1              0.010 
2025-12-03 13:10:46 | INFO |        4.846 ¦      188           1              0.010 
2025-12-03 13:10:46 | INFO |        4.856 ¦      189           1              0.010 
2025-12-03 13:10:46 | INFO |        4.866 ¦      190           1              0.010 
2025-12-03 13:10:46 | INFO |        4.876 ¦      191           1              0.010 
2025-12-03 13:10:46 | INFO |        4.886 ¦      192           1              0.010 
2025-12-03 13:10:46 | INFO |        4.896 ¦      193           1              0.010 
2025-12-03 13:10:46 | INFO |        4.906 ¦      194           1              0.010 
2025-12-03 13:10:46 | INFO |        4.916 ¦      195           1              0.010 
2025-12-03 13:10:46 | INFO |        4.926 ¦      196           1              0.010 
2025-12-03 13:10:46 | INFO |        4.936 ¦      197           1              0.010 
2025-12-03 13:10:46 | INFO |        4.946 ¦      198           1              0.010 
2025-12-03 13:10:46 | INFO |        4.956 ¦      199           1              0.010 
2025-12-03 13:10:46 | INFO |        4.966 ¦      200           1              0.010 
2025-12-03 13:10:46 | INFO |        4.976 ¦      201           1              0.010 
2025-12-03 13:10:46 | INFO |        4.986 ¦      202           1              0.010 
2025-12-03 13:10:46 | INFO |        4.996 ¦      203           1              0.010 
2025-12-03 13:10:46 | INFO |        5.006 ¦      204           1              0.010 
2025-12-03 13:10:46 | INFO |        5.016 ¦      205           1              0.010 
2025-12-03 13:10:46 | INFO |        5.026 ¦      206           1              0.010 
2025-12-03 13:10:46 | INFO |        5.036 ¦      207           1              0.010 
2025-12-03 13:10:46 | INFO |        5.046 ¦      208           1              0.010 
2025-12-03 13:10:46 | INFO |        5.056 ¦      209           1              0.010 
2025-12-03 13:10:46 | INFO |        5.066 ¦      210           1              0.010 
2025-12-03 13:10:46 | INFO |        5.076 ¦      211           1              0.010 
2025-12-03 13:10:46 | INFO |        5.086 ¦      212           1              0.010 
2025-12-03 13:10:46 | INFO |        5.096 ¦      213           1              0.010 
2025-12-03 13:10:46 | INFO |        5.106 ¦      214           1              0.010 
2025-12-03 13:10:46 | INFO |        5.116 ¦      215           1              0.010 
2025-12-03 13:10:46 | INFO |        5.126 ¦      216           1              0.010 
2025-12-03 13:10:46 | INFO |        5.136 ¦      217           1              0.010 
2025-12-03 13:10:46 | INFO |        5.146 ¦      218           1              0.010 
2025-12-03 13:10:46 | INFO |        5.156 ¦      219           1              0.010 
2025-12-03 13:10:46 | INFO |        5.166 ¦      220           1              0.010 
2025-12-03 13:10:46 | INFO |        5.176 ¦      221           1              0.010 
2025-12-03 13:10:46 | INFO |        5.186 ¦      222           1              0.010 
2025-12-03 13:10:46 | INFO |        5.196 ¦      223           1              0.010 
2025-12-03 13:10:46 | INFO |        5.206 ¦      224           1              0.010 
2025-12-03 13:10:46 | INFO |        5.216 ¦      225           1              0.010 
2025-12-03 13:10:46 | INFO |        5.226 ¦      226           1              0.010 
2025-12-03 13:10:46 | INFO |        5.236 ¦      227           1              0.010 
2025-12-03 13:10:46 | INFO |        5.246 ¦      228           1              0.010 
2025-12-03 13:10:46 | INFO |        5.256 ¦      229           1              0.010 
2025-12-03 13:10:46 | INFO |        5.266 ¦      230           1              0.010 
2025-12-03 13:10:46 | INFO |        5.276 ¦      231           1              0.010 
2025-12-03 13:10:46 | INFO |        5.286 ¦      232           1              0.010 
2025-12-03 13:10:46 | INFO |        5.296 ¦      233           1              0.010 
2025-12-03 13:10:46 | INFO |        5.306 ¦      234           1              0.010 
2025-12-03 13:10:46 | INFO |        5.316 ¦      235           1              0.010 
2025-12-03 13:10:46 | INFO |        5.326 ¦      236           1              0.010 
2025-12-03 13:10:46 | INFO |        5.336 ¦      237           1              0.010 
2025-12-03 13:10:46 | INFO |        5.346 ¦      238           1              0.010 
2025-12-03 13:10:46 | INFO |        5.356 ¦      239           1              0.010 
2025-12-03 13:10:46 | INFO |        5.366 ¦      240           1              0.010 
2025-12-03 13:10:46 | INFO |        5.376 ¦      241           1              0.010 
2025-12-03 13:10:46 | INFO |        5.386 ¦      242           1              0.010 
2025-12-03 13:10:46 | INFO |        5.396 ¦      243           1              0.010 
2025-12-03 13:10:46 | INFO |        5.406 ¦      244           1              0.010 
2025-12-03 13:10:46 | INFO |        5.416 ¦      245           1              0.010 
2025-12-03 13:10:46 | INFO |        5.426 ¦      246           1              0.010 
2025-12-03 13:10:46 | INFO |        5.436 ¦      247           1              0.010 
2025-12-03 13:10:46 | INFO |        5.446 ¦      248           1              0.010 
2025-12-03 13:10:46 | INFO |        5.456 ¦      249           1              0.010 
2025-12-03 13:10:46 | INFO |        5.466 ¦      250           1              0.010 
2025-12-03 13:10:46 | INFO |        5.476 ¦      251           1              0.010 
2025-12-03 13:10:46 | INFO |        5.486 ¦      252           1              0.010 
2025-12-03 13:10:46 | INFO |        5.496 ¦      253           1              0.010 
2025-12-03 13:10:46 | INFO |        5.506 ¦      254           1              0.010 
2025-12-03 13:10:46 | INFO |        5.516 ¦      255           1              0.010 
2025-12-03 13:10:46 | INFO |        5.526 ¦      256           1              0.010 
2025-12-03 13:10:46 | INFO |        5.536 ¦      257           1              0.010 
2025-12-03 13:10:46 | INFO |        5.546 ¦      258           1              0.010 
2025-12-03 13:10:46 | INFO |        5.556 ¦      259           1              0.010 
2025-12-03 13:10:46 | INFO |        5.566 ¦      260           1              0.010 
2025-12-03 13:10:46 | INFO |        5.576 ¦      261           1              0.010 
2025-12-03 13:10:46 | INFO |        5.586 ¦      262           1              0.010 
2025-12-03 13:10:46 | INFO |        5.596 ¦      263           1              0.010 
2025-12-03 13:10:46 | INFO |        5.606 ¦      264           1              0.010 
2025-12-03 13:10:46 | INFO |        5.616 ¦      265           1              0.010 
2025-12-03 13:10:46 | INFO |        5.626 ¦      266           1              0.010 
2025-12-03 13:10:46 | INFO |        5.636 ¦      267           1              0.010 
2025-12-03 13:10:46 | INFO |        5.646 ¦      268           1              0.010 
2025-12-03 13:10:46 | INFO |        5.656 ¦      269           1              0.010 
2025-12-03 13:10:46 | INFO |        5.666 ¦      270           1              0.010 
2025-12-03 13:10:46 | INFO |        5.676 ¦      271           1              0.010 
2025-12-03 13:10:46 | INFO |        5.686 ¦      272           1              0.010 
2025-12-03 13:10:46 | INFO |        5.696 ¦      273           1              0.010 
2025-12-03 13:10:46 | INFO |        5.706 ¦      274           1              0.010 
2025-12-03 13:10:46 | INFO |        5.716 ¦      275           1              0.010 
2025-12-03 13:10:46 | INFO |        5.726 ¦      276           1              0.010 
2025-12-03 13:10:46 | INFO |        5.736 ¦      277           1              0.010 
2025-12-03 13:10:46 | INFO |        5.746 ¦      278           1              0.010 
2025-12-03 13:10:46 | INFO |        5.756 ¦      279           1              0.010 
2025-12-03 13:10:46 | INFO |        5.766 ¦      280           1              0.010 
2025-12-03 13:10:46 | INFO |        5.776 ¦      281           1              0.010 
2025-12-03 13:10:46 | INFO |        5.786 ¦      282           1              0.010 
2025-12-03 13:10:46 | INFO |        5.796 ¦      283           1              0.010 
2025-12-03 13:10:46 | INFO |        5.806 ¦      284           1              0.010 
2025-12-03 13:10:46 | INFO |        5.816 ¦      285           1              0.010 
2025-12-03 13:10:46 | INFO |        5.826 ¦      286           1              0.010 
2025-12-03 13:10:46 | INFO |        5.836 ¦      287           1              0.010 
2025-12-03 13:10:46 | INFO |        5.846 ¦      288           1              0.010 
2025-12-03 13:10:46 | INFO |        5.856 ¦      289           1              0.010 
2025-12-03 13:10:46 | INFO |        5.866 ¦      290           1              0.010 
2025-12-03 13:10:46 | INFO |        5.876 ¦      291           1              0.010 
2025-12-03 13:10:46 | INFO |        5.886 ¦      292           1              0.010 
2025-12-03 13:10:46 | INFO |        5.896 ¦      293           1              0.010 
2025-12-03 13:10:46 | INFO |        5.906 ¦      294           1              0.010 
2025-12-03 13:10:46 | INFO |        5.916 ¦      295           1              0.010 
2025-12-03 13:10:46 | INFO |        5.926 ¦      296           1              0.010 
2025-12-03 13:10:46 | INFO |        5.936 ¦      297           1              0.010 
2025-12-03 13:10:46 | INFO |        5.946 ¦      298           1              0.010 
2025-12-03 13:10:46 | INFO |        5.956 ¦      299           1              0.010 
2025-12-03 13:10:46 | INFO |        5.966 ¦      300           1              0.010 
2025-12-03 13:10:46 | INFO |        5.976 ¦      301           1              0.010 
2025-12-03 13:10:46 | INFO |        5.986 ¦      302           1              0.010 
2025-12-03 13:10:46 | INFO |        5.996 ¦      303           1              0.010 
2025-12-03 13:10:46 | INFO |        6.006 ¦      304           1              0.010 
2025-12-03 13:10:46 | INFO |        6.016 ¦      305           1              0.010 
2025-12-03 13:10:46 | INFO |        6.026 ¦      306           1              0.010 
2025-12-03 13:10:46 | INFO |        6.036 ¦      307           1              0.010 
2025-12-03 13:10:46 | INFO |        6.046 ¦      308           1              0.010 
2025-12-03 13:10:46 | INFO |        6.056 ¦      309           1              0.010 
2025-12-03 13:10:46 | INFO |        6.066 ¦      310           1              0.010 
2025-12-03 13:10:46 | INFO |        6.076 ¦      311           1              0.010 
2025-12-03 13:10:46 | INFO |        6.086 ¦      312           1              0.010 
2025-12-03 13:10:46 | INFO |        6.096 ¦      313           1              0.010 
2025-12-03 13:10:46 | INFO |        6.106 ¦      314           1              0.010 
2025-12-03 13:10:46 | INFO |        6.116 ¦      315           1              0.010 
2025-12-03 13:10:46 | INFO |        6.126 ¦      316           1              0.010 
2025-12-03 13:10:46 | INFO |        6.136 ¦      317           1              0.010 
2025-12-03 13:10:46 | INFO |        6.146 ¦      318           1              0.010 
2025-12-03 13:10:46 | INFO |        6.156 ¦      319           1              0.010 
2025-12-03 13:10:46 | INFO |        6.166 ¦      320           1              0.010 
2025-12-03 13:10:46 | INFO |        6.176 ¦      321           1              0.010 
2025-12-03 13:10:46 | INFO |        6.186 ¦      322           1              0.010 
2025-12-03 13:10:46 | INFO |        6.196 ¦      323           1              0.010 
2025-12-03 13:10:46 | INFO |        6.206 ¦      324           1              0.010 
2025-12-03 13:10:46 | INFO |        6.216 ¦      325           1              0.010 
2025-12-03 13:10:46 | INFO |        6.226 ¦      326           1              0.010 
2025-12-03 13:10:46 | INFO |        6.236 ¦      327           1              0.010 
2025-12-03 13:10:46 | INFO |        6.246 ¦      328           1              0.010 
2025-12-03 13:10:46 | INFO |        6.256 ¦      329           1              0.010 
2025-12-03 13:10:46 | INFO |        6.266 ¦      330           1              0.010 
2025-12-03 13:10:46 | INFO |        6.276 ¦      331           1              0.010 
2025-12-03 13:10:46 | INFO |        6.286 ¦      332           1              0.010 
2025-12-03 13:10:46 | INFO |        6.296 ¦      333           1              0.010 
2025-12-03 13:10:46 | INFO |        6.306 ¦      334           1              0.010 
2025-12-03 13:10:46 | INFO |        6.316 ¦      335           1              0.010 
2025-12-03 13:10:46 | INFO |        6.326 ¦      336           1              0.010 
2025-12-03 13:10:46 | INFO |        6.336 ¦      337           1              0.010 
2025-12-03 13:10:46 | INFO |        6.346 ¦      338           1              0.010 
2025-12-03 13:10:46 | INFO |        6.356 ¦      339           1              0.010 
2025-12-03 13:10:46 | INFO |        6.366 ¦      340           1              0.010 
2025-12-03 13:10:46 | INFO |        6.376 ¦      341           1              0.010 
2025-12-03 13:10:46 | INFO |        6.386 ¦      342           1              0.010 
2025-12-03 13:10:46 | INFO |        6.396 ¦      343           1              0.010 
2025-12-03 13:10:46 | INFO |        6.406 ¦      344           1              0.010 
2025-12-03 13:10:46 | INFO |        6.416 ¦      345           1              0.010 
2025-12-03 13:10:46 | INFO |        6.426 ¦      346           1              0.010 
2025-12-03 13:10:46 | INFO |        6.436 ¦      347           1              0.010 
2025-12-03 13:10:46 | INFO |        6.446 ¦      348           1              0.010 
2025-12-03 13:10:46 | INFO |        6.456 ¦      349           1              0.010 
2025-12-03 13:10:46 | INFO |        6.466 ¦      350           1              0.010 
2025-12-03 13:10:46 | INFO |        6.476 ¦      351           1              0.010 
2025-12-03 13:10:46 | INFO |        6.486 ¦      352           1              0.010 
2025-12-03 13:10:46 | INFO |        6.496 ¦      353           1              0.010 
2025-12-03 13:10:46 | INFO |        6.506 ¦      354           1              0.010 
2025-12-03 13:10:46 | INFO |        6.516 ¦      355           1              0.010 
2025-12-03 13:10:46 | INFO |        6.526 ¦      356           1              0.010 
2025-12-03 13:10:46 | INFO |        6.536 ¦      357           1              0.010 
2025-12-03 13:10:46 | INFO |        6.546 ¦      358           1              0.010 
2025-12-03 13:10:46 | INFO |        6.556 ¦      359           1              0.010 
2025-12-03 13:10:46 | INFO |        6.566 ¦      360           1              0.010 
2025-12-03 13:10:46 | INFO |        6.576 ¦      361           1              0.010 
2025-12-03 13:10:46 | INFO |        6.586 ¦      362           1              0.010 
2025-12-03 13:10:46 | INFO |        6.596 ¦      363           1              0.010 
2025-12-03 13:10:46 | INFO |        6.606 ¦      364           1              0.010 
2025-12-03 13:10:46 | INFO |        6.616 ¦      365           1              0.010 
2025-12-03 13:10:46 | INFO |        6.626 ¦      366           1              0.010 
2025-12-03 13:10:46 | INFO |        6.636 ¦      367           1              0.010 
2025-12-03 13:10:46 | INFO |        6.646 ¦      368           1              0.010 
2025-12-03 13:10:46 | INFO |        6.656 ¦      369           1              0.010 
2025-12-03 13:10:46 | INFO |        6.666 ¦      370           1              0.010 
2025-12-03 13:10:46 | INFO |        6.676 ¦      371           1              0.010 
2025-12-03 13:10:46 | INFO |        6.686 ¦      372           1              0.010 
2025-12-03 13:10:46 | INFO |        6.696 ¦      373           1              0.010 
2025-12-03 13:10:46 | INFO |        6.706 ¦      374           1              0.010 
2025-12-03 13:10:46 | INFO |        6.716 ¦      375           1              0.010 
2025-12-03 13:10:46 | INFO |        6.726 ¦      376           1              0.010 
2025-12-03 13:10:46 | INFO |        6.736 ¦      377           1              0.010 
2025-12-03 13:10:46 | INFO |        6.746 ¦      378           1              0.010 
2025-12-03 13:10:46 | INFO |        6.756 ¦      379           1              0.010 
2025-12-03 13:10:46 | INFO |        6.766 ¦      380           1              0.010 
2025-12-03 13:10:46 | INFO |        6.776 ¦      381           1              0.010 
2025-12-03 13:10:46 | INFO |        6.786 ¦      382           1              0.010 
2025-12-03 13:10:46 | INFO |        6.796 ¦      383           1              0.010 
2025-12-03 13:10:46 | INFO |        6.806 ¦      384           1              0.010 
2025-12-03 13:10:46 | INFO |        6.816 ¦      385           1              0.010 
2025-12-03 13:10:46 | INFO |        6.826 ¦      386           1              0.010 
2025-12-03 13:10:46 | INFO |        6.836 ¦      387           1              0.010 
2025-12-03 13:10:46 | INFO |        6.846 ¦      388           1              0.010 
2025-12-03 13:10:46 | INFO |        6.856 ¦      389           1              0.010 
2025-12-03 13:10:46 | INFO |        6.866 ¦      390           1              0.010 
2025-12-03 13:10:46 | INFO |        6.876 ¦      391           1              0.010 
2025-12-03 13:10:46 | INFO |        6.886 ¦      392           1              0.010 
2025-12-03 13:10:46 | INFO |        6.896 ¦      393           1              0.010 
2025-12-03 13:10:46 | INFO |        6.906 ¦      394           1              0.010 
2025-12-03 13:10:46 | INFO |        6.916 ¦      395           1              0.010 
2025-12-03 13:10:46 | INFO |        6.926 ¦      396           1              0.010 
2025-12-03 13:10:46 | INFO |        6.936 ¦      397           1              0.010 
2025-12-03 13:10:46 | INFO |        6.946 ¦      398           1              0.010 
2025-12-03 13:10:46 | INFO |        6.956 ¦      399           1              0.010 
2025-12-03 13:10:46 | INFO |        6.966 ¦      400           1              0.010 
2025-12-03 13:10:46 | INFO |        6.976 ¦      401           1              0.010 
2025-12-03 13:10:46 | INFO |        6.986 ¦      402           1              0.010 
2025-12-03 13:10:46 | INFO |        6.996 ¦      403           1              0.010 
2025-12-03 13:10:46 | INFO |        7.006 ¦      404           1              0.010 
2025-12-03 13:10:46 | INFO |        7.016 ¦      405           1              0.010 
2025-12-03 13:10:46 | INFO |        7.026 ¦      406           1              0.010 
2025-12-03 13:10:46 | INFO |        7.036 ¦      407           1              0.010 
2025-12-03 13:10:46 | INFO |        7.046 ¦      408           1              0.010 
2025-12-03 13:10:46 | INFO |        7.056 ¦      409           1              0.010 
2025-12-03 13:10:46 | INFO |        7.066 ¦      410           1              0.010 
2025-12-03 13:10:46 | INFO |        7.076 ¦      411           1              0.010 
2025-12-03 13:10:46 | INFO |        7.086 ¦      412           1              0.010 
2025-12-03 13:10:46 | INFO |        7.096 ¦      413           1              0.010 
2025-12-03 13:10:46 | INFO |        7.106 ¦      414           1              0.010 
2025-12-03 13:10:46 | INFO |        7.116 ¦      415           1              0.010 
2025-12-03 13:10:46 | INFO |        7.126 ¦      416           1              0.010 
2025-12-03 13:10:46 | INFO |        7.136 ¦      417           1              0.010 
2025-12-03 13:10:46 | INFO |        7.146 ¦      418           1              0.010 
2025-12-03 13:10:46 | INFO |        7.156 ¦      419           1              0.010 
2025-12-03 13:10:46 | INFO |        7.166 ¦      420           1              0.010 
2025-12-03 13:10:46 | INFO |        7.176 ¦      421           1              0.010 
2025-12-03 13:10:46 | INFO |        7.186 ¦      422           1              0.010 
2025-12-03 13:10:46 | INFO |        7.196 ¦      423           1              0.010 
2025-12-03 13:10:46 | INFO |        7.206 ¦      424           1              0.010 
2025-12-03 13:10:46 | INFO |        7.216 ¦      425           1              0.010 
2025-12-03 13:10:46 | INFO |        7.226 ¦      426           1              0.010 
2025-12-03 13:10:46 | INFO |        7.236 ¦      427           1              0.010 
2025-12-03 13:10:46 | INFO |        7.246 ¦      428           1              0.010 
2025-12-03 13:10:46 | INFO |        7.256 ¦      429           1              0.010 
2025-12-03 13:10:46 | INFO |        7.266 ¦      430           1              0.010 
2025-12-03 13:10:46 | INFO |        7.276 ¦      431           1              0.010 
2025-12-03 13:10:46 | INFO |        7.286 ¦      432           1              0.010 
2025-12-03 13:10:46 | INFO |        7.296 ¦      433           1              0.010 
2025-12-03 13:10:46 | INFO |        7.306 ¦      434           1              0.010 
2025-12-03 13:10:46 | INFO |        7.316 ¦      435           1              0.010 
2025-12-03 13:10:46 | INFO |        7.326 ¦      436           1              0.010 
2025-12-03 13:10:46 | INFO |        7.336 ¦      437           1              0.010 
2025-12-03 13:10:46 | INFO |        7.346 ¦      438           1              0.010 
2025-12-03 13:10:46 | INFO |        7.356 ¦      439           1              0.010 
2025-12-03 13:10:46 | INFO |        7.366 ¦      440           1              0.010 
2025-12-03 13:10:46 | INFO |        7.376 ¦      441           1              0.010 
2025-12-03 13:10:46 | INFO |        7.386 ¦      442           1              0.010 
2025-12-03 13:10:46 | INFO |        7.396 ¦      443           1              0.010 
2025-12-03 13:10:46 | INFO |        7.406 ¦      444           1              0.010 
2025-12-03 13:10:46 | INFO |        7.416 ¦      445           1              0.010 
2025-12-03 13:10:46 | INFO |        7.426 ¦      446           1              0.010 
2025-12-03 13:10:46 | INFO |        7.436 ¦      447           1              0.010 
2025-12-03 13:10:46 | INFO |        7.446 ¦      448           1              0.010 
2025-12-03 13:10:46 | INFO |        7.456 ¦      449           1              0.010 
2025-12-03 13:10:46 | INFO |        7.466 ¦      450           1              0.010 
2025-12-03 13:10:46 | INFO |        7.476 ¦      451           1              0.010 
2025-12-03 13:10:46 | INFO |        7.486 ¦      452           1              0.010 
2025-12-03 13:10:46 | INFO |        7.496 ¦      453           1              0.010 
2025-12-03 13:10:46 | INFO |        7.506 ¦      454           1              0.010 
2025-12-03 13:10:46 | INFO |        7.516 ¦      455           1              0.010 
2025-12-03 13:10:46 | INFO |        7.526 ¦      456           1              0.010 
2025-12-03 13:10:46 | INFO |        7.536 ¦      457           1              0.010 
2025-12-03 13:10:46 | INFO |        7.546 ¦      458           1              0.010 
2025-12-03 13:10:46 | INFO |        7.556 ¦      459           1              0.010 
2025-12-03 13:10:46 | INFO |        7.566 ¦      460           1              0.010 
2025-12-03 13:10:46 | INFO |        7.576 ¦      461           1              0.010 
2025-12-03 13:10:46 | INFO |        7.586 ¦      462           1              0.010 
2025-12-03 13:10:46 | INFO |        7.596 ¦      463           1              0.010 
2025-12-03 13:10:46 | INFO |        7.606 ¦      464           1              0.010 
2025-12-03 13:10:46 | INFO |        7.616 ¦      465           1              0.010 
2025-12-03 13:10:46 | INFO |        7.626 ¦      466           1              0.010 
2025-12-03 13:10:46 | INFO |        7.636 ¦      467           1              0.010 
2025-12-03 13:10:46 | INFO |        7.646 ¦      468           1              0.010 
2025-12-03 13:10:46 | INFO |        7.656 ¦      469           1              0.010 
2025-12-03 13:10:46 | INFO |        7.666 ¦      470           1              0.010 
2025-12-03 13:10:46 | INFO |        7.676 ¦      471           1              0.010 
2025-12-03 13:10:46 | INFO |        7.686 ¦      472           1              0.010 
2025-12-03 13:10:46 | INFO |        7.696 ¦      473           1              0.010 
2025-12-03 13:10:46 | INFO |        7.706 ¦      474           1              0.010 
2025-12-03 13:10:46 | INFO |        7.716 ¦      475           1              0.010 
2025-12-03 13:10:46 | INFO |        7.726 ¦      476           1              0.010 
2025-12-03 13:10:46 | INFO |        7.736 ¦      477           1              0.010 
2025-12-03 13:10:46 | INFO |        7.746 ¦      478           1              0.010 
2025-12-03 13:10:46 | INFO |        7.756 ¦      479           1              0.010 
2025-12-03 13:10:46 | INFO |        7.766 ¦      480           1              0.010 
2025-12-03 13:10:46 | INFO |        7.776 ¦      481           1              0.010 
2025-12-03 13:10:46 | INFO |        7.786 ¦      482           1              0.010 
2025-12-03 13:10:46 | INFO |        7.796 ¦      483           1              0.010 
2025-12-03 13:10:46 | INFO |        7.806 ¦      484           1              0.010 
2025-12-03 13:10:46 | INFO |        7.816 ¦      485           1              0.010 
2025-12-03 13:10:46 | INFO |        7.826 ¦      486           1              0.010 
2025-12-03 13:10:46 | INFO |        7.836 ¦      487           1              0.010 
2025-12-03 13:10:46 | INFO |        7.846 ¦      488           1              0.010 
2025-12-03 13:10:46 | INFO |        7.856 ¦      489           1              0.010 
2025-12-03 13:10:46 | INFO |        7.866 ¦      490           1              0.010 
2025-12-03 13:10:46 | INFO |        7.876 ¦      491           1              0.010 
2025-12-03 13:10:46 | INFO |        7.886 ¦      492           1              0.010 
2025-12-03 13:10:46 | INFO |        7.896 ¦      493           1              0.010 
2025-12-03 13:10:46 | INFO |        7.906 ¦      494           1              0.010 
2025-12-03 13:10:46 | INFO |        7.916 ¦      495           1              0.010 
2025-12-03 13:10:46 | INFO |        7.926 ¦      496           1              0.010 
2025-12-03 13:10:46 | INFO |        7.936 ¦      497           1              0.010 
2025-12-03 13:10:46 | INFO |        7.946 ¦      498           1              0.010 
2025-12-03 13:10:46 | INFO |        7.956 ¦      499           1              0.010 
2025-12-03 13:10:46 | INFO |        7.966 ¦      500           1              0.010 
2025-12-03 13:10:46 | INFO |        7.976 ¦      501           1              0.010 
2025-12-03 13:10:46 | INFO |        7.986 ¦      502           1              0.010 
2025-12-03 13:10:46 | INFO |        7.996 ¦      503           1              0.010 
2025-12-03 13:10:46 | INFO |        8.006 ¦      504           1              0.010 
2025-12-03 13:10:46 | INFO |        8.016 ¦      505           1              0.010 
2025-12-03 13:10:46 | INFO |        8.026 ¦      506           1              0.010 
2025-12-03 13:10:46 | INFO |        8.036 ¦      507           1              0.010 
2025-12-03 13:10:46 | INFO |        8.046 ¦      508           1              0.010 
2025-12-03 13:10:46 | INFO |        8.056 ¦      509           1              0.010 
2025-12-03 13:10:46 | INFO |        8.066 ¦      510           1              0.010 
2025-12-03 13:10:46 | INFO |        8.076 ¦      511           1              0.010 
2025-12-03 13:10:46 | INFO |        8.086 ¦      512           1              0.010 
2025-12-03 13:10:46 | INFO |        8.096 ¦      513           1              0.010 
2025-12-03 13:10:46 | INFO |        8.106 ¦      514           1              0.010 
2025-12-03 13:10:46 | INFO |        8.116 ¦      515           1              0.010 
2025-12-03 13:10:46 | INFO |        8.126 ¦      516           1              0.010 
2025-12-03 13:10:46 | INFO |        8.136 ¦      517           1              0.010 
2025-12-03 13:10:46 | INFO |        8.146 ¦      518           1              0.010 
2025-12-03 13:10:46 | INFO |        8.156 ¦      519           1              0.010 
2025-12-03 13:10:46 | INFO |        8.166 ¦      520           1              0.010 
2025-12-03 13:10:46 | INFO |        8.176 ¦      521           1              0.010 
2025-12-03 13:10:46 | INFO |        8.186 ¦      522           1              0.010 
2025-12-03 13:10:46 | INFO |        8.196 ¦      523           1              0.010 
2025-12-03 13:10:46 | INFO |        8.206 ¦      524           1              0.010 
2025-12-03 13:10:46 | INFO |        8.216 ¦      525           1              0.010 
2025-12-03 13:10:46 | INFO |        8.226 ¦      526           1              0.010 
2025-12-03 13:10:46 | INFO |        8.236 ¦      527           1              0.010 
2025-12-03 13:10:46 | INFO |        8.246 ¦      528           1              0.010 
2025-12-03 13:10:46 | INFO |        8.256 ¦      529           1              0.010 
2025-12-03 13:10:46 | INFO |        8.266 ¦      530           1              0.010 
2025-12-03 13:10:46 | INFO |        8.276 ¦      531           1              0.010 
2025-12-03 13:10:46 | INFO |        8.286 ¦      532           1              0.010 
2025-12-03 13:10:46 | INFO |        8.296 ¦      533           1              0.010 
2025-12-03 13:10:46 | INFO |        8.306 ¦      534           1              0.010 
2025-12-03 13:10:46 | INFO |        8.316 ¦      535           1              0.010 
2025-12-03 13:10:46 | INFO |        8.326 ¦      536           1              0.010 
2025-12-03 13:10:46 | INFO |        8.336 ¦      537           1              0.010 
2025-12-03 13:10:46 | INFO |        8.346 ¦      538           1              0.010 
2025-12-03 13:10:46 | INFO |        8.356 ¦      539           1              0.010 
2025-12-03 13:10:46 | INFO |        8.366 ¦      540           1              0.010 
2025-12-03 13:10:46 | INFO |        8.376 ¦      541           1              0.010 
2025-12-03 13:10:46 | INFO |        8.386 ¦      542           1              0.010 
2025-12-03 13:10:46 | INFO |        8.396 ¦      543           1              0.010 
2025-12-03 13:10:46 | INFO |        8.406 ¦      544           1              0.010 
2025-12-03 13:10:46 | INFO |        8.416 ¦      545           1              0.010 
2025-12-03 13:10:46 | INFO |        8.426 ¦      546           1              0.010 
2025-12-03 13:10:46 | INFO |        8.436 ¦      547           1              0.010 
2025-12-03 13:10:46 | INFO |        8.446 ¦      548           1              0.010 
2025-12-03 13:10:46 | INFO |        8.456 ¦      549           1              0.010 
2025-12-03 13:10:46 | INFO |        8.466 ¦      550           1              0.010 
2025-12-03 13:10:46 | INFO |        8.476 ¦      551           1              0.010 
2025-12-03 13:10:46 | INFO |        8.486 ¦      552           1              0.010 
2025-12-03 13:10:46 | INFO |        8.496 ¦      553           1              0.010 
2025-12-03 13:10:46 | INFO |        8.506 ¦      554           1              0.010 
2025-12-03 13:10:46 | INFO |        8.516 ¦      555           1              0.010 
2025-12-03 13:10:46 | INFO |        8.526 ¦      556           1              0.010 
2025-12-03 13:10:46 | INFO |        8.536 ¦      557           1              0.010 
2025-12-03 13:10:46 | INFO |        8.546 ¦      558           1              0.010 
2025-12-03 13:10:46 | INFO |        8.556 ¦      559           1              0.010 
2025-12-03 13:10:46 | INFO |        8.566 ¦      560           1              0.010 
2025-12-03 13:10:46 | INFO |        8.576 ¦      561           1              0.010 
2025-12-03 13:10:46 | INFO |        8.586 ¦      562           1              0.010 
2025-12-03 13:10:46 | INFO |        8.596 ¦      563           1              0.010 
2025-12-03 13:10:46 | INFO |        8.606 ¦      564           1              0.010 
2025-12-03 13:10:46 | INFO |        8.616 ¦      565           1              0.010 
2025-12-03 13:10:46 | INFO |        8.626 ¦      566           1              0.010 
2025-12-03 13:10:46 | INFO |        8.636 ¦      567           1              0.010 
2025-12-03 13:10:46 | INFO |        8.646 ¦      568           1              0.010 
2025-12-03 13:10:46 | INFO |        8.656 ¦      569           1              0.010 
2025-12-03 13:10:46 | INFO |        8.666 ¦      570           1              0.010 
2025-12-03 13:10:46 | INFO |        8.676 ¦      571           1              0.010 
2025-12-03 13:10:46 | INFO |        8.686 ¦      572           1              0.010 
2025-12-03 13:10:46 | INFO |        8.696 ¦      573           1              0.010 
2025-12-03 13:10:46 | INFO |        8.706 ¦      574           1              0.010 
2025-12-03 13:10:46 | INFO |        8.716 ¦      575           1              0.010 
2025-12-03 13:10:46 | INFO |        8.726 ¦      576           1              0.010 
2025-12-03 13:10:46 | INFO |        8.736 ¦      577           1              0.010 
2025-12-03 13:10:46 | INFO |        8.746 ¦      578           1              0.010 
2025-12-03 13:10:46 | INFO |        8.756 ¦      579           1              0.010 
2025-12-03 13:10:46 | INFO |        8.766 ¦      580           1              0.010 
2025-12-03 13:10:46 | INFO |        8.776 ¦      581           1              0.010 
2025-12-03 13:10:46 | INFO |        8.786 ¦      582           1              0.010 
2025-12-03 13:10:46 | INFO |        8.796 ¦      583           1              0.010 
2025-12-03 13:10:46 | INFO |        8.806 ¦      584           1              0.010 
2025-12-03 13:10:46 | INFO |        8.816 ¦      585           1              0.010 
2025-12-03 13:10:46 | INFO |        8.826 ¦      586           1              0.010 
2025-12-03 13:10:46 | INFO |        8.836 ¦      587           1              0.010 
2025-12-03 13:10:46 | INFO |        8.846 ¦      588           1              0.010 
2025-12-03 13:10:46 | INFO |        8.856 ¦      589           1              0.010 
2025-12-03 13:10:46 | INFO |        8.866 ¦      590           1              0.010 
2025-12-03 13:10:46 | INFO |        8.876 ¦      591           1              0.010 
2025-12-03 13:10:46 | INFO |        8.886 ¦      592           1              0.010 
2025-12-03 13:10:46 | INFO |        8.896 ¦      593           1              0.010 
2025-12-03 13:10:46 | INFO |        8.906 ¦      594           1              0.010 
2025-12-03 13:10:46 | INFO |        8.916 ¦      595           1              0.010 
2025-12-03 13:10:46 | INFO |        8.926 ¦      596           1              0.010 
2025-12-03 13:10:46 | INFO |        8.936 ¦      597           1              0.010 
2025-12-03 13:10:46 | INFO |        8.946 ¦      598           1              0.010 
2025-12-03 13:10:46 | INFO |        8.956 ¦      599           1              0.010 
2025-12-03 13:10:46 | INFO |        8.966 ¦      600           1              0.010 
2025-12-03 13:10:46 | INFO |        8.976 ¦      601           1              0.010 
2025-12-03 13:10:46 | INFO |        8.986 ¦      602           1              0.010 
2025-12-03 13:10:46 | INFO |        8.996 ¦      603           1              0.010 
2025-12-03 13:10:46 | INFO |        9.006 ¦      604           1              0.010 
2025-12-03 13:10:46 | INFO |        9.016 ¦      605           1              0.010 
2025-12-03 13:10:46 | INFO |        9.026 ¦      606           1              0.010 
2025-12-03 13:10:46 | INFO |        9.036 ¦      607           1              0.010 
2025-12-03 13:10:46 | INFO |        9.046 ¦      608           1              0.010 
2025-12-03 13:10:46 | INFO |        9.056 ¦      609           1              0.010 
2025-12-03 13:10:46 | INFO |        9.066 ¦      610           1              0.010 
2025-12-03 13:10:46 | INFO |        9.076 ¦      611           1              0.010 
2025-12-03 13:10:46 | INFO |        9.086 ¦      612           1              0.010 
2025-12-03 13:10:46 | INFO |        9.096 ¦      613           1              0.010 
2025-12-03 13:10:46 | INFO |        9.106 ¦      614           1              0.010 
2025-12-03 13:10:46 | INFO |        9.116 ¦      615           1              0.010 
2025-12-03 13:10:46 | INFO |        9.126 ¦      616           1              0.010 
2025-12-03 13:10:46 | INFO |        9.136 ¦      617           1              0.010 
2025-12-03 13:10:46 | INFO |        9.146 ¦      618           1              0.010 
2025-12-03 13:10:46 | INFO |        9.156 ¦      619           1              0.010 
2025-12-03 13:10:46 | INFO |        9.166 ¦      620           1              0.010 
2025-12-03 13:10:46 | INFO |        9.176 ¦      621           1              0.010 
2025-12-03 13:10:46 | INFO |        9.186 ¦      622           1              0.010 
2025-12-03 13:10:46 | INFO |        9.196 ¦      623           1              0.010 
2025-12-03 13:10:46 | INFO |        9.206 ¦      624           1              0.010 
2025-12-03 13:10:46 | INFO |        9.216 ¦      625           1              0.010 
2025-12-03 13:10:46 | INFO |        9.226 ¦      626           1              0.010 
2025-12-03 13:10:46 | INFO |        9.236 ¦      627           1              0.010 
2025-12-03 13:10:46 | INFO |        9.246 ¦      628           1              0.010 
2025-12-03 13:10:46 | INFO |        9.256 ¦      629           1              0.010 
2025-12-03 13:10:46 | INFO |        9.266 ¦      630           1              0.010 
2025-12-03 13:10:46 | INFO |        9.276 ¦      631           1              0.010 
2025-12-03 13:10:46 | INFO |        9.286 ¦      632           1              0.010 
2025-12-03 13:10:46 | INFO |        9.296 ¦      633           1              0.010 
2025-12-03 13:10:46 | INFO |        9.306 ¦      634           1              0.010 
2025-12-03 13:10:46 | INFO |        9.316 ¦      635           1              0.010 
2025-12-03 13:10:46 | INFO |        9.326 ¦      636           1              0.010 
2025-12-03 13:10:46 | INFO |        9.336 ¦      637           1              0.010 
2025-12-03 13:10:46 | INFO |        9.346 ¦      638           1              0.010 
2025-12-03 13:10:46 | INFO |        9.356 ¦      639           1              0.010 
2025-12-03 13:10:46 | INFO |        9.366 ¦      640           1              0.010 
2025-12-03 13:10:46 | INFO |        9.376 ¦      641           1              0.010 
2025-12-03 13:10:46 | INFO |        9.386 ¦      642           1              0.010 
2025-12-03 13:10:46 | INFO |        9.396 ¦      643           1              0.010 
2025-12-03 13:10:46 | INFO |        9.406 ¦      644           1              0.010 
2025-12-03 13:10:46 | INFO |        9.416 ¦      645           1              0.010 
2025-12-03 13:10:46 | INFO |        9.426 ¦      646           1              0.010 
2025-12-03 13:10:46 | INFO |        9.436 ¦      647           1              0.010 
2025-12-03 13:10:46 | INFO |        9.446 ¦      648           1              0.010 
2025-12-03 13:10:46 | INFO |        9.456 ¦      649           1              0.010 
2025-12-03 13:10:46 | INFO |        9.466 ¦      650           1              0.010 
2025-12-03 13:10:46 | INFO |        9.476 ¦      651           1              0.010 
2025-12-03 13:10:46 | INFO |        9.486 ¦      652           1              0.010 
2025-12-03 13:10:46 | INFO |        9.496 ¦      653           1              0.010 
2025-12-03 13:10:46 | INFO |        9.506 ¦      654           1              0.010 
2025-12-03 13:10:46 | INFO |        9.516 ¦      655           1              0.010 
2025-12-03 13:10:46 | INFO |        9.526 ¦      656           1              0.010 
2025-12-03 13:10:46 | INFO |        9.536 ¦      657           1              0.010 
2025-12-03 13:10:46 | INFO |        9.546 ¦      658           1              0.010 
2025-12-03 13:10:46 | INFO |        9.556 ¦      659           1              0.010 
2025-12-03 13:10:46 | INFO |        9.566 ¦      660           1              0.010 
2025-12-03 13:10:46 | INFO |        9.576 ¦      661           1              0.010 
2025-12-03 13:10:46 | INFO |        9.586 ¦      662           1              0.010 
2025-12-03 13:10:46 | INFO |        9.596 ¦      663           1              0.010 
2025-12-03 13:10:46 | INFO |        9.606 ¦      664           1              0.010 
2025-12-03 13:10:46 | INFO |        9.616 ¦      665           1              0.010 
2025-12-03 13:10:46 | INFO |        9.626 ¦      666           1              0.010 
2025-12-03 13:10:46 | INFO |        9.636 ¦      667           1              0.010 
2025-12-03 13:10:46 | INFO |        9.646 ¦      668           1              0.010 
2025-12-03 13:10:46 | INFO |        9.656 ¦      669           1              0.010 
2025-12-03 13:10:46 | INFO |        9.666 ¦      670           1              0.010 
2025-12-03 13:10:46 | INFO |        9.676 ¦      671           1              0.010 
2025-12-03 13:10:46 | INFO |        9.686 ¦      672           1              0.010 
2025-12-03 13:10:46 | INFO |        9.696 ¦      673           1              0.010 
2025-12-03 13:10:46 | INFO |        9.706 ¦      674           1              0.010 
2025-12-03 13:10:46 | INFO |        9.716 ¦      675           1              0.010 
2025-12-03 13:10:46 | INFO |        9.726 ¦      676           1              0.010 
2025-12-03 13:10:46 | INFO |        9.736 ¦      677           1              0.010 
2025-12-03 13:10:46 | INFO |        9.746 ¦      678           1              0.010 
2025-12-03 13:10:46 | INFO |        9.756 ¦      679           1              0.010 
2025-12-03 13:10:46 | INFO |        9.766 ¦      680           1              0.010 
2025-12-03 13:10:46 | INFO |        9.776 ¦      681           1              0.010 
2025-12-03 13:10:46 | INFO |        9.786 ¦      682           1              0.010 
2025-12-03 13:10:46 | INFO |        9.796 ¦      683           1              0.010 
2025-12-03 13:10:46 | INFO |        9.806 ¦      684           1              0.010 
2025-12-03 13:10:46 | INFO |        9.816 ¦      685           1              0.010 
2025-12-03 13:10:46 | INFO |        9.826 ¦      686           1              0.010 
2025-12-03 13:10:46 | INFO |        9.836 ¦      687           1              0.010 
2025-12-03 13:10:46 | INFO |        9.846 ¦      688           1              0.010 
2025-12-03 13:10:46 | INFO |        9.856 ¦      689           1              0.010 
2025-12-03 13:10:46 | INFO |        9.866 ¦      690           1              0.010 
2025-12-03 13:10:46 | INFO |        9.876 ¦      691           1              0.010 
2025-12-03 13:10:46 | INFO |        9.886 ¦      692           1              0.010 
2025-12-03 13:10:46 | INFO |        9.896 ¦      693           1              0.010 
2025-12-03 13:10:46 | INFO |        9.906 ¦      694           1              0.010 
2025-12-03 13:10:46 | INFO |        9.916 ¦      695           1              0.010 
2025-12-03 13:10:46 | INFO |        9.926 ¦      696           1              0.010 
2025-12-03 13:10:46 | INFO |        9.936 ¦      697           1              0.010 
2025-12-03 13:10:46 | INFO |        9.946 ¦      698           1              0.010 
2025-12-03 13:10:46 | INFO |        9.956 ¦      699           1              0.010 
2025-12-03 13:10:46 | INFO |        9.966 ¦      700           1              0.010 
2025-12-03 13:10:46 | INFO |        9.976 ¦      701           1              0.010 
2025-12-03 13:10:46 | INFO |        9.986 ¦      702           1              0.010 
2025-12-03 13:10:46 | INFO |        9.996 ¦      703           1              0.010 
2025-12-03 13:10:46 | INFO |       10.000 ¦      704           1              0.004 
2025-12-03 13:10:46 | INFO | 
2025-12-03 13:10:46 | INFO | execution statistics :
2025-12-03 13:10:46 | INFO | 
2025-12-03 13:10:46 | INFO | number of time iterations                  = 1020
2025-12-03 13:10:46 | INFO | number of residual evaluations             = 1076
2025-12-03 13:10:46 | INFO | number of Jacobian evaluations             = 26
2025-12-03 13:10:46 | INFO | number of nonlinear iterations             = 1066
2025-12-03 13:10:46 | INFO | number of error test failures              = 0
2025-12-03 13:10:46 | INFO | number of nonlinear convergence failures   = 0
2025-12-03 13:10:46 | INFO | number of root functions evaluations       = 1202
2025-12-03 13:10:46 | INFO | number of discrete variables evaluations   = 10
2025-12-03 13:10:46 | INFO | number of mode evaluations                 = 8
2025-12-03 13:10:46 | INFO | end of job 'Generator PTanPhi active power variation test'
