2021-04-14 11:51:40 | INFO |  ============================================================ 
2021-04-14 11:51:40 | INFO | DYNAWO VERSION  :     1.3.0
2021-04-14 11:51:40 | INFO | DYNAWO REVISION :  964_external_variables-cbe03798
2021-04-14 11:51:40 | INFO |  ============================================================ 
2021-04-14 11:51:40 | INFO | 
2021-04-14 11:51:40 | INFO | -----------------------------------------------------------------------
2021-04-14 11:51:40 | INFO | building model from input files
2021-04-14 11:51:40 | INFO | -----------------------------------------------------------------------
2021-04-14 11:51:40 | INFO | model was built successfully
2021-04-14 11:51:40 | INFO | -----------------------------------------------------------------------
2021-04-14 11:51:40 | INFO | 
2021-04-14 11:51:40 | INFO | -----------------------------------------------------------------------
2021-04-14 11:51:40 | INFO | starting local initialization
2021-04-14 11:51:40 | INFO | -----------------------------------------------------------------------
2021-04-14 11:51:40 | DEBUG | keep SubNetworks num : 0
2021-04-14 11:51:40 | DEBUG | ------------------------------
2021-04-14 11:51:40 | DEBUG | starting local initialization of model GEN____1_SM
2021-04-14 11:51:40 | DEBUG | local initialization of model GEN____1_SM ended successfully
2021-04-14 11:51:40 | DEBUG | ------------------------------
2021-04-14 11:51:40 | DEBUG | starting local initialization of model GEN____2_SM
2021-04-14 11:51:40 | DEBUG | local initialization of model GEN____2_SM ended successfully
2021-04-14 11:51:40 | DEBUG | ------------------------------
2021-04-14 11:51:40 | DEBUG | starting local initialization of model GEN____3_SM
2021-04-14 11:51:40 | DEBUG | local initialization of model GEN____3_SM ended successfully
2021-04-14 11:51:40 | DEBUG | ------------------------------
2021-04-14 11:51:40 | DEBUG | starting local initialization of model GEN____6_SM
2021-04-14 11:51:40 | DEBUG | local initialization of model GEN____6_SM ended successfully
2021-04-14 11:51:40 | DEBUG | ------------------------------
2021-04-14 11:51:40 | DEBUG | starting local initialization of model GEN____8_SM
2021-04-14 11:51:40 | DEBUG | local initialization of model GEN____8_SM ended successfully
2021-04-14 11:51:40 | DEBUG | ------------------------------
2021-04-14 11:51:40 | DEBUG | starting local initialization of model _LOAD__10_EC
2021-04-14 11:51:40 | DEBUG | local initialization of model _LOAD__10_EC ended successfully
2021-04-14 11:51:40 | DEBUG | ------------------------------
2021-04-14 11:51:40 | DEBUG | starting local initialization of model _LOAD__11_EC
2021-04-14 11:51:40 | DEBUG | local initialization of model _LOAD__11_EC ended successfully
2021-04-14 11:51:40 | DEBUG | ------------------------------
2021-04-14 11:51:40 | DEBUG | starting local initialization of model _LOAD__12_EC
2021-04-14 11:51:40 | DEBUG | local initialization of model _LOAD__12_EC ended successfully
2021-04-14 11:51:40 | DEBUG | ------------------------------
2021-04-14 11:51:40 | DEBUG | starting local initialization of model _LOAD__13_EC
2021-04-14 11:51:40 | DEBUG | local initialization of model _LOAD__13_EC ended successfully
2021-04-14 11:51:40 | DEBUG | ------------------------------
2021-04-14 11:51:40 | DEBUG | starting local initialization of model _LOAD__14_EC
2021-04-14 11:51:40 | DEBUG | local initialization of model _LOAD__14_EC ended successfully
2021-04-14 11:51:40 | DEBUG | ------------------------------
2021-04-14 11:51:40 | DEBUG | starting local initialization of model _LOAD___2_EC
2021-04-14 11:51:40 | DEBUG | local initialization of model _LOAD___2_EC ended successfully
2021-04-14 11:51:40 | DEBUG | ------------------------------
2021-04-14 11:51:40 | DEBUG | starting local initialization of model _LOAD___3_EC
2021-04-14 11:51:40 | DEBUG | local initialization of model _LOAD___3_EC ended successfully
2021-04-14 11:51:40 | DEBUG | ------------------------------
2021-04-14 11:51:40 | DEBUG | starting local initialization of model _LOAD___4_EC
2021-04-14 11:51:40 | DEBUG | local initialization of model _LOAD___4_EC ended successfully
2021-04-14 11:51:40 | DEBUG | ------------------------------
2021-04-14 11:51:40 | DEBUG | starting local initialization of model _LOAD___5_EC
2021-04-14 11:51:40 | DEBUG | local initialization of model _LOAD___5_EC ended successfully
2021-04-14 11:51:40 | DEBUG | ------------------------------
2021-04-14 11:51:40 | DEBUG | starting local initialization of model _LOAD___6_EC
2021-04-14 11:51:40 | DEBUG | local initialization of model _LOAD___6_EC ended successfully
2021-04-14 11:51:40 | DEBUG | ------------------------------
2021-04-14 11:51:40 | DEBUG | starting local initialization of model _LOAD___9_EC
2021-04-14 11:51:40 | DEBUG | local initialization of model _LOAD___9_EC ended successfully
2021-04-14 11:51:40 | INFO | end of local initialization
2021-04-14 11:51:40 | INFO | -----------------------------------------------------------------------
2021-04-14 11:51:40 | INFO | 
2021-04-14 11:51:40 | INFO | -----------------------------------------------------------------------
2021-04-14 11:51:40 | INFO | starting global initialization
2021-04-14 11:51:40 | INFO | -----------------------------------------------------------------------
2021-04-14 11:51:40 | DEBUG | initialization of IDA solver : ok
2021-04-14 11:51:40 | DEBUG | call of SolverReInit ie a new symbolic and numerical factorization will be performed
2021-04-14 11:51:40 | DEBUG | call of SolverReInit ie a new symbolic and numerical factorization will be performed
2021-04-14 11:51:40 | INFO | end of global initialization
2021-04-14 11:51:40 | INFO | -----------------------------------------------------------------------
2021-04-14 11:51:40 | INFO | 
2021-04-14 11:51:40 | INFO | -----------------------------------------------------------------------
2021-04-14 11:51:40 | INFO | starting curve initialization
2021-04-14 11:51:40 | INFO | -----------------------------------------------------------------------
2021-04-14 11:51:40 | DEBUG | adding curve : Id: NETWORK; curve: _BUS____1_TN_Upu_value found. (exact name)
2021-04-14 11:51:40 | DEBUG | adding curve : Id: NETWORK; curve: _BUS____2_TN_Upu_value found. (exact name)
2021-04-14 11:51:40 | DEBUG | adding curve : Id: NETWORK; curve: _BUS____3_TN_Upu_value found. (exact name)
2021-04-14 11:51:40 | DEBUG | adding curve : Id: NETWORK; curve: _BUS____4_TN_Upu_value found. (exact name)
2021-04-14 11:51:40 | DEBUG | adding curve : Id: NETWORK; curve: _BUS____5_TN_Upu_value found. (exact name)
2021-04-14 11:51:40 | DEBUG | adding curve : Id: NETWORK; curve: _BUS____6_TN_Upu_value found. (exact name)
2021-04-14 11:51:40 | DEBUG | adding curve : Id: NETWORK; curve: _BUS____7_TN_Upu_value found. (exact name)
2021-04-14 11:51:40 | DEBUG | adding curve : Id: NETWORK; curve: _BUS____8_TN_Upu_value found. (exact name)
2021-04-14 11:51:40 | DEBUG | adding curve : Id: NETWORK; curve: _BUS____9_TN_Upu_value found. (exact name)
2021-04-14 11:51:40 | DEBUG | adding curve : Id: NETWORK; curve: _BUS___10_TN_Upu_value found. (exact name)
2021-04-14 11:51:40 | DEBUG | adding curve : Id: NETWORK; curve: _BUS___11_TN_Upu_value found. (exact name)
2021-04-14 11:51:40 | DEBUG | adding curve : Id: NETWORK; curve: _BUS___12_TN_Upu_value found. (exact name)
2021-04-14 11:51:40 | DEBUG | adding curve : Id: NETWORK; curve: _BUS___13_TN_Upu_value found. (exact name)
2021-04-14 11:51:40 | DEBUG | adding curve : Id: NETWORK; curve: _BUS___14_TN_Upu_value found. (exact name)
2021-04-14 11:51:40 | DEBUG | adding curve : Id: GEN____1_SM; output: generator_omegaPu found.( generator_omegaPu_value )
2021-04-14 11:51:40 | DEBUG | adding curve : Id: GEN____1_SM; curve: generator_PGen found. (exact name)
2021-04-14 11:51:40 | DEBUG | adding curve : Id: GEN____1_SM; curve: generator_QGen found. (exact name)
2021-04-14 11:51:40 | DEBUG | adding curve : Id: GEN____1_SM; output: generator_UStatorPu found.( generator_UStatorPu_value )
2021-04-14 11:51:40 | DEBUG | adding curve : Id: GEN____1_SM; curve: voltageRegulator_EfdPu found. (exact name)
2021-04-14 11:51:40 | DEBUG | adding curve : Id: GEN____2_SM; output: generator_omegaPu found.( generator_omegaPu_value )
2021-04-14 11:51:40 | DEBUG | adding curve : Id: GEN____2_SM; curve: generator_PGen found. (exact name)
2021-04-14 11:51:40 | DEBUG | adding curve : Id: GEN____2_SM; curve: generator_QGen found. (exact name)
2021-04-14 11:51:40 | DEBUG | adding curve : Id: GEN____2_SM; output: generator_UStatorPu found.( generator_UStatorPu_value )
2021-04-14 11:51:40 | DEBUG | adding curve : Id: GEN____2_SM; curve: voltageRegulator_EfdPu found. (exact name)
2021-04-14 11:51:40 | DEBUG | adding curve : Id: GEN____3_SM; output: generator_omegaPu found.( generator_omegaPu_value )
2021-04-14 11:51:40 | DEBUG | adding curve : Id: GEN____3_SM; curve: generator_PGen found. (exact name)
2021-04-14 11:51:40 | DEBUG | adding curve : Id: GEN____3_SM; curve: generator_QGen found. (exact name)
2021-04-14 11:51:40 | DEBUG | adding curve : Id: GEN____3_SM; output: generator_UStatorPu found.( generator_UStatorPu_value )
2021-04-14 11:51:40 | DEBUG | adding curve : Id: GEN____3_SM; curve: voltageRegulator_EfdPu found. (exact name)
2021-04-14 11:51:40 | DEBUG | adding curve : Id: GEN____6_SM; output: generator_omegaPu found.( generator_omegaPu_value )
2021-04-14 11:51:40 | DEBUG | adding curve : Id: GEN____6_SM; curve: generator_PGen found. (exact name)
2021-04-14 11:51:40 | DEBUG | adding curve : Id: GEN____6_SM; curve: generator_QGen found. (exact name)
2021-04-14 11:51:40 | DEBUG | adding curve : Id: GEN____6_SM; output: generator_UStatorPu found.( generator_UStatorPu_value )
2021-04-14 11:51:40 | DEBUG | adding curve : Id: GEN____6_SM; curve: voltageRegulator_EfdPu found. (exact name)
2021-04-14 11:51:40 | DEBUG | adding curve : Id: GEN____8_SM; output: generator_omegaPu found.( generator_omegaPu_value )
2021-04-14 11:51:40 | DEBUG | adding curve : Id: GEN____8_SM; curve: generator_PGen found. (exact name)
2021-04-14 11:51:40 | DEBUG | adding curve : Id: GEN____8_SM; curve: generator_QGen found. (exact name)
2021-04-14 11:51:40 | DEBUG | adding curve : Id: GEN____8_SM; output: generator_UStatorPu found.( generator_UStatorPu_value )
2021-04-14 11:51:40 | DEBUG | adding curve : Id: GEN____8_SM; curve: voltageRegulator_EfdPu found. (exact name)
2021-04-14 11:51:40 | DEBUG | adding curve : Id: _LOAD___2_EC; curve: load_PPu found. (exact name)
2021-04-14 11:51:40 | DEBUG | adding curve : Id: _LOAD___2_EC; curve: load_QPu found. (exact name)
2021-04-14 11:51:40 | INFO | end of curve initialization, added 41 curves
2021-04-14 11:51:40 | INFO | -----------------------------------------------------------------------
2021-04-14 11:51:40 | INFO | 
2021-04-14 11:51:40 | INFO | -----------------------------------------------------------------------
2021-04-14 11:51:40 | INFO | starting simulation with solver IDASolver
2021-04-14 11:51:40 | INFO | -----------------------------------------------------------------------
2021-04-14 11:51:40 | INFO | -----------------------------------------------------------------------
2021-04-14 11:51:40 | INFO | number of continuous variables : 323
2021-04-14 11:51:40 | INFO | number of discrete variables : 261
2021-04-14 11:51:40 | INFO | number of root functions : 216
2021-04-14 11:51:40 | INFO | -----------------------------------------------------------------------
2021-04-14 11:51:40 | INFO |         time | iter num   order (k)      time step (h)
2021-04-14 11:51:40 | INFO | -----------------------------------------------------------------------
2021-04-14 11:51:40 | INFO |        0.000 |        0           0              0.010 
2021-04-14 11:51:40 | INFO |        0.000 |        1           1              0.000 
2021-04-14 11:51:40 | DEBUG | largest derivative values (truncated to the first 10) at the current iteration
2021-04-14 11:51:40 | DEBUG | YP[191]=1.97986 (variable=GEN____6_SM_generator_iDPu)
2021-04-14 11:51:40 | DEBUG | YP[218]=-1.8521 (variable=GEN____6_SM_voltageRegulator_EfdPu)
2021-04-14 11:51:40 | DEBUG | YP[221]=-1.8521 (variable=GEN____6_SM_voltageRegulator_gain_y)
2021-04-14 11:51:40 | DEBUG | YP[195]=-0.850336 (variable=GEN____6_SM_generator_ifPu)
2021-04-14 11:51:40 | DEBUG | YP[194]=-0.519165 (variable=GEN____6_SM_generator_idPu)
2021-04-14 11:51:40 | DEBUG | YP[192]=0.479359 (variable=GEN____6_SM_generator_iQ1Pu)
2021-04-14 11:51:40 | DEBUG | YP[206]=0.449991 (variable=GEN____6_SM_generator_terminal_i_im)
2021-04-14 11:51:40 | DEBUG | YP[45]=-0.442124 (variable=NETWORK__BUS____6_TN_PWPIN_ii)
2021-04-14 11:51:40 | DEBUG | YP[188]=0.254214 (variable=GEN____6_SM_generator_cePu)
2021-04-14 11:51:40 | DEBUG | YP[196]=-0.241276 (variable=GEN____6_SM_generator_iqPu)
2021-04-14 11:51:40 | INFO |        0.000 |        2           1              0.000 
2021-04-14 11:51:40 | INFO |        0.000 |        3           2              0.000 
2021-04-14 11:51:40 | INFO |        0.000 |        4           2              0.000 
2021-04-14 11:51:40 | INFO |        0.000 |        5           2              0.000 
2021-04-14 11:51:40 | INFO |        0.000 |        6           2              0.000 
2021-04-14 11:51:40 | INFO |        0.000 |        7           2              0.000 
2021-04-14 11:51:40 | INFO |        0.000 |        8           2              0.000 
2021-04-14 11:51:40 | INFO |        0.000 |        9           2              0.000 
2021-04-14 11:51:40 | INFO |        0.001 |       10           2              0.000 
2021-04-14 11:51:40 | INFO |        0.001 |       11           2              0.001 
2021-04-14 11:51:40 | INFO |        0.002 |       12           2              0.001 
2021-04-14 11:51:40 | INFO |        0.004 |       13           2              0.002 
2021-04-14 11:51:40 | INFO |        0.008 |       14           2              0.004 
2021-04-14 11:51:40 | INFO |        0.016 |       15           2              0.008 
2021-04-14 11:51:40 | DEBUG | call of SolverReInit ie a new symbolic and numerical factorization will be performed
2021-04-14 11:51:40 | DEBUG | Algebraic mode change for model GEN____8_SM at t = 0.0270473
2021-04-14 11:51:40 | INFO | Algebraic mode change at t = 0.0270473
2021-04-14 11:51:40 | INFO |        0.027 |       16           2              0.016 
2021-04-14 11:51:40 | INFO | calculation of the new starting point of the simulation.
2021-04-14 11:51:40 | INFO |        0.027 |        0           0              0.000 
2021-04-14 11:51:40 | DEBUG | largest derivative values (truncated to the first 10) at the current iteration
2021-04-14 11:51:40 | DEBUG | YP[183]=0.00106392 (variable=GEN____6_SM_generator_lambdafPu)
2021-04-14 11:51:40 | DEBUG | YP[180]=-0.000687909 (variable=GEN____6_SM_generator_lambdaDPu)
2021-04-14 11:51:40 | DEBUG | YP[54]=0.000300307 (variable=GEN____1_SM_generator_lambdaDPu)
2021-04-14 11:51:40 | DEBUG | YP[222]=0.000272394 (variable=GEN____8_SM_generator_lambdaDPu)
2021-04-14 11:51:40 | DEBUG | YP[98]=-0.000249206 (variable=GEN____2_SM_generator_lambdaQ2Pu)
2021-04-14 11:51:40 | DEBUG | YP[96]=-0.000194521 (variable=GEN____2_SM_generator_lambdaDPu)
2021-04-14 11:51:40 | DEBUG | YP[181]=-0.000136945 (variable=GEN____6_SM_generator_lambdaQ1Pu)
2021-04-14 11:51:40 | DEBUG | YP[140]=0.000122227 (variable=GEN____3_SM_generator_lambdaQ2Pu)
2021-04-14 11:51:40 | DEBUG | YP[57]=0.000118674 (variable=GEN____1_SM_generator_lambdafPu)
2021-04-14 11:51:40 | DEBUG | YP[225]=-0.00011288 (variable=GEN____8_SM_generator_lambdafPu)
2021-04-14 11:51:40 | DEBUG | call of SolverReInit ie a new symbolic and numerical factorization will be performed
2021-04-14 11:51:40 | INFO |        0.027 |        1           1              0.000 
2021-04-14 11:51:40 | INFO |        0.027 |        2           1              0.000 
2021-04-14 11:51:40 | INFO |        0.027 |        3           2              0.000 
2021-04-14 11:51:40 | DEBUG | call of SolverReInit ie a new symbolic and numerical factorization will be performed
2021-04-14 11:51:40 | INFO |        0.027 |        4           2              0.000 
2021-04-14 11:51:40 | INFO |        0.027 |        5           2              0.000 
2021-04-14 11:51:40 | INFO |        0.027 |        6           2              0.000 
2021-04-14 11:51:40 | DEBUG | call of SolverReInit ie a new symbolic and numerical factorization will be performed
2021-04-14 11:51:40 | INFO |        0.027 |        7           2              0.000 
2021-04-14 11:51:40 | INFO |        0.027 |        8           2              0.000 
2021-04-14 11:51:40 | INFO |        0.027 |        9           2              0.000 
2021-04-14 11:51:40 | INFO |        0.028 |       10           2              0.000 
2021-04-14 11:51:40 | INFO |        0.028 |       11           2              0.001 
2021-04-14 11:51:40 | INFO |        0.029 |       12           2              0.001 
2021-04-14 11:51:40 | DEBUG | call of SolverReInit ie a new symbolic and numerical factorization will be performed
2021-04-14 11:51:40 | INFO |        0.031 |       13           2              0.002 
2021-04-14 11:51:40 | INFO |        0.031 |       13           2              0.002 
2021-04-14 11:51:40 | INFO |        0.031 |       13           2              0.002 
2021-04-14 11:51:40 | INFO |        0.035 |       14           2              0.004 
2021-04-14 11:51:40 | INFO |        0.043 |       15           2              0.008 
2021-04-14 11:51:40 | DEBUG | call of SolverReInit ie a new symbolic and numerical factorization will be performed
2021-04-14 11:51:40 | DEBUG | Algebraic mode change for model GEN____3_SM at t = 0.0528381
2021-04-14 11:51:40 | INFO | Algebraic mode change at t = 0.0528381
2021-04-14 11:51:40 | INFO |        0.053 |       16           2              0.016 
2021-04-14 11:51:40 | INFO | calculation of the new starting point of the simulation.
2021-04-14 11:51:40 | INFO |        0.053 |        0           0              0.000 
2021-04-14 11:51:40 | DEBUG | largest derivative values (truncated to the first 10) at the current iteration
2021-04-14 11:51:40 | DEBUG | YP[183]=0.00100572 (variable=GEN____6_SM_generator_lambdafPu)
2021-04-14 11:51:40 | DEBUG | YP[54]=0.000223156 (variable=GEN____1_SM_generator_lambdaDPu)
2021-04-14 11:51:40 | DEBUG | YP[222]=0.000189143 (variable=GEN____8_SM_generator_lambdaDPu)
2021-04-14 11:51:40 | DEBUG | YP[98]=-0.000163494 (variable=GEN____2_SM_generator_lambdaQ2Pu)
2021-04-14 11:51:40 | DEBUG | YP[101]=-0.000138626 (variable=GEN____2_SM_generator_theta)
2021-04-14 11:51:40 | DEBUG | YP[97]=-0.00011289 (variable=GEN____2_SM_generator_lambdaQ1Pu)
2021-04-14 11:51:40 | DEBUG | YP[57]=0.000110661 (variable=GEN____1_SM_generator_lambdafPu)
2021-04-14 11:51:40 | DEBUG | YP[225]=-0.000109818 (variable=GEN____8_SM_generator_lambdafPu)
2021-04-14 11:51:40 | DEBUG | YP[185]=-0.000100706 (variable=GEN____6_SM_generator_theta)
2021-04-14 11:51:40 | DEBUG | YP[96]=-0.000100307 (variable=GEN____2_SM_generator_lambdaDPu)
2021-04-14 11:51:40 | DEBUG | call of SolverReInit ie a new symbolic and numerical factorization will be performed
2021-04-14 11:51:40 | INFO |        0.053 |        1           1              0.000 
2021-04-14 11:51:40 | INFO |        0.053 |        2           1              0.000 
2021-04-14 11:51:40 | INFO |        0.053 |        3           2              0.000 
2021-04-14 11:51:40 | DEBUG | call of SolverReInit ie a new symbolic and numerical factorization will be performed
2021-04-14 11:51:40 | INFO |        0.053 |        4           2              0.000 
2021-04-14 11:51:40 | INFO |        0.053 |        5           2              0.000 
2021-04-14 11:51:40 | INFO |        0.053 |        6           2              0.000 
2021-04-14 11:51:40 | DEBUG | call of SolverReInit ie a new symbolic and numerical factorization will be performed
2021-04-14 11:51:40 | INFO |        0.053 |        7           2              0.000 
2021-04-14 11:51:40 | INFO |        0.053 |        8           2              0.000 
2021-04-14 11:51:40 | INFO |        0.053 |        9           2              0.000 
2021-04-14 11:51:40 | INFO |        0.053 |       10           2              0.000 
2021-04-14 11:51:40 | INFO |        0.054 |       11           2              0.001 
2021-04-14 11:51:40 | INFO |        0.055 |       12           2              0.001 
2021-04-14 11:51:40 | INFO |        0.057 |       13           2              0.002 
2021-04-14 11:51:40 | INFO |        0.061 |       14           2              0.004 
2021-04-14 11:51:40 | INFO |        0.069 |       15           2              0.008 
2021-04-14 11:51:40 | INFO |        0.086 |       16           2              0.016 
2021-04-14 11:51:40 | INFO |        0.118 |       17           2              0.033 
2021-04-14 11:51:40 | INFO |        0.184 |       18           2              0.066 
2021-04-14 11:51:40 | DEBUG | Algebraic mode change for model GEN____8_SM at t = 0.294684
2021-04-14 11:51:40 | INFO | Algebraic mode change at t = 0.294684
2021-04-14 11:51:40 | INFO |        0.295 |       19           2              0.131 
2021-04-14 11:51:40 | INFO | calculation of the new starting point of the simulation.
2021-04-14 11:51:40 | INFO |        0.295 |        0           0              0.000 
2021-04-14 11:51:40 | DEBUG | largest derivative values (truncated to the first 10) at the current iteration
2021-04-14 11:51:40 | DEBUG | YP[183]=0.000471248 (variable=GEN____6_SM_generator_lambdafPu)
2021-04-14 11:51:40 | DEBUG | YP[101]=-0.000324775 (variable=GEN____2_SM_generator_theta)
2021-04-14 11:51:40 | DEBUG | YP[180]=0.000250225 (variable=GEN____6_SM_generator_lambdaDPu)
2021-04-14 11:51:40 | DEBUG | YP[143]=0.000203085 (variable=GEN____3_SM_generator_theta)
2021-04-14 11:51:40 | DEBUG | YP[185]=-0.000192498 (variable=GEN____6_SM_generator_theta)
2021-04-14 11:51:40 | DEBUG | YP[225]=-8.17959e-05 (variable=GEN____8_SM_generator_lambdafPu)
2021-04-14 11:51:40 | DEBUG | YP[98]=7.89015e-05 (variable=GEN____2_SM_generator_lambdaQ2Pu)
2021-04-14 11:51:40 | DEBUG | YP[181]=6.05598e-05 (variable=GEN____6_SM_generator_lambdaQ1Pu)
2021-04-14 11:51:40 | DEBUG | YP[56]=-5.9505e-05 (variable=GEN____1_SM_generator_lambdaQ2Pu)
2021-04-14 11:51:40 | DEBUG | YP[57]=5.93152e-05 (variable=GEN____1_SM_generator_lambdafPu)
2021-04-14 11:51:40 | DEBUG | call of SolverReInit ie a new symbolic and numerical factorization will be performed
2021-04-14 11:51:40 | INFO |        0.295 |        1           1              0.000 
2021-04-14 11:51:40 | INFO |        0.295 |        2           1              0.000 
2021-04-14 11:51:40 | INFO |        0.295 |        3           2              0.000 
2021-04-14 11:51:40 | DEBUG | call of SolverReInit ie a new symbolic and numerical factorization will be performed
2021-04-14 11:51:40 | INFO |        0.295 |        4           2              0.000 
2021-04-14 11:51:40 | INFO |        0.295 |        5           2              0.000 
2021-04-14 11:51:40 | INFO |        0.295 |        6           2              0.000 
2021-04-14 11:51:40 | DEBUG | call of SolverReInit ie a new symbolic and numerical factorization will be performed
2021-04-14 11:51:40 | INFO |        0.295 |        7           2              0.000 
2021-04-14 11:51:40 | INFO |        0.295 |        8           2              0.000 
2021-04-14 11:51:40 | INFO |        0.295 |        9           2              0.000 
2021-04-14 11:51:40 | INFO |        0.295 |       10           2              0.000 
2021-04-14 11:51:40 | INFO |        0.296 |       11           2              0.001 
2021-04-14 11:51:40 | INFO |        0.297 |       12           2              0.001 
2021-04-14 11:51:40 | INFO |        0.299 |       13           2              0.002 
2021-04-14 11:51:40 | INFO |        0.303 |       14           2              0.004 
2021-04-14 11:51:40 | INFO |        0.311 |       15           2              0.008 
2021-04-14 11:51:40 | INFO |        0.327 |       16           2              0.016 
2021-04-14 11:51:40 | DEBUG | call of SolverReInit ie a new symbolic and numerical factorization will be performed
2021-04-14 11:51:40 | INFO |        0.348 |       17           2              0.033 
2021-04-14 11:51:40 | INFO |        0.348 |       17           2              0.033 
2021-04-14 11:51:40 | INFO |        0.360 |       17           2              0.033 
2021-04-14 11:51:40 | INFO |        0.426 |       18           2              0.066 
2021-04-14 11:51:40 | INFO |        0.557 |       19           2              0.131 
2021-04-14 11:51:40 | DEBUG | call of SolverReInit ie a new symbolic and numerical factorization will be performed
2021-04-14 11:51:41 | DEBUG | Algebraic mode change for model GEN____3_SM at t = 0.793986
2021-04-14 11:51:41 | INFO | Algebraic mode change at t = 0.793986
2021-04-14 11:51:41 | INFO |        0.794 |       20           2              0.262 
2021-04-14 11:51:41 | INFO | calculation of the new starting point of the simulation.
2021-04-14 11:51:41 | DEBUG | call of SolverReInit ie a new symbolic and numerical factorization will be performed
2021-04-14 11:51:41 | INFO |        0.794 |        0           0              0.000 
2021-04-14 11:51:41 | DEBUG | largest derivative values (truncated to the first 10) at the current iteration
2021-04-14 11:51:41 | DEBUG | YP[59]=-0.000141836 (variable=GEN____1_SM_generator_theta)
2021-04-14 11:51:41 | DEBUG | YP[101]=8.99016e-05 (variable=GEN____2_SM_generator_theta)
2021-04-14 11:51:41 | DEBUG | YP[185]=7.55977e-05 (variable=GEN____6_SM_generator_theta)
2021-04-14 11:51:41 | DEBUG | YP[183]=7.52036e-05 (variable=GEN____6_SM_generator_lambdafPu)
2021-04-14 11:51:41 | DEBUG | YP[143]=5.42148e-05 (variable=GEN____3_SM_generator_theta)
2021-04-14 11:51:41 | DEBUG | YP[180]=4.12774e-05 (variable=GEN____6_SM_generator_lambdaDPu)
2021-04-14 11:51:41 | DEBUG | YP[181]=-3.8529e-05 (variable=GEN____6_SM_generator_lambdaQ1Pu)
2021-04-14 11:51:41 | DEBUG | YP[139]=-3.71842e-05 (variable=GEN____3_SM_generator_lambdaQ1Pu)
2021-04-14 11:51:41 | DEBUG | YP[140]=-3.69068e-05 (variable=GEN____3_SM_generator_lambdaQ2Pu)
2021-04-14 11:51:41 | DEBUG | YP[225]=-3.64111e-05 (variable=GEN____8_SM_generator_lambdafPu)
2021-04-14 11:51:41 | DEBUG | call of SolverReInit ie a new symbolic and numerical factorization will be performed
2021-04-14 11:51:41 | INFO |        0.794 |        1           1              0.000 
2021-04-14 11:51:41 | INFO |        0.794 |        2           1              0.000 
2021-04-14 11:51:41 | INFO |        0.794 |        3           2              0.000 
2021-04-14 11:51:41 | DEBUG | call of SolverReInit ie a new symbolic and numerical factorization will be performed
2021-04-14 11:51:41 | INFO |        0.794 |        4           2              0.000 
2021-04-14 11:51:41 | INFO |        0.794 |        5           2              0.000 
2021-04-14 11:51:41 | INFO |        0.794 |        6           2              0.000 
2021-04-14 11:51:41 | DEBUG | call of SolverReInit ie a new symbolic and numerical factorization will be performed
2021-04-14 11:51:41 | INFO |        0.794 |        7           2              0.000 
2021-04-14 11:51:41 | INFO |        0.794 |        8           2              0.000 
2021-04-14 11:51:41 | INFO |        0.794 |        9           2              0.000 
2021-04-14 11:51:41 | INFO |        0.794 |       10           2              0.000 
2021-04-14 11:51:41 | INFO |        0.795 |       11           2              0.001 
2021-04-14 11:51:41 | INFO |        0.796 |       12           2              0.001 
2021-04-14 11:51:41 | INFO |        0.798 |       13           2              0.002 
2021-04-14 11:51:41 | INFO |        0.802 |       14           2              0.004 
2021-04-14 11:51:41 | INFO |        0.810 |       15           2              0.008 
2021-04-14 11:51:41 | INFO |        0.827 |       16           2              0.016 
2021-04-14 11:51:41 | DEBUG | call of SolverReInit ie a new symbolic and numerical factorization will be performed
2021-04-14 11:51:41 | INFO |        0.829 |       17           2              0.033 
2021-04-14 11:51:41 | INFO |        0.829 |       17           2              0.033 
2021-04-14 11:51:41 | INFO |        0.835 |       17           2              0.033 
2021-04-14 11:51:41 | INFO |        0.835 |       17           2              0.033 
2021-04-14 11:51:41 | INFO |        0.860 |       17           2              0.033 
2021-04-14 11:51:41 | DEBUG | call of SolverReInit ie a new symbolic and numerical factorization will be performed
2021-04-14 11:51:41 | DEBUG | Algebraic mode change for model GEN____8_SM at t = 0.882339
2021-04-14 11:51:41 | INFO | Algebraic mode change at t = 0.882339
2021-04-14 11:51:41 | INFO |        0.882 |       18           2              0.066 
2021-04-14 11:51:41 | INFO | calculation of the new starting point of the simulation.
2021-04-14 11:51:41 | INFO |        0.882 |        0           0              0.000 
2021-04-14 11:51:41 | DEBUG | largest derivative values (truncated to the first 10) at the current iteration
2021-04-14 11:51:41 | DEBUG | YP[101]=0.000115551 (variable=GEN____2_SM_generator_theta)
2021-04-14 11:51:41 | DEBUG | YP[59]=-0.000103535 (variable=GEN____1_SM_generator_theta)
2021-04-14 11:51:41 | DEBUG | YP[183]=4.41506e-05 (variable=GEN____6_SM_generator_lambdafPu)
2021-04-14 11:51:41 | DEBUG | YP[185]=4.26952e-05 (variable=GEN____6_SM_generator_theta)
2021-04-14 11:51:41 | DEBUG | YP[139]=-3.1689e-05 (variable=GEN____3_SM_generator_lambdaQ1Pu)
2021-04-14 11:51:41 | DEBUG | YP[225]=-3.02722e-05 (variable=GEN____8_SM_generator_lambdafPu)
2021-04-14 11:51:41 | DEBUG | YP[140]=-2.60143e-05 (variable=GEN____3_SM_generator_lambdaQ2Pu)
2021-04-14 11:51:41 | DEBUG | YP[222]=-2.36639e-05 (variable=GEN____8_SM_generator_lambdaDPu)
2021-04-14 11:51:41 | DEBUG | YP[56]=2.24195e-05 (variable=GEN____1_SM_generator_lambdaQ2Pu)
2021-04-14 11:51:41 | DEBUG | YP[180]=2.17719e-05 (variable=GEN____6_SM_generator_lambdaDPu)
2021-04-14 11:51:41 | DEBUG | call of SolverReInit ie a new symbolic and numerical factorization will be performed
2021-04-14 11:51:41 | INFO |        0.882 |        1           1              0.000 
2021-04-14 11:51:41 | INFO |        0.882 |        2           1              0.000 
2021-04-14 11:51:41 | INFO |        0.882 |        3           2              0.000 
2021-04-14 11:51:41 | DEBUG | call of SolverReInit ie a new symbolic and numerical factorization will be performed
2021-04-14 11:51:41 | INFO |        0.882 |        4           2              0.000 
2021-04-14 11:51:41 | INFO |        0.882 |        5           2              0.000 
2021-04-14 11:51:41 | INFO |        0.882 |        6           2              0.000 
2021-04-14 11:51:41 | DEBUG | call of SolverReInit ie a new symbolic and numerical factorization will be performed
2021-04-14 11:51:41 | INFO |        0.882 |        7           2              0.000 
2021-04-14 11:51:41 | INFO |        0.882 |        8           2              0.000 
2021-04-14 11:51:41 | INFO |        0.883 |        9           2              0.000 
2021-04-14 11:51:41 | INFO |        0.883 |       10           2              0.000 
2021-04-14 11:51:41 | INFO |        0.883 |       11           2              0.001 
2021-04-14 11:51:41 | INFO |        0.884 |       12           2              0.001 
2021-04-14 11:51:41 | INFO |        0.886 |       13           2              0.002 
2021-04-14 11:51:41 | INFO |        0.891 |       14           2              0.004 
2021-04-14 11:51:41 | INFO |        0.899 |       15           2              0.008 
2021-04-14 11:51:41 | INFO |        0.915 |       16           2              0.016 
2021-04-14 11:51:41 | INFO |        0.948 |       17           2              0.033 
2021-04-14 11:51:41 | INFO |        1.013 |       18           2              0.066 
2021-04-14 11:51:41 | INFO |        1.144 |       19           2              0.131 
2021-04-14 11:51:41 | INFO |        1.407 |       20           2              0.262 
2021-04-14 11:51:41 | DEBUG | call of SolverReInit ie a new symbolic and numerical factorization will be performed
2021-04-14 11:51:41 | DEBUG | Algebraic mode change for model GEN____8_SM at t = 1.77349
2021-04-14 11:51:41 | INFO | Algebraic mode change at t = 1.77349
2021-04-14 11:51:41 | INFO |        1.773 |       21           1              0.524 
2021-04-14 11:51:41 | INFO | calculation of the new starting point of the simulation.
2021-04-14 11:51:41 | INFO |        1.773 |        0           0              0.000 
2021-04-14 11:51:41 | DEBUG | largest derivative values (truncated to the first 10) at the current iteration
2021-04-14 11:51:41 | DEBUG | YP[59]=3.03285e-05 (variable=GEN____1_SM_generator_theta)
2021-04-14 11:51:41 | DEBUG | YP[56]=-1.64349e-05 (variable=GEN____1_SM_generator_lambdaQ2Pu)
2021-04-14 11:51:41 | DEBUG | YP[55]=-1.3777e-05 (variable=GEN____1_SM_generator_lambdaQ1Pu)
2021-04-14 11:51:41 | DEBUG | YP[143]=-1.36163e-05 (variable=GEN____3_SM_generator_theta)
2021-04-14 11:51:41 | DEBUG | YP[185]=1.26836e-05 (variable=GEN____6_SM_generator_theta)
2021-04-14 11:51:41 | DEBUG | YP[140]=1.14129e-05 (variable=GEN____3_SM_generator_lambdaQ2Pu)
2021-04-14 11:51:41 | DEBUG | YP[101]=-1.10371e-05 (variable=GEN____2_SM_generator_theta)
2021-04-14 11:51:41 | DEBUG | YP[139]=1.06745e-05 (variable=GEN____3_SM_generator_lambdaQ1Pu)
2021-04-14 11:51:41 | DEBUG | YP[183]=5.88994e-06 (variable=GEN____6_SM_generator_lambdafPu)
2021-04-14 11:51:41 | DEBUG | YP[225]=-5.86439e-06 (variable=GEN____8_SM_generator_lambdafPu)
2021-04-14 11:51:41 | DEBUG | call of SolverReInit ie a new symbolic and numerical factorization will be performed
2021-04-14 11:51:41 | INFO |        1.773 |        1           1              0.000 
2021-04-14 11:51:41 | INFO |        1.773 |        2           1              0.000 
2021-04-14 11:51:41 | INFO |        1.773 |        3           2              0.000 
2021-04-14 11:51:41 | DEBUG | call of SolverReInit ie a new symbolic and numerical factorization will be performed
2021-04-14 11:51:41 | INFO |        1.773 |        4           2              0.000 
2021-04-14 11:51:41 | INFO |        1.774 |        5           2              0.000 
2021-04-14 11:51:41 | INFO |        1.774 |        6           2              0.000 
2021-04-14 11:51:41 | DEBUG | call of SolverReInit ie a new symbolic and numerical factorization will be performed
2021-04-14 11:51:41 | INFO |        1.774 |        7           2              0.000 
2021-04-14 11:51:41 | INFO |        1.774 |        8           2              0.000 
2021-04-14 11:51:41 | INFO |        1.774 |        9           2              0.000 
2021-04-14 11:51:41 | INFO |        1.774 |       10           2              0.000 
2021-04-14 11:51:41 | INFO |        1.775 |       11           2              0.001 
2021-04-14 11:51:41 | INFO |        1.776 |       12           2              0.001 
2021-04-14 11:51:41 | INFO |        1.778 |       13           2              0.002 
2021-04-14 11:51:41 | INFO |        1.782 |       14           2              0.004 
2021-04-14 11:51:41 | INFO |        1.790 |       15           2              0.008 
2021-04-14 11:51:41 | INFO |        1.806 |       16           2              0.016 
2021-04-14 11:51:41 | INFO |        1.839 |       17           2              0.033 
2021-04-14 11:51:41 | DEBUG | call of SolverReInit ie a new symbolic and numerical factorization will be performed
2021-04-14 11:51:41 | INFO |        1.905 |       18           2              0.066 
2021-04-14 11:51:41 | DEBUG | call of SolverReInit ie a new symbolic and numerical factorization will be performed
2021-04-14 11:51:41 | INFO |        1.906 |       19           2              0.131 
2021-04-14 11:51:41 | INFO |        1.906 |       19           2              0.131 
2021-04-14 11:51:41 | INFO |        2.036 |       19           2              0.131 
2021-04-14 11:51:41 | DEBUG | call of SolverReInit ie a new symbolic and numerical factorization will be performed
2021-04-14 11:51:41 | INFO |        2.184 |       20           2              0.262 
2021-04-14 11:51:41 | INFO |        2.184 |       20           2              0.262 
2021-04-14 11:51:41 | INFO |        2.298 |       20           2              0.262 
2021-04-14 11:51:41 | DEBUG | call of SolverReInit ie a new symbolic and numerical factorization will be performed
2021-04-14 11:51:41 | INFO |        2.338 |       21           2              0.524 
2021-04-14 11:51:41 | INFO |        2.338 |       21           2              0.524 
2021-04-14 11:51:41 | INFO |        2.758 |       21           2              0.524 
2021-04-14 11:51:41 | INFO |        2.758 |       21           2              0.524 
2021-04-14 11:51:41 | INFO |        2.822 |       21           2              0.524 
2021-04-14 11:51:41 | DEBUG | call of SolverReInit ie a new symbolic and numerical factorization will be performed
2021-04-14 11:51:41 | INFO |        3.871 |       22           1              1.049 
2021-04-14 11:51:41 | DEBUG | call of SolverReInit ie a new symbolic and numerical factorization will be performed
2021-04-14 11:51:41 | INFO |        5.355 |       23           1              2.097 
2021-04-14 11:51:41 | INFO |        5.355 |       23           1              2.097 
2021-04-14 11:51:41 | INFO |        5.968 |       23           1              2.097 
2021-04-14 11:51:41 | INFO |       10.162 |       24           1              4.194 
2021-04-14 11:51:41 | INFO |       18.551 |       25           1              8.389 
2021-04-14 11:51:41 | INFO |       28.551 |       26           1             10.000 
2021-04-14 11:51:41 | INFO |       38.551 |       27           1             10.000 
2021-04-14 11:51:41 | INFO |       48.551 |       28           1             10.000 
2021-04-14 11:51:41 | INFO |       58.551 |       29           2             10.000 
2021-04-14 11:51:41 | INFO |       68.551 |       30           1             10.000 
2021-04-14 11:51:41 | INFO |       78.551 |       31           1             10.000 
2021-04-14 11:51:41 | INFO |       88.551 |       32           1             10.000 
2021-04-14 11:51:41 | INFO |       98.551 |       33           1             10.000 
2021-04-14 11:51:41 | INFO |      100.000 |       34           1              1.449 
2021-04-14 11:51:41 | INFO | 
2021-04-14 11:51:41 | INFO | execution statistics :
2021-04-14 11:51:41 | INFO | 
2021-04-14 11:51:41 | INFO | number of time iterations                  = 144
2021-04-14 11:51:41 | INFO | number of residual evaluations             = 178
2021-04-14 11:51:41 | INFO | number of Jacobian evaluations             = 125
2021-04-14 11:51:41 | INFO | number of nonlinear iterations             = 164
2021-04-14 11:51:41 | INFO | number of error test failures              = 0
2021-04-14 11:51:41 | INFO | number of nonlinear convergence failures   = 0
2021-04-14 11:51:41 | INFO | number of root functions evaluations       = 1003
2021-04-14 11:51:41 | INFO | number of discrete variables evaluations   = 39
2021-04-14 11:51:41 | INFO | number of mode evaluations                 = 29
2021-04-14 11:51:41 | INFO | end of job 'IEEE14 - Black box models'
