2020-10-05 10:27:33 | INFO |  ============================================================ 
2020-10-05 10:27:33 | INFO | DYNAWO VERSION  :     1.3.0
2020-10-05 10:27:33 | INFO | DYNAWO REVISION :  ModalAnalysisDynawo-1a4ade8
2020-10-05 10:27:33 | INFO |  ============================================================ 
2020-10-05 10:28:18 | DEBUG | ------------------------------
2020-10-05 10:28:18 | DEBUG | X variables init
2020-10-05 10:28:18 | DEBUG | ------------------------------
2020-10-05 10:28:18 | DEBUG | 0 SM_avr_Efd0Pu
2020-10-05 10:28:18 | DEBUG | 1 SM_avr_Efd0PuLF
2020-10-05 10:28:18 | DEBUG | 2 SM_gen_Cos2Eta0
2020-10-05 10:28:18 | DEBUG | 3 SM_gen_Id0Pu
2020-10-05 10:28:18 | DEBUG | 4 SM_gen_If0Pu
2020-10-05 10:28:18 | DEBUG | 5 SM_gen_Iq0Pu
2020-10-05 10:28:18 | DEBUG | 6 SM_gen_Kuf
2020-10-05 10:28:18 | DEBUG | 7 SM_gen_LambdaAD0Pu
2020-10-05 10:28:18 | DEBUG | 8 SM_gen_LambdaAQ0Pu
2020-10-05 10:28:18 | DEBUG | 9 SM_gen_LambdaAirGap0Pu
2020-10-05 10:28:18 | DEBUG | 10 SM_gen_Lambdad0Pu
2020-10-05 10:28:18 | DEBUG | 11 SM_gen_MdSat0PPu
2020-10-05 10:28:18 | DEBUG | 12 SM_gen_Mds0Pu
2020-10-05 10:28:18 | DEBUG | 13 SM_gen_Mi0Pu
2020-10-05 10:28:18 | DEBUG | 14 SM_gen_MqSat0PPu
2020-10-05 10:28:18 | DEBUG | 15 SM_gen_Mqs0Pu
2020-10-05 10:28:18 | DEBUG | 16 SM_gen_MsalPu
2020-10-05 10:28:18 | DEBUG | 17 SM_gen_RfPPu
2020-10-05 10:28:18 | DEBUG | 18 SM_gen_RfPu
2020-10-05 10:28:18 | DEBUG | 19 SM_gen_Sin2Eta0
2020-10-05 10:28:18 | DEBUG | 20 SM_gen_ThetaInternal0
2020-10-05 10:28:18 | DEBUG | 21 SM_gen_Ud0Pu
2020-10-05 10:28:18 | DEBUG | 22 SM_gen_Uf0Pu
2020-10-05 10:28:18 | DEBUG | 23 SM_gen_Uq0Pu
2020-10-05 10:28:18 | DEBUG | 24 SM_gen_i0Pu_im
2020-10-05 10:28:18 | DEBUG | 25 SM_gen_i0Pu_re
2020-10-05 10:28:18 | DEBUG | ------------------------------
2020-10-05 10:28:18 | DEBUG | X calculated variables init
2020-10-05 10:28:18 | DEBUG | ------------------------------
2020-10-05 10:28:18 | DEBUG | 0 SM_Pm_Value0
2020-10-05 10:28:18 | DEBUG | 1 SM_URef_Value0
2020-10-05 10:28:18 | DEBUG | 2 SM_avr_Us0Pu
2020-10-05 10:28:18 | DEBUG | 3 SM_gen_Ce0Pu
2020-10-05 10:28:18 | DEBUG | 4 SM_gen_I0Pu
2020-10-05 10:28:18 | DEBUG | 5 SM_gen_IRotor0Pu
2020-10-05 10:28:18 | DEBUG | 6 SM_gen_IStator0Pu
2020-10-05 10:28:18 | DEBUG | 7 SM_gen_LDPPu
2020-10-05 10:28:18 | DEBUG | 8 SM_gen_LDPu
2020-10-05 10:28:18 | DEBUG | 9 SM_gen_LQ1PPu
2020-10-05 10:28:18 | DEBUG | 10 SM_gen_LQ1Pu
2020-10-05 10:28:18 | DEBUG | 11 SM_gen_LQ2PPu
2020-10-05 10:28:18 | DEBUG | 12 SM_gen_LQ2Pu
2020-10-05 10:28:18 | DEBUG | 13 SM_gen_LambdaD0Pu
2020-10-05 10:28:18 | DEBUG | 14 SM_gen_LambdaQ20Pu
2020-10-05 10:28:18 | DEBUG | 15 SM_gen_Lambdaf0Pu
2020-10-05 10:28:18 | DEBUG | 16 SM_gen_Lambdaq0Pu
2020-10-05 10:28:18 | DEBUG | 17 SM_gen_LdPPu
2020-10-05 10:28:18 | DEBUG | 18 SM_gen_LfPPu
2020-10-05 10:28:18 | DEBUG | 19 SM_gen_LfPu
2020-10-05 10:28:18 | DEBUG | 20 SM_gen_LqPPu
2020-10-05 10:28:18 | DEBUG | 21 SM_gen_MdPPu
2020-10-05 10:28:18 | DEBUG | 22 SM_gen_MdPPuEfd
2020-10-05 10:28:18 | DEBUG | 23 SM_gen_MqPPu
2020-10-05 10:28:18 | DEBUG | 24 SM_gen_MrcPPu
2020-10-05 10:28:18 | DEBUG | 25 SM_gen_MrcPu
2020-10-05 10:28:18 | DEBUG | 26 SM_gen_QStator0Pu
2020-10-05 10:28:18 | DEBUG | 27 SM_gen_QStator0PuQNom
2020-10-05 10:28:18 | DEBUG | 28 SM_gen_RDPPu
2020-10-05 10:28:18 | DEBUG | 29 SM_gen_RDPu
2020-10-05 10:28:18 | DEBUG | 30 SM_gen_RQ1PPu
2020-10-05 10:28:18 | DEBUG | 31 SM_gen_RQ1Pu
2020-10-05 10:28:18 | DEBUG | 32 SM_gen_RQ2PPu
2020-10-05 10:28:18 | DEBUG | 33 SM_gen_RQ2Pu
2020-10-05 10:28:18 | DEBUG | 34 SM_gen_RaPPu
2020-10-05 10:28:18 | DEBUG | 35 SM_gen_S0Pu
2020-10-05 10:28:18 | DEBUG | 36 SM_gen_T1dPu
2020-10-05 10:28:18 | DEBUG | 37 SM_gen_T1qPu
2020-10-05 10:28:18 | DEBUG | 38 SM_gen_T3dPu
2020-10-05 10:28:18 | DEBUG | 39 SM_gen_T3qPu
2020-10-05 10:28:18 | DEBUG | 40 SM_gen_T4dPu
2020-10-05 10:28:18 | DEBUG | 41 SM_gen_T4qPu
2020-10-05 10:28:18 | DEBUG | 42 SM_gen_T6dPu
2020-10-05 10:28:18 | DEBUG | 43 SM_gen_T6qPu
2020-10-05 10:28:18 | DEBUG | 44 SM_gen_Tpd
2020-10-05 10:28:18 | DEBUG | 45 SM_gen_Tppd
2020-10-05 10:28:18 | DEBUG | 46 SM_gen_Tppq
2020-10-05 10:28:18 | DEBUG | 47 SM_gen_Tpq
2020-10-05 10:28:18 | DEBUG | 48 SM_gen_iStator0Pu_im
2020-10-05 10:28:18 | DEBUG | 49 SM_gen_iStator0Pu_re
2020-10-05 10:28:18 | DEBUG | 50 SM_gen_sStator0Pu_re
2020-10-05 10:28:18 | DEBUG | 51 SM_gen_u0Pu_im
2020-10-05 10:28:18 | DEBUG | 52 SM_gen_u0Pu_re
2020-10-05 10:28:18 | DEBUG | 53 SM_gen_uStator0Pu_im
2020-10-05 10:28:18 | DEBUG | 54 SM_gen_uStator0Pu_re
2020-10-05 10:28:18 | DEBUG | 55 SM_gen_PGen0Pu
2020-10-05 10:28:18 | DEBUG | 56 SM_gen_QGen0Pu
2020-10-05 10:28:18 | DEBUG | 57 SM_gen_s0Pu_im
2020-10-05 10:28:18 | DEBUG | 58 SM_gen_s0Pu_re
2020-10-05 10:28:18 | DEBUG | ------------------------------
2020-10-05 10:28:18 | DEBUG | Z variables init
2020-10-05 10:28:18 | DEBUG | ------------------------------
2020-10-05 10:28:18 | DEBUG | 0 SM_avr_limiterWithLag_tUMaxReached0
2020-10-05 10:28:18 | DEBUG | 1 SM_avr_limiterWithLag_tUMinReached0
2020-10-05 10:28:18 | DEBUG | ------------------------------
2020-10-05 10:28:18 | DEBUG | X variables
2020-10-05 10:28:18 | DEBUG | ------------------------------
2020-10-05 10:28:18 | DEBUG | 0 Network_tfo_terminal2_V_im
2020-10-05 10:28:18 | DEBUG | 1 Network_tfo_terminal2_V_re
2020-10-05 10:28:18 | DEBUG | 2 Network_busInf_terminal_i_im
2020-10-05 10:28:18 | DEBUG | 3 Network_busInf_terminal_i_re
2020-10-05 10:28:18 | DEBUG | 4 Network_line1_terminal1_i_im
2020-10-05 10:28:18 | DEBUG | 5 Network_line1_terminal1_i_re
2020-10-05 10:28:18 | DEBUG | 6 Network_line1_terminal2_V_im
2020-10-05 10:28:18 | DEBUG | 7 Network_line1_terminal2_V_re
2020-10-05 10:28:18 | DEBUG | 8 Network_line1_terminal2_i_im
2020-10-05 10:28:18 | DEBUG | 9 Network_line1_terminal2_i_re
2020-10-05 10:28:18 | DEBUG | 10 Network_line2_terminal1_i_im
2020-10-05 10:28:18 | DEBUG | 11 Network_line2_terminal1_i_re
2020-10-05 10:28:18 | DEBUG | 12 Network_line2_terminal2_i_im
2020-10-05 10:28:18 | DEBUG | 13 Network_line2_terminal2_i_re
2020-10-05 10:28:18 | DEBUG | 14 Network_tfo_terminal1_i_im
2020-10-05 10:28:18 | DEBUG | 15 Network_tfo_terminal1_i_re
2020-10-05 10:28:18 | DEBUG | 16 Network_tfo_terminal2_i_im
2020-10-05 10:28:18 | DEBUG | 17 Network_tfo_terminal2_i_re
2020-10-05 10:28:18 | DEBUG | 18 SM_gen_lambdaDPu
2020-10-05 10:28:18 | DEBUG | 19 SM_gen_lambdaQ1Pu
2020-10-05 10:28:18 | DEBUG | 20 SM_gen_lambdaQ2Pu
2020-10-05 10:28:18 | DEBUG | 21 SM_gen_lambdafPu
2020-10-05 10:28:18 | DEBUG | 22 SM_gen_omegaPu_value
2020-10-05 10:28:18 | DEBUG | 23 SM_gen_terminal_V_im
2020-10-05 10:28:18 | DEBUG | 24 SM_gen_terminal_V_re
2020-10-05 10:28:18 | DEBUG | 25 SM_gen_theta
2020-10-05 10:28:18 | DEBUG | 26 SM_avr_EfdPu
2020-10-05 10:28:18 | DEBUG | 27 SM_avr_UsPu
2020-10-05 10:28:18 | DEBUG | 28 SM_avr_UsRefPu
2020-10-05 10:28:18 | DEBUG | 29 SM_avr_feedback_u1
2020-10-05 10:28:18 | DEBUG | 30 SM_avr_feedback_y
2020-10-05 10:28:18 | DEBUG | 31 SM_avr_gain_y
2020-10-05 10:28:18 | DEBUG | 32 SM_gen_MdSatPPu
2020-10-05 10:28:18 | DEBUG | 33 SM_gen_MqSatPPu
2020-10-05 10:28:18 | DEBUG | 34 SM_gen_cePu
2020-10-05 10:28:18 | DEBUG | 35 SM_gen_cmPu
2020-10-05 10:28:18 | DEBUG | 36 SM_gen_cos2Eta
2020-10-05 10:28:18 | DEBUG | 37 SM_gen_iDPu
2020-10-05 10:28:18 | DEBUG | 38 SM_gen_iQ1Pu
2020-10-05 10:28:18 | DEBUG | 39 SM_gen_iQ2Pu
2020-10-05 10:28:18 | DEBUG | 40 SM_gen_idPu
2020-10-05 10:28:18 | DEBUG | 41 SM_gen_ifPu
2020-10-05 10:28:18 | DEBUG | 42 SM_gen_iqPu
2020-10-05 10:28:18 | DEBUG | 43 SM_gen_lambdaADPu
2020-10-05 10:28:18 | DEBUG | 44 SM_gen_lambdaAQPu
2020-10-05 10:28:18 | DEBUG | 45 SM_gen_lambdaAirGapPu
2020-10-05 10:28:18 | DEBUG | 46 SM_gen_lambdadPu
2020-10-05 10:28:18 | DEBUG | 47 SM_gen_lambdaqPu
2020-10-05 10:28:18 | DEBUG | 48 SM_gen_mdsPu
2020-10-05 10:28:18 | DEBUG | 49 SM_gen_miPu
2020-10-05 10:28:18 | DEBUG | 50 SM_gen_mqsPu
2020-10-05 10:28:18 | DEBUG | 51 SM_gen_sin2Eta
2020-10-05 10:28:18 | DEBUG | 52 SM_gen_terminal_i_im
2020-10-05 10:28:18 | DEBUG | 53 SM_gen_terminal_i_re
2020-10-05 10:28:18 | DEBUG | 54 SM_gen_uStatorPu_im
2020-10-05 10:28:18 | DEBUG | 55 SM_gen_uStatorPu_re
2020-10-05 10:28:18 | DEBUG | 56 SM_gen_udPu
2020-10-05 10:28:18 | DEBUG | 57 SM_gen_ufPu
2020-10-05 10:28:18 | DEBUG | 58 SM_gen_uqPu
2020-10-05 10:28:18 | DEBUG | 59 SM_gover_PmRawPu_u1
2020-10-05 10:28:18 | DEBUG | 60 SM_gover_PmRawPu_u2
2020-10-05 10:28:18 | DEBUG | 61 SM_gover_PmRawPu_y
2020-10-05 10:28:18 | DEBUG | 62 SM_gover_feedback_y
2020-10-05 10:28:18 | DEBUG | 63 SM_gover_limiter_y
2020-10-05 10:28:18 | DEBUG | 64 SM_gover_switch_y
2020-10-05 10:28:18 | DEBUG | Network_line2_terminal2_V_im is an alias of Network_line1_terminal2_V_im
2020-10-05 10:28:18 | DEBUG | Network_line2_terminal2_V_re is an alias of Network_line1_terminal2_V_re
2020-10-05 10:28:18 | DEBUG | Network_tfo_terminal1_V_im is an alias of Network_line1_terminal2_V_im
2020-10-05 10:28:18 | DEBUG | Network_tfo_terminal1_V_re is an alias of Network_line1_terminal2_V_re
2020-10-05 10:28:18 | DEBUG | SM_Pm_step_value is an alias of SM_gover_PmRawPu_u1
2020-10-05 10:28:18 | DEBUG | SM_URef_step_value is an alias of SM_avr_UsRefPu
2020-10-05 10:28:18 | DEBUG | SM_avr_EfdPuPin_value is an alias of SM_avr_EfdPu
2020-10-05 10:28:18 | DEBUG | SM_avr_feedback_u2 is an alias of SM_avr_UsPu
2020-10-05 10:28:18 | DEBUG | SM_avr_gain_u is an alias of SM_avr_feedback_y
2020-10-05 10:28:18 | DEBUG | SM_avr_limUsRef_simplifiedExpr is an alias of SM_avr_UsRefPu
2020-10-05 10:28:18 | DEBUG | SM_avr_limUsRef_u is an alias of SM_avr_UsRefPu
2020-10-05 10:28:18 | DEBUG | SM_avr_limUsRef_y is an alias of SM_avr_feedback_u1
2020-10-05 10:28:18 | DEBUG | SM_avr_limiterWithLag_u is an alias of SM_avr_gain_y
2020-10-05 10:28:18 | DEBUG | SM_avr_limiterWithLag_y is an alias of SM_avr_EfdPu
2020-10-05 10:28:18 | DEBUG | SM_gen_PmPu_value is an alias of SM_gover_switch_y
2020-10-05 10:28:18 | DEBUG | SM_gen_UStatorPu_value is an alias of SM_avr_UsPu
2020-10-05 10:28:18 | DEBUG | SM_gen_efdPu_value is an alias of SM_avr_EfdPu
2020-10-05 10:28:18 | DEBUG | SM_gover_PmPu_value is an alias of SM_gover_switch_y
2020-10-05 10:28:18 | DEBUG | SM_gover_PmRefPu_value is an alias of SM_gover_PmRawPu_u1
2020-10-05 10:28:18 | DEBUG | SM_gover_feedback_u2 is an alias of SM_gen_omegaPu_value
2020-10-05 10:28:18 | DEBUG | SM_gover_gain_u is an alias of SM_gover_feedback_y
2020-10-05 10:28:18 | DEBUG | SM_gover_gain_y is an alias of SM_gover_PmRawPu_u2
2020-10-05 10:28:18 | DEBUG | SM_gover_limiter_simplifiedExpr is an alias of SM_gover_PmRawPu_y
2020-10-05 10:28:18 | DEBUG | SM_gover_limiter_u is an alias of SM_gover_PmRawPu_y
2020-10-05 10:28:18 | DEBUG | SM_gover_omegaPu_value is an alias of SM_gen_omegaPu_value
2020-10-05 10:28:18 | DEBUG | SM_gover_switch_u1 is an alias of SM_gover_limiter_y
2020-10-05 10:28:18 | DEBUG | ------------------------------
2020-10-05 10:28:18 | DEBUG | X calculated variables
2020-10-05 10:28:18 | DEBUG | ------------------------------
2020-10-05 10:28:18 | DEBUG | 0 Network_busInf_terminal_V_im
2020-10-05 10:28:18 | DEBUG | 1 Network_busInf_terminal_V_re
2020-10-05 10:28:18 | DEBUG | 2 Network_line1_P1Pu
2020-10-05 10:28:18 | DEBUG | 3 Network_line1_P2Pu
2020-10-05 10:28:18 | DEBUG | 4 Network_line1_Q1Pu
2020-10-05 10:28:18 | DEBUG | 5 Network_line1_Q2Pu
2020-10-05 10:28:18 | DEBUG | 6 Network_line2_P1Pu
2020-10-05 10:28:18 | DEBUG | 7 Network_line2_P2Pu
2020-10-05 10:28:18 | DEBUG | 8 Network_line2_Q1Pu
2020-10-05 10:28:18 | DEBUG | 9 Network_line2_Q2Pu
2020-10-05 10:28:18 | DEBUG | 10 Network_line1_terminal1_V_im
2020-10-05 10:28:18 | DEBUG | 11 Network_line1_terminal1_V_re
2020-10-05 10:28:18 | DEBUG | 12 Network_line2_terminal1_V_im
2020-10-05 10:28:18 | DEBUG | 13 Network_line2_terminal1_V_re
2020-10-05 10:28:18 | DEBUG | 14 SM_gen_IRotorPu_value
2020-10-05 10:28:18 | DEBUG | 15 SM_gen_IStatorPu_value
2020-10-05 10:28:18 | DEBUG | 16 SM_gen_PGen
2020-10-05 10:28:18 | DEBUG | 17 SM_gen_PGenPu
2020-10-05 10:28:18 | DEBUG | 18 SM_gen_PePu
2020-10-05 10:28:18 | DEBUG | 19 SM_gen_QGen
2020-10-05 10:28:18 | DEBUG | 20 SM_gen_QGenPu
2020-10-05 10:28:18 | DEBUG | 21 SM_gen_QStatorPu_value
2020-10-05 10:28:18 | DEBUG | 22 SM_gen_QStatorPuQNom_value
2020-10-05 10:28:18 | DEBUG | 23 SM_gen_UPu
2020-10-05 10:28:18 | DEBUG | 24 SM_gen_iStatorPu_im
2020-10-05 10:28:18 | DEBUG | 25 SM_gen_iStatorPu_re
2020-10-05 10:28:18 | DEBUG | 26 SM_gen_sStatorPu_im
2020-10-05 10:28:18 | DEBUG | 27 SM_gen_sStatorPu_re
2020-10-05 10:28:18 | DEBUG | 28 SM_gen_thetaInternal_value
2020-10-05 10:28:18 | DEBUG | 29 SM_gen_omegaRefPu_value
2020-10-05 10:28:18 | DEBUG | 30 SM_gover_PmCst_y
2020-10-05 10:28:18 | DEBUG | 31 SM_gover_feedback_u1
2020-10-05 10:28:18 | DEBUG | 32 SM_gover_omegaRefPu_y
2020-10-05 10:28:18 | DEBUG | 33 SM_gover_switch_u3
2020-10-05 10:28:18 | DEBUG | 34 SM_omegaRef_setPoint_value
2020-10-05 10:28:18 | DEBUG | ------------------------------
2020-10-05 10:28:18 | DEBUG | Z variables
2020-10-05 10:28:18 | DEBUG | ------------------------------
2020-10-05 10:28:18 | DEBUG | 0 Network_line1_running_value
2020-10-05 10:28:18 | DEBUG | 1 Network_line1_switchOffSignal1_value
2020-10-05 10:28:18 | DEBUG | 2 Network_line1_switchOffSignal2_value
2020-10-05 10:28:18 | DEBUG | 3 Network_line2_running_value
2020-10-05 10:28:18 | DEBUG | 4 Network_line2_switchOffSignal1_value
2020-10-05 10:28:18 | DEBUG | 5 Network_line2_switchOffSignal2_value
2020-10-05 10:28:18 | DEBUG | 6 Network_tfo_running_value
2020-10-05 10:28:18 | DEBUG | 7 Network_tfo_switchOffSignal1_value
2020-10-05 10:28:18 | DEBUG | 8 Network_tfo_switchOffSignal2_value
2020-10-05 10:28:18 | DEBUG | 9 Network_line1_state
2020-10-05 10:28:18 | DEBUG | 10 Network_line2_state
2020-10-05 10:28:18 | DEBUG | 11 Network_tfo_state
2020-10-05 10:28:18 | DEBUG | 12 SM_avr_limiterWithLag_tUMaxReached
2020-10-05 10:28:18 | DEBUG | 13 SM_avr_limiterWithLag_tUMinReached
2020-10-05 10:28:18 | DEBUG | 14 SM_avr_limitationDown_value
2020-10-05 10:28:18 | DEBUG | 15 SM_avr_limitationEfdMax
2020-10-05 10:28:18 | DEBUG | 16 SM_avr_limitationEfdMin
2020-10-05 10:28:18 | DEBUG | 17 SM_avr_limitationUp_value
2020-10-05 10:28:18 | DEBUG | 18 SM_avr_limitationUsRefMax
2020-10-05 10:28:18 | DEBUG | 19 SM_avr_limitationUsRefMin
2020-10-05 10:28:18 | DEBUG | 20 SM_avr_limiterWithLag_initSaturatedMax
2020-10-05 10:28:18 | DEBUG | 21 SM_avr_limiterWithLag_initSaturatedMin
2020-10-05 10:28:18 | DEBUG | 22 SM_gen_running_value
2020-10-05 10:28:18 | DEBUG | 23 SM_gen_switchOffSignal1_value
2020-10-05 10:28:18 | DEBUG | 24 SM_gen_switchOffSignal2_value
2020-10-05 10:28:18 | DEBUG | 25 SM_gen_switchOffSignal3_value
2020-10-05 10:28:18 | DEBUG | 26 SM_gover_activeFrequencyRegulation_y
2020-10-05 10:28:18 | DEBUG | 27 SM_gover_switch_u2
2020-10-05 10:28:18 | DEBUG | 28 SM_gen_state
2020-10-05 10:28:18 | DEBUG | 29 SM_gover_state
