2020-10-05 10:27:33 | INFO |  ============================================================ 
2020-10-05 10:27:33 | INFO | DYNAWO VERSION  :     1.3.0
2020-10-05 10:27:33 | INFO | DYNAWO REVISION :  ModalAnalysisDynawo-1a4ade8
2020-10-05 10:27:33 | INFO |  ============================================================ 
2020-10-05 10:27:33 | INFO | 
2020-10-05 10:27:33 | INFO | -----------------------------------------------------------------------
2020-10-05 10:27:33 | INFO | building model from input files
2020-10-05 10:27:33 | INFO | -----------------------------------------------------------------------
2020-10-05 10:28:18 | INFO | model was built successfully
2020-10-05 10:28:18 | INFO | -----------------------------------------------------------------------
2020-10-05 10:28:18 | INFO | 
2020-10-05 10:28:18 | INFO | -----------------------------------------------------------------------
2020-10-05 10:28:18 | INFO | starting local initialization
2020-10-05 10:28:18 | INFO | -----------------------------------------------------------------------
2020-10-05 10:28:18 | DEBUG | ------------------------------
2020-10-05 10:28:18 | DEBUG | starting local initialization of model SM
2020-10-05 10:28:18 | DEBUG | local initialization of model SM ended successfully
2020-10-05 10:28:18 | INFO | end of local initialization
2020-10-05 10:28:18 | INFO | -----------------------------------------------------------------------
2020-10-05 10:28:18 | INFO | 
2020-10-05 10:28:18 | INFO | -----------------------------------------------------------------------
2020-10-05 10:28:18 | INFO | starting global initialization
2020-10-05 10:28:18 | INFO | -----------------------------------------------------------------------
2020-10-05 10:28:18 | DEBUG | initialization of SIM solver : ok
2020-10-05 10:28:18 | DEBUG | calculate initial condition of the DAE
2020-10-05 10:28:18 | DEBUG | initial condition iteration 0
2020-10-05 10:28:18 | DEBUG | call of SolverReInit ie a new symbolic and numerical factorization will be performed
2020-10-05 10:28:18 | DEBUG | end of calculate initial condition of the DAE
2020-10-05 10:28:18 | INFO | end of global initialization
2020-10-05 10:28:18 | INFO | -----------------------------------------------------------------------
2020-10-05 10:28:18 | INFO | 
2020-10-05 10:28:18 | INFO | -----------------------------------------------------------------------
2020-10-05 10:28:18 | INFO | starting curve initialization
2020-10-05 10:28:18 | INFO | -----------------------------------------------------------------------
2020-10-05 10:28:18 | DEBUG | adding curve : Id: SM; output: gen_omegaPu found.( gen_omegaPu_value )
2020-10-05 10:28:18 | DEBUG | adding curve : Id: SM; curve: avr_UsRefPu found. (exact name)
2020-10-05 10:28:18 | INFO | end of curve initialization, added 2 curves
2020-10-05 10:28:18 | INFO | -----------------------------------------------------------------------
2020-10-05 10:28:18 | INFO | 
2020-10-05 10:28:18 | INFO | -----------------------------------------------------------------------
2020-10-05 10:28:18 | INFO | starting simulation with solver SimplifiedSolver
2020-10-05 10:28:18 | INFO | -----------------------------------------------------------------------
2020-10-05 10:28:18 | INFO | -----------------------------------------------------------------------
2020-10-05 10:28:18 | INFO | number of continuous variables : 65
2020-10-05 10:28:18 | INFO | number of discrete variables : 30
2020-10-05 10:28:18 | INFO | -----------------------------------------------------------------------
2020-10-05 10:28:18 | INFO |         time | iter num   Nonlinear iter   jac eval      time step (h)
2020-10-05 10:28:18 | INFO | -----------------------------------------------------------------------
2020-10-05 10:28:18 | INFO |        0.000 |        0                0          0              1.000 
2020-10-05 10:28:18 | DEBUG | call of SolverReInit ie a new symbolic and numerical factorization will be performed
2020-10-05 10:28:18 | INFO |        1.000 |        1                1          1              1.000 
2020-10-05 10:28:18 | DEBUG | largest derivative values (truncated to the first 10) at the current iteration
2020-10-05 10:28:18 | DEBUG | YP[25]=4.85506e-05 (variable=SM_gen_theta)
2020-10-05 10:28:18 | DEBUG | YP[21]=-1.10844e-05 (variable=SM_gen_lambdafPu)
2020-10-05 10:28:18 | DEBUG | YP[20]=-9.39771e-06 (variable=SM_gen_lambdaQ2Pu)
2020-10-05 10:28:18 | DEBUG | YP[19]=-7.27116e-06 (variable=SM_gen_lambdaQ1Pu)
2020-10-05 10:28:18 | DEBUG | YP[18]=-5.06775e-06 (variable=SM_gen_lambdaDPu)
2020-10-05 10:28:18 | DEBUG | YP[22]=1.54541e-07 (variable=SM_gen_omegaPu_value)
2020-10-05 10:28:18 | DEBUG | YP[44]=0 (variable=SM_gen_lambdaAQPu)
2020-10-05 10:28:18 | DEBUG | YP[47]=0 (variable=SM_gen_lambdaqPu)
2020-10-05 10:28:18 | DEBUG | YP[46]=0 (variable=SM_gen_lambdadPu)
2020-10-05 10:28:18 | DEBUG | YP[45]=0 (variable=SM_gen_lambdaAirGapPu)
2020-10-05 10:28:18 | INFO |        2.000 |        2                2          1              1.000 
2020-10-05 10:28:18 | INFO | initial guess of the algebraic solver is accurate, following solver iterations will be skipped until the next mode change
2020-10-05 10:28:18 | INFO |        3.000 |        3                2          1              1.000 
2020-10-05 10:28:18 | INFO |        4.000 |        4                2          1              1.000 
2020-10-05 10:28:18 | INFO |        5.000 |        5                2          1              1.000 
2020-10-05 10:28:18 | INFO |        6.000 |        6                2          1              1.000 
2020-10-05 10:28:18 | INFO |        7.000 |        7                2          1              1.000 
2020-10-05 10:28:18 | INFO |        8.000 |        8                2          1              1.000 
2020-10-05 10:28:18 | INFO |        9.000 |        9                2          1              1.000 
2020-10-05 10:28:18 | INFO |       10.000 |       10                2          1              1.000 
2020-10-05 10:28:18 | INFO |       11.000 |       11                2          1              1.000 
2020-10-05 10:28:18 | INFO |       12.000 |       12                2          1              1.000 
2020-10-05 10:28:18 | INFO |       13.000 |       13                2          1              1.000 
2020-10-05 10:28:18 | INFO |       14.000 |       14                2          1              1.000 
2020-10-05 10:28:18 | INFO |       15.000 |       15                2          1              1.000 
2020-10-05 10:28:18 | INFO |       16.000 |       16                2          1              1.000 
2020-10-05 10:28:18 | INFO |       17.000 |       17                2          1              1.000 
2020-10-05 10:28:18 | INFO |       18.000 |       18                2          1              1.000 
2020-10-05 10:28:18 | INFO |       19.000 |       19                2          1              1.000 
2020-10-05 10:28:18 | INFO |       20.000 |       20                2          1              1.000 
2020-10-05 10:28:18 | INFO |       21.000 |       21                2          1              1.000 
2020-10-05 10:28:18 | INFO |       22.000 |       22                2          1              1.000 
2020-10-05 10:28:18 | INFO |       23.000 |       23                2          1              1.000 
2020-10-05 10:28:18 | INFO |       24.000 |       24                2          1              1.000 
2020-10-05 10:28:18 | INFO |       25.000 |       25                2          1              1.000 
2020-10-05 10:28:18 | INFO |       26.000 |       26                2          1              1.000 
2020-10-05 10:28:18 | INFO |       27.000 |       27                2          1              1.000 
2020-10-05 10:28:18 | INFO |       28.000 |       28                2          1              1.000 
2020-10-05 10:28:18 | INFO |       29.000 |       29                2          1              1.000 
2020-10-05 10:28:18 | INFO |       30.000 |       30                2          1              1.000 
2020-10-05 10:28:18 | INFO | 
2020-10-05 10:28:18 | INFO | execution statistics :
2020-10-05 10:28:18 | INFO | 
2020-10-05 10:28:18 | INFO | number of time iterations                  = 30
2020-10-05 10:28:18 | INFO | number of residual evaluations             = 5
2020-10-05 10:28:18 | INFO | number of Jacobian evaluations             = 1
2020-10-05 10:28:18 | INFO | number of nonlinear iterations             = 2
2020-10-05 10:28:18 | INFO | number of error test failures              = 0
2020-10-05 10:28:18 | INFO | number of nonlinear convergence failures   = 0
2020-10-05 10:28:18 | INFO | number of root functions evaluations       = 31
2020-10-05 10:28:18 | INFO | number of discrete variables evaluations   = 2
2020-10-05 10:28:18 | INFO | number of mode evaluations                 = 1
2020-10-05 10:28:18 | INFO | end of job 'SMIB_StepPm'
