2020-10-05 10:27:33 | INFO |  ============================================================ 
2020-10-05 10:27:33 | INFO | DYNAWO VERSION  :     1.3.0
2020-10-05 10:27:33 | INFO | DYNAWO REVISION :  ModalAnalysisDynawo-1a4ade8
2020-10-05 10:27:33 | INFO |  ============================================================ 
2020-10-05 10:28:18 | DEBUG | ------------------------------
2020-10-05 10:28:18 | DEBUG | connection list
2020-10-05 10:28:18 | DEBUG | ------------------------------
2020-10-05 10:28:18 | DEBUG | connecting Network_tfo_terminal2 with SM_gen_terminal
2020-10-05 10:28:18 | DEBUG | ------------------------------
2020-10-05 10:28:18 | DEBUG | model :Network                  =>Network
2020-10-05 10:28:18 | DEBUG |          Y : [     0 ;     18[
2020-10-05 10:28:18 | DEBUG |          F : [     0 ;     16[
2020-10-05 10:28:18 | DEBUG |          Z : [     0 ;     12[
2020-10-05 10:28:18 | DEBUG |       mode : [     0 ;      5[
2020-10-05 10:28:18 | DEBUG |          G : [     0 ;      6[
2020-10-05 10:28:18 | DEBUG | 
2020-10-05 10:28:18 | DEBUG | model :SM                       =>SM
2020-10-05 10:28:18 | DEBUG |          Y : [    18 ;     65[
2020-10-05 10:28:18 | DEBUG |          F : [    16 ;     61[
2020-10-05 10:28:18 | DEBUG |          Z : [    12 ;     30[
2020-10-05 10:28:18 | DEBUG |       mode : [     5 ;     19[
2020-10-05 10:28:18 | DEBUG |          G : [     6 ;     33[
2020-10-05 10:28:18 | DEBUG | 
2020-10-05 10:28:18 | DEBUG | model connectors (Y,Flow) NB = 4
2020-10-05 10:28:18 | DEBUG |          F : [    61 ;     65[
2020-10-05 10:28:18 | DEBUG | 
2020-10-05 10:28:18 | DEBUG |  ====== connectors list ===== 
2020-10-05 10:28:18 | DEBUG |          Yconnector Y[    23] = Y[     0]      F = F[    61] / model SM to model Network
2020-10-05 10:28:18 | DEBUG |          Yconnector Y[    24] = Y[     1]      F = F[    62] / model SM to model Network
2020-10-05 10:28:18 | DEBUG |          flowConnector : Y[    16] +Y[    52]  = 0      F = F[    63]
2020-10-05 10:28:18 | DEBUG |          flowConnector : Y[    17] +Y[    53]  = 0      F = F[    64]
