2020-10-05 10:27:33 | INFO |  ============================================================ 
2020-10-05 10:27:33 | INFO | DYNAWO VERSION  :     1.3.0
2020-10-05 10:27:33 | INFO | DYNAWO REVISION :  ModalAnalysisDynawo-1a4ade8
2020-10-05 10:27:33 | INFO |  ============================================================ 
2020-10-05 10:28:18 | DEBUG | This file is organized as follows: 
2020-10-05 10:28:18 | DEBUG |   -- For each model, initial and dynamic models parameters values before local initialization
2020-10-05 10:28:18 | DEBUG |   -- For each model, dynamic models parameters values after local initialization
2020-10-05 10:28:18 | DEBUG | caption: 
2020-10-05 10:28:18 | DEBUG |   -- "modelica file"  -> default value specified in modelica model
2020-10-05 10:28:18 | DEBUG |   -- "parameters"     -> value read from parameter file
2020-10-05 10:28:18 | DEBUG |   -- "IIDM"           -> value read from iidm file
2020-10-05 10:28:18 | DEBUG |   -- "loaded dump"    -> value read from initial state file
2020-10-05 10:28:18 | DEBUG |   -- "initialization" -> value computed by local initialization
2020-10-05 10:28:18 | DEBUG | ------------------------------
2020-10-05 10:28:18 | DEBUG | SubModel Network parameters before local initialization
2020-10-05 10:28:18 | DEBUG | ------------------------------
2020-10-05 10:28:18 | DEBUG | parameter busInf_UPhase has value 0 (coming from origin parameters)
2020-10-05 10:28:18 | DEBUG | parameter busInf_UPu has value 0.90081 (coming from origin parameters)
2020-10-05 10:28:18 | DEBUG | parameter line1_BPu has value 0 (coming from origin parameters)
2020-10-05 10:28:18 | DEBUG | parameter line1_GPu has value 0 (coming from origin parameters)
2020-10-05 10:28:18 | DEBUG | parameter line1_NbSwitchOffSignals has value 2 (coming from origin modelica file)
2020-10-05 10:28:18 | DEBUG | parameter line1_RPu has value 0 (coming from origin parameters)
2020-10-05 10:28:18 | DEBUG | parameter line1_State0 has value 2 (coming from origin modelica file)
2020-10-05 10:28:18 | DEBUG | parameter line1_XPu has value 0.022522 (coming from origin parameters)
2020-10-05 10:28:18 | DEBUG | parameter line2_BPu has value 0 (coming from origin parameters)
2020-10-05 10:28:18 | DEBUG | parameter line2_GPu has value 0 (coming from origin parameters)
2020-10-05 10:28:18 | DEBUG | parameter line2_NbSwitchOffSignals has value 2 (coming from origin modelica file)
2020-10-05 10:28:18 | DEBUG | parameter line2_RPu has value 0 (coming from origin parameters)
2020-10-05 10:28:18 | DEBUG | parameter line2_State0 has value 2 (coming from origin modelica file)
2020-10-05 10:28:18 | DEBUG | parameter line2_XPu has value 0.04189 (coming from origin parameters)
2020-10-05 10:28:18 | DEBUG | parameter tfo_BPu has value 0 (coming from origin parameters)
2020-10-05 10:28:18 | DEBUG | parameter tfo_GPu has value 0 (coming from origin parameters)
2020-10-05 10:28:18 | DEBUG | parameter tfo_NbSwitchOffSignals has value 2 (coming from origin modelica file)
2020-10-05 10:28:18 | DEBUG | parameter tfo_RPu has value 0 (coming from origin parameters)
2020-10-05 10:28:18 | DEBUG | parameter tfo_State0 has value 2 (coming from origin modelica file)
2020-10-05 10:28:18 | DEBUG | parameter tfo_XPu has value 0.00675 (coming from origin parameters)
2020-10-05 10:28:18 | DEBUG | parameter tfo_rTfoPu has value 1 (coming from origin parameters)
2020-10-05 10:28:18 | DEBUG | parameter line1_YPu_im was computed internally
2020-10-05 10:28:18 | DEBUG | parameter line1_YPu_re was computed internally
2020-10-05 10:28:18 | DEBUG | parameter line1_ZPu_im was computed internally
2020-10-05 10:28:18 | DEBUG | parameter line1_ZPu_re was computed internally
2020-10-05 10:28:18 | DEBUG | parameter line2_YPu_im was computed internally
2020-10-05 10:28:18 | DEBUG | parameter line2_YPu_re was computed internally
2020-10-05 10:28:18 | DEBUG | parameter line2_ZPu_im was computed internally
2020-10-05 10:28:18 | DEBUG | parameter line2_ZPu_re was computed internally
2020-10-05 10:28:18 | DEBUG | parameter tfo_YPu_im was computed internally
2020-10-05 10:28:18 | DEBUG | parameter tfo_YPu_re was computed internally
2020-10-05 10:28:18 | DEBUG | parameter tfo_ZPu_im was computed internally
2020-10-05 10:28:18 | DEBUG | parameter tfo_ZPu_re was computed internally
2020-10-05 10:28:18 | DEBUG | ------------------------------
2020-10-05 10:28:18 | DEBUG | SubModel SM initial parameters before local initialization
2020-10-05 10:28:18 | DEBUG | ------------------------------
2020-10-05 10:28:18 | DEBUG | parameter Pm_ValueIn has value 0 (coming from origin parameters)
2020-10-05 10:28:18 | DEBUG | parameter URef_ValueIn has value 0 (coming from origin parameters)
2020-10-05 10:28:18 | DEBUG | parameter avr_EfdMaxPu has value 5 (coming from origin parameters)
2020-10-05 10:28:18 | DEBUG | parameter avr_EfdMinPu has value -5 (coming from origin parameters)
2020-10-05 10:28:18 | DEBUG | parameter avr_Gain has value 20 (coming from origin parameters)
2020-10-05 10:28:18 | DEBUG | parameter gen_DPu has value 0 (coming from origin parameters)
2020-10-05 10:28:18 | DEBUG | parameter gen_ExcitationPu has value 1 (coming from origin parameters)
2020-10-05 10:28:18 | DEBUG | parameter gen_H has value 3.5 (coming from origin parameters)
2020-10-05 10:28:18 | DEBUG | parameter gen_MdPuEfd has value 0 (coming from origin parameters)
2020-10-05 10:28:18 | DEBUG | parameter gen_P0Pu has value -19.98 (coming from origin parameters)
2020-10-05 10:28:18 | DEBUG | parameter gen_PNomAlt has value 2200 (coming from origin parameters)
2020-10-05 10:28:18 | DEBUG | parameter gen_PNomTurb has value 2220 (coming from origin parameters)
2020-10-05 10:28:18 | DEBUG | parameter gen_Q0Pu has value -9.68 (coming from origin parameters)
2020-10-05 10:28:18 | DEBUG | parameter gen_RTfPu has value 0 (coming from origin parameters)
2020-10-05 10:28:18 | DEBUG | parameter gen_RaPu has value 0.003 (coming from origin parameters)
2020-10-05 10:28:18 | DEBUG | parameter gen_SNom has value 2220 (coming from origin parameters)
2020-10-05 10:28:18 | DEBUG | parameter gen_SnTfo has value 2220 (coming from origin parameters)
2020-10-05 10:28:18 | DEBUG | parameter gen_Tpd0 has value 8 (coming from origin parameters)
2020-10-05 10:28:18 | DEBUG | parameter gen_Tppd0 has value 0.03 (coming from origin parameters)
2020-10-05 10:28:18 | DEBUG | parameter gen_Tppq0 has value 0.07 (coming from origin parameters)
2020-10-05 10:28:18 | DEBUG | parameter gen_Tpq0 has value 1 (coming from origin parameters)
2020-10-05 10:28:18 | DEBUG | parameter gen_U0Pu has value 1 (coming from origin parameters)
2020-10-05 10:28:18 | DEBUG | parameter gen_UBaseHV has value 400 (coming from origin parameters)
2020-10-05 10:28:18 | DEBUG | parameter gen_UBaseLV has value 24 (coming from origin parameters)
2020-10-05 10:28:18 | DEBUG | parameter gen_UNom has value 24 (coming from origin parameters)
2020-10-05 10:28:18 | DEBUG | parameter gen_UNomHV has value 400 (coming from origin parameters)
2020-10-05 10:28:18 | DEBUG | parameter gen_UNomLV has value 24 (coming from origin parameters)
2020-10-05 10:28:18 | DEBUG | parameter gen_UPhase0 has value 0.494451 (coming from origin parameters)
2020-10-05 10:28:18 | DEBUG | parameter gen_XTfPu has value 0 (coming from origin parameters)
2020-10-05 10:28:18 | DEBUG | parameter gen_XdPu has value 1.81 (coming from origin parameters)
2020-10-05 10:28:18 | DEBUG | parameter gen_XlPu has value 0.15 (coming from origin parameters)
2020-10-05 10:28:18 | DEBUG | parameter gen_XpdPu has value 0.3 (coming from origin parameters)
2020-10-05 10:28:18 | DEBUG | parameter gen_XppdPu has value 0.23 (coming from origin parameters)
2020-10-05 10:28:18 | DEBUG | parameter gen_XppqPu has value 0.25 (coming from origin parameters)
2020-10-05 10:28:18 | DEBUG | parameter gen_XpqPu has value 0.65 (coming from origin parameters)
2020-10-05 10:28:18 | DEBUG | parameter gen_XqPu has value 1.76 (coming from origin parameters)
2020-10-05 10:28:18 | DEBUG | parameter gen_md has value 0.1 (coming from origin parameters)
2020-10-05 10:28:18 | DEBUG | parameter gen_mq has value 0.1 (coming from origin parameters)
2020-10-05 10:28:18 | DEBUG | parameter gen_nd has value 6 (coming from origin parameters)
2020-10-05 10:28:18 | DEBUG | parameter gen_nq has value 6 (coming from origin parameters)
2020-10-05 10:28:18 | DEBUG | parameter avr_limiterWithLag_UMax was computed internally
2020-10-05 10:28:18 | DEBUG | parameter avr_limiterWithLag_UMin was computed internally
2020-10-05 10:28:18 | DEBUG | parameter gen_LdPu was computed internally
2020-10-05 10:28:18 | DEBUG | parameter gen_LqPu was computed internally
2020-10-05 10:28:18 | DEBUG | parameter gen_MdPu was computed internally
2020-10-05 10:28:18 | DEBUG | parameter gen_MqPu was computed internally
2020-10-05 10:28:18 | DEBUG | parameter gen_QNomAlt was computed internally
2020-10-05 10:28:18 | DEBUG | parameter gen_RTfoPu was computed internally
2020-10-05 10:28:18 | DEBUG | parameter gen_XTfoPu was computed internally
2020-10-05 10:28:18 | DEBUG | parameter gen_rTfoPu was computed internally
2020-10-05 10:28:18 | DEBUG | ------------------------------
2020-10-05 10:28:18 | DEBUG | SubModel SM parameters before local initialization
2020-10-05 10:28:18 | DEBUG | ------------------------------
2020-10-05 10:28:18 | DEBUG | parameter Pm_Height has value 0 (coming from origin parameters)
2020-10-05 10:28:18 | DEBUG | parameter Pm_tStep has value 0 (coming from origin parameters)
2020-10-05 10:28:18 | DEBUG | parameter URef_Height has value 0 (coming from origin parameters)
2020-10-05 10:28:18 | DEBUG | parameter URef_tStep has value 0 (coming from origin parameters)
2020-10-05 10:28:18 | DEBUG | parameter avr_EfdMaxPu has value 5 (coming from origin parameters)
2020-10-05 10:28:18 | DEBUG | parameter avr_EfdMinPu has value -5 (coming from origin parameters)
2020-10-05 10:28:18 | DEBUG | parameter avr_Gain has value 20 (coming from origin parameters)
2020-10-05 10:28:18 | DEBUG | parameter avr_LagEfdMax has value 0 (coming from origin parameters)
2020-10-05 10:28:18 | DEBUG | parameter avr_LagEfdMin has value 0 (coming from origin parameters)
2020-10-05 10:28:18 | DEBUG | parameter avr_UsRefMaxPu has value 1.2 (coming from origin parameters)
2020-10-05 10:28:18 | DEBUG | parameter avr_UsRefMinPu has value 0.8 (coming from origin parameters)
2020-10-05 10:28:18 | DEBUG | parameter avr_limUsRef_homotopyType has value 2 (coming from origin modelica file)
2020-10-05 10:28:18 | DEBUG | parameter avr_limUsRef_limitsAtInit has value 1 (coming from origin modelica file)
2020-10-05 10:28:18 | DEBUG | parameter avr_limUsRef_strict has value 0 (coming from origin modelica file)
2020-10-05 10:28:18 | DEBUG | parameter avr_limiterWithLag_tUMaxReached0 has value 1e+60 (coming from origin modelica file)
2020-10-05 10:28:18 | DEBUG | parameter avr_limiterWithLag_tUMinReached0 has value 1e+60 (coming from origin modelica file)
2020-10-05 10:28:18 | DEBUG | parameter gen_DPu has value 0 (coming from origin parameters)
2020-10-05 10:28:18 | DEBUG | parameter gen_ExcitationPu has value 1 (coming from origin parameters)
2020-10-05 10:28:18 | DEBUG | parameter gen_H has value 3.5 (coming from origin parameters)
2020-10-05 10:28:18 | DEBUG | parameter gen_NbSwitchOffSignals has value 3 (coming from origin modelica file)
2020-10-05 10:28:18 | DEBUG | parameter gen_P0Pu has value -19.98 (coming from origin parameters)
2020-10-05 10:28:18 | DEBUG | parameter gen_PNomAlt has value 2200 (coming from origin parameters)
2020-10-05 10:28:18 | DEBUG | parameter gen_PNomTurb has value 2220 (coming from origin parameters)
2020-10-05 10:28:18 | DEBUG | parameter gen_Q0Pu has value -9.68 (coming from origin parameters)
2020-10-05 10:28:18 | DEBUG | parameter gen_RTfPu has value 0 (coming from origin parameters)
2020-10-05 10:28:18 | DEBUG | parameter gen_SNom has value 2220 (coming from origin parameters)
2020-10-05 10:28:18 | DEBUG | parameter gen_SnTfo has value 2220 (coming from origin parameters)
2020-10-05 10:28:18 | DEBUG | parameter gen_State0 has value 2 (coming from origin modelica file)
2020-10-05 10:28:18 | DEBUG | parameter gen_U0Pu has value 1 (coming from origin parameters)
2020-10-05 10:28:18 | DEBUG | parameter gen_UBaseHV has value 400 (coming from origin parameters)
2020-10-05 10:28:18 | DEBUG | parameter gen_UBaseLV has value 24 (coming from origin parameters)
2020-10-05 10:28:18 | DEBUG | parameter gen_UNom has value 24 (coming from origin parameters)
2020-10-05 10:28:18 | DEBUG | parameter gen_UNomHV has value 400 (coming from origin parameters)
2020-10-05 10:28:18 | DEBUG | parameter gen_UNomLV has value 24 (coming from origin parameters)
2020-10-05 10:28:18 | DEBUG | parameter gen_UPhase0 has value 0.494451 (coming from origin parameters)
2020-10-05 10:28:18 | DEBUG | parameter gen_XTfPu has value 0 (coming from origin parameters)
2020-10-05 10:28:18 | DEBUG | parameter gen_md has value 0.1 (coming from origin parameters)
2020-10-05 10:28:18 | DEBUG | parameter gen_mq has value 0.1 (coming from origin parameters)
2020-10-05 10:28:18 | DEBUG | parameter gen_nd has value 6 (coming from origin parameters)
2020-10-05 10:28:18 | DEBUG | parameter gen_nq has value 6 (coming from origin parameters)
2020-10-05 10:28:18 | DEBUG | parameter gover_KGover has value 5 (coming from origin parameters)
2020-10-05 10:28:18 | DEBUG | parameter gover_PMax has value 2200 (coming from origin parameters)
2020-10-05 10:28:18 | DEBUG | parameter gover_PMin has value 0 (coming from origin parameters)
2020-10-05 10:28:18 | DEBUG | parameter gover_PNom has value 2200 (coming from origin parameters)
2020-10-05 10:28:18 | DEBUG | parameter gover_PmRawPu_k1 has value 1 (coming from origin modelica file)
2020-10-05 10:28:18 | DEBUG | parameter gover_PmRawPu_k2 has value 1 (coming from origin modelica file)
2020-10-05 10:28:18 | DEBUG | parameter gover_limiter_homotopyType has value 2 (coming from origin modelica file)
2020-10-05 10:28:18 | DEBUG | parameter gover_limiter_limitsAtInit has value 1 (coming from origin modelica file)
2020-10-05 10:28:18 | DEBUG | parameter gover_limiter_strict has value 0 (coming from origin modelica file)
2020-10-05 10:28:18 | DEBUG | parameter gover_omegaRefPu_k has value 1 (coming from origin modelica file)
2020-10-05 10:28:18 | DEBUG | parameter omegaRef_Value0 has value 1 (coming from origin parameters)
2020-10-05 10:28:18 | DEBUG | parameter avr_gain_k was computed internally
2020-10-05 10:28:18 | DEBUG | parameter avr_limUsRef_uMax was computed internally
2020-10-05 10:28:18 | DEBUG | parameter avr_limUsRef_uMin was computed internally
2020-10-05 10:28:18 | DEBUG | parameter avr_limiterWithLag_LagMax was computed internally
2020-10-05 10:28:18 | DEBUG | parameter avr_limiterWithLag_LagMin was computed internally
2020-10-05 10:28:18 | DEBUG | parameter avr_limiterWithLag_UMax was computed internally
2020-10-05 10:28:18 | DEBUG | parameter avr_limiterWithLag_UMin was computed internally
2020-10-05 10:28:18 | DEBUG | parameter gen_Kuf was computed internally
2020-10-05 10:28:18 | DEBUG | parameter gen_QNomAlt was computed internally
2020-10-05 10:28:18 | DEBUG | parameter gen_RTfoPu was computed internally
2020-10-05 10:28:18 | DEBUG | parameter gen_XTfoPu was computed internally
2020-10-05 10:28:18 | DEBUG | parameter gen_rTfoPu was computed internally
2020-10-05 10:28:18 | DEBUG | parameter gover_ActiveFrequencyRegulation was computed internally
2020-10-05 10:28:18 | DEBUG | parameter gover_PMaxPu was computed internally
2020-10-05 10:28:18 | DEBUG | parameter gover_PMinPu was computed internally
2020-10-05 10:28:18 | DEBUG | parameter gover_PmCst_k was computed internally
2020-10-05 10:28:18 | DEBUG | parameter gover_activeFrequencyRegulation_k was computed internally
2020-10-05 10:28:18 | DEBUG | parameter gover_gain_k was computed internally
2020-10-05 10:28:18 | DEBUG | parameter gover_limiter_uMax was computed internally
2020-10-05 10:28:18 | DEBUG | parameter gover_limiter_uMin was computed internally
2020-10-05 10:28:18 | DEBUG | ------------------------------
2020-10-05 10:28:18 | DEBUG | SimplifiedSolver parameters initial parameters
2020-10-05 10:28:18 | DEBUG | ------------------------------
2020-10-05 10:28:18 | DEBUG | no value found for parameter enableSilentZ
2020-10-05 10:28:18 | DEBUG | no value found for parameter fnormtol
2020-10-05 10:28:18 | DEBUG | no value found for parameter fnormtolAlg
2020-10-05 10:28:18 | DEBUG | no value found for parameter fnormtolAlgJ
2020-10-05 10:28:18 | DEBUG | parameter hMax has value 1 (coming from origin parameters)
2020-10-05 10:28:18 | DEBUG | parameter hMin has value 1e-06 (coming from origin parameters)
2020-10-05 10:28:18 | DEBUG | no value found for parameter initialaddtol
2020-10-05 10:28:18 | DEBUG | no value found for parameter initialaddtolAlg
2020-10-05 10:28:18 | DEBUG | no value found for parameter initialaddtolAlgJ
2020-10-05 10:28:18 | DEBUG | parameter kReduceStep has value 0.5 (coming from origin parameters)
2020-10-05 10:28:18 | DEBUG | parameter linearSolverName has value KLU (coming from origin parameters)
2020-10-05 10:28:18 | DEBUG | parameter maxNewtonTry has value 10 (coming from origin parameters)
2020-10-05 10:28:18 | DEBUG | parameter maxRootRestart has value 3 (coming from origin parameters)
2020-10-05 10:28:18 | DEBUG | no value found for parameter minimumModeChangeTypeForAlgebraicRestoration
2020-10-05 10:28:18 | DEBUG | no value found for parameter msbset
2020-10-05 10:28:18 | DEBUG | no value found for parameter msbsetAlg
2020-10-05 10:28:18 | DEBUG | no value found for parameter msbsetAlgJ
2020-10-05 10:28:18 | DEBUG | no value found for parameter mxiter
2020-10-05 10:28:18 | DEBUG | no value found for parameter mxiterAlg
2020-10-05 10:28:18 | DEBUG | no value found for parameter mxiterAlgJ
2020-10-05 10:28:18 | DEBUG | no value found for parameter mxnewtstep
2020-10-05 10:28:18 | DEBUG | no value found for parameter mxnewtstepAlg
2020-10-05 10:28:18 | DEBUG | no value found for parameter mxnewtstepAlgJ
2020-10-05 10:28:18 | DEBUG | parameter nDeadband has value 2 (coming from origin parameters)
2020-10-05 10:28:18 | DEBUG | parameter nEff has value 10 (coming from origin parameters)
2020-10-05 10:28:18 | DEBUG | no value found for parameter optimizeAlgebraicResidualsEvaluations
2020-10-05 10:28:18 | DEBUG | no value found for parameter optimizeReinitAlgebraicResidualsEvaluations
2020-10-05 10:28:18 | DEBUG | no value found for parameter printfl
2020-10-05 10:28:18 | DEBUG | no value found for parameter printflAlg
2020-10-05 10:28:18 | DEBUG | no value found for parameter printflAlgJ
2020-10-05 10:28:18 | DEBUG | parameter recalculateStep has value 1 (coming from origin parameters)
2020-10-05 10:28:18 | DEBUG | no value found for parameter scsteptol
2020-10-05 10:28:18 | DEBUG | no value found for parameter scsteptolAlg
2020-10-05 10:28:18 | DEBUG | no value found for parameter scsteptolAlgJ
2020-10-05 10:28:18 | DEBUG | no value found for parameter skipNRIfInitialGuessOK
2020-10-05 10:28:18 | DEBUG | ------------------------------
2020-10-05 10:28:18 | DEBUG | SubModel Network parameters after local initialization
2020-10-05 10:28:18 | DEBUG | ------------------------------
2020-10-05 10:28:18 | DEBUG | ------------------------------
2020-10-05 10:28:18 | DEBUG | SubModel SM parameters after local initialization
2020-10-05 10:28:18 | DEBUG | ------------------------------
2020-10-05 10:28:18 | DEBUG | parameter Pm_Value0 has value 0.903 (coming from origin initialization)
2020-10-05 10:28:18 | DEBUG | parameter URef_Value0 has value 1.12791 (coming from origin initialization)
2020-10-05 10:28:18 | DEBUG | parameter avr_Efd0Pu has value 2.5581 (coming from origin initialization)
2020-10-05 10:28:18 | DEBUG | parameter avr_Efd0PuLF has value 2.5581 (coming from origin initialization)
2020-10-05 10:28:18 | DEBUG | parameter avr_EfdMaxPu has value 5 (coming from origin initialization)
2020-10-05 10:28:18 | DEBUG | parameter avr_EfdMinPu has value -5 (coming from origin initialization)
2020-10-05 10:28:18 | DEBUG | parameter avr_Gain has value 20 (coming from origin initialization)
2020-10-05 10:28:18 | DEBUG | parameter avr_Us0Pu has value 1 (coming from origin initialization)
2020-10-05 10:28:18 | DEBUG | parameter avr_UsRef0Pu has value 1.12791 (coming from origin initialization)
2020-10-05 10:28:18 | DEBUG | parameter avr_limiterWithLag_tUMaxReached0 has value 1e+60 (coming from origin initialization)
2020-10-05 10:28:18 | DEBUG | parameter avr_limiterWithLag_tUMinReached0 has value 1e+60 (coming from origin initialization)
2020-10-05 10:28:18 | DEBUG | parameter avr_limiterWithLag_u0 has value 2.5581 (coming from origin initialization)
2020-10-05 10:28:18 | DEBUG | parameter avr_limiterWithLag_y0 has value 2.5581 (coming from origin initialization)
2020-10-05 10:28:18 | DEBUG | parameter gen_Ce0Pu has value 0.903 (coming from origin initialization)
2020-10-05 10:28:18 | DEBUG | parameter gen_Cm0Pu has value 0.903 (coming from origin initialization)
2020-10-05 10:28:18 | DEBUG | parameter gen_Cos2Eta0 has value 0.712226 (coming from origin initialization)
2020-10-05 10:28:18 | DEBUG | parameter gen_DPu has value 0 (coming from origin initialization)
2020-10-05 10:28:18 | DEBUG | parameter gen_Efd0Pu has value 2.5581 (coming from origin initialization)
2020-10-05 10:28:18 | DEBUG | parameter gen_ExcitationPu has value 1 (coming from origin initialization)
2020-10-05 10:28:18 | DEBUG | parameter gen_H has value 3.5 (coming from origin initialization)
2020-10-05 10:28:18 | DEBUG | parameter gen_IRotor0Pu has value 2.21669 (coming from origin initialization)
2020-10-05 10:28:18 | DEBUG | parameter gen_IStator0Pu has value 22.2014 (coming from origin initialization)
2020-10-05 10:28:18 | DEBUG | parameter gen_Id0Pu has value -0.909482 (coming from origin initialization)
2020-10-05 10:28:18 | DEBUG | parameter gen_If0Pu has value 1.54103 (coming from origin initialization)
2020-10-05 10:28:18 | DEBUG | parameter gen_Iq0Pu has value -0.415896 (coming from origin initialization)
2020-10-05 10:28:18 | DEBUG | parameter gen_Kuf has value 0.000437413 (coming from origin initialization)
2020-10-05 10:28:18 | DEBUG | parameter gen_LDPPu has value 0.171429 (coming from origin initialization)
2020-10-05 10:28:18 | DEBUG | parameter gen_LQ1PPu has value 0.725225 (coming from origin initialization)
2020-10-05 10:28:18 | DEBUG | parameter gen_LQ2PPu has value 0.125 (coming from origin initialization)
2020-10-05 10:28:18 | DEBUG | parameter gen_LambdaAD0Pu has value 0.908445 (coming from origin initialization)
2020-10-05 10:28:18 | DEBUG | parameter gen_LambdaAQ0Pu has value -0.577451 (coming from origin initialization)
2020-10-05 10:28:18 | DEBUG | parameter gen_LambdaAirGap0Pu has value 1.07644 (coming from origin initialization)
2020-10-05 10:28:18 | DEBUG | parameter gen_LambdaD0Pu has value 0.908445 (coming from origin initialization)
2020-10-05 10:28:18 | DEBUG | parameter gen_LambdaQ10Pu has value -0.577451 (coming from origin initialization)
2020-10-05 10:28:18 | DEBUG | parameter gen_LambdaQ20Pu has value -0.577451 (coming from origin initialization)
2020-10-05 10:28:18 | DEBUG | parameter gen_Lambdad0Pu has value 0.772023 (coming from origin initialization)
2020-10-05 10:28:18 | DEBUG | parameter gen_Lambdaf0Pu has value 1.16256 (coming from origin initialization)
2020-10-05 10:28:18 | DEBUG | parameter gen_Lambdaq0Pu has value -0.639836 (coming from origin initialization)
2020-10-05 10:28:18 | DEBUG | parameter gen_LdPPu has value 0.15 (coming from origin initialization)
2020-10-05 10:28:18 | DEBUG | parameter gen_LfPPu has value 0.164901 (coming from origin initialization)
2020-10-05 10:28:18 | DEBUG | parameter gen_LqPPu has value 0.15 (coming from origin initialization)
2020-10-05 10:28:18 | DEBUG | parameter gen_MdPPu has value 1.66 (coming from origin initialization)
2020-10-05 10:28:18 | DEBUG | parameter gen_MdPPuEfd has value 0 (coming from origin initialization)
2020-10-05 10:28:18 | DEBUG | parameter gen_MdSat0PPu has value 1.43845 (coming from origin initialization)
2020-10-05 10:28:18 | DEBUG | parameter gen_Mds0Pu has value 1.43651 (coming from origin initialization)
2020-10-05 10:28:18 | DEBUG | parameter gen_Mi0Pu has value 1.42406 (coming from origin initialization)
2020-10-05 10:28:18 | DEBUG | parameter gen_MqPPu has value 1.61 (coming from origin initialization)
2020-10-05 10:28:18 | DEBUG | parameter gen_MqSat0PPu has value 1.38845 (coming from origin initialization)
2020-10-05 10:28:18 | DEBUG | parameter gen_Mqs0Pu has value 1.39325 (coming from origin initialization)
2020-10-05 10:28:18 | DEBUG | parameter gen_MrcPPu has value 0 (coming from origin initialization)
2020-10-05 10:28:18 | DEBUG | parameter gen_MsalPu has value 0.05 (coming from origin initialization)
2020-10-05 10:28:18 | DEBUG | parameter gen_P0Pu has value -19.98 (coming from origin initialization)
2020-10-05 10:28:18 | DEBUG | parameter gen_PGen0Pu has value 19.98 (coming from origin initialization)
2020-10-05 10:28:18 | DEBUG | parameter gen_PNomAlt has value 2200 (coming from origin initialization)
2020-10-05 10:28:18 | DEBUG | parameter gen_PNomTurb has value 2220 (coming from origin initialization)
2020-10-05 10:28:18 | DEBUG | parameter gen_Pm0Pu has value 0.903 (coming from origin initialization)
2020-10-05 10:28:18 | DEBUG | parameter gen_Q0Pu has value -9.68 (coming from origin initialization)
2020-10-05 10:28:18 | DEBUG | parameter gen_QGen0Pu has value 9.68 (coming from origin initialization)
2020-10-05 10:28:18 | DEBUG | parameter gen_QStator0Pu has value 9.68 (coming from origin initialization)
2020-10-05 10:28:18 | DEBUG | parameter gen_QStator0PuQNom has value 3.25574 (coming from origin initialization)
2020-10-05 10:28:18 | DEBUG | parameter gen_RDPPu has value 0.0341046 (coming from origin initialization)
2020-10-05 10:28:18 | DEBUG | parameter gen_RQ1PPu has value 0.00743325 (coming from origin initialization)
2020-10-05 10:28:18 | DEBUG | parameter gen_RQ2PPu has value 0.0284205 (coming from origin initialization)
2020-10-05 10:28:18 | DEBUG | parameter gen_RTfPu has value 0 (coming from origin initialization)
2020-10-05 10:28:18 | DEBUG | parameter gen_RaPPu has value 0.003 (coming from origin initialization)
2020-10-05 10:28:18 | DEBUG | parameter gen_RfPPu has value 0.000726105 (coming from origin initialization)
2020-10-05 10:28:18 | DEBUG | parameter gen_SNom has value 2220 (coming from origin initialization)
2020-10-05 10:28:18 | DEBUG | parameter gen_Sin2Eta0 has value 0.287774 (coming from origin initialization)
2020-10-05 10:28:18 | DEBUG | parameter gen_SnTfo has value 2220 (coming from origin initialization)
2020-10-05 10:28:18 | DEBUG | parameter gen_Theta0 has value 1.18519 (coming from origin initialization)
2020-10-05 10:28:18 | DEBUG | parameter gen_ThetaInternal0 has value 1.18519 (coming from origin initialization)
2020-10-05 10:28:18 | DEBUG | parameter gen_U0Pu has value 1 (coming from origin initialization)
2020-10-05 10:28:18 | DEBUG | parameter gen_UBaseHV has value 400 (coming from origin initialization)
2020-10-05 10:28:18 | DEBUG | parameter gen_UBaseLV has value 24 (coming from origin initialization)
2020-10-05 10:28:18 | DEBUG | parameter gen_UNom has value 24 (coming from origin initialization)
2020-10-05 10:28:18 | DEBUG | parameter gen_UNomHV has value 400 (coming from origin initialization)
2020-10-05 10:28:18 | DEBUG | parameter gen_UNomLV has value 24 (coming from origin initialization)
2020-10-05 10:28:18 | DEBUG | parameter gen_UPhase0 has value 0.494451 (coming from origin initialization)
2020-10-05 10:28:18 | DEBUG | parameter gen_UStator0Pu has value 1 (coming from origin initialization)
2020-10-05 10:28:18 | DEBUG | parameter gen_Ud0Pu has value 0.637107 (coming from origin initialization)
2020-10-05 10:28:18 | DEBUG | parameter gen_Uf0Pu has value 0.00111895 (coming from origin initialization)
2020-10-05 10:28:18 | DEBUG | parameter gen_Uq0Pu has value 0.770775 (coming from origin initialization)
2020-10-05 10:28:18 | DEBUG | parameter gen_XTfPu has value 0 (coming from origin initialization)
2020-10-05 10:28:18 | DEBUG | parameter gen_i0Pu_im has value -0.960858 (coming from origin initialization)
2020-10-05 10:28:18 | DEBUG | parameter gen_i0Pu_re has value -22.1806 (coming from origin initialization)
2020-10-05 10:28:18 | DEBUG | parameter gen_iStator0Pu_im has value -0.960858 (coming from origin initialization)
2020-10-05 10:28:18 | DEBUG | parameter gen_iStator0Pu_re has value -22.1806 (coming from origin initialization)
2020-10-05 10:28:18 | DEBUG | parameter gen_md has value 0.1 (coming from origin initialization)
2020-10-05 10:28:18 | DEBUG | parameter gen_mq has value 0.1 (coming from origin initialization)
2020-10-05 10:28:18 | DEBUG | parameter gen_nd has value 6 (coming from origin initialization)
2020-10-05 10:28:18 | DEBUG | parameter gen_nq has value 6 (coming from origin initialization)
2020-10-05 10:28:18 | DEBUG | parameter gen_s0Pu_im has value -9.68 (coming from origin initialization)
2020-10-05 10:28:18 | DEBUG | parameter gen_s0Pu_re has value -19.98 (coming from origin initialization)
2020-10-05 10:28:18 | DEBUG | parameter gen_sStator0Pu_im has value -9.68 (coming from origin initialization)
2020-10-05 10:28:18 | DEBUG | parameter gen_sStator0Pu_re has value -19.98 (coming from origin initialization)
2020-10-05 10:28:18 | DEBUG | parameter gen_u0Pu_im has value 0.474548 (coming from origin initialization)
2020-10-05 10:28:18 | DEBUG | parameter gen_u0Pu_re has value 0.880229 (coming from origin initialization)
2020-10-05 10:28:18 | DEBUG | parameter gen_uStator0Pu_im has value 0.474548 (coming from origin initialization)
2020-10-05 10:28:18 | DEBUG | parameter gen_uStator0Pu_re has value 0.880229 (coming from origin initialization)
2020-10-05 10:28:18 | DEBUG | parameter gover_Pm0Pu has value 0.903 (coming from origin initialization)
