HVDC_hvdc_terminal1_V_im
HVDC_hvdc_terminal1_V_re
HVDC_hvdc_terminal2_V_im
HVDC_hvdc_terminal2_V_re
HVDC_hvdc_Blocking_U1Pu
HVDC_hvdc_Blocking_U2Pu
HVDC_hvdc_Conv1_PInjPuSn
HVDC_hvdc_Conv1_QInjPuSn
HVDC_hvdc_Conv1_UPhase
HVDC_hvdc_Conv1_idPu
HVDC_hvdc_Conv1_iqPu
HVDC_hvdc_Conv2_PInjPuSn
HVDC_hvdc_Conv2_QInjPuSn
HVDC_hvdc_Conv2_UPhase
HVDC_hvdc_Conv2_idPu
HVDC_hvdc_Conv2_iqPu
HVDC_hvdc_PPu_Side_aCVoltageControl_IqMinPu
HVDC_hvdc_PPu_Side_aCVoltageControl_add_y
HVDC_hvdc_PPu_Side_aCVoltageControl_division_u1
HVDC_hvdc_PPu_Side_aCVoltageControl_division_u2
HVDC_hvdc_PPu_Side_aCVoltageControl_division_y
HVDC_hvdc_PPu_Side_aCVoltageControl_gain_u
HVDC_hvdc_PPu_Side_aCVoltageControl_qRefLim_QMaxPPu_y_1_
HVDC_hvdc_PPu_Side_aCVoltageControl_qRefLim_QMaxUPu_y_1_
HVDC_hvdc_PPu_Side_aCVoltageControl_qRefLim_QMinPPu_y_1_
HVDC_hvdc_PPu_Side_aCVoltageControl_qRefLim_QMinUPu_y_1_
HVDC_hvdc_PPu_Side_aCVoltageControl_qRefLim_QRefUQPu
HVDC_hvdc_PPu_Side_aCVoltageControl_qRefLim_limiter_y
HVDC_hvdc_PPu_Side_aCVoltageControl_qRefLim_variableLimiter_y
HVDC_hvdc_PPu_Side_aCVoltageControl_qRefQU_PI_add_u1
HVDC_hvdc_PPu_Side_aCVoltageControl_qRefQU_PI_add_y
HVDC_hvdc_PPu_Side_aCVoltageControl_qRefQU_PI_add1_u2
HVDC_hvdc_PPu_Side_aCVoltageControl_qRefQU_PI_add1_y
HVDC_hvdc_PPu_Side_aCVoltageControl_qRefQU_PI_u
HVDC_hvdc_PPu_Side_aCVoltageControl_qRefQU_QRefUPu
HVDC_hvdc_PPu_Side_aCVoltageControl_qRefQU_deadZone_u
HVDC_hvdc_PPu_Side_aCVoltageControl_qRefQU_deadZone_y
HVDC_hvdc_PPu_Side_aCVoltageControl_qRefQU_feedback1_u2
HVDC_hvdc_PPu_Side_aCVoltageControl_qRefQU_slewRateLimiter_u
HVDC_hvdc_PPu_Side_aCVoltageControl_qRefQU_slewRateLimiter_val
HVDC_hvdc_PPu_Side_aCVoltageControl_qRefQU_slewRateLimiter1_u
HVDC_hvdc_PPu_Side_aCVoltageControl_qRefQU_slewRateLimiter1_val
HVDC_hvdc_PPu_Side_aCVoltageControl_switch1_u3
HVDC_hvdc_PPu_Side_activePowerControl_IpMinPu
HVDC_hvdc_PPu_Side_activePowerControl_RPFault_rpfault
HVDC_hvdc_PPu_Side_activePowerControl_add1_u1
HVDC_hvdc_PPu_Side_activePowerControl_add1_u2
HVDC_hvdc_PPu_Side_activePowerControl_add1_y
HVDC_hvdc_PPu_Side_activePowerControl_deltaP_DeltaPRawPu
HVDC_hvdc_PPu_Side_activePowerControl_deltaP_PI_add_u1
HVDC_hvdc_PPu_Side_activePowerControl_deltaP_PI_add_y
HVDC_hvdc_PPu_Side_activePowerControl_deltaP_PI_add1_u2
HVDC_hvdc_PPu_Side_activePowerControl_deltaP_PI_add1_y
HVDC_hvdc_PPu_Side_activePowerControl_deltaP_PI_u
HVDC_hvdc_PPu_Side_activePowerControl_deltaP_PI_y
HVDC_hvdc_PPu_Side_activePowerControl_deltaP_feedback_u1
HVDC_hvdc_PPu_Side_activePowerControl_feedback_u1
HVDC_hvdc_PPu_Side_activePowerControl_limiter_u
HVDC_hvdc_PPu_Side_activePowerControl_pIAntiWindupVariableLimits_add_u1
HVDC_hvdc_PPu_Side_activePowerControl_pIAntiWindupVariableLimits_add_y
HVDC_hvdc_PPu_Side_activePowerControl_pIAntiWindupVariableLimits_add1_u2
HVDC_hvdc_PPu_Side_activePowerControl_pIAntiWindupVariableLimits_add1_y
HVDC_hvdc_PPu_Side_activePowerControl_pIAntiWindupVariableLimits_y
HVDC_hvdc_PPu_Side_activePowerControl_slewRateLimiter_u
HVDC_hvdc_PPu_Side_activePowerControl_slewRateLimiter_val
HVDC_hvdc_PPu_Side_iqMod1Pu
HVDC_hvdc_PPu_Side_iqModPu
HVDC_hvdc_UdcPu_Side_aCVoltageControl_IqMinPu
HVDC_hvdc_UdcPu_Side_aCVoltageControl_add_y
HVDC_hvdc_UdcPu_Side_aCVoltageControl_division_u1
HVDC_hvdc_UdcPu_Side_aCVoltageControl_division_u2
HVDC_hvdc_UdcPu_Side_aCVoltageControl_division_y
HVDC_hvdc_UdcPu_Side_aCVoltageControl_gain_u
HVDC_hvdc_UdcPu_Side_aCVoltageControl_qRefLim_QMaxPPu_y_1_
HVDC_hvdc_UdcPu_Side_aCVoltageControl_qRefLim_QMaxUPu_y_1_
HVDC_hvdc_UdcPu_Side_aCVoltageControl_qRefLim_QMinPPu_y_1_
HVDC_hvdc_UdcPu_Side_aCVoltageControl_qRefLim_QMinUPu_y_1_
HVDC_hvdc_UdcPu_Side_aCVoltageControl_qRefLim_QRefUQPu
HVDC_hvdc_UdcPu_Side_aCVoltageControl_qRefLim_limiter_y
HVDC_hvdc_UdcPu_Side_aCVoltageControl_qRefLim_variableLimiter_y
HVDC_hvdc_UdcPu_Side_aCVoltageControl_qRefQU_PI_add_u1
HVDC_hvdc_UdcPu_Side_aCVoltageControl_qRefQU_PI_add_y
HVDC_hvdc_UdcPu_Side_aCVoltageControl_qRefQU_PI_add1_u2
HVDC_hvdc_UdcPu_Side_aCVoltageControl_qRefQU_PI_add1_y
HVDC_hvdc_UdcPu_Side_aCVoltageControl_qRefQU_PI_u
HVDC_hvdc_UdcPu_Side_aCVoltageControl_qRefQU_QRefUPu
HVDC_hvdc_UdcPu_Side_aCVoltageControl_qRefQU_deadZone_u
HVDC_hvdc_UdcPu_Side_aCVoltageControl_qRefQU_deadZone_y
HVDC_hvdc_UdcPu_Side_aCVoltageControl_qRefQU_feedback1_u2
HVDC_hvdc_UdcPu_Side_aCVoltageControl_qRefQU_slewRateLimiter_u
HVDC_hvdc_UdcPu_Side_aCVoltageControl_qRefQU_slewRateLimiter_val
HVDC_hvdc_UdcPu_Side_aCVoltageControl_qRefQU_slewRateLimiter1_u
HVDC_hvdc_UdcPu_Side_aCVoltageControl_qRefQU_slewRateLimiter1_val
HVDC_hvdc_UdcPu_Side_aCVoltageControl_switch1_u3
HVDC_hvdc_UdcPu_Side_dCVoltageControl_PI_add_u1
HVDC_hvdc_UdcPu_Side_dCVoltageControl_PI_add_y
HVDC_hvdc_UdcPu_Side_dCVoltageControl_PI_add1_u2
HVDC_hvdc_UdcPu_Side_dCVoltageControl_PI_add1_y
HVDC_hvdc_UdcPu_Side_dCVoltageControl_PI_u
HVDC_hvdc_UdcPu_Side_dCVoltageControl_PI_y
HVDC_hvdc_dCLine_I1dcPu
HVDC_hvdc_dCLine_I2dcPu
HVDC_hvdc_terminal1_i_im
HVDC_hvdc_terminal1_i_re
HVDC_hvdc_terminal2_i_im
HVDC_hvdc_terminal2_i_re
InfBus1_infiniteBus_terminal_i_im
InfBus1_infiniteBus_terminal_i_re
InfBus2_infiniteBus_terminal_i_im
InfBus2_infiniteBus_terminal_i_re
Line1_line_terminal1_V_im
Line1_line_terminal1_V_re
Line1_line_terminal2_V_im
Line1_line_terminal2_V_re
Line1_line_terminal1_i_im
Line1_line_terminal1_i_re
Line1_line_terminal2_i_im
Line1_line_terminal2_i_re
Line2_line_terminal1_V_im
Line2_line_terminal1_V_re
Line2_line_terminal2_V_im
Line2_line_terminal2_V_re
Line2_line_terminal1_i_im
Line2_line_terminal1_i_re
Line2_line_terminal2_i_im
Line2_line_terminal2_i_re
InfBus1_infiniteBus_terminal_V_im_connector_InfBus1_infiniteBus_terminal_V_im
InfBus1_infiniteBus_terminal_V_re_connector_InfBus1_infiniteBus_terminal_V_re
InfBus2_infiniteBus_terminal_V_im_connector_InfBus2_infiniteBus_terminal_V_im
InfBus2_infiniteBus_terminal_V_re_connector_InfBus2_infiniteBus_terminal_V_re
