2024-04-18 12:35:47 | INFO |  ============================================================ 
2024-04-18 12:35:47 | INFO | DYNAWO VERSION  :     1.7.0
2024-04-18 12:35:47 | INFO | DYNAWO REVISION :  master-18-cf2130ea6f
2024-04-18 12:35:47 | INFO |  ============================================================ 
2024-04-18 12:35:47 | DEBUG | ------------------------------
2024-04-18 12:35:47 | DEBUG | connection list
2024-04-18 12:35:47 | DEBUG | ------------------------------
2024-04-18 12:35:47 | DEBUG | connecting Connect_Load3_event_state1_value with NETWORK_Load3_state_value
2024-04-18 12:35:47 | DEBUG | connecting Disconnect_Load2_event_state1_value with NETWORK_Load2_state_value
2024-04-18 12:35:47 | DEBUG | connecting Disconnect_Load3_event_state1_value with NETWORK_Load3_state_value
2024-04-18 12:35:47 | DEBUG | connecting Disconnect_Load_event_state1 with Load_load_switchOffSignal2
2024-04-18 12:35:47 | DEBUG | connecting OmegaRef_setPoint_setPoint with Generator_generator_omegaRefPu
2024-04-18 12:35:47 | DEBUG | connecting Generator_generator_terminal with NETWORK_VL2_BUS1_ACPIN
2024-04-18 12:35:47 | DEBUG | connecting InfiniteBus_infiniteBus_terminal with NETWORK_VL1_BUS1_ACPIN
2024-04-18 12:35:47 | DEBUG | connecting Load_load_terminal with NETWORK_VL2_BUS1_ACPIN
2024-04-18 12:35:47 | DEBUG | connecting SetPointVariation_step_step_value with NETWORK_Load2_DeltaPc_value
2024-04-18 12:35:47 | DEBUG | ------------------------------
2024-04-18 12:35:47 | DEBUG | model :NETWORK                  =>NETWORK
2024-04-18 12:35:47 | DEBUG |          Y : [     0 ;     11[
2024-04-18 12:35:47 | DEBUG |            VL1    Y[     0 ;      4[
2024-04-18 12:35:47 | DEBUG |            VL2    Y[     4 ;     11[
2024-04-18 12:35:47 | DEBUG |          F : [     0 ;      6[
2024-04-18 12:35:47 | DEBUG |            VL1    F[     0 ;      2[
2024-04-18 12:35:47 | DEBUG |            VL2    F[     2 ;      6[
2024-04-18 12:35:47 | DEBUG |          Z : [     0 ;     10[
2024-04-18 12:35:47 | DEBUG |       mode : [     0 ;      4[
2024-04-18 12:35:47 | DEBUG | 
2024-04-18 12:35:47 | DEBUG | model :EventConnectedStatus     =>Connect_Load3
2024-04-18 12:35:47 | DEBUG |          Y : [    11 ;     11[
2024-04-18 12:35:47 | DEBUG |          F : [     6 ;      6[
2024-04-18 12:35:47 | DEBUG |          Z : [    10 ;     11[
2024-04-18 12:35:47 | DEBUG |          G : [     0 ;      1[
2024-04-18 12:35:47 | DEBUG | 
2024-04-18 12:35:47 | DEBUG | model :EventSetPointBoolean     =>Disconnect_Load
2024-04-18 12:35:47 | DEBUG |          Y : [    11 ;     11[
2024-04-18 12:35:47 | DEBUG |          F : [     6 ;      6[
2024-04-18 12:35:47 | DEBUG |          Z : [    11 ;     12[
2024-04-18 12:35:47 | DEBUG |          G : [     1 ;      2[
2024-04-18 12:35:47 | DEBUG | 
2024-04-18 12:35:47 | DEBUG | model :EventConnectedStatus     =>Disconnect_Load2
2024-04-18 12:35:47 | DEBUG |          Y : [    11 ;     11[
2024-04-18 12:35:47 | DEBUG |          F : [     6 ;      6[
2024-04-18 12:35:47 | DEBUG |          Z : [    12 ;     13[
2024-04-18 12:35:47 | DEBUG |          G : [     2 ;      3[
2024-04-18 12:35:47 | DEBUG | 
2024-04-18 12:35:47 | DEBUG | model :EventConnectedStatus     =>Disconnect_Load3
2024-04-18 12:35:47 | DEBUG |          Y : [    11 ;     11[
2024-04-18 12:35:47 | DEBUG |          F : [     6 ;      6[
2024-04-18 12:35:47 | DEBUG |          Z : [    13 ;     14[
2024-04-18 12:35:47 | DEBUG |          G : [     3 ;      4[
2024-04-18 12:35:47 | DEBUG | 
2024-04-18 12:35:47 | DEBUG | model :GeneratorPQ              =>Generator
2024-04-18 12:35:47 | DEBUG |          Y : [    11 ;     20[
2024-04-18 12:35:47 | DEBUG |          F : [     6 ;     11[
2024-04-18 12:35:47 | DEBUG |          Z : [    14 ;     21[
2024-04-18 12:35:47 | DEBUG |       mode : [     4 ;      6[
2024-04-18 12:35:47 | DEBUG |          G : [     4 ;     12[
2024-04-18 12:35:47 | DEBUG | 
2024-04-18 12:35:47 | DEBUG | model :InfiniteBus              =>InfiniteBus
2024-04-18 12:35:47 | DEBUG |          Y : [    20 ;     22[
2024-04-18 12:35:47 | DEBUG |          F : [    11 ;     11[
2024-04-18 12:35:47 | DEBUG |       mode : [     6 ;      8[
2024-04-18 12:35:47 | DEBUG | 
2024-04-18 12:35:47 | DEBUG | model :LoadAlphaBetaRestorativeNetwork=>Load
2024-04-18 12:35:47 | DEBUG |          Y : [    22 ;     36[
2024-04-18 12:35:47 | DEBUG |          F : [    11 ;     19[
2024-04-18 12:35:47 | DEBUG |          Z : [    21 ;     25[
2024-04-18 12:35:47 | DEBUG |       mode : [     8 ;     13[
2024-04-18 12:35:47 | DEBUG |          G : [    12 ;     20[
2024-04-18 12:35:47 | DEBUG | 
2024-04-18 12:35:47 | DEBUG | model :SetPoint                 =>OmegaRef
2024-04-18 12:35:47 | DEBUG |          Y : [    36 ;     36[
2024-04-18 12:35:47 | DEBUG |          F : [    19 ;     19[
2024-04-18 12:35:47 | DEBUG |       mode : [    13 ;     14[
2024-04-18 12:35:47 | DEBUG | 
2024-04-18 12:35:47 | DEBUG | model :Step                     =>SetPointVariation
2024-04-18 12:35:47 | DEBUG |          Y : [    36 ;     37[
2024-04-18 12:35:47 | DEBUG |          F : [    19 ;     20[
2024-04-18 12:35:47 | DEBUG |       mode : [    14 ;     15[
2024-04-18 12:35:47 | DEBUG |          G : [    20 ;     21[
2024-04-18 12:35:47 | DEBUG | 
2024-04-18 12:35:47 | DEBUG | model :ConnectorCalculatedVariable=>OmegaRef_setPoint_setPoint_value
2024-04-18 12:35:47 | DEBUG |          Y : [    37 ;     38[
2024-04-18 12:35:47 | DEBUG |          F : [    20 ;     21[
2024-04-18 12:35:47 | DEBUG | 
2024-04-18 12:35:47 | DEBUG | model :ConnectorCalculatedVariable=>InfiniteBus_infiniteBus_terminal_V_im
2024-04-18 12:35:47 | DEBUG |          Y : [    38 ;     39[
2024-04-18 12:35:47 | DEBUG |          F : [    21 ;     22[
2024-04-18 12:35:47 | DEBUG | 
2024-04-18 12:35:47 | DEBUG | model :ConnectorCalculatedVariable=>InfiniteBus_infiniteBus_terminal_V_re
2024-04-18 12:35:47 | DEBUG |          Y : [    39 ;     40[
2024-04-18 12:35:47 | DEBUG |          F : [    22 ;     23[
2024-04-18 12:35:47 | DEBUG | 
2024-04-18 12:35:47 | DEBUG | model connectors (Y,Flow) NB = 12
2024-04-18 12:35:47 | DEBUG |          F : [    23 ;     35[
2024-04-18 12:35:47 | DEBUG | 
2024-04-18 12:35:47 | DEBUG |  ====== connectors list ===== 
2024-04-18 12:35:47 | DEBUG |          Yconnector Y[    37] = Y[    12]      F = F[    23] / model OmegaRef_setPoint_setPoint_value to model Generator
2024-04-18 12:35:47 | DEBUG |          Yconnector Y[     5] = Y[    13]      F = F[    24] / model NETWORK to model Generator
2024-04-18 12:35:47 | DEBUG |          Yconnector Y[    26] = Y[    13]      F = F[    25] / model Load to model Generator
2024-04-18 12:35:47 | DEBUG |          Yconnector Y[     4] = Y[    14]      F = F[    26] / model NETWORK to model Generator
2024-04-18 12:35:47 | DEBUG |          Yconnector Y[    27] = Y[    14]      F = F[    27] / model Load to model Generator
2024-04-18 12:35:47 | DEBUG |          Yconnector Y[    38] = Y[     1]      F = F[    28] / model InfiniteBus_infiniteBus_terminal_V_im to model NETWORK
2024-04-18 12:35:47 | DEBUG |          Yconnector Y[    39] = Y[     0]      F = F[    29] / model InfiniteBus_infiniteBus_terminal_V_re to model NETWORK
2024-04-18 12:35:47 | DEBUG |          Yconnector Y[     8] = Y[    36]      F = F[    30] / model NETWORK to model SetPointVariation
2024-04-18 12:35:47 | DEBUG |          flowConnector : Y[    18] +Y[     7] +Y[    32]  = 0      F = F[    29]
2024-04-18 12:35:47 | DEBUG |          flowConnector : Y[    19] +Y[     6] +Y[    33]  = 0      F = F[    30]
2024-04-18 12:35:47 | DEBUG |          flowConnector : Y[    20] +Y[     3]  = 0      F = F[    31]
2024-04-18 12:35:47 | DEBUG |          flowConnector : Y[    21] +Y[     2]  = 0      F = F[    32]
2024-04-18 12:35:47 | DEBUG |          Zconnector Z[     7] = Z[    10] / model NETWORK to model Connect_Load3
2024-04-18 12:35:47 | DEBUG |          Zconnector Z[    13] = Z[    10] / model Disconnect_Load3 to model Connect_Load3
2024-04-18 12:35:47 | DEBUG |          Zconnector Z[     6] = Z[    12] / model NETWORK to model Disconnect_Load2
2024-04-18 12:35:47 | DEBUG |          Zconnector Z[    23] = Z[    11] / model Load to model Disconnect_Load
