2021-04-14 11:59:15 | INFO |  ============================================================ 
2021-04-14 11:59:15 | INFO | DYNAWO VERSION  :     1.3.0
2021-04-14 11:59:15 | INFO | DYNAWO REVISION :  964_external_variables-cbe03798
2021-04-14 11:59:15 | INFO |  ============================================================ 
2021-04-14 11:59:15 | INFO | 
2021-04-14 11:59:15 | INFO | -----------------------------------------------------------------------
2021-04-14 11:59:15 | INFO | building model from input files
2021-04-14 11:59:15 | INFO | -----------------------------------------------------------------------
2021-04-14 11:59:15 | INFO | model was built successfully
2021-04-14 11:59:15 | INFO | -----------------------------------------------------------------------
2021-04-14 11:59:15 | INFO | 
2021-04-14 11:59:15 | INFO | -----------------------------------------------------------------------
2021-04-14 11:59:15 | INFO | starting local initialization
2021-04-14 11:59:15 | INFO | -----------------------------------------------------------------------
2021-04-14 11:59:15 | INFO | end of local initialization
2021-04-14 11:59:15 | INFO | -----------------------------------------------------------------------
2021-04-14 11:59:15 | INFO | 
2021-04-14 11:59:15 | INFO | -----------------------------------------------------------------------
2021-04-14 11:59:15 | INFO | starting global initialization
2021-04-14 11:59:15 | INFO | -----------------------------------------------------------------------
2021-04-14 11:59:15 | INFO | end of global initialization
2021-04-14 11:59:15 | INFO | -----------------------------------------------------------------------
2021-04-14 11:59:15 | INFO | 
2021-04-14 11:59:15 | INFO | -----------------------------------------------------------------------
2021-04-14 11:59:15 | INFO | starting curve initialization
2021-04-14 11:59:15 | INFO | -----------------------------------------------------------------------
2021-04-14 11:59:15 | INFO | end of curve initialization, added 32 curves
2021-04-14 11:59:15 | INFO | -----------------------------------------------------------------------
2021-04-14 11:59:15 | INFO | 
2021-04-14 11:59:15 | INFO | -----------------------------------------------------------------------
2021-04-14 11:59:15 | INFO | starting simulation with solver SimplifiedSolver
2021-04-14 11:59:15 | INFO | -----------------------------------------------------------------------
2021-04-14 11:59:15 | INFO | -----------------------------------------------------------------------
2021-04-14 11:59:15 | INFO | number of continuous variables : 399
2021-04-14 11:59:15 | INFO | number of discrete variables : 519
2021-04-14 11:59:15 | INFO | number of root functions : 595
2021-04-14 11:59:15 | INFO | -----------------------------------------------------------------------
2021-04-14 11:59:15 | INFO |         time | iter num   Nonlinear iter   jac eval      time step (h)
2021-04-14 11:59:15 | INFO | -----------------------------------------------------------------------
2021-04-14 11:59:15 | INFO |        0.000 |        0                0          0              1.000 
2021-04-14 11:59:15 | INFO |        1.000 |        1                1          1              1.000 
2021-04-14 11:59:15 | INFO |        2.000 |        2                2          1              1.000 
2021-04-14 11:59:15 | INFO |        3.000 |        3                3          1              1.000 
2021-04-14 11:59:15 | INFO | initial guess of the algebraic solver is accurate, following solver iterations will be skipped until the next mode change
2021-04-14 11:59:15 | INFO |        4.000 |        4                3          1              1.000 
2021-04-14 11:59:15 | INFO |        5.000 |        5                3          1              1.000 
2021-04-14 11:59:15 | INFO |        6.000 |        6                3          1              1.000 
2021-04-14 11:59:15 | INFO |        7.000 |        7                3          1              1.000 
2021-04-14 11:59:15 | INFO |        8.000 |        8                3          1              1.000 
2021-04-14 11:59:15 | INFO |        9.000 |        9                3          1              1.000 
2021-04-14 11:59:15 | INFO |       10.000 |       10                3          1              1.000 
2021-04-14 11:59:15 | INFO |       11.000 |       11                3          1              1.000 
2021-04-14 11:59:15 | INFO |       12.000 |       12                3          1              1.000 
2021-04-14 11:59:15 | INFO |       13.000 |       13                3          1              1.000 
2021-04-14 11:59:15 | INFO |       14.000 |       14                3          1              1.000 
2021-04-14 11:59:15 | INFO |       15.000 |       15                3          1              1.000 
2021-04-14 11:59:15 | INFO |       16.000 |       16                3          1              1.000 
2021-04-14 11:59:15 | INFO |       17.000 |       17                3          1              1.000 
2021-04-14 11:59:15 | INFO |       18.000 |       18                3          1              1.000 
2021-04-14 11:59:15 | INFO |       19.000 |       19                3          1              1.000 
2021-04-14 11:59:15 | INFO |       20.000 |       20                3          1              1.000 
2021-04-14 11:59:15 | INFO |       21.000 |       21                3          1              1.000 
2021-04-14 11:59:15 | INFO |       22.000 |       22                3          1              1.000 
2021-04-14 11:59:15 | INFO |       23.000 |       23                3          1              1.000 
2021-04-14 11:59:15 | INFO |       24.000 |       24                3          1              1.000 
2021-04-14 11:59:15 | INFO |       25.000 |       25                3          1              1.000 
2021-04-14 11:59:15 | INFO |       26.000 |       26                3          1              1.000 
2021-04-14 11:59:15 | INFO |       27.000 |       27                3          1              1.000 
2021-04-14 11:59:15 | INFO |       28.000 |       28                3          1              1.000 
2021-04-14 11:59:15 | INFO |       29.000 |       29                3          1              1.000 
2021-04-14 11:59:15 | INFO |       30.000 |       30                3          1              1.000 
2021-04-14 11:59:15 | INFO |       31.000 |       31                3          1              1.000 
2021-04-14 11:59:15 | INFO |       32.000 |       32                3          1              1.000 
2021-04-14 11:59:15 | INFO |       33.000 |       33                3          1              1.000 
2021-04-14 11:59:15 | INFO |       34.000 |       34                3          1              1.000 
2021-04-14 11:59:15 | INFO |       35.000 |       35                3          1              1.000 
2021-04-14 11:59:15 | INFO |       36.000 |       36                3          1              1.000 
2021-04-14 11:59:15 | INFO |       37.000 |       37                3          1              1.000 
2021-04-14 11:59:15 | INFO |       38.000 |       38                3          1              1.000 
2021-04-14 11:59:15 | INFO |       39.000 |       39                3          1              1.000 
2021-04-14 11:59:15 | INFO |       40.000 |       40                3          1              1.000 
2021-04-14 11:59:15 | INFO |       41.000 |       41                3          1              1.000 
2021-04-14 11:59:15 | INFO |       42.000 |       42                3          1              1.000 
2021-04-14 11:59:15 | INFO |       43.000 |       43                3          1              1.000 
2021-04-14 11:59:15 | INFO |       44.000 |       44                3          1              1.000 
2021-04-14 11:59:15 | INFO |       45.000 |       45                3          1              1.000 
2021-04-14 11:59:15 | INFO |       46.000 |       46                3          1              1.000 
2021-04-14 11:59:15 | INFO |       47.000 |       47                3          1              1.000 
2021-04-14 11:59:15 | INFO |       48.000 |       48                3          1              1.000 
2021-04-14 11:59:15 | INFO |       49.000 |       49                3          1              1.000 
2021-04-14 11:59:15 | INFO | Algebraic mode (with J recalculation) change at t = 50
2021-04-14 11:59:15 | INFO |       50.000 |       50                3          1              1.000 
2021-04-14 11:59:15 | INFO | calculation of the new starting point of the simulation.
2021-04-14 11:59:15 | INFO | Algebraic mode change at t = 50
2021-04-14 11:59:15 | INFO |       50.000 |       50                6          3              1.000 
2021-04-14 11:59:15 | INFO |       51.000 |       51                8          4              1.000 
2021-04-14 11:59:15 | INFO |       52.000 |       52               10          4              1.000 
2021-04-14 11:59:15 | INFO |       53.000 |       53               12          4              1.000 
2021-04-14 11:59:15 | INFO |       54.000 |       54               14          4              1.000 
2021-04-14 11:59:15 | INFO |       55.000 |       55               16          4              1.000 
2021-04-14 11:59:15 | INFO |       56.000 |       56               18          4              1.000 
2021-04-14 11:59:15 | INFO |       57.000 |       57               20          4              1.000 
2021-04-14 11:59:15 | INFO |       58.000 |       58               22          4              1.000 
2021-04-14 11:59:15 | INFO |       59.000 |       59               24          4              1.000 
2021-04-14 11:59:15 | INFO |       60.000 |       60               26          4              1.000 
2021-04-14 11:59:15 | INFO |       61.000 |       61               28          4              1.000 
2021-04-14 11:59:15 | INFO |       62.000 |       62               30          4              1.000 
2021-04-14 11:59:15 | INFO |       63.000 |       63               32          4              1.000 
2021-04-14 11:59:15 | INFO |       64.000 |       64               34          4              1.000 
2021-04-14 11:59:15 | INFO | Algebraic mode (with J recalculation) change at t = 65
2021-04-14 11:59:15 | INFO |       65.000 |       65               36          4              1.000 
2021-04-14 11:59:15 | INFO | calculation of the new starting point of the simulation.
2021-04-14 11:59:15 | INFO |       65.000 |       65               38          6              1.000 
2021-04-14 11:59:15 | INFO |       66.000 |       66               40          7              1.000 
2021-04-14 11:59:15 | INFO |       67.000 |       67               42          7              1.000 
2021-04-14 11:59:15 | INFO |       68.000 |       68               44          7              1.000 
2021-04-14 11:59:15 | INFO |       69.000 |       69               46          7              1.000 
2021-04-14 11:59:15 | INFO |       70.000 |       70               48          7              1.000 
2021-04-14 11:59:15 | INFO |       71.000 |       71               49          7              1.000 
2021-04-14 11:59:15 | INFO |       72.000 |       72               50          7              1.000 
2021-04-14 11:59:15 | INFO |       73.000 |       73               51          7              1.000 
2021-04-14 11:59:15 | INFO |       74.000 |       74               52          7              1.000 
2021-04-14 11:59:15 | INFO |       75.000 |       75               53          7              1.000 
2021-04-14 11:59:15 | INFO |       76.000 |       76               54          7              1.000 
2021-04-14 11:59:15 | INFO |       77.000 |       77               55          7              1.000 
2021-04-14 11:59:15 | INFO |       78.000 |       78               56          7              1.000 
2021-04-14 11:59:15 | INFO |       79.000 |       79               57          7              1.000 
2021-04-14 11:59:15 | INFO | Algebraic mode change at t = 80
2021-04-14 11:59:15 | INFO |       80.000 |       80               58          7              1.000 
2021-04-14 11:59:15 | INFO | calculation of the new starting point of the simulation.
2021-04-14 11:59:15 | INFO |       80.000 |       80               60          7              1.000 
2021-04-14 11:59:15 | INFO |       81.000 |       81               61          7              1.000 
2021-04-14 11:59:15 | INFO |       82.000 |       82               62          7              1.000 
2021-04-14 11:59:15 | INFO |       83.000 |       83               63          7              1.000 
2021-04-14 11:59:15 | INFO |       84.000 |       84               64          7              1.000 
2021-04-14 11:59:15 | INFO |       85.000 |       85               65          7              1.000 
2021-04-14 11:59:15 | INFO |       86.000 |       86               66          7              1.000 
2021-04-14 11:59:15 | INFO |       87.000 |       87               67          7              1.000 
2021-04-14 11:59:15 | INFO |       88.000 |       88               68          7              1.000 
2021-04-14 11:59:15 | INFO |       89.000 |       89               69          7              1.000 
2021-04-14 11:59:15 | INFO | Algebraic mode change at t = 90
2021-04-14 11:59:15 | INFO |       90.000 |       90               70          7              1.000 
2021-04-14 11:59:15 | INFO | calculation of the new starting point of the simulation.
2021-04-14 11:59:15 | INFO |       90.000 |       90               72          7              1.000 
2021-04-14 11:59:15 | INFO |       91.000 |       91               73          7              1.000 
2021-04-14 11:59:15 | INFO |       92.000 |       92               74          7              1.000 
2021-04-14 11:59:15 | INFO | Algebraic mode change at t = 93
2021-04-14 11:59:15 | INFO |       93.000 |       93               75          7              1.000 
2021-04-14 11:59:15 | INFO | calculation of the new starting point of the simulation.
2021-04-14 11:59:15 | INFO |       93.000 |       93               77          7              1.000 
2021-04-14 11:59:15 | INFO |       94.000 |       94               78          7              1.000 
2021-04-14 11:59:15 | INFO | Algebraic mode change at t = 95
2021-04-14 11:59:15 | INFO |       95.000 |       95               79          7              1.000 
2021-04-14 11:59:15 | INFO | calculation of the new starting point of the simulation.
2021-04-14 11:59:15 | INFO |       95.000 |       95               81          7              1.000 
2021-04-14 11:59:15 | INFO |       96.000 |       96               82          7              1.000 
2021-04-14 11:59:15 | INFO |       97.000 |       97               83          7              1.000 
2021-04-14 11:59:15 | INFO |       98.000 |       98               84          7              1.000 
2021-04-14 11:59:15 | INFO |       99.000 |       99               85          7              1.000 
2021-04-14 11:59:15 | INFO | Algebraic mode change at t = 100
2021-04-14 11:59:15 | INFO |      100.000 |      100               86          7              1.000 
2021-04-14 11:59:15 | INFO | calculation of the new starting point of the simulation.
2021-04-14 11:59:15 | INFO |      100.000 |      100               88          7              1.000 
2021-04-14 11:59:15 | INFO |      101.000 |      101               89          7              1.000 
2021-04-14 11:59:15 | INFO |      102.000 |      102               90          7              1.000 
2021-04-14 11:59:15 | INFO | Algebraic mode change at t = 103
2021-04-14 11:59:15 | INFO |      103.000 |      103               91          7              1.000 
2021-04-14 11:59:15 | INFO | calculation of the new starting point of the simulation.
2021-04-14 11:59:15 | INFO |      103.000 |      103               93          7              1.000 
2021-04-14 11:59:15 | INFO |      104.000 |      104               94          7              1.000 
2021-04-14 11:59:15 | INFO | Algebraic mode change at t = 105
2021-04-14 11:59:15 | INFO |      105.000 |      105               95          7              1.000 
2021-04-14 11:59:15 | INFO | calculation of the new starting point of the simulation.
2021-04-14 11:59:15 | INFO |      105.000 |      105               97          7              1.000 
2021-04-14 11:59:15 | INFO |      106.000 |      106               98          7              1.000 
2021-04-14 11:59:15 | INFO |      107.000 |      107               99          7              1.000 
2021-04-14 11:59:15 | INFO |      108.000 |      108              100          7              1.000 
2021-04-14 11:59:15 | INFO |      109.000 |      109              101          7              1.000 
2021-04-14 11:59:15 | INFO | Algebraic mode change at t = 110
2021-04-14 11:59:15 | INFO |      110.000 |      110              102          7              1.000 
2021-04-14 11:59:15 | INFO | calculation of the new starting point of the simulation.
2021-04-14 11:59:15 | INFO |      110.000 |      110              104          7              1.000 
2021-04-14 11:59:15 | INFO |      111.000 |      111              106          7              1.000 
2021-04-14 11:59:15 | INFO |      112.000 |      112              107          7              1.000 
2021-04-14 11:59:15 | INFO | Algebraic mode change at t = 113
2021-04-14 11:59:15 | INFO |      113.000 |      113              108          7              1.000 
2021-04-14 11:59:15 | INFO | calculation of the new starting point of the simulation.
2021-04-14 11:59:15 | INFO |      113.000 |      113              110          7              1.000 
2021-04-14 11:59:15 | INFO |      114.000 |      114              111          7              1.000 
2021-04-14 11:59:15 | INFO | Algebraic mode change at t = 115
2021-04-14 11:59:15 | INFO |      115.000 |      115              112          7              1.000 
2021-04-14 11:59:15 | INFO | calculation of the new starting point of the simulation.
2021-04-14 11:59:15 | INFO |      115.000 |      115              114          7              1.000 
2021-04-14 11:59:15 | INFO |      116.000 |      116              116          7              1.000 
2021-04-14 11:59:15 | INFO | Algebraic mode change at t = 117
2021-04-14 11:59:15 | INFO |      117.000 |      117              117          7              1.000 
2021-04-14 11:59:15 | INFO | calculation of the new starting point of the simulation.
2021-04-14 11:59:15 | INFO |      117.000 |      117              119          7              1.000 
2021-04-14 11:59:15 | INFO |      118.000 |      118              121          7              1.000 
2021-04-14 11:59:15 | INFO |      119.000 |      119              122          7              1.000 
2021-04-14 11:59:15 | INFO | Algebraic mode change at t = 120
2021-04-14 11:59:15 | INFO |      120.000 |      120              123          7              1.000 
2021-04-14 11:59:15 | INFO | calculation of the new starting point of the simulation.
2021-04-14 11:59:15 | INFO |      120.000 |      120              125          7              1.000 
2021-04-14 11:59:15 | INFO |      121.000 |      121              127          7              1.000 
2021-04-14 11:59:15 | INFO |      122.000 |      122              128          7              1.000 
2021-04-14 11:59:15 | INFO | Algebraic mode change at t = 123
2021-04-14 11:59:15 | INFO |      123.000 |      123              129          7              1.000 
2021-04-14 11:59:15 | INFO | calculation of the new starting point of the simulation.
2021-04-14 11:59:15 | INFO |      123.000 |      123              131          7              1.000 
2021-04-14 11:59:15 | INFO |      124.000 |      124              132          7              1.000 
2021-04-14 11:59:15 | INFO | Algebraic mode change at t = 125
2021-04-14 11:59:15 | INFO |      125.000 |      125              133          7              1.000 
2021-04-14 11:59:15 | INFO | calculation of the new starting point of the simulation.
2021-04-14 11:59:15 | INFO |      125.000 |      125              135          7              1.000 
2021-04-14 11:59:15 | INFO |      126.000 |      126              137          7              1.000 
2021-04-14 11:59:15 | INFO | Algebraic mode change at t = 127
2021-04-14 11:59:15 | INFO |      127.000 |      127              138          7              1.000 
2021-04-14 11:59:15 | INFO | calculation of the new starting point of the simulation.
2021-04-14 11:59:15 | INFO |      127.000 |      127              140          7              1.000 
2021-04-14 11:59:15 | INFO |      128.000 |      128              142          7              1.000 
2021-04-14 11:59:15 | INFO |      129.000 |      129              143          7              1.000 
2021-04-14 11:59:15 | INFO | Algebraic mode change at t = 130
2021-04-14 11:59:15 | INFO |      130.000 |      130              144          7              1.000 
2021-04-14 11:59:15 | INFO | calculation of the new starting point of the simulation.
2021-04-14 11:59:15 | INFO |      130.000 |      130              146          7              1.000 
2021-04-14 11:59:15 | INFO |      131.000 |      131              147          7              1.000 
2021-04-14 11:59:15 | INFO |      132.000 |      132              148          7              1.000 
2021-04-14 11:59:15 | INFO |      133.000 |      133              149          7              1.000 
2021-04-14 11:59:15 | INFO |      134.000 |      134              150          7              1.000 
2021-04-14 11:59:15 | INFO | Algebraic mode change at t = 135
2021-04-14 11:59:15 | INFO |      135.000 |      135              151          7              1.000 
2021-04-14 11:59:15 | INFO | calculation of the new starting point of the simulation.
2021-04-14 11:59:15 | INFO |      135.000 |      135              153          7              1.000 
2021-04-14 11:59:15 | INFO |      136.000 |      136              155          7              1.000 
2021-04-14 11:59:15 | INFO | Algebraic mode change at t = 137
2021-04-14 11:59:15 | INFO |      137.000 |      137              156          7              1.000 
2021-04-14 11:59:15 | INFO | calculation of the new starting point of the simulation.
2021-04-14 11:59:15 | INFO |      137.000 |      137              158          7              1.000 
2021-04-14 11:59:15 | INFO |      138.000 |      138              160          7              1.000 
2021-04-14 11:59:15 | INFO |      139.000 |      139              161          7              1.000 
2021-04-14 11:59:15 | INFO |      140.000 |      140              162          7              1.000 
2021-04-14 11:59:15 | INFO |      141.000 |      141              163          7              1.000 
2021-04-14 11:59:15 | INFO |      142.000 |      142              164          7              1.000 
2021-04-14 11:59:15 | INFO |      143.000 |      143              165          7              1.000 
2021-04-14 11:59:15 | INFO |      144.000 |      144              166          7              1.000 
2021-04-14 11:59:15 | INFO | Algebraic mode change at t = 145
2021-04-14 11:59:15 | INFO |      145.000 |      145              167          7              1.000 
2021-04-14 11:59:15 | INFO | calculation of the new starting point of the simulation.
2021-04-14 11:59:15 | INFO |      145.000 |      145              169          7              1.000 
2021-04-14 11:59:15 | INFO |      146.000 |      146              171          7              1.000 
2021-04-14 11:59:15 | INFO |      147.000 |      147              172          7              1.000 
2021-04-14 11:59:15 | INFO |      148.000 |      148              173          7              1.000 
2021-04-14 11:59:15 | INFO |      149.000 |      149              174          7              1.000 
2021-04-14 11:59:15 | INFO |      150.000 |      150              175          7              1.000 
2021-04-14 11:59:15 | INFO |      151.000 |      151              176          7              1.000 
2021-04-14 11:59:15 | INFO |      152.000 |      152              177          7              1.000 
2021-04-14 11:59:15 | INFO |      153.000 |      153              178          7              1.000 
2021-04-14 11:59:15 | INFO |      154.000 |      154              179          7              1.000 
2021-04-14 11:59:15 | INFO | Algebraic mode change at t = 155
2021-04-14 11:59:15 | INFO |      155.000 |      155              180          7              1.000 
2021-04-14 11:59:15 | INFO | calculation of the new starting point of the simulation.
2021-04-14 11:59:15 | INFO |      155.000 |      155              182          7              1.000 
2021-04-14 11:59:15 | INFO |      156.000 |      156              184          7              1.000 
2021-04-14 11:59:15 | INFO |      157.000 |      157              185          7              1.000 
2021-04-14 11:59:15 | INFO |      158.000 |      158              186          7              1.000 
2021-04-14 11:59:15 | INFO |      159.000 |      159              187          7              1.000 
2021-04-14 11:59:15 | INFO |      160.000 |      160              188          7              1.000 
2021-04-14 11:59:15 | INFO |      161.000 |      161              189          7              1.000 
2021-04-14 11:59:15 | INFO |      162.000 |      162              190          7              1.000 
2021-04-14 11:59:15 | INFO |      163.000 |      163              191          7              1.000 
2021-04-14 11:59:15 | INFO |      164.000 |      164              192          7              1.000 
2021-04-14 11:59:15 | INFO | Algebraic mode change at t = 165
2021-04-14 11:59:15 | INFO |      165.000 |      165              193          7              1.000 
2021-04-14 11:59:15 | INFO | calculation of the new starting point of the simulation.
2021-04-14 11:59:15 | INFO |      165.000 |      165              196          7              1.000 
2021-04-14 11:59:15 | INFO |      166.000 |      166              198          7              1.000 
2021-04-14 11:59:15 | INFO | Algebraic mode change at t = 167
2021-04-14 11:59:15 | INFO |      167.000 |      167              199          7              1.000 
2021-04-14 11:59:15 | INFO | calculation of the new starting point of the simulation.
2021-04-14 11:59:15 | INFO |      167.000 |      167              201          7              1.000 
2021-04-14 11:59:15 | INFO |      168.000 |      168              202          7              1.000 
2021-04-14 11:59:15 | INFO |      169.000 |      169              203          7              1.000 
2021-04-14 11:59:15 | INFO |      170.000 |      170              204          7              1.000 
2021-04-14 11:59:15 | INFO |      171.000 |      171              205          7              1.000 
2021-04-14 11:59:15 | INFO |      172.000 |      172              206          7              1.000 
2021-04-14 11:59:15 | INFO |      173.000 |      173              207          7              1.000 
2021-04-14 11:59:15 | INFO |      174.000 |      174              208          7              1.000 
2021-04-14 11:59:15 | INFO | Algebraic mode change at t = 175
2021-04-14 11:59:15 | INFO |      175.000 |      175              209          7              1.000 
2021-04-14 11:59:15 | INFO | calculation of the new starting point of the simulation.
2021-04-14 11:59:15 | INFO |      175.000 |      175              212          7              1.000 
2021-04-14 11:59:15 | INFO |      176.000 |      176              214          7              1.000 
2021-04-14 11:59:15 | INFO |      177.000 |      177              215          7              1.000 
2021-04-14 11:59:15 | INFO |      178.000 |      178              216          7              1.000 
2021-04-14 11:59:15 | INFO |      179.000 |      179              217          7              1.000 
2021-04-14 11:59:15 | INFO | Algebraic mode change at t = 180
2021-04-14 11:59:15 | INFO |      180.000 |      180              218          7              1.000 
2021-04-14 11:59:15 | INFO | calculation of the new starting point of the simulation.
2021-04-14 11:59:15 | INFO |      180.000 |      180              220          7              1.000 
2021-04-14 11:59:15 | INFO |      181.000 |      181              221          7              1.000 
2021-04-14 11:59:15 | INFO |      182.000 |      182              222          7              1.000 
2021-04-14 11:59:15 | INFO |      183.000 |      183              223          7              1.000 
2021-04-14 11:59:15 | INFO |      184.000 |      184              224          7              1.000 
2021-04-14 11:59:15 | INFO | Algebraic mode change at t = 185
2021-04-14 11:59:15 | INFO |      185.000 |      185              225          7              1.000 
2021-04-14 11:59:15 | INFO | calculation of the new starting point of the simulation.
2021-04-14 11:59:15 | INFO |      185.000 |      185              227          7              1.000 
2021-04-14 11:59:15 | INFO |      186.000 |      186              228          7              1.000 
2021-04-14 11:59:15 | INFO |      187.000 |      187              229          7              1.000 
2021-04-14 11:59:15 | INFO |      188.000 |      188              230          7              1.000 
2021-04-14 11:59:15 | INFO |      189.000 |      189              231          7              1.000 
2021-04-14 11:59:15 | INFO | Algebraic mode change at t = 190
2021-04-14 11:59:15 | INFO |      190.000 |      190              232          7              1.000 
2021-04-14 11:59:15 | INFO | calculation of the new starting point of the simulation.
2021-04-14 11:59:15 | INFO |      190.000 |      190              234          7              1.000 
2021-04-14 11:59:15 | INFO |      191.000 |      191              235          7              1.000 
2021-04-14 11:59:15 | INFO |      192.000 |      192              236          7              1.000 
2021-04-14 11:59:15 | INFO |      193.000 |      193              237          7              1.000 
2021-04-14 11:59:15 | INFO |      194.000 |      194              238          7              1.000 
2021-04-14 11:59:15 | INFO |      195.000 |      195              239          7              1.000 
2021-04-14 11:59:15 | INFO |      196.000 |      196              240          7              1.000 
2021-04-14 11:59:15 | INFO |      197.000 |      197              241          7              1.000 
2021-04-14 11:59:15 | INFO | Algebraic mode change at t = 198
2021-04-14 11:59:15 | INFO |      198.000 |      198              242          7              1.000 
2021-04-14 11:59:15 | INFO | calculation of the new starting point of the simulation.
2021-04-14 11:59:15 | INFO |      198.000 |      198              244          7              1.000 
2021-04-14 11:59:15 | INFO |      199.000 |      199              245          7              1.000 
2021-04-14 11:59:15 | INFO |      200.000 |      200              246          7              1.000 
2021-04-14 11:59:15 | INFO |      201.000 |      201              247          7              1.000 
2021-04-14 11:59:15 | INFO |      202.000 |      202              248          7              1.000 
2021-04-14 11:59:15 | INFO |      203.000 |      203              249          7              1.000 
2021-04-14 11:59:15 | INFO |      204.000 |      204              250          7              1.000 
2021-04-14 11:59:15 | INFO | Algebraic mode change at t = 205
2021-04-14 11:59:15 | INFO |      205.000 |      205              251          7              1.000 
2021-04-14 11:59:15 | INFO | calculation of the new starting point of the simulation.
2021-04-14 11:59:15 | INFO |      205.000 |      205              253          7              1.000 
2021-04-14 11:59:15 | INFO |      206.000 |      206              254          7              1.000 
2021-04-14 11:59:15 | INFO |      207.000 |      207              255          7              1.000 
2021-04-14 11:59:15 | INFO |      208.000 |      208              256          7              1.000 
2021-04-14 11:59:15 | INFO |      209.000 |      209              257          7              1.000 
2021-04-14 11:59:15 | INFO |      210.000 |      210              258          7              1.000 
2021-04-14 11:59:15 | INFO |      211.000 |      211              259          7              1.000 
2021-04-14 11:59:15 | INFO |      212.000 |      212              260          7              1.000 
2021-04-14 11:59:15 | INFO |      213.000 |      213              261          7              1.000 
2021-04-14 11:59:15 | INFO | initial guess of the algebraic solver is accurate, following solver iterations will be skipped until the next mode change
2021-04-14 11:59:15 | INFO |      214.000 |      214              261          7              1.000 
2021-04-14 11:59:15 | INFO |      215.000 |      215              261          7              1.000 
2021-04-14 11:59:15 | INFO |      216.000 |      216              261          7              1.000 
2021-04-14 11:59:15 | INFO |      217.000 |      217              261          7              1.000 
2021-04-14 11:59:15 | INFO |      218.000 |      218              261          7              1.000 
2021-04-14 11:59:15 | INFO |      219.000 |      219              261          7              1.000 
2021-04-14 11:59:15 | INFO |      220.000 |      220              261          7              1.000 
2021-04-14 11:59:15 | INFO |      221.000 |      221              261          7              1.000 
2021-04-14 11:59:15 | INFO |      222.000 |      222              261          7              1.000 
2021-04-14 11:59:15 | INFO |      223.000 |      223              261          7              1.000 
2021-04-14 11:59:15 | INFO |      224.000 |      224              261          7              1.000 
2021-04-14 11:59:15 | INFO | Algebraic mode change at t = 225
2021-04-14 11:59:15 | INFO |      225.000 |      225              261          7              1.000 
2021-04-14 11:59:15 | INFO | calculation of the new starting point of the simulation.
2021-04-14 11:59:15 | INFO |      225.000 |      225              263          7              1.000 
2021-04-14 11:59:15 | INFO |      226.000 |      226              265          7              1.000 
2021-04-14 11:59:15 | INFO | Algebraic mode change at t = 227
2021-04-14 11:59:15 | INFO |      227.000 |      227              266          7              1.000 
2021-04-14 11:59:15 | INFO | calculation of the new starting point of the simulation.
2021-04-14 11:59:15 | INFO |      227.000 |      227              267          7              1.000 
2021-04-14 11:59:15 | INFO |      228.000 |      228              268          7              1.000 
2021-04-14 11:59:15 | INFO |      229.000 |      229              269          7              1.000 
2021-04-14 11:59:15 | INFO |      230.000 |      230              270          7              1.000 
2021-04-14 11:59:15 | INFO |      231.000 |      231              271          7              1.000 
2021-04-14 11:59:15 | INFO |      232.000 |      232              272          7              1.000 
2021-04-14 11:59:15 | INFO |      233.000 |      233              273          7              1.000 
2021-04-14 11:59:15 | INFO |      234.000 |      234              274          7              1.000 
2021-04-14 11:59:15 | INFO | Algebraic mode change at t = 235
2021-04-14 11:59:15 | INFO |      235.000 |      235              275          7              1.000 
2021-04-14 11:59:15 | INFO | calculation of the new starting point of the simulation.
2021-04-14 11:59:15 | INFO |      235.000 |      235              277          7              1.000 
2021-04-14 11:59:15 | INFO |      236.000 |      236              279          7              1.000 
2021-04-14 11:59:15 | INFO |      237.000 |      237              280          7              1.000 
2021-04-14 11:59:15 | INFO |      238.000 |      238              281          7              1.000 
2021-04-14 11:59:15 | INFO |      239.000 |      239              282          7              1.000 
2021-04-14 11:59:15 | INFO |      240.000 |      240              283          7              1.000 
2021-04-14 11:59:15 | INFO |      241.000 |      241              284          7              1.000 
2021-04-14 11:59:15 | INFO |      242.000 |      242              285          7              1.000 
2021-04-14 11:59:15 | INFO |      243.000 |      243              286          7              1.000 
2021-04-14 11:59:15 | INFO |      244.000 |      244              287          7              1.000 
2021-04-14 11:59:15 | INFO | Algebraic mode change at t = 245
2021-04-14 11:59:15 | INFO |      245.000 |      245              288          7              1.000 
2021-04-14 11:59:15 | INFO | calculation of the new starting point of the simulation.
2021-04-14 11:59:15 | INFO |      245.000 |      245              290          7              1.000 
2021-04-14 11:59:15 | INFO |      246.000 |      246              291          7              1.000 
2021-04-14 11:59:15 | INFO |      247.000 |      247              292          7              1.000 
2021-04-14 11:59:15 | INFO |      248.000 |      248              293          7              1.000 
2021-04-14 11:59:15 | INFO |      249.000 |      249              294          7              1.000 
2021-04-14 11:59:15 | INFO |      250.000 |      250              295          7              1.000 
2021-04-14 11:59:15 | INFO |      251.000 |      251              296          7              1.000 
2021-04-14 11:59:15 | INFO |      252.000 |      252              297          7              1.000 
2021-04-14 11:59:15 | INFO |      253.000 |      253              298          7              1.000 
2021-04-14 11:59:15 | INFO |      254.000 |      254              299          7              1.000 
2021-04-14 11:59:15 | INFO |      255.000 |      255              300          7              1.000 
2021-04-14 11:59:15 | INFO | initial guess of the algebraic solver is accurate, following solver iterations will be skipped until the next mode change
2021-04-14 11:59:15 | INFO |      256.000 |      256              300          7              1.000 
2021-04-14 11:59:15 | INFO |      257.000 |      257              300          7              1.000 
2021-04-14 11:59:15 | INFO |      258.000 |      258              300          7              1.000 
2021-04-14 11:59:15 | INFO |      259.000 |      259              300          7              1.000 
2021-04-14 11:59:15 | INFO |      260.000 |      260              300          7              1.000 
2021-04-14 11:59:15 | INFO |      261.000 |      261              300          7              1.000 
2021-04-14 11:59:15 | INFO |      262.000 |      262              300          7              1.000 
2021-04-14 11:59:15 | INFO |      263.000 |      263              300          7              1.000 
2021-04-14 11:59:15 | INFO |      264.000 |      264              300          7              1.000 
2021-04-14 11:59:15 | INFO |      265.000 |      265              300          7              1.000 
2021-04-14 11:59:15 | INFO |      266.000 |      266              300          7              1.000 
2021-04-14 11:59:15 | INFO |      267.000 |      267              300          7              1.000 
2021-04-14 11:59:15 | INFO |      268.000 |      268              300          7              1.000 
2021-04-14 11:59:15 | INFO |      269.000 |      269              300          7              1.000 
2021-04-14 11:59:15 | INFO |      270.000 |      270              300          7              1.000 
2021-04-14 11:59:15 | INFO |      271.000 |      271              300          7              1.000 
2021-04-14 11:59:15 | INFO |      272.000 |      272              300          7              1.000 
2021-04-14 11:59:15 | INFO |      273.000 |      273              300          7              1.000 
2021-04-14 11:59:15 | INFO |      274.000 |      274              300          7              1.000 
2021-04-14 11:59:15 | INFO |      275.000 |      275              300          7              1.000 
2021-04-14 11:59:15 | INFO |      276.000 |      276              300          7              1.000 
2021-04-14 11:59:15 | INFO |      277.000 |      277              300          7              1.000 
2021-04-14 11:59:15 | INFO |      278.000 |      278              300          7              1.000 
2021-04-14 11:59:15 | INFO |      279.000 |      279              300          7              1.000 
2021-04-14 11:59:15 | INFO |      280.000 |      280              300          7              1.000 
2021-04-14 11:59:15 | INFO |      281.000 |      281              300          7              1.000 
2021-04-14 11:59:15 | INFO |      282.000 |      282              300          7              1.000 
2021-04-14 11:59:15 | INFO |      283.000 |      283              300          7              1.000 
2021-04-14 11:59:15 | INFO |      284.000 |      284              300          7              1.000 
2021-04-14 11:59:15 | INFO |      285.000 |      285              300          7              1.000 
2021-04-14 11:59:15 | INFO |      286.000 |      286              300          7              1.000 
2021-04-14 11:59:15 | INFO |      287.000 |      287              300          7              1.000 
2021-04-14 11:59:15 | INFO |      288.000 |      288              300          7              1.000 
2021-04-14 11:59:15 | INFO |      289.000 |      289              300          7              1.000 
2021-04-14 11:59:15 | INFO |      290.000 |      290              300          7              1.000 
2021-04-14 11:59:15 | INFO |      291.000 |      291              300          7              1.000 
2021-04-14 11:59:15 | INFO |      292.000 |      292              300          7              1.000 
2021-04-14 11:59:15 | INFO |      293.000 |      293              300          7              1.000 
2021-04-14 11:59:15 | INFO |      294.000 |      294              300          7              1.000 
2021-04-14 11:59:15 | INFO |      295.000 |      295              300          7              1.000 
2021-04-14 11:59:15 | INFO |      296.000 |      296              300          7              1.000 
2021-04-14 11:59:15 | INFO |      297.000 |      297              300          7              1.000 
2021-04-14 11:59:15 | INFO |      298.000 |      298              300          7              1.000 
2021-04-14 11:59:15 | INFO |      299.000 |      299              300          7              1.000 
2021-04-14 11:59:15 | INFO |      300.000 |      300              300          7              1.000 
2021-04-14 11:59:15 | INFO |      301.000 |      301              300          7              1.000 
2021-04-14 11:59:15 | INFO |      302.000 |      302              300          7              1.000 
2021-04-14 11:59:15 | INFO |      303.000 |      303              300          7              1.000 
2021-04-14 11:59:15 | INFO |      304.000 |      304              300          7              1.000 
2021-04-14 11:59:15 | INFO |      305.000 |      305              300          7              1.000 
2021-04-14 11:59:15 | INFO |      306.000 |      306              300          7              1.000 
2021-04-14 11:59:15 | INFO |      307.000 |      307              300          7              1.000 
2021-04-14 11:59:15 | INFO |      308.000 |      308              300          7              1.000 
2021-04-14 11:59:15 | INFO |      309.000 |      309              300          7              1.000 
2021-04-14 11:59:15 | INFO |      310.000 |      310              300          7              1.000 
2021-04-14 11:59:15 | INFO |      311.000 |      311              300          7              1.000 
2021-04-14 11:59:15 | INFO |      312.000 |      312              300          7              1.000 
2021-04-14 11:59:15 | INFO |      313.000 |      313              300          7              1.000 
2021-04-14 11:59:15 | INFO |      314.000 |      314              300          7              1.000 
2021-04-14 11:59:15 | INFO |      315.000 |      315              300          7              1.000 
2021-04-14 11:59:15 | INFO |      316.000 |      316              300          7              1.000 
2021-04-14 11:59:15 | INFO |      317.000 |      317              300          7              1.000 
2021-04-14 11:59:15 | INFO |      318.000 |      318              300          7              1.000 
2021-04-14 11:59:15 | INFO |      319.000 |      319              300          7              1.000 
2021-04-14 11:59:15 | INFO |      320.000 |      320              300          7              1.000 
2021-04-14 11:59:15 | INFO |      321.000 |      321              300          7              1.000 
2021-04-14 11:59:15 | INFO |      322.000 |      322              300          7              1.000 
2021-04-14 11:59:15 | INFO |      323.000 |      323              300          7              1.000 
2021-04-14 11:59:15 | INFO |      324.000 |      324              300          7              1.000 
2021-04-14 11:59:15 | INFO |      325.000 |      325              300          7              1.000 
2021-04-14 11:59:15 | INFO |      326.000 |      326              300          7              1.000 
2021-04-14 11:59:15 | INFO |      327.000 |      327              300          7              1.000 
2021-04-14 11:59:15 | INFO |      328.000 |      328              300          7              1.000 
2021-04-14 11:59:15 | INFO |      329.000 |      329              300          7              1.000 
2021-04-14 11:59:15 | INFO |      330.000 |      330              300          7              1.000 
2021-04-14 11:59:15 | INFO |      331.000 |      331              300          7              1.000 
2021-04-14 11:59:15 | INFO |      332.000 |      332              300          7              1.000 
2021-04-14 11:59:15 | INFO |      333.000 |      333              300          7              1.000 
2021-04-14 11:59:15 | INFO |      334.000 |      334              300          7              1.000 
2021-04-14 11:59:15 | INFO |      335.000 |      335              300          7              1.000 
2021-04-14 11:59:15 | INFO |      336.000 |      336              300          7              1.000 
2021-04-14 11:59:15 | INFO |      337.000 |      337              300          7              1.000 
2021-04-14 11:59:15 | INFO |      338.000 |      338              300          7              1.000 
2021-04-14 11:59:15 | INFO |      339.000 |      339              300          7              1.000 
2021-04-14 11:59:15 | INFO |      340.000 |      340              300          7              1.000 
2021-04-14 11:59:15 | INFO |      341.000 |      341              300          7              1.000 
2021-04-14 11:59:15 | INFO |      342.000 |      342              300          7              1.000 
2021-04-14 11:59:15 | INFO |      343.000 |      343              300          7              1.000 
2021-04-14 11:59:15 | INFO |      344.000 |      344              300          7              1.000 
2021-04-14 11:59:15 | INFO |      345.000 |      345              300          7              1.000 
2021-04-14 11:59:15 | INFO |      346.000 |      346              300          7              1.000 
2021-04-14 11:59:15 | INFO |      347.000 |      347              300          7              1.000 
2021-04-14 11:59:15 | INFO |      348.000 |      348              300          7              1.000 
2021-04-14 11:59:15 | INFO |      349.000 |      349              300          7              1.000 
2021-04-14 11:59:15 | INFO |      350.000 |      350              300          7              1.000 
2021-04-14 11:59:15 | INFO |      351.000 |      351              300          7              1.000 
2021-04-14 11:59:15 | INFO |      352.000 |      352              300          7              1.000 
2021-04-14 11:59:15 | INFO |      353.000 |      353              300          7              1.000 
2021-04-14 11:59:15 | INFO |      354.000 |      354              300          7              1.000 
2021-04-14 11:59:15 | INFO |      355.000 |      355              300          7              1.000 
2021-04-14 11:59:15 | INFO |      356.000 |      356              300          7              1.000 
2021-04-14 11:59:15 | INFO |      357.000 |      357              300          7              1.000 
2021-04-14 11:59:15 | INFO |      358.000 |      358              300          7              1.000 
2021-04-14 11:59:15 | INFO |      359.000 |      359              300          7              1.000 
2021-04-14 11:59:15 | INFO |      360.000 |      360              300          7              1.000 
2021-04-14 11:59:15 | INFO |      361.000 |      361              300          7              1.000 
2021-04-14 11:59:15 | INFO |      362.000 |      362              300          7              1.000 
2021-04-14 11:59:15 | INFO |      363.000 |      363              300          7              1.000 
2021-04-14 11:59:15 | INFO |      364.000 |      364              300          7              1.000 
2021-04-14 11:59:15 | INFO |      365.000 |      365              300          7              1.000 
2021-04-14 11:59:15 | INFO |      366.000 |      366              300          7              1.000 
2021-04-14 11:59:15 | INFO |      367.000 |      367              300          7              1.000 
2021-04-14 11:59:15 | INFO |      368.000 |      368              300          7              1.000 
2021-04-14 11:59:15 | INFO |      369.000 |      369              300          7              1.000 
2021-04-14 11:59:15 | INFO |      370.000 |      370              300          7              1.000 
2021-04-14 11:59:15 | INFO |      371.000 |      371              300          7              1.000 
2021-04-14 11:59:15 | INFO |      372.000 |      372              300          7              1.000 
2021-04-14 11:59:15 | INFO |      373.000 |      373              300          7              1.000 
2021-04-14 11:59:15 | INFO |      374.000 |      374              300          7              1.000 
2021-04-14 11:59:15 | INFO |      375.000 |      375              300          7              1.000 
2021-04-14 11:59:15 | INFO |      376.000 |      376              300          7              1.000 
2021-04-14 11:59:15 | INFO |      377.000 |      377              300          7              1.000 
2021-04-14 11:59:15 | INFO |      378.000 |      378              300          7              1.000 
2021-04-14 11:59:15 | INFO |      379.000 |      379              300          7              1.000 
2021-04-14 11:59:15 | INFO |      380.000 |      380              300          7              1.000 
2021-04-14 11:59:15 | INFO |      381.000 |      381              300          7              1.000 
2021-04-14 11:59:15 | INFO |      382.000 |      382              300          7              1.000 
2021-04-14 11:59:15 | INFO |      383.000 |      383              300          7              1.000 
2021-04-14 11:59:15 | INFO |      384.000 |      384              300          7              1.000 
2021-04-14 11:59:15 | INFO |      385.000 |      385              300          7              1.000 
2021-04-14 11:59:15 | INFO |      386.000 |      386              300          7              1.000 
2021-04-14 11:59:15 | INFO |      387.000 |      387              300          7              1.000 
2021-04-14 11:59:15 | INFO |      388.000 |      388              300          7              1.000 
2021-04-14 11:59:15 | INFO |      389.000 |      389              300          7              1.000 
2021-04-14 11:59:15 | INFO |      390.000 |      390              300          7              1.000 
2021-04-14 11:59:15 | INFO |      391.000 |      391              300          7              1.000 
2021-04-14 11:59:15 | INFO |      392.000 |      392              300          7              1.000 
2021-04-14 11:59:15 | INFO |      393.000 |      393              300          7              1.000 
2021-04-14 11:59:15 | INFO |      394.000 |      394              300          7              1.000 
2021-04-14 11:59:15 | INFO |      395.000 |      395              300          7              1.000 
2021-04-14 11:59:15 | INFO |      396.000 |      396              300          7              1.000 
2021-04-14 11:59:15 | INFO |      397.000 |      397              300          7              1.000 
2021-04-14 11:59:15 | INFO |      398.000 |      398              300          7              1.000 
2021-04-14 11:59:15 | INFO |      399.000 |      399              300          7              1.000 
2021-04-14 11:59:15 | INFO |      400.000 |      400              300          7              1.000 
2021-04-14 11:59:15 | INFO |      401.000 |      401              300          7              1.000 
2021-04-14 11:59:15 | INFO |      402.000 |      402              300          7              1.000 
2021-04-14 11:59:15 | INFO |      403.000 |      403              300          7              1.000 
2021-04-14 11:59:15 | INFO |      404.000 |      404              300          7              1.000 
2021-04-14 11:59:15 | INFO |      405.000 |      405              300          7              1.000 
2021-04-14 11:59:15 | INFO |      406.000 |      406              300          7              1.000 
2021-04-14 11:59:15 | INFO |      407.000 |      407              300          7              1.000 
2021-04-14 11:59:15 | INFO |      408.000 |      408              300          7              1.000 
2021-04-14 11:59:15 | INFO |      409.000 |      409              300          7              1.000 
2021-04-14 11:59:15 | INFO |      410.000 |      410              300          7              1.000 
2021-04-14 11:59:15 | INFO |      411.000 |      411              300          7              1.000 
2021-04-14 11:59:15 | INFO |      412.000 |      412              300          7              1.000 
2021-04-14 11:59:15 | INFO |      413.000 |      413              300          7              1.000 
2021-04-14 11:59:15 | INFO |      414.000 |      414              300          7              1.000 
2021-04-14 11:59:15 | INFO |      415.000 |      415              300          7              1.000 
2021-04-14 11:59:15 | INFO |      416.000 |      416              300          7              1.000 
2021-04-14 11:59:15 | INFO |      417.000 |      417              300          7              1.000 
2021-04-14 11:59:15 | INFO |      418.000 |      418              300          7              1.000 
2021-04-14 11:59:15 | INFO |      419.000 |      419              300          7              1.000 
2021-04-14 11:59:15 | INFO |      420.000 |      420              300          7              1.000 
2021-04-14 11:59:15 | INFO |      421.000 |      421              300          7              1.000 
2021-04-14 11:59:15 | INFO |      422.000 |      422              300          7              1.000 
2021-04-14 11:59:15 | INFO |      423.000 |      423              300          7              1.000 
2021-04-14 11:59:15 | INFO |      424.000 |      424              300          7              1.000 
2021-04-14 11:59:15 | INFO |      425.000 |      425              300          7              1.000 
2021-04-14 11:59:15 | INFO |      426.000 |      426              300          7              1.000 
2021-04-14 11:59:15 | INFO |      427.000 |      427              300          7              1.000 
2021-04-14 11:59:15 | INFO |      428.000 |      428              300          7              1.000 
2021-04-14 11:59:15 | INFO |      429.000 |      429              300          7              1.000 
2021-04-14 11:59:15 | INFO |      430.000 |      430              300          7              1.000 
2021-04-14 11:59:15 | INFO |      431.000 |      431              300          7              1.000 
2021-04-14 11:59:15 | INFO |      432.000 |      432              300          7              1.000 
2021-04-14 11:59:15 | INFO |      433.000 |      433              300          7              1.000 
2021-04-14 11:59:15 | INFO |      434.000 |      434              300          7              1.000 
2021-04-14 11:59:15 | INFO |      435.000 |      435              300          7              1.000 
2021-04-14 11:59:15 | INFO |      436.000 |      436              300          7              1.000 
2021-04-14 11:59:15 | INFO |      437.000 |      437              300          7              1.000 
2021-04-14 11:59:15 | INFO |      438.000 |      438              300          7              1.000 
2021-04-14 11:59:15 | INFO |      439.000 |      439              300          7              1.000 
2021-04-14 11:59:15 | INFO |      440.000 |      440              300          7              1.000 
2021-04-14 11:59:15 | INFO |      441.000 |      441              300          7              1.000 
2021-04-14 11:59:15 | INFO |      442.000 |      442              300          7              1.000 
2021-04-14 11:59:15 | INFO |      443.000 |      443              300          7              1.000 
2021-04-14 11:59:15 | INFO |      444.000 |      444              300          7              1.000 
2021-04-14 11:59:15 | INFO |      445.000 |      445              300          7              1.000 
2021-04-14 11:59:15 | INFO |      446.000 |      446              300          7              1.000 
2021-04-14 11:59:15 | INFO |      447.000 |      447              300          7              1.000 
2021-04-14 11:59:15 | INFO |      448.000 |      448              300          7              1.000 
2021-04-14 11:59:15 | INFO |      449.000 |      449              300          7              1.000 
2021-04-14 11:59:15 | INFO |      450.000 |      450              300          7              1.000 
2021-04-14 11:59:15 | INFO |      451.000 |      451              300          7              1.000 
2021-04-14 11:59:15 | INFO |      452.000 |      452              300          7              1.000 
2021-04-14 11:59:15 | INFO |      453.000 |      453              300          7              1.000 
2021-04-14 11:59:15 | INFO |      454.000 |      454              300          7              1.000 
2021-04-14 11:59:15 | INFO |      455.000 |      455              300          7              1.000 
2021-04-14 11:59:15 | INFO |      456.000 |      456              300          7              1.000 
2021-04-14 11:59:15 | INFO |      457.000 |      457              300          7              1.000 
2021-04-14 11:59:15 | INFO |      458.000 |      458              300          7              1.000 
2021-04-14 11:59:15 | INFO |      459.000 |      459              300          7              1.000 
2021-04-14 11:59:15 | INFO |      460.000 |      460              300          7              1.000 
2021-04-14 11:59:15 | INFO |      461.000 |      461              300          7              1.000 
2021-04-14 11:59:15 | INFO |      462.000 |      462              300          7              1.000 
2021-04-14 11:59:15 | INFO |      463.000 |      463              300          7              1.000 
2021-04-14 11:59:15 | INFO |      464.000 |      464              300          7              1.000 
2021-04-14 11:59:15 | INFO |      465.000 |      465              300          7              1.000 
2021-04-14 11:59:15 | INFO |      466.000 |      466              300          7              1.000 
2021-04-14 11:59:15 | INFO |      467.000 |      467              300          7              1.000 
2021-04-14 11:59:15 | INFO |      468.000 |      468              300          7              1.000 
2021-04-14 11:59:15 | INFO |      469.000 |      469              300          7              1.000 
2021-04-14 11:59:15 | INFO |      470.000 |      470              300          7              1.000 
2021-04-14 11:59:15 | INFO |      471.000 |      471              300          7              1.000 
2021-04-14 11:59:15 | INFO |      472.000 |      472              300          7              1.000 
2021-04-14 11:59:15 | INFO |      473.000 |      473              300          7              1.000 
2021-04-14 11:59:15 | INFO |      474.000 |      474              300          7              1.000 
2021-04-14 11:59:15 | INFO |      475.000 |      475              300          7              1.000 
2021-04-14 11:59:15 | INFO |      476.000 |      476              300          7              1.000 
2021-04-14 11:59:15 | INFO |      477.000 |      477              300          7              1.000 
2021-04-14 11:59:15 | INFO |      478.000 |      478              300          7              1.000 
2021-04-14 11:59:15 | INFO |      479.000 |      479              300          7              1.000 
2021-04-14 11:59:15 | INFO |      480.000 |      480              300          7              1.000 
2021-04-14 11:59:15 | INFO |      481.000 |      481              300          7              1.000 
2021-04-14 11:59:15 | INFO |      482.000 |      482              300          7              1.000 
2021-04-14 11:59:15 | INFO |      483.000 |      483              300          7              1.000 
2021-04-14 11:59:15 | INFO |      484.000 |      484              300          7              1.000 
2021-04-14 11:59:15 | INFO |      485.000 |      485              300          7              1.000 
2021-04-14 11:59:15 | INFO |      486.000 |      486              300          7              1.000 
2021-04-14 11:59:15 | INFO |      487.000 |      487              300          7              1.000 
2021-04-14 11:59:15 | INFO |      488.000 |      488              300          7              1.000 
2021-04-14 11:59:15 | INFO |      489.000 |      489              300          7              1.000 
2021-04-14 11:59:15 | INFO |      490.000 |      490              300          7              1.000 
2021-04-14 11:59:15 | INFO |      491.000 |      491              300          7              1.000 
2021-04-14 11:59:15 | INFO |      492.000 |      492              300          7              1.000 
2021-04-14 11:59:15 | INFO |      493.000 |      493              300          7              1.000 
2021-04-14 11:59:15 | INFO |      494.000 |      494              300          7              1.000 
2021-04-14 11:59:15 | INFO |      495.000 |      495              300          7              1.000 
2021-04-14 11:59:15 | INFO |      496.000 |      496              300          7              1.000 
2021-04-14 11:59:15 | INFO |      497.000 |      497              300          7              1.000 
2021-04-14 11:59:15 | INFO |      498.000 |      498              300          7              1.000 
2021-04-14 11:59:15 | INFO |      499.000 |      499              300          7              1.000 
2021-04-14 11:59:15 | INFO |      500.000 |      500              300          7              1.000 
2021-04-14 11:59:15 | INFO | 
2021-04-14 11:59:15 | INFO | execution statistics :
2021-04-14 11:59:15 | INFO | 
2021-04-14 11:59:15 | INFO | number of time iterations                  = 500
2021-04-14 11:59:15 | INFO | number of residual evaluations             = 534
2021-04-14 11:59:15 | INFO | number of Jacobian evaluations             = 7
2021-04-14 11:59:15 | INFO | number of nonlinear iterations             = 300
2021-04-14 11:59:15 | INFO | number of error test failures              = 0
2021-04-14 11:59:15 | INFO | number of nonlinear convergence failures   = 0
2021-04-14 11:59:15 | INFO | number of root functions evaluations       = 644
2021-04-14 11:59:15 | INFO | number of discrete variables evaluations   = 215
2021-04-14 11:59:15 | INFO | number of mode evaluations                 = 106
2021-04-14 11:59:15 | INFO | end of job 'IEEE14 - GeneratorDisconnections'
