2020-06-29 16:46:31 | INFO |  ============================================================
2020-06-29 16:46:31 | INFO | DYNAWO VERSION  :     1.1.0
2020-06-29 16:46:31 | INFO | DYNAWO REVISION :  ModalAnalysis-3a330ea9
2020-06-29 16:46:31 | INFO |  ============================================================
2020-06-29 16:46:31 | INFO | DDB Dir : /home/koukimohamed/dynawo/install/gcc6.3.0/ModalAnalysis/Release-cxx11/shared/dynawo/ddb/
2020-06-29 16:46:31 | DEBUG | /home/koukimohamed/dynawo/install/gcc6.3.0/ModalAnalysis/Release-cxx11/shared/dynawo/ddb/Line.so
2020-06-29 16:46:31 | DEBUG | /home/koukimohamed/dynawo/install/gcc6.3.0/ModalAnalysis/Release-cxx11/shared/dynawo/ddb/TapChangerBlockingArea.so
2020-06-29 16:46:31 | DEBUG | /home/koukimohamed/dynawo/install/gcc6.3.0/ModalAnalysis/Release-cxx11/shared/dynawo/ddb/EventSetPointBoolean.so
2020-06-29 16:46:31 | DEBUG | /home/koukimohamed/dynawo/install/gcc6.3.0/ModalAnalysis/Release-cxx11/shared/dynawo/ddb/GeneratorSynchronousFourWindingsProportionalRegulations.so
2020-06-29 16:46:31 | DEBUG | /home/koukimohamed/dynawo/install/gcc6.3.0/ModalAnalysis/Release-cxx11/shared/dynawo/ddb/DYNModelOmegaRef.so
2020-06-29 16:46:31 | DEBUG | /home/koukimohamed/dynawo/install/gcc6.3.0/ModalAnalysis/Release-cxx11/shared/dynawo/ddb/GeneratorPQ.so
2020-06-29 16:46:31 | DEBUG | /home/koukimohamed/dynawo/install/gcc6.3.0/ModalAnalysis/Release-cxx11/shared/dynawo/ddb/EventQuadripoleConnection.so
2020-06-29 16:46:31 | DEBUG | /home/koukimohamed/dynawo/install/gcc6.3.0/ModalAnalysis/Release-cxx11/shared/dynawo/ddb/LoadTwoTransformersTapChangers.so
2020-06-29 16:46:31 | DEBUG | /home/koukimohamed/dynawo/install/gcc6.3.0/ModalAnalysis/Release-cxx11/shared/dynawo/ddb/GeneratorSynchronousThreeWindingsProportionalRegulations.so
2020-06-29 16:46:31 | DEBUG | /home/koukimohamed/dynawo/install/gcc6.3.0/ModalAnalysis/Release-cxx11/shared/dynawo/ddb/GeneratorSynchronousThreeWindingsGoverPropVRPropInt.so
2020-06-29 16:46:31 | DEBUG | /home/koukimohamed/dynawo/install/gcc6.3.0/ModalAnalysis/Release-cxx11/shared/dynawo/ddb/GeneratorSynchronousFourWindings.so
2020-06-29 16:46:31 | DEBUG | /home/koukimohamed/dynawo/install/gcc6.3.0/ModalAnalysis/Release-cxx11/shared/dynawo/ddb/EventSetPointDoubleReal.so
2020-06-29 16:46:31 | DEBUG | /home/koukimohamed/dynawo/install/gcc6.3.0/ModalAnalysis/Release-cxx11/shared/dynawo/ddb/DYNModelNetwork.so
2020-06-29 16:46:31 | DEBUG | /home/koukimohamed/dynawo/install/gcc6.3.0/ModalAnalysis/Release-cxx11/shared/dynawo/ddb/EventQuadripoleDisconnection.so
2020-06-29 16:46:31 | DEBUG | /home/koukimohamed/dynawo/install/gcc6.3.0/ModalAnalysis/Release-cxx11/shared/dynawo/ddb/TransformerFixedRatio.so
2020-06-29 16:46:31 | DEBUG | /home/koukimohamed/dynawo/install/gcc6.3.0/ModalAnalysis/Release-cxx11/shared/dynawo/ddb/PhaseShifterI.so
2020-06-29 16:46:31 | DEBUG | /home/koukimohamed/dynawo/install/gcc6.3.0/ModalAnalysis/Release-cxx11/shared/dynawo/ddb/Step.so
2020-06-29 16:46:31 | DEBUG | /home/koukimohamed/dynawo/install/gcc6.3.0/ModalAnalysis/Release-cxx11/shared/dynawo/ddb/TapChangerAutomaton.so
2020-06-29 16:46:31 | DEBUG | /home/koukimohamed/dynawo/install/gcc6.3.0/ModalAnalysis/Release-cxx11/shared/dynawo/ddb/GridFormingConverterDispatchableVirtualOscillatorControl.so
2020-06-29 16:46:31 | DEBUG | /home/koukimohamed/dynawo/install/gcc6.3.0/ModalAnalysis/Release-cxx11/shared/dynawo/ddb/GeneratorFictitious.so
2020-06-29 16:46:31 | DEBUG | /home/koukimohamed/dynawo/install/gcc6.3.0/ModalAnalysis/Release-cxx11/shared/dynawo/ddb/LoadOneTransformer.so
2020-06-29 16:46:31 | DEBUG | /home/koukimohamed/dynawo/install/gcc6.3.0/ModalAnalysis/Release-cxx11/shared/dynawo/ddb/DYNModelVariationArea.so
2020-06-29 16:46:31 | DEBUG | /home/koukimohamed/dynawo/install/gcc6.3.0/ModalAnalysis/Release-cxx11/shared/dynawo/ddb/GenericAutomaton.so
2020-06-29 16:46:31 | DEBUG | /home/koukimohamed/dynawo/install/gcc6.3.0/ModalAnalysis/Release-cxx11/shared/dynawo/ddb/GridFormingConverterDroopControl.so
2020-06-29 16:46:31 | DEBUG | /home/koukimohamed/dynawo/install/gcc6.3.0/ModalAnalysis/Release-cxx11/shared/dynawo/ddb/LoadAlphaBeta.so
2020-06-29 16:46:31 | DEBUG | /home/koukimohamed/dynawo/install/gcc6.3.0/ModalAnalysis/Release-cxx11/shared/dynawo/ddb/LoadTwoTransformers.so
2020-06-29 16:46:31 | DEBUG | /home/koukimohamed/dynawo/install/gcc6.3.0/ModalAnalysis/Release-cxx11/shared/dynawo/ddb/GeneratorSynchronousThreeWindings.so
2020-06-29 16:46:31 | DEBUG | /home/koukimohamed/dynawo/install/gcc6.3.0/ModalAnalysis/Release-cxx11/shared/dynawo/ddb/EventSetPointReal.so
2020-06-29 16:46:31 | DEBUG | /home/koukimohamed/dynawo/install/gcc6.3.0/ModalAnalysis/Release-cxx11/shared/dynawo/ddb/GridFormingConverterMatchingControl.so
2020-06-29 16:46:31 | DEBUG | /home/koukimohamed/dynawo/install/gcc6.3.0/ModalAnalysis/Release-cxx11/shared/dynawo/ddb/GeneratorSynchronousFourWindingsGoverPropVRPropInt.so
2020-06-29 16:46:31 | DEBUG | /home/koukimohamed/dynawo/install/gcc6.3.0/ModalAnalysis/Release-cxx11/shared/dynawo/ddb/StaticVarCompensator.so
2020-06-29 16:46:31 | DEBUG | /home/koukimohamed/dynawo/install/gcc6.3.0/ModalAnalysis/Release-cxx11/shared/dynawo/ddb/EventConnectedStatus.so
2020-06-29 16:46:31 | DEBUG | /home/koukimohamed/dynawo/install/gcc6.3.0/ModalAnalysis/Release-cxx11/shared/dynawo/ddb/InfiniteBus.so
2020-06-29 16:46:31 | DEBUG | /home/koukimohamed/dynawo/install/gcc6.3.0/ModalAnalysis/Release-cxx11/shared/dynawo/ddb/HVDCStandard.so
2020-06-29 16:46:31 | DEBUG | /home/koukimohamed/dynawo/install/gcc6.3.0/ModalAnalysis/Release-cxx11/shared/dynawo/ddb/PhaseShifterP.so
2020-06-29 16:46:31 | DEBUG | /home/koukimohamed/dynawo/install/gcc6.3.0/ModalAnalysis/Release-cxx11/shared/dynawo/ddb/NodeFault.so
2020-06-29 16:46:31 | DEBUG | /home/koukimohamed/dynawo/install/gcc6.3.0/ModalAnalysis/Release-cxx11/shared/dynawo/ddb/InjectorBG.so
2020-06-29 16:46:31 | DEBUG | /home/koukimohamed/dynawo/install/gcc6.3.0/ModalAnalysis/Release-cxx11/shared/dynawo/ddb/UnderVoltageAutomaton.so
2020-06-29 16:46:31 | DEBUG | /home/koukimohamed/dynawo/install/gcc6.3.0/ModalAnalysis/Release-cxx11/shared/dynawo/ddb/LoadOneTransformerTapChanger.so
2020-06-29 16:46:31 | DEBUG | /home/koukimohamed/dynawo/install/gcc6.3.0/ModalAnalysis/Release-cxx11/shared/dynawo/ddb/LoadPQ.so
2020-06-29 16:46:31 | DEBUG | /home/koukimohamed/dynawo/install/gcc6.3.0/ModalAnalysis/Release-cxx11/shared/dynawo/ddb/GeneratorPV.so
2020-06-29 16:46:31 | DEBUG | /home/koukimohamed/dynawo/install/gcc6.3.0/ModalAnalysis/Release-cxx11/shared/dynawo/ddb/SetPoint.so
2020-06-29 16:46:31 | DEBUG | /home/koukimohamed/dynawo/install/gcc6.3.0/ModalAnalysis/Release-cxx11/shared/dynawo/ddb/CurrentLimitAutomaton.so
2020-06-29 16:46:31 | DEBUG |
2020-06-29 16:46:31 | DEBUG | compilation files (and packages)
2020-06-29 16:46:31 | DEBUG | /home/koukimohamed/dynawo/install/gcc6.3.0/ModalAnalysis/Release-cxx11/shared/dynawo/ddb/Dynawo/package.mo
2020-06-29 16:46:31 | DEBUG |
2020-06-29 16:46:31 | DEBUG | External variable files
2020-06-29 16:46:31 | DEBUG | /home/koukimohamed/dynawo/install/gcc6.3.0/ModalAnalysis/Release-cxx11/shared/dynawo/ddb/CurrentLimitAutomaton.extvar
2020-06-29 16:46:31 | DEBUG | /home/koukimohamed/dynawo/install/gcc6.3.0/ModalAnalysis/Release-cxx11/shared/dynawo/ddb/Dynawo/Electrical/Buses/Bus.extvar
2020-06-29 16:46:31 | DEBUG | /home/koukimohamed/dynawo/install/gcc6.3.0/ModalAnalysis/Release-cxx11/shared/dynawo/ddb/Dynawo/Electrical/Buses/InfiniteBus.extvar
2020-06-29 16:46:31 | DEBUG | /home/koukimohamed/dynawo/install/gcc6.3.0/ModalAnalysis/Release-cxx11/shared/dynawo/ddb/Dynawo/Electrical/Controls/Converters/BaseControls/CurrentLoop.extvar
2020-06-29 16:46:31 | DEBUG | /home/koukimohamed/dynawo/install/gcc6.3.0/ModalAnalysis/Release-cxx11/shared/dynawo/ddb/Dynawo/Electrical/Controls/Converters/BaseControls/DCVoltageControl.extvar
2020-06-29 16:46:31 | DEBUG | /home/koukimohamed/dynawo/install/gcc6.3.0/ModalAnalysis/Release-cxx11/shared/dynawo/ddb/Dynawo/Electrical/Controls/Converters/BaseControls/DispatchableVirtualOscillatorControl.extvar
2020-06-29 16:46:31 | DEBUG | /home/koukimohamed/dynawo/install/gcc6.3.0/ModalAnalysis/Release-cxx11/shared/dynawo/ddb/Dynawo/Electrical/Controls/Converters/BaseControls/DroopControl.extvar
2020-06-29 16:46:31 | DEBUG | /home/koukimohamed/dynawo/install/gcc6.3.0/ModalAnalysis/Release-cxx11/shared/dynawo/ddb/Dynawo/Electrical/Controls/Converters/BaseControls/MatchingControl.extvar
2020-06-29 16:46:31 | DEBUG | /home/koukimohamed/dynawo/install/gcc6.3.0/ModalAnalysis/Release-cxx11/shared/dynawo/ddb/Dynawo/Electrical/Controls/Converters/BaseControls/VirtualImpedance.extvar
2020-06-29 16:46:31 | DEBUG | /home/koukimohamed/dynawo/install/gcc6.3.0/ModalAnalysis/Release-cxx11/shared/dynawo/ddb/Dynawo/Electrical/Controls/Converters/BaseControls/VoltageLoop.extvar
2020-06-29 16:46:31 | DEBUG | /home/koukimohamed/dynawo/install/gcc6.3.0/ModalAnalysis/Release-cxx11/shared/dynawo/ddb/Dynawo/Electrical/Controls/Converters/GridFormingControlDispatchableVirtualOscillatorControl.extvar
2020-06-29 16:46:31 | DEBUG | /home/koukimohamed/dynawo/install/gcc6.3.0/ModalAnalysis/Release-cxx11/shared/dynawo/ddb/Dynawo/Electrical/Controls/Converters/GridFormingControlDroopControl.extvar
2020-06-29 16:46:31 | DEBUG | /home/koukimohamed/dynawo/install/gcc6.3.0/ModalAnalysis/Release-cxx11/shared/dynawo/ddb/Dynawo/Electrical/Controls/Converters/GridFormingControlMatchingControl.extvar
2020-06-29 16:46:31 | DEBUG | /home/koukimohamed/dynawo/install/gcc6.3.0/ModalAnalysis/Release-cxx11/shared/dynawo/ddb/Dynawo/Electrical/Controls/Current/CurrentLimitAutomaton.extvar
2020-06-29 16:46:31 | DEBUG | /home/koukimohamed/dynawo/install/gcc6.3.0/ModalAnalysis/Release-cxx11/shared/dynawo/ddb/Dynawo/Electrical/Controls/Generic/GenericAutomaton.extvar
2020-06-29 16:46:31 | DEBUG | /home/koukimohamed/dynawo/install/gcc6.3.0/ModalAnalysis/Release-cxx11/shared/dynawo/ddb/Dynawo/Electrical/Controls/Machines/Governors/GoverProportional.extvar
2020-06-29 16:46:31 | DEBUG | /home/koukimohamed/dynawo/install/gcc6.3.0/ModalAnalysis/Release-cxx11/shared/dynawo/ddb/Dynawo/Electrical/Controls/Machines/Protections/UVA.extvar
2020-06-29 16:46:31 | DEBUG | /home/koukimohamed/dynawo/install/gcc6.3.0/ModalAnalysis/Release-cxx11/shared/dynawo/ddb/Dynawo/Electrical/Controls/Machines/VoltageRegulators/VRProportional.extvar
2020-06-29 16:46:31 | DEBUG | /home/koukimohamed/dynawo/install/gcc6.3.0/ModalAnalysis/Release-cxx11/shared/dynawo/ddb/Dynawo/Electrical/Controls/Machines/VoltageRegulators/VRProportionalIntegral.extvar
2020-06-29 16:46:31 | DEBUG | /home/koukimohamed/dynawo/install/gcc6.3.0/ModalAnalysis/Release-cxx11/shared/dynawo/ddb/Dynawo/Electrical/Controls/Machines/VoltageRegulators/VRProportionalReactiveFeedback.extvar
2020-06-29 16:46:31 | DEBUG | /home/koukimohamed/dynawo/install/gcc6.3.0/ModalAnalysis/Release-cxx11/shared/dynawo/ddb/Dynawo/Electrical/Controls/PLL/PLL.extvar
2020-06-29 16:46:31 | DEBUG | /home/koukimohamed/dynawo/install/gcc6.3.0/ModalAnalysis/Release-cxx11/shared/dynawo/ddb/Dynawo/Electrical/Controls/Transformers/PhaseShifterI.extvar
2020-06-29 16:46:31 | DEBUG | /home/koukimohamed/dynawo/install/gcc6.3.0/ModalAnalysis/Release-cxx11/shared/dynawo/ddb/Dynawo/Electrical/Controls/Transformers/PhaseShifterP.extvar
2020-06-29 16:46:31 | DEBUG | /home/koukimohamed/dynawo/install/gcc6.3.0/ModalAnalysis/Release-cxx11/shared/dynawo/ddb/Dynawo/Electrical/Controls/Transformers/TapChanger.extvar
2020-06-29 16:46:31 | DEBUG | /home/koukimohamed/dynawo/install/gcc6.3.0/ModalAnalysis/Release-cxx11/shared/dynawo/ddb/Dynawo/Electrical/Controls/Voltage/TCL.extvar
2020-06-29 16:46:31 | DEBUG | /home/koukimohamed/dynawo/install/gcc6.3.0/ModalAnalysis/Release-cxx11/shared/dynawo/ddb/Dynawo/Electrical/Events/NodeFault.extvar
2020-06-29 16:46:31 | DEBUG | /home/koukimohamed/dynawo/install/gcc6.3.0/ModalAnalysis/Release-cxx11/shared/dynawo/ddb/Dynawo/Electrical/HVDC/Standard/HVDCStandard.extvar
2020-06-29 16:46:31 | DEBUG | /home/koukimohamed/dynawo/install/gcc6.3.0/ModalAnalysis/Release-cxx11/shared/dynawo/ddb/Dynawo/Electrical/Lines/Line.extvar
2020-06-29 16:46:31 | DEBUG | /home/koukimohamed/dynawo/install/gcc6.3.0/ModalAnalysis/Release-cxx11/shared/dynawo/ddb/Dynawo/Electrical/Loads/LoadAlphaBeta.extvar
2020-06-29 16:46:31 | DEBUG | /home/koukimohamed/dynawo/install/gcc6.3.0/ModalAnalysis/Release-cxx11/shared/dynawo/ddb/Dynawo/Electrical/Loads/LoadPQ.extvar
2020-06-29 16:46:31 | DEBUG | /home/koukimohamed/dynawo/install/gcc6.3.0/ModalAnalysis/Release-cxx11/shared/dynawo/ddb/Dynawo/Electrical/Loads/SwitchOffLoad.extvar
2020-06-29 16:46:31 | DEBUG | /home/koukimohamed/dynawo/install/gcc6.3.0/ModalAnalysis/Release-cxx11/shared/dynawo/ddb/Dynawo/Electrical/Machines/GeneratorFictitious.extvar
2020-06-29 16:46:31 | DEBUG | /home/koukimohamed/dynawo/install/gcc6.3.0/ModalAnalysis/Release-cxx11/shared/dynawo/ddb/Dynawo/Electrical/Machines/GeneratorPQ.extvar
2020-06-29 16:46:31 | DEBUG | /home/koukimohamed/dynawo/install/gcc6.3.0/ModalAnalysis/Release-cxx11/shared/dynawo/ddb/Dynawo/Electrical/Machines/GeneratorPV.extvar
2020-06-29 16:46:31 | DEBUG | /home/koukimohamed/dynawo/install/gcc6.3.0/ModalAnalysis/Release-cxx11/shared/dynawo/ddb/Dynawo/Electrical/Machines/GeneratorSynchronous.extvar
2020-06-29 16:46:31 | DEBUG | /home/koukimohamed/dynawo/install/gcc6.3.0/ModalAnalysis/Release-cxx11/shared/dynawo/ddb/Dynawo/Electrical/Machines/SwitchOffGenerator.extvar
2020-06-29 16:46:31 | DEBUG | /home/koukimohamed/dynawo/install/gcc6.3.0/ModalAnalysis/Release-cxx11/shared/dynawo/ddb/Dynawo/Electrical/Sources/Converter.extvar
2020-06-29 16:46:31 | DEBUG | /home/koukimohamed/dynawo/install/gcc6.3.0/ModalAnalysis/Release-cxx11/shared/dynawo/ddb/Dynawo/Electrical/Sources/InjectorBG.extvar
2020-06-29 16:46:31 | DEBUG | /home/koukimohamed/dynawo/install/gcc6.3.0/ModalAnalysis/Release-cxx11/shared/dynawo/ddb/Dynawo/Electrical/Sources/InjectorIDQ.extvar
2020-06-29 16:46:31 | DEBUG | /home/koukimohamed/dynawo/install/gcc6.3.0/ModalAnalysis/Release-cxx11/shared/dynawo/ddb/Dynawo/Electrical/StaticVarCompensators/SVarCStandard.extvar
2020-06-29 16:46:31 | DEBUG | /home/koukimohamed/dynawo/install/gcc6.3.0/ModalAnalysis/Release-cxx11/shared/dynawo/ddb/Dynawo/Electrical/Switches/IdealSwitch.extvar
2020-06-29 16:46:31 | DEBUG | /home/koukimohamed/dynawo/install/gcc6.3.0/ModalAnalysis/Release-cxx11/shared/dynawo/ddb/Dynawo/Electrical/Transformers/GeneratorTransformer.extvar
2020-06-29 16:46:31 | DEBUG | /home/koukimohamed/dynawo/install/gcc6.3.0/ModalAnalysis/Release-cxx11/shared/dynawo/ddb/Dynawo/Electrical/Transformers/IdealTransformerVariableTap.extvar
2020-06-29 16:46:31 | DEBUG | /home/koukimohamed/dynawo/install/gcc6.3.0/ModalAnalysis/Release-cxx11/shared/dynawo/ddb/Dynawo/Electrical/Transformers/TransformerFixedRatio.extvar
2020-06-29 16:46:31 | DEBUG | /home/koukimohamed/dynawo/install/gcc6.3.0/ModalAnalysis/Release-cxx11/shared/dynawo/ddb/Dynawo/Electrical/Transformers/TransformerVariableTap.extvar
2020-06-29 16:46:31 | DEBUG | /home/koukimohamed/dynawo/install/gcc6.3.0/ModalAnalysis/Release-cxx11/shared/dynawo/ddb/GeneratorFictitious.extvar
2020-06-29 16:46:31 | DEBUG | /home/koukimohamed/dynawo/install/gcc6.3.0/ModalAnalysis/Release-cxx11/shared/dynawo/ddb/GeneratorPQ.extvar
2020-06-29 16:46:31 | DEBUG | /home/koukimohamed/dynawo/install/gcc6.3.0/ModalAnalysis/Release-cxx11/shared/dynawo/ddb/GeneratorPV.extvar
2020-06-29 16:46:31 | DEBUG | /home/koukimohamed/dynawo/install/gcc6.3.0/ModalAnalysis/Release-cxx11/shared/dynawo/ddb/GeneratorSynchronousFourWindings.extvar
2020-06-29 16:46:31 | DEBUG | /home/koukimohamed/dynawo/install/gcc6.3.0/ModalAnalysis/Release-cxx11/shared/dynawo/ddb/GeneratorSynchronousFourWindingsGoverPropVRPropInt.extvar
2020-06-29 16:46:31 | DEBUG | /home/koukimohamed/dynawo/install/gcc6.3.0/ModalAnalysis/Release-cxx11/shared/dynawo/ddb/GeneratorSynchronousFourWindingsProportionalRegulations.extvar
2020-06-29 16:46:31 | DEBUG | /home/koukimohamed/dynawo/install/gcc6.3.0/ModalAnalysis/Release-cxx11/shared/dynawo/ddb/GeneratorSynchronousThreeWindings.extvar
2020-06-29 16:46:31 | DEBUG | /home/koukimohamed/dynawo/install/gcc6.3.0/ModalAnalysis/Release-cxx11/shared/dynawo/ddb/GeneratorSynchronousThreeWindingsGoverPropVRPropInt.extvar
2020-06-29 16:46:31 | DEBUG | /home/koukimohamed/dynawo/install/gcc6.3.0/ModalAnalysis/Release-cxx11/shared/dynawo/ddb/GeneratorSynchronousThreeWindingsProportionalRegulations.extvar
2020-06-29 16:46:31 | DEBUG | /home/koukimohamed/dynawo/install/gcc6.3.0/ModalAnalysis/Release-cxx11/shared/dynawo/ddb/GenericAutomaton.extvar
2020-06-29 16:46:31 | DEBUG | /home/koukimohamed/dynawo/install/gcc6.3.0/ModalAnalysis/Release-cxx11/shared/dynawo/ddb/GridFormingConverterDispatchableVirtualOscillatorControl.extvar
2020-06-29 16:46:31 | DEBUG | /home/koukimohamed/dynawo/install/gcc6.3.0/ModalAnalysis/Release-cxx11/shared/dynawo/ddb/GridFormingConverterDroopControl.extvar
2020-06-29 16:46:31 | DEBUG | /home/koukimohamed/dynawo/install/gcc6.3.0/ModalAnalysis/Release-cxx11/shared/dynawo/ddb/GridFormingConverterMatchingControl.extvar
2020-06-29 16:46:31 | DEBUG | /home/koukimohamed/dynawo/install/gcc6.3.0/ModalAnalysis/Release-cxx11/shared/dynawo/ddb/HVDCStandard.extvar
2020-06-29 16:46:31 | DEBUG | /home/koukimohamed/dynawo/install/gcc6.3.0/ModalAnalysis/Release-cxx11/shared/dynawo/ddb/InfiniteBus.extvar
2020-06-29 16:46:31 | DEBUG | /home/koukimohamed/dynawo/install/gcc6.3.0/ModalAnalysis/Release-cxx11/shared/dynawo/ddb/InjectorBG.extvar
2020-06-29 16:46:31 | DEBUG | /home/koukimohamed/dynawo/install/gcc6.3.0/ModalAnalysis/Release-cxx11/shared/dynawo/ddb/Line.extvar
2020-06-29 16:46:31 | DEBUG | /home/koukimohamed/dynawo/install/gcc6.3.0/ModalAnalysis/Release-cxx11/shared/dynawo/ddb/LoadAlphaBeta.extvar
2020-06-29 16:46:31 | DEBUG | /home/koukimohamed/dynawo/install/gcc6.3.0/ModalAnalysis/Release-cxx11/shared/dynawo/ddb/LoadOneTransformer.extvar
2020-06-29 16:46:31 | DEBUG | /home/koukimohamed/dynawo/install/gcc6.3.0/ModalAnalysis/Release-cxx11/shared/dynawo/ddb/LoadOneTransformerTapChanger.extvar
2020-06-29 16:46:31 | DEBUG | /home/koukimohamed/dynawo/install/gcc6.3.0/ModalAnalysis/Release-cxx11/shared/dynawo/ddb/LoadPQ.extvar
2020-06-29 16:46:31 | DEBUG | /home/koukimohamed/dynawo/install/gcc6.3.0/ModalAnalysis/Release-cxx11/shared/dynawo/ddb/LoadTwoTransformers.extvar
2020-06-29 16:46:31 | DEBUG | /home/koukimohamed/dynawo/install/gcc6.3.0/ModalAnalysis/Release-cxx11/shared/dynawo/ddb/LoadTwoTransformersTapChangers.extvar
2020-06-29 16:46:31 | DEBUG | /home/koukimohamed/dynawo/install/gcc6.3.0/ModalAnalysis/Release-cxx11/shared/dynawo/ddb/NodeFault.extvar
2020-06-29 16:46:31 | DEBUG | /home/koukimohamed/dynawo/install/gcc6.3.0/ModalAnalysis/Release-cxx11/shared/dynawo/ddb/PhaseShifterI.extvar
2020-06-29 16:46:31 | DEBUG | /home/koukimohamed/dynawo/install/gcc6.3.0/ModalAnalysis/Release-cxx11/shared/dynawo/ddb/PhaseShifterP.extvar
2020-06-29 16:46:31 | DEBUG | /home/koukimohamed/dynawo/install/gcc6.3.0/ModalAnalysis/Release-cxx11/shared/dynawo/ddb/StaticVarCompensator.extvar
2020-06-29 16:46:31 | DEBUG | /home/koukimohamed/dynawo/install/gcc6.3.0/ModalAnalysis/Release-cxx11/shared/dynawo/ddb/TapChangerAutomaton.extvar
2020-06-29 16:46:31 | DEBUG | /home/koukimohamed/dynawo/install/gcc6.3.0/ModalAnalysis/Release-cxx11/shared/dynawo/ddb/TapChangerBlockingArea.extvar
2020-06-29 16:46:31 | DEBUG | /home/koukimohamed/dynawo/install/gcc6.3.0/ModalAnalysis/Release-cxx11/shared/dynawo/ddb/TransformerFixedRatio.extvar
2020-06-29 16:46:31 | DEBUG | /home/koukimohamed/dynawo/install/gcc6.3.0/ModalAnalysis/Release-cxx11/shared/dynawo/ddb/UnderVoltageAutomaton.extvar
2020-06-29 16:46:31 | DEBUG |
2020-06-29 16:46:31 | INFO | ====================================================================================================
2020-06-29 16:46:31 | INFO | |                                                                                                  |
2020-06-29 16:46:31 | INFO | |                                           compiling HVDC                                         |
2020-06-29 16:46:31 | INFO | |                                                                                                  |
2020-06-29 16:46:31 | INFO | ====================================================================================================
2020-06-29 16:46:31 | INFO | setlib: HVDCStandard :
2020-06-29 16:46:31 | INFO | blackBox Model: HVDC. Compilation succeed.
2020-06-29 16:46:31 | INFO | compiled model ID: HVDC
2020-06-29 16:46:31 | INFO | ====================================================================================================
2020-06-29 16:46:31 | INFO | |                                                                                                  |
2020-06-29 16:46:31 | INFO | |                                         compiling InfBus1                                        |
2020-06-29 16:46:31 | INFO | |                                                                                                  |
2020-06-29 16:46:31 | INFO | ====================================================================================================
2020-06-29 16:46:31 | INFO | setlib: InfiniteBus :
2020-06-29 16:46:31 | INFO | blackBox Model: InfBus1. Compilation succeed.
2020-06-29 16:46:31 | INFO | compiled model ID: InfBus1
2020-06-29 16:46:31 | INFO | ====================================================================================================
2020-06-29 16:46:31 | INFO | |                                                                                                  |
2020-06-29 16:46:31 | INFO | |                                         compiling InfBus2                                        |
2020-06-29 16:46:31 | INFO | |                                                                                                  |
2020-06-29 16:46:31 | INFO | ====================================================================================================
2020-06-29 16:46:31 | INFO | setlib: InfiniteBus :
2020-06-29 16:46:31 | INFO | blackBox Model: InfBus2. Compilation succeed.
2020-06-29 16:46:31 | INFO | compiled model ID: InfBus2
2020-06-29 16:46:31 | INFO | ====================================================================================================
2020-06-29 16:46:31 | INFO | |                                                                                                  |
2020-06-29 16:46:31 | INFO | |                                          compiling Line1                                         |
2020-06-29 16:46:31 | INFO | |                                                                                                  |
2020-06-29 16:46:31 | INFO | ====================================================================================================
2020-06-29 16:46:31 | INFO | setlib: Line :
2020-06-29 16:46:31 | INFO | blackBox Model: Line1. Compilation succeed.
2020-06-29 16:46:31 | INFO | compiled model ID: Line1
2020-06-29 16:46:31 | INFO | ====================================================================================================
2020-06-29 16:46:31 | INFO | |                                                                                                  |
2020-06-29 16:46:31 | INFO | |                                          compiling Line2                                         |
2020-06-29 16:46:31 | INFO | |                                                                                                  |
2020-06-29 16:46:31 | INFO | ====================================================================================================
2020-06-29 16:46:31 | INFO | setlib: Line :
2020-06-29 16:46:31 | INFO | blackBox Model: Line2. Compilation succeed.
2020-06-29 16:46:31 | INFO | compiled model ID: Line2
2020-06-29 16:46:31 | INFO | COMPILATION ACCOMPLISHED.
