2020-06-29 16:46:31 | INFO |  ============================================================
2020-06-29 16:46:31 | INFO | DYNAWO VERSION  :     1.1.0
2020-06-29 16:46:31 | INFO | DYNAWO REVISION :  ModalAnalysis-3a330ea9
2020-06-29 16:46:31 | INFO |  ============================================================
2020-06-29 16:46:31 | INFO |
2020-06-29 16:46:31 | INFO | -----------------------------------------------------------------------
2020-06-29 16:46:31 | INFO | building model from input files
2020-06-29 16:46:31 | INFO | -----------------------------------------------------------------------
2020-06-29 16:46:31 | INFO | model was built successfully
2020-06-29 16:46:31 | INFO | -----------------------------------------------------------------------
2020-06-29 16:46:31 | INFO |
2020-06-29 16:46:31 | INFO | -----------------------------------------------------------------------
2020-06-29 16:46:31 | INFO | starting local initialization
2020-06-29 16:46:31 | INFO | -----------------------------------------------------------------------
2020-06-29 16:46:31 | DEBUG | ------------------------------
2020-06-29 16:46:31 | DEBUG | starting local initialization of model HVDC
2020-06-29 16:46:31 | DEBUG | local initialization of model HVDC ended successfully
2020-06-29 16:46:31 | INFO | end of local initialization
2020-06-29 16:46:31 | INFO | -----------------------------------------------------------------------
2020-06-29 16:46:31 | INFO |
2020-06-29 16:46:31 | INFO | -----------------------------------------------------------------------
2020-06-29 16:46:31 | INFO | starting global initialization
2020-06-29 16:46:31 | INFO | -----------------------------------------------------------------------
2020-06-29 16:46:31 | DEBUG | initialization of IDA solver : ok
2020-06-29 16:46:31 | INFO | Algebraic mode change for model HVDC
2020-06-29 16:46:31 | DEBUG | call of SolverReInit ie a new symbolic and numerical factorization will be performed
2020-06-29 16:46:31 | DEBUG | call of SolverReInit ie a new symbolic and numerical factorization will be performed
2020-06-29 16:46:31 | DEBUG | call of SolverReInit ie a new symbolic and numerical factorization will be performed
2020-06-29 16:46:31 | DEBUG | call of SolverReInit ie a new symbolic and numerical factorization will be performed
2020-06-29 16:46:31 | INFO | end of global initialization
2020-06-29 16:46:31 | INFO | -----------------------------------------------------------------------
2020-06-29 16:46:31 | INFO |
2020-06-29 16:46:31 | INFO | -----------------------------------------------------------------------
2020-06-29 16:46:31 | INFO | starting curve initialization
2020-06-29 16:46:31 | INFO | -----------------------------------------------------------------------
2020-06-29 16:46:31 | DEBUG | adding curve : Id: HVDC; curve: hvdc_PPu_Side_PPu found. (exact name)
2020-06-29 16:46:31 | DEBUG | adding curve : Id: HVDC; curve: hvdc_PPu_Side_QPu found. (exact name)
2020-06-29 16:46:31 | DEBUG | adding curve : Id: HVDC; curve: hvdc_dCLine_U1dcPu found. (exact name)
2020-06-29 16:46:31 | DEBUG | adding curve : Id: HVDC; curve: hvdc_Conv1_UPu found. (exact name)
2020-06-29 16:46:31 | DEBUG | adding curve : Id: HVDC; curve: hvdc_Conv1_UPhase found. (exact name)
2020-06-29 16:46:31 | DEBUG | adding curve : Id: HVDC; curve: hvdc_UdcPu_Side_PPu found. (exact name)
2020-06-29 16:46:31 | DEBUG | adding curve : Id: HVDC; curve: hvdc_UdcPu_Side_QPu found. (exact name)
2020-06-29 16:46:31 | DEBUG | adding curve : Id: HVDC; curve: hvdc_dCLine_U2dcPu found. (exact name)
2020-06-29 16:46:31 | DEBUG | adding curve : Id: HVDC; curve: hvdc_Conv2_UPu found. (exact name)
2020-06-29 16:46:31 | DEBUG | adding curve : Id: HVDC; curve: hvdc_Conv2_UPhase found. (exact name)
2020-06-29 16:46:31 | INFO | end of curve initialization, added 10 curves
2020-06-29 16:46:31 | INFO | -----------------------------------------------------------------------
2020-06-29 16:46:31 | INFO |
2020-06-29 16:46:31 | INFO | -----------------------------------------------------------------------
2020-06-29 16:46:31 | INFO | starting simulation with solver IDASolver
2020-06-29 16:46:31 | INFO | -----------------------------------------------------------------------
2020-06-29 16:46:31 | INFO | -----------------------------------------------------------------------
2020-06-29 16:46:31 | INFO | number of continuous variables : 144
2020-06-29 16:46:31 | INFO | number of discrete variables : 46
2020-06-29 16:46:31 | INFO | -----------------------------------------------------------------------
2020-06-29 16:46:31 | INFO |         time | iter num   order (k)      time step (h)
2020-06-29 16:46:31 | INFO | -----------------------------------------------------------------------
2020-06-29 16:46:31 | INFO |        0.000 |        0           0              0.010
2020-06-29 16:46:31 | DEBUG | call of SolverReInit ie a new symbolic and numerical factorization will be performed
2020-06-29 16:46:31 | INFO |        0.001 |        1           1              0.001
2020-06-29 16:46:31 | INFO |        0.002 |        2           1              0.001
2020-06-29 16:46:31 | DEBUG | call of SolverReInit ie a new symbolic and numerical factorization will be performed
2020-06-29 16:46:31 | INFO |        0.004 |        3           2              0.002
2020-06-29 16:46:31 | DEBUG | call of SolverReInit ie a new symbolic and numerical factorization will be performed
2020-06-29 16:46:31 | INFO |        0.008 |        4           1              0.004
2020-06-29 16:46:31 | DEBUG | call of SolverReInit ie a new symbolic and numerical factorization will be performed
2020-06-29 16:46:31 | INFO |        0.016 |        5           1              0.008
2020-06-29 16:46:31 | DEBUG | call of SolverReInit ie a new symbolic and numerical factorization will be performed
2020-06-29 16:46:31 | INFO |        0.032 |        6           1              0.016
2020-06-29 16:46:31 | DEBUG | call of SolverReInit ie a new symbolic and numerical factorization will be performed
2020-06-29 16:46:31 | INFO |        0.064 |        7           1              0.032
2020-06-29 16:46:31 | DEBUG | call of SolverReInit ie a new symbolic and numerical factorization will be performed
2020-06-29 16:46:31 | INFO |        0.128 |        8           1              0.064
2020-06-29 16:46:31 | DEBUG | call of SolverReInit ie a new symbolic and numerical factorization will be performed
2020-06-29 16:46:31 | INFO |        0.256 |        9           1              0.128
2020-06-29 16:46:31 | DEBUG | call of SolverReInit ie a new symbolic and numerical factorization will be performed
2020-06-29 16:46:31 | INFO |        0.512 |       10           1              0.256
2020-06-29 16:46:31 | INFO |        0.768 |       11           1              0.256
2020-06-29 16:46:31 | DEBUG | call of SolverReInit ie a new symbolic and numerical factorization will be performed
2020-06-29 16:46:31 | INFO |        1.280 |       12           1              0.512
2020-06-29 16:46:31 | DEBUG | call of SolverReInit ie a new symbolic and numerical factorization will be performed
2020-06-29 16:46:31 | INFO |        2.304 |       13           1              1.024
2020-06-29 16:46:31 | DEBUG | call of SolverReInit ie a new symbolic and numerical factorization will be performed
2020-06-29 16:46:31 | INFO |        4.352 |       14           1              2.048
2020-06-29 16:46:31 | DEBUG | call of SolverReInit ie a new symbolic and numerical factorization will be performed
2020-06-29 16:46:31 | INFO |        8.448 |       15           1              4.096
2020-06-29 16:46:31 | DEBUG | call of SolverReInit ie a new symbolic and numerical factorization will be performed
2020-06-29 16:46:31 | INFO |       10.000 |       16           1              1.552
2020-06-29 16:46:32 | INFO |
2020-06-29 16:46:32 | INFO | execution statistics :
2020-06-29 16:46:32 | INFO |
2020-06-29 16:46:32 | INFO | number of time iterations                  = 16
2020-06-29 16:46:32 | INFO | number of residual evaluations             = 54
2020-06-29 16:46:32 | INFO | number of Jacobian evaluations             = 17
2020-06-29 16:46:32 | INFO | number of nonlinear iterations             = 52
2020-06-29 16:46:32 | INFO | number of error test failures              = 0
2020-06-29 16:46:32 | INFO | number of nonlinear convergence failures   = 0
2020-06-29 16:46:32 | INFO | number of root functions evaluations       = 20
2020-06-29 16:46:32 | INFO | number of discrete variables evaluations   = 3
2020-06-29 16:46:32 | INFO | number of mode evaluations                 = 2
2020-06-29 16:46:32 | INFO | end of job 'testHVDC'
