2020-06-29 16:46:31 | INFO |  ============================================================
2020-06-29 16:46:31 | INFO | DYNAWO VERSION  :     1.1.0
2020-06-29 16:46:31 | INFO | DYNAWO REVISION :  ModalAnalysis-3a330ea9
2020-06-29 16:46:31 | INFO |  ============================================================
2020-06-29 16:46:31 | DEBUG | ------------------------------
2020-06-29 16:46:31 | DEBUG | X variables init
2020-06-29 16:46:31 | DEBUG | ------------------------------
2020-06-29 16:46:31 | DEBUG | 0 HVDC_hvdc_i10Pu_im
2020-06-29 16:46:31 | DEBUG | 1 HVDC_hvdc_i10Pu_re
2020-06-29 16:46:31 | DEBUG | 2 HVDC_hvdc_i20Pu_im
2020-06-29 16:46:31 | DEBUG | 3 HVDC_hvdc_i20Pu_re
2020-06-29 16:46:31 | DEBUG | ------------------------------
2020-06-29 16:46:31 | DEBUG | Z variables init
2020-06-29 16:46:31 | DEBUG | ------------------------------
2020-06-29 16:46:31 | DEBUG | ------------------------------
2020-06-29 16:46:31 | DEBUG | X variables
2020-06-29 16:46:31 | DEBUG | ------------------------------
2020-06-29 16:46:31 | DEBUG | 0 HVDC_hvdc_PPu_Side_aCVoltageControl_firstOrder_y
2020-06-29 16:46:31 | DEBUG | 1 HVDC_hvdc_PPu_Side_aCVoltageControl_qRefQU_PI_integrator_y
2020-06-29 16:46:31 | DEBUG | 2 HVDC_hvdc_PPu_Side_aCVoltageControl_qRefQU_slewRateLimiter_y
2020-06-29 16:46:31 | DEBUG | 3 HVDC_hvdc_PPu_Side_aCVoltageControl_qRefQU_slewRateLimiter1_y
2020-06-29 16:46:31 | DEBUG | 4 HVDC_hvdc_PPu_Side_activePowerControl_deltaP_PI_integrator_y
2020-06-29 16:46:31 | DEBUG | 5 HVDC_hvdc_PPu_Side_activePowerControl_pIAntiWindupVariableLimits_integrator_y
2020-06-29 16:46:31 | DEBUG | 6 HVDC_hvdc_PPu_Side_activePowerControl_slewRateLimiter_y
2020-06-29 16:46:31 | DEBUG | 7 HVDC_hvdc_UdcPu_Side_aCVoltageControl_firstOrder_y
2020-06-29 16:46:31 | DEBUG | 8 HVDC_hvdc_UdcPu_Side_aCVoltageControl_qRefQU_PI_integrator_y
2020-06-29 16:46:31 | DEBUG | 9 HVDC_hvdc_UdcPu_Side_aCVoltageControl_qRefQU_slewRateLimiter_y
2020-06-29 16:46:31 | DEBUG | 10 HVDC_hvdc_UdcPu_Side_aCVoltageControl_qRefQU_slewRateLimiter1_y
2020-06-29 16:46:31 | DEBUG | 11 HVDC_hvdc_UdcPu_Side_dCVoltageControl_PI_integrator_y
2020-06-29 16:46:31 | DEBUG | 12 HVDC_hvdc_dCLine_U1dcPu
2020-06-29 16:46:31 | DEBUG | 13 HVDC_hvdc_dCLine_U2dcPu
2020-06-29 16:46:31 | DEBUG | 14 HVDC_hvdc_terminal1_V_im
2020-06-29 16:46:31 | DEBUG | 15 HVDC_hvdc_terminal1_V_re
2020-06-29 16:46:31 | DEBUG | 16 HVDC_hvdc_terminal2_V_im
2020-06-29 16:46:31 | DEBUG | 17 HVDC_hvdc_terminal2_V_re
2020-06-29 16:46:31 | DEBUG | 18 HVDC_hvdc_Blocking_U1Pu
2020-06-29 16:46:31 | DEBUG | 19 HVDC_hvdc_Blocking_U2Pu
2020-06-29 16:46:31 | DEBUG | 20 HVDC_hvdc_Conv1_PInjPu
2020-06-29 16:46:31 | DEBUG | 21 HVDC_hvdc_Conv1_QInjPu
2020-06-29 16:46:31 | DEBUG | 22 HVDC_hvdc_Conv1_UPhase
2020-06-29 16:46:31 | DEBUG | 23 HVDC_hvdc_Conv1_idPu
2020-06-29 16:46:31 | DEBUG | 24 HVDC_hvdc_Conv1_iqPu
2020-06-29 16:46:31 | DEBUG | 25 HVDC_hvdc_Conv2_PInjPu
2020-06-29 16:46:31 | DEBUG | 26 HVDC_hvdc_Conv2_QInjPu
2020-06-29 16:46:31 | DEBUG | 27 HVDC_hvdc_Conv2_UPhase
2020-06-29 16:46:31 | DEBUG | 28 HVDC_hvdc_Conv2_idPu
2020-06-29 16:46:31 | DEBUG | 29 HVDC_hvdc_Conv2_iqPu
2020-06-29 16:46:31 | DEBUG | 30 HVDC_hvdc_PPu_Side_aCVoltageControl_IqMinPu
2020-06-29 16:46:31 | DEBUG | 31 HVDC_hvdc_PPu_Side_aCVoltageControl_add_y
2020-06-29 16:46:31 | DEBUG | 32 HVDC_hvdc_PPu_Side_aCVoltageControl_division_u1
2020-06-29 16:46:31 | DEBUG | 33 HVDC_hvdc_PPu_Side_aCVoltageControl_division_u2
2020-06-29 16:46:31 | DEBUG | 34 HVDC_hvdc_PPu_Side_aCVoltageControl_division_y
2020-06-29 16:46:31 | DEBUG | 35 HVDC_hvdc_PPu_Side_aCVoltageControl_gain_u
2020-06-29 16:46:31 | DEBUG | 36 HVDC_hvdc_PPu_Side_aCVoltageControl_qRefLim_QMaxPPu_y_1_
2020-06-29 16:46:31 | DEBUG | 37 HVDC_hvdc_PPu_Side_aCVoltageControl_qRefLim_QMaxUPu_y_1_
2020-06-29 16:46:31 | DEBUG | 38 HVDC_hvdc_PPu_Side_aCVoltageControl_qRefLim_QMinPPu_y_1_
2020-06-29 16:46:31 | DEBUG | 39 HVDC_hvdc_PPu_Side_aCVoltageControl_qRefLim_QMinUPu_y_1_
2020-06-29 16:46:31 | DEBUG | 40 HVDC_hvdc_PPu_Side_aCVoltageControl_qRefLim_QRefUQPu
2020-06-29 16:46:31 | DEBUG | 41 HVDC_hvdc_PPu_Side_aCVoltageControl_qRefLim_limiter_y
2020-06-29 16:46:31 | DEBUG | 42 HVDC_hvdc_PPu_Side_aCVoltageControl_qRefLim_variableLimiter_y
2020-06-29 16:46:31 | DEBUG | 43 HVDC_hvdc_PPu_Side_aCVoltageControl_qRefQU_PI_add_u1
2020-06-29 16:46:31 | DEBUG | 44 HVDC_hvdc_PPu_Side_aCVoltageControl_qRefQU_PI_add_y
2020-06-29 16:46:31 | DEBUG | 45 HVDC_hvdc_PPu_Side_aCVoltageControl_qRefQU_PI_add1_u2
2020-06-29 16:46:31 | DEBUG | 46 HVDC_hvdc_PPu_Side_aCVoltageControl_qRefQU_PI_add1_y
2020-06-29 16:46:31 | DEBUG | 47 HVDC_hvdc_PPu_Side_aCVoltageControl_qRefQU_PI_u
2020-06-29 16:46:31 | DEBUG | 48 HVDC_hvdc_PPu_Side_aCVoltageControl_qRefQU_QRefUPu
2020-06-29 16:46:31 | DEBUG | 49 HVDC_hvdc_PPu_Side_aCVoltageControl_qRefQU_deadZone_u
2020-06-29 16:46:31 | DEBUG | 50 HVDC_hvdc_PPu_Side_aCVoltageControl_qRefQU_deadZone_y
2020-06-29 16:46:31 | DEBUG | 51 HVDC_hvdc_PPu_Side_aCVoltageControl_qRefQU_feedback1_u2
2020-06-29 16:46:31 | DEBUG | 52 HVDC_hvdc_PPu_Side_aCVoltageControl_qRefQU_slewRateLimiter_u
2020-06-29 16:46:31 | DEBUG | 53 HVDC_hvdc_PPu_Side_aCVoltageControl_qRefQU_slewRateLimiter_val
2020-06-29 16:46:31 | DEBUG | 54 HVDC_hvdc_PPu_Side_aCVoltageControl_qRefQU_slewRateLimiter1_u
2020-06-29 16:46:31 | DEBUG | 55 HVDC_hvdc_PPu_Side_aCVoltageControl_qRefQU_slewRateLimiter1_val
2020-06-29 16:46:31 | DEBUG | 56 HVDC_hvdc_PPu_Side_aCVoltageControl_switch1_u3
2020-06-29 16:46:31 | DEBUG | 57 HVDC_hvdc_PPu_Side_activePowerControl_IpMinPu
2020-06-29 16:46:31 | DEBUG | 58 HVDC_hvdc_PPu_Side_activePowerControl_RPFault_rpfault
2020-06-29 16:46:31 | DEBUG | 59 HVDC_hvdc_PPu_Side_activePowerControl_add1_u1
2020-06-29 16:46:31 | DEBUG | 60 HVDC_hvdc_PPu_Side_activePowerControl_add1_u2
2020-06-29 16:46:31 | DEBUG | 61 HVDC_hvdc_PPu_Side_activePowerControl_add1_y
2020-06-29 16:46:31 | DEBUG | 62 HVDC_hvdc_PPu_Side_activePowerControl_deltaP_DeltaPRawPu
2020-06-29 16:46:31 | DEBUG | 63 HVDC_hvdc_PPu_Side_activePowerControl_deltaP_PI_add_u1
2020-06-29 16:46:31 | DEBUG | 64 HVDC_hvdc_PPu_Side_activePowerControl_deltaP_PI_add_y
2020-06-29 16:46:31 | DEBUG | 65 HVDC_hvdc_PPu_Side_activePowerControl_deltaP_PI_add1_u2
2020-06-29 16:46:31 | DEBUG | 66 HVDC_hvdc_PPu_Side_activePowerControl_deltaP_PI_add1_y
2020-06-29 16:46:31 | DEBUG | 67 HVDC_hvdc_PPu_Side_activePowerControl_deltaP_PI_u
2020-06-29 16:46:31 | DEBUG | 68 HVDC_hvdc_PPu_Side_activePowerControl_deltaP_PI_y
2020-06-29 16:46:31 | DEBUG | 69 HVDC_hvdc_PPu_Side_activePowerControl_deltaP_feedback_u1
2020-06-29 16:46:31 | DEBUG | 70 HVDC_hvdc_PPu_Side_activePowerControl_feedback_u1
2020-06-29 16:46:31 | DEBUG | 71 HVDC_hvdc_PPu_Side_activePowerControl_limiter_u
2020-06-29 16:46:31 | DEBUG | 72 HVDC_hvdc_PPu_Side_activePowerControl_pIAntiWindupVariableLimits_add_u1
2020-06-29 16:46:31 | DEBUG | 73 HVDC_hvdc_PPu_Side_activePowerControl_pIAntiWindupVariableLimits_add_y
2020-06-29 16:46:31 | DEBUG | 74 HVDC_hvdc_PPu_Side_activePowerControl_pIAntiWindupVariableLimits_add1_u2
2020-06-29 16:46:31 | DEBUG | 75 HVDC_hvdc_PPu_Side_activePowerControl_pIAntiWindupVariableLimits_add1_y
2020-06-29 16:46:31 | DEBUG | 76 HVDC_hvdc_PPu_Side_activePowerControl_pIAntiWindupVariableLimits_y
2020-06-29 16:46:31 | DEBUG | 77 HVDC_hvdc_PPu_Side_activePowerControl_slewRateLimiter_u
2020-06-29 16:46:31 | DEBUG | 78 HVDC_hvdc_PPu_Side_activePowerControl_slewRateLimiter_val
2020-06-29 16:46:31 | DEBUG | 79 HVDC_hvdc_PPu_Side_iqMod1Pu
2020-06-29 16:46:31 | DEBUG | 80 HVDC_hvdc_PPu_Side_iqModPu
2020-06-29 16:46:31 | DEBUG | 81 HVDC_hvdc_UdcPu_Side_aCVoltageControl_IqMinPu
2020-06-29 16:46:31 | DEBUG | 82 HVDC_hvdc_UdcPu_Side_aCVoltageControl_add_y
2020-06-29 16:46:31 | DEBUG | 83 HVDC_hvdc_UdcPu_Side_aCVoltageControl_division_u1
2020-06-29 16:46:31 | DEBUG | 84 HVDC_hvdc_UdcPu_Side_aCVoltageControl_division_u2
2020-06-29 16:46:31 | DEBUG | 85 HVDC_hvdc_UdcPu_Side_aCVoltageControl_division_y
2020-06-29 16:46:31 | DEBUG | 86 HVDC_hvdc_UdcPu_Side_aCVoltageControl_gain_u
2020-06-29 16:46:31 | DEBUG | 87 HVDC_hvdc_UdcPu_Side_aCVoltageControl_qRefLim_QMaxPPu_y_1_
2020-06-29 16:46:31 | DEBUG | 88 HVDC_hvdc_UdcPu_Side_aCVoltageControl_qRefLim_QMaxUPu_y_1_
2020-06-29 16:46:31 | DEBUG | 89 HVDC_hvdc_UdcPu_Side_aCVoltageControl_qRefLim_QMinPPu_y_1_
2020-06-29 16:46:31 | DEBUG | 90 HVDC_hvdc_UdcPu_Side_aCVoltageControl_qRefLim_QMinUPu_y_1_
2020-06-29 16:46:31 | DEBUG | 91 HVDC_hvdc_UdcPu_Side_aCVoltageControl_qRefLim_QRefUQPu
2020-06-29 16:46:31 | DEBUG | 92 HVDC_hvdc_UdcPu_Side_aCVoltageControl_qRefLim_limiter_y
2020-06-29 16:46:31 | DEBUG | 93 HVDC_hvdc_UdcPu_Side_aCVoltageControl_qRefLim_variableLimiter_y
2020-06-29 16:46:31 | DEBUG | 94 HVDC_hvdc_UdcPu_Side_aCVoltageControl_qRefQU_PI_add_u1
2020-06-29 16:46:31 | DEBUG | 95 HVDC_hvdc_UdcPu_Side_aCVoltageControl_qRefQU_PI_add_y
2020-06-29 16:46:31 | DEBUG | 96 HVDC_hvdc_UdcPu_Side_aCVoltageControl_qRefQU_PI_add1_u2
2020-06-29 16:46:31 | DEBUG | 97 HVDC_hvdc_UdcPu_Side_aCVoltageControl_qRefQU_PI_add1_y
2020-06-29 16:46:31 | DEBUG | 98 HVDC_hvdc_UdcPu_Side_aCVoltageControl_qRefQU_PI_u
2020-06-29 16:46:31 | DEBUG | 99 HVDC_hvdc_UdcPu_Side_aCVoltageControl_qRefQU_QRefUPu
2020-06-29 16:46:31 | DEBUG | 100 HVDC_hvdc_UdcPu_Side_aCVoltageControl_qRefQU_deadZone_u
2020-06-29 16:46:31 | DEBUG | 101 HVDC_hvdc_UdcPu_Side_aCVoltageControl_qRefQU_deadZone_y
2020-06-29 16:46:31 | DEBUG | 102 HVDC_hvdc_UdcPu_Side_aCVoltageControl_qRefQU_feedback1_u2
2020-06-29 16:46:31 | DEBUG | 103 HVDC_hvdc_UdcPu_Side_aCVoltageControl_qRefQU_slewRateLimiter_u
2020-06-29 16:46:31 | DEBUG | 104 HVDC_hvdc_UdcPu_Side_aCVoltageControl_qRefQU_slewRateLimiter_val
2020-06-29 16:46:31 | DEBUG | 105 HVDC_hvdc_UdcPu_Side_aCVoltageControl_qRefQU_slewRateLimiter1_u
2020-06-29 16:46:31 | DEBUG | 106 HVDC_hvdc_UdcPu_Side_aCVoltageControl_qRefQU_slewRateLimiter1_val
2020-06-29 16:46:31 | DEBUG | 107 HVDC_hvdc_UdcPu_Side_aCVoltageControl_switch1_u3
2020-06-29 16:46:31 | DEBUG | 108 HVDC_hvdc_UdcPu_Side_dCVoltageControl_PI_add_u1
2020-06-29 16:46:31 | DEBUG | 109 HVDC_hvdc_UdcPu_Side_dCVoltageControl_PI_add_y
2020-06-29 16:46:31 | DEBUG | 110 HVDC_hvdc_UdcPu_Side_dCVoltageControl_PI_add1_u2
2020-06-29 16:46:31 | DEBUG | 111 HVDC_hvdc_UdcPu_Side_dCVoltageControl_PI_add1_y
2020-06-29 16:46:31 | DEBUG | 112 HVDC_hvdc_UdcPu_Side_dCVoltageControl_PI_u
2020-06-29 16:46:31 | DEBUG | 113 HVDC_hvdc_UdcPu_Side_dCVoltageControl_PI_y
2020-06-29 16:46:31 | DEBUG | 114 HVDC_hvdc_dCLine_I1dcPu
2020-06-29 16:46:31 | DEBUG | 115 HVDC_hvdc_dCLine_I2dcPu
2020-06-29 16:46:31 | DEBUG | 116 HVDC_hvdc_terminal1_i_im
2020-06-29 16:46:31 | DEBUG | 117 HVDC_hvdc_terminal1_i_re
2020-06-29 16:46:31 | DEBUG | 118 HVDC_hvdc_terminal2_i_im
2020-06-29 16:46:31 | DEBUG | 119 HVDC_hvdc_terminal2_i_re
2020-06-29 16:46:31 | DEBUG | 120 InfBus1_infiniteBus_terminal_i_im
2020-06-29 16:46:31 | DEBUG | 121 InfBus1_infiniteBus_terminal_i_re
2020-06-29 16:46:31 | DEBUG | 122 InfBus2_infiniteBus_terminal_i_im
2020-06-29 16:46:31 | DEBUG | 123 InfBus2_infiniteBus_terminal_i_re
2020-06-29 16:46:31 | DEBUG | 124 Line1_line_terminal1_V_im
2020-06-29 16:46:31 | DEBUG | 125 Line1_line_terminal1_V_re
2020-06-29 16:46:31 | DEBUG | 126 Line1_line_terminal2_V_im
2020-06-29 16:46:31 | DEBUG | 127 Line1_line_terminal2_V_re
2020-06-29 16:46:31 | DEBUG | 128 Line1_line_terminal1_i_im
2020-06-29 16:46:31 | DEBUG | 129 Line1_line_terminal1_i_re
2020-06-29 16:46:31 | DEBUG | 130 Line1_line_terminal2_i_im
2020-06-29 16:46:31 | DEBUG | 131 Line1_line_terminal2_i_re
2020-06-29 16:46:31 | DEBUG | 132 Line2_line_terminal1_V_im
2020-06-29 16:46:31 | DEBUG | 133 Line2_line_terminal1_V_re
2020-06-29 16:46:31 | DEBUG | 134 Line2_line_terminal2_V_im
2020-06-29 16:46:31 | DEBUG | 135 Line2_line_terminal2_V_re
2020-06-29 16:46:31 | DEBUG | 136 Line2_line_terminal1_i_im
2020-06-29 16:46:31 | DEBUG | 137 Line2_line_terminal1_i_re
2020-06-29 16:46:31 | DEBUG | 138 Line2_line_terminal2_i_im
2020-06-29 16:46:31 | DEBUG | 139 Line2_line_terminal2_i_re
2020-06-29 16:46:31 | DEBUG | 140 InfBus1_infiniteBus_terminal_V_im_connector_InfBus1_infiniteBus_terminal_V_im
2020-06-29 16:46:31 | DEBUG | 141 InfBus1_infiniteBus_terminal_V_re_connector_InfBus1_infiniteBus_terminal_V_re
2020-06-29 16:46:31 | DEBUG | 142 InfBus2_infiniteBus_terminal_V_im_connector_InfBus2_infiniteBus_terminal_V_im
2020-06-29 16:46:31 | DEBUG | 143 InfBus2_infiniteBus_terminal_V_re_connector_InfBus2_infiniteBus_terminal_V_re
2020-06-29 16:46:31 | DEBUG | HVDC_hvdc_Blocking_blockingFunction1_UPu is an alias of HVDC_hvdc_Blocking_U1Pu
2020-06-29 16:46:31 | DEBUG | HVDC_hvdc_Blocking_blockingFunction2_UPu is an alias of HVDC_hvdc_Blocking_U2Pu
2020-06-29 16:46:31 | DEBUG | HVDC_hvdc_Conv1_UPu is an alias of HVDC_hvdc_Blocking_U1Pu
2020-06-29 16:46:31 | DEBUG | HVDC_hvdc_Conv1_terminal_V_im is an alias of HVDC_hvdc_terminal1_V_im
2020-06-29 16:46:31 | DEBUG | HVDC_hvdc_Conv1_terminal_V_re is an alias of HVDC_hvdc_terminal1_V_re
2020-06-29 16:46:31 | DEBUG | HVDC_hvdc_Conv1_terminal_i_im is an alias of HVDC_hvdc_terminal1_i_im
2020-06-29 16:46:31 | DEBUG | HVDC_hvdc_Conv1_terminal_i_re is an alias of HVDC_hvdc_terminal1_i_re
2020-06-29 16:46:31 | DEBUG | HVDC_hvdc_Conv1_uPu_im is an alias of HVDC_hvdc_terminal1_V_im
2020-06-29 16:46:31 | DEBUG | HVDC_hvdc_Conv1_uPu_re is an alias of HVDC_hvdc_terminal1_V_re
2020-06-29 16:46:31 | DEBUG | HVDC_hvdc_Conv2_UPu is an alias of HVDC_hvdc_Blocking_U2Pu
2020-06-29 16:46:31 | DEBUG | HVDC_hvdc_Conv2_terminal_V_im is an alias of HVDC_hvdc_terminal2_V_im
2020-06-29 16:46:31 | DEBUG | HVDC_hvdc_Conv2_terminal_V_re is an alias of HVDC_hvdc_terminal2_V_re
2020-06-29 16:46:31 | DEBUG | HVDC_hvdc_Conv2_terminal_i_im is an alias of HVDC_hvdc_terminal2_i_im
2020-06-29 16:46:31 | DEBUG | HVDC_hvdc_Conv2_terminal_i_re is an alias of HVDC_hvdc_terminal2_i_re
2020-06-29 16:46:31 | DEBUG | HVDC_hvdc_Conv2_uPu_im is an alias of HVDC_hvdc_terminal2_V_im
2020-06-29 16:46:31 | DEBUG | HVDC_hvdc_Conv2_uPu_re is an alias of HVDC_hvdc_terminal2_V_re
2020-06-29 16:46:31 | DEBUG | HVDC_hvdc_PPu_Side_POutPu is an alias of HVDC_hvdc_Conv1_PInjPu
2020-06-29 16:46:31 | DEBUG | HVDC_hvdc_PPu_Side_PPu is an alias of HVDC_hvdc_Conv1_PInjPu
2020-06-29 16:46:31 | DEBUG | HVDC_hvdc_PPu_Side_QPu is an alias of HVDC_hvdc_Conv1_QInjPu
2020-06-29 16:46:31 | DEBUG | HVDC_hvdc_PPu_Side_UPu is an alias of HVDC_hvdc_Blocking_U1Pu
2020-06-29 16:46:31 | DEBUG | HVDC_hvdc_PPu_Side_UdcPu is an alias of HVDC_hvdc_dCLine_U1dcPu
2020-06-29 16:46:31 | DEBUG | HVDC_hvdc_PPu_Side_aCVoltageControl_IqMaxPu is an alias of HVDC_hvdc_PPu_Side_aCVoltageControl_IqMinPu
2020-06-29 16:46:31 | DEBUG | HVDC_hvdc_PPu_Side_aCVoltageControl_PPu is an alias of HVDC_hvdc_Conv1_PInjPu
2020-06-29 16:46:31 | DEBUG | HVDC_hvdc_PPu_Side_aCVoltageControl_QPu is an alias of HVDC_hvdc_Conv1_QInjPu
2020-06-29 16:46:31 | DEBUG | HVDC_hvdc_PPu_Side_aCVoltageControl_UPu is an alias of HVDC_hvdc_Blocking_U1Pu
2020-06-29 16:46:31 | DEBUG | HVDC_hvdc_PPu_Side_aCVoltageControl_add_u1 is an alias of HVDC_hvdc_PPu_Side_iqModPu
2020-06-29 16:46:31 | DEBUG | HVDC_hvdc_PPu_Side_aCVoltageControl_add_u2 is an alias of HVDC_hvdc_PPu_Side_aCVoltageControl_firstOrder_y
2020-06-29 16:46:31 | DEBUG | HVDC_hvdc_PPu_Side_aCVoltageControl_firstOrder_u is an alias of HVDC_hvdc_PPu_Side_aCVoltageControl_division_y
2020-06-29 16:46:31 | DEBUG | HVDC_hvdc_PPu_Side_aCVoltageControl_gain_y is an alias of HVDC_hvdc_Conv1_iqPu
2020-06-29 16:46:31 | DEBUG | HVDC_hvdc_PPu_Side_aCVoltageControl_iqMod_u_1_ is an alias of HVDC_hvdc_Blocking_U1Pu
2020-06-29 16:46:31 | DEBUG | HVDC_hvdc_PPu_Side_aCVoltageControl_iqMod_y_1_ is an alias of HVDC_hvdc_PPu_Side_iqModPu
2020-06-29 16:46:31 | DEBUG | HVDC_hvdc_PPu_Side_aCVoltageControl_iqModPu is an alias of HVDC_hvdc_PPu_Side_iqModPu
2020-06-29 16:46:31 | DEBUG | HVDC_hvdc_PPu_Side_aCVoltageControl_iqRefPu is an alias of HVDC_hvdc_Conv1_iqPu
2020-06-29 16:46:31 | DEBUG | HVDC_hvdc_PPu_Side_aCVoltageControl_max_u1 is an alias of HVDC_hvdc_Blocking_U1Pu
2020-06-29 16:46:31 | DEBUG | HVDC_hvdc_PPu_Side_aCVoltageControl_max_y is an alias of HVDC_hvdc_PPu_Side_aCVoltageControl_division_u2
2020-06-29 16:46:31 | DEBUG | HVDC_hvdc_PPu_Side_aCVoltageControl_qRefLim_PPu is an alias of HVDC_hvdc_Conv1_PInjPu
2020-06-29 16:46:31 | DEBUG | HVDC_hvdc_PPu_Side_aCVoltageControl_qRefLim_QMaxPPu_u_1_ is an alias of HVDC_hvdc_Conv1_PInjPu
2020-06-29 16:46:31 | DEBUG | HVDC_hvdc_PPu_Side_aCVoltageControl_qRefLim_QMaxUPu_u_1_ is an alias of HVDC_hvdc_Blocking_U1Pu
2020-06-29 16:46:31 | DEBUG | HVDC_hvdc_PPu_Side_aCVoltageControl_qRefLim_QMinPPu_u_1_ is an alias of HVDC_hvdc_Conv1_PInjPu
2020-06-29 16:46:31 | DEBUG | HVDC_hvdc_PPu_Side_aCVoltageControl_qRefLim_QMinUPu_u_1_ is an alias of HVDC_hvdc_Blocking_U1Pu
2020-06-29 16:46:31 | DEBUG | HVDC_hvdc_PPu_Side_aCVoltageControl_qRefLim_QRefLimPu is an alias of HVDC_hvdc_PPu_Side_aCVoltageControl_division_u1
2020-06-29 16:46:31 | DEBUG | HVDC_hvdc_PPu_Side_aCVoltageControl_qRefLim_UPu is an alias of HVDC_hvdc_Blocking_U1Pu
2020-06-29 16:46:31 | DEBUG | HVDC_hvdc_PPu_Side_aCVoltageControl_qRefLim_limiter_simplifiedExpr is an alias of HVDC_hvdc_PPu_Side_aCVoltageControl_qRefLim_QRefUQPu
2020-06-29 16:46:31 | DEBUG | HVDC_hvdc_PPu_Side_aCVoltageControl_qRefLim_limiter_u is an alias of HVDC_hvdc_PPu_Side_aCVoltageControl_qRefLim_QRefUQPu
2020-06-29 16:46:31 | DEBUG | HVDC_hvdc_PPu_Side_aCVoltageControl_qRefLim_variableLimiter_limit1 is an alias of HVDC_hvdc_PPu_Side_aCVoltageControl_qRefLim_QMaxPPu_y_1_
2020-06-29 16:46:31 | DEBUG | HVDC_hvdc_PPu_Side_aCVoltageControl_qRefLim_variableLimiter_limit2 is an alias of HVDC_hvdc_PPu_Side_aCVoltageControl_qRefLim_QMinPPu_y_1_
2020-06-29 16:46:31 | DEBUG | HVDC_hvdc_PPu_Side_aCVoltageControl_qRefLim_variableLimiter_simplifiedExpr is an alias of HVDC_hvdc_PPu_Side_aCVoltageControl_qRefLim_limiter_y
2020-06-29 16:46:31 | DEBUG | HVDC_hvdc_PPu_Side_aCVoltageControl_qRefLim_variableLimiter_u is an alias of HVDC_hvdc_PPu_Side_aCVoltageControl_qRefLim_limiter_y
2020-06-29 16:46:31 | DEBUG | HVDC_hvdc_PPu_Side_aCVoltageControl_qRefLim_variableLimiter1_limit1 is an alias of HVDC_hvdc_PPu_Side_aCVoltageControl_qRefLim_QMaxUPu_y_1_
2020-06-29 16:46:31 | DEBUG | HVDC_hvdc_PPu_Side_aCVoltageControl_qRefLim_variableLimiter1_limit2 is an alias of HVDC_hvdc_PPu_Side_aCVoltageControl_qRefLim_QMinUPu_y_1_
2020-06-29 16:46:31 | DEBUG | HVDC_hvdc_PPu_Side_aCVoltageControl_qRefLim_variableLimiter1_simplifiedExpr is an alias of HVDC_hvdc_PPu_Side_aCVoltageControl_qRefLim_variableLimiter_y
2020-06-29 16:46:31 | DEBUG | HVDC_hvdc_PPu_Side_aCVoltageControl_qRefLim_variableLimiter1_u is an alias of HVDC_hvdc_PPu_Side_aCVoltageControl_qRefLim_variableLimiter_y
2020-06-29 16:46:31 | DEBUG | HVDC_hvdc_PPu_Side_aCVoltageControl_qRefLim_variableLimiter1_y is an alias of HVDC_hvdc_PPu_Side_aCVoltageControl_division_u1
2020-06-29 16:46:31 | DEBUG | HVDC_hvdc_PPu_Side_aCVoltageControl_qRefQU_PI_add_u2 is an alias of HVDC_hvdc_PPu_Side_aCVoltageControl_qRefQU_PI_integrator_y
2020-06-29 16:46:31 | DEBUG | HVDC_hvdc_PPu_Side_aCVoltageControl_qRefQU_PI_add1_u1 is an alias of HVDC_hvdc_PPu_Side_aCVoltageControl_qRefQU_PI_u
2020-06-29 16:46:31 | DEBUG | HVDC_hvdc_PPu_Side_aCVoltageControl_qRefQU_PI_feedback_u1 is an alias of HVDC_hvdc_PPu_Side_aCVoltageControl_qRefQU_QRefUPu
2020-06-29 16:46:31 | DEBUG | HVDC_hvdc_PPu_Side_aCVoltageControl_qRefQU_PI_feedback_u2 is an alias of HVDC_hvdc_PPu_Side_aCVoltageControl_qRefQU_PI_add_y
2020-06-29 16:46:31 | DEBUG | HVDC_hvdc_PPu_Side_aCVoltageControl_qRefQU_PI_feedback_y is an alias of HVDC_hvdc_PPu_Side_aCVoltageControl_qRefQU_PI_add1_u2
2020-06-29 16:46:31 | DEBUG | HVDC_hvdc_PPu_Side_aCVoltageControl_qRefQU_PI_gain1_u is an alias of HVDC_hvdc_PPu_Side_aCVoltageControl_qRefQU_PI_u
2020-06-29 16:46:31 | DEBUG | HVDC_hvdc_PPu_Side_aCVoltageControl_qRefQU_PI_gain1_y is an alias of HVDC_hvdc_PPu_Side_aCVoltageControl_qRefQU_PI_add_u1
2020-06-29 16:46:31 | DEBUG | HVDC_hvdc_PPu_Side_aCVoltageControl_qRefQU_PI_integrator_u is an alias of HVDC_hvdc_PPu_Side_aCVoltageControl_qRefQU_PI_add1_y
2020-06-29 16:46:31 | DEBUG | HVDC_hvdc_PPu_Side_aCVoltageControl_qRefQU_PI_limiter1_simplifiedExpr is an alias of HVDC_hvdc_PPu_Side_aCVoltageControl_qRefQU_PI_add_y
2020-06-29 16:46:31 | DEBUG | HVDC_hvdc_PPu_Side_aCVoltageControl_qRefQU_PI_limiter1_u is an alias of HVDC_hvdc_PPu_Side_aCVoltageControl_qRefQU_PI_add_y
2020-06-29 16:46:31 | DEBUG | HVDC_hvdc_PPu_Side_aCVoltageControl_qRefQU_PI_limiter1_y is an alias of HVDC_hvdc_PPu_Side_aCVoltageControl_qRefQU_QRefUPu
2020-06-29 16:46:31 | DEBUG | HVDC_hvdc_PPu_Side_aCVoltageControl_qRefQU_PI_y is an alias of HVDC_hvdc_PPu_Side_aCVoltageControl_qRefQU_QRefUPu
2020-06-29 16:46:31 | DEBUG | HVDC_hvdc_PPu_Side_aCVoltageControl_qRefQU_QPu is an alias of HVDC_hvdc_Conv1_QInjPu
2020-06-29 16:46:31 | DEBUG | HVDC_hvdc_PPu_Side_aCVoltageControl_qRefQU_QRefQPu is an alias of HVDC_hvdc_PPu_Side_aCVoltageControl_qRefQU_slewRateLimiter1_y
2020-06-29 16:46:31 | DEBUG | HVDC_hvdc_PPu_Side_aCVoltageControl_qRefQU_UPu is an alias of HVDC_hvdc_Blocking_U1Pu
2020-06-29 16:46:31 | DEBUG | HVDC_hvdc_PPu_Side_aCVoltageControl_qRefQU_feedback_u1 is an alias of HVDC_hvdc_PPu_Side_aCVoltageControl_qRefQU_slewRateLimiter_y
2020-06-29 16:46:31 | DEBUG | HVDC_hvdc_PPu_Side_aCVoltageControl_qRefQU_feedback_u2 is an alias of HVDC_hvdc_Blocking_U1Pu
2020-06-29 16:46:31 | DEBUG | HVDC_hvdc_PPu_Side_aCVoltageControl_qRefQU_feedback_y is an alias of HVDC_hvdc_PPu_Side_aCVoltageControl_qRefQU_deadZone_u
2020-06-29 16:46:31 | DEBUG | HVDC_hvdc_PPu_Side_aCVoltageControl_qRefQU_feedback1_u1 is an alias of HVDC_hvdc_PPu_Side_aCVoltageControl_qRefQU_deadZone_y
2020-06-29 16:46:31 | DEBUG | HVDC_hvdc_PPu_Side_aCVoltageControl_qRefQU_feedback1_y is an alias of HVDC_hvdc_PPu_Side_aCVoltageControl_qRefQU_PI_u
2020-06-29 16:46:31 | DEBUG | HVDC_hvdc_PPu_Side_aCVoltageControl_qRefQU_gain_u is an alias of HVDC_hvdc_Conv1_QInjPu
2020-06-29 16:46:31 | DEBUG | HVDC_hvdc_PPu_Side_aCVoltageControl_qRefQU_gain_y is an alias of HVDC_hvdc_PPu_Side_aCVoltageControl_qRefQU_feedback1_u2
2020-06-29 16:46:31 | DEBUG | HVDC_hvdc_PPu_Side_aCVoltageControl_switch_u1 is an alias of HVDC_hvdc_PPu_Side_aCVoltageControl_qRefQU_QRefUPu
2020-06-29 16:46:31 | DEBUG | HVDC_hvdc_PPu_Side_aCVoltageControl_switch_u3 is an alias of HVDC_hvdc_PPu_Side_aCVoltageControl_qRefQU_slewRateLimiter1_y
2020-06-29 16:46:31 | DEBUG | HVDC_hvdc_PPu_Side_aCVoltageControl_switch_y is an alias of HVDC_hvdc_PPu_Side_aCVoltageControl_qRefLim_QRefUQPu
2020-06-29 16:46:31 | DEBUG | HVDC_hvdc_PPu_Side_aCVoltageControl_switch1_y is an alias of HVDC_hvdc_PPu_Side_aCVoltageControl_gain_u
2020-06-29 16:46:31 | DEBUG | HVDC_hvdc_PPu_Side_aCVoltageControl_variableLimiter_limit1 is an alias of HVDC_hvdc_PPu_Side_aCVoltageControl_IqMinPu
2020-06-29 16:46:31 | DEBUG | HVDC_hvdc_PPu_Side_aCVoltageControl_variableLimiter_limit2 is an alias of HVDC_hvdc_PPu_Side_aCVoltageControl_IqMinPu
2020-06-29 16:46:31 | DEBUG | HVDC_hvdc_PPu_Side_aCVoltageControl_variableLimiter_simplifiedExpr is an alias of HVDC_hvdc_PPu_Side_aCVoltageControl_add_y
2020-06-29 16:46:31 | DEBUG | HVDC_hvdc_PPu_Side_aCVoltageControl_variableLimiter_u is an alias of HVDC_hvdc_PPu_Side_aCVoltageControl_add_y
2020-06-29 16:46:31 | DEBUG | HVDC_hvdc_PPu_Side_aCVoltageControl_variableLimiter_y is an alias of HVDC_hvdc_PPu_Side_aCVoltageControl_switch1_u3
2020-06-29 16:46:31 | DEBUG | HVDC_hvdc_PPu_Side_activePowerControl_IpMaxPu is an alias of HVDC_hvdc_PPu_Side_activePowerControl_IpMinPu
2020-06-29 16:46:31 | DEBUG | HVDC_hvdc_PPu_Side_activePowerControl_PPu is an alias of HVDC_hvdc_Conv1_PInjPu
2020-06-29 16:46:31 | DEBUG | HVDC_hvdc_PPu_Side_activePowerControl_UdcPu is an alias of HVDC_hvdc_dCLine_U1dcPu
2020-06-29 16:46:31 | DEBUG | HVDC_hvdc_PPu_Side_activePowerControl_deltaP_PI_add_u2 is an alias of HVDC_hvdc_PPu_Side_activePowerControl_deltaP_PI_integrator_y
2020-06-29 16:46:31 | DEBUG | HVDC_hvdc_PPu_Side_activePowerControl_deltaP_PI_add1_u1 is an alias of HVDC_hvdc_PPu_Side_activePowerControl_deltaP_PI_u
2020-06-29 16:46:31 | DEBUG | HVDC_hvdc_PPu_Side_activePowerControl_deltaP_PI_feedback_u1 is an alias of HVDC_hvdc_PPu_Side_activePowerControl_deltaP_PI_y
2020-06-29 16:46:31 | DEBUG | HVDC_hvdc_PPu_Side_activePowerControl_deltaP_PI_feedback_u2 is an alias of HVDC_hvdc_PPu_Side_activePowerControl_deltaP_PI_add_y
2020-06-29 16:46:31 | DEBUG | HVDC_hvdc_PPu_Side_activePowerControl_deltaP_PI_feedback_y is an alias of HVDC_hvdc_PPu_Side_activePowerControl_deltaP_PI_add1_u2
2020-06-29 16:46:31 | DEBUG | HVDC_hvdc_PPu_Side_activePowerControl_deltaP_PI_gain1_u is an alias of HVDC_hvdc_PPu_Side_activePowerControl_deltaP_PI_u
2020-06-29 16:46:31 | DEBUG | HVDC_hvdc_PPu_Side_activePowerControl_deltaP_PI_gain1_y is an alias of HVDC_hvdc_PPu_Side_activePowerControl_deltaP_PI_add_u1
2020-06-29 16:46:31 | DEBUG | HVDC_hvdc_PPu_Side_activePowerControl_deltaP_PI_integrator_u is an alias of HVDC_hvdc_PPu_Side_activePowerControl_deltaP_PI_add1_y
2020-06-29 16:46:31 | DEBUG | HVDC_hvdc_PPu_Side_activePowerControl_deltaP_PI_limiter1_simplifiedExpr is an alias of HVDC_hvdc_PPu_Side_activePowerControl_deltaP_PI_add_y
2020-06-29 16:46:31 | DEBUG | HVDC_hvdc_PPu_Side_activePowerControl_deltaP_PI_limiter1_u is an alias of HVDC_hvdc_PPu_Side_activePowerControl_deltaP_PI_add_y
2020-06-29 16:46:31 | DEBUG | HVDC_hvdc_PPu_Side_activePowerControl_deltaP_PI_limiter1_y is an alias of HVDC_hvdc_PPu_Side_activePowerControl_deltaP_PI_y
2020-06-29 16:46:31 | DEBUG | HVDC_hvdc_PPu_Side_activePowerControl_deltaP_UdcPu is an alias of HVDC_hvdc_dCLine_U1dcPu
2020-06-29 16:46:31 | DEBUG | HVDC_hvdc_PPu_Side_activePowerControl_deltaP_feedback_u2 is an alias of HVDC_hvdc_dCLine_U1dcPu
2020-06-29 16:46:31 | DEBUG | HVDC_hvdc_PPu_Side_activePowerControl_deltaP_feedback_y is an alias of HVDC_hvdc_PPu_Side_activePowerControl_deltaP_PI_u
2020-06-29 16:46:31 | DEBUG | HVDC_hvdc_PPu_Side_activePowerControl_deltaP_gain_u is an alias of HVDC_hvdc_PPu_Side_activePowerControl_deltaP_PI_y
2020-06-29 16:46:31 | DEBUG | HVDC_hvdc_PPu_Side_activePowerControl_deltaP_gain_y is an alias of HVDC_hvdc_PPu_Side_activePowerControl_deltaP_DeltaPRawPu
2020-06-29 16:46:31 | DEBUG | HVDC_hvdc_PPu_Side_activePowerControl_deltaP_limiter_simplifiedExpr is an alias of HVDC_hvdc_dCLine_U1dcPu
2020-06-29 16:46:31 | DEBUG | HVDC_hvdc_PPu_Side_activePowerControl_deltaP_limiter_u is an alias of HVDC_hvdc_dCLine_U1dcPu
2020-06-29 16:46:31 | DEBUG | HVDC_hvdc_PPu_Side_activePowerControl_deltaP_limiter_y is an alias of HVDC_hvdc_PPu_Side_activePowerControl_deltaP_feedback_u1
2020-06-29 16:46:31 | DEBUG | HVDC_hvdc_PPu_Side_activePowerControl_feedback_u2 is an alias of HVDC_hvdc_Conv1_PInjPu
2020-06-29 16:46:31 | DEBUG | HVDC_hvdc_PPu_Side_activePowerControl_feedback_y is an alias of HVDC_hvdc_PPu_Side_activePowerControl_add1_u2
2020-06-29 16:46:31 | DEBUG | HVDC_hvdc_PPu_Side_activePowerControl_ipRefPPu is an alias of HVDC_hvdc_Conv1_idPu
2020-06-29 16:46:31 | DEBUG | HVDC_hvdc_PPu_Side_activePowerControl_limiter_simplifiedExpr is an alias of HVDC_hvdc_PPu_Side_activePowerControl_limiter_u
2020-06-29 16:46:31 | DEBUG | HVDC_hvdc_PPu_Side_activePowerControl_limiter_y is an alias of HVDC_hvdc_PPu_Side_activePowerControl_feedback_u1
2020-06-29 16:46:31 | DEBUG | HVDC_hvdc_PPu_Side_activePowerControl_pIAntiWindupVariableLimits_add_u2 is an alias of HVDC_hvdc_PPu_Side_activePowerControl_pIAntiWindupVariableLimits_integrator_y
2020-06-29 16:46:31 | DEBUG | HVDC_hvdc_PPu_Side_activePowerControl_pIAntiWindupVariableLimits_add1_u1 is an alias of HVDC_hvdc_PPu_Side_activePowerControl_add1_y
2020-06-29 16:46:31 | DEBUG | HVDC_hvdc_PPu_Side_activePowerControl_pIAntiWindupVariableLimits_feedback_u1 is an alias of HVDC_hvdc_PPu_Side_activePowerControl_pIAntiWindupVariableLimits_y
2020-06-29 16:46:31 | DEBUG | HVDC_hvdc_PPu_Side_activePowerControl_pIAntiWindupVariableLimits_feedback_u2 is an alias of HVDC_hvdc_PPu_Side_activePowerControl_pIAntiWindupVariableLimits_add_y
2020-06-29 16:46:31 | DEBUG | HVDC_hvdc_PPu_Side_activePowerControl_pIAntiWindupVariableLimits_feedback_y is an alias of HVDC_hvdc_PPu_Side_activePowerControl_pIAntiWindupVariableLimits_add1_u2
2020-06-29 16:46:31 | DEBUG | HVDC_hvdc_PPu_Side_activePowerControl_pIAntiWindupVariableLimits_gain1_u is an alias of HVDC_hvdc_PPu_Side_activePowerControl_add1_y
2020-06-29 16:46:31 | DEBUG | HVDC_hvdc_PPu_Side_activePowerControl_pIAntiWindupVariableLimits_gain1_y is an alias of HVDC_hvdc_PPu_Side_activePowerControl_pIAntiWindupVariableLimits_add_u1
2020-06-29 16:46:31 | DEBUG | HVDC_hvdc_PPu_Side_activePowerControl_pIAntiWindupVariableLimits_integrator_u is an alias of HVDC_hvdc_PPu_Side_activePowerControl_pIAntiWindupVariableLimits_add1_y
2020-06-29 16:46:31 | DEBUG | HVDC_hvdc_PPu_Side_activePowerControl_pIAntiWindupVariableLimits_limitMax is an alias of HVDC_hvdc_PPu_Side_activePowerControl_IpMinPu
2020-06-29 16:46:31 | DEBUG | HVDC_hvdc_PPu_Side_activePowerControl_pIAntiWindupVariableLimits_limitMin is an alias of HVDC_hvdc_PPu_Side_activePowerControl_IpMinPu
2020-06-29 16:46:31 | DEBUG | HVDC_hvdc_PPu_Side_activePowerControl_pIAntiWindupVariableLimits_u is an alias of HVDC_hvdc_PPu_Side_activePowerControl_add1_y
2020-06-29 16:46:31 | DEBUG | HVDC_hvdc_PPu_Side_activePowerControl_pIAntiWindupVariableLimits_variableLimiter_limit1 is an alias of HVDC_hvdc_PPu_Side_activePowerControl_IpMinPu
2020-06-29 16:46:31 | DEBUG | HVDC_hvdc_PPu_Side_activePowerControl_pIAntiWindupVariableLimits_variableLimiter_limit2 is an alias of HVDC_hvdc_PPu_Side_activePowerControl_IpMinPu
2020-06-29 16:46:31 | DEBUG | HVDC_hvdc_PPu_Side_activePowerControl_pIAntiWindupVariableLimits_variableLimiter_simplifiedExpr is an alias of HVDC_hvdc_PPu_Side_activePowerControl_pIAntiWindupVariableLimits_add_y
2020-06-29 16:46:31 | DEBUG | HVDC_hvdc_PPu_Side_activePowerControl_pIAntiWindupVariableLimits_variableLimiter_u is an alias of HVDC_hvdc_PPu_Side_activePowerControl_pIAntiWindupVariableLimits_add_y
2020-06-29 16:46:31 | DEBUG | HVDC_hvdc_PPu_Side_activePowerControl_pIAntiWindupVariableLimits_variableLimiter_y is an alias of HVDC_hvdc_PPu_Side_activePowerControl_pIAntiWindupVariableLimits_y
2020-06-29 16:46:31 | DEBUG | HVDC_hvdc_PPu_Side_activePowerControl_product_u1 is an alias of HVDC_hvdc_PPu_Side_activePowerControl_slewRateLimiter_y
2020-06-29 16:46:31 | DEBUG | HVDC_hvdc_PPu_Side_activePowerControl_product_u2 is an alias of HVDC_hvdc_PPu_Side_activePowerControl_RPFault_rpfault
2020-06-29 16:46:31 | DEBUG | HVDC_hvdc_PPu_Side_activePowerControl_product_y is an alias of HVDC_hvdc_PPu_Side_activePowerControl_limiter_u
2020-06-29 16:46:31 | DEBUG | HVDC_hvdc_PPu_Side_activePowerControl_switch_u1 is an alias of HVDC_hvdc_PPu_Side_activePowerControl_deltaP_DeltaPRawPu
2020-06-29 16:46:31 | DEBUG | HVDC_hvdc_PPu_Side_activePowerControl_switch_y is an alias of HVDC_hvdc_PPu_Side_activePowerControl_add1_u1
2020-06-29 16:46:31 | DEBUG | HVDC_hvdc_PPu_Side_activePowerControl_switch1_u3 is an alias of HVDC_hvdc_PPu_Side_activePowerControl_pIAntiWindupVariableLimits_y
2020-06-29 16:46:31 | DEBUG | HVDC_hvdc_PPu_Side_activePowerControl_switch1_y is an alias of HVDC_hvdc_Conv1_idPu
2020-06-29 16:46:31 | DEBUG | HVDC_hvdc_PPu_Side_ipRefPPu is an alias of HVDC_hvdc_Conv1_idPu
2020-06-29 16:46:31 | DEBUG | HVDC_hvdc_PPu_Side_iqRef1Pu is an alias of HVDC_hvdc_Conv2_iqPu
2020-06-29 16:46:31 | DEBUG | HVDC_hvdc_PPu_Side_iqRefPu is an alias of HVDC_hvdc_Conv1_iqPu
2020-06-29 16:46:31 | DEBUG | HVDC_hvdc_PPu_Side_limitsCalculationFunction_IpMaxPu is an alias of HVDC_hvdc_PPu_Side_activePowerControl_IpMinPu
2020-06-29 16:46:31 | DEBUG | HVDC_hvdc_PPu_Side_limitsCalculationFunction_IpMinPu is an alias of HVDC_hvdc_PPu_Side_activePowerControl_IpMinPu
2020-06-29 16:46:31 | DEBUG | HVDC_hvdc_PPu_Side_limitsCalculationFunction_IqMaxPu is an alias of HVDC_hvdc_PPu_Side_aCVoltageControl_IqMinPu
2020-06-29 16:46:31 | DEBUG | HVDC_hvdc_PPu_Side_limitsCalculationFunction_IqMinPu is an alias of HVDC_hvdc_PPu_Side_aCVoltageControl_IqMinPu
2020-06-29 16:46:31 | DEBUG | HVDC_hvdc_PPu_Side_limitsCalculationFunction_ipRefPu is an alias of HVDC_hvdc_Conv1_idPu
2020-06-29 16:46:31 | DEBUG | HVDC_hvdc_PPu_Side_limitsCalculationFunction_iqMod1Pu is an alias of HVDC_hvdc_PPu_Side_iqMod1Pu
2020-06-29 16:46:31 | DEBUG | HVDC_hvdc_PPu_Side_limitsCalculationFunction_iqModPu is an alias of HVDC_hvdc_PPu_Side_iqModPu
2020-06-29 16:46:31 | DEBUG | HVDC_hvdc_PPu_Side_limitsCalculationFunction_iqRef1Pu is an alias of HVDC_hvdc_Conv2_iqPu
2020-06-29 16:46:31 | DEBUG | HVDC_hvdc_PPu_Side_limitsCalculationFunction_iqRefPu is an alias of HVDC_hvdc_Conv1_iqPu
2020-06-29 16:46:31 | DEBUG | HVDC_hvdc_UdcPu_Side_POutPu is an alias of HVDC_hvdc_Conv2_PInjPu
2020-06-29 16:46:31 | DEBUG | HVDC_hvdc_UdcPu_Side_PPu is an alias of HVDC_hvdc_Conv2_PInjPu
2020-06-29 16:46:31 | DEBUG | HVDC_hvdc_UdcPu_Side_QPu is an alias of HVDC_hvdc_Conv2_QInjPu
2020-06-29 16:46:31 | DEBUG | HVDC_hvdc_UdcPu_Side_UPu is an alias of HVDC_hvdc_Blocking_U2Pu
2020-06-29 16:46:31 | DEBUG | HVDC_hvdc_UdcPu_Side_UdcPu is an alias of HVDC_hvdc_dCLine_U2dcPu
2020-06-29 16:46:31 | DEBUG | HVDC_hvdc_UdcPu_Side_aCVoltageControl_IqMaxPu is an alias of HVDC_hvdc_UdcPu_Side_aCVoltageControl_IqMinPu
2020-06-29 16:46:31 | DEBUG | HVDC_hvdc_UdcPu_Side_aCVoltageControl_PPu is an alias of HVDC_hvdc_Conv2_PInjPu
2020-06-29 16:46:31 | DEBUG | HVDC_hvdc_UdcPu_Side_aCVoltageControl_QPu is an alias of HVDC_hvdc_Conv2_QInjPu
2020-06-29 16:46:31 | DEBUG | HVDC_hvdc_UdcPu_Side_aCVoltageControl_UPu is an alias of HVDC_hvdc_Blocking_U2Pu
2020-06-29 16:46:31 | DEBUG | HVDC_hvdc_UdcPu_Side_aCVoltageControl_add_u1 is an alias of HVDC_hvdc_PPu_Side_iqMod1Pu
2020-06-29 16:46:31 | DEBUG | HVDC_hvdc_UdcPu_Side_aCVoltageControl_add_u2 is an alias of HVDC_hvdc_UdcPu_Side_aCVoltageControl_firstOrder_y
2020-06-29 16:46:31 | DEBUG | HVDC_hvdc_UdcPu_Side_aCVoltageControl_firstOrder_u is an alias of HVDC_hvdc_UdcPu_Side_aCVoltageControl_division_y
2020-06-29 16:46:31 | DEBUG | HVDC_hvdc_UdcPu_Side_aCVoltageControl_gain_y is an alias of HVDC_hvdc_Conv2_iqPu
2020-06-29 16:46:31 | DEBUG | HVDC_hvdc_UdcPu_Side_aCVoltageControl_iqMod_u_1_ is an alias of HVDC_hvdc_Blocking_U2Pu
2020-06-29 16:46:31 | DEBUG | HVDC_hvdc_UdcPu_Side_aCVoltageControl_iqMod_y_1_ is an alias of HVDC_hvdc_PPu_Side_iqMod1Pu
2020-06-29 16:46:31 | DEBUG | HVDC_hvdc_UdcPu_Side_aCVoltageControl_iqModPu is an alias of HVDC_hvdc_PPu_Side_iqMod1Pu
2020-06-29 16:46:31 | DEBUG | HVDC_hvdc_UdcPu_Side_aCVoltageControl_iqRefPu is an alias of HVDC_hvdc_Conv2_iqPu
2020-06-29 16:46:31 | DEBUG | HVDC_hvdc_UdcPu_Side_aCVoltageControl_max_u1 is an alias of HVDC_hvdc_Blocking_U2Pu
2020-06-29 16:46:31 | DEBUG | HVDC_hvdc_UdcPu_Side_aCVoltageControl_max_y is an alias of HVDC_hvdc_UdcPu_Side_aCVoltageControl_division_u2
2020-06-29 16:46:31 | DEBUG | HVDC_hvdc_UdcPu_Side_aCVoltageControl_qRefLim_PPu is an alias of HVDC_hvdc_Conv2_PInjPu
2020-06-29 16:46:31 | DEBUG | HVDC_hvdc_UdcPu_Side_aCVoltageControl_qRefLim_QMaxPPu_u_1_ is an alias of HVDC_hvdc_Conv2_PInjPu
2020-06-29 16:46:31 | DEBUG | HVDC_hvdc_UdcPu_Side_aCVoltageControl_qRefLim_QMaxUPu_u_1_ is an alias of HVDC_hvdc_Blocking_U2Pu
2020-06-29 16:46:31 | DEBUG | HVDC_hvdc_UdcPu_Side_aCVoltageControl_qRefLim_QMinPPu_u_1_ is an alias of HVDC_hvdc_Conv2_PInjPu
2020-06-29 16:46:31 | DEBUG | HVDC_hvdc_UdcPu_Side_aCVoltageControl_qRefLim_QMinUPu_u_1_ is an alias of HVDC_hvdc_Blocking_U2Pu
2020-06-29 16:46:31 | DEBUG | HVDC_hvdc_UdcPu_Side_aCVoltageControl_qRefLim_QRefLimPu is an alias of HVDC_hvdc_UdcPu_Side_aCVoltageControl_division_u1
2020-06-29 16:46:31 | DEBUG | HVDC_hvdc_UdcPu_Side_aCVoltageControl_qRefLim_UPu is an alias of HVDC_hvdc_Blocking_U2Pu
2020-06-29 16:46:31 | DEBUG | HVDC_hvdc_UdcPu_Side_aCVoltageControl_qRefLim_limiter_simplifiedExpr is an alias of HVDC_hvdc_UdcPu_Side_aCVoltageControl_qRefLim_QRefUQPu
2020-06-29 16:46:31 | DEBUG | HVDC_hvdc_UdcPu_Side_aCVoltageControl_qRefLim_limiter_u is an alias of HVDC_hvdc_UdcPu_Side_aCVoltageControl_qRefLim_QRefUQPu
2020-06-29 16:46:31 | DEBUG | HVDC_hvdc_UdcPu_Side_aCVoltageControl_qRefLim_variableLimiter_limit1 is an alias of HVDC_hvdc_UdcPu_Side_aCVoltageControl_qRefLim_QMaxPPu_y_1_
2020-06-29 16:46:31 | DEBUG | HVDC_hvdc_UdcPu_Side_aCVoltageControl_qRefLim_variableLimiter_limit2 is an alias of HVDC_hvdc_UdcPu_Side_aCVoltageControl_qRefLim_QMinPPu_y_1_
2020-06-29 16:46:31 | DEBUG | HVDC_hvdc_UdcPu_Side_aCVoltageControl_qRefLim_variableLimiter_simplifiedExpr is an alias of HVDC_hvdc_UdcPu_Side_aCVoltageControl_qRefLim_limiter_y
2020-06-29 16:46:31 | DEBUG | HVDC_hvdc_UdcPu_Side_aCVoltageControl_qRefLim_variableLimiter_u is an alias of HVDC_hvdc_UdcPu_Side_aCVoltageControl_qRefLim_limiter_y
2020-06-29 16:46:31 | DEBUG | HVDC_hvdc_UdcPu_Side_aCVoltageControl_qRefLim_variableLimiter1_limit1 is an alias of HVDC_hvdc_UdcPu_Side_aCVoltageControl_qRefLim_QMaxUPu_y_1_
2020-06-29 16:46:31 | DEBUG | HVDC_hvdc_UdcPu_Side_aCVoltageControl_qRefLim_variableLimiter1_limit2 is an alias of HVDC_hvdc_UdcPu_Side_aCVoltageControl_qRefLim_QMinUPu_y_1_
2020-06-29 16:46:31 | DEBUG | HVDC_hvdc_UdcPu_Side_aCVoltageControl_qRefLim_variableLimiter1_simplifiedExpr is an alias of HVDC_hvdc_UdcPu_Side_aCVoltageControl_qRefLim_variableLimiter_y
2020-06-29 16:46:31 | DEBUG | HVDC_hvdc_UdcPu_Side_aCVoltageControl_qRefLim_variableLimiter1_u is an alias of HVDC_hvdc_UdcPu_Side_aCVoltageControl_qRefLim_variableLimiter_y
2020-06-29 16:46:31 | DEBUG | HVDC_hvdc_UdcPu_Side_aCVoltageControl_qRefLim_variableLimiter1_y is an alias of HVDC_hvdc_UdcPu_Side_aCVoltageControl_division_u1
2020-06-29 16:46:31 | DEBUG | HVDC_hvdc_UdcPu_Side_aCVoltageControl_qRefQU_PI_add_u2 is an alias of HVDC_hvdc_UdcPu_Side_aCVoltageControl_qRefQU_PI_integrator_y
2020-06-29 16:46:31 | DEBUG | HVDC_hvdc_UdcPu_Side_aCVoltageControl_qRefQU_PI_add1_u1 is an alias of HVDC_hvdc_UdcPu_Side_aCVoltageControl_qRefQU_PI_u
2020-06-29 16:46:31 | DEBUG | HVDC_hvdc_UdcPu_Side_aCVoltageControl_qRefQU_PI_feedback_u1 is an alias of HVDC_hvdc_UdcPu_Side_aCVoltageControl_qRefQU_QRefUPu
2020-06-29 16:46:31 | DEBUG | HVDC_hvdc_UdcPu_Side_aCVoltageControl_qRefQU_PI_feedback_u2 is an alias of HVDC_hvdc_UdcPu_Side_aCVoltageControl_qRefQU_PI_add_y
2020-06-29 16:46:31 | DEBUG | HVDC_hvdc_UdcPu_Side_aCVoltageControl_qRefQU_PI_feedback_y is an alias of HVDC_hvdc_UdcPu_Side_aCVoltageControl_qRefQU_PI_add1_u2
2020-06-29 16:46:31 | DEBUG | HVDC_hvdc_UdcPu_Side_aCVoltageControl_qRefQU_PI_gain1_u is an alias of HVDC_hvdc_UdcPu_Side_aCVoltageControl_qRefQU_PI_u
2020-06-29 16:46:31 | DEBUG | HVDC_hvdc_UdcPu_Side_aCVoltageControl_qRefQU_PI_gain1_y is an alias of HVDC_hvdc_UdcPu_Side_aCVoltageControl_qRefQU_PI_add_u1
2020-06-29 16:46:31 | DEBUG | HVDC_hvdc_UdcPu_Side_aCVoltageControl_qRefQU_PI_integrator_u is an alias of HVDC_hvdc_UdcPu_Side_aCVoltageControl_qRefQU_PI_add1_y
2020-06-29 16:46:31 | DEBUG | HVDC_hvdc_UdcPu_Side_aCVoltageControl_qRefQU_PI_limiter1_simplifiedExpr is an alias of HVDC_hvdc_UdcPu_Side_aCVoltageControl_qRefQU_PI_add_y
2020-06-29 16:46:31 | DEBUG | HVDC_hvdc_UdcPu_Side_aCVoltageControl_qRefQU_PI_limiter1_u is an alias of HVDC_hvdc_UdcPu_Side_aCVoltageControl_qRefQU_PI_add_y
2020-06-29 16:46:31 | DEBUG | HVDC_hvdc_UdcPu_Side_aCVoltageControl_qRefQU_PI_limiter1_y is an alias of HVDC_hvdc_UdcPu_Side_aCVoltageControl_qRefQU_QRefUPu
2020-06-29 16:46:31 | DEBUG | HVDC_hvdc_UdcPu_Side_aCVoltageControl_qRefQU_PI_y is an alias of HVDC_hvdc_UdcPu_Side_aCVoltageControl_qRefQU_QRefUPu
2020-06-29 16:46:31 | DEBUG | HVDC_hvdc_UdcPu_Side_aCVoltageControl_qRefQU_QPu is an alias of HVDC_hvdc_Conv2_QInjPu
2020-06-29 16:46:31 | DEBUG | HVDC_hvdc_UdcPu_Side_aCVoltageControl_qRefQU_QRefQPu is an alias of HVDC_hvdc_UdcPu_Side_aCVoltageControl_qRefQU_slewRateLimiter1_y
2020-06-29 16:46:31 | DEBUG | HVDC_hvdc_UdcPu_Side_aCVoltageControl_qRefQU_UPu is an alias of HVDC_hvdc_Blocking_U2Pu
2020-06-29 16:46:31 | DEBUG | HVDC_hvdc_UdcPu_Side_aCVoltageControl_qRefQU_feedback_u1 is an alias of HVDC_hvdc_UdcPu_Side_aCVoltageControl_qRefQU_slewRateLimiter_y
2020-06-29 16:46:31 | DEBUG | HVDC_hvdc_UdcPu_Side_aCVoltageControl_qRefQU_feedback_u2 is an alias of HVDC_hvdc_Blocking_U2Pu
2020-06-29 16:46:31 | DEBUG | HVDC_hvdc_UdcPu_Side_aCVoltageControl_qRefQU_feedback_y is an alias of HVDC_hvdc_UdcPu_Side_aCVoltageControl_qRefQU_deadZone_u
2020-06-29 16:46:31 | DEBUG | HVDC_hvdc_UdcPu_Side_aCVoltageControl_qRefQU_feedback1_u1 is an alias of HVDC_hvdc_UdcPu_Side_aCVoltageControl_qRefQU_deadZone_y
2020-06-29 16:46:31 | DEBUG | HVDC_hvdc_UdcPu_Side_aCVoltageControl_qRefQU_feedback1_y is an alias of HVDC_hvdc_UdcPu_Side_aCVoltageControl_qRefQU_PI_u
2020-06-29 16:46:31 | DEBUG | HVDC_hvdc_UdcPu_Side_aCVoltageControl_qRefQU_gain_u is an alias of HVDC_hvdc_Conv2_QInjPu
2020-06-29 16:46:31 | DEBUG | HVDC_hvdc_UdcPu_Side_aCVoltageControl_qRefQU_gain_y is an alias of HVDC_hvdc_UdcPu_Side_aCVoltageControl_qRefQU_feedback1_u2
2020-06-29 16:46:31 | DEBUG | HVDC_hvdc_UdcPu_Side_aCVoltageControl_switch_u1 is an alias of HVDC_hvdc_UdcPu_Side_aCVoltageControl_qRefQU_QRefUPu
2020-06-29 16:46:31 | DEBUG | HVDC_hvdc_UdcPu_Side_aCVoltageControl_switch_u3 is an alias of HVDC_hvdc_UdcPu_Side_aCVoltageControl_qRefQU_slewRateLimiter1_y
2020-06-29 16:46:31 | DEBUG | HVDC_hvdc_UdcPu_Side_aCVoltageControl_switch_y is an alias of HVDC_hvdc_UdcPu_Side_aCVoltageControl_qRefLim_QRefUQPu
2020-06-29 16:46:31 | DEBUG | HVDC_hvdc_UdcPu_Side_aCVoltageControl_switch1_y is an alias of HVDC_hvdc_UdcPu_Side_aCVoltageControl_gain_u
2020-06-29 16:46:31 | DEBUG | HVDC_hvdc_UdcPu_Side_aCVoltageControl_variableLimiter_limit1 is an alias of HVDC_hvdc_UdcPu_Side_aCVoltageControl_IqMinPu
2020-06-29 16:46:31 | DEBUG | HVDC_hvdc_UdcPu_Side_aCVoltageControl_variableLimiter_limit2 is an alias of HVDC_hvdc_UdcPu_Side_aCVoltageControl_IqMinPu
2020-06-29 16:46:31 | DEBUG | HVDC_hvdc_UdcPu_Side_aCVoltageControl_variableLimiter_simplifiedExpr is an alias of HVDC_hvdc_UdcPu_Side_aCVoltageControl_add_y
2020-06-29 16:46:31 | DEBUG | HVDC_hvdc_UdcPu_Side_aCVoltageControl_variableLimiter_u is an alias of HVDC_hvdc_UdcPu_Side_aCVoltageControl_add_y
2020-06-29 16:46:31 | DEBUG | HVDC_hvdc_UdcPu_Side_aCVoltageControl_variableLimiter_y is an alias of HVDC_hvdc_UdcPu_Side_aCVoltageControl_switch1_u3
2020-06-29 16:46:31 | DEBUG | HVDC_hvdc_UdcPu_Side_dCVoltageControl_PI_add_u2 is an alias of HVDC_hvdc_UdcPu_Side_dCVoltageControl_PI_integrator_y
2020-06-29 16:46:31 | DEBUG | HVDC_hvdc_UdcPu_Side_dCVoltageControl_PI_add1_u1 is an alias of HVDC_hvdc_UdcPu_Side_dCVoltageControl_PI_u
2020-06-29 16:46:31 | DEBUG | HVDC_hvdc_UdcPu_Side_dCVoltageControl_PI_feedback_u1 is an alias of HVDC_hvdc_UdcPu_Side_dCVoltageControl_PI_y
2020-06-29 16:46:31 | DEBUG | HVDC_hvdc_UdcPu_Side_dCVoltageControl_PI_feedback_u2 is an alias of HVDC_hvdc_UdcPu_Side_dCVoltageControl_PI_add_y
2020-06-29 16:46:31 | DEBUG | HVDC_hvdc_UdcPu_Side_dCVoltageControl_PI_feedback_y is an alias of HVDC_hvdc_UdcPu_Side_dCVoltageControl_PI_add1_u2
2020-06-29 16:46:31 | DEBUG | HVDC_hvdc_UdcPu_Side_dCVoltageControl_PI_gain1_u is an alias of HVDC_hvdc_UdcPu_Side_dCVoltageControl_PI_u
2020-06-29 16:46:31 | DEBUG | HVDC_hvdc_UdcPu_Side_dCVoltageControl_PI_gain1_y is an alias of HVDC_hvdc_UdcPu_Side_dCVoltageControl_PI_add_u1
2020-06-29 16:46:31 | DEBUG | HVDC_hvdc_UdcPu_Side_dCVoltageControl_PI_integrator_u is an alias of HVDC_hvdc_UdcPu_Side_dCVoltageControl_PI_add1_y
2020-06-29 16:46:31 | DEBUG | HVDC_hvdc_UdcPu_Side_dCVoltageControl_PI_limiter1_simplifiedExpr is an alias of HVDC_hvdc_UdcPu_Side_dCVoltageControl_PI_add_y
2020-06-29 16:46:31 | DEBUG | HVDC_hvdc_UdcPu_Side_dCVoltageControl_PI_limiter1_u is an alias of HVDC_hvdc_UdcPu_Side_dCVoltageControl_PI_add_y
2020-06-29 16:46:31 | DEBUG | HVDC_hvdc_UdcPu_Side_dCVoltageControl_PI_limiter1_y is an alias of HVDC_hvdc_UdcPu_Side_dCVoltageControl_PI_y
2020-06-29 16:46:31 | DEBUG | HVDC_hvdc_UdcPu_Side_dCVoltageControl_UdcPu is an alias of HVDC_hvdc_dCLine_U2dcPu
2020-06-29 16:46:31 | DEBUG | HVDC_hvdc_UdcPu_Side_dCVoltageControl_activateDeltaPfunction_greaterThreshold_u is an alias of HVDC_hvdc_Conv2_idPu
2020-06-29 16:46:31 | DEBUG | HVDC_hvdc_UdcPu_Side_dCVoltageControl_activateDeltaPfunction_ipRefUdcPu is an alias of HVDC_hvdc_Conv2_idPu
2020-06-29 16:46:31 | DEBUG | HVDC_hvdc_UdcPu_Side_dCVoltageControl_activateDeltaPfunction_lessThreshold_u is an alias of HVDC_hvdc_Conv2_idPu
2020-06-29 16:46:31 | DEBUG | HVDC_hvdc_UdcPu_Side_dCVoltageControl_feedback_u2 is an alias of HVDC_hvdc_dCLine_U2dcPu
2020-06-29 16:46:31 | DEBUG | HVDC_hvdc_UdcPu_Side_dCVoltageControl_feedback_y is an alias of HVDC_hvdc_UdcPu_Side_dCVoltageControl_PI_u
2020-06-29 16:46:31 | DEBUG | HVDC_hvdc_UdcPu_Side_dCVoltageControl_gain1_u is an alias of HVDC_hvdc_UdcPu_Side_dCVoltageControl_PI_y
2020-06-29 16:46:31 | DEBUG | HVDC_hvdc_UdcPu_Side_dCVoltageControl_gain1_y is an alias of HVDC_hvdc_Conv2_idPu
2020-06-29 16:46:31 | DEBUG | HVDC_hvdc_UdcPu_Side_dCVoltageControl_ipRefUdcPu is an alias of HVDC_hvdc_Conv2_idPu
2020-06-29 16:46:31 | DEBUG | HVDC_hvdc_UdcPu_Side_ipRefUdcPu is an alias of HVDC_hvdc_Conv2_idPu
2020-06-29 16:46:31 | DEBUG | HVDC_hvdc_UdcPu_Side_iqMod1Pu is an alias of HVDC_hvdc_PPu_Side_iqModPu
2020-06-29 16:46:31 | DEBUG | HVDC_hvdc_UdcPu_Side_iqModPu is an alias of HVDC_hvdc_PPu_Side_iqMod1Pu
2020-06-29 16:46:31 | DEBUG | HVDC_hvdc_UdcPu_Side_iqRef1Pu is an alias of HVDC_hvdc_Conv1_iqPu
2020-06-29 16:46:31 | DEBUG | HVDC_hvdc_UdcPu_Side_iqRefPu is an alias of HVDC_hvdc_Conv2_iqPu
2020-06-29 16:46:31 | DEBUG | HVDC_hvdc_UdcPu_Side_limitsCalculationFunction_IqMaxPu is an alias of HVDC_hvdc_UdcPu_Side_aCVoltageControl_IqMinPu
2020-06-29 16:46:31 | DEBUG | HVDC_hvdc_UdcPu_Side_limitsCalculationFunction_IqMinPu is an alias of HVDC_hvdc_UdcPu_Side_aCVoltageControl_IqMinPu
2020-06-29 16:46:31 | DEBUG | HVDC_hvdc_UdcPu_Side_limitsCalculationFunction_ipRefPu is an alias of HVDC_hvdc_Conv2_idPu
2020-06-29 16:46:31 | DEBUG | HVDC_hvdc_UdcPu_Side_limitsCalculationFunction_iqMod1Pu is an alias of HVDC_hvdc_PPu_Side_iqModPu
2020-06-29 16:46:31 | DEBUG | HVDC_hvdc_UdcPu_Side_limitsCalculationFunction_iqModPu is an alias of HVDC_hvdc_PPu_Side_iqMod1Pu
2020-06-29 16:46:31 | DEBUG | HVDC_hvdc_UdcPu_Side_limitsCalculationFunction_iqRef1Pu is an alias of HVDC_hvdc_Conv1_iqPu
2020-06-29 16:46:31 | DEBUG | HVDC_hvdc_UdcPu_Side_limitsCalculationFunction_iqRefPu is an alias of HVDC_hvdc_Conv2_iqPu
2020-06-29 16:46:31 | DEBUG | HVDC_hvdc_dCLine_P1Pu is an alias of HVDC_hvdc_Conv1_PInjPu
2020-06-29 16:46:31 | DEBUG | HVDC_hvdc_dCLine_P2Pu is an alias of HVDC_hvdc_Conv2_PInjPu
2020-06-29 16:46:31 | DEBUG | ------------------------------
2020-06-29 16:46:31 | DEBUG | Z variables
2020-06-29 16:46:31 | DEBUG | ------------------------------
2020-06-29 16:46:31 | DEBUG | 0 HVDC_hvdc_Blocking_blockingFunction1_TimerMaintainBlock
2020-06-29 16:46:31 | DEBUG | 1 HVDC_hvdc_Blocking_blockingFunction1_TimerPrepareBlock
2020-06-29 16:46:31 | DEBUG | 2 HVDC_hvdc_Blocking_blockingFunction1_TimerPrepareDeblock
2020-06-29 16:46:31 | DEBUG | 3 HVDC_hvdc_Blocking_blockingFunction1_TimerStartBlock
2020-06-29 16:46:31 | DEBUG | 4 HVDC_hvdc_Blocking_blockingFunction2_TimerMaintainBlock
2020-06-29 16:46:31 | DEBUG | 5 HVDC_hvdc_Blocking_blockingFunction2_TimerPrepareBlock
2020-06-29 16:46:31 | DEBUG | 6 HVDC_hvdc_Blocking_blockingFunction2_TimerPrepareDeblock
2020-06-29 16:46:31 | DEBUG | 7 HVDC_hvdc_Blocking_blockingFunction2_TimerStartBlock
2020-06-29 16:46:31 | DEBUG | 8 HVDC_hvdc_PPu_Side_activePowerControl_RPFault_Timer
2020-06-29 16:46:31 | DEBUG | 9 HVDC_hvdc_Blocking_blocked
2020-06-29 16:46:31 | DEBUG | 10 HVDC_hvdc_Blocking_blockingFunction1_blocked
2020-06-29 16:46:31 | DEBUG | 11 HVDC_hvdc_Blocking_blockingFunction2_blocked
2020-06-29 16:46:31 | DEBUG | 12 HVDC_hvdc_Conv1_running_value
2020-06-29 16:46:31 | DEBUG | 13 HVDC_hvdc_Conv1_switchOffSignal1_value
2020-06-29 16:46:31 | DEBUG | 14 HVDC_hvdc_Conv1_switchOffSignal2_value
2020-06-29 16:46:31 | DEBUG | 15 HVDC_hvdc_Conv1_switchOffSignal3_value
2020-06-29 16:46:31 | DEBUG | 16 HVDC_hvdc_Conv2_running_value
2020-06-29 16:46:31 | DEBUG | 17 HVDC_hvdc_Conv2_switchOffSignal1_value
2020-06-29 16:46:31 | DEBUG | 18 HVDC_hvdc_Conv2_switchOffSignal2_value
2020-06-29 16:46:31 | DEBUG | 19 HVDC_hvdc_Conv2_switchOffSignal3_value
2020-06-29 16:46:31 | DEBUG | 20 HVDC_hvdc_PPu_Side_aCVoltageControl_qRefQU_PI_integrator_local_reset
2020-06-29 16:46:31 | DEBUG | 21 HVDC_hvdc_PPu_Side_activateDeltaP
2020-06-29 16:46:31 | DEBUG | 22 HVDC_hvdc_PPu_Side_activePowerControl_deltaP_PI_integrator_local_reset
2020-06-29 16:46:31 | DEBUG | 23 HVDC_hvdc_PPu_Side_activePowerControl_pIAntiWindupVariableLimits_integrator_local_reset
2020-06-29 16:46:31 | DEBUG | 24 HVDC_hvdc_PPu_Side_modeU
2020-06-29 16:46:31 | DEBUG | 25 HVDC_hvdc_UdcPu_Side_aCVoltageControl_qRefQU_PI_integrator_local_reset
2020-06-29 16:46:31 | DEBUG | 26 HVDC_hvdc_UdcPu_Side_dCVoltageControl_PI_integrator_local_reset
2020-06-29 16:46:31 | DEBUG | 27 HVDC_hvdc_UdcPu_Side_dCVoltageControl_activateDeltaPfunction_greaterThreshold_y
2020-06-29 16:46:31 | DEBUG | 28 HVDC_hvdc_UdcPu_Side_dCVoltageControl_activateDeltaPfunction_lessThreshold_y
2020-06-29 16:46:31 | DEBUG | 29 HVDC_hvdc_UdcPu_Side_modeU
2020-06-29 16:46:31 | DEBUG | 30 HVDC_hvdc_PPu_Side_aCVoltageControl_modeU
2020-06-29 16:46:31 | DEBUG | 31 HVDC_hvdc_PPu_Side_aCVoltageControl_switch_u2
2020-06-29 16:46:31 | DEBUG | 32 HVDC_hvdc_UdcPu_Side_aCVoltageControl_modeU
2020-06-29 16:46:31 | DEBUG | 33 HVDC_hvdc_UdcPu_Side_aCVoltageControl_switch_u2
2020-06-29 16:46:31 | DEBUG | 34 HVDC_hvdc_realToBoolean_y
2020-06-29 16:46:31 | DEBUG | 35 HVDC_hvdc_realToBoolean1_y
2020-06-29 16:46:31 | DEBUG | 36 HVDC_hvdc_Conv1_state
2020-06-29 16:46:31 | DEBUG | 37 HVDC_hvdc_Conv2_state
2020-06-29 16:46:31 | DEBUG | 38 Line1_line_running_value
2020-06-29 16:46:31 | DEBUG | 39 Line1_line_switchOffSignal1_value
2020-06-29 16:46:31 | DEBUG | 40 Line1_line_switchOffSignal2_value
2020-06-29 16:46:31 | DEBUG | 41 Line1_line_state
2020-06-29 16:46:31 | DEBUG | 42 Line2_line_running_value
2020-06-29 16:46:31 | DEBUG | 43 Line2_line_switchOffSignal1_value
2020-06-29 16:46:31 | DEBUG | 44 Line2_line_switchOffSignal2_value
2020-06-29 16:46:31 | DEBUG | 45 Line2_line_state
2020-06-29 16:46:31 | DEBUG | HVDC_hvdc_Blocking_or1_u1 is an alias of HVDC_hvdc_Blocking_blockingFunction1_blocked
2020-06-29 16:46:31 | DEBUG | HVDC_hvdc_Blocking_or1_u2 is an alias of HVDC_hvdc_Blocking_blockingFunction2_blocked
2020-06-29 16:46:31 | DEBUG | HVDC_hvdc_Blocking_or1_y is an alias of HVDC_hvdc_Blocking_blocked
2020-06-29 16:46:31 | DEBUG | HVDC_hvdc_PPu_Side_aCVoltageControl_blocked is an alias of HVDC_hvdc_Blocking_blocked
2020-06-29 16:46:31 | DEBUG | HVDC_hvdc_PPu_Side_aCVoltageControl_switch1_u2 is an alias of HVDC_hvdc_Blocking_blocked
2020-06-29 16:46:31 | DEBUG | HVDC_hvdc_PPu_Side_activePowerControl_RPFault_blocked is an alias of HVDC_hvdc_Blocking_blocked
2020-06-29 16:46:31 | DEBUG | HVDC_hvdc_PPu_Side_activePowerControl_activateDeltaP is an alias of HVDC_hvdc_PPu_Side_activateDeltaP
2020-06-29 16:46:31 | DEBUG | HVDC_hvdc_PPu_Side_activePowerControl_blocked is an alias of HVDC_hvdc_Blocking_blocked
2020-06-29 16:46:31 | DEBUG | HVDC_hvdc_PPu_Side_activePowerControl_switch_u2 is an alias of HVDC_hvdc_PPu_Side_activateDeltaP
2020-06-29 16:46:31 | DEBUG | HVDC_hvdc_PPu_Side_activePowerControl_switch1_u2 is an alias of HVDC_hvdc_Blocking_blocked
2020-06-29 16:46:31 | DEBUG | HVDC_hvdc_PPu_Side_blocked is an alias of HVDC_hvdc_Blocking_blocked
2020-06-29 16:46:31 | DEBUG | HVDC_hvdc_UdcPu_Side_aCVoltageControl_blocked is an alias of HVDC_hvdc_Blocking_blocked
2020-06-29 16:46:31 | DEBUG | HVDC_hvdc_UdcPu_Side_aCVoltageControl_switch1_u2 is an alias of HVDC_hvdc_Blocking_blocked
2020-06-29 16:46:31 | DEBUG | HVDC_hvdc_UdcPu_Side_activateDeltaP is an alias of HVDC_hvdc_PPu_Side_activateDeltaP
2020-06-29 16:46:31 | DEBUG | HVDC_hvdc_UdcPu_Side_blocked is an alias of HVDC_hvdc_Blocking_blocked
2020-06-29 16:46:31 | DEBUG | HVDC_hvdc_UdcPu_Side_dCVoltageControl_activateDeltaP is an alias of HVDC_hvdc_PPu_Side_activateDeltaP
2020-06-29 16:46:31 | DEBUG | HVDC_hvdc_UdcPu_Side_dCVoltageControl_activateDeltaPfunction_activateDeltaP is an alias of HVDC_hvdc_PPu_Side_activateDeltaP
2020-06-29 16:46:31 | DEBUG | HVDC_hvdc_UdcPu_Side_dCVoltageControl_activateDeltaPfunction_or1_u1 is an alias of HVDC_hvdc_UdcPu_Side_dCVoltageControl_activateDeltaPfunction_greaterThreshold_y
2020-06-29 16:46:31 | DEBUG | HVDC_hvdc_UdcPu_Side_dCVoltageControl_activateDeltaPfunction_or1_u2 is an alias of HVDC_hvdc_UdcPu_Side_dCVoltageControl_activateDeltaPfunction_lessThreshold_y
2020-06-29 16:46:31 | DEBUG | HVDC_hvdc_UdcPu_Side_dCVoltageControl_activateDeltaPfunction_or1_y is an alias of HVDC_hvdc_PPu_Side_activateDeltaP
