2019-04-15 12:09:52 | DEBUG |  ============================================================ 
2019-04-15 12:09:52 | DEBUG | DYNAWO VERSION  :     0.1.0
2019-04-15 12:09:52 | DEBUG | DYNAWO REVISION :    master-861e928
2019-04-15 12:09:52 | DEBUG |  ============================================================ 
2019-04-15 12:10:30 | INFO | adding curve : Id: SM; curve: gen_cePu found. (exact name)
2019-04-15 12:10:30 | INFO | adding curve : Id: SM; curve: gen_PePu found. (exact name)
2019-04-15 12:10:30 | INFO | adding curve : Id: SM; curve: gen_cmPu found. (exact name)
2019-04-15 12:10:30 | INFO | adding curve : Id: SM; output: gen_PmPu found.( gen_PmPu_value )
2019-04-15 12:10:30 | INFO | adding curve : Id: SM; curve: gen_ufPu found. (exact name)
2019-04-15 12:10:30 | INFO | adding curve : Id: SM; output: gen_efdPu found.( gen_efdPu_value )
2019-04-15 12:10:30 | INFO | adding curve : Id: SM; output: gen_omegaPu found.( gen_omegaPu_value )
2019-04-15 12:10:30 | INFO | adding curve : Id: SM; curve: gen_theta found. (exact name)
2019-04-15 12:10:30 | INFO | adding curve : Id: SM; curve: gen_PGenPu found. (exact name)
2019-04-15 12:10:30 | INFO | adding curve : Id: SM; curve: gen_QGenPu found. (exact name)
2019-04-15 12:10:30 | INFO | adding curve : Id: SM; curve: gen_PGen found. (exact name)
2019-04-15 12:10:30 | INFO | adding curve : Id: SM; curve: gen_QGen found. (exact name)
2019-04-15 12:10:30 | INFO | adding curve : Id: SM; curve: gen_UPu found. (exact name)
2019-04-15 12:10:30 | INFO | adding curve : Id: SM; output: gen_IStatorPu found.( gen_IStatorPu_value )
2019-04-15 12:10:30 | INFO | adding curve : Id: SM; output: gen_IRotorPu found.( gen_IRotorPu_value )
2019-04-15 12:10:30 | INFO | adding curve : Id: SM; output: gen_UStatorPu found.( gen_UStatorPu_value )
2019-04-15 12:10:30 | INFO | adding curve : Id: SM; output: gen_QStatorPu found.( gen_QStatorPu_value )
2019-04-15 12:10:30 | INFO | adding curve : Id: SM; output: gen_thetaInternal found.( gen_thetaInternal_value )
2019-04-15 12:10:30 | DEBUG | call of SolverReInit ie a new symbolic and numerical factorization will be performed
2019-04-15 12:10:30 | DEBUG | -----------------------------------------------------------------------
2019-04-15 12:10:30 | DEBUG | number of continuous variables : 107 (display limited to 4 variables)
2019-04-15 12:10:30 | DEBUG | number of discrete variables : 17
2019-04-15 12:10:30 | DEBUG | -----------------------------------------------------------------------
2019-04-15 12:10:30 | DEBUG |     t              y1            y2            y3            y4      | nst k      h
2019-04-15 12:10:30 | DEBUG | -----------------------------------------------------------------------
2019-04-15 12:10:30 | DEBUG |        0.000  4.745646e-01  8.802369e-01  0.000000e+00  9.008100e-01 |   0 0 1.000000e-02 
2019-04-15 12:10:30 | DEBUG |        0.001  4.745647e-01  8.802370e-01  0.000000e+00  9.008100e-01 |   1 1 1.000000e-03 
2019-04-15 12:10:30 | DEBUG |        0.002  4.745648e-01  8.802370e-01  0.000000e+00  9.008100e-01 |   2 1 1.000000e-03 
2019-04-15 12:10:30 | DEBUG |        0.004  4.745650e-01  8.802371e-01  0.000000e+00  9.008100e-01 |   3 2 2.000000e-03 
2019-04-15 12:10:30 | DEBUG |        0.008  4.745653e-01  8.802372e-01  0.000000e+00  9.008100e-01 |   4 2 4.000000e-03 
2019-04-15 12:10:30 | DEBUG |        0.016  4.745657e-01  8.802373e-01  0.000000e+00  9.008100e-01 |   5 2 8.000000e-03 
2019-04-15 12:10:30 | DEBUG |        0.032  4.745659e-01  8.802370e-01  0.000000e+00  9.008100e-01 |   6 2 1.600000e-02 
2019-04-15 12:10:30 | DEBUG |        0.064  4.745662e-01  8.802355e-01  0.000000e+00  9.008100e-01 |   7 2 3.200000e-02 
2019-04-15 12:10:30 | DEBUG |        0.128  4.745721e-01  8.802295e-01  0.000000e+00  9.008100e-01 |   8 1 6.400000e-02 
2019-04-15 12:10:30 | DEBUG |        0.256  4.745860e-01  8.802173e-01  0.000000e+00  9.008100e-01 |   9 1 1.280000e-01 
2019-04-15 12:10:30 | DEBUG |        0.512  4.745936e-01  8.802065e-01  0.000000e+00  9.008100e-01 |  10 1 2.560000e-01 
2019-04-15 12:10:30 | DEBUG |        0.640  4.745934e-01  8.802044e-01  0.000000e+00  9.008100e-01 |  11 1 1.280000e-01 
2019-04-15 12:10:30 | DEBUG |        0.896  4.745898e-01  8.802057e-01  0.000000e+00  9.008100e-01 |  12 1 2.560000e-01 
2019-04-15 12:10:30 | DEBUG |        1.000  4.745894e-01  8.802061e-01  0.000000e+00  9.008100e-01 |   0 0 0.000000e+00 
2019-04-15 12:10:30 | DEBUG |        1.000  2.853388e-01  3.286363e-01  0.000000e+00  9.008100e-01 |   1 1 6.250000e-05 
2019-04-15 12:10:30 | DEBUG |        1.000  2.853332e-01  3.284063e-01  0.000000e+00  9.008100e-01 |   2 1 5.573786e-05 
2019-04-15 12:10:30 | DEBUG |        1.000  2.853252e-01  3.279486e-01  0.000000e+00  9.008100e-01 |   3 1 1.114757e-04 
2019-04-15 12:10:30 | DEBUG |        1.000  2.853212e-01  3.270423e-01  0.000000e+00  9.008100e-01 |   4 1 2.229514e-04 
2019-04-15 12:10:30 | DEBUG |        1.001  2.853278e-01  3.252537e-01  0.000000e+00  9.008100e-01 |   5 1 4.459029e-04 
2019-04-15 12:10:30 | DEBUG |        1.001  2.853406e-01  3.234858e-01  0.000000e+00  9.008100e-01 |   6 1 4.459029e-04 
2019-04-15 12:10:30 | DEBUG |        1.002  2.853906e-01  3.200308e-01  0.000000e+00  9.008100e-01 |   7 1 8.918058e-04 
2019-04-15 12:10:30 | DEBUG |        1.003  2.854543e-01  3.169848e-01  0.000000e+00  9.008100e-01 |   8 1 8.026252e-04 
2019-04-15 12:10:30 | DEBUG |        1.004  2.855360e-01  3.140006e-01  0.000000e+00  9.008100e-01 |   9 1 8.026252e-04 
2019-04-15 12:10:30 | DEBUG |        1.005  2.856352e-01  3.110767e-01  0.000000e+00  9.008100e-01 |  10 1 8.026252e-04 
2019-04-15 12:10:30 | DEBUG |        1.006  2.858715e-01  3.053648e-01  0.000000e+00  9.008100e-01 |  11 2 1.605250e-03 
2019-04-15 12:10:30 | DEBUG |        1.008  2.861663e-01  2.998629e-01  0.000000e+00  9.008100e-01 |  12 2 1.605250e-03 
2019-04-15 12:10:30 | DEBUG |        1.009  2.865186e-01  2.945732e-01  0.000000e+00  9.008100e-01 |  13 2 1.605250e-03 
2019-04-15 12:10:30 | DEBUG |        1.013  2.873787e-01  2.845796e-01  0.000000e+00  9.008100e-01 |  14 2 3.210501e-03 
2019-04-15 12:10:30 | DEBUG |        1.016  2.883126e-01  2.762098e-01  0.000000e+00  9.008100e-01 |  15 2 2.889451e-03 
2019-04-15 12:10:30 | DEBUG |        1.018  2.893776e-01  2.683691e-01  0.000000e+00  9.008100e-01 |  16 2 2.889451e-03 
2019-04-15 12:10:30 | DEBUG |        1.021  2.905564e-01  2.610064e-01  0.000000e+00  9.008100e-01 |  17 2 2.889451e-03 
2019-04-15 12:10:30 | DEBUG |        1.024  2.918346e-01  2.540723e-01  0.000000e+00  9.008100e-01 |  18 2 2.889451e-03 
2019-04-15 12:10:30 | DEBUG |        1.027  2.931998e-01  2.475214e-01  0.000000e+00  9.008100e-01 |  19 2 2.889451e-03 
2019-04-15 12:10:30 | DEBUG |        1.030  2.946411e-01  2.413115e-01  0.000000e+00  9.008100e-01 |  20 2 2.889451e-03 
2019-04-15 12:10:30 | DEBUG |        1.033  2.961489e-01  2.354043e-01  0.000000e+00  9.008100e-01 |  21 2 2.889451e-03 
2019-04-15 12:10:30 | DEBUG |        1.036  2.977154e-01  2.297641e-01  0.000000e+00  9.008100e-01 |  22 2 2.889451e-03 
2019-04-15 12:10:30 | DEBUG |        1.039  2.993335e-01  2.243584e-01  0.000000e+00  9.008100e-01 |  23 2 2.889451e-03 
2019-04-15 12:10:30 | DEBUG |        1.042  3.009973e-01  2.191573e-01  0.000000e+00  9.008100e-01 |  24 2 2.889451e-03 
2019-04-15 12:10:30 | DEBUG |        1.044  3.027014e-01  2.141333e-01  0.000000e+00  9.008100e-01 |  25 2 2.889451e-03 
2019-04-15 12:10:30 | DEBUG |        1.047  3.044413e-01  2.092612e-01  0.000000e+00  9.008100e-01 |  26 2 2.889451e-03 
2019-04-15 12:10:30 | DEBUG |        1.053  3.080082e-01  1.998588e-01  0.000000e+00  9.008100e-01 |  27 2 5.778902e-03 
2019-04-15 12:10:30 | DEBUG |        1.059  3.116766e-01  1.908072e-01  0.000000e+00  9.008100e-01 |  28 2 5.778902e-03 
2019-04-15 12:10:30 | DEBUG |        1.065  3.154219e-01  1.819731e-01  0.000000e+00  9.008100e-01 |  29 2 5.778902e-03 
2019-04-15 12:10:30 | DEBUG |        1.066  3.163647e-01  1.797922e-01  0.000000e+00  9.008100e-01 |  30 2 1.444725e-03 
2019-04-15 12:10:30 | DEBUG |        1.069  3.182651e-01  1.754373e-01  0.000000e+00  9.008100e-01 |  31 2 2.889451e-03 
2019-04-15 12:10:30 | DEBUG |        1.069  3.185034e-01  1.748939e-01  0.000000e+00  9.008100e-01 |  32 2 3.611813e-04 
2019-04-15 12:10:30 | DEBUG |        1.070  3.187499e-01  1.743323e-01  0.000000e+00  9.008100e-01 |  33 2 3.733302e-04 
2019-04-15 12:10:30 | DEBUG |        1.070  3.187947e-01  1.742301e-01  0.000000e+00  9.008100e-01 |  34 2 6.794919e-05 
2019-04-15 12:10:30 | DEBUG |        1.070  3.188845e-01  1.740257e-01  0.000000e+00  9.008100e-01 |  35 2 1.358984e-04 
2019-04-15 12:10:30 | DEBUG |        1.070  3.719187e-01  2.808351e-01  0.000000e+00  9.008100e-01 |   0 0 0.000000e+00 
2019-04-15 12:10:30 | DEBUG |        1.070  5.907022e-01  5.853777e-01  0.000000e+00  9.008100e-01 |   1 1 7.393707e-05 
2019-04-15 12:10:30 | DEBUG |        1.070  5.909011e-01  5.856053e-01  0.000000e+00  9.008100e-01 |   2 1 7.393707e-05 
2019-04-15 12:10:30 | DEBUG |        1.070  5.912979e-01  5.860580e-01  0.000000e+00  9.008100e-01 |   3 1 1.478741e-04 
2019-04-15 12:10:30 | DEBUG |        1.071  5.920870e-01  5.869531e-01  0.000000e+00  9.008100e-01 |   4 1 2.957483e-04 
2019-04-15 12:10:30 | DEBUG |        1.071  5.936475e-01  5.887031e-01  0.000000e+00  9.008100e-01 |   5 1 5.914966e-04 
2019-04-15 12:10:30 | DEBUG |        1.072  5.951928e-01  5.904126e-01  0.000000e+00  9.008100e-01 |   6 1 5.914966e-04 
2019-04-15 12:10:30 | DEBUG |        1.072  5.967232e-01  5.920821e-01  0.000000e+00  9.008100e-01 |   7 1 5.914966e-04 
2019-04-15 12:10:30 | DEBUG |        1.074  5.997543e-01  5.953267e-01  0.000000e+00  9.008100e-01 |   8 2 1.182993e-03 
2019-04-15 12:10:30 | DEBUG |        1.075  6.027351e-01  5.984281e-01  0.000000e+00  9.008100e-01 |   9 2 1.182993e-03 
2019-04-15 12:10:30 | DEBUG |        1.077  6.085380e-01  6.041882e-01  0.000000e+00  9.008100e-01 |  10 2 2.365986e-03 
2019-04-15 12:10:30 | DEBUG |        1.079  6.141428e-01  6.093873e-01  0.000000e+00  9.008100e-01 |  11 2 2.365986e-03 
2019-04-15 12:10:30 | DEBUG |        1.082  6.195644e-01  6.140548e-01  0.000000e+00  9.008100e-01 |  12 2 2.365986e-03 
2019-04-15 12:10:30 | DEBUG |        1.084  6.248175e-01  6.182204e-01  0.000000e+00  9.008100e-01 |  13 2 2.365986e-03 
2019-04-15 12:10:30 | DEBUG |        1.087  6.299161e-01  6.219126e-01  0.000000e+00  9.008100e-01 |  14 2 2.365986e-03 
2019-04-15 12:10:30 | DEBUG |        1.089  6.348729e-01  6.251584e-01  0.000000e+00  9.008100e-01 |  15 2 2.365986e-03 
2019-04-15 12:10:30 | DEBUG |        1.091  6.396993e-01  6.279832e-01  0.000000e+00  9.008100e-01 |  16 2 2.365986e-03 
2019-04-15 12:10:30 | DEBUG |        1.094  6.444057e-01  6.304107e-01  0.000000e+00  9.008100e-01 |  17 2 2.365986e-03 
2019-04-15 12:10:30 | DEBUG |        1.096  6.490012e-01  6.324632e-01  0.000000e+00  9.008100e-01 |  18 2 2.365986e-03 
2019-04-15 12:10:30 | DEBUG |        1.098  6.534941e-01  6.341615e-01  0.000000e+00  9.008100e-01 |  19 2 2.365986e-03 
2019-04-15 12:10:30 | DEBUG |        1.103  6.622171e-01  6.365928e-01  0.000000e+00  9.008100e-01 |  20 2 4.731973e-03 
2019-04-15 12:10:30 | DEBUG |        1.108  6.706065e-01  6.378324e-01  0.000000e+00  9.008100e-01 |  21 2 4.731973e-03 
2019-04-15 12:10:30 | DEBUG |        1.113  6.786985e-01  6.380010e-01  0.000000e+00  9.008100e-01 |  22 2 4.731973e-03 
2019-04-15 12:10:30 | DEBUG |        1.117  6.865243e-01  6.372092e-01  0.000000e+00  9.008100e-01 |  23 2 4.731973e-03 
2019-04-15 12:10:30 | DEBUG |        1.122  6.941079e-01  6.355582e-01  0.000000e+00  9.008100e-01 |  24 2 4.731973e-03 
2019-04-15 12:10:30 | DEBUG |        1.127  7.014682e-01  6.331388e-01  0.000000e+00  9.008100e-01 |  25 2 4.731973e-03 
2019-04-15 12:10:30 | DEBUG |        1.132  7.086197e-01  6.300323e-01  0.000000e+00  9.008100e-01 |  26 2 4.731973e-03 
2019-04-15 12:10:30 | DEBUG |        1.136  7.155731e-01  6.263122e-01  0.000000e+00  9.008100e-01 |  27 2 4.731973e-03 
2019-04-15 12:10:30 | DEBUG |        1.141  7.223367e-01  6.220448e-01  0.000000e+00  9.008100e-01 |  28 2 4.731973e-03 
2019-04-15 12:10:30 | DEBUG |        1.150  7.353457e-01  6.121583e-01  0.000000e+00  9.008100e-01 |  29 2 9.463945e-03 
2019-04-15 12:10:30 | DEBUG |        1.160  7.476312e-01  6.007415e-01  0.000000e+00  9.008100e-01 |  30 2 9.463945e-03 
2019-04-15 12:10:30 | DEBUG |        1.169  7.592107e-01  5.881268e-01  0.000000e+00  9.008100e-01 |  31 2 9.463945e-03 
2019-04-15 12:10:30 | DEBUG |        1.179  7.701014e-01  5.746069e-01  0.000000e+00  9.008100e-01 |  32 2 9.463945e-03 
2019-04-15 12:10:30 | DEBUG |        1.188  7.803111e-01  5.604399e-01  0.000000e+00  9.008100e-01 |  33 2 9.463945e-03 
2019-04-15 12:10:30 | DEBUG |        1.198  7.898510e-01  5.458485e-01  0.000000e+00  9.008100e-01 |  34 2 9.463945e-03 
2019-04-15 12:10:30 | DEBUG |        1.207  7.987351e-01  5.310262e-01  0.000000e+00  9.008100e-01 |  35 2 9.463945e-03 
2019-04-15 12:10:30 | DEBUG |        1.226  8.146532e-01  5.014751e-01  0.000000e+00  9.008100e-01 |  36 2 1.892789e-02 
2019-04-15 12:10:30 | DEBUG |        1.245  8.281753e-01  4.727675e-01  0.000000e+00  9.008100e-01 |  37 2 1.892789e-02 
2019-04-15 12:10:30 | DEBUG |        1.264  8.395818e-01  4.457546e-01  0.000000e+00  9.008100e-01 |  38 2 1.892789e-02 
2019-04-15 12:10:30 | DEBUG |        1.283  8.491905e-01  4.211431e-01  0.000000e+00  9.008100e-01 |  39 2 1.892789e-02 
2019-04-15 12:10:30 | DEBUG |        1.302  8.572990e-01  3.995141e-01  0.000000e+00  9.008100e-01 |  40 2 1.892789e-02 
2019-04-15 12:10:30 | DEBUG |        1.321  8.639272e-01  3.813816e-01  0.000000e+00  9.008100e-01 |  41 2 1.892789e-02 
2019-04-15 12:10:30 | DEBUG |        1.340  8.683258e-01  3.674133e-01  0.000000e+00  9.008100e-01 |  42 2 1.892789e-02 
2019-04-15 12:10:30 | DEBUG |        1.359  8.704303e-01  3.583594e-01  0.000000e+00  9.008100e-01 |  43 2 1.892789e-02 
2019-04-15 12:10:30 | DEBUG |        1.378  8.702603e-01  3.541932e-01  0.000000e+00  9.008100e-01 |  44 2 1.892789e-02 
2019-04-15 12:10:30 | DEBUG |        1.397  8.680103e-01  3.550074e-01  0.000000e+00  9.008100e-01 |  45 2 1.892789e-02 
2019-04-15 12:10:30 | DEBUG |        1.415  8.638041e-01  3.607262e-01  0.000000e+00  9.008100e-01 |  46 2 1.892789e-02 
2019-04-15 12:10:30 | DEBUG |        1.453  8.500611e-01  3.858705e-01  0.000000e+00  9.008100e-01 |  47 2 3.785578e-02 
2019-04-15 12:10:30 | DEBUG |        1.487  8.313420e-01  4.225053e-01  0.000000e+00  9.008100e-01 |  48 2 3.407020e-02 
2019-04-15 12:10:30 | DEBUG |        1.521  8.061926e-01  4.696307e-01  0.000000e+00  9.008100e-01 |  49 2 3.407020e-02 
2019-04-15 12:10:30 | DEBUG |        1.556  7.743107e-01  5.239241e-01  0.000000e+00  9.008100e-01 |  50 2 3.407020e-02 
2019-04-15 12:10:30 | DEBUG |        1.590  7.360280e-01  5.817308e-01  0.000000e+00  9.008100e-01 |  51 2 3.407020e-02 
2019-04-15 12:10:30 | DEBUG |        1.624  6.925847e-01  6.394121e-01  0.000000e+00  9.008100e-01 |  52 2 3.407020e-02 
2019-04-15 12:10:30 | DEBUG |        1.654  6.507959e-01  6.887457e-01  0.000000e+00  9.008100e-01 |  53 2 3.066318e-02 
2019-04-15 12:10:30 | DEBUG |        1.685  6.087564e-01  7.338505e-01  0.000000e+00  9.008100e-01 |  54 2 3.066318e-02 
2019-04-15 12:10:30 | DEBUG |        1.716  5.687295e-01  7.736798e-01  0.000000e+00  9.008100e-01 |  55 2 3.066318e-02 
2019-04-15 12:10:30 | DEBUG |        1.746  5.331461e-01  8.084660e-01  0.000000e+00  9.008100e-01 |  56 2 3.066318e-02 
2019-04-15 12:10:30 | DEBUG |        1.777  5.034370e-01  8.380157e-01  0.000000e+00  9.008100e-01 |  57 2 3.066318e-02 
2019-04-15 12:10:30 | DEBUG |        1.808  4.808373e-01  8.628894e-01  0.000000e+00  9.008100e-01 |  58 2 3.066318e-02 
2019-04-15 12:10:30 | DEBUG |        1.838  4.659126e-01  8.834599e-01  0.000000e+00  9.008100e-01 |  59 2 3.066318e-02 
2019-04-15 12:10:30 | DEBUG |        1.869  4.587299e-01  8.999132e-01  0.000000e+00  9.008100e-01 |  60 2 3.066318e-02 
2019-04-15 12:10:30 | DEBUG |        1.900  4.589667e-01  9.122152e-01  0.000000e+00  9.008100e-01 |  61 2 3.066318e-02 
2019-04-15 12:10:30 | DEBUG |        1.930  4.660075e-01  9.201708e-01  0.000000e+00  9.008100e-01 |  62 2 3.066318e-02 
2019-04-15 12:10:30 | DEBUG |        1.961  4.790305e-01  9.234862e-01  0.000000e+00  9.008100e-01 |  63 2 3.066318e-02 
2019-04-15 12:10:30 | DEBUG |        1.992  4.970398e-01  9.219350e-01  0.000000e+00  9.008100e-01 |  64 2 3.066318e-02 
2019-04-15 12:10:30 | DEBUG |        2.022  5.189272e-01  9.154271e-01  0.000000e+00  9.008100e-01 |  65 2 3.066318e-02 
2019-04-15 12:10:30 | DEBUG |        2.053  5.435262e-01  9.040658e-01  0.000000e+00  9.008100e-01 |  66 2 3.066318e-02 
2019-04-15 12:10:30 | DEBUG |        2.084  5.696727e-01  8.881736e-01  0.000000e+00  9.008100e-01 |  67 2 3.066318e-02 
2019-04-15 12:10:30 | DEBUG |        2.114  5.962663e-01  8.682880e-01  0.000000e+00  9.008100e-01 |  68 2 3.066318e-02 
2019-04-15 12:10:30 | DEBUG |        2.145  6.223253e-01  8.451340e-01  0.000000e+00  9.008100e-01 |  69 2 3.066318e-02 
2019-04-15 12:10:30 | DEBUG |        2.176  6.470269e-01  8.195794e-01  0.000000e+00  9.008100e-01 |  70 2 3.066318e-02 
2019-04-15 12:10:30 | DEBUG |        2.206  6.697279e-01  7.925820e-01  0.000000e+00  9.008100e-01 |  71 2 3.066318e-02 
2019-04-15 12:10:30 | DEBUG |        2.237  6.899660e-01  7.651364e-01  0.000000e+00  9.008100e-01 |  72 2 3.066318e-02 
2019-04-15 12:10:30 | DEBUG |        2.268  7.074445e-01  7.382252e-01  0.000000e+00  9.008100e-01 |  73 2 3.066318e-02 
2019-04-15 12:10:30 | DEBUG |        2.298  7.220065e-01  7.127771e-01  0.000000e+00  9.008100e-01 |  74 2 3.066318e-02 
2019-04-15 12:10:30 | DEBUG |        2.329  7.336029e-01  6.896331e-01  0.000000e+00  9.008100e-01 |  75 2 3.066318e-02 
2019-04-15 12:10:30 | DEBUG |        2.360  7.422602e-01  6.695192e-01  0.000000e+00  9.008100e-01 |  76 2 3.066318e-02 
2019-04-15 12:10:30 | DEBUG |        2.390  7.480515e-01  6.530246e-01  0.000000e+00  9.008100e-01 |  77 2 3.066318e-02 
2019-04-15 12:10:30 | DEBUG |        2.421  7.510727e-01  6.405846e-01  0.000000e+00  9.008100e-01 |  78 2 3.066318e-02 
2019-04-15 12:10:30 | DEBUG |        2.452  7.514277e-01  6.324679e-01  0.000000e+00  9.008100e-01 |  79 2 3.066318e-02 
2019-04-15 12:10:30 | DEBUG |        2.482  7.492211e-01  6.287690e-01  0.000000e+00  9.008100e-01 |  80 2 3.066318e-02 
2019-04-15 12:10:30 | DEBUG |        2.544  7.378205e-01  6.336587e-01  0.000000e+00  9.008100e-01 |  81 2 6.132637e-02 
2019-04-15 12:10:30 | DEBUG |        2.599  7.204288e-01  6.502946e-01  0.000000e+00  9.008100e-01 |  82 2 5.519373e-02 
2019-04-15 12:10:30 | DEBUG |        2.654  6.976742e-01  6.752853e-01  0.000000e+00  9.008100e-01 |  83 2 5.519373e-02 
2019-04-15 12:10:30 | DEBUG |        2.704  6.740718e-01  7.019889e-01  0.000000e+00  9.008100e-01 |  84 2 4.967436e-02 
2019-04-15 12:10:30 | DEBUG |        2.753  6.495275e-01  7.298030e-01  0.000000e+00  9.008100e-01 |  85 2 4.967436e-02 
2019-04-15 12:10:30 | DEBUG |        2.798  6.283398e-01  7.539421e-01  0.000000e+00  9.008100e-01 |  86 2 4.470692e-02 
2019-04-15 12:10:30 | DEBUG |        2.843  6.097133e-01  7.758015e-01  0.000000e+00  9.008100e-01 |  87 2 4.470692e-02 
2019-04-15 12:10:30 | DEBUG |        2.887  5.949724e-01  7.944515e-01  0.000000e+00  9.008100e-01 |  88 2 4.470692e-02 
2019-04-15 12:10:30 | DEBUG |        2.932  5.850167e-01  8.092848e-01  0.000000e+00  9.008100e-01 |  89 2 4.470692e-02 
2019-04-15 12:10:30 | DEBUG |        2.977  5.802602e-01  8.199296e-01  0.000000e+00  9.008100e-01 |  90 2 4.470692e-02 
2019-04-15 12:10:30 | DEBUG |        3.022  5.806202e-01  8.261829e-01  0.000000e+00  9.008100e-01 |  91 2 4.470692e-02 
2019-04-15 12:10:30 | DEBUG |        3.066  5.856136e-01  8.280081e-01  0.000000e+00  9.008100e-01 |  92 2 4.470692e-02 
2019-04-15 12:10:30 | DEBUG |        3.111  5.944210e-01  8.255393e-01  0.000000e+00  9.008100e-01 |  93 2 4.470692e-02 
2019-04-15 12:10:30 | DEBUG |        3.156  6.060273e-01  8.191219e-01  0.000000e+00  9.008100e-01 |  94 2 4.470692e-02 
2019-04-15 12:10:30 | DEBUG |        3.200  6.193394e-01  8.093216e-01  0.000000e+00  9.008100e-01 |  95 2 4.470692e-02 
2019-04-15 12:10:30 | DEBUG |        3.245  6.332897e-01  7.969057e-01  0.000000e+00  9.008100e-01 |  96 2 4.470692e-02 
2019-04-15 12:10:30 | DEBUG |        3.290  6.469172e-01  7.827959e-01  0.000000e+00  9.008100e-01 |  97 2 4.470692e-02 
2019-04-15 12:10:30 | DEBUG |        3.334  6.594194e-01  7.680008e-01  0.000000e+00  9.008100e-01 |  98 2 4.470692e-02 
2019-04-15 12:10:30 | DEBUG |        3.379  6.701767e-01  7.535384e-01  0.000000e+00  9.008100e-01 |  99 2 4.470692e-02 
2019-04-15 12:10:30 | DEBUG |        3.424  6.787534e-01  7.403579e-01  0.000000e+00  9.008100e-01 | 100 2 4.470692e-02 
2019-04-15 12:10:30 | DEBUG |        3.469  6.848827e-01  7.292696e-01  0.000000e+00  9.008100e-01 | 101 2 4.470692e-02 
2019-04-15 12:10:30 | DEBUG |        3.513  6.884461e-01  7.208893e-01  0.000000e+00  9.008100e-01 | 102 2 4.470692e-02 
2019-04-15 12:10:30 | DEBUG |        3.558  6.894529e-01  7.156001e-01  0.000000e+00  9.008100e-01 | 103 2 4.470692e-02 
2019-04-15 12:10:30 | DEBUG |        3.603  6.880256e-01  7.135362e-01  0.000000e+00  9.008100e-01 | 104 2 4.470692e-02 
2019-04-15 12:10:30 | DEBUG |        3.647  6.843906e-01  7.145879e-01  0.000000e+00  9.008100e-01 | 105 2 4.470692e-02 
2019-04-15 12:10:30 | DEBUG |        3.692  6.788725e-01  7.184293e-01  0.000000e+00  9.008100e-01 | 106 2 4.470692e-02 
2019-04-15 12:10:30 | DEBUG |        3.737  6.718869e-01  7.245639e-01  0.000000e+00  9.008100e-01 | 107 2 4.470692e-02 
2019-04-15 12:10:30 | DEBUG |        3.782  6.639263e-01  7.323824e-01  0.000000e+00  9.008100e-01 | 108 2 4.470692e-02 
2019-04-15 12:10:30 | DEBUG |        3.826  6.555357e-01  7.412240e-01  0.000000e+00  9.008100e-01 | 109 2 4.470692e-02 
2019-04-15 12:10:30 | DEBUG |        3.871  6.472773e-01  7.504340e-01  0.000000e+00  9.008100e-01 | 110 2 4.470692e-02 
2019-04-15 12:10:30 | DEBUG |        3.916  6.396885e-01  7.594088e-01  0.000000e+00  9.008100e-01 | 111 2 4.470692e-02 
2019-04-15 12:10:30 | DEBUG |        3.960  6.332380e-01  7.676274e-01  0.000000e+00  9.008100e-01 | 112 2 4.470692e-02 
2019-04-15 12:10:30 | DEBUG |        4.005  6.282888e-01  7.746694e-01  0.000000e+00  9.008100e-01 | 113 2 4.470692e-02 
2019-04-15 12:10:30 | DEBUG |        4.050  6.250719e-01  7.802224e-01  0.000000e+00  9.008100e-01 | 114 2 4.470692e-02 
2019-04-15 12:10:30 | DEBUG |        4.094  6.236758e-01  7.840830e-01  0.000000e+00  9.008100e-01 | 115 2 4.470692e-02 
2019-04-15 12:10:30 | DEBUG |        4.139  6.240502e-01  7.861557e-01  0.000000e+00  9.008100e-01 | 116 2 4.470692e-02 
2019-04-15 12:10:30 | DEBUG |        4.184  6.260226e-01  7.864488e-01  0.000000e+00  9.008100e-01 | 117 2 4.470692e-02 
2019-04-15 12:10:30 | DEBUG |        4.229  6.293245e-01  7.850695e-01  0.000000e+00  9.008100e-01 | 118 2 4.470692e-02 
2019-04-15 12:10:30 | DEBUG |        4.273  6.336218e-01  7.822142e-01  0.000000e+00  9.008100e-01 | 119 2 4.470692e-02 
2019-04-15 12:10:30 | DEBUG |        4.318  6.385472e-01  7.781559e-01  0.000000e+00  9.008100e-01 | 120 2 4.470692e-02 
2019-04-15 12:10:30 | DEBUG |        4.363  6.437303e-01  7.732258e-01  0.000000e+00  9.008100e-01 | 121 2 4.470692e-02 
2019-04-15 12:10:30 | DEBUG |        4.407  6.488226e-01  7.677916e-01  0.000000e+00  9.008100e-01 | 122 2 4.470692e-02 
2019-04-15 12:10:30 | DEBUG |        4.452  6.535174e-01  7.622323e-01  0.000000e+00  9.008100e-01 | 123 2 4.470692e-02 
2019-04-15 12:10:30 | DEBUG |        4.497  6.575631e-01  7.569129e-01  0.000000e+00  9.008100e-01 | 124 2 4.470692e-02 
2019-04-15 12:10:30 | DEBUG |        4.542  6.607709e-01  7.521604e-01  0.000000e+00  9.008100e-01 | 125 2 4.470692e-02 
2019-04-15 12:10:30 | DEBUG |        4.586  6.630178e-01  7.482432e-01  0.000000e+00  9.008100e-01 | 126 2 4.470692e-02 
2019-04-15 12:10:30 | DEBUG |        4.676  6.645375e-01  7.436483e-01  0.000000e+00  9.008100e-01 | 127 2 8.941384e-02 
2019-04-15 12:10:30 | DEBUG |        4.765  6.625218e-01  7.433083e-01  0.000000e+00  9.008100e-01 | 128 2 8.941384e-02 
2019-04-15 12:10:30 | DEBUG |        4.854  6.579518e-01  7.466097e-01  0.000000e+00  9.008100e-01 | 129 2 8.941384e-02 
2019-04-15 12:10:30 | DEBUG |        4.944  6.521299e-01  7.522514e-01  0.000000e+00  9.008100e-01 | 130 2 8.941384e-02 
2019-04-15 12:10:30 | DEBUG |        5.000  6.483589e-01  7.564914e-01  0.000000e+00  9.008100e-01 | 131 2 5.608837e-02 
2019-04-15 12:10:30 | DEBUG | 
2019-04-15 12:10:30 | DEBUG | execution Stats :
2019-04-15 12:10:30 | DEBUG | 
2019-04-15 12:10:30 | DEBUG | number of iterations                     = 180
2019-04-15 12:10:30 | DEBUG | number of Residual evaluations           = 337
2019-04-15 12:10:30 | DEBUG | number of Jacobian evaluations           = 54
2019-04-15 12:10:30 | DEBUG | number of Nonlinear iterations           = 335
2019-04-15 12:10:30 | DEBUG | number of error test failures            = 11
2019-04-15 12:10:30 | DEBUG | number of Nonlinear convergence failures = 1
2019-04-15 12:10:30 | DEBUG | number of root functions evaluations     = 248
2019-04-15 12:10:30 | DEBUG | end of job SMIB_AVR_PSS
