2019-09-10 16:25:50 | DEBUG |  ============================================================ 
2019-09-10 16:25:50 | DEBUG | DYNAWO VERSION  :     1.0.1
2019-09-10 16:25:50 | DEBUG | DYNAWO REVISION :  401_network_connection-6ac65f1
2019-09-10 16:25:50 | DEBUG |  ============================================================ 
2019-09-10 16:25:51 | DEBUG | connecting DISCONNECT_LINE_event_state1_value with NETWORK__BUS____9-BUS___10-1_AC_state_value
2019-09-10 16:25:51 | DEBUG | connecting OMEGA_REF_omega_grp_0 with GEN____1_SM_generator_omegaPu
2019-09-10 16:25:51 | DEBUG | connecting OMEGA_REF_omegaRef_grp_0 with GEN____1_SM_generator_omegaRefPu
2019-09-10 16:25:51 | DEBUG | connecting OMEGA_REF_running_grp_0 with GEN____1_SM_generator_running
2019-09-10 16:25:51 | DEBUG | connecting GEN____1_SM_generator_switchOffSignal1 with NETWORK__BUS____1_TN_switchOff
2019-09-10 16:25:51 | DEBUG | connecting GEN____1_SM_generator_terminal with NETWORK__BUS____1_TN_ACPIN
2019-09-10 16:25:51 | DEBUG | connecting OMEGA_REF_omega_grp_1 with GEN____2_SM_generator_omegaPu
2019-09-10 16:25:51 | DEBUG | connecting OMEGA_REF_omegaRef_grp_1 with GEN____2_SM_generator_omegaRefPu
2019-09-10 16:25:51 | DEBUG | connecting OMEGA_REF_running_grp_1 with GEN____2_SM_generator_running
2019-09-10 16:25:51 | DEBUG | connecting GEN____2_SM_generator_switchOffSignal1 with NETWORK__BUS____2_TN_switchOff
2019-09-10 16:25:51 | DEBUG | connecting GEN____2_SM_generator_terminal with NETWORK__BUS____2_TN_ACPIN
2019-09-10 16:25:51 | DEBUG | connecting OMEGA_REF_omega_grp_2 with GEN____3_SM_generator_omegaPu
2019-09-10 16:25:51 | DEBUG | connecting OMEGA_REF_omegaRef_grp_2 with GEN____3_SM_generator_omegaRefPu
2019-09-10 16:25:51 | DEBUG | connecting OMEGA_REF_running_grp_2 with GEN____3_SM_generator_running
2019-09-10 16:25:51 | DEBUG | connecting GEN____3_SM_generator_switchOffSignal1 with NETWORK__BUS____3_TN_switchOff
2019-09-10 16:25:51 | DEBUG | connecting GEN____3_SM_generator_terminal with NETWORK__BUS____3_TN_ACPIN
2019-09-10 16:25:51 | DEBUG | connecting OMEGA_REF_omega_grp_3 with GEN____6_SM_generator_omegaPu
2019-09-10 16:25:51 | DEBUG | connecting OMEGA_REF_omegaRef_grp_3 with GEN____6_SM_generator_omegaRefPu
2019-09-10 16:25:51 | DEBUG | connecting OMEGA_REF_running_grp_3 with GEN____6_SM_generator_running
2019-09-10 16:25:51 | DEBUG | connecting GEN____6_SM_generator_switchOffSignal1 with NETWORK__BUS____6_TN_switchOff
2019-09-10 16:25:51 | DEBUG | connecting GEN____6_SM_generator_terminal with NETWORK__BUS____6_TN_ACPIN
2019-09-10 16:25:51 | DEBUG | connecting OMEGA_REF_omega_grp_4 with GEN____8_SM_generator_omegaPu
2019-09-10 16:25:51 | DEBUG | connecting OMEGA_REF_omegaRef_grp_4 with GEN____8_SM_generator_omegaRefPu
2019-09-10 16:25:51 | DEBUG | connecting OMEGA_REF_running_grp_4 with GEN____8_SM_generator_running
2019-09-10 16:25:51 | DEBUG | connecting GEN____8_SM_generator_switchOffSignal1 with NETWORK__BUS____8_TN_switchOff
2019-09-10 16:25:51 | DEBUG | connecting GEN____8_SM_generator_terminal with NETWORK__BUS____8_TN_ACPIN
2019-09-10 16:25:51 | DEBUG | connecting OMEGA_REF_numcc_node_0 with NETWORK__BUS____1_TN_numcc
2019-09-10 16:25:51 | DEBUG | connecting OMEGA_REF_numcc_node_1 with NETWORK__BUS____2_TN_numcc
2019-09-10 16:25:51 | DEBUG | connecting OMEGA_REF_numcc_node_2 with NETWORK__BUS____3_TN_numcc
2019-09-10 16:25:51 | DEBUG | connecting OMEGA_REF_numcc_node_3 with NETWORK__BUS____6_TN_numcc
2019-09-10 16:25:51 | DEBUG | connecting OMEGA_REF_numcc_node_4 with NETWORK__BUS____8_TN_numcc
2019-09-10 16:25:51 | DEBUG | connecting _LOAD__10_EC_load_terminal with NETWORK__BUS___10_TN_ACPIN
2019-09-10 16:25:51 | DEBUG | connecting _LOAD__11_EC_load_terminal with NETWORK__BUS___11_TN_ACPIN
2019-09-10 16:25:51 | DEBUG | connecting _LOAD__12_EC_load_terminal with NETWORK__BUS___12_TN_ACPIN
2019-09-10 16:25:51 | DEBUG | connecting _LOAD__13_EC_load_terminal with NETWORK__BUS___13_TN_ACPIN
2019-09-10 16:25:51 | DEBUG | connecting _LOAD__14_EC_load_terminal with NETWORK__BUS___14_TN_ACPIN
2019-09-10 16:25:51 | DEBUG | connecting _LOAD___2_EC_load_terminal with NETWORK__BUS____2_TN_ACPIN
2019-09-10 16:25:51 | DEBUG | connecting _LOAD___3_EC_load_terminal with NETWORK__BUS____3_TN_ACPIN
2019-09-10 16:25:51 | DEBUG | connecting _LOAD___4_EC_load_terminal with NETWORK__BUS____4_TN_ACPIN
2019-09-10 16:25:51 | DEBUG | connecting PhaseShifter_phaseShifter_PMonitored with NETWORK__BUS____5-BUS____6-1_PS_P1
2019-09-10 16:25:51 | DEBUG | connecting PhaseShifter_phaseShifter_AutomatonExists with NETWORK__BUS____5-BUS____6-1_PS_disable_internal_tapChanger
2019-09-10 16:25:51 | DEBUG | connecting PhaseShifter_phaseShifter_tap with NETWORK__BUS____5-BUS____6-1_PS_step
2019-09-10 16:25:51 | DEBUG | connecting _LOAD___5_EC_load_terminal with NETWORK__BUS____5_TN_ACPIN
2019-09-10 16:25:51 | DEBUG | connecting _LOAD___6_EC_load_terminal with NETWORK__BUS____6_TN_ACPIN
2019-09-10 16:25:51 | DEBUG | connecting _LOAD___9_EC_load_terminal with NETWORK__BUS____9_TN_ACPIN
2019-09-10 16:25:51 | INFO | adding curve : Id: NETWORK; output: _BUS____9-BUS___10-1_AC_P1 found.( _BUS____9-BUS___10-1_AC_P1_value )
2019-09-10 16:25:51 | INFO | adding curve : Id: NETWORK; output: _BUS____5-BUS____6-1_PS_P1 found.( _BUS____5-BUS____6-1_PS_P1_value )
2019-09-10 16:25:51 | INFO | adding curve : Id: NETWORK; output: _BUS____5-BUS____6-1_PS_step found.( _BUS____5-BUS____6-1_PS_step_value )
2019-09-10 16:25:51 | INFO | adding curve : Id: PhaseShifter; curve: phaseShifter_state found. (exact name)
2019-09-10 16:25:51 | INFO | adding parameter curve: Id: PhaseShifter; parameter curve: phaseShifter_valueMax found. (exact name)
2019-09-10 16:25:51 | INFO | adding parameter curve: Id: PhaseShifter; parameter curve: phaseShifter_valueMin found. (exact name)
2019-09-10 16:25:51 | INFO | adding curve : Id: PhaseShifter; output: phaseShifter_PMonitored found.( phaseShifter_PMonitored_value )
2019-09-10 16:25:51 | DEBUG | nbSubNetwork = 1 nbsub = 1
2019-09-10 16:25:51 | DEBUG | subNetwork[0] nbBus = 14
2019-09-10 16:25:51 | DEBUG | keep SubNetworks num : 0
2019-09-10 16:25:51 | DEBUG | _BUS____5-BUS____6-1_PS disable internal tap changer, use external automaton
2019-09-10 16:25:51 | DEBUG | call of SolverReInit ie a new symbolic and numerical factorization will be performed
2019-09-10 16:25:52 | DEBUG | -----------------------------------------------------------------------
2019-09-10 16:25:52 | DEBUG | number of continuous variables : 550 (display limited to 4 variables)
2019-09-10 16:25:52 | DEBUG | number of discrete variables : 264
2019-09-10 16:25:52 | DEBUG | -----------------------------------------------------------------------
2019-09-10 16:25:52 | DEBUG |     t              y1            y2            y3            y4      | nst k      h
2019-09-10 16:25:52 | DEBUG | -----------------------------------------------------------------------
2019-09-10 16:25:52 | DEBUG |        0.000  1.014792e+00 -2.737274e-01 -6.830820e-02  7.559011e-02 |   0 0 3.708099e-04 
2019-09-10 16:25:52 | DEBUG |        0.000  1.014792e+00 -2.737274e-01 -6.830820e-02  7.559011e-02 |   1 1 1.000000e-06 
2019-09-10 16:25:52 | DEBUG |        0.000  1.014792e+00 -2.737274e-01 -6.830820e-02  7.559011e-02 |   1 1 1.000000e-06 
2019-09-10 16:25:52 | DEBUG |        0.000  1.014792e+00 -2.737274e-01 -6.830820e-02  7.559011e-02 |   2 1 1.000000e-06 
2019-09-10 16:25:52 | DEBUG |        0.000  1.014792e+00 -2.737274e-01 -6.830820e-02  7.559011e-02 |   3 2 2.000000e-06 
2019-09-10 16:25:52 | DEBUG |        0.000  1.014792e+00 -2.737274e-01 -6.830820e-02  7.559011e-02 |   4 2 4.000000e-06 
2019-09-10 16:25:52 | DEBUG |        0.000  1.014792e+00 -2.737274e-01 -6.830820e-02  7.559011e-02 |   5 2 8.000000e-06 
2019-09-10 16:25:52 | DEBUG |        0.000  1.014792e+00 -2.737274e-01 -6.830820e-02  7.559011e-02 |   6 2 1.600000e-05 
2019-09-10 16:25:52 | DEBUG |        0.000  1.014792e+00 -2.737274e-01 -6.830820e-02  7.559011e-02 |   7 2 3.200000e-05 
2019-09-10 16:25:52 | DEBUG |        0.000  1.014792e+00 -2.737274e-01 -6.830820e-02  7.559010e-02 |   8 2 6.400000e-05 
2019-09-10 16:25:52 | DEBUG |        0.000  1.014792e+00 -2.737274e-01 -6.830819e-02  7.559010e-02 |   9 2 1.280000e-04 
2019-09-10 16:25:52 | DEBUG |        0.001  1.014791e+00 -2.737274e-01 -6.830819e-02  7.559010e-02 |  10 2 2.560000e-04 
2019-09-10 16:25:52 | DEBUG |        0.001  1.014791e+00 -2.737274e-01 -6.830819e-02  7.559008e-02 |  11 2 5.120000e-04 
2019-09-10 16:25:52 | DEBUG |        0.002  1.014791e+00 -2.737274e-01 -6.830818e-02  7.559006e-02 |  12 2 1.024000e-03 
2019-09-10 16:25:52 | DEBUG |        0.004  1.014790e+00 -2.737273e-01 -6.830816e-02  7.559002e-02 |  13 2 2.048000e-03 
2019-09-10 16:25:52 | DEBUG |        0.008  1.014790e+00 -2.737273e-01 -6.830812e-02  7.558996e-02 |  14 2 4.096000e-03 
2019-09-10 16:25:52 | DEBUG |        0.016  1.014788e+00 -2.737274e-01 -6.830807e-02  7.558987e-02 |  15 2 8.192000e-03 
2019-09-10 16:25:53 | DEBUG |        0.033  1.014787e+00 -2.737276e-01 -6.830801e-02  7.558982e-02 |  16 2 1.638400e-02 
2019-09-10 16:25:53 | DEBUG | Algebraic mode change for model GEN____3_SM
2019-09-10 16:25:53 | DEBUG |        0.037  1.014787e+00 -2.737277e-01 -6.830800e-02  7.558982e-02 |  17 2 3.276800e-02 
2019-09-10 16:25:53 | DEBUG | calculation of the new starting point of the simulation.
2019-09-10 16:25:53 | DEBUG |        0.037  1.014787e+00 -2.737277e-01 -6.830800e-02  7.558982e-02 |   0 0 0.000000e+00 
2019-09-10 16:25:53 | DEBUG |        0.037  1.014787e+00 -2.737277e-01 -6.830800e-02  7.558982e-02 |   1 1 1.000000e-06 
2019-09-10 16:25:53 | DEBUG |        0.037  1.014787e+00 -2.737277e-01 -6.830800e-02  7.558982e-02 |   2 1 1.000000e-06 
2019-09-10 16:25:53 | DEBUG |        0.037  1.014787e+00 -2.737277e-01 -6.830800e-02  7.558982e-02 |   3 2 2.000000e-06 
2019-09-10 16:25:53 | DEBUG |        0.037  1.014787e+00 -2.737277e-01 -6.830800e-02  7.558982e-02 |   4 2 4.000000e-06 
2019-09-10 16:25:53 | DEBUG |        0.037  1.014787e+00 -2.737277e-01 -6.830800e-02  7.558982e-02 |   5 2 8.000000e-06 
2019-09-10 16:25:53 | DEBUG |        0.037  1.014787e+00 -2.737277e-01 -6.830800e-02  7.558982e-02 |   6 2 1.600000e-05 
2019-09-10 16:25:53 | DEBUG |        0.037  1.014787e+00 -2.737277e-01 -6.830800e-02  7.558982e-02 |   7 2 3.200000e-05 
2019-09-10 16:25:53 | DEBUG |        0.037  1.014787e+00 -2.737277e-01 -6.830800e-02  7.558982e-02 |   8 2 6.400000e-05 
2019-09-10 16:25:53 | DEBUG |        0.037  1.014787e+00 -2.737277e-01 -6.830800e-02  7.558982e-02 |   9 2 1.280000e-04 
2019-09-10 16:25:53 | DEBUG |        0.037  1.014787e+00 -2.737277e-01 -6.830800e-02  7.558982e-02 |  10 2 2.560000e-04 
2019-09-10 16:25:53 | DEBUG |        0.038  1.014787e+00 -2.737277e-01 -6.830800e-02  7.558982e-02 |  11 2 5.120000e-04 
2019-09-10 16:25:53 | DEBUG |        0.039  1.014787e+00 -2.737278e-01 -6.830800e-02  7.558983e-02 |  12 2 1.024000e-03 
2019-09-10 16:25:53 | DEBUG |        0.041  1.014787e+00 -2.737278e-01 -6.830800e-02  7.558984e-02 |  13 2 2.048000e-03 
2019-09-10 16:25:53 | DEBUG |        0.045  1.014787e+00 -2.737280e-01 -6.830800e-02  7.558986e-02 |  14 2 4.096000e-03 
2019-09-10 16:25:53 | DEBUG |        0.053  1.014788e+00 -2.737282e-01 -6.830800e-02  7.558992e-02 |  15 2 8.192000e-03 
2019-09-10 16:25:53 | DEBUG |        0.069  1.014789e+00 -2.737289e-01 -6.830801e-02  7.559008e-02 |  16 2 1.638400e-02 
2019-09-10 16:25:53 | DEBUG |        0.102  1.014793e+00 -2.737305e-01 -6.830805e-02  7.559048e-02 |  17 2 3.276800e-02 
2019-09-10 16:25:53 | DEBUG |        0.168  1.014801e+00 -2.737340e-01 -6.830813e-02  7.559133e-02 |  18 2 6.553600e-02 
2019-09-10 16:25:53 | DEBUG |        0.299  1.014815e+00 -2.737411e-01 -6.830817e-02  7.559283e-02 |  19 2 1.310720e-01 
2019-09-10 16:25:53 | DEBUG |        0.561  1.014825e+00 -2.737504e-01 -6.830795e-02  7.559433e-02 |  20 1 2.621440e-01 
2019-09-10 16:25:53 | DEBUG | Algebraic mode change for model GEN____3_SM
2019-09-10 16:25:53 | DEBUG |        0.962  1.014831e+00 -2.737529e-01 -6.830799e-02  7.559488e-02 |  21 1 5.242880e-01 
2019-09-10 16:25:53 | DEBUG | calculation of the new starting point of the simulation.
2019-09-10 16:25:53 | DEBUG |        0.962  1.014831e+00 -2.737529e-01 -6.830799e-02  7.559488e-02 |   0 0 0.000000e+00 
2019-09-10 16:25:53 | DEBUG |        0.962  1.014831e+00 -2.737529e-01 -6.830799e-02  7.559488e-02 |   1 1 1.000000e-06 
2019-09-10 16:25:53 | DEBUG |        0.962  1.014831e+00 -2.737529e-01 -6.830799e-02  7.559488e-02 |   2 1 1.000000e-06 
2019-09-10 16:25:53 | DEBUG |        0.962  1.014831e+00 -2.737529e-01 -6.830799e-02  7.559488e-02 |   3 2 2.000000e-06 
2019-09-10 16:25:53 | DEBUG |        0.962  1.014831e+00 -2.737529e-01 -6.830799e-02  7.559488e-02 |   4 2 4.000000e-06 
2019-09-10 16:25:53 | DEBUG |        0.962  1.014831e+00 -2.737529e-01 -6.830799e-02  7.559488e-02 |   5 2 8.000000e-06 
2019-09-10 16:25:53 | DEBUG |        0.962  1.014831e+00 -2.737529e-01 -6.830799e-02  7.559488e-02 |   6 2 1.600000e-05 
2019-09-10 16:25:53 | DEBUG |        0.962  1.014831e+00 -2.737529e-01 -6.830799e-02  7.559488e-02 |   7 2 3.200000e-05 
2019-09-10 16:25:53 | DEBUG |        0.962  1.014831e+00 -2.737529e-01 -6.830799e-02  7.559488e-02 |   8 2 6.400000e-05 
2019-09-10 16:25:53 | DEBUG |        0.962  1.014831e+00 -2.737529e-01 -6.830799e-02  7.559488e-02 |   9 2 1.280000e-04 
2019-09-10 16:25:53 | DEBUG |        0.962  1.014831e+00 -2.737529e-01 -6.830799e-02  7.559488e-02 |  10 2 2.560000e-04 
2019-09-10 16:25:53 | DEBUG |        0.963  1.014831e+00 -2.737529e-01 -6.830799e-02  7.559488e-02 |  11 2 5.120000e-04 
2019-09-10 16:25:53 | DEBUG |        0.964  1.014831e+00 -2.737529e-01 -6.830799e-02  7.559488e-02 |  12 2 1.024000e-03 
2019-09-10 16:25:53 | DEBUG |        0.966  1.014831e+00 -2.737529e-01 -6.830799e-02  7.559489e-02 |  13 2 2.048000e-03 
2019-09-10 16:25:53 | DEBUG |        0.970  1.014831e+00 -2.737530e-01 -6.830799e-02  7.559489e-02 |  14 2 4.096000e-03 
2019-09-10 16:25:53 | DEBUG |        0.978  1.014831e+00 -2.737531e-01 -6.830798e-02  7.559491e-02 |  15 2 8.192000e-03 
2019-09-10 16:25:53 | DEBUG |        0.995  1.014831e+00 -2.737533e-01 -6.830798e-02  7.559495e-02 |  16 2 1.638400e-02 
2019-09-10 16:25:53 | DEBUG |        1.027  1.014832e+00 -2.737536e-01 -6.830798e-02  7.559501e-02 |  17 2 3.276800e-02 
2019-09-10 16:25:53 | DEBUG |        1.093  1.014832e+00 -2.737541e-01 -6.830798e-02  7.559511e-02 |  18 2 6.553600e-02 
2019-09-10 16:25:53 | DEBUG |        1.224  1.014834e+00 -2.737543e-01 -6.830801e-02  7.559521e-02 |  19 2 1.310720e-01 
2019-09-10 16:25:53 | DEBUG |        1.486  1.014835e+00 -2.737532e-01 -6.830813e-02  7.559520e-02 |  20 2 2.621440e-01 
2019-09-10 16:25:53 | DEBUG |        2.010  1.014836e+00 -2.737508e-01 -6.830832e-02  7.559505e-02 |  21 2 5.242880e-01 
2019-09-10 16:25:53 | DEBUG |        3.059  1.014835e+00 -2.737523e-01 -6.830819e-02  7.559514e-02 |  22 1 1.048576e+00 
2019-09-10 16:25:53 | DEBUG |        5.156  1.014835e+00 -2.737534e-01 -6.830812e-02  7.559521e-02 |  23 1 2.097152e+00 
2019-09-10 16:25:53 | DEBUG |        9.350  1.014835e+00 -2.737536e-01 -6.830810e-02  7.559523e-02 |  24 1 4.194304e+00 
2019-09-10 16:25:53 | DEBUG |       17.739  1.014835e+00 -2.737537e-01 -6.830809e-02  7.559524e-02 |  25 1 8.388608e+00 
2019-09-10 16:25:53 | DEBUG | state of Line _BUS____9-BUS___10-1_AC change from 3 to 2
2019-09-10 16:25:53 | DEBUG | nbSubNetwork = 1 nbsub = 1
2019-09-10 16:25:53 | DEBUG | subNetwork[0] nbBus = 14
2019-09-10 16:25:53 | DEBUG | keep SubNetworks num : 0
2019-09-10 16:25:53 | DEBUG | Algebraic mode (with J recalculation) change for model NETWORK
2019-09-10 16:25:53 | DEBUG |       20.000  1.014835e+00 -2.737537e-01 -6.830809e-02  7.559524e-02 |  26 1 1.000000e+01 
2019-09-10 16:25:53 | DEBUG | calculation of the new starting point of the simulation.
2019-09-10 16:25:53 | DEBUG | call of SolverReInit ie a new symbolic and numerical factorization will be performed
2019-09-10 16:25:53 | DEBUG |       20.000  9.846943e-01 -2.815700e-01 -6.668139e-02  7.428202e-02 |   0 0 0.000000e+00 
2019-09-10 16:25:53 | DEBUG |       20.000  9.846942e-01 -2.815701e-01 -6.668138e-02  7.428202e-02 |   1 1 1.000000e-06 
2019-09-10 16:25:53 | DEBUG |       20.000  9.846942e-01 -2.815701e-01 -6.668138e-02  7.428202e-02 |   2 1 1.000000e-06 
2019-09-10 16:25:53 | DEBUG |       20.000  9.846941e-01 -2.815702e-01 -6.668137e-02  7.428202e-02 |   3 2 2.000000e-06 
2019-09-10 16:25:53 | DEBUG |       20.000  9.846940e-01 -2.815704e-01 -6.668135e-02  7.428203e-02 |   4 2 4.000000e-06 
2019-09-10 16:25:53 | DEBUG |       20.000  9.846937e-01 -2.815708e-01 -6.668132e-02  7.428204e-02 |   5 2 8.000000e-06 
2019-09-10 16:25:53 | DEBUG |       20.000  9.846931e-01 -2.815715e-01 -6.668125e-02  7.428207e-02 |   6 2 1.600000e-05 
2019-09-10 16:25:53 | DEBUG |       20.000  9.846920e-01 -2.815730e-01 -6.668111e-02  7.428212e-02 |   7 2 3.200000e-05 
2019-09-10 16:25:53 | DEBUG |       20.000  9.846896e-01 -2.815759e-01 -6.668083e-02  7.428223e-02 |   8 2 6.400000e-05 
2019-09-10 16:25:53 | DEBUG |       20.000  9.846850e-01 -2.815818e-01 -6.668028e-02  7.428243e-02 |   9 2 1.280000e-04 
2019-09-10 16:25:53 | DEBUG |       20.001  9.846759e-01 -2.815935e-01 -6.667918e-02  7.428285e-02 |  10 2 2.560000e-04 
2019-09-10 16:25:53 | DEBUG |       20.001  9.846579e-01 -2.816165e-01 -6.667702e-02  7.428367e-02 |  11 2 5.120000e-04 
2019-09-10 16:25:53 | DEBUG |       20.002  9.846230e-01 -2.816614e-01 -6.667280e-02  7.428528e-02 |  12 2 1.024000e-03 
2019-09-10 16:25:53 | DEBUG |       20.004  9.845573e-01 -2.817469e-01 -6.666481e-02  7.428839e-02 |  13 2 2.048000e-03 
2019-09-10 16:25:54 | DEBUG | Algebraic mode change for model GEN____8_SM
2019-09-10 16:25:54 | DEBUG |       20.006  9.844922e-01 -2.818331e-01 -6.665678e-02  7.429160e-02 |  14 2 4.096000e-03 
2019-09-10 16:25:54 | DEBUG | calculation of the new starting point of the simulation.
2019-09-10 16:25:54 | DEBUG |       20.006  9.844922e-01 -2.818331e-01 -6.665678e-02  7.429160e-02 |   0 0 0.000000e+00 
2019-09-10 16:25:54 | DEBUG |       20.006  9.844922e-01 -2.818331e-01 -6.665678e-02  7.429160e-02 |   1 1 1.000000e-06 
2019-09-10 16:25:54 | DEBUG |       20.006  9.844922e-01 -2.818331e-01 -6.665677e-02  7.429160e-02 |   2 1 1.000000e-06 
2019-09-10 16:25:54 | DEBUG |       20.006  9.844921e-01 -2.818332e-01 -6.665677e-02  7.429161e-02 |   3 2 2.000000e-06 
2019-09-10 16:25:54 | DEBUG |       20.006  9.844920e-01 -2.818334e-01 -6.665675e-02  7.429161e-02 |   4 2 4.000000e-06 
2019-09-10 16:25:54 | DEBUG |       20.006  9.844918e-01 -2.818337e-01 -6.665673e-02  7.429162e-02 |   5 2 8.000000e-06 
2019-09-10 16:25:54 | DEBUG |       20.006  9.844913e-01 -2.818343e-01 -6.665667e-02  7.429165e-02 |   6 2 1.600000e-05 
2019-09-10 16:25:54 | DEBUG |       20.006  9.844904e-01 -2.818355e-01 -6.665656e-02  7.429169e-02 |   7 2 3.200000e-05 
2019-09-10 16:25:54 | DEBUG |       20.006  9.844886e-01 -2.818379e-01 -6.665634e-02  7.429178e-02 |   8 2 6.400000e-05 
2019-09-10 16:25:54 | DEBUG |       20.007  9.844851e-01 -2.818426e-01 -6.665590e-02  7.429196e-02 |   9 2 1.280000e-04 
2019-09-10 16:25:54 | DEBUG |       20.007  9.844780e-01 -2.818521e-01 -6.665502e-02  7.429232e-02 |  10 2 2.560000e-04 
2019-09-10 16:25:54 | DEBUG |       20.007  9.844641e-01 -2.818709e-01 -6.665328e-02  7.429304e-02 |  11 2 5.120000e-04 
2019-09-10 16:25:54 | DEBUG |       20.008  9.844372e-01 -2.819075e-01 -6.664990e-02  7.429445e-02 |  12 2 1.024000e-03 
2019-09-10 16:25:54 | DEBUG |       20.010  9.843866e-01 -2.819775e-01 -6.664347e-02  7.429721e-02 |  13 2 2.048000e-03 
2019-09-10 16:25:54 | DEBUG |       20.014  9.842973e-01 -2.821059e-01 -6.663180e-02  7.430250e-02 |  14 2 4.096000e-03 
2019-09-10 16:25:54 | DEBUG |       20.023  9.841583e-01 -2.823269e-01 -6.661228e-02  7.431256e-02 |  15 2 8.192000e-03 
2019-09-10 16:25:54 | DEBUG | Algebraic mode change for model GEN____3_SM
2019-09-10 16:25:54 | DEBUG |       20.026  9.841075e-01 -2.824172e-01 -6.660453e-02  7.431705e-02 |  16 2 1.638400e-02 
2019-09-10 16:25:54 | DEBUG | calculation of the new starting point of the simulation.
2019-09-10 16:25:54 | DEBUG |       20.026  9.841075e-01 -2.824172e-01 -6.660453e-02  7.431705e-02 |   0 0 0.000000e+00 
2019-09-10 16:25:54 | DEBUG |       20.026  9.841074e-01 -2.824172e-01 -6.660453e-02  7.431705e-02 |   1 1 1.000000e-06 
2019-09-10 16:25:54 | DEBUG |       20.026  9.841074e-01 -2.824172e-01 -6.660453e-02  7.431705e-02 |   2 1 1.000000e-06 
2019-09-10 16:25:54 | DEBUG |       20.026  9.841074e-01 -2.824172e-01 -6.660452e-02  7.431705e-02 |   3 2 2.000000e-06 
2019-09-10 16:25:54 | DEBUG |       20.026  9.841074e-01 -2.824173e-01 -6.660452e-02  7.431706e-02 |   4 2 4.000000e-06 
2019-09-10 16:25:54 | DEBUG |       20.026  9.841073e-01 -2.824175e-01 -6.660450e-02  7.431707e-02 |   5 2 8.000000e-06 
2019-09-10 16:25:54 | DEBUG |       20.026  9.841071e-01 -2.824178e-01 -6.660447e-02  7.431708e-02 |   6 2 1.600000e-05 
2019-09-10 16:25:54 | DEBUG |       20.026  9.841067e-01 -2.824185e-01 -6.660441e-02  7.431712e-02 |   7 2 3.200000e-05 
2019-09-10 16:25:54 | DEBUG |       20.027  9.841060e-01 -2.824199e-01 -6.660430e-02  7.431719e-02 |   8 2 6.400000e-05 
2019-09-10 16:25:54 | DEBUG |       20.027  9.841046e-01 -2.824227e-01 -6.660406e-02  7.431734e-02 |   9 2 1.280000e-04 
2019-09-10 16:25:54 | DEBUG |       20.027  9.841018e-01 -2.824283e-01 -6.660360e-02  7.431764e-02 |  10 2 2.560000e-04 
2019-09-10 16:25:54 | DEBUG |       20.027  9.840962e-01 -2.824393e-01 -6.660268e-02  7.431823e-02 |  11 2 5.120000e-04 
2019-09-10 16:25:54 | DEBUG |       20.028  9.840856e-01 -2.824610e-01 -6.660087e-02  7.431941e-02 |  12 2 1.024000e-03 
2019-09-10 16:25:54 | DEBUG |       20.030  9.840658e-01 -2.825032e-01 -6.659739e-02  7.432177e-02 |  13 2 2.048000e-03 
2019-09-10 16:25:54 | DEBUG |       20.035  9.840319e-01 -2.825837e-01 -6.659091e-02  7.432652e-02 |  14 2 4.096000e-03 
2019-09-10 16:25:54 | DEBUG |       20.043  9.839824e-01 -2.827326e-01 -6.657941e-02  7.433616e-02 |  15 2 8.192000e-03 
2019-09-10 16:25:54 | DEBUG |       20.059  9.839333e-01 -2.830037e-01 -6.656001e-02  7.435637e-02 |  16 2 1.638400e-02 
2019-09-10 16:25:54 | DEBUG |       20.092  9.839311e-01 -2.835179e-01 -6.652661e-02  7.440059e-02 |  17 2 3.276800e-02 
2019-09-10 16:25:54 | DEBUG |       20.125  9.839845e-01 -2.840351e-01 -6.649510e-02  7.444867e-02 |  18 2 3.276800e-02 
2019-09-10 16:25:54 | DEBUG |       20.190  9.840756e-01 -2.850806e-01 -6.643071e-02  7.454476e-02 |  19 2 6.553600e-02 
2019-09-10 16:25:54 | DEBUG |       20.256  9.841756e-01 -2.858948e-01 -6.638162e-02  7.462146e-02 |  20 1 6.553600e-02 
2019-09-10 16:25:54 | DEBUG |       20.337  9.843811e-01 -2.864053e-01 -6.635619e-02  7.467878e-02 |  21 1 8.103249e-02 
2019-09-10 16:25:54 | DEBUG |       20.418  9.846661e-01 -2.864745e-01 -6.636238e-02  7.470319e-02 |  22 1 8.103249e-02 
2019-09-10 16:25:54 | DEBUG | Algebraic mode change for model GEN____8_SM
2019-09-10 16:25:54 | DEBUG |       20.468  9.848613e-01 -2.863402e-01 -6.637842e-02  7.470425e-02 |  23 1 8.103249e-02 
2019-09-10 16:25:54 | DEBUG | calculation of the new starting point of the simulation.
2019-09-10 16:25:54 | DEBUG |       20.468  9.848613e-01 -2.863403e-01 -6.637842e-02  7.470425e-02 |   0 0 0.000000e+00 
2019-09-10 16:25:54 | DEBUG |       20.468  9.848613e-01 -2.863403e-01 -6.637842e-02  7.470425e-02 |   1 1 1.000000e-06 
2019-09-10 16:25:54 | DEBUG |       20.468  9.848613e-01 -2.863403e-01 -6.637842e-02  7.470425e-02 |   2 1 1.000000e-06 
2019-09-10 16:25:54 | DEBUG |       20.468  9.848613e-01 -2.863403e-01 -6.637842e-02  7.470425e-02 |   3 2 2.000000e-06 
2019-09-10 16:25:54 | DEBUG |       20.468  9.848613e-01 -2.863403e-01 -6.637842e-02  7.470425e-02 |   4 2 4.000000e-06 
2019-09-10 16:25:54 | DEBUG |       20.468  9.848614e-01 -2.863403e-01 -6.637842e-02  7.470426e-02 |   5 2 8.000000e-06 
2019-09-10 16:25:54 | DEBUG |       20.468  9.848614e-01 -2.863402e-01 -6.637843e-02  7.470426e-02 |   6 2 1.600000e-05 
2019-09-10 16:25:54 | DEBUG |       20.468  9.848615e-01 -2.863402e-01 -6.637843e-02  7.470426e-02 |   7 2 3.200000e-05 
2019-09-10 16:25:54 | DEBUG |       20.468  9.848618e-01 -2.863401e-01 -6.637845e-02  7.470427e-02 |   8 2 6.400000e-05 
2019-09-10 16:25:54 | DEBUG |       20.468  9.848623e-01 -2.863399e-01 -6.637848e-02  7.470429e-02 |   9 2 1.280000e-04 
2019-09-10 16:25:54 | DEBUG |       20.468  9.848632e-01 -2.863396e-01 -6.637854e-02  7.470432e-02 |  10 2 2.560000e-04 
2019-09-10 16:25:54 | DEBUG |       20.469  9.848652e-01 -2.863389e-01 -6.637865e-02  7.470438e-02 |  11 2 5.120000e-04 
2019-09-10 16:25:54 | DEBUG |       20.470  9.848690e-01 -2.863374e-01 -6.637889e-02  7.470451e-02 |  12 2 1.024000e-03 
2019-09-10 16:25:54 | DEBUG |       20.472  9.848768e-01 -2.863343e-01 -6.637938e-02  7.470474e-02 |  13 2 2.048000e-03 
2019-09-10 16:25:54 | DEBUG | Algebraic mode change for model GEN____6_SM
2019-09-10 16:25:54 | DEBUG |       20.473  9.848795e-01 -2.863332e-01 -6.637956e-02  7.470482e-02 |  14 2 4.096000e-03 
2019-09-10 16:25:54 | DEBUG | calculation of the new starting point of the simulation.
2019-09-10 16:25:54 | DEBUG |       20.473  9.848795e-01 -2.863332e-01 -6.637956e-02  7.470482e-02 |   0 0 0.000000e+00 
2019-09-10 16:25:54 | DEBUG |       20.473  9.848795e-01 -2.863332e-01 -6.637956e-02  7.470482e-02 |   1 1 1.000000e-06 
2019-09-10 16:25:54 | DEBUG |       20.473  9.848795e-01 -2.863332e-01 -6.637956e-02  7.470482e-02 |   2 1 1.000000e-06 
2019-09-10 16:25:54 | DEBUG |       20.473  9.848795e-01 -2.863332e-01 -6.637956e-02  7.470482e-02 |   3 2 2.000000e-06 
2019-09-10 16:25:54 | DEBUG |       20.473  9.848795e-01 -2.863332e-01 -6.637956e-02  7.470482e-02 |   4 2 4.000000e-06 
2019-09-10 16:25:54 | DEBUG |       20.473  9.848795e-01 -2.863332e-01 -6.637956e-02  7.470482e-02 |   5 2 8.000000e-06 
2019-09-10 16:25:54 | DEBUG |       20.473  9.848796e-01 -2.863332e-01 -6.637957e-02  7.470482e-02 |   6 2 1.600000e-05 
2019-09-10 16:25:54 | DEBUG |       20.473  9.848797e-01 -2.863331e-01 -6.637957e-02  7.470483e-02 |   7 2 3.200000e-05 
2019-09-10 16:25:54 | DEBUG |       20.473  9.848799e-01 -2.863330e-01 -6.637959e-02  7.470483e-02 |   8 2 6.400000e-05 
2019-09-10 16:25:54 | DEBUG |       20.473  9.848804e-01 -2.863328e-01 -6.637962e-02  7.470485e-02 |   9 2 1.280000e-04 
2019-09-10 16:25:54 | DEBUG |       20.473  9.848814e-01 -2.863324e-01 -6.637968e-02  7.470487e-02 |  10 2 2.560000e-04 
2019-09-10 16:25:54 | DEBUG |       20.474  9.848833e-01 -2.863316e-01 -6.637981e-02  7.470493e-02 |  11 2 5.120000e-04 
2019-09-10 16:25:54 | DEBUG |       20.475  9.848872e-01 -2.863299e-01 -6.638007e-02  7.470503e-02 |  12 2 1.024000e-03 
2019-09-10 16:25:54 | DEBUG |       20.477  9.848951e-01 -2.863263e-01 -6.638059e-02  7.470523e-02 |  13 2 2.048000e-03 
2019-09-10 16:25:55 | DEBUG |       20.481  9.849108e-01 -2.863185e-01 -6.638169e-02  7.470557e-02 |  14 2 4.096000e-03 
2019-09-10 16:25:55 | DEBUG |       20.489  9.849425e-01 -2.863004e-01 -6.638406e-02  7.470607e-02 |  15 2 8.192000e-03 
2019-09-10 16:25:55 | DEBUG |       20.505  9.850072e-01 -2.862550e-01 -6.638943e-02  7.470634e-02 |  16 2 1.638400e-02 
2019-09-10 16:25:55 | DEBUG |       20.538  9.851391e-01 -2.861330e-01 -6.640230e-02  7.470437e-02 |  17 2 3.276800e-02 
2019-09-10 16:25:55 | DEBUG |       20.604  9.853957e-01 -2.858177e-01 -6.643239e-02  7.469380e-02 |  18 2 6.553600e-02 
2019-09-10 16:25:55 | DEBUG | Algebraic mode change for model GEN____3_SM
2019-09-10 16:25:55 | DEBUG |       20.609  9.854151e-01 -2.857924e-01 -6.643476e-02  7.469288e-02 |  19 2 1.310720e-01 
2019-09-10 16:25:55 | DEBUG | calculation of the new starting point of the simulation.
2019-09-10 16:25:55 | DEBUG |       20.609  9.854151e-01 -2.857924e-01 -6.643476e-02  7.469288e-02 |   0 0 0.000000e+00 
2019-09-10 16:25:55 | DEBUG |       20.609  9.854151e-01 -2.857924e-01 -6.643476e-02  7.469288e-02 |   1 1 1.000000e-06 
2019-09-10 16:25:55 | DEBUG |       20.609  9.854151e-01 -2.857924e-01 -6.643476e-02  7.469288e-02 |   2 1 1.000000e-06 
2019-09-10 16:25:55 | DEBUG |       20.609  9.854151e-01 -2.857924e-01 -6.643476e-02  7.469288e-02 |   3 2 2.000000e-06 
2019-09-10 16:25:55 | DEBUG |       20.609  9.854151e-01 -2.857924e-01 -6.643476e-02  7.469288e-02 |   4 2 4.000000e-06 
2019-09-10 16:25:55 | DEBUG |       20.609  9.854151e-01 -2.857923e-01 -6.643477e-02  7.469288e-02 |   5 2 8.000000e-06 
2019-09-10 16:25:55 | DEBUG |       20.609  9.854152e-01 -2.857922e-01 -6.643478e-02  7.469287e-02 |   6 2 1.600000e-05 
2019-09-10 16:25:55 | DEBUG |       20.609  9.854153e-01 -2.857921e-01 -6.643479e-02  7.469286e-02 |   7 2 3.200000e-05 
2019-09-10 16:25:55 | DEBUG |       20.609  9.854156e-01 -2.857917e-01 -6.643483e-02  7.469285e-02 |   8 2 6.400000e-05 
2019-09-10 16:25:55 | DEBUG |       20.610  9.854160e-01 -2.857910e-01 -6.643489e-02  7.469282e-02 |   9 2 1.280000e-04 
2019-09-10 16:25:55 | DEBUG |       20.610  9.854170e-01 -2.857895e-01 -6.643502e-02  7.469275e-02 |  10 2 2.560000e-04 
2019-09-10 16:25:55 | DEBUG |       20.610  9.854190e-01 -2.857866e-01 -6.643529e-02  7.469263e-02 |  11 2 5.120000e-04 
2019-09-10 16:25:55 | DEBUG |       20.611  9.854229e-01 -2.857807e-01 -6.643582e-02  7.469238e-02 |  12 2 1.024000e-03 
2019-09-10 16:25:55 | DEBUG |       20.613  9.854308e-01 -2.857689e-01 -6.643687e-02  7.469187e-02 |  13 2 2.048000e-03 
2019-09-10 16:25:55 | DEBUG |       20.617  9.854463e-01 -2.857454e-01 -6.643898e-02  7.469085e-02 |  14 2 4.096000e-03 
2019-09-10 16:25:55 | DEBUG |       20.626  9.854770e-01 -2.856983e-01 -6.644319e-02  7.468877e-02 |  15 2 8.192000e-03 
2019-09-10 16:25:55 | DEBUG |       20.642  9.855361e-01 -2.856047e-01 -6.645149e-02  7.468453e-02 |  16 2 1.638400e-02 
2019-09-10 16:25:55 | DEBUG |       20.675  9.856435e-01 -2.854272e-01 -6.646703e-02  7.467620e-02 |  17 2 3.276800e-02 
2019-09-10 16:25:55 | DEBUG |       20.740  9.858027e-01 -2.851553e-01 -6.649065e-02  7.466308e-02 |  18 2 6.553600e-02 
2019-09-10 16:25:55 | DEBUG | Algebraic mode change for model GEN____6_SM
2019-09-10 16:25:55 | DEBUG |       20.810  9.858889e-01 -2.850292e-01 -6.650206e-02  7.465780e-02 |  19 2 1.310720e-01 
2019-09-10 16:25:55 | DEBUG | calculation of the new starting point of the simulation.
2019-09-10 16:25:55 | DEBUG | Algebraic mode change for model GEN____6_SM
2019-09-10 16:25:55 | DEBUG |       20.810  9.858889e-01 -2.850292e-01 -6.650206e-02  7.465780e-02 |   0 0 0.000000e+00 
2019-09-10 16:25:55 | DEBUG | Algebraic mode change for model GEN____6_SM
2019-09-10 16:25:55 | DEBUG |       20.810  9.858889e-01 -2.850292e-01 -6.650206e-02  7.465780e-02 |   1 1 1.000000e-06 
2019-09-10 16:25:55 | DEBUG | calculation of the new starting point of the simulation.
2019-09-10 16:25:55 | DEBUG |       20.810  9.858889e-01 -2.850292e-01 -6.650206e-02  7.465780e-02 |   0 0 0.000000e+00 
2019-09-10 16:25:55 | DEBUG |       20.810  9.858889e-01 -2.850292e-01 -6.650206e-02  7.465780e-02 |   1 1 1.000000e-06 
2019-09-10 16:25:55 | DEBUG |       20.810  9.858889e-01 -2.850292e-01 -6.650206e-02  7.465780e-02 |   2 1 1.000000e-06 
2019-09-10 16:25:55 | DEBUG |       20.810  9.858889e-01 -2.850292e-01 -6.650206e-02  7.465780e-02 |   3 2 2.000000e-06 
2019-09-10 16:25:55 | DEBUG |       20.810  9.858889e-01 -2.850292e-01 -6.650206e-02  7.465780e-02 |   4 2 4.000000e-06 
2019-09-10 16:25:55 | DEBUG |       20.810  9.858889e-01 -2.850292e-01 -6.650206e-02  7.465780e-02 |   5 2 8.000000e-06 
2019-09-10 16:25:55 | DEBUG |       20.810  9.858890e-01 -2.850292e-01 -6.650207e-02  7.465780e-02 |   6 2 1.600000e-05 
2019-09-10 16:25:55 | DEBUG |       20.810  9.858890e-01 -2.850291e-01 -6.650207e-02  7.465779e-02 |   7 2 3.200000e-05 
2019-09-10 16:25:55 | DEBUG |       20.810  9.858890e-01 -2.850291e-01 -6.650207e-02  7.465779e-02 |   8 2 6.400000e-05 
2019-09-10 16:25:55 | DEBUG |       20.810  9.858891e-01 -2.850289e-01 -6.650209e-02  7.465779e-02 |   9 2 1.280000e-04 
2019-09-10 16:25:55 | DEBUG |       20.810  9.858893e-01 -2.850287e-01 -6.650211e-02  7.465777e-02 |  10 2 2.560000e-04 
2019-09-10 16:25:55 | DEBUG |       20.811  9.858896e-01 -2.850281e-01 -6.650216e-02  7.465775e-02 |  11 2 5.120000e-04 
2019-09-10 16:25:55 | DEBUG |       20.812  9.858902e-01 -2.850271e-01 -6.650225e-02  7.465770e-02 |  12 2 1.024000e-03 
2019-09-10 16:25:55 | DEBUG |       20.814  9.858914e-01 -2.850252e-01 -6.650241e-02  7.465762e-02 |  13 2 2.048000e-03 
2019-09-10 16:25:55 | DEBUG |       20.818  9.858935e-01 -2.850221e-01 -6.650270e-02  7.465748e-02 |  14 2 4.096000e-03 
2019-09-10 16:25:55 | DEBUG |       20.826  9.858967e-01 -2.850182e-01 -6.650307e-02  7.465735e-02 |  15 2 8.192000e-03 
2019-09-10 16:25:55 | DEBUG |       20.843  9.858989e-01 -2.850198e-01 -6.650305e-02  7.465763e-02 |  16 2 1.638400e-02 
2019-09-10 16:25:55 | DEBUG |       20.875  9.858878e-01 -2.850592e-01 -6.650008e-02  7.466031e-02 |  17 2 3.276800e-02 
2019-09-10 16:25:55 | DEBUG |       20.941  9.858186e-01 -2.852556e-01 -6.648473e-02  7.467275e-02 |  18 2 6.553600e-02 
2019-09-10 16:25:55 | DEBUG | Algebraic mode change for model GEN____8_SM
2019-09-10 16:25:55 | DEBUG |       21.019  9.857101e-01 -2.855686e-01 -6.646035e-02  7.469270e-02 |  19 2 1.310720e-01 
2019-09-10 16:25:55 | DEBUG | calculation of the new starting point of the simulation.
2019-09-10 16:25:55 | DEBUG | Algebraic mode change for model GEN____8_SM
2019-09-10 16:25:55 | DEBUG |       21.019  9.857101e-01 -2.855686e-01 -6.646035e-02  7.469270e-02 |   0 0 0.000000e+00 
2019-09-10 16:25:55 | DEBUG | Algebraic mode change for model GEN____8_SM
2019-09-10 16:25:55 | DEBUG |       21.019  9.857101e-01 -2.855686e-01 -6.646035e-02  7.469270e-02 |   1 1 1.000000e-06 
2019-09-10 16:25:55 | DEBUG | calculation of the new starting point of the simulation.
2019-09-10 16:25:55 | DEBUG |       21.019  9.857101e-01 -2.855686e-01 -6.646035e-02  7.469270e-02 |   0 0 0.000000e+00 
2019-09-10 16:25:55 | DEBUG |       21.019  9.857101e-01 -2.855686e-01 -6.646035e-02  7.469270e-02 |   1 1 1.000000e-06 
2019-09-10 16:25:55 | DEBUG |       21.019  9.857101e-01 -2.855686e-01 -6.646035e-02  7.469270e-02 |   2 1 1.000000e-06 
2019-09-10 16:25:55 | DEBUG |       21.019  9.857101e-01 -2.855686e-01 -6.646035e-02  7.469270e-02 |   3 2 2.000000e-06 
2019-09-10 16:25:55 | DEBUG |       21.019  9.857101e-01 -2.855686e-01 -6.646035e-02  7.469270e-02 |   4 2 4.000000e-06 
2019-09-10 16:25:55 | DEBUG |       21.020  9.857101e-01 -2.855687e-01 -6.646035e-02  7.469270e-02 |   5 2 8.000000e-06 
2019-09-10 16:25:55 | DEBUG |       21.020  9.857100e-01 -2.855687e-01 -6.646034e-02  7.469271e-02 |   6 2 1.600000e-05 
2019-09-10 16:25:55 | DEBUG |       21.020  9.857100e-01 -2.855689e-01 -6.646032e-02  7.469272e-02 |   7 2 3.200000e-05 
2019-09-10 16:25:55 | DEBUG |       21.020  9.857098e-01 -2.855693e-01 -6.646030e-02  7.469274e-02 |   8 2 6.400000e-05 
2019-09-10 16:25:55 | DEBUG |       21.020  9.857096e-01 -2.855700e-01 -6.646024e-02  7.469279e-02 |   9 2 1.280000e-04 
2019-09-10 16:25:55 | DEBUG |       21.020  9.857091e-01 -2.855714e-01 -6.646013e-02  7.469288e-02 |  10 2 2.560000e-04 
2019-09-10 16:25:55 | DEBUG |       21.021  9.857080e-01 -2.855743e-01 -6.645990e-02  7.469306e-02 |  11 2 5.120000e-04 
2019-09-10 16:25:55 | DEBUG |       21.022  9.857059e-01 -2.855800e-01 -6.645945e-02  7.469342e-02 |  12 2 1.024000e-03 
2019-09-10 16:25:55 | DEBUG |       21.024  9.857017e-01 -2.855916e-01 -6.645855e-02  7.469414e-02 |  13 2 2.048000e-03 
2019-09-10 16:25:55 | DEBUG |       21.028  9.856934e-01 -2.856147e-01 -6.645673e-02  7.469559e-02 |  14 2 4.096000e-03 
2019-09-10 16:25:55 | DEBUG |       21.036  9.856766e-01 -2.856613e-01 -6.645308e-02  7.469852e-02 |  15 2 8.192000e-03 
2019-09-10 16:25:55 | DEBUG |       21.052  9.856433e-01 -2.857549e-01 -6.644575e-02  7.470443e-02 |  16 2 1.638400e-02 
2019-09-10 16:25:55 | DEBUG |       21.085  9.855801e-01 -2.859378e-01 -6.643151e-02  7.471610e-02 |  17 2 3.276800e-02 
2019-09-10 16:25:55 | DEBUG |       21.151  9.854822e-01 -2.862450e-01 -6.640788e-02  7.473625e-02 |  18 2 6.553600e-02 
2019-09-10 16:25:55 | DEBUG |       21.282  9.854385e-01 -2.864891e-01 -6.639039e-02  7.475445e-02 |  19 2 1.310720e-01 
2019-09-10 16:25:56 | DEBUG | Algebraic mode change for model GEN____6_SM
2019-09-10 16:25:56 | DEBUG |       21.396  9.855379e-01 -2.863299e-01 -6.640446e-02  7.474717e-02 |  20 2 1.310720e-01 
2019-09-10 16:25:56 | DEBUG | calculation of the new starting point of the simulation.
2019-09-10 16:25:56 | DEBUG |       21.396  9.855379e-01 -2.863300e-01 -6.640446e-02  7.474718e-02 |   0 0 0.000000e+00 
2019-09-10 16:25:56 | DEBUG |       21.396  9.855379e-01 -2.863300e-01 -6.640446e-02  7.474717e-02 |   1 1 1.000000e-06 
2019-09-10 16:25:56 | DEBUG |       21.396  9.855379e-01 -2.863300e-01 -6.640446e-02  7.474717e-02 |   2 1 1.000000e-06 
2019-09-10 16:25:56 | DEBUG |       21.396  9.855379e-01 -2.863300e-01 -6.640446e-02  7.474717e-02 |   3 2 2.000000e-06 
2019-09-10 16:25:56 | DEBUG |       21.396  9.855379e-01 -2.863299e-01 -6.640446e-02  7.474717e-02 |   4 2 4.000000e-06 
2019-09-10 16:25:56 | DEBUG |       21.396  9.855380e-01 -2.863299e-01 -6.640446e-02  7.474717e-02 |   5 2 8.000000e-06 
2019-09-10 16:25:56 | DEBUG |       21.396  9.855380e-01 -2.863299e-01 -6.640447e-02  7.474717e-02 |   6 2 1.600000e-05 
2019-09-10 16:25:56 | DEBUG |       21.396  9.855380e-01 -2.863298e-01 -6.640447e-02  7.474716e-02 |   7 2 3.200000e-05 
2019-09-10 16:25:56 | DEBUG |       21.396  9.855381e-01 -2.863296e-01 -6.640449e-02  7.474715e-02 |   8 2 6.400000e-05 
2019-09-10 16:25:56 | DEBUG |       21.396  9.855383e-01 -2.863292e-01 -6.640452e-02  7.474713e-02 |   9 2 1.280000e-04 
2019-09-10 16:25:56 | DEBUG |       21.396  9.855387e-01 -2.863285e-01 -6.640458e-02  7.474709e-02 |  10 2 2.560000e-04 
2019-09-10 16:25:56 | DEBUG |       21.397  9.855394e-01 -2.863269e-01 -6.640471e-02  7.474701e-02 |  11 2 5.120000e-04 
2019-09-10 16:25:56 | DEBUG |       21.398  9.855410e-01 -2.863239e-01 -6.640497e-02  7.474685e-02 |  12 2 1.024000e-03 
2019-09-10 16:25:56 | DEBUG |       21.400  9.855440e-01 -2.863177e-01 -6.640548e-02  7.474651e-02 |  13 2 2.048000e-03 
2019-09-10 16:25:56 | DEBUG |       21.404  9.855502e-01 -2.863050e-01 -6.640654e-02  7.474582e-02 |  14 2 4.096000e-03 
2019-09-10 16:25:56 | DEBUG |       21.412  9.855631e-01 -2.862782e-01 -6.640876e-02  7.474435e-02 |  15 2 8.192000e-03 
2019-09-10 16:25:56 | DEBUG | Algebraic mode change for model GEN____8_SM
2019-09-10 16:25:56 | DEBUG |       21.419  9.855746e-01 -2.862538e-01 -6.641078e-02  7.474299e-02 |  16 2 1.638400e-02 
2019-09-10 16:25:56 | DEBUG | calculation of the new starting point of the simulation.
2019-09-10 16:25:56 | DEBUG |       21.419  9.855746e-01 -2.862538e-01 -6.641078e-02  7.474299e-02 |   0 0 0.000000e+00 
2019-09-10 16:25:56 | DEBUG |       21.419  9.855746e-01 -2.862538e-01 -6.641078e-02  7.474299e-02 |   1 1 1.000000e-06 
2019-09-10 16:25:56 | DEBUG |       21.419  9.855746e-01 -2.862538e-01 -6.641078e-02  7.474299e-02 |   2 1 1.000000e-06 
2019-09-10 16:25:56 | DEBUG |       21.419  9.855746e-01 -2.862538e-01 -6.641078e-02  7.474299e-02 |   3 2 2.000000e-06 
2019-09-10 16:25:56 | DEBUG |       21.419  9.855746e-01 -2.862538e-01 -6.641078e-02  7.474299e-02 |   4 2 4.000000e-06 
2019-09-10 16:25:56 | DEBUG |       21.419  9.855746e-01 -2.862538e-01 -6.641078e-02  7.474299e-02 |   5 2 8.000000e-06 
2019-09-10 16:25:56 | DEBUG |       21.419  9.855747e-01 -2.862537e-01 -6.641079e-02  7.474298e-02 |   6 2 1.600000e-05 
2019-09-10 16:25:56 | DEBUG |       21.419  9.855747e-01 -2.862536e-01 -6.641080e-02  7.474298e-02 |   7 2 3.200000e-05 
2019-09-10 16:25:56 | DEBUG |       21.420  9.855748e-01 -2.862534e-01 -6.641081e-02  7.474296e-02 |   8 2 6.400000e-05 
2019-09-10 16:25:56 | DEBUG |       21.420  9.855750e-01 -2.862529e-01 -6.641085e-02  7.474294e-02 |   9 2 1.280000e-04 
2019-09-10 16:25:56 | DEBUG |       21.420  9.855755e-01 -2.862520e-01 -6.641093e-02  7.474289e-02 |  10 2 2.560000e-04 
2019-09-10 16:25:56 | DEBUG |       21.420  9.855763e-01 -2.862502e-01 -6.641108e-02  7.474278e-02 |  11 2 5.120000e-04 
2019-09-10 16:25:56 | DEBUG |       21.421  9.855780e-01 -2.862465e-01 -6.641138e-02  7.474258e-02 |  12 2 1.024000e-03 
2019-09-10 16:25:56 | DEBUG |       21.423  9.855814e-01 -2.862391e-01 -6.641199e-02  7.474216e-02 |  13 2 2.048000e-03 
2019-09-10 16:25:56 | DEBUG |       21.428  9.855884e-01 -2.862240e-01 -6.641323e-02  7.474131e-02 |  14 2 4.096000e-03 
2019-09-10 16:25:56 | DEBUG |       21.436  9.856026e-01 -2.861928e-01 -6.641579e-02  7.473954e-02 |  15 2 8.192000e-03 
2019-09-10 16:25:56 | DEBUG |       21.452  9.856319e-01 -2.861268e-01 -6.642118e-02  7.473575e-02 |  16 2 1.638400e-02 
2019-09-10 16:25:56 | DEBUG |       21.485  9.856923e-01 -2.859849e-01 -6.643265e-02  7.472743e-02 |  17 2 3.276800e-02 
2019-09-10 16:25:56 | DEBUG |       21.550  9.858052e-01 -2.857005e-01 -6.645536e-02  7.471023e-02 |  18 2 6.553600e-02 
2019-09-10 16:25:56 | DEBUG | Algebraic mode change for model GEN____6_SM
2019-09-10 16:25:56 | DEBUG |       21.678  9.859284e-01 -2.853402e-01 -6.648336e-02  7.468716e-02 |  19 2 1.310720e-01 
2019-09-10 16:25:56 | DEBUG | calculation of the new starting point of the simulation.
2019-09-10 16:25:56 | DEBUG |       21.678  9.859284e-01 -2.853402e-01 -6.648336e-02  7.468716e-02 |   0 0 0.000000e+00 
2019-09-10 16:25:56 | DEBUG |       21.678  9.859284e-01 -2.853402e-01 -6.648336e-02  7.468716e-02 |   1 1 1.000000e-06 
2019-09-10 16:25:56 | DEBUG |       21.678  9.859284e-01 -2.853402e-01 -6.648336e-02  7.468716e-02 |   2 1 1.000000e-06 
2019-09-10 16:25:56 | DEBUG |       21.678  9.859284e-01 -2.853402e-01 -6.648336e-02  7.468716e-02 |   3 2 2.000000e-06 
2019-09-10 16:25:56 | DEBUG |       21.678  9.859284e-01 -2.853402e-01 -6.648336e-02  7.468716e-02 |   4 2 4.000000e-06 
2019-09-10 16:25:56 | DEBUG |       21.678  9.859284e-01 -2.853402e-01 -6.648336e-02  7.468716e-02 |   5 2 8.000000e-06 
2019-09-10 16:25:56 | DEBUG |       21.678  9.859284e-01 -2.853401e-01 -6.648336e-02  7.468716e-02 |   6 2 1.600000e-05 
2019-09-10 16:25:56 | DEBUG |       21.678  9.859284e-01 -2.853401e-01 -6.648337e-02  7.468715e-02 |   7 2 3.200000e-05 
2019-09-10 16:25:56 | DEBUG |       21.678  9.859284e-01 -2.853399e-01 -6.648338e-02  7.468714e-02 |   8 2 6.400000e-05 
2019-09-10 16:25:56 | DEBUG |       21.678  9.859285e-01 -2.853397e-01 -6.648340e-02  7.468712e-02 |   9 2 1.280000e-04 
2019-09-10 16:25:56 | DEBUG |       21.678  9.859286e-01 -2.853391e-01 -6.648344e-02  7.468709e-02 |  10 2 2.560000e-04 
2019-09-10 16:25:56 | DEBUG |       21.679  9.859289e-01 -2.853380e-01 -6.648352e-02  7.468701e-02 |  11 2 5.120000e-04 
2019-09-10 16:25:56 | DEBUG |       21.680  9.859295e-01 -2.853359e-01 -6.648368e-02  7.468686e-02 |  12 2 1.024000e-03 
2019-09-10 16:25:56 | DEBUG |       21.682  9.859306e-01 -2.853317e-01 -6.648399e-02  7.468657e-02 |  13 2 2.048000e-03 
2019-09-10 16:25:56 | DEBUG |       21.686  9.859326e-01 -2.853237e-01 -6.648459e-02  7.468602e-02 |  14 2 4.096000e-03 
2019-09-10 16:25:56 | DEBUG |       21.694  9.859360e-01 -2.853094e-01 -6.648564e-02  7.468500e-02 |  15 2 8.192000e-03 
2019-09-10 16:25:56 | DEBUG |       21.711  9.859400e-01 -2.852871e-01 -6.648724e-02  7.468334e-02 |  16 2 1.638400e-02 
2019-09-10 16:25:56 | DEBUG |       21.743  9.859377e-01 -2.852689e-01 -6.648833e-02  7.468162e-02 |  17 2 3.276800e-02 
2019-09-10 16:25:56 | DEBUG |       21.809  9.858971e-01 -2.853280e-01 -6.648298e-02  7.468408e-02 |  18 2 6.553600e-02 
2019-09-10 16:25:56 | DEBUG |       21.940  9.857482e-01 -2.856623e-01 -6.645570e-02  7.470325e-02 |  19 2 1.310720e-01 
2019-09-10 16:25:56 | DEBUG |       22.071  9.856006e-01 -2.860546e-01 -6.642469e-02  7.472751e-02 |  20 2 1.310720e-01 
2019-09-10 16:25:56 | DEBUG |       22.202  9.855413e-01 -2.862644e-01 -6.640884e-02  7.474174e-02 |  21 2 1.310720e-01 
2019-09-10 16:25:56 | DEBUG |       22.333  9.855872e-01 -2.862102e-01 -6.641408e-02  7.474004e-02 |  22 2 1.310720e-01 
2019-09-10 16:25:56 | DEBUG |       22.595  9.857367e-01 -2.858610e-01 -6.644237e-02  7.471962e-02 |  23 2 2.621440e-01 
2019-09-10 16:25:56 | DEBUG |       22.858  9.857571e-01 -2.857605e-01 -6.644965e-02  7.471229e-02 |  24 1 2.621440e-01 
2019-09-10 16:25:56 | DEBUG |       23.120  9.857216e-01 -2.858309e-01 -6.644375e-02  7.471605e-02 |  25 1 2.621440e-01 
2019-09-10 16:25:56 | DEBUG |       23.644  9.856991e-01 -2.858914e-01 -6.643898e-02  7.471981e-02 |  26 1 5.242880e-01 
2019-09-10 16:25:56 | DEBUG |       24.693  9.856981e-01 -2.858997e-01 -6.643841e-02  7.472046e-02 |  27 1 1.048576e+00 
2019-09-10 16:25:56 | DEBUG |       26.790  9.856967e-01 -2.859054e-01 -6.643798e-02  7.472087e-02 |  28 1 2.097152e+00 
2019-09-10 16:25:56 | DEBUG | tap of Transformer _BUS____5-BUS____6-1_PS change from 7 to 8
2019-09-10 16:25:56 | DEBUG | Algebraic mode change for model NETWORK
2019-09-10 16:25:56 | DEBUG |       30.000  9.856959e-01 -2.859084e-01 -6.643776e-02  7.472107e-02 |  29 1 4.194304e+00 
2019-09-10 16:25:56 | DEBUG | calculation of the new starting point of the simulation.
2019-09-10 16:25:56 | DEBUG |       30.000  9.849022e-01 -2.892484e-01 -6.619085e-02  7.495760e-02 |   0 0 0.000000e+00 
2019-09-10 16:25:56 | DEBUG |       30.000  9.849022e-01 -2.892485e-01 -6.619085e-02  7.495759e-02 |   1 1 1.000000e-06 
2019-09-10 16:25:56 | DEBUG |       30.000  9.849022e-01 -2.892485e-01 -6.619085e-02  7.495760e-02 |   2 1 1.000000e-06 
2019-09-10 16:25:56 | DEBUG |       30.000  9.849021e-01 -2.892486e-01 -6.619084e-02  7.495760e-02 |   3 2 2.000000e-06 
2019-09-10 16:25:56 | DEBUG |       30.000  9.849021e-01 -2.892488e-01 -6.619082e-02  7.495761e-02 |   4 2 4.000000e-06 
2019-09-10 16:25:56 | DEBUG |       30.000  9.849019e-01 -2.892492e-01 -6.619079e-02  7.495764e-02 |   5 2 8.000000e-06 
2019-09-10 16:25:56 | DEBUG |       30.000  9.849016e-01 -2.892500e-01 -6.619073e-02  7.495769e-02 |   6 2 1.600000e-05 
2019-09-10 16:25:56 | DEBUG |       30.000  9.849010e-01 -2.892516e-01 -6.619060e-02  7.495778e-02 |   7 2 3.200000e-05 
2019-09-10 16:25:56 | DEBUG |       30.000  9.848998e-01 -2.892547e-01 -6.619035e-02  7.495798e-02 |   8 2 6.400000e-05 
2019-09-10 16:25:56 | DEBUG |       30.000  9.848974e-01 -2.892610e-01 -6.618985e-02  7.495836e-02 |   9 2 1.280000e-04 
2019-09-10 16:25:56 | DEBUG |       30.001  9.848925e-01 -2.892736e-01 -6.618885e-02  7.495913e-02 |  10 2 2.560000e-04 
2019-09-10 16:25:57 | DEBUG |       30.001  9.848830e-01 -2.892983e-01 -6.618689e-02  7.496065e-02 |  11 2 5.120000e-04 
2019-09-10 16:25:57 | DEBUG |       30.002  9.848644e-01 -2.893464e-01 -6.618306e-02  7.496359e-02 |  12 2 1.024000e-03 
2019-09-10 16:25:57 | DEBUG |       30.004  9.848289e-01 -2.894378e-01 -6.617577e-02  7.496917e-02 |  13 2 2.048000e-03 
2019-09-10 16:25:57 | DEBUG |       30.008  9.847640e-01 -2.896033e-01 -6.616257e-02  7.497924e-02 |  14 2 4.096000e-03 
2019-09-10 16:25:57 | DEBUG |       30.016  9.846538e-01 -2.898789e-01 -6.614049e-02  7.499587e-02 |  15 2 8.192000e-03 
2019-09-10 16:25:57 | DEBUG |       30.033  9.844851e-01 -2.902860e-01 -6.610765e-02  7.502007e-02 |  16 2 1.638400e-02 
2019-09-10 16:25:57 | DEBUG |       30.049  9.843614e-01 -2.905694e-01 -6.608455e-02  7.503651e-02 |  17 2 1.638400e-02 
2019-09-10 16:25:57 | DEBUG |       30.082  9.841553e-01 -2.910326e-01 -6.604663e-02  7.506313e-02 |  18 2 3.276800e-02 
2019-09-10 16:25:57 | DEBUG |       30.115  9.839716e-01 -2.914501e-01 -6.601253e-02  7.508727e-02 |  19 2 3.276800e-02 
2019-09-10 16:25:57 | DEBUG |       30.147  9.837866e-01 -2.918897e-01 -6.597693e-02  7.511322e-02 |  20 2 3.276800e-02 
2019-09-10 16:25:57 | DEBUG |       30.213  9.834311e-01 -2.927887e-01 -6.590493e-02  7.516780e-02 |  21 2 6.553600e-02 
2019-09-10 16:25:57 | DEBUG |       30.344  9.831998e-01 -2.935708e-01 -6.584520e-02  7.522031e-02 |  22 1 1.310720e-01 
2019-09-10 16:25:57 | DEBUG |       30.447  9.832534e-01 -2.935871e-01 -6.584615e-02  7.522517e-02 |  23 1 1.030510e-01 
2019-09-10 16:25:57 | DEBUG |       30.550  9.834183e-01 -2.932720e-01 -6.587290e-02  7.520863e-02 |  24 1 1.030510e-01 
2019-09-10 16:25:57 | DEBUG | Algebraic mode change for model GEN____6_SM
2019-09-10 16:25:57 | DEBUG |       30.635  9.835608e-01 -2.929470e-01 -6.589946e-02  7.518981e-02 |  25 1 1.030510e-01 
2019-09-10 16:25:57 | DEBUG | calculation of the new starting point of the simulation.
2019-09-10 16:25:57 | DEBUG |       30.635  9.835608e-01 -2.929470e-01 -6.589946e-02  7.518981e-02 |   0 0 0.000000e+00 
2019-09-10 16:25:57 | DEBUG |       30.635  9.835608e-01 -2.929470e-01 -6.589946e-02  7.518981e-02 |   1 1 1.000000e-06 
2019-09-10 16:25:57 | DEBUG |       30.635  9.835608e-01 -2.929470e-01 -6.589946e-02  7.518981e-02 |   2 1 1.000000e-06 
2019-09-10 16:25:57 | DEBUG |       30.635  9.835608e-01 -2.929470e-01 -6.589946e-02  7.518981e-02 |   3 2 2.000000e-06 
2019-09-10 16:25:57 | DEBUG |       30.635  9.835609e-01 -2.929470e-01 -6.589946e-02  7.518981e-02 |   4 2 4.000000e-06 
2019-09-10 16:25:57 | DEBUG |       30.635  9.835609e-01 -2.929470e-01 -6.589946e-02  7.518981e-02 |   5 2 8.000000e-06 
2019-09-10 16:25:57 | DEBUG |       30.635  9.835609e-01 -2.929469e-01 -6.589947e-02  7.518980e-02 |   6 2 1.600000e-05 
2019-09-10 16:25:57 | DEBUG |       30.635  9.835609e-01 -2.929468e-01 -6.589948e-02  7.518980e-02 |   7 2 3.200000e-05 
2019-09-10 16:25:57 | DEBUG |       30.635  9.835611e-01 -2.929466e-01 -6.589950e-02  7.518978e-02 |   8 2 6.400000e-05 
2019-09-10 16:25:57 | DEBUG |       30.635  9.835613e-01 -2.929461e-01 -6.589954e-02  7.518976e-02 |   9 2 1.280000e-04 
2019-09-10 16:25:57 | DEBUG |       30.636  9.835617e-01 -2.929452e-01 -6.589961e-02  7.518970e-02 |  10 2 2.560000e-04 
2019-09-10 16:25:57 | DEBUG |       30.636  9.835625e-01 -2.929433e-01 -6.589977e-02  7.518959e-02 |  11 2 5.120000e-04 
2019-09-10 16:25:57 | DEBUG |       30.637  9.835643e-01 -2.929395e-01 -6.590008e-02  7.518938e-02 |  12 2 1.024000e-03 
2019-09-10 16:25:57 | DEBUG |       30.639  9.835677e-01 -2.929318e-01 -6.590071e-02  7.518894e-02 |  13 2 2.048000e-03 
2019-09-10 16:25:57 | DEBUG |       30.643  9.835745e-01 -2.929164e-01 -6.590197e-02  7.518805e-02 |  14 2 4.096000e-03 
2019-09-10 16:25:57 | DEBUG |       30.651  9.835884e-01 -2.928852e-01 -6.590453e-02  7.518625e-02 |  15 2 8.192000e-03 
2019-09-10 16:25:57 | DEBUG |       30.668  9.836160e-01 -2.928214e-01 -6.590973e-02  7.518254e-02 |  16 2 1.638400e-02 
2019-09-10 16:25:57 | DEBUG |       30.701  9.836700e-01 -2.926929e-01 -6.592014e-02  7.517494e-02 |  17 2 3.276800e-02 
2019-09-10 16:25:57 | DEBUG | Algebraic mode change for model GEN____6_SM
2019-09-10 16:25:57 | DEBUG |       30.751  9.837423e-01 -2.925115e-01 -6.593469e-02  7.516396e-02 |  18 2 6.553600e-02 
2019-09-10 16:25:57 | DEBUG | calculation of the new starting point of the simulation.
2019-09-10 16:25:57 | DEBUG |       30.751  9.837423e-01 -2.925115e-01 -6.593469e-02  7.516396e-02 |   0 0 0.000000e+00 
2019-09-10 16:25:57 | DEBUG |       30.751  9.837423e-01 -2.925115e-01 -6.593469e-02  7.516396e-02 |   1 1 1.000000e-06 
2019-09-10 16:25:57 | DEBUG |       30.751  9.837423e-01 -2.925114e-01 -6.593469e-02  7.516396e-02 |   2 1 1.000000e-06 
2019-09-10 16:25:57 | DEBUG |       30.751  9.837423e-01 -2.925114e-01 -6.593469e-02  7.516396e-02 |   3 2 2.000000e-06 
2019-09-10 16:25:57 | DEBUG |       30.751  9.837423e-01 -2.925114e-01 -6.593470e-02  7.516396e-02 |   4 2 4.000000e-06 
2019-09-10 16:25:57 | DEBUG |       30.751  9.837423e-01 -2.925114e-01 -6.593470e-02  7.516396e-02 |   5 2 8.000000e-06 
2019-09-10 16:25:57 | DEBUG |       30.751  9.837424e-01 -2.925113e-01 -6.593470e-02  7.516395e-02 |   6 2 1.600000e-05 
2019-09-10 16:25:57 | DEBUG |       30.751  9.837424e-01 -2.925112e-01 -6.593471e-02  7.516395e-02 |   7 2 3.200000e-05 
2019-09-10 16:25:57 | DEBUG |       30.751  9.837425e-01 -2.925110e-01 -6.593473e-02  7.516393e-02 |   8 2 6.400000e-05 
2019-09-10 16:25:57 | DEBUG |       30.751  9.837427e-01 -2.925105e-01 -6.593477e-02  7.516391e-02 |   9 2 1.280000e-04 
2019-09-10 16:25:57 | DEBUG |       30.752  9.837430e-01 -2.925096e-01 -6.593484e-02  7.516385e-02 |  10 2 2.560000e-04 
2019-09-10 16:25:57 | DEBUG |       30.752  9.837437e-01 -2.925078e-01 -6.593498e-02  7.516374e-02 |  11 2 5.120000e-04 
2019-09-10 16:25:57 | DEBUG |       30.753  9.837451e-01 -2.925042e-01 -6.593527e-02  7.516352e-02 |  12 2 1.024000e-03 
2019-09-10 16:25:57 | DEBUG |       30.755  9.837478e-01 -2.924970e-01 -6.593584e-02  7.516307e-02 |  13 2 2.048000e-03 
2019-09-10 16:25:57 | DEBUG |       30.759  9.837532e-01 -2.924828e-01 -6.593697e-02  7.516220e-02 |  14 2 4.096000e-03 
2019-09-10 16:25:57 | DEBUG |       30.768  9.837636e-01 -2.924552e-01 -6.593916e-02  7.516048e-02 |  15 2 8.192000e-03 
2019-09-10 16:25:57 | DEBUG |       30.784  9.837825e-01 -2.924035e-01 -6.594324e-02  7.515725e-02 |  16 2 1.638400e-02 
2019-09-10 16:25:57 | DEBUG |       30.817  9.838127e-01 -2.923167e-01 -6.595004e-02  7.515171e-02 |  17 2 3.276800e-02 
2019-09-10 16:25:57 | DEBUG |       30.882  9.838403e-01 -2.922182e-01 -6.595750e-02  7.514501e-02 |  18 2 6.553600e-02 
2019-09-10 16:25:57 | DEBUG |       31.013  9.837949e-01 -2.922774e-01 -6.595194e-02  7.514718e-02 |  19 2 1.310720e-01 
2019-09-10 16:25:57 | DEBUG |       31.275  9.836275e-01 -2.926696e-01 -6.592007e-02  7.517019e-02 |  20 2 2.621440e-01 
2019-09-10 16:25:57 | DEBUG |       31.538  9.836019e-01 -2.927789e-01 -6.591197e-02  7.517796e-02 |  21 1 2.621440e-01 
2019-09-10 16:25:57 | DEBUG |       31.800  9.836386e-01 -2.927046e-01 -6.591820e-02  7.517392e-02 |  22 1 2.621440e-01 
2019-09-10 16:25:57 | DEBUG |       32.062  9.836601e-01 -2.926510e-01 -6.592250e-02  7.517069e-02 |  23 1 2.621440e-01 
2019-09-10 16:25:57 | DEBUG |       32.586  9.836615e-01 -2.926443e-01 -6.592300e-02  7.517020e-02 |  24 1 5.242880e-01 
2019-09-10 16:25:57 | DEBUG |       33.635  9.836587e-01 -2.926509e-01 -6.592246e-02  7.517059e-02 |  25 1 1.048576e+00 
2019-09-10 16:25:57 | DEBUG | tap of Transformer _BUS____5-BUS____6-1_PS change from 8 to 9
2019-09-10 16:25:57 | DEBUG | Algebraic mode change for model NETWORK
2019-09-10 16:25:57 | DEBUG |       35.000  9.836583e-01 -2.926521e-01 -6.592237e-02  7.517067e-02 |  26 1 2.097152e+00 
2019-09-10 16:25:57 | DEBUG | calculation of the new starting point of the simulation.
2019-09-10 16:25:57 | DEBUG |       35.000  9.828348e-01 -2.959853e-01 -6.567367e-02  7.540498e-02 |   0 0 0.000000e+00 
2019-09-10 16:25:57 | DEBUG |       35.000  9.828348e-01 -2.959854e-01 -6.567367e-02  7.540495e-02 |   1 1 1.000000e-06 
2019-09-10 16:25:57 | DEBUG |       35.000  9.828348e-01 -2.959854e-01 -6.567366e-02  7.540495e-02 |   2 1 1.000000e-06 
2019-09-10 16:25:57 | DEBUG |       35.000  9.828347e-01 -2.959855e-01 -6.567365e-02  7.540496e-02 |   3 2 2.000000e-06 
2019-09-10 16:25:57 | DEBUG |       35.000  9.828346e-01 -2.959857e-01 -6.567364e-02  7.540497e-02 |   4 2 4.000000e-06 
2019-09-10 16:25:57 | DEBUG |       35.000  9.828345e-01 -2.959861e-01 -6.567361e-02  7.540499e-02 |   5 2 8.000000e-06 
2019-09-10 16:25:57 | DEBUG |       35.000  9.828342e-01 -2.959869e-01 -6.567354e-02  7.540504e-02 |   6 2 1.600000e-05 
2019-09-10 16:25:57 | DEBUG |       35.000  9.828336e-01 -2.959885e-01 -6.567342e-02  7.540514e-02 |   7 2 3.200000e-05 
2019-09-10 16:25:57 | DEBUG |       35.000  9.828323e-01 -2.959917e-01 -6.567316e-02  7.540533e-02 |   8 2 6.400000e-05 
2019-09-10 16:25:57 | DEBUG |       35.000  9.828298e-01 -2.959979e-01 -6.567266e-02  7.540571e-02 |   9 2 1.280000e-04 
2019-09-10 16:25:57 | DEBUG |       35.001  9.828249e-01 -2.960104e-01 -6.567166e-02  7.540647e-02 |  10 2 2.560000e-04 
2019-09-10 16:25:57 | DEBUG |       35.001  9.828152e-01 -2.960351e-01 -6.566968e-02  7.540797e-02 |  11 2 5.120000e-04 
2019-09-10 16:25:57 | DEBUG |       35.002  9.827962e-01 -2.960831e-01 -6.566583e-02  7.541089e-02 |  12 2 1.024000e-03 
2019-09-10 16:25:57 | DEBUG |       35.004  9.827600e-01 -2.961742e-01 -6.565850e-02  7.541641e-02 |  13 2 2.048000e-03 
2019-09-10 16:25:57 | DEBUG |       35.008  9.826938e-01 -2.963393e-01 -6.564522e-02  7.542638e-02 |  14 2 4.096000e-03 
2019-09-10 16:25:57 | DEBUG |       35.016  9.825815e-01 -2.966141e-01 -6.562302e-02  7.544286e-02 |  15 2 8.192000e-03 
2019-09-10 16:25:57 | DEBUG |       35.017  9.825776e-01 -2.966237e-01 -6.562225e-02  7.544343e-02 |  16 2 1.638400e-02 
2019-09-10 16:25:57 | DEBUG |       35.017  9.825776e-01 -2.966237e-01 -6.562225e-02  7.544343e-02 |  16 2 1.638400e-02 
2019-09-10 16:25:57 | DEBUG |       35.033  9.824098e-01 -2.970203e-01 -6.558999e-02  7.546683e-02 |  16 2 1.638400e-02 
2019-09-10 16:25:57 | DEBUG |       35.049  9.822842e-01 -2.973030e-01 -6.556677e-02  7.548312e-02 |  17 2 1.638400e-02 
2019-09-10 16:25:57 | DEBUG |       35.082  9.820749e-01 -2.977654e-01 -6.552863e-02  7.550954e-02 |  18 2 3.276800e-02 
2019-09-10 16:25:57 | DEBUG |       35.115  9.818886e-01 -2.981824e-01 -6.549432e-02  7.553352e-02 |  19 2 3.276800e-02 
2019-09-10 16:25:57 | DEBUG |       35.147  9.817008e-01 -2.986215e-01 -6.545850e-02  7.555931e-02 |  20 2 3.276800e-02 
2019-09-10 16:25:57 | DEBUG |       35.213  9.813393e-01 -2.995197e-01 -6.538603e-02  7.561356e-02 |  21 2 6.553600e-02 
2019-09-10 16:25:57 | DEBUG |       35.344  9.811033e-01 -3.003016e-01 -6.532586e-02  7.566583e-02 |  22 1 1.310720e-01 
2019-09-10 16:25:57 | DEBUG |       35.447  9.811576e-01 -3.003181e-01 -6.532683e-02  7.567073e-02 |  23 1 1.032151e-01 
2019-09-10 16:25:57 | DEBUG |       35.550  9.813256e-01 -3.000031e-01 -6.535379e-02  7.565434e-02 |  24 1 1.032151e-01 
2019-09-10 16:25:57 | DEBUG |       35.654  9.815019e-01 -2.996090e-01 -6.538627e-02  7.563168e-02 |  25 1 1.032151e-01 
2019-09-10 16:25:57 | DEBUG |       35.860  9.816371e-01 -2.992524e-01 -6.541473e-02  7.560961e-02 |  26 1 2.064302e-01 
2019-09-10 16:25:57 | DEBUG |       36.067  9.816297e-01 -2.992396e-01 -6.541529e-02  7.560804e-02 |  27 1 2.064302e-01 
2019-09-10 16:25:57 | DEBUG |       36.273  9.815909e-01 -2.993246e-01 -6.540826e-02  7.561287e-02 |  28 1 2.064302e-01 
2019-09-10 16:25:57 | DEBUG |       36.686  9.815677e-01 -2.993870e-01 -6.540330e-02  7.561676e-02 |  29 1 4.128604e-01 
2019-09-10 16:25:57 | DEBUG |       37.512  9.815698e-01 -2.993865e-01 -6.540341e-02  7.561686e-02 |  30 1 8.257209e-01 
2019-09-10 16:25:57 | DEBUG |       39.163  9.815706e-01 -2.993853e-01 -6.540352e-02  7.561680e-02 |  31 1 1.651442e+00 
2019-09-10 16:25:57 | DEBUG |       42.466  9.815702e-01 -2.993866e-01 -6.540342e-02  7.561689e-02 |  32 1 3.302884e+00 
2019-09-10 16:25:57 | DEBUG | tap of Transformer _BUS____5-BUS____6-1_PS change from 9 to 10
2019-09-10 16:25:57 | DEBUG | Algebraic mode change for model NETWORK
2019-09-10 16:25:57 | DEBUG |       45.017  9.815702e-01 -2.993868e-01 -6.540341e-02  7.561690e-02 |  33 1 6.605767e+00 
2019-09-10 16:25:57 | DEBUG | calculation of the new starting point of the simulation.
2019-09-10 16:25:57 | DEBUG |       45.017  9.807168e-01 -3.027130e-01 -6.515294e-02  7.584899e-02 |   0 0 0.000000e+00 
2019-09-10 16:25:57 | DEBUG |       45.017  9.807168e-01 -3.027130e-01 -6.515293e-02  7.584891e-02 |   1 1 1.000000e-06 
2019-09-10 16:25:58 | DEBUG |       45.017  9.807168e-01 -3.027131e-01 -6.515293e-02  7.584892e-02 |   2 1 1.000000e-06 
2019-09-10 16:25:58 | DEBUG |       45.017  9.807167e-01 -3.027132e-01 -6.515292e-02  7.584893e-02 |   3 2 2.000000e-06 
2019-09-10 16:25:58 | DEBUG |       45.017  9.807166e-01 -3.027134e-01 -6.515290e-02  7.584893e-02 |   4 2 4.000000e-06 
2019-09-10 16:25:58 | DEBUG |       45.017  9.807165e-01 -3.027138e-01 -6.515287e-02  7.584896e-02 |   5 2 8.000000e-06 
2019-09-10 16:25:58 | DEBUG |       45.017  9.807162e-01 -3.027145e-01 -6.515281e-02  7.584901e-02 |   6 2 1.600000e-05 
2019-09-10 16:25:58 | DEBUG |       45.017  9.807155e-01 -3.027161e-01 -6.515268e-02  7.584910e-02 |   7 2 3.200000e-05 
2019-09-10 16:25:58 | DEBUG |       45.017  9.807143e-01 -3.027193e-01 -6.515242e-02  7.584929e-02 |   8 2 6.400000e-05 
2019-09-10 16:25:58 | DEBUG |       45.017  9.807117e-01 -3.027255e-01 -6.515192e-02  7.584967e-02 |   9 2 1.280000e-04 
2019-09-10 16:25:58 | DEBUG |       45.017  9.807067e-01 -3.027380e-01 -6.515091e-02  7.585042e-02 |  10 2 2.560000e-04 
2019-09-10 16:25:58 | DEBUG |       45.018  9.806968e-01 -3.027626e-01 -6.514892e-02  7.585191e-02 |  11 2 5.120000e-04 
2019-09-10 16:25:58 | DEBUG |       45.019  9.806775e-01 -3.028104e-01 -6.514505e-02  7.585480e-02 |  12 2 1.024000e-03 
2019-09-10 16:25:58 | DEBUG |       45.021  9.806406e-01 -3.029013e-01 -6.513769e-02  7.586027e-02 |  13 2 2.048000e-03 
2019-09-10 16:25:58 | DEBUG |       45.025  9.805731e-01 -3.030659e-01 -6.512433e-02  7.587014e-02 |  14 2 4.096000e-03 
2019-09-10 16:25:58 | DEBUG |       45.033  9.804588e-01 -3.033400e-01 -6.510201e-02  7.588645e-02 |  15 2 8.192000e-03 
2019-09-10 16:25:58 | DEBUG |       45.049  9.802841e-01 -3.037450e-01 -6.506881e-02  7.591019e-02 |  16 2 1.638400e-02 
2019-09-10 16:25:58 | DEBUG |       45.066  9.801565e-01 -3.040270e-01 -6.504546e-02  7.592634e-02 |  17 2 1.638400e-02 
2019-09-10 16:25:58 | DEBUG |       45.099  9.799442e-01 -3.044885e-01 -6.500711e-02  7.595254e-02 |  18 2 3.276800e-02 
2019-09-10 16:25:58 | DEBUG |       45.131  9.797552e-01 -3.049048e-01 -6.497261e-02  7.597635e-02 |  19 2 3.276800e-02 
2019-09-10 16:25:58 | DEBUG |       45.156  9.796128e-01 -3.052305e-01 -6.494581e-02  7.599534e-02 |  20 2 3.276800e-02 
2019-09-10 16:25:58 | DEBUG |       45.156  9.796128e-01 -3.052305e-01 -6.494581e-02  7.599534e-02 |  20 2 3.276800e-02 
2019-09-10 16:25:58 | DEBUG |       45.164  9.795645e-01 -3.053433e-01 -6.493656e-02  7.600198e-02 |  20 2 3.276800e-02 
2019-09-10 16:25:58 | DEBUG |       45.230  9.791972e-01 -3.062406e-01 -6.486363e-02  7.605588e-02 |  21 2 6.553600e-02 
2019-09-10 16:25:58 | DEBUG |       45.361  9.789563e-01 -3.070225e-01 -6.480302e-02  7.610791e-02 |  22 1 1.310720e-01 
2019-09-10 16:25:58 | DEBUG |       45.464  9.790114e-01 -3.070392e-01 -6.480400e-02  7.611286e-02 |  23 1 1.033987e-01 
2019-09-10 16:25:58 | DEBUG |       45.568  9.791824e-01 -3.067243e-01 -6.483118e-02  7.609662e-02 |  24 1 1.033987e-01 
2019-09-10 16:25:58 | DEBUG |       45.671  9.793619e-01 -3.063309e-01 -6.486386e-02  7.607416e-02 |  25 1 1.033987e-01 
2019-09-10 16:25:58 | DEBUG |       45.878  9.794994e-01 -3.059762e-01 -6.489241e-02  7.605236e-02 |  26 1 2.067974e-01 
2019-09-10 16:25:58 | DEBUG |       46.085  9.794919e-01 -3.059644e-01 -6.489290e-02  7.605086e-02 |  27 1 2.067974e-01 
2019-09-10 16:25:58 | DEBUG |       46.291  9.794525e-01 -3.060493e-01 -6.488583e-02  7.605567e-02 |  28 1 2.067974e-01 
2019-09-10 16:25:58 | DEBUG |       46.705  9.794292e-01 -3.061111e-01 -6.488088e-02  7.605951e-02 |  29 1 4.135948e-01 
2019-09-10 16:25:58 | DEBUG |       47.532  9.794314e-01 -3.061106e-01 -6.488099e-02  7.605960e-02 |  30 1 8.271896e-01 
2019-09-10 16:25:58 | DEBUG |       49.187  9.794322e-01 -3.061094e-01 -6.488110e-02  7.605956e-02 |  31 1 1.654379e+00 
2019-09-10 16:25:58 | DEBUG |       52.495  9.794318e-01 -3.061106e-01 -6.488101e-02  7.605964e-02 |  32 1 3.308758e+00 
2019-09-10 16:25:58 | DEBUG | tap of Transformer _BUS____5-BUS____6-1_PS change from 10 to 11
2019-09-10 16:25:58 | DEBUG | Algebraic mode change for model NETWORK
2019-09-10 16:25:58 | DEBUG |       55.156  9.794317e-01 -3.061108e-01 -6.488099e-02  7.605965e-02 |  33 1 6.617517e+00 
2019-09-10 16:25:58 | DEBUG | calculation of the new starting point of the simulation.
2019-09-10 16:25:58 | DEBUG |       55.156  9.785486e-01 -3.094297e-01 -6.462878e-02  7.628953e-02 |   0 0 0.000000e+00 
2019-09-10 16:25:58 | DEBUG |       55.156  9.785486e-01 -3.094298e-01 -6.462876e-02  7.628939e-02 |   1 1 1.000000e-06 
2019-09-10 16:25:58 | DEBUG |       55.156  9.785486e-01 -3.094298e-01 -6.462876e-02  7.628939e-02 |   2 1 1.000000e-06 
2019-09-10 16:25:58 | DEBUG |       55.156  9.785485e-01 -3.094299e-01 -6.462875e-02  7.628941e-02 |   3 2 2.000000e-06 
2019-09-10 16:25:58 | DEBUG |       55.156  9.785485e-01 -3.094301e-01 -6.462873e-02  7.628941e-02 |   4 2 4.000000e-06 
2019-09-10 16:25:58 | DEBUG |       55.156  9.785483e-01 -3.094305e-01 -6.462870e-02  7.628943e-02 |   5 2 8.000000e-06 
2019-09-10 16:25:58 | DEBUG |       55.156  9.785480e-01 -3.094313e-01 -6.462863e-02  7.628948e-02 |   6 2 1.600000e-05 
2019-09-10 16:25:58 | DEBUG |       55.156  9.785473e-01 -3.094328e-01 -6.462851e-02  7.628957e-02 |   7 2 3.200000e-05 
2019-09-10 16:25:58 | DEBUG |       55.156  9.785460e-01 -3.094360e-01 -6.462825e-02  7.628976e-02 |   8 2 6.400000e-05 
2019-09-10 16:25:58 | DEBUG |       55.156  9.785435e-01 -3.094422e-01 -6.462774e-02  7.629014e-02 |   9 2 1.280000e-04 
2019-09-10 16:25:58 | DEBUG |       55.156  9.785384e-01 -3.094547e-01 -6.462673e-02  7.629088e-02 |  10 2 2.560000e-04 
2019-09-10 16:25:58 | DEBUG |       55.157  9.785283e-01 -3.094792e-01 -6.462473e-02  7.629235e-02 |  11 2 5.120000e-04 
2019-09-10 16:25:58 | DEBUG |       55.158  9.785086e-01 -3.095269e-01 -6.462083e-02  7.629521e-02 |  12 2 1.024000e-03 
2019-09-10 16:25:58 | DEBUG |       55.160  9.784710e-01 -3.096175e-01 -6.461343e-02  7.630063e-02 |  13 2 2.048000e-03 
2019-09-10 16:25:58 | DEBUG |       55.164  9.784023e-01 -3.097816e-01 -6.460001e-02  7.631040e-02 |  14 2 4.096000e-03 
2019-09-10 16:25:58 | DEBUG |       55.172  9.782859e-01 -3.100550e-01 -6.457756e-02  7.632655e-02 |  15 2 8.192000e-03 
2019-09-10 16:25:58 | DEBUG |       55.189  9.781082e-01 -3.104589e-01 -6.454418e-02  7.635006e-02 |  16 2 1.638400e-02 
2019-09-10 16:25:58 | DEBUG |       55.205  9.779786e-01 -3.107402e-01 -6.452071e-02  7.636606e-02 |  17 2 1.638400e-02 
2019-09-10 16:25:58 | DEBUG |       55.238  9.777631e-01 -3.112007e-01 -6.448215e-02  7.639205e-02 |  18 2 3.276800e-02 
2019-09-10 16:25:58 | DEBUG |       55.240  9.777526e-01 -3.112234e-01 -6.448025e-02  7.639334e-02 |  19 2 3.276800e-02 
2019-09-10 16:25:58 | DEBUG |       55.240  9.777526e-01 -3.112234e-01 -6.448025e-02  7.639334e-02 |  19 2 3.276800e-02 
2019-09-10 16:25:58 | DEBUG |       55.271  9.775715e-01 -3.116165e-01 -6.444744e-02  7.641570e-02 |  19 2 3.276800e-02 
2019-09-10 16:25:58 | DEBUG |       55.303  9.773780e-01 -3.120545e-01 -6.441117e-02  7.644116e-02 |  20 2 3.276800e-02 
2019-09-10 16:25:58 | DEBUG |       55.369  9.770048e-01 -3.129510e-01 -6.433777e-02  7.649473e-02 |  21 2 6.553600e-02 
2019-09-10 16:25:58 | DEBUG |       55.500  9.767590e-01 -3.137329e-01 -6.427671e-02  7.654652e-02 |  22 1 1.310720e-01 
2019-09-10 16:25:58 | DEBUG |       55.604  9.768148e-01 -3.137498e-01 -6.427769e-02  7.655151e-02 |  23 1 1.035696e-01 
2019-09-10 16:25:59 | DEBUG |       55.707  9.769889e-01 -3.134350e-01 -6.430509e-02  7.653543e-02 |  24 1 1.035696e-01 
2019-09-10 16:25:59 | DEBUG |       55.811  9.771716e-01 -3.130423e-01 -6.433798e-02  7.651317e-02 |  25 1 1.035696e-01 
2019-09-10 16:25:59 | DEBUG |       56.018  9.773112e-01 -3.126895e-01 -6.436660e-02  7.649164e-02 |  26 1 2.071392e-01 
2019-09-10 16:25:59 | DEBUG |       56.225  9.773036e-01 -3.126787e-01 -6.436703e-02  7.649022e-02 |  27 1 2.071392e-01 
2019-09-10 16:25:59 | DEBUG |       56.432  9.772638e-01 -3.127635e-01 -6.435991e-02  7.649500e-02 |  28 1 2.071392e-01 
2019-09-10 16:25:59 | DEBUG |       56.846  9.772403e-01 -3.128249e-01 -6.435497e-02  7.649881e-02 |  29 1 4.142785e-01 
2019-09-10 16:25:59 | DEBUG |       57.675  9.772424e-01 -3.128245e-01 -6.435507e-02  7.649890e-02 |  30 1 8.285569e-01 
2019-09-10 16:25:59 | DEBUG |       59.332  9.772432e-01 -3.128234e-01 -6.435517e-02  7.649887e-02 |  31 1 1.657114e+00 
2019-09-10 16:25:59 | DEBUG |       62.646  9.772428e-01 -3.128247e-01 -6.435507e-02  7.649895e-02 |  32 1 3.314228e+00 
2019-09-10 16:25:59 | DEBUG |       69.275  9.772427e-01 -3.128252e-01 -6.435503e-02  7.649898e-02 |  33 1 6.628456e+00 
2019-09-10 16:25:59 | DEBUG |       79.275  9.772426e-01 -3.128253e-01 -6.435503e-02  7.649899e-02 |  34 1 1.000000e+01 
2019-09-10 16:25:59 | DEBUG |       89.275  9.772426e-01 -3.128253e-01 -6.435503e-02  7.649899e-02 |  35 1 1.000000e+01 
2019-09-10 16:25:59 | DEBUG |       99.275  9.772426e-01 -3.128253e-01 -6.435503e-02  7.649899e-02 |  36 1 1.000000e+01 
2019-09-10 16:25:59 | DEBUG |      100.000  9.772426e-01 -3.128253e-01 -6.435503e-02  7.649899e-02 |  37 1 7.252968e-01 
2019-09-10 16:25:59 | DEBUG | get parameter value in model multi : phaseShifter_valueMax value: 0.445 in submodel: PhaseShifter
2019-09-10 16:25:59 | INFO | parameter curve:PhaseShifter curve variable:phaseShifter_valueMax updated.
2019-09-10 16:25:59 | DEBUG | get parameter value in model multi : phaseShifter_valueMin value: 0.435 in submodel: PhaseShifter
2019-09-10 16:25:59 | INFO | parameter curve:PhaseShifter curve variable:phaseShifter_valueMin updated.
2019-09-10 16:25:59 | DEBUG | 
2019-09-10 16:25:59 | DEBUG | execution Stats :
2019-09-10 16:25:59 | DEBUG | 
2019-09-10 16:25:59 | DEBUG | number of iterations                     = 446
2019-09-10 16:25:59 | DEBUG | number of Residual evaluations           = 646
2019-09-10 16:25:59 | DEBUG | number of Jacobian evaluations           = 359
2019-09-10 16:25:59 | DEBUG | number of Nonlinear iterations           = 644
2019-09-10 16:25:59 | DEBUG | number of error test failures            = 1
2019-09-10 16:25:59 | DEBUG | number of Nonlinear convergence failures = 0
2019-09-10 16:25:59 | DEBUG | number of root functions evaluations     = 1582
2019-09-10 16:25:59 | DEBUG | end of job 'IEEE14 - PhaseShifterP'
