2021-04-14 11:58:35 | INFO |  ============================================================ 
2021-04-14 11:58:35 | INFO | DYNAWO VERSION  :     1.3.0
2021-04-14 11:58:35 | INFO | DYNAWO REVISION :  964_external_variables-cbe03798
2021-04-14 11:58:35 | INFO |  ============================================================ 
2021-04-14 11:58:35 | INFO | 
2021-04-14 11:58:35 | INFO | -----------------------------------------------------------------------
2021-04-14 11:58:35 | INFO | building model from input files
2021-04-14 11:58:35 | INFO | -----------------------------------------------------------------------
2021-04-14 11:59:19 | INFO | model was built successfully
2021-04-14 11:59:19 | INFO | -----------------------------------------------------------------------
2021-04-14 11:59:19 | INFO | 
2021-04-14 11:59:19 | INFO | -----------------------------------------------------------------------
2021-04-14 11:59:19 | INFO | starting local initialization
2021-04-14 11:59:19 | INFO | -----------------------------------------------------------------------
2021-04-14 11:59:19 | INFO | end of local initialization
2021-04-14 11:59:19 | INFO | -----------------------------------------------------------------------
2021-04-14 11:59:19 | INFO | 
2021-04-14 11:59:19 | INFO | -----------------------------------------------------------------------
2021-04-14 11:59:19 | INFO | starting global initialization
2021-04-14 11:59:19 | INFO | -----------------------------------------------------------------------
2021-04-14 11:59:19 | INFO | end of global initialization
2021-04-14 11:59:19 | INFO | -----------------------------------------------------------------------
2021-04-14 11:59:19 | INFO | 
2021-04-14 11:59:19 | INFO | -----------------------------------------------------------------------
2021-04-14 11:59:19 | INFO | starting curve initialization
2021-04-14 11:59:19 | INFO | -----------------------------------------------------------------------
2021-04-14 11:59:19 | INFO | end of curve initialization, added 18 curves
2021-04-14 11:59:19 | INFO | -----------------------------------------------------------------------
2021-04-14 11:59:19 | INFO | 
2021-04-14 11:59:19 | INFO | -----------------------------------------------------------------------
2021-04-14 11:59:19 | INFO | starting simulation with solver IDASolver
2021-04-14 11:59:19 | INFO | -----------------------------------------------------------------------
2021-04-14 11:59:19 | INFO | -----------------------------------------------------------------------
2021-04-14 11:59:19 | INFO | number of continuous variables : 68
2021-04-14 11:59:19 | INFO | number of discrete variables : 19
2021-04-14 11:59:19 | INFO | number of root functions : 21
2021-04-14 11:59:19 | INFO | -----------------------------------------------------------------------
2021-04-14 11:59:19 | INFO |         time | iter num   order (k)      time step (h)
2021-04-14 11:59:19 | INFO | -----------------------------------------------------------------------
2021-04-14 11:59:19 | INFO |        0.000 |        0           0              0.010 
2021-04-14 11:59:19 | INFO |        0.000 |        1           1              0.000 
2021-04-14 11:59:19 | INFO |        0.000 |        2           1              0.000 
2021-04-14 11:59:19 | INFO |        0.000 |        3           2              0.000 
2021-04-14 11:59:19 | INFO |        0.000 |        4           2              0.000 
2021-04-14 11:59:19 | INFO |        0.000 |        5           2              0.000 
2021-04-14 11:59:19 | INFO |        0.000 |        6           2              0.000 
2021-04-14 11:59:19 | INFO |        0.000 |        7           2              0.000 
2021-04-14 11:59:19 | INFO |        0.000 |        8           2              0.000 
2021-04-14 11:59:19 | INFO |        0.000 |        9           2              0.000 
2021-04-14 11:59:19 | INFO |        0.001 |       10           2              0.000 
2021-04-14 11:59:19 | INFO |        0.001 |       11           2              0.001 
2021-04-14 11:59:19 | INFO |        0.002 |       12           2              0.001 
2021-04-14 11:59:19 | INFO |        0.004 |       13           2              0.002 
2021-04-14 11:59:19 | INFO |        0.008 |       14           2              0.004 
2021-04-14 11:59:19 | INFO |        0.016 |       15           2              0.008 
2021-04-14 11:59:19 | INFO |        0.033 |       16           2              0.016 
2021-04-14 11:59:19 | INFO |        0.066 |       17           2              0.033 
2021-04-14 11:59:19 | INFO |        0.131 |       18           2              0.066 
2021-04-14 11:59:19 | INFO |        0.262 |       19           1              0.131 
2021-04-14 11:59:19 | INFO |        0.524 |       20           1              0.262 
2021-04-14 11:59:19 | INFO | Algebraic mode (with J recalculation) change at t = 1
2021-04-14 11:59:19 | INFO |        1.000 |       21           1              0.524 
2021-04-14 11:59:19 | INFO | calculation of the new starting point of the simulation.
2021-04-14 11:59:19 | INFO |        1.000 |        0           0              0.000 
2021-04-14 11:59:19 | INFO |        1.000 |        1           1              0.000 
2021-04-14 11:59:19 | INFO |        1.000 |        2           1              0.000 
2021-04-14 11:59:19 | INFO |        1.000 |        3           2              0.000 
2021-04-14 11:59:19 | INFO |        1.000 |        4           2              0.000 
2021-04-14 11:59:19 | INFO |        1.000 |        5           2              0.000 
2021-04-14 11:59:19 | INFO |        1.000 |        6           2              0.000 
2021-04-14 11:59:19 | INFO |        1.000 |        7           2              0.000 
2021-04-14 11:59:19 | INFO |        1.000 |        8           2              0.000 
2021-04-14 11:59:19 | INFO |        1.000 |        9           2              0.000 
2021-04-14 11:59:19 | INFO |        1.001 |       10           2              0.000 
2021-04-14 11:59:19 | INFO | Algebraic mode change at t = 1.00062
2021-04-14 11:59:19 | INFO |        1.001 |       11           2              0.001 
2021-04-14 11:59:19 | INFO | calculation of the new starting point of the simulation.
2021-04-14 11:59:19 | INFO |        1.001 |        0           0              0.000 
2021-04-14 11:59:19 | INFO |        1.001 |        1           1              0.000 
2021-04-14 11:59:19 | INFO |        1.001 |        2           1              0.000 
2021-04-14 11:59:19 | INFO |        1.001 |        3           2              0.000 
2021-04-14 11:59:19 | INFO |        1.001 |        4           2              0.000 
2021-04-14 11:59:19 | INFO |        1.001 |        5           2              0.000 
2021-04-14 11:59:19 | INFO |        1.001 |        6           2              0.000 
2021-04-14 11:59:19 | INFO |        1.001 |        7           2              0.000 
2021-04-14 11:59:19 | INFO |        1.001 |        8           2              0.000 
2021-04-14 11:59:19 | INFO |        1.001 |        9           2              0.000 
2021-04-14 11:59:19 | INFO |        1.001 |       10           2              0.000 
2021-04-14 11:59:19 | INFO |        1.002 |       11           2              0.001 
2021-04-14 11:59:19 | INFO |        1.003 |       12           2              0.001 
2021-04-14 11:59:19 | INFO |        1.005 |       13           2              0.002 
2021-04-14 11:59:19 | INFO |        1.007 |       14           2              0.002 
2021-04-14 11:59:19 | INFO |        1.009 |       15           2              0.002 
2021-04-14 11:59:19 | INFO |        1.011 |       16           2              0.002 
2021-04-14 11:59:19 | INFO |        1.013 |       17           2              0.002 
2021-04-14 11:59:19 | INFO |        1.015 |       18           2              0.002 
2021-04-14 11:59:19 | INFO |        1.017 |       19           2              0.002 
2021-04-14 11:59:19 | INFO |        1.019 |       20           2              0.002 
2021-04-14 11:59:19 | INFO |        1.021 |       21           2              0.002 
2021-04-14 11:59:19 | INFO |        1.023 |       22           2              0.002 
2021-04-14 11:59:19 | INFO |        1.025 |       23           2              0.002 
2021-04-14 11:59:19 | INFO |        1.027 |       24           2              0.002 
2021-04-14 11:59:19 | INFO |        1.029 |       25           2              0.002 
2021-04-14 11:59:19 | INFO |        1.031 |       26           2              0.002 
2021-04-14 11:59:19 | INFO |        1.035 |       27           2              0.004 
2021-04-14 11:59:19 | INFO |        1.039 |       28           2              0.004 
2021-04-14 11:59:19 | INFO |        1.043 |       29           2              0.004 
2021-04-14 11:59:19 | INFO |        1.046 |       30           2              0.004 
2021-04-14 11:59:19 | INFO |        1.050 |       31           2              0.004 
2021-04-14 11:59:19 | INFO |        1.054 |       32           2              0.004 
2021-04-14 11:59:19 | INFO |        1.058 |       33           2              0.004 
2021-04-14 11:59:19 | INFO |        1.061 |       34           2              0.004 
2021-04-14 11:59:19 | INFO |        1.065 |       35           2              0.004 
2021-04-14 11:59:19 | INFO |        1.069 |       36           2              0.004 
2021-04-14 11:59:19 | INFO | Algebraic mode (with J recalculation) change at t = 1.07
2021-04-14 11:59:19 | INFO |        1.070 |       37           2              0.007 
2021-04-14 11:59:19 | INFO | calculation of the new starting point of the simulation.
2021-04-14 11:59:19 | INFO |        1.070 |        0           0              0.000 
2021-04-14 11:59:19 | INFO |        1.070 |        1           1              0.000 
2021-04-14 11:59:19 | INFO |        1.070 |        2           1              0.000 
2021-04-14 11:59:19 | INFO |        1.070 |        3           2              0.000 
2021-04-14 11:59:19 | INFO |        1.070 |        4           2              0.000 
2021-04-14 11:59:19 | INFO |        1.070 |        5           2              0.000 
2021-04-14 11:59:19 | INFO |        1.070 |        6           2              0.000 
2021-04-14 11:59:19 | INFO |        1.070 |        7           2              0.000 
2021-04-14 11:59:19 | INFO |        1.070 |        8           2              0.000 
2021-04-14 11:59:19 | INFO |        1.070 |        9           2              0.000 
2021-04-14 11:59:19 | INFO |        1.071 |       10           2              0.000 
2021-04-14 11:59:19 | INFO |        1.071 |       11           2              0.001 
2021-04-14 11:59:19 | INFO |        1.072 |       12           2              0.001 
2021-04-14 11:59:19 | INFO |        1.074 |       13           2              0.002 
2021-04-14 11:59:19 | INFO |        1.076 |       14           2              0.002 
2021-04-14 11:59:19 | INFO |        1.078 |       15           2              0.002 
2021-04-14 11:59:19 | INFO |        1.080 |       16           2              0.002 
2021-04-14 11:59:19 | INFO |        1.082 |       17           2              0.002 
2021-04-14 11:59:19 | INFO |        1.084 |       18           2              0.002 
2021-04-14 11:59:19 | INFO |        1.086 |       19           2              0.002 
2021-04-14 11:59:19 | INFO |        1.088 |       20           2              0.002 
2021-04-14 11:59:19 | INFO |        1.090 |       21           2              0.002 
2021-04-14 11:59:19 | INFO |        1.093 |       22           2              0.002 
2021-04-14 11:59:19 | INFO |        1.095 |       23           2              0.002 
2021-04-14 11:59:19 | INFO |        1.099 |       24           2              0.004 
2021-04-14 11:59:19 | INFO |        1.103 |       25           2              0.004 
2021-04-14 11:59:19 | INFO |        1.107 |       26           2              0.004 
2021-04-14 11:59:19 | INFO |        1.111 |       27           2              0.004 
2021-04-14 11:59:19 | INFO |        1.115 |       28           2              0.004 
2021-04-14 11:59:19 | INFO |        1.119 |       29           2              0.004 
2021-04-14 11:59:19 | INFO |        1.123 |       30           2              0.004 
2021-04-14 11:59:19 | INFO |        1.127 |       31           2              0.004 
2021-04-14 11:59:19 | INFO |        1.131 |       32           2              0.004 
2021-04-14 11:59:19 | INFO |        1.136 |       33           2              0.004 
2021-04-14 11:59:19 | INFO |        1.144 |       34           2              0.008 
2021-04-14 11:59:19 | INFO |        1.152 |       35           2              0.008 
2021-04-14 11:59:19 | INFO |        1.160 |       36           2              0.008 
2021-04-14 11:59:19 | INFO |        1.168 |       37           2              0.008 
2021-04-14 11:59:19 | INFO |        1.176 |       38           2              0.008 
2021-04-14 11:59:19 | INFO |        1.185 |       39           2              0.008 
2021-04-14 11:59:19 | INFO |        1.193 |       40           2              0.008 
2021-04-14 11:59:19 | INFO |        1.201 |       41           2              0.008 
2021-04-14 11:59:19 | INFO |        1.217 |       42           2              0.016 
2021-04-14 11:59:19 | INFO |        1.234 |       43           2              0.016 
2021-04-14 11:59:19 | INFO |        1.250 |       44           2              0.016 
2021-04-14 11:59:19 | INFO |        1.267 |       45           2              0.016 
2021-04-14 11:59:19 | INFO |        1.283 |       46           2              0.016 
2021-04-14 11:59:19 | INFO |        1.299 |       47           2              0.016 
2021-04-14 11:59:19 | INFO |        1.316 |       48           2              0.016 
2021-04-14 11:59:19 | INFO |        1.332 |       49           2              0.016 
2021-04-14 11:59:19 | INFO |        1.365 |       50           2              0.033 
2021-04-14 11:59:19 | INFO |        1.398 |       51           2              0.033 
2021-04-14 11:59:19 | INFO |        1.430 |       52           2              0.033 
2021-04-14 11:59:19 | INFO |        1.463 |       53           2              0.033 
2021-04-14 11:59:19 | INFO | Algebraic mode change at t = 1.47882
2021-04-14 11:59:19 | INFO |        1.479 |       54           2              0.033 
2021-04-14 11:59:19 | INFO | calculation of the new starting point of the simulation.
2021-04-14 11:59:19 | INFO |        1.479 |        0           0              0.000 
2021-04-14 11:59:19 | INFO |        1.479 |        1           1              0.000 
2021-04-14 11:59:19 | INFO |        1.479 |        2           1              0.000 
2021-04-14 11:59:19 | INFO |        1.479 |        3           2              0.000 
2021-04-14 11:59:19 | INFO |        1.479 |        4           2              0.000 
2021-04-14 11:59:19 | INFO |        1.479 |        5           2              0.000 
2021-04-14 11:59:19 | INFO |        1.479 |        6           2              0.000 
2021-04-14 11:59:19 | INFO |        1.479 |        7           2              0.000 
2021-04-14 11:59:19 | INFO |        1.479 |        8           2              0.000 
2021-04-14 11:59:19 | INFO |        1.479 |        9           2              0.000 
2021-04-14 11:59:19 | INFO |        1.479 |       10           2              0.000 
2021-04-14 11:59:19 | INFO |        1.480 |       11           2              0.001 
2021-04-14 11:59:19 | INFO |        1.481 |       12           2              0.001 
2021-04-14 11:59:19 | INFO |        1.483 |       13           2              0.002 
2021-04-14 11:59:19 | INFO |        1.487 |       14           2              0.004 
2021-04-14 11:59:19 | INFO |        1.495 |       15           2              0.008 
2021-04-14 11:59:19 | INFO |        1.512 |       16           2              0.016 
2021-04-14 11:59:19 | INFO |        1.528 |       17           2              0.016 
2021-04-14 11:59:19 | INFO |        1.544 |       18           2              0.016 
2021-04-14 11:59:19 | INFO |        1.561 |       19           2              0.016 
2021-04-14 11:59:19 | INFO |        1.577 |       20           2              0.016 
2021-04-14 11:59:19 | INFO |        1.594 |       21           2              0.016 
2021-04-14 11:59:19 | INFO |        1.610 |       22           2              0.016 
2021-04-14 11:59:19 | INFO |        1.626 |       23           2              0.016 
2021-04-14 11:59:19 | INFO | Algebraic mode change at t = 1.6422
2021-04-14 11:59:19 | INFO |        1.642 |       24           2              0.016 
2021-04-14 11:59:19 | INFO | calculation of the new starting point of the simulation.
2021-04-14 11:59:19 | INFO |        1.642 |        0           0              0.000 
2021-04-14 11:59:19 | INFO |        1.642 |        1           1              0.000 
2021-04-14 11:59:19 | INFO |        1.642 |        2           1              0.000 
2021-04-14 11:59:19 | INFO |        1.642 |        3           2              0.000 
2021-04-14 11:59:19 | INFO |        1.642 |        4           2              0.000 
2021-04-14 11:59:19 | INFO |        1.642 |        5           2              0.000 
2021-04-14 11:59:19 | INFO |        1.642 |        6           2              0.000 
2021-04-14 11:59:19 | INFO |        1.642 |        7           2              0.000 
2021-04-14 11:59:19 | INFO |        1.642 |        8           2              0.000 
2021-04-14 11:59:19 | INFO |        1.642 |        9           2              0.000 
2021-04-14 11:59:19 | INFO |        1.643 |       10           2              0.000 
2021-04-14 11:59:19 | INFO |        1.643 |       11           2              0.001 
2021-04-14 11:59:19 | INFO |        1.644 |       12           2              0.001 
2021-04-14 11:59:19 | INFO |        1.646 |       13           2              0.002 
2021-04-14 11:59:19 | INFO |        1.650 |       14           2              0.004 
2021-04-14 11:59:19 | INFO |        1.659 |       15           2              0.008 
2021-04-14 11:59:19 | INFO |        1.675 |       16           2              0.016 
2021-04-14 11:59:19 | INFO |        1.691 |       17           2              0.016 
2021-04-14 11:59:19 | INFO |        1.708 |       18           2              0.016 
2021-04-14 11:59:19 | INFO |        1.724 |       19           2              0.016 
2021-04-14 11:59:19 | INFO | Algebraic mode change at t = 1.72726
2021-04-14 11:59:19 | INFO |        1.727 |       20           2              0.016 
2021-04-14 11:59:19 | INFO | calculation of the new starting point of the simulation.
2021-04-14 11:59:19 | INFO |        1.727 |        0           0              0.000 
2021-04-14 11:59:19 | INFO |        1.727 |        1           1              0.000 
2021-04-14 11:59:19 | INFO |        1.727 |        2           1              0.000 
2021-04-14 11:59:19 | INFO |        1.727 |        3           2              0.000 
2021-04-14 11:59:19 | INFO |        1.727 |        4           2              0.000 
2021-04-14 11:59:19 | INFO |        1.727 |        5           2              0.000 
2021-04-14 11:59:19 | INFO |        1.727 |        6           2              0.000 
2021-04-14 11:59:19 | INFO |        1.727 |        7           2              0.000 
2021-04-14 11:59:19 | INFO |        1.727 |        8           2              0.000 
2021-04-14 11:59:19 | INFO |        1.728 |        9           2              0.000 
2021-04-14 11:59:19 | INFO |        1.728 |       10           2              0.000 
2021-04-14 11:59:19 | INFO |        1.728 |       11           2              0.001 
2021-04-14 11:59:19 | INFO |        1.729 |       12           2              0.001 
2021-04-14 11:59:19 | INFO |        1.731 |       13           2              0.002 
2021-04-14 11:59:19 | INFO |        1.735 |       14           2              0.004 
2021-04-14 11:59:19 | INFO |        1.744 |       15           2              0.008 
2021-04-14 11:59:19 | INFO |        1.760 |       16           2              0.016 
2021-04-14 11:59:19 | INFO |        1.776 |       17           2              0.016 
2021-04-14 11:59:19 | INFO |        1.793 |       18           2              0.016 
2021-04-14 11:59:19 | INFO |        1.809 |       19           2              0.016 
2021-04-14 11:59:19 | INFO |        1.826 |       20           2              0.016 
2021-04-14 11:59:19 | INFO |        1.842 |       21           2              0.016 
2021-04-14 11:59:19 | INFO |        1.858 |       22           2              0.016 
2021-04-14 11:59:19 | INFO |        1.875 |       23           2              0.016 
2021-04-14 11:59:19 | INFO |        1.891 |       24           2              0.016 
2021-04-14 11:59:19 | INFO |        1.907 |       25           2              0.016 
2021-04-14 11:59:19 | INFO |        1.924 |       26           2              0.016 
2021-04-14 11:59:19 | INFO |        1.957 |       27           2              0.033 
2021-04-14 11:59:19 | INFO |        1.986 |       28           2              0.029 
2021-04-14 11:59:19 | INFO |        2.016 |       29           2              0.029 
2021-04-14 11:59:19 | INFO |        2.045 |       30           2              0.029 
2021-04-14 11:59:19 | INFO |        2.072 |       31           2              0.027 
2021-04-14 11:59:19 | INFO |        2.098 |       32           2              0.027 
2021-04-14 11:59:19 | INFO |        2.122 |       33           2              0.024 
2021-04-14 11:59:19 | INFO | Algebraic mode change at t = 2.14032
2021-04-14 11:59:19 | INFO |        2.140 |       34           2              0.024 
2021-04-14 11:59:19 | INFO | calculation of the new starting point of the simulation.
2021-04-14 11:59:19 | INFO |        2.140 |        0           0              0.000 
2021-04-14 11:59:19 | INFO |        2.140 |        1           1              0.000 
2021-04-14 11:59:19 | INFO |        2.140 |        2           1              0.000 
2021-04-14 11:59:19 | INFO |        2.140 |        3           2              0.000 
2021-04-14 11:59:19 | INFO |        2.140 |        4           2              0.000 
2021-04-14 11:59:19 | INFO |        2.140 |        5           2              0.000 
2021-04-14 11:59:19 | INFO |        2.140 |        6           2              0.000 
2021-04-14 11:59:19 | INFO |        2.140 |        7           2              0.000 
2021-04-14 11:59:19 | INFO |        2.140 |        8           2              0.000 
2021-04-14 11:59:19 | INFO |        2.141 |        9           2              0.000 
2021-04-14 11:59:19 | INFO |        2.141 |       10           2              0.000 
2021-04-14 11:59:19 | INFO |        2.141 |       11           2              0.001 
2021-04-14 11:59:19 | INFO |        2.142 |       12           2              0.001 
2021-04-14 11:59:19 | INFO |        2.144 |       13           2              0.002 
2021-04-14 11:59:19 | INFO |        2.149 |       14           2              0.004 
2021-04-14 11:59:19 | INFO |        2.157 |       15           2              0.008 
2021-04-14 11:59:19 | INFO |        2.173 |       16           2              0.016 
2021-04-14 11:59:19 | INFO |        2.189 |       17           2              0.016 
2021-04-14 11:59:19 | INFO |        2.206 |       18           2              0.016 
2021-04-14 11:59:19 | INFO |        2.222 |       19           2              0.016 
2021-04-14 11:59:19 | INFO |        2.239 |       20           2              0.016 
2021-04-14 11:59:19 | INFO |        2.271 |       21           2              0.033 
2021-04-14 11:59:19 | INFO |        2.301 |       22           2              0.029 
2021-04-14 11:59:19 | INFO |        2.330 |       23           2              0.029 
2021-04-14 11:59:19 | INFO |        2.360 |       24           2              0.029 
2021-04-14 11:59:19 | INFO |        2.389 |       25           2              0.029 
2021-04-14 11:59:19 | INFO |        2.419 |       26           2              0.029 
2021-04-14 11:59:19 | INFO |        2.448 |       27           2              0.029 
2021-04-14 11:59:19 | INFO |        2.478 |       28           2              0.029 
2021-04-14 11:59:19 | INFO |        2.507 |       29           2              0.029 
2021-04-14 11:59:19 | INFO |        2.537 |       30           2              0.029 
2021-04-14 11:59:19 | INFO |        2.566 |       31           2              0.029 
2021-04-14 11:59:19 | INFO |        2.596 |       32           2              0.029 
2021-04-14 11:59:19 | INFO |        2.625 |       33           2              0.029 
2021-04-14 11:59:19 | INFO |        2.655 |       34           2              0.029 
2021-04-14 11:59:19 | INFO |        2.684 |       35           2              0.029 
2021-04-14 11:59:19 | INFO |        2.714 |       36           2              0.029 
2021-04-14 11:59:19 | INFO |        2.743 |       37           2              0.029 
2021-04-14 11:59:19 | INFO |        2.773 |       38           2              0.029 
2021-04-14 11:59:19 | INFO | Algebraic mode change at t = 2.77666
2021-04-14 11:59:19 | INFO |        2.777 |       39           2              0.029 
2021-04-14 11:59:19 | INFO | calculation of the new starting point of the simulation.
2021-04-14 11:59:19 | INFO |        2.777 |        0           0              0.000 
2021-04-14 11:59:19 | INFO |        2.777 |        1           1              0.000 
2021-04-14 11:59:19 | INFO |        2.777 |        2           1              0.000 
2021-04-14 11:59:19 | INFO |        2.777 |        3           2              0.000 
2021-04-14 11:59:19 | INFO |        2.777 |        4           2              0.000 
2021-04-14 11:59:19 | INFO |        2.777 |        5           2              0.000 
2021-04-14 11:59:19 | INFO |        2.777 |        6           2              0.000 
2021-04-14 11:59:19 | INFO |        2.777 |        7           2              0.000 
2021-04-14 11:59:19 | INFO |        2.777 |        8           2              0.000 
2021-04-14 11:59:19 | INFO |        2.777 |        9           2              0.000 
2021-04-14 11:59:19 | INFO |        2.777 |       10           2              0.000 
2021-04-14 11:59:19 | INFO |        2.778 |       11           2              0.001 
2021-04-14 11:59:19 | INFO |        2.779 |       12           2              0.001 
2021-04-14 11:59:19 | INFO |        2.781 |       13           2              0.002 
2021-04-14 11:59:19 | INFO |        2.785 |       14           2              0.004 
2021-04-14 11:59:19 | INFO |        2.793 |       15           2              0.008 
2021-04-14 11:59:19 | INFO |        2.801 |       16           2              0.008 
2021-04-14 11:59:19 | INFO |        2.818 |       17           2              0.016 
2021-04-14 11:59:19 | INFO |        2.834 |       18           2              0.016 
2021-04-14 11:59:19 | INFO | Algebraic mode change at t = 2.84358
2021-04-14 11:59:19 | INFO |        2.844 |       19           2              0.016 
2021-04-14 11:59:19 | INFO | calculation of the new starting point of the simulation.
2021-04-14 11:59:19 | INFO |        2.844 |        0           0              0.000 
2021-04-14 11:59:19 | INFO |        2.844 |        1           1              0.000 
2021-04-14 11:59:19 | INFO |        2.844 |        2           1              0.000 
2021-04-14 11:59:19 | INFO |        2.844 |        3           2              0.000 
2021-04-14 11:59:19 | INFO |        2.844 |        4           2              0.000 
2021-04-14 11:59:19 | INFO |        2.844 |        5           2              0.000 
2021-04-14 11:59:19 | INFO |        2.844 |        6           2              0.000 
2021-04-14 11:59:19 | INFO |        2.844 |        7           2              0.000 
2021-04-14 11:59:19 | INFO |        2.844 |        8           2              0.000 
2021-04-14 11:59:19 | INFO |        2.844 |        9           2              0.000 
2021-04-14 11:59:19 | INFO |        2.844 |       10           2              0.000 
2021-04-14 11:59:19 | INFO |        2.845 |       11           2              0.001 
2021-04-14 11:59:19 | INFO |        2.846 |       12           2              0.001 
2021-04-14 11:59:19 | INFO |        2.848 |       13           2              0.002 
2021-04-14 11:59:19 | INFO |        2.852 |       14           2              0.004 
2021-04-14 11:59:19 | INFO |        2.860 |       15           2              0.008 
2021-04-14 11:59:19 | INFO |        2.868 |       16           2              0.008 
2021-04-14 11:59:19 | INFO |        2.885 |       17           2              0.016 
2021-04-14 11:59:19 | INFO |        2.901 |       18           2              0.016 
2021-04-14 11:59:19 | INFO |        2.917 |       19           2              0.016 
2021-04-14 11:59:19 | INFO |        2.934 |       20           2              0.016 
2021-04-14 11:59:19 | INFO |        2.950 |       21           2              0.016 
2021-04-14 11:59:19 | INFO |        2.966 |       22           2              0.016 
2021-04-14 11:59:19 | INFO |        2.983 |       23           2              0.016 
2021-04-14 11:59:19 | INFO |        2.999 |       24           2              0.016 
2021-04-14 11:59:19 | INFO |        3.016 |       25           2              0.016 
2021-04-14 11:59:19 | INFO |        3.032 |       26           2              0.016 
2021-04-14 11:59:19 | INFO |        3.048 |       27           2              0.016 
2021-04-14 11:59:19 | INFO |        3.065 |       28           2              0.016 
2021-04-14 11:59:19 | INFO | Algebraic mode change at t = 3.06993
2021-04-14 11:59:19 | INFO |        3.070 |       29           2              0.016 
2021-04-14 11:59:19 | INFO | calculation of the new starting point of the simulation.
2021-04-14 11:59:19 | INFO |        3.070 |        0           0              0.000 
2021-04-14 11:59:19 | INFO |        3.070 |        1           1              0.000 
2021-04-14 11:59:19 | INFO |        3.070 |        2           1              0.000 
2021-04-14 11:59:19 | INFO |        3.070 |        3           2              0.000 
2021-04-14 11:59:19 | INFO |        3.070 |        4           2              0.000 
2021-04-14 11:59:19 | INFO |        3.070 |        5           2              0.000 
2021-04-14 11:59:19 | INFO |        3.070 |        6           2              0.000 
2021-04-14 11:59:19 | INFO |        3.070 |        7           2              0.000 
2021-04-14 11:59:19 | INFO |        3.070 |        8           2              0.000 
2021-04-14 11:59:19 | INFO |        3.070 |        9           2              0.000 
2021-04-14 11:59:19 | INFO |        3.070 |       10           2              0.000 
2021-04-14 11:59:19 | INFO |        3.071 |       11           2              0.001 
2021-04-14 11:59:19 | INFO |        3.072 |       12           2              0.001 
2021-04-14 11:59:19 | INFO |        3.074 |       13           2              0.002 
2021-04-14 11:59:19 | INFO |        3.078 |       14           2              0.004 
2021-04-14 11:59:19 | INFO |        3.086 |       15           2              0.008 
2021-04-14 11:59:19 | INFO |        3.103 |       16           2              0.016 
2021-04-14 11:59:19 | INFO |        3.119 |       17           2              0.016 
2021-04-14 11:59:19 | INFO |        3.135 |       18           2              0.016 
2021-04-14 11:59:19 | INFO |        3.152 |       19           2              0.016 
2021-04-14 11:59:19 | INFO |        3.168 |       20           2              0.016 
2021-04-14 11:59:19 | INFO |        3.185 |       21           2              0.016 
2021-04-14 11:59:19 | INFO |        3.201 |       22           2              0.016 
2021-04-14 11:59:19 | INFO |        3.217 |       23           2              0.016 
2021-04-14 11:59:19 | INFO |        3.234 |       24           2              0.016 
2021-04-14 11:59:19 | INFO |        3.250 |       25           2              0.016 
2021-04-14 11:59:19 | INFO |        3.267 |       26           2              0.016 
2021-04-14 11:59:19 | INFO |        3.283 |       27           2              0.016 
2021-04-14 11:59:19 | INFO |        3.299 |       28           2              0.016 
2021-04-14 11:59:19 | INFO |        3.316 |       29           2              0.016 
2021-04-14 11:59:19 | INFO |        3.332 |       30           2              0.016 
2021-04-14 11:59:19 | INFO |        3.348 |       31           2              0.016 
2021-04-14 11:59:19 | INFO |        3.365 |       32           2              0.016 
2021-04-14 11:59:19 | INFO | Algebraic mode change at t = 3.37439
2021-04-14 11:59:19 | INFO |        3.374 |       33           2              0.016 
2021-04-14 11:59:19 | INFO | calculation of the new starting point of the simulation.
2021-04-14 11:59:19 | INFO |        3.374 |        0           0              0.000 
2021-04-14 11:59:19 | INFO |        3.374 |        1           1              0.000 
2021-04-14 11:59:19 | INFO |        3.374 |        2           1              0.000 
2021-04-14 11:59:19 | INFO |        3.374 |        3           2              0.000 
2021-04-14 11:59:19 | INFO |        3.374 |        4           2              0.000 
2021-04-14 11:59:19 | INFO |        3.374 |        5           2              0.000 
2021-04-14 11:59:19 | INFO |        3.374 |        6           2              0.000 
2021-04-14 11:59:19 | INFO |        3.374 |        7           2              0.000 
2021-04-14 11:59:19 | INFO |        3.375 |        8           2              0.000 
2021-04-14 11:59:19 | INFO |        3.375 |        9           2              0.000 
2021-04-14 11:59:19 | INFO |        3.375 |       10           2              0.000 
2021-04-14 11:59:19 | INFO |        3.375 |       11           2              0.001 
2021-04-14 11:59:19 | INFO |        3.376 |       12           2              0.001 
2021-04-14 11:59:19 | INFO |        3.378 |       13           2              0.002 
2021-04-14 11:59:19 | INFO |        3.383 |       14           2              0.004 
2021-04-14 11:59:19 | INFO |        3.391 |       15           2              0.008 
2021-04-14 11:59:19 | INFO |        3.407 |       16           2              0.016 
2021-04-14 11:59:19 | INFO |        3.424 |       17           2              0.016 
2021-04-14 11:59:19 | INFO |        3.440 |       18           2              0.016 
2021-04-14 11:59:19 | INFO |        3.456 |       19           2              0.016 
2021-04-14 11:59:19 | INFO |        3.473 |       20           2              0.016 
2021-04-14 11:59:19 | INFO |        3.489 |       21           2              0.016 
2021-04-14 11:59:19 | INFO |        3.505 |       22           2              0.016 
2021-04-14 11:59:19 | INFO |        3.522 |       23           2              0.016 
2021-04-14 11:59:19 | INFO |        3.538 |       24           2              0.016 
2021-04-14 11:59:19 | INFO |        3.571 |       25           2              0.033 
2021-04-14 11:59:19 | INFO |        3.600 |       26           2              0.029 
2021-04-14 11:59:19 | INFO |        3.630 |       27           2              0.029 
2021-04-14 11:59:19 | INFO |        3.659 |       28           2              0.029 
2021-04-14 11:59:19 | INFO |        3.689 |       29           2              0.029 
2021-04-14 11:59:19 | INFO |        3.718 |       30           2              0.029 
2021-04-14 11:59:19 | INFO |        3.748 |       31           2              0.029 
2021-04-14 11:59:19 | INFO |        3.777 |       32           2              0.029 
2021-04-14 11:59:19 | INFO |        3.804 |       33           2              0.027 
2021-04-14 11:59:19 | INFO |        3.831 |       34           2              0.027 
2021-04-14 11:59:19 | INFO |        3.853 |       35           2              0.022 
2021-04-14 11:59:19 | INFO |        3.873 |       36           2              0.020 
2021-04-14 11:59:19 | INFO |        3.891 |       37           2              0.018 
2021-04-14 11:59:19 | INFO |        3.907 |       38           2              0.016 
2021-04-14 11:59:19 | INFO |        3.921 |       39           2              0.014 
2021-04-14 11:59:19 | INFO |        3.936 |       40           2              0.014 
2021-04-14 11:59:19 | INFO |        3.950 |       41           2              0.014 
2021-04-14 11:59:19 | INFO |        3.965 |       42           2              0.014 
2021-04-14 11:59:19 | INFO |        3.978 |       43           2              0.013 
2021-04-14 11:59:19 | INFO |        3.990 |       44           2              0.012 
2021-04-14 11:59:19 | INFO |        4.001 |       45           2              0.012 
2021-04-14 11:59:19 | INFO |        4.012 |       46           2              0.011 
2021-04-14 11:59:19 | INFO | Algebraic mode change at t = 4.01591
2021-04-14 11:59:19 | INFO |        4.016 |       47           2              0.009 
2021-04-14 11:59:19 | INFO | calculation of the new starting point of the simulation.
2021-04-14 11:59:19 | INFO |        4.016 |        0           0              0.000 
2021-04-14 11:59:19 | INFO |        4.016 |        1           1              0.000 
2021-04-14 11:59:19 | INFO |        4.016 |        2           1              0.000 
2021-04-14 11:59:19 | INFO |        4.016 |        3           2              0.000 
2021-04-14 11:59:19 | INFO |        4.016 |        4           2              0.000 
2021-04-14 11:59:19 | INFO |        4.016 |        5           2              0.000 
2021-04-14 11:59:19 | INFO |        4.016 |        6           2              0.000 
2021-04-14 11:59:19 | INFO |        4.016 |        7           2              0.000 
2021-04-14 11:59:19 | INFO |        4.016 |        8           2              0.000 
2021-04-14 11:59:19 | INFO |        4.016 |        9           2              0.000 
2021-04-14 11:59:19 | INFO |        4.016 |       10           2              0.000 
2021-04-14 11:59:19 | INFO |        4.017 |       11           2              0.001 
2021-04-14 11:59:19 | INFO |        4.018 |       12           2              0.001 
2021-04-14 11:59:19 | INFO |        4.020 |       13           2              0.002 
2021-04-14 11:59:19 | INFO |        4.024 |       14           2              0.004 
2021-04-14 11:59:19 | INFO |        4.028 |       15           2              0.004 
2021-04-14 11:59:19 | INFO | Algebraic mode change at t = 4.03077
2021-04-14 11:59:19 | INFO |        4.031 |       16           2              0.008 
2021-04-14 11:59:19 | INFO | calculation of the new starting point of the simulation.
2021-04-14 11:59:19 | INFO |        4.031 |        0           0              0.000 
2021-04-14 11:59:19 | INFO |        4.031 |        1           1              0.000 
2021-04-14 11:59:19 | INFO |        4.031 |        2           1              0.000 
2021-04-14 11:59:19 | INFO |        4.031 |        3           2              0.000 
2021-04-14 11:59:19 | INFO |        4.031 |        4           2              0.000 
2021-04-14 11:59:19 | INFO |        4.031 |        5           2              0.000 
2021-04-14 11:59:19 | INFO |        4.031 |        6           2              0.000 
2021-04-14 11:59:19 | INFO |        4.031 |        7           2              0.000 
2021-04-14 11:59:19 | INFO |        4.031 |        8           2              0.000 
2021-04-14 11:59:19 | INFO |        4.031 |        9           2              0.000 
2021-04-14 11:59:19 | INFO |        4.031 |       10           2              0.000 
2021-04-14 11:59:19 | INFO |        4.032 |       11           2              0.001 
2021-04-14 11:59:19 | INFO |        4.033 |       12           2              0.001 
2021-04-14 11:59:19 | INFO |        4.035 |       13           2              0.002 
2021-04-14 11:59:19 | INFO |        4.039 |       14           2              0.004 
2021-04-14 11:59:19 | INFO |        4.047 |       15           2              0.008 
2021-04-14 11:59:19 | INFO |        4.055 |       16           2              0.008 
2021-04-14 11:59:19 | INFO |        4.064 |       17           2              0.008 
2021-04-14 11:59:19 | INFO |        4.072 |       18           2              0.008 
2021-04-14 11:59:19 | INFO |        4.080 |       19           2              0.008 
2021-04-14 11:59:19 | INFO |        4.088 |       20           2              0.008 
2021-04-14 11:59:19 | INFO |        4.096 |       21           2              0.008 
2021-04-14 11:59:19 | INFO |        4.104 |       22           2              0.008 
2021-04-14 11:59:19 | INFO |        4.111 |       23           2              0.007 
2021-04-14 11:59:19 | INFO |        4.118 |       24           2              0.007 
2021-04-14 11:59:19 | INFO |        4.125 |       25           2              0.007 
2021-04-14 11:59:19 | INFO |        4.132 |       26           2              0.007 
2021-04-14 11:59:19 | INFO | Algebraic mode change at t = 4.13723
2021-04-14 11:59:19 | INFO |        4.137 |       27           2              0.007 
2021-04-14 11:59:19 | INFO | calculation of the new starting point of the simulation.
2021-04-14 11:59:19 | INFO |        4.137 |        0           0              0.000 
2021-04-14 11:59:19 | INFO |        4.137 |        1           1              0.000 
2021-04-14 11:59:19 | INFO |        4.137 |        2           1              0.000 
2021-04-14 11:59:19 | INFO |        4.137 |        3           2              0.000 
2021-04-14 11:59:19 | INFO |        4.137 |        4           2              0.000 
2021-04-14 11:59:19 | INFO |        4.137 |        5           2              0.000 
2021-04-14 11:59:19 | INFO |        4.137 |        6           2              0.000 
2021-04-14 11:59:19 | INFO |        4.137 |        7           2              0.000 
2021-04-14 11:59:19 | INFO |        4.137 |        8           2              0.000 
2021-04-14 11:59:19 | INFO |        4.137 |        9           2              0.000 
2021-04-14 11:59:19 | INFO |        4.138 |       10           2              0.000 
2021-04-14 11:59:19 | INFO |        4.138 |       11           2              0.001 
2021-04-14 11:59:19 | INFO |        4.139 |       12           2              0.001 
2021-04-14 11:59:19 | INFO |        4.141 |       13           2              0.002 
2021-04-14 11:59:19 | INFO |        4.145 |       14           2              0.004 
2021-04-14 11:59:19 | INFO |        4.150 |       15           2              0.004 
2021-04-14 11:59:19 | INFO | Algebraic mode change at t = 4.15291
2021-04-14 11:59:19 | INFO |        4.153 |       16           2              0.008 
2021-04-14 11:59:19 | INFO | calculation of the new starting point of the simulation.
2021-04-14 11:59:19 | INFO |        4.153 |        0           0              0.000 
2021-04-14 11:59:19 | INFO |        4.153 |        1           1              0.000 
2021-04-14 11:59:19 | INFO |        4.153 |        2           1              0.000 
2021-04-14 11:59:19 | INFO |        4.153 |        3           2              0.000 
2021-04-14 11:59:19 | INFO |        4.153 |        4           2              0.000 
2021-04-14 11:59:19 | INFO |        4.153 |        5           2              0.000 
2021-04-14 11:59:19 | INFO |        4.153 |        6           2              0.000 
2021-04-14 11:59:19 | INFO |        4.153 |        7           2              0.000 
2021-04-14 11:59:19 | INFO |        4.153 |        8           2              0.000 
2021-04-14 11:59:19 | INFO |        4.153 |        9           2              0.000 
2021-04-14 11:59:19 | INFO |        4.153 |       10           2              0.000 
2021-04-14 11:59:19 | INFO |        4.154 |       11           2              0.001 
2021-04-14 11:59:19 | INFO |        4.155 |       12           2              0.001 
2021-04-14 11:59:19 | INFO |        4.157 |       13           2              0.002 
2021-04-14 11:59:19 | INFO |        4.161 |       14           2              0.004 
2021-04-14 11:59:19 | INFO |        4.169 |       15           2              0.008 
2021-04-14 11:59:19 | INFO |        4.177 |       16           2              0.008 
2021-04-14 11:59:19 | INFO |        4.186 |       17           2              0.008 
2021-04-14 11:59:19 | INFO |        4.194 |       18           2              0.008 
2021-04-14 11:59:19 | INFO |        4.202 |       19           2              0.008 
2021-04-14 11:59:19 | INFO |        4.210 |       20           2              0.008 
2021-04-14 11:59:19 | INFO |        4.218 |       21           2              0.008 
2021-04-14 11:59:19 | INFO |        4.226 |       22           2              0.007 
2021-04-14 11:59:19 | INFO |        4.231 |       23           2              0.005 
2021-04-14 11:59:19 | INFO |        4.236 |       24           2              0.005 
2021-04-14 11:59:19 | INFO |        4.241 |       25           2              0.005 
2021-04-14 11:59:19 | INFO |        4.247 |       26           2              0.005 
2021-04-14 11:59:19 | INFO |        4.252 |       27           2              0.005 
2021-04-14 11:59:19 | INFO |        4.257 |       28           2              0.005 
2021-04-14 11:59:19 | INFO |        4.262 |       29           2              0.005 
2021-04-14 11:59:19 | INFO |        4.267 |       30           2              0.005 
2021-04-14 11:59:19 | INFO |        4.273 |       31           2              0.005 
2021-04-14 11:59:19 | INFO |        4.278 |       32           2              0.005 
2021-04-14 11:59:19 | INFO |        4.283 |       33           2              0.005 
2021-04-14 11:59:19 | INFO |        4.288 |       34           2              0.005 
2021-04-14 11:59:19 | INFO |        4.293 |       35           2              0.005 
2021-04-14 11:59:19 | INFO |        4.298 |       36           2              0.005 
2021-04-14 11:59:19 | INFO |        4.304 |       37           2              0.005 
2021-04-14 11:59:19 | INFO |        4.309 |       38           2              0.005 
2021-04-14 11:59:19 | INFO | Algebraic mode change at t = 4.31294
2021-04-14 11:59:19 | INFO |        4.313 |       39           2              0.005 
2021-04-14 11:59:19 | INFO | calculation of the new starting point of the simulation.
2021-04-14 11:59:19 | INFO |        4.313 |        0           0              0.000 
2021-04-14 11:59:19 | INFO |        4.313 |        1           1              0.000 
2021-04-14 11:59:19 | INFO |        4.313 |        2           1              0.000 
2021-04-14 11:59:19 | INFO |        4.313 |        3           2              0.000 
2021-04-14 11:59:19 | INFO |        4.313 |        4           2              0.000 
2021-04-14 11:59:19 | INFO |        4.313 |        5           2              0.000 
2021-04-14 11:59:19 | INFO |        4.313 |        6           2              0.000 
2021-04-14 11:59:19 | INFO |        4.313 |        7           2              0.000 
2021-04-14 11:59:19 | INFO |        4.313 |        8           2              0.000 
2021-04-14 11:59:19 | INFO |        4.313 |        9           2              0.000 
2021-04-14 11:59:19 | INFO |        4.313 |       10           2              0.000 
2021-04-14 11:59:19 | INFO |        4.314 |       11           2              0.001 
2021-04-14 11:59:19 | INFO |        4.315 |       12           2              0.001 
2021-04-14 11:59:19 | INFO |        4.317 |       13           2              0.002 
2021-04-14 11:59:19 | INFO |        4.321 |       14           2              0.004 
2021-04-14 11:59:19 | INFO | Algebraic mode change at t = 4.32391
2021-04-14 11:59:19 | INFO |        4.324 |       15           2              0.004 
2021-04-14 11:59:19 | INFO | calculation of the new starting point of the simulation.
2021-04-14 11:59:19 | INFO |        4.324 |        0           0              0.000 
2021-04-14 11:59:19 | INFO |        4.324 |        1           1              0.000 
2021-04-14 11:59:19 | INFO |        4.324 |        2           1              0.000 
2021-04-14 11:59:19 | INFO |        4.324 |        3           2              0.000 
2021-04-14 11:59:19 | INFO |        4.324 |        4           2              0.000 
2021-04-14 11:59:19 | INFO |        4.324 |        5           2              0.000 
2021-04-14 11:59:19 | INFO |        4.324 |        6           2              0.000 
2021-04-14 11:59:19 | INFO |        4.324 |        7           2              0.000 
2021-04-14 11:59:19 | INFO |        4.324 |        8           2              0.000 
2021-04-14 11:59:19 | INFO |        4.324 |        9           2              0.000 
2021-04-14 11:59:19 | INFO |        4.324 |       10           2              0.000 
2021-04-14 11:59:19 | INFO |        4.325 |       11           2              0.001 
2021-04-14 11:59:19 | INFO |        4.326 |       12           2              0.001 
2021-04-14 11:59:19 | INFO |        4.328 |       13           2              0.002 
2021-04-14 11:59:19 | INFO |        4.332 |       14           2              0.004 
2021-04-14 11:59:19 | INFO |        4.340 |       15           2              0.008 
2021-04-14 11:59:19 | INFO |        4.348 |       16           2              0.008 
2021-04-14 11:59:19 | INFO |        4.357 |       17           2              0.008 
2021-04-14 11:59:19 | INFO |        4.364 |       18           2              0.007 
2021-04-14 11:59:19 | INFO |        4.371 |       19           2              0.007 
2021-04-14 11:59:19 | INFO |        4.377 |       20           2              0.007 
2021-04-14 11:59:19 | INFO |        4.383 |       21           2              0.006 
2021-04-14 11:59:19 | INFO | Algebraic mode change at t = 4.38864
2021-04-14 11:59:19 | INFO |        4.389 |       22           2              0.006 
2021-04-14 11:59:19 | INFO | calculation of the new starting point of the simulation.
2021-04-14 11:59:19 | INFO |        4.389 |        0           0              0.000 
2021-04-14 11:59:19 | INFO |        4.389 |        1           1              0.000 
2021-04-14 11:59:19 | INFO |        4.389 |        2           1              0.000 
2021-04-14 11:59:19 | INFO |        4.389 |        3           2              0.000 
2021-04-14 11:59:19 | INFO |        4.389 |        4           2              0.000 
2021-04-14 11:59:19 | INFO |        4.389 |        5           2              0.000 
2021-04-14 11:59:19 | INFO |        4.389 |        6           2              0.000 
2021-04-14 11:59:19 | INFO |        4.389 |        7           2              0.000 
2021-04-14 11:59:19 | INFO |        4.389 |        8           2              0.000 
2021-04-14 11:59:19 | INFO |        4.389 |        9           2              0.000 
2021-04-14 11:59:19 | INFO |        4.389 |       10           2              0.000 
2021-04-14 11:59:19 | INFO |        4.390 |       11           2              0.001 
2021-04-14 11:59:19 | INFO |        4.391 |       12           2              0.001 
2021-04-14 11:59:19 | INFO |        4.393 |       13           2              0.002 
2021-04-14 11:59:19 | INFO |        4.397 |       14           2              0.004 
2021-04-14 11:59:19 | INFO | Algebraic mode change at t = 4.40075
2021-04-14 11:59:19 | INFO |        4.401 |       15           2              0.004 
2021-04-14 11:59:19 | INFO | calculation of the new starting point of the simulation.
2021-04-14 11:59:19 | INFO |        4.401 |        0           0              0.000 
2021-04-14 11:59:19 | INFO |        4.401 |        1           1              0.000 
2021-04-14 11:59:19 | INFO |        4.401 |        2           1              0.000 
2021-04-14 11:59:19 | INFO |        4.401 |        3           2              0.000 
2021-04-14 11:59:19 | INFO |        4.401 |        4           2              0.000 
2021-04-14 11:59:19 | INFO |        4.401 |        5           2              0.000 
2021-04-14 11:59:19 | INFO |        4.401 |        6           2              0.000 
2021-04-14 11:59:19 | INFO |        4.401 |        7           2              0.000 
2021-04-14 11:59:19 | INFO |        4.401 |        8           2              0.000 
2021-04-14 11:59:19 | INFO |        4.401 |        9           2              0.000 
2021-04-14 11:59:19 | INFO |        4.401 |       10           2              0.000 
2021-04-14 11:59:19 | INFO |        4.402 |       11           2              0.001 
2021-04-14 11:59:19 | INFO |        4.403 |       12           2              0.001 
2021-04-14 11:59:19 | INFO |        4.405 |       13           2              0.002 
2021-04-14 11:59:19 | INFO |        4.409 |       14           2              0.004 
2021-04-14 11:59:19 | INFO |        4.413 |       15           2              0.004 
2021-04-14 11:59:19 | INFO |        4.421 |       16           2              0.008 
2021-04-14 11:59:19 | INFO |        4.429 |       17           2              0.007 
2021-04-14 11:59:19 | INFO |        4.436 |       18           2              0.007 
2021-04-14 11:59:19 | INFO |        4.443 |       19           2              0.007 
2021-04-14 11:59:19 | INFO |        4.449 |       20           2              0.006 
2021-04-14 11:59:19 | INFO |        4.454 |       21           2              0.005 
2021-04-14 11:59:19 | INFO |        4.459 |       22           2              0.005 
2021-04-14 11:59:19 | INFO |        4.464 |       23           2              0.005 
2021-04-14 11:59:19 | INFO |        4.469 |       24           2              0.005 
2021-04-14 11:59:19 | INFO |        4.474 |       25           2              0.005 
2021-04-14 11:59:19 | INFO |        4.479 |       26           2              0.005 
2021-04-14 11:59:19 | INFO |        4.484 |       27           2              0.005 
2021-04-14 11:59:19 | INFO |        4.488 |       28           2              0.005 
2021-04-14 11:59:19 | INFO |        4.493 |       29           2              0.005 
2021-04-14 11:59:19 | INFO |        4.498 |       30           2              0.005 
2021-04-14 11:59:19 | INFO |        4.503 |       31           2              0.005 
2021-04-14 11:59:19 | INFO |        4.508 |       32           2              0.005 
2021-04-14 11:59:19 | INFO |        4.511 |       33           2              0.003 
2021-04-14 11:59:19 | INFO |        4.513 |       34           2              0.003 
2021-04-14 11:59:19 | INFO |        4.519 |       35           2              0.006 
2021-04-14 11:59:19 | INFO | Algebraic mode change at t = 4.52332
2021-04-14 11:59:19 | INFO |        4.523 |       36           2              0.006 
2021-04-14 11:59:19 | INFO | calculation of the new starting point of the simulation.
2021-04-14 11:59:19 | INFO |        4.523 |        0           0              0.000 
2021-04-14 11:59:19 | INFO |        4.523 |        1           1              0.000 
2021-04-14 11:59:19 | INFO |        4.523 |        2           1              0.000 
2021-04-14 11:59:19 | INFO |        4.523 |        3           2              0.000 
2021-04-14 11:59:19 | INFO |        4.523 |        4           2              0.000 
2021-04-14 11:59:19 | INFO |        4.523 |        5           2              0.000 
2021-04-14 11:59:19 | INFO |        4.523 |        6           2              0.000 
2021-04-14 11:59:19 | INFO |        4.523 |        7           2              0.000 
2021-04-14 11:59:19 | INFO |        4.523 |        8           2              0.000 
2021-04-14 11:59:19 | INFO |        4.524 |        9           2              0.000 
2021-04-14 11:59:19 | INFO |        4.524 |       10           2              0.000 
2021-04-14 11:59:19 | INFO |        4.524 |       11           2              0.001 
2021-04-14 11:59:19 | INFO |        4.525 |       12           2              0.001 
2021-04-14 11:59:19 | INFO |        4.527 |       13           2              0.002 
2021-04-14 11:59:19 | INFO |        4.532 |       14           2              0.004 
2021-04-14 11:59:19 | INFO | Algebraic mode change at t = 4.53299
2021-04-14 11:59:19 | INFO |        4.533 |       15           2              0.004 
2021-04-14 11:59:19 | INFO | calculation of the new starting point of the simulation.
2021-04-14 11:59:19 | INFO |        4.533 |        0           0              0.000 
2021-04-14 11:59:19 | INFO |        4.533 |        1           1              0.000 
2021-04-14 11:59:19 | INFO |        4.533 |        2           1              0.000 
2021-04-14 11:59:19 | INFO |        4.533 |        3           2              0.000 
2021-04-14 11:59:19 | INFO |        4.533 |        4           2              0.000 
2021-04-14 11:59:19 | INFO |        4.533 |        5           2              0.000 
2021-04-14 11:59:19 | INFO |        4.533 |        6           2              0.000 
2021-04-14 11:59:19 | INFO |        4.533 |        7           2              0.000 
2021-04-14 11:59:19 | INFO |        4.533 |        8           2              0.000 
2021-04-14 11:59:19 | INFO |        4.533 |        9           2              0.000 
2021-04-14 11:59:19 | INFO |        4.533 |       10           2              0.000 
2021-04-14 11:59:19 | INFO |        4.534 |       11           2              0.001 
2021-04-14 11:59:19 | INFO |        4.535 |       12           2              0.001 
2021-04-14 11:59:19 | INFO |        4.537 |       13           2              0.002 
2021-04-14 11:59:19 | INFO |        4.541 |       14           2              0.004 
2021-04-14 11:59:19 | INFO |        4.545 |       15           2              0.004 
2021-04-14 11:59:19 | INFO |        4.549 |       16           2              0.004 
2021-04-14 11:59:19 | INFO |        4.553 |       17           2              0.004 
2021-04-14 11:59:19 | INFO |        4.558 |       18           2              0.004 
2021-04-14 11:59:19 | INFO |        4.562 |       19           2              0.004 
2021-04-14 11:59:19 | INFO |        4.566 |       20           2              0.004 
2021-04-14 11:59:19 | INFO |        4.570 |       21           2              0.004 
2021-04-14 11:59:19 | INFO |        4.574 |       22           2              0.004 
2021-04-14 11:59:19 | INFO |        4.578 |       23           2              0.004 
2021-04-14 11:59:19 | INFO |        4.580 |       24           2              0.002 
2021-04-14 11:59:19 | INFO | Algebraic mode change at t = 4.5819
2021-04-14 11:59:19 | INFO |        4.582 |       25           2              0.002 
2021-04-14 11:59:19 | INFO | calculation of the new starting point of the simulation.
2021-04-14 11:59:19 | INFO |        4.582 |        0           0              0.000 
2021-04-14 11:59:19 | INFO |        4.582 |        1           1              0.000 
2021-04-14 11:59:19 | INFO |        4.582 |        2           1              0.000 
2021-04-14 11:59:19 | INFO |        4.582 |        3           2              0.000 
2021-04-14 11:59:19 | INFO |        4.582 |        4           2              0.000 
2021-04-14 11:59:19 | INFO |        4.582 |        5           2              0.000 
2021-04-14 11:59:19 | INFO |        4.582 |        6           2              0.000 
2021-04-14 11:59:19 | INFO |        4.582 |        7           2              0.000 
2021-04-14 11:59:19 | INFO |        4.582 |        8           2              0.000 
2021-04-14 11:59:19 | INFO |        4.582 |        9           2              0.000 
2021-04-14 11:59:19 | INFO |        4.582 |       10           2              0.000 
2021-04-14 11:59:19 | INFO |        4.583 |       11           2              0.001 
2021-04-14 11:59:19 | INFO |        4.584 |       12           2              0.001 
2021-04-14 11:59:19 | INFO |        4.586 |       13           2              0.002 
2021-04-14 11:59:19 | INFO |        4.590 |       14           2              0.004 
2021-04-14 11:59:19 | INFO | Algebraic mode change at t = 4.59235
2021-04-14 11:59:19 | INFO |        4.592 |       15           2              0.004 
2021-04-14 11:59:19 | INFO | calculation of the new starting point of the simulation.
2021-04-14 11:59:19 | INFO |        4.592 |        0           0              0.000 
2021-04-14 11:59:19 | INFO |        4.592 |        1           1              0.000 
2021-04-14 11:59:19 | INFO |        4.592 |        2           1              0.000 
2021-04-14 11:59:19 | INFO |        4.592 |        3           2              0.000 
2021-04-14 11:59:19 | INFO |        4.592 |        4           2              0.000 
2021-04-14 11:59:19 | INFO |        4.592 |        5           2              0.000 
2021-04-14 11:59:19 | INFO |        4.592 |        6           2              0.000 
2021-04-14 11:59:19 | INFO |        4.592 |        7           2              0.000 
2021-04-14 11:59:19 | INFO |        4.592 |        8           2              0.000 
2021-04-14 11:59:19 | INFO |        4.593 |        9           2              0.000 
2021-04-14 11:59:19 | INFO |        4.593 |       10           2              0.000 
2021-04-14 11:59:19 | INFO |        4.593 |       11           2              0.001 
2021-04-14 11:59:19 | INFO |        4.594 |       12           2              0.001 
2021-04-14 11:59:19 | INFO |        4.596 |       13           2              0.002 
2021-04-14 11:59:19 | INFO |        4.601 |       14           2              0.004 
2021-04-14 11:59:19 | INFO |        4.605 |       15           2              0.004 
2021-04-14 11:59:19 | INFO |        4.609 |       16           2              0.004 
2021-04-14 11:59:19 | INFO |        4.613 |       17           2              0.004 
2021-04-14 11:59:19 | INFO |        4.617 |       18           2              0.004 
2021-04-14 11:59:19 | INFO |        4.621 |       19           2              0.004 
2021-04-14 11:59:19 | INFO |        4.625 |       20           2              0.004 
2021-04-14 11:59:19 | INFO |        4.629 |       21           2              0.004 
2021-04-14 11:59:19 | INFO |        4.633 |       22           2              0.004 
2021-04-14 11:59:19 | INFO |        4.637 |       23           2              0.004 
2021-04-14 11:59:19 | INFO |        4.641 |       24           2              0.004 
2021-04-14 11:59:19 | INFO |        4.644 |       25           2              0.003 
2021-04-14 11:59:19 | INFO |        4.648 |       26           2              0.003 
2021-04-14 11:59:19 | INFO |        4.651 |       27           2              0.003 
2021-04-14 11:59:19 | INFO |        4.654 |       28           2              0.003 
2021-04-14 11:59:19 | INFO |        4.658 |       29           2              0.003 
2021-04-14 11:59:19 | INFO |        4.661 |       30           2              0.003 
2021-04-14 11:59:19 | INFO |        4.664 |       31           2              0.003 
2021-04-14 11:59:19 | INFO |        4.668 |       32           2              0.003 
2021-04-14 11:59:19 | INFO |        4.671 |       33           2              0.003 
2021-04-14 11:59:19 | INFO |        4.674 |       34           2              0.003 
2021-04-14 11:59:19 | INFO |        4.678 |       35           2              0.003 
2021-04-14 11:59:19 | INFO |        4.681 |       36           2              0.003 
2021-04-14 11:59:19 | INFO |        4.683 |       37           2              0.002 
2021-04-14 11:59:19 | INFO |        4.685 |       38           2              0.002 
2021-04-14 11:59:19 | INFO |        4.690 |       39           2              0.004 
2021-04-14 11:59:19 | INFO |        4.693 |       40           2              0.004 
2021-04-14 11:59:19 | INFO | Algebraic mode change at t = 4.69612
2021-04-14 11:59:19 | INFO |        4.696 |       41           2              0.004 
2021-04-14 11:59:19 | INFO | calculation of the new starting point of the simulation.
2021-04-14 11:59:19 | INFO |        4.696 |        0           0              0.000 
2021-04-14 11:59:19 | INFO |        4.696 |        1           1              0.000 
2021-04-14 11:59:19 | INFO |        4.696 |        2           1              0.000 
2021-04-14 11:59:19 | INFO |        4.696 |        3           2              0.000 
2021-04-14 11:59:19 | INFO |        4.696 |        4           2              0.000 
2021-04-14 11:59:19 | INFO |        4.696 |        5           2              0.000 
2021-04-14 11:59:19 | INFO |        4.696 |        6           2              0.000 
2021-04-14 11:59:19 | INFO |        4.696 |        7           2              0.000 
2021-04-14 11:59:19 | INFO |        4.696 |        8           2              0.000 
2021-04-14 11:59:19 | INFO |        4.696 |        9           2              0.000 
2021-04-14 11:59:19 | INFO |        4.697 |       10           2              0.000 
2021-04-14 11:59:19 | INFO |        4.697 |       11           2              0.001 
2021-04-14 11:59:19 | INFO |        4.698 |       12           2              0.001 
2021-04-14 11:59:19 | INFO |        4.700 |       13           2              0.002 
2021-04-14 11:59:19 | INFO |        4.704 |       14           2              0.004 
2021-04-14 11:59:19 | INFO | Algebraic mode change at t = 4.70507
2021-04-14 11:59:19 | INFO |        4.705 |       15           2              0.004 
2021-04-14 11:59:19 | INFO | calculation of the new starting point of the simulation.
2021-04-14 11:59:19 | INFO |        4.705 |        0           0              0.000 
2021-04-14 11:59:19 | INFO |        4.705 |        1           1              0.000 
2021-04-14 11:59:19 | INFO |        4.705 |        2           1              0.000 
2021-04-14 11:59:19 | INFO |        4.705 |        3           2              0.000 
2021-04-14 11:59:19 | INFO |        4.705 |        4           2              0.000 
2021-04-14 11:59:19 | INFO |        4.705 |        5           2              0.000 
2021-04-14 11:59:19 | INFO |        4.705 |        6           2              0.000 
2021-04-14 11:59:19 | INFO |        4.705 |        7           2              0.000 
2021-04-14 11:59:19 | INFO |        4.705 |        8           2              0.000 
2021-04-14 11:59:19 | INFO |        4.705 |        9           2              0.000 
2021-04-14 11:59:19 | INFO |        4.706 |       10           2              0.000 
2021-04-14 11:59:19 | INFO |        4.706 |       11           2              0.001 
2021-04-14 11:59:19 | INFO |        4.707 |       12           2              0.001 
2021-04-14 11:59:19 | INFO |        4.709 |       13           2              0.002 
2021-04-14 11:59:19 | INFO |        4.713 |       14           2              0.004 
2021-04-14 11:59:19 | INFO |        4.717 |       15           2              0.004 
2021-04-14 11:59:19 | INFO |        4.721 |       16           2              0.004 
2021-04-14 11:59:19 | INFO |        4.726 |       17           2              0.004 
2021-04-14 11:59:19 | INFO |        4.730 |       18           2              0.004 
2021-04-14 11:59:19 | INFO |        4.734 |       19           2              0.004 
2021-04-14 11:59:19 | INFO |        4.738 |       20           2              0.004 
2021-04-14 11:59:19 | INFO |        4.742 |       21           2              0.004 
2021-04-14 11:59:19 | INFO | Algebraic mode change at t = 4.74536
2021-04-14 11:59:19 | INFO |        4.745 |       22           2              0.004 
2021-04-14 11:59:19 | INFO | calculation of the new starting point of the simulation.
2021-04-14 11:59:19 | INFO |        4.745 |        0           0              0.000 
2021-04-14 11:59:19 | INFO |        4.745 |        1           1              0.000 
2021-04-14 11:59:19 | INFO |        4.745 |        2           1              0.000 
2021-04-14 11:59:19 | INFO |        4.745 |        3           2              0.000 
2021-04-14 11:59:19 | INFO |        4.745 |        4           2              0.000 
2021-04-14 11:59:19 | INFO |        4.745 |        5           2              0.000 
2021-04-14 11:59:19 | INFO |        4.745 |        6           2              0.000 
2021-04-14 11:59:19 | INFO |        4.745 |        7           2              0.000 
2021-04-14 11:59:19 | INFO |        4.745 |        8           2              0.000 
2021-04-14 11:59:19 | INFO |        4.746 |        9           2              0.000 
2021-04-14 11:59:19 | INFO |        4.746 |       10           2              0.000 
2021-04-14 11:59:19 | INFO |        4.746 |       11           2              0.001 
2021-04-14 11:59:19 | INFO |        4.747 |       12           2              0.001 
2021-04-14 11:59:19 | INFO |        4.749 |       13           2              0.002 
2021-04-14 11:59:19 | INFO |        4.754 |       14           2              0.004 
2021-04-14 11:59:19 | INFO | Algebraic mode change at t = 4.75475
2021-04-14 11:59:19 | INFO |        4.755 |       15           2              0.004 
2021-04-14 11:59:19 | INFO | calculation of the new starting point of the simulation.
2021-04-14 11:59:19 | INFO |        4.755 |        0           0              0.000 
2021-04-14 11:59:19 | INFO |        4.755 |        1           1              0.000 
2021-04-14 11:59:19 | INFO |        4.755 |        2           1              0.000 
2021-04-14 11:59:19 | INFO |        4.755 |        3           2              0.000 
2021-04-14 11:59:19 | INFO |        4.755 |        4           2              0.000 
2021-04-14 11:59:19 | INFO |        4.755 |        5           2              0.000 
2021-04-14 11:59:19 | INFO |        4.755 |        6           2              0.000 
2021-04-14 11:59:19 | INFO |        4.755 |        7           2              0.000 
2021-04-14 11:59:19 | INFO |        4.755 |        8           2              0.000 
2021-04-14 11:59:19 | INFO |        4.755 |        9           2              0.000 
2021-04-14 11:59:19 | INFO |        4.755 |       10           2              0.000 
2021-04-14 11:59:19 | INFO |        4.756 |       11           2              0.001 
2021-04-14 11:59:19 | INFO |        4.757 |       12           2              0.001 
2021-04-14 11:59:19 | INFO |        4.759 |       13           2              0.002 
2021-04-14 11:59:19 | INFO |        4.763 |       14           2              0.004 
2021-04-14 11:59:19 | INFO |        4.767 |       15           2              0.004 
2021-04-14 11:59:19 | INFO |        4.771 |       16           2              0.004 
2021-04-14 11:59:19 | INFO |        4.775 |       17           2              0.004 
2021-04-14 11:59:19 | INFO |        4.779 |       18           2              0.004 
2021-04-14 11:59:19 | INFO |        4.783 |       19           2              0.004 
2021-04-14 11:59:19 | INFO |        4.788 |       20           2              0.004 
2021-04-14 11:59:19 | INFO |        4.792 |       21           2              0.004 
2021-04-14 11:59:19 | INFO |        4.795 |       22           2              0.004 
2021-04-14 11:59:19 | INFO |        4.799 |       23           2              0.004 
2021-04-14 11:59:19 | INFO |        4.803 |       24           2              0.004 
2021-04-14 11:59:19 | INFO |        4.806 |       25           2              0.003 
2021-04-14 11:59:19 | INFO |        4.809 |       26           2              0.003 
2021-04-14 11:59:19 | INFO |        4.813 |       27           2              0.003 
2021-04-14 11:59:19 | INFO |        4.816 |       28           2              0.003 
2021-04-14 11:59:19 | INFO |        4.819 |       29           2              0.003 
2021-04-14 11:59:19 | INFO |        4.822 |       30           2              0.002 
2021-04-14 11:59:19 | INFO |        4.824 |       31           2              0.002 
2021-04-14 11:59:19 | INFO |        4.826 |       32           2              0.002 
2021-04-14 11:59:19 | INFO |        4.829 |       33           2              0.002 
2021-04-14 11:59:19 | INFO |        4.831 |       34           2              0.002 
2021-04-14 11:59:19 | INFO |        4.833 |       35           2              0.002 
2021-04-14 11:59:19 | INFO |        4.836 |       36           2              0.002 
2021-04-14 11:59:19 | INFO |        4.838 |       37           2              0.002 
2021-04-14 11:59:19 | INFO |        4.840 |       38           1              0.002 
2021-04-14 11:59:19 | INFO |        4.842 |       39           1              0.002 
2021-04-14 11:59:19 | INFO |        4.843 |       40           1              0.002 
2021-04-14 11:59:19 | INFO |        4.845 |       41           1              0.002 
2021-04-14 11:59:19 | INFO | Algebraic mode change at t = 4.84658
2021-04-14 11:59:19 | INFO |        4.847 |       42           2              0.004 
2021-04-14 11:59:19 | INFO | calculation of the new starting point of the simulation.
2021-04-14 11:59:19 | INFO |        4.847 |        0           0              0.000 
2021-04-14 11:59:19 | INFO |        4.847 |        1           1              0.000 
2021-04-14 11:59:19 | INFO |        4.847 |        2           1              0.000 
2021-04-14 11:59:19 | INFO |        4.847 |        3           2              0.000 
2021-04-14 11:59:19 | INFO |        4.847 |        4           2              0.000 
2021-04-14 11:59:19 | INFO |        4.847 |        5           2              0.000 
2021-04-14 11:59:19 | INFO |        4.847 |        6           2              0.000 
2021-04-14 11:59:19 | INFO |        4.847 |        7           2              0.000 
2021-04-14 11:59:19 | INFO |        4.847 |        8           2              0.000 
2021-04-14 11:59:19 | INFO |        4.847 |        9           2              0.000 
2021-04-14 11:59:19 | INFO |        4.847 |       10           2              0.000 
2021-04-14 11:59:19 | INFO |        4.848 |       11           2              0.001 
2021-04-14 11:59:19 | INFO |        4.849 |       12           2              0.001 
2021-04-14 11:59:19 | INFO |        4.851 |       13           2              0.002 
2021-04-14 11:59:19 | INFO |        4.855 |       14           2              0.004 
2021-04-14 11:59:19 | INFO | Algebraic mode change at t = 4.85504
2021-04-14 11:59:19 | INFO |        4.855 |       15           2              0.004 
2021-04-14 11:59:19 | INFO | calculation of the new starting point of the simulation.
2021-04-14 11:59:20 | INFO |        4.855 |        0           0              0.000 
2021-04-14 11:59:20 | INFO |        4.855 |        1           1              0.000 
2021-04-14 11:59:20 | INFO |        4.855 |        2           1              0.000 
2021-04-14 11:59:20 | INFO |        4.855 |        3           2              0.000 
2021-04-14 11:59:20 | INFO |        4.855 |        4           2              0.000 
2021-04-14 11:59:20 | INFO |        4.855 |        5           2              0.000 
2021-04-14 11:59:20 | INFO |        4.855 |        6           2              0.000 
2021-04-14 11:59:20 | INFO |        4.855 |        7           2              0.000 
2021-04-14 11:59:20 | INFO |        4.855 |        8           2              0.000 
2021-04-14 11:59:20 | INFO |        4.855 |        9           2              0.000 
2021-04-14 11:59:20 | INFO |        4.856 |       10           2              0.000 
2021-04-14 11:59:20 | INFO |        4.856 |       11           2              0.001 
2021-04-14 11:59:20 | INFO |        4.857 |       12           2              0.001 
2021-04-14 11:59:20 | INFO |        4.859 |       13           2              0.002 
2021-04-14 11:59:20 | INFO |        4.863 |       14           2              0.004 
2021-04-14 11:59:20 | INFO |        4.867 |       15           2              0.004 
2021-04-14 11:59:20 | INFO |        4.871 |       16           2              0.004 
2021-04-14 11:59:20 | INFO |        4.876 |       17           2              0.004 
2021-04-14 11:59:20 | INFO |        4.880 |       18           2              0.004 
2021-04-14 11:59:20 | INFO |        4.884 |       19           2              0.004 
2021-04-14 11:59:20 | INFO |        4.888 |       20           2              0.004 
2021-04-14 11:59:20 | INFO | Algebraic mode change at t = 4.88989
2021-04-14 11:59:20 | INFO |        4.890 |       21           2              0.003 
2021-04-14 11:59:20 | INFO | calculation of the new starting point of the simulation.
2021-04-14 11:59:20 | INFO |        4.890 |        0           0              0.000 
2021-04-14 11:59:20 | INFO |        4.890 |        1           1              0.000 
2021-04-14 11:59:20 | INFO |        4.890 |        2           1              0.000 
2021-04-14 11:59:20 | INFO |        4.890 |        3           2              0.000 
2021-04-14 11:59:20 | INFO |        4.890 |        4           2              0.000 
2021-04-14 11:59:20 | INFO |        4.890 |        5           2              0.000 
2021-04-14 11:59:20 | INFO |        4.890 |        6           2              0.000 
2021-04-14 11:59:20 | INFO |        4.890 |        7           2              0.000 
2021-04-14 11:59:20 | INFO |        4.890 |        8           2              0.000 
2021-04-14 11:59:20 | INFO |        4.890 |        9           2              0.000 
2021-04-14 11:59:20 | INFO |        4.890 |       10           2              0.000 
2021-04-14 11:59:20 | INFO |        4.891 |       11           2              0.001 
2021-04-14 11:59:20 | INFO |        4.892 |       12           2              0.001 
2021-04-14 11:59:20 | INFO |        4.894 |       13           2              0.002 
2021-04-14 11:59:20 | INFO |        4.898 |       14           2              0.004 
2021-04-14 11:59:20 | INFO | Algebraic mode change at t = 4.89858
2021-04-14 11:59:20 | INFO |        4.899 |       15           2              0.004 
2021-04-14 11:59:20 | INFO | calculation of the new starting point of the simulation.
2021-04-14 11:59:20 | INFO |        4.899 |        0           0              0.000 
2021-04-14 11:59:20 | INFO |        4.899 |        1           1              0.000 
2021-04-14 11:59:20 | INFO |        4.899 |        2           1              0.000 
2021-04-14 11:59:20 | INFO |        4.899 |        3           2              0.000 
2021-04-14 11:59:20 | INFO |        4.899 |        4           2              0.000 
2021-04-14 11:59:20 | INFO |        4.899 |        5           2              0.000 
2021-04-14 11:59:20 | INFO |        4.899 |        6           2              0.000 
2021-04-14 11:59:20 | INFO |        4.899 |        7           2              0.000 
2021-04-14 11:59:20 | INFO |        4.899 |        8           2              0.000 
2021-04-14 11:59:20 | INFO |        4.899 |        9           2              0.000 
2021-04-14 11:59:20 | INFO |        4.899 |       10           2              0.000 
2021-04-14 11:59:20 | INFO |        4.900 |       11           2              0.001 
2021-04-14 11:59:20 | INFO |        4.901 |       12           2              0.001 
2021-04-14 11:59:20 | INFO |        4.903 |       13           2              0.002 
2021-04-14 11:59:20 | INFO |        4.907 |       14           2              0.004 
2021-04-14 11:59:20 | INFO |        4.911 |       15           2              0.004 
2021-04-14 11:59:20 | INFO |        4.915 |       16           2              0.004 
2021-04-14 11:59:20 | INFO |        4.919 |       17           2              0.004 
2021-04-14 11:59:20 | INFO |        4.923 |       18           2              0.004 
2021-04-14 11:59:20 | INFO |        4.927 |       19           2              0.004 
2021-04-14 11:59:20 | INFO |        4.931 |       20           2              0.004 
2021-04-14 11:59:20 | INFO |        4.935 |       21           2              0.004 
2021-04-14 11:59:20 | INFO |        4.938 |       22           2              0.003 
2021-04-14 11:59:20 | INFO |        4.941 |       23           2              0.003 
2021-04-14 11:59:20 | INFO |        4.945 |       24           2              0.003 
2021-04-14 11:59:20 | INFO |        4.948 |       25           2              0.003 
2021-04-14 11:59:20 | INFO |        4.951 |       26           2              0.003 
2021-04-14 11:59:20 | INFO |        4.955 |       27           2              0.003 
2021-04-14 11:59:20 | INFO |        4.958 |       28           2              0.003 
2021-04-14 11:59:20 | INFO |        4.961 |       29           2              0.003 
2021-04-14 11:59:20 | INFO |        4.964 |       30           2              0.003 
2021-04-14 11:59:20 | INFO |        4.968 |       31           2              0.003 
2021-04-14 11:59:20 | INFO |        4.971 |       32           2              0.003 
2021-04-14 11:59:20 | INFO |        4.973 |       33           2              0.003 
2021-04-14 11:59:20 | INFO |        4.976 |       34           2              0.003 
2021-04-14 11:59:20 | INFO |        4.979 |       35           2              0.003 
2021-04-14 11:59:20 | INFO |        4.981 |       36           2              0.003 
2021-04-14 11:59:20 | INFO | Algebraic mode change at t = 4.98166
2021-04-14 11:59:20 | INFO |        4.982 |       37           2              0.003 
2021-04-14 11:59:20 | INFO | calculation of the new starting point of the simulation.
2021-04-14 11:59:20 | INFO |        4.982 |        0           0              0.000 
2021-04-14 11:59:20 | INFO |        4.982 |        1           1              0.000 
2021-04-14 11:59:20 | INFO |        4.982 |        2           1              0.000 
2021-04-14 11:59:20 | INFO |        4.982 |        3           2              0.000 
2021-04-14 11:59:20 | INFO |        4.982 |        4           2              0.000 
2021-04-14 11:59:20 | INFO |        4.982 |        5           2              0.000 
2021-04-14 11:59:20 | INFO |        4.982 |        6           2              0.000 
2021-04-14 11:59:20 | INFO |        4.982 |        7           2              0.000 
2021-04-14 11:59:20 | INFO |        4.982 |        8           2              0.000 
2021-04-14 11:59:20 | INFO |        4.982 |        9           2              0.000 
2021-04-14 11:59:20 | INFO |        4.982 |       10           2              0.000 
2021-04-14 11:59:20 | INFO |        4.983 |       11           2              0.001 
2021-04-14 11:59:20 | INFO |        4.984 |       12           2              0.001 
2021-04-14 11:59:20 | INFO |        4.986 |       13           2              0.002 
2021-04-14 11:59:20 | INFO | Algebraic mode change at t = 4.98982
2021-04-14 11:59:20 | INFO |        4.990 |       14           2              0.004 
2021-04-14 11:59:20 | INFO | calculation of the new starting point of the simulation.
2021-04-14 11:59:20 | INFO |        4.990 |        0           0              0.000 
2021-04-14 11:59:20 | INFO |        4.990 |        1           1              0.000 
2021-04-14 11:59:20 | INFO |        4.990 |        2           1              0.000 
2021-04-14 11:59:20 | INFO |        4.990 |        3           2              0.000 
2021-04-14 11:59:20 | INFO |        4.990 |        4           2              0.000 
2021-04-14 11:59:20 | INFO |        4.990 |        5           2              0.000 
2021-04-14 11:59:20 | INFO |        4.990 |        6           2              0.000 
2021-04-14 11:59:20 | INFO |        4.990 |        7           2              0.000 
2021-04-14 11:59:20 | INFO |        4.990 |        8           2              0.000 
2021-04-14 11:59:20 | INFO |        4.990 |        9           2              0.000 
2021-04-14 11:59:20 | INFO |        4.990 |       10           2              0.000 
2021-04-14 11:59:20 | INFO |        4.991 |       11           2              0.001 
2021-04-14 11:59:20 | INFO |        4.992 |       12           2              0.001 
2021-04-14 11:59:20 | INFO |        4.994 |       13           2              0.002 
2021-04-14 11:59:20 | INFO |        4.998 |       14           2              0.004 
2021-04-14 11:59:20 | INFO |        5.000 |       15           2              0.002 
2021-04-14 11:59:20 | INFO | 
2021-04-14 11:59:20 | INFO | execution statistics :
2021-04-14 11:59:20 | INFO | 
2021-04-14 11:59:20 | INFO | number of time iterations                  = 861
2021-04-14 11:59:20 | INFO | number of residual evaluations             = 1545
2021-04-14 11:59:20 | INFO | number of Jacobian evaluations             = 514
2021-04-14 11:59:20 | INFO | number of nonlinear iterations             = 1477
2021-04-14 11:59:20 | INFO | number of error test failures              = 6
2021-04-14 11:59:20 | INFO | number of nonlinear convergence failures   = 0
2021-04-14 11:59:20 | INFO | number of root functions evaluations       = 2251
2021-04-14 11:59:20 | INFO | number of discrete variables evaluations   = 39
2021-04-14 11:59:20 | INFO | number of mode evaluations                 = 36
2021-04-14 11:59:20 | INFO | end of job 'Kundur Example 13 - AVR and No PSS case'
