2024-04-25 17:31:47 | INFO |  ============================================================ 
2024-04-25 17:31:47 | INFO | DYNAWO VERSION  :     1.7.0
2024-04-25 17:31:47 | INFO | DYNAWO REVISION :  master-18-cf2130ea6f
2024-04-25 17:31:47 | INFO |  ============================================================ 
2024-04-25 17:31:47 | INFO | 
2024-04-25 17:31:47 | INFO | -----------------------------------------------------------------------
2024-04-25 17:31:47 | INFO | building model from input files
2024-04-25 17:31:47 | INFO | -----------------------------------------------------------------------
2024-04-25 17:31:47 | INFO | model was built successfully
2024-04-25 17:31:47 | INFO | -----------------------------------------------------------------------
2024-04-25 17:31:47 | INFO | 
2024-04-25 17:31:47 | INFO | -----------------------------------------------------------------------
2024-04-25 17:31:47 | INFO | starting local initialization
2024-04-25 17:31:47 | INFO | -----------------------------------------------------------------------
2024-04-25 17:31:47 | INFO | end of local initialization
2024-04-25 17:31:47 | INFO | -----------------------------------------------------------------------
2024-04-25 17:31:47 | INFO | 
2024-04-25 17:31:47 | INFO | -----------------------------------------------------------------------
2024-04-25 17:31:47 | INFO | starting global initialization
2024-04-25 17:31:47 | INFO | -----------------------------------------------------------------------
2024-04-25 17:31:47 | INFO | end of global initialization
2024-04-25 17:31:47 | INFO | -----------------------------------------------------------------------
2024-04-25 17:31:47 | INFO | 
2024-04-25 17:31:47 | INFO | -----------------------------------------------------------------------
2024-04-25 17:31:47 | INFO | starting curve initialization
2024-04-25 17:31:47 | INFO | -----------------------------------------------------------------------
2024-04-25 17:31:47 | INFO | end of curve initialization, added 15 curves
2024-04-25 17:31:47 | INFO | -----------------------------------------------------------------------
2024-04-25 17:31:47 | INFO | 
2024-04-25 17:31:47 | INFO | -----------------------------------------------------------------------
2024-04-25 17:31:47 | INFO | starting simulation with solver SimplifiedSolver
2024-04-25 17:31:47 | INFO | -----------------------------------------------------------------------
2024-04-25 17:31:47 | INFO | -----------------------------------------------------------------------
2024-04-25 17:31:47 | INFO | number of continuous variables : 36
2024-04-25 17:31:47 | INFO | number of discrete variables : 20
2024-04-25 17:31:47 | INFO | number of root functions : 17
2024-04-25 17:31:47 | INFO | -----------------------------------------------------------------------
2024-04-25 17:31:47 | INFO |         time | iter num   Nonlinear iter   jac eval      time step (h)
2024-04-25 17:31:47 | INFO | -----------------------------------------------------------------------
2024-04-25 17:31:47 | INFO |        0.000 |        0                0          0              1.000 
2024-04-25 17:31:47 | INFO |        1.000 |        1                1          1              1.000 
2024-04-25 17:31:47 | INFO |        2.000 |        2                2          1              1.000 
2024-04-25 17:31:47 | INFO |        3.000 |        3                3          1              1.000 
2024-04-25 17:31:47 | INFO |        4.000 |        4                4          1              1.000 
2024-04-25 17:31:47 | INFO |        5.000 |        5                5          1              1.000 
2024-04-25 17:31:47 | INFO |        6.000 |        6                6          1              1.000 
2024-04-25 17:31:47 | INFO |        7.000 |        7                7          1              1.000 
2024-04-25 17:31:47 | INFO |        8.000 |        8                8          1              1.000 
2024-04-25 17:31:47 | INFO |        9.000 |        9                9          1              1.000 
2024-04-25 17:31:47 | INFO | Algebraic mode (with J recalculation) change at t = 10
2024-04-25 17:31:47 | INFO |       10.000 |       10               10          1              1.000 
2024-04-25 17:31:47 | INFO | calculation of the new starting point of the simulation.
2024-04-25 17:31:47 | INFO |       10.000 |       10               11          2              1.000 
2024-04-25 17:31:47 | INFO |       11.000 |       11               12          3              1.000 
2024-04-25 17:31:47 | INFO |       12.000 |       12               12          4              1.000 
2024-04-25 17:31:47 | INFO |       13.000 |       13               12          5              1.000 
2024-04-25 17:31:47 | INFO |       14.000 |       14               12          6              1.000 
2024-04-25 17:31:47 | INFO |       15.000 |       15               12          7              1.000 
2024-04-25 17:31:47 | INFO |       16.000 |       16               12          8              1.000 
2024-04-25 17:31:47 | INFO |       17.000 |       17               12          9              1.000 
2024-04-25 17:31:47 | INFO |       18.000 |       18               12         10              1.000 
2024-04-25 17:31:47 | INFO |       19.000 |       19               12         11              1.000 
2024-04-25 17:31:47 | INFO |       20.000 |       20               12         12              1.000 
2024-04-25 17:31:47 | INFO | 
2024-04-25 17:31:47 | INFO | execution statistics :
2024-04-25 17:31:47 | INFO | 
2024-04-25 17:31:47 | INFO | number of time iterations                  = 20
2024-04-25 17:31:47 | INFO | number of residual evaluations             = 33
2024-04-25 17:31:47 | INFO | number of Jacobian evaluations             = 12
2024-04-25 17:31:47 | INFO | number of nonlinear iterations             = 12
2024-04-25 17:31:47 | INFO | number of error test failures              = 0
2024-04-25 17:31:47 | INFO | number of nonlinear convergence failures   = 0
2024-04-25 17:31:47 | INFO | number of root functions evaluations       = 24
2024-04-25 17:31:47 | INFO | number of discrete variables evaluations   = 6
2024-04-25 17:31:47 | INFO | number of mode evaluations                 = 3
2024-04-25 17:31:47 | INFO | end of job 'Disconnect load test'
