2019-04-15 12:09:16 | DEBUG |  ============================================================ 
2019-04-15 12:09:16 | DEBUG | DYNAWO VERSION  :     0.1.0
2019-04-15 12:09:16 | DEBUG | DYNAWO REVISION :    master-861e928
2019-04-15 12:09:16 | DEBUG |  ============================================================ 
2019-04-15 12:09:52 | INFO | adding curve : Id: SM; curve: gen_cePu found. (exact name)
2019-04-15 12:09:52 | INFO | adding curve : Id: SM; curve: gen_PePu found. (exact name)
2019-04-15 12:09:52 | INFO | adding curve : Id: SM; curve: gen_cmPu found. (exact name)
2019-04-15 12:09:52 | INFO | adding curve : Id: SM; output: gen_PmPu found.( gen_PmPu_value )
2019-04-15 12:09:52 | INFO | adding curve : Id: SM; curve: gen_ufPu found. (exact name)
2019-04-15 12:09:52 | INFO | adding curve : Id: SM; output: gen_efdPu found.( gen_efdPu_value )
2019-04-15 12:09:52 | INFO | adding curve : Id: SM; output: gen_omegaPu found.( gen_omegaPu_value )
2019-04-15 12:09:52 | INFO | adding curve : Id: SM; curve: gen_theta found. (exact name)
2019-04-15 12:09:52 | INFO | adding curve : Id: SM; curve: gen_PGenPu found. (exact name)
2019-04-15 12:09:52 | INFO | adding curve : Id: SM; curve: gen_QGenPu found. (exact name)
2019-04-15 12:09:52 | INFO | adding curve : Id: SM; curve: gen_PGen found. (exact name)
2019-04-15 12:09:52 | INFO | adding curve : Id: SM; curve: gen_QGen found. (exact name)
2019-04-15 12:09:52 | INFO | adding curve : Id: SM; curve: gen_UPu found. (exact name)
2019-04-15 12:09:52 | INFO | adding curve : Id: SM; output: gen_IStatorPu found.( gen_IStatorPu_value )
2019-04-15 12:09:52 | INFO | adding curve : Id: SM; output: gen_IRotorPu found.( gen_IRotorPu_value )
2019-04-15 12:09:52 | INFO | adding curve : Id: SM; output: gen_UStatorPu found.( gen_UStatorPu_value )
2019-04-15 12:09:52 | INFO | adding curve : Id: SM; output: gen_QStatorPu found.( gen_QStatorPu_value )
2019-04-15 12:09:52 | INFO | adding curve : Id: SM; output: gen_thetaInternal found.( gen_thetaInternal_value )
2019-04-15 12:09:52 | DEBUG | call of SolverReInit ie a new symbolic and numerical factorization will be performed
2019-04-15 12:09:52 | DEBUG | -----------------------------------------------------------------------
2019-04-15 12:09:52 | DEBUG | number of continuous variables : 90 (display limited to 4 variables)
2019-04-15 12:09:52 | DEBUG | number of discrete variables : 17
2019-04-15 12:09:52 | DEBUG | -----------------------------------------------------------------------
2019-04-15 12:09:52 | DEBUG |     t              y1            y2            y3            y4      | nst k      h
2019-04-15 12:09:52 | DEBUG | -----------------------------------------------------------------------
2019-04-15 12:09:52 | DEBUG |        0.000  4.745646e-01  8.802369e-01  0.000000e+00  9.008100e-01 |   0 0 1.000000e-02 
2019-04-15 12:09:52 | DEBUG |        0.001  4.745647e-01  8.802370e-01  0.000000e+00  9.008100e-01 |   1 1 1.000000e-03 
2019-04-15 12:09:52 | DEBUG |        0.002  4.745648e-01  8.802370e-01  0.000000e+00  9.008100e-01 |   2 1 1.000000e-03 
2019-04-15 12:09:52 | DEBUG |        0.004  4.745650e-01  8.802371e-01  0.000000e+00  9.008100e-01 |   3 2 2.000000e-03 
2019-04-15 12:09:52 | DEBUG |        0.008  4.745652e-01  8.802372e-01  0.000000e+00  9.008100e-01 |   4 2 4.000000e-03 
2019-04-15 12:09:52 | DEBUG |        0.016  4.745654e-01  8.802372e-01  0.000000e+00  9.008100e-01 |   5 2 8.000000e-03 
2019-04-15 12:09:52 | DEBUG |        0.032  4.745649e-01  8.802366e-01  0.000000e+00  9.008100e-01 |   6 2 1.600000e-02 
2019-04-15 12:09:52 | DEBUG |        0.064  4.745628e-01  8.802341e-01  0.000000e+00  9.008100e-01 |   7 2 3.200000e-02 
2019-04-15 12:09:52 | DEBUG |        0.128  4.745626e-01  8.802264e-01  0.000000e+00  9.008100e-01 |   8 2 6.400000e-02 
2019-04-15 12:09:52 | DEBUG |        0.256  4.745830e-01  8.802096e-01  0.000000e+00  9.008100e-01 |   9 1 1.280000e-01 
2019-04-15 12:09:52 | DEBUG |        0.512  4.745977e-01  8.802018e-01  0.000000e+00  9.008100e-01 |  10 1 2.560000e-01 
2019-04-15 12:09:52 | DEBUG |        0.640  4.745971e-01  8.802031e-01  0.000000e+00  9.008100e-01 |  11 1 1.280000e-01 
2019-04-15 12:09:52 | DEBUG |        0.896  4.745894e-01  8.802082e-01  0.000000e+00  9.008100e-01 |  12 1 2.560000e-01 
2019-04-15 12:09:52 | DEBUG |        1.000  4.745889e-01  8.802084e-01  0.000000e+00  9.008100e-01 |   0 0 0.000000e+00 
2019-04-15 12:09:52 | DEBUG |        1.000  2.853384e-01  3.286376e-01  0.000000e+00  9.008100e-01 |   1 1 6.250000e-05 
2019-04-15 12:09:52 | DEBUG |        1.000  2.853329e-01  3.284173e-01  0.000000e+00  9.008100e-01 |   2 1 5.337847e-05 
2019-04-15 12:09:52 | DEBUG |        1.000  2.853244e-01  3.279786e-01  0.000000e+00  9.008100e-01 |   3 1 1.067569e-04 
2019-04-15 12:09:52 | DEBUG |        1.000  2.853172e-01  3.271091e-01  0.000000e+00  9.008100e-01 |   4 1 2.135139e-04 
2019-04-15 12:09:52 | DEBUG |        1.001  2.853229e-01  3.253946e-01  0.000000e+00  9.008100e-01 |   5 1 4.270278e-04 
2019-04-15 12:09:52 | DEBUG |        1.001  2.853345e-01  3.236992e-01  0.000000e+00  9.008100e-01 |   6 1 4.270278e-04 
2019-04-15 12:09:52 | DEBUG |        1.002  2.853799e-01  3.203826e-01  0.000000e+00  9.008100e-01 |   7 1 8.540556e-04 
2019-04-15 12:09:52 | DEBUG |        1.003  2.854381e-01  3.174561e-01  0.000000e+00  9.008100e-01 |   8 1 7.686500e-04 
2019-04-15 12:09:52 | DEBUG |        1.004  2.855130e-01  3.145867e-01  0.000000e+00  9.008100e-01 |   9 1 7.686500e-04 
2019-04-15 12:09:52 | DEBUG |        1.004  2.856039e-01  3.117729e-01  0.000000e+00  9.008100e-01 |  10 1 7.686500e-04 
2019-04-15 12:09:52 | DEBUG |        1.006  2.858212e-01  3.062709e-01  0.000000e+00  9.008100e-01 |  11 2 1.537300e-03 
2019-04-15 12:09:52 | DEBUG |        1.008  2.860927e-01  3.009633e-01  0.000000e+00  9.008100e-01 |  12 2 1.537300e-03 
2019-04-15 12:09:52 | DEBUG |        1.009  2.864180e-01  2.958526e-01  0.000000e+00  9.008100e-01 |  13 2 1.537300e-03 
2019-04-15 12:09:52 | DEBUG |        1.012  2.872140e-01  2.861770e-01  0.000000e+00  9.008100e-01 |  14 2 3.074600e-03 
2019-04-15 12:09:52 | DEBUG |        1.015  2.880809e-01  2.780523e-01  0.000000e+00  9.008100e-01 |  15 2 2.767140e-03 
2019-04-15 12:09:52 | DEBUG |        1.018  2.890717e-01  2.704246e-01  0.000000e+00  9.008100e-01 |  16 2 2.767140e-03 
2019-04-15 12:09:52 | DEBUG |        1.020  2.901708e-01  2.632480e-01  0.000000e+00  9.008100e-01 |  17 2 2.767140e-03 
2019-04-15 12:09:52 | DEBUG |        1.023  2.913650e-01  2.564779e-01  0.000000e+00  9.008100e-01 |  18 2 2.767140e-03 
2019-04-15 12:09:52 | DEBUG |        1.026  2.926428e-01  2.500734e-01  0.000000e+00  9.008100e-01 |  19 2 2.767140e-03 
2019-04-15 12:09:52 | DEBUG |        1.029  2.939940e-01  2.439965e-01  0.000000e+00  9.008100e-01 |  20 2 2.767140e-03 
2019-04-15 12:09:52 | DEBUG |        1.032  2.954099e-01  2.382119e-01  0.000000e+00  9.008100e-01 |  21 2 2.767140e-03 
2019-04-15 12:09:52 | DEBUG |        1.034  2.968829e-01  2.326873e-01  0.000000e+00  9.008100e-01 |  22 2 2.767140e-03 
2019-04-15 12:09:52 | DEBUG |        1.037  2.984064e-01  2.273930e-01  0.000000e+00  9.008100e-01 |  23 2 2.767140e-03 
2019-04-15 12:09:52 | DEBUG |        1.040  2.999748e-01  2.223013e-01  0.000000e+00  9.008100e-01 |  24 2 2.767140e-03 
2019-04-15 12:09:52 | DEBUG |        1.043  3.015830e-01  2.173870e-01  0.000000e+00  9.008100e-01 |  25 2 2.767140e-03 
2019-04-15 12:09:52 | DEBUG |        1.045  3.032267e-01  2.126267e-01  0.000000e+00  9.008100e-01 |  26 2 2.767140e-03 
2019-04-15 12:09:52 | DEBUG |        1.048  3.049020e-01  2.079988e-01  0.000000e+00  9.008100e-01 |  27 2 2.767140e-03 
2019-04-15 12:09:52 | DEBUG |        1.054  3.083302e-01  1.990426e-01  0.000000e+00  9.008100e-01 |  28 2 5.534280e-03 
2019-04-15 12:09:52 | DEBUG |        1.059  3.118491e-01  1.903951e-01  0.000000e+00  9.008100e-01 |  29 2 5.534280e-03 
2019-04-15 12:09:52 | DEBUG |        1.065  3.154374e-01  1.819406e-01  0.000000e+00  9.008100e-01 |  30 2 5.534280e-03 
2019-04-15 12:09:52 | DEBUG |        1.066  3.163406e-01  1.798516e-01  0.000000e+00  9.008100e-01 |  31 2 1.383570e-03 
2019-04-15 12:09:52 | DEBUG |        1.069  3.181601e-01  1.756803e-01  0.000000e+00  9.008100e-01 |  32 2 2.767140e-03 
2019-04-15 12:09:52 | DEBUG |        1.069  3.183882e-01  1.751598e-01  0.000000e+00  9.008100e-01 |  33 2 3.458925e-04 
2019-04-15 12:09:52 | DEBUG |        1.070  3.188449e-01  1.741189e-01  0.000000e+00  9.008100e-01 |  34 2 6.917850e-04 
2019-04-15 12:09:52 | DEBUG |        1.070  3.189085e-01  1.739741e-01  0.000000e+00  9.008100e-01 |  35 2 9.622556e-05 
2019-04-15 12:09:52 | DEBUG |        1.070  3.207701e-01  1.777189e-01  0.000000e+00  9.008100e-01 |   0 0 0.000000e+00 
2019-04-15 12:09:52 | DEBUG |        1.070  5.906439e-01  5.852375e-01  0.000000e+00  9.008100e-01 |   1 1 6.250000e-05 
2019-04-15 12:09:52 | DEBUG |        1.070  5.907954e-01  5.854109e-01  0.000000e+00  9.008100e-01 |   2 1 5.625000e-05 
2019-04-15 12:09:52 | DEBUG |        1.070  5.910978e-01  5.857563e-01  0.000000e+00  9.008100e-01 |   3 1 1.125000e-04 
2019-04-15 12:09:52 | DEBUG |        1.070  5.916998e-01  5.864412e-01  0.000000e+00  9.008100e-01 |   4 1 2.250000e-04 
2019-04-15 12:09:52 | DEBUG |        1.071  5.928937e-01  5.877876e-01  0.000000e+00  9.008100e-01 |   5 1 4.500000e-04 
2019-04-15 12:09:52 | DEBUG |        1.071  5.940785e-01  5.891103e-01  0.000000e+00  9.008100e-01 |   6 1 4.500000e-04 
2019-04-15 12:09:52 | DEBUG |        1.072  5.952544e-01  5.904095e-01  0.000000e+00  9.008100e-01 |   7 1 4.500000e-04 
2019-04-15 12:09:52 | DEBUG |        1.073  5.975886e-01  5.929522e-01  0.000000e+00  9.008100e-01 |   8 2 9.000000e-04 
2019-04-15 12:09:52 | DEBUG |        1.074  5.998927e-01  5.954101e-01  0.000000e+00  9.008100e-01 |   9 2 9.000000e-04 
2019-04-15 12:09:52 | DEBUG |        1.075  6.044037e-01  6.000606e-01  0.000000e+00  9.008100e-01 |  10 2 1.800000e-03 
2019-04-15 12:09:52 | DEBUG |        1.079  6.130795e-01  6.083718e-01  0.000000e+00  9.008100e-01 |  11 2 3.600000e-03 
2019-04-15 12:09:52 | DEBUG |        1.082  6.196796e-01  6.140948e-01  0.000000e+00  9.008100e-01 |  12 2 2.869637e-03 
2019-04-15 12:09:52 | DEBUG |        1.085  6.260302e-01  6.190783e-01  0.000000e+00  9.008100e-01 |  13 2 2.869637e-03 
2019-04-15 12:09:52 | DEBUG |        1.088  6.321570e-01  6.233738e-01  0.000000e+00  9.008100e-01 |  14 2 2.869637e-03 
2019-04-15 12:09:52 | DEBUG |        1.090  6.380822e-01  6.270286e-01  0.000000e+00  9.008100e-01 |  15 2 2.869637e-03 
2019-04-15 12:09:52 | DEBUG |        1.093  6.438254e-01  6.300867e-01  0.000000e+00  9.008100e-01 |  16 2 2.869637e-03 
2019-04-15 12:09:52 | DEBUG |        1.096  6.494033e-01  6.325884e-01  0.000000e+00  9.008100e-01 |  17 2 2.869637e-03 
2019-04-15 12:09:52 | DEBUG |        1.099  6.548309e-01  6.345712e-01  0.000000e+00  9.008100e-01 |  18 2 2.869637e-03 
2019-04-15 12:09:52 | DEBUG |        1.102  6.601210e-01  6.360698e-01  0.000000e+00  9.008100e-01 |  19 2 2.869637e-03 
2019-04-15 12:09:52 | DEBUG |        1.105  6.652861e-01  6.371205e-01  0.000000e+00  9.008100e-01 |  20 2 2.869637e-03 
2019-04-15 12:09:52 | DEBUG |        1.108  6.703356e-01  6.377481e-01  0.000000e+00  9.008100e-01 |  21 2 2.869637e-03 
2019-04-15 12:09:52 | DEBUG |        1.113  6.801324e-01  6.378673e-01  0.000000e+00  9.008100e-01 |  22 2 5.739273e-03 
2019-04-15 12:09:52 | DEBUG |        1.119  6.895475e-01  6.366086e-01  0.000000e+00  9.008100e-01 |  23 2 5.739273e-03 
2019-04-15 12:09:52 | DEBUG |        1.125  6.986163e-01  6.341388e-01  0.000000e+00  9.008100e-01 |  24 2 5.739273e-03 
2019-04-15 12:09:52 | DEBUG |        1.131  7.073680e-01  6.306099e-01  0.000000e+00  9.008100e-01 |  25 2 5.739273e-03 
2019-04-15 12:09:52 | DEBUG |        1.136  7.158236e-01  6.261568e-01  0.000000e+00  9.008100e-01 |  26 2 5.739273e-03 
2019-04-15 12:09:52 | DEBUG |        1.142  7.240002e-01  6.208941e-01  0.000000e+00  9.008100e-01 |  27 2 5.739273e-03 
2019-04-15 12:09:52 | DEBUG |        1.148  7.319030e-01  6.149336e-01  0.000000e+00  9.008100e-01 |  28 2 5.739273e-03 
2019-04-15 12:09:52 | DEBUG |        1.154  7.395420e-01  6.083705e-01  0.000000e+00  9.008100e-01 |  29 2 5.739273e-03 
2019-04-15 12:09:52 | DEBUG |        1.165  7.540762e-01  5.938505e-01  0.000000e+00  9.008100e-01 |  30 2 1.147855e-02 
2019-04-15 12:09:52 | DEBUG |        1.177  7.675849e-01  5.778308e-01  0.000000e+00  9.008100e-01 |  31 2 1.147855e-02 
2019-04-15 12:09:52 | DEBUG |        1.188  7.800775e-01  5.607697e-01  0.000000e+00  9.008100e-01 |  32 2 1.147855e-02 
2019-04-15 12:09:52 | DEBUG |        1.200  7.915849e-01  5.430625e-01  0.000000e+00  9.008100e-01 |  33 2 1.147855e-02 
2019-04-15 12:09:52 | DEBUG |        1.211  8.021306e-01  5.250536e-01  0.000000e+00  9.008100e-01 |  34 2 1.147855e-02 
2019-04-15 12:09:52 | DEBUG |        1.222  8.117499e-01  5.070361e-01  0.000000e+00  9.008100e-01 |  35 2 1.147855e-02 
2019-04-15 12:09:52 | DEBUG |        1.234  8.204868e-01  4.892615e-01  0.000000e+00  9.008100e-01 |  36 2 1.147855e-02 
2019-04-15 12:09:52 | DEBUG |        1.245  8.283934e-01  4.719463e-01  0.000000e+00  9.008100e-01 |  37 2 1.147855e-02 
2019-04-15 12:09:52 | DEBUG |        1.268  8.419991e-01  4.395545e-01  0.000000e+00  9.008100e-01 |  38 2 2.295709e-02 
2019-04-15 12:09:52 | DEBUG |        1.291  8.530007e-01  4.109362e-01  0.000000e+00  9.008100e-01 |  39 2 2.295709e-02 
2019-04-15 12:09:52 | DEBUG |        1.314  8.619789e-01  3.870095e-01  0.000000e+00  9.008100e-01 |  40 2 2.295709e-02 
2019-04-15 12:09:52 | DEBUG |        1.337  8.694703e-01  3.685221e-01  0.000000e+00  9.008100e-01 |  41 2 2.295709e-02 
2019-04-15 12:09:52 | DEBUG |        1.360  8.759008e-01  3.560839e-01  0.000000e+00  9.008100e-01 |  42 2 2.295709e-02 
2019-04-15 12:09:52 | DEBUG |        1.383  8.815892e-01  3.501966e-01  0.000000e+00  9.008100e-01 |  43 2 2.295709e-02 
2019-04-15 12:09:52 | DEBUG |        1.406  8.867086e-01  3.512824e-01  0.000000e+00  9.008100e-01 |  44 2 2.295709e-02 
2019-04-15 12:09:52 | DEBUG |        1.429  8.912594e-01  3.597012e-01  0.000000e+00  9.008100e-01 |  45 2 2.295709e-02 
2019-04-15 12:09:52 | DEBUG |        1.475  8.977076e-01  3.997918e-01  0.000000e+00  9.008100e-01 |  46 2 4.591418e-02 
2019-04-15 12:09:52 | DEBUG |        1.497  8.969922e-01  4.297877e-01  0.000000e+00  9.008100e-01 |  47 2 2.153135e-02 
2019-04-15 12:09:52 | DEBUG |        1.518  8.912682e-01  4.671363e-01  0.000000e+00  9.008100e-01 |  48 2 2.153135e-02 
2019-04-15 12:09:52 | DEBUG |        1.540  8.791150e-01  5.110032e-01  0.000000e+00  9.008100e-01 |  49 2 2.153135e-02 
2019-04-15 12:09:52 | DEBUG |        1.561  8.595937e-01  5.602365e-01  0.000000e+00  9.008100e-01 |  50 2 2.153135e-02 
2019-04-15 12:09:52 | DEBUG |        1.583  8.321737e-01  6.131105e-01  0.000000e+00  9.008100e-01 |  51 2 2.153135e-02 
2019-04-15 12:09:52 | DEBUG |        1.604  7.968087e-01  6.675881e-01  0.000000e+00  9.008100e-01 |  52 2 2.153135e-02 
2019-04-15 12:09:52 | DEBUG |        1.626  7.539865e-01  7.214725e-01  0.000000e+00  9.008100e-01 |  53 2 2.153135e-02 
2019-04-15 12:09:52 | DEBUG |        1.647  7.048653e-01  7.725917e-01  0.000000e+00  9.008100e-01 |  54 2 2.153135e-02 
2019-04-15 12:09:52 | DEBUG |        1.669  6.512754e-01  8.191760e-01  0.000000e+00  9.008100e-01 |  55 2 2.153135e-02 
2019-04-15 12:09:52 | DEBUG |        1.690  5.950279e-01  8.601753e-01  0.000000e+00  9.008100e-01 |  56 2 2.153135e-02 
2019-04-15 12:09:52 | DEBUG |        1.712  5.379827e-01  8.943147e-01  0.000000e+00  9.008100e-01 |  57 2 2.153135e-02 
2019-04-15 12:09:52 | DEBUG |        1.733  4.822110e-01  9.210811e-01  0.000000e+00  9.008100e-01 |  58 2 2.153135e-02 
2019-04-15 12:09:52 | DEBUG |        1.755  4.301589e-01  9.407711e-01  0.000000e+00  9.008100e-01 |  59 2 2.153135e-02 
2019-04-15 12:09:52 | DEBUG |        1.776  3.837058e-01  9.550617e-01  0.000000e+00  9.008100e-01 |  60 2 2.153135e-02 
2019-04-15 12:09:52 | DEBUG |        1.798  3.440490e-01  9.647379e-01  0.000000e+00  9.008100e-01 |  61 2 2.153135e-02 
2019-04-15 12:09:52 | DEBUG |        1.820  3.118594e-01  9.701065e-01  0.000000e+00  9.008100e-01 |  62 2 2.153135e-02 
2019-04-15 12:09:52 | DEBUG |        1.841  2.889161e-01  9.713883e-01  0.000000e+00  9.008100e-01 |  63 2 2.153135e-02 
2019-04-15 12:09:52 | DEBUG |        1.855  2.802185e-01  9.726762e-01  0.000000e+00  9.008100e-01 |  64 2 1.392154e-02 
2019-04-15 12:09:52 | DEBUG |        1.869  2.732696e-01  9.723614e-01  0.000000e+00  9.008100e-01 |  65 2 1.392154e-02 
2019-04-15 12:09:52 | DEBUG |        1.883  2.697465e-01  9.713948e-01  0.000000e+00  9.008100e-01 |  66 2 1.392154e-02 
2019-04-15 12:09:52 | DEBUG |        1.897  2.696084e-01  9.697657e-01  0.000000e+00  9.008100e-01 |  67 2 1.392154e-02 
2019-04-15 12:09:52 | DEBUG |        1.925  2.788392e-01  9.643957e-01  0.000000e+00  9.008100e-01 |  68 2 2.784307e-02 
2019-04-15 12:09:52 | DEBUG |        1.952  2.998201e-01  9.558196e-01  0.000000e+00  9.008100e-01 |  69 2 2.784307e-02 
2019-04-15 12:09:52 | DEBUG |        1.980  3.311740e-01  9.432118e-01  0.000000e+00  9.008100e-01 |  70 2 2.784307e-02 
2019-04-15 12:09:52 | DEBUG |        2.008  3.713366e-01  9.255409e-01  0.000000e+00  9.008100e-01 |  71 2 2.784307e-02 
2019-04-15 12:09:52 | DEBUG |        2.036  4.185829e-01  9.017695e-01  0.000000e+00  9.008100e-01 |  72 2 2.784307e-02 
2019-04-15 12:09:52 | DEBUG |        2.064  4.710058e-01  8.708490e-01  0.000000e+00  9.008100e-01 |  73 2 2.784307e-02 
2019-04-15 12:09:52 | DEBUG |        2.092  5.266830e-01  8.321849e-01  0.000000e+00  9.008100e-01 |  74 2 2.784307e-02 
2019-04-15 12:09:52 | DEBUG |        2.119  5.836107e-01  7.854536e-01  0.000000e+00  9.008100e-01 |  75 2 2.784307e-02 
2019-04-15 12:09:52 | DEBUG |        2.145  6.344227e-01  7.368958e-01  0.000000e+00  9.008100e-01 |  76 2 2.505877e-02 
2019-04-15 12:09:52 | DEBUG |        2.170  6.817238e-01  6.820040e-01  0.000000e+00  9.008100e-01 |  77 2 2.505877e-02 
2019-04-15 12:09:52 | DEBUG |        2.192  7.198873e-01  6.282758e-01  0.000000e+00  9.008100e-01 |  78 2 2.255289e-02 
2019-04-15 12:09:52 | DEBUG |        2.215  7.528653e-01  5.716848e-01  0.000000e+00  9.008100e-01 |  79 2 2.255289e-02 
2019-04-15 12:09:52 | DEBUG |        2.237  7.801726e-01  5.135845e-01  0.000000e+00  9.008100e-01 |  80 2 2.255289e-02 
2019-04-15 12:09:52 | DEBUG |        2.260  8.017232e-01  4.553359e-01  0.000000e+00  9.008100e-01 |  81 2 2.255289e-02 
2019-04-15 12:09:52 | DEBUG |        2.282  8.177890e-01  3.982276e-01  0.000000e+00  9.008100e-01 |  82 2 2.255289e-02 
2019-04-15 12:09:52 | DEBUG |        2.305  8.289044e-01  3.433900e-01  0.000000e+00  9.008100e-01 |  83 2 2.255289e-02 
2019-04-15 12:09:52 | DEBUG |        2.327  8.357903e-01  2.917549e-01  0.000000e+00  9.008100e-01 |  84 2 2.255289e-02 
2019-04-15 12:09:52 | DEBUG |        2.350  8.392693e-01  2.440433e-01  0.000000e+00  9.008100e-01 |  85 2 2.255289e-02 
2019-04-15 12:09:52 | DEBUG |        2.373  8.401792e-01  2.007793e-01  0.000000e+00  9.008100e-01 |  86 2 2.255289e-02 
2019-04-15 12:09:52 | DEBUG |        2.395  8.394166e-01  1.623153e-01  0.000000e+00  9.008100e-01 |  87 2 2.255289e-02 
2019-04-15 12:09:52 | DEBUG |        2.418  8.376866e-01  1.288452e-01  0.000000e+00  9.008100e-01 |  88 2 2.255289e-02 
2019-04-15 12:09:52 | DEBUG |        2.440  8.357363e-01  1.004946e-01  0.000000e+00  9.008100e-01 |  89 2 2.255289e-02 
2019-04-15 12:09:52 | DEBUG |        2.463  8.341212e-01  7.733823e-02  0.000000e+00  9.008100e-01 |  90 2 2.255289e-02 
2019-04-15 12:09:52 | DEBUG |        2.508  8.339140e-01  4.689367e-02  0.000000e+00  9.008100e-01 |  91 2 4.510578e-02 
2019-04-15 12:09:52 | DEBUG |        2.548  8.388694e-01  3.802982e-02  0.000000e+00  9.008100e-01 |  92 2 4.059520e-02 
2019-04-15 12:09:52 | DEBUG |        2.589  8.496854e-01  4.790572e-02  0.000000e+00  9.008100e-01 |  93 2 4.059520e-02 
2019-04-15 12:09:52 | DEBUG |        2.630  8.660395e-01  7.846004e-02  0.000000e+00  9.008100e-01 |  94 2 4.059520e-02 
2019-04-15 12:09:52 | DEBUG |        2.670  8.859917e-01  1.323523e-01  0.000000e+00  9.008100e-01 |  95 2 4.059520e-02 
2019-04-15 12:09:52 | DEBUG |        2.711  9.054120e-01  2.124966e-01  0.000000e+00  9.008100e-01 |  96 2 4.059520e-02 
2019-04-15 12:09:52 | DEBUG |        2.751  9.173678e-01  3.209421e-01  0.000000e+00  9.008100e-01 |  97 2 4.059520e-02 
2019-04-15 12:09:52 | DEBUG |        2.773  9.171602e-01  3.886714e-01  0.000000e+00  9.008100e-01 |  98 2 2.112626e-02 
2019-04-15 12:09:52 | DEBUG |        2.788  9.113610e-01  4.412315e-01  0.000000e+00  9.008100e-01 |  99 2 1.492262e-02 
2019-04-15 12:09:52 | DEBUG |        2.802  8.990496e-01  4.971944e-01  0.000000e+00  9.008100e-01 | 100 2 1.492262e-02 
2019-04-15 12:09:52 | DEBUG |        2.817  8.793503e-01  5.553513e-01  0.000000e+00  9.008100e-01 | 101 2 1.492262e-02 
2019-04-15 12:09:52 | DEBUG |        2.832  8.519068e-01  6.144445e-01  0.000000e+00  9.008100e-01 | 102 2 1.492262e-02 
2019-04-15 12:09:52 | DEBUG |        2.847  8.173879e-01  6.728406e-01  0.000000e+00  9.008100e-01 | 103 2 1.492262e-02 
2019-04-15 12:09:52 | DEBUG |        2.862  7.768969e-01  7.294754e-01  0.000000e+00  9.008100e-01 | 104 2 1.492262e-02 
2019-04-15 12:09:52 | DEBUG |        2.877  7.312965e-01  7.832799e-01  0.000000e+00  9.008100e-01 | 105 2 1.492262e-02 
2019-04-15 12:09:52 | DEBUG |        2.892  6.815033e-01  8.329571e-01  0.000000e+00  9.008100e-01 | 106 2 1.492262e-02 
2019-04-15 12:09:52 | DEBUG |        2.907  6.285404e-01  8.777257e-01  0.000000e+00  9.008100e-01 | 107 2 1.492262e-02 
2019-04-15 12:09:52 | DEBUG |        2.922  5.734842e-01  9.169707e-01  0.000000e+00  9.008100e-01 | 108 2 1.492262e-02 
2019-04-15 12:09:52 | DEBUG |        2.937  5.175151e-01  9.502396e-01  0.000000e+00  9.008100e-01 | 109 2 1.492262e-02 
2019-04-15 12:09:52 | DEBUG |        2.952  4.617828e-01  9.774495e-01  0.000000e+00  9.008100e-01 | 110 2 1.492262e-02 
2019-04-15 12:09:52 | DEBUG |        2.967  4.074488e-01  9.985839e-01  0.000000e+00  9.008100e-01 | 111 2 1.492262e-02 
2019-04-15 12:09:52 | DEBUG |        2.982  3.558335e-01  1.013947e+00  0.000000e+00  9.008100e-01 | 112 2 1.492262e-02 
2019-04-15 12:09:52 | DEBUG |        2.996  3.078340e-01  1.024718e+00  0.000000e+00  9.008100e-01 | 113 2 1.492262e-02 
2019-04-15 12:09:52 | DEBUG |        3.011  2.626439e-01  1.031536e+00  0.000000e+00  9.008100e-01 | 114 2 1.492262e-02 
2019-04-15 12:09:52 | DEBUG |        3.021  2.364931e-01  1.033252e+00  0.000000e+00  9.008100e-01 | 115 2 9.421141e-03 
2019-04-15 12:09:52 | DEBUG |        3.030  2.130073e-01  1.033369e+00  0.000000e+00  9.008100e-01 | 116 2 9.421141e-03 
2019-04-15 12:09:52 | DEBUG |        3.040  1.917092e-01  1.032163e+00  0.000000e+00  9.008100e-01 | 117 2 9.421141e-03 
2019-04-15 12:09:52 | DEBUG |        3.049  1.727340e-01  1.029962e+00  0.000000e+00  9.008100e-01 | 118 2 9.421141e-03 
2019-04-15 12:09:52 | DEBUG |        3.058  1.558935e-01  1.026947e+00  0.000000e+00  9.008100e-01 | 119 2 9.421141e-03 
2019-04-15 12:09:52 | DEBUG |        3.068  1.414527e-01  1.023280e+00  0.000000e+00  9.008100e-01 | 120 2 9.421141e-03 
2019-04-15 12:09:52 | DEBUG |        3.077  1.295320e-01  1.019485e+00  0.000000e+00  9.008100e-01 | 121 2 9.421141e-03 
2019-04-15 12:09:52 | DEBUG |        3.087  1.200249e-01  1.015742e+00  0.000000e+00  9.008100e-01 | 122 2 9.421141e-03 
2019-04-15 12:09:52 | DEBUG |        3.096  1.130528e-01  1.012174e+00  0.000000e+00  9.008100e-01 | 123 2 9.421141e-03 
2019-04-15 12:09:52 | DEBUG |        3.115  1.062887e-01  1.005905e+00  0.000000e+00  9.008100e-01 | 124 2 1.884228e-02 
2019-04-15 12:09:52 | DEBUG |        3.134  1.085672e-01  1.000838e+00  0.000000e+00  9.008100e-01 | 125 2 1.884228e-02 
2019-04-15 12:09:52 | DEBUG |        3.153  1.192239e-01  9.966374e-01  0.000000e+00  9.008100e-01 | 126 2 1.884228e-02 
2019-04-15 12:09:52 | DEBUG |        3.172  1.375852e-01  9.926391e-01  0.000000e+00  9.008100e-01 | 127 2 1.884228e-02 
2019-04-15 12:09:52 | DEBUG |        3.190  1.629680e-01  9.879943e-01  0.000000e+00  9.008100e-01 | 128 2 1.884228e-02 
2019-04-15 12:09:52 | DEBUG |        3.209  1.946675e-01  9.817820e-01  0.000000e+00  9.008100e-01 | 129 2 1.884228e-02 
2019-04-15 12:09:52 | DEBUG |        3.228  2.319472e-01  9.730908e-01  0.000000e+00  9.008100e-01 | 130 2 1.884228e-02 
2019-04-15 12:09:52 | DEBUG |        3.247  2.740321e-01  9.610703e-01  0.000000e+00  9.008100e-01 | 131 2 1.884228e-02 
2019-04-15 12:09:52 | DEBUG |        3.266  3.201077e-01  9.449607e-01  0.000000e+00  9.008100e-01 | 132 2 1.884228e-02 
2019-04-15 12:09:52 | DEBUG |        3.285  3.693228e-01  9.241052e-01  0.000000e+00  9.008100e-01 | 133 2 1.884228e-02 
2019-04-15 12:09:52 | DEBUG |        3.303  4.207925e-01  8.979563e-01  0.000000e+00  9.008100e-01 | 134 2 1.884228e-02 
2019-04-15 12:09:52 | DEBUG |        3.322  4.736012e-01  8.660797e-01  0.000000e+00  9.008100e-01 | 135 2 1.884228e-02 
2019-04-15 12:09:52 | DEBUG |        3.341  5.268063e-01  8.281630e-01  0.000000e+00  9.008100e-01 | 136 2 1.884228e-02 
2019-04-15 12:09:52 | DEBUG |        3.360  5.794464e-01  7.840288e-01  0.000000e+00  9.008100e-01 | 137 2 1.884228e-02 
2019-04-15 12:09:52 | DEBUG |        3.379  6.302992e-01  7.332243e-01  0.000000e+00  9.008100e-01 | 138 2 1.884228e-02 
2019-04-15 12:09:52 | DEBUG |        3.398  6.772325e-01  6.762304e-01  0.000000e+00  9.008100e-01 | 139 2 1.884228e-02 
2019-04-15 12:09:52 | DEBUG |        3.416  7.184862e-01  6.144687e-01  0.000000e+00  9.008100e-01 | 140 2 1.884228e-02 
2019-04-15 12:09:52 | DEBUG |        3.435  7.535861e-01  5.480573e-01  0.000000e+00  9.008100e-01 | 141 2 1.884228e-02 
2019-04-15 12:09:52 | DEBUG |        3.454  7.815032e-01  4.781517e-01  0.000000e+00  9.008100e-01 | 142 2 1.884228e-02 
2019-04-15 12:09:52 | DEBUG |        3.473  8.015717e-01  4.073821e-01  0.000000e+00  9.008100e-01 | 143 2 1.884228e-02 
2019-04-15 12:09:52 | DEBUG |        3.492  8.146070e-01  3.351118e-01  0.000000e+00  9.008100e-01 | 144 2 1.884228e-02 
2019-04-15 12:09:52 | DEBUG |        3.511  8.196904e-01  2.623847e-01  0.000000e+00  9.008100e-01 | 145 2 1.884228e-02 
2019-04-15 12:09:52 | DEBUG |        3.528  8.200672e-01  2.004244e-01  0.000000e+00  9.008100e-01 | 146 2 1.695805e-02 
2019-04-15 12:09:52 | DEBUG |        3.545  8.139602e-01  1.387410e-01  0.000000e+00  9.008100e-01 | 147 2 1.695805e-02 
2019-04-15 12:09:52 | DEBUG |        3.562  8.034338e-01  7.962263e-02  0.000000e+00  9.008100e-01 | 148 2 1.695805e-02 
2019-04-15 12:09:52 | DEBUG |        3.579  7.888719e-01  2.255603e-02  0.000000e+00  9.008100e-01 | 149 2 1.695805e-02 
2019-04-15 12:09:52 | DEBUG |        3.595  7.702856e-01 -3.192606e-02  0.000000e+00  9.008100e-01 | 150 2 1.695805e-02 
2019-04-15 12:09:52 | DEBUG |        3.612  7.486570e-01 -8.341615e-02  0.000000e+00  9.008100e-01 | 151 2 1.695805e-02 
2019-04-15 12:09:52 | DEBUG |        3.629  7.242491e-01 -1.330914e-01  0.000000e+00  9.008100e-01 | 152 2 1.695805e-02 
2019-04-15 12:09:52 | DEBUG |        3.646  6.957593e-01 -1.806742e-01  0.000000e+00  9.008100e-01 | 153 2 1.695805e-02 
2019-04-15 12:09:52 | DEBUG |        3.658  6.744568e-01 -2.115004e-01  0.000000e+00  9.008100e-01 | 154 2 1.166075e-02 
2019-04-15 12:09:52 | DEBUG |        3.670  6.522827e-01 -2.415320e-01  0.000000e+00  9.008100e-01 | 155 1 1.166075e-02 
2019-04-15 12:09:52 | DEBUG |        3.681  6.285402e-01 -2.707442e-01  0.000000e+00  9.008100e-01 | 156 1 1.166075e-02 
2019-04-15 12:09:52 | DEBUG |        3.693  6.032308e-01 -2.992368e-01  0.000000e+00  9.008100e-01 | 157 1 1.166075e-02 
2019-04-15 12:09:52 | DEBUG |        3.716  5.472121e-01 -3.536538e-01  0.000000e+00  9.008100e-01 | 158 2 2.332149e-02 
2019-04-15 12:09:52 | DEBUG |        3.740  4.832044e-01 -4.050133e-01  0.000000e+00  9.008100e-01 | 159 2 2.332149e-02 
2019-04-15 12:09:52 | DEBUG |        3.763  4.093304e-01 -4.528113e-01  0.000000e+00  9.008100e-01 | 160 2 2.332149e-02 
2019-04-15 12:09:52 | DEBUG |        3.786  3.232260e-01 -4.958539e-01  0.000000e+00  9.008100e-01 | 161 2 2.332149e-02 
2019-04-15 12:09:52 | DEBUG |        3.810  2.221147e-01 -5.318387e-01  0.000000e+00  9.008100e-01 | 162 2 2.332149e-02 
2019-04-15 12:09:52 | DEBUG |        3.833  1.029886e-01 -5.567087e-01  0.000000e+00  9.008100e-01 | 163 2 2.332149e-02 
2019-04-15 12:09:52 | DEBUG |        3.854 -2.238296e-02 -5.616465e-01  0.000000e+00  9.008100e-01 | 164 2 2.098934e-02 
2019-04-15 12:09:52 | DEBUG |        3.869 -1.216379e-01 -5.537859e-01  0.000000e+00  9.008100e-01 | 165 2 1.499150e-02 
2019-04-15 12:09:52 | DEBUG |        3.884 -2.293163e-01 -5.319324e-01  0.000000e+00  9.008100e-01 | 166 2 1.499150e-02 
2019-04-15 12:09:52 | DEBUG |        3.899 -3.440550e-01 -4.918243e-01  0.000000e+00  9.008100e-01 | 167 2 1.499150e-02 
2019-04-15 12:09:52 | DEBUG |        3.914 -4.631224e-01 -4.290496e-01  0.000000e+00  9.008100e-01 | 168 2 1.499150e-02 
2019-04-15 12:09:52 | DEBUG |        3.929 -5.816942e-01 -3.389051e-01  0.000000e+00  9.008100e-01 | 169 2 1.499150e-02 
2019-04-15 12:09:52 | DEBUG |        3.944 -6.924290e-01 -2.174454e-01  0.000000e+00  9.008100e-01 | 170 2 1.499150e-02 
2019-04-15 12:09:52 | DEBUG |        3.959 -7.854866e-01 -6.259499e-02  0.000000e+00  9.008100e-01 | 171 2 1.499150e-02 
2019-04-15 12:09:52 | DEBUG |        3.974 -8.487395e-01  1.247951e-01  0.000000e+00  9.008100e-01 | 172 2 1.499150e-02 
2019-04-15 12:09:52 | DEBUG |        3.989 -8.673463e-01  3.393821e-01  0.000000e+00  9.008100e-01 | 173 2 1.499150e-02 
2019-04-15 12:09:52 | DEBUG |        3.996 -8.587146e-01  4.480257e-01  0.000000e+00  9.008100e-01 | 174 2 7.224722e-03 
2019-04-15 12:09:52 | DEBUG |        4.003 -8.342556e-01  5.584631e-01  0.000000e+00  9.008100e-01 | 175 2 7.224722e-03 
2019-04-15 12:09:52 | DEBUG |        4.010 -7.946239e-01  6.669766e-01  0.000000e+00  9.008100e-01 | 176 2 7.224722e-03 
2019-04-15 12:09:52 | DEBUG |        4.018 -7.391078e-01  7.721436e-01  0.000000e+00  9.008100e-01 | 177 2 7.224722e-03 
2019-04-15 12:09:52 | DEBUG |        4.024 -6.744775e-01  8.600387e-01  0.000000e+00  9.008100e-01 | 178 2 6.502249e-03 
2019-04-15 12:09:52 | DEBUG |        4.031 -5.974284e-01  9.394305e-01  0.000000e+00  9.008100e-01 | 179 2 6.502249e-03 
2019-04-15 12:09:52 | DEBUG |        4.037 -5.098421e-01  1.008701e+00  0.000000e+00  9.008100e-01 | 180 2 6.502249e-03 
2019-04-15 12:09:52 | DEBUG |        4.044 -4.134849e-01  1.066377e+00  0.000000e+00  9.008100e-01 | 181 2 6.502249e-03 
2019-04-15 12:09:52 | DEBUG |        4.050 -3.102553e-01  1.111235e+00  0.000000e+00  9.008100e-01 | 182 2 6.502249e-03 
2019-04-15 12:09:52 | DEBUG |        4.057 -2.021665e-01  1.142364e+00  0.000000e+00  9.008100e-01 | 183 2 6.502249e-03 
2019-04-15 12:09:52 | DEBUG |        4.070  1.992659e-02  1.161934e+00  0.000000e+00  9.008100e-01 | 184 2 1.300450e-02 
2019-04-15 12:09:52 | DEBUG |        4.083  2.368634e-01  1.125392e+00  0.000000e+00  9.008100e-01 | 185 2 1.300450e-02 
2019-04-15 12:09:52 | DEBUG |        4.094  4.160927e-01  1.048502e+00  0.000000e+00  9.008100e-01 | 186 2 1.170405e-02 
2019-04-15 12:09:52 | DEBUG |        4.105  5.573373e-01  9.482610e-01  0.000000e+00  9.008100e-01 | 187 2 1.053364e-02 
2019-04-15 12:09:52 | DEBUG |        4.114  6.630435e-01  8.382283e-01  0.000000e+00  9.008100e-01 | 188 2 9.370470e-03 
2019-04-15 12:09:52 | DEBUG |        4.123  7.398052e-01  7.253234e-01  0.000000e+00  9.008100e-01 | 189 2 8.433423e-03 
2019-04-15 12:09:52 | DEBUG |        4.131  7.974319e-01  6.019088e-01  0.000000e+00  9.008100e-01 | 190 2 8.433423e-03 
2019-04-15 12:09:52 | DEBUG |        4.140  8.359151e-01  4.708089e-01  0.000000e+00  9.008100e-01 | 191 2 8.433423e-03 
2019-04-15 12:09:52 | DEBUG |        4.147  8.542973e-01  3.479761e-01  0.000000e+00  9.008100e-01 | 192 2 7.587165e-03 
2019-04-15 12:09:52 | DEBUG |        4.155  8.557032e-01  2.219196e-01  0.000000e+00  9.008100e-01 | 193 2 7.587165e-03 
2019-04-15 12:09:52 | DEBUG |        4.162  8.382247e-01  9.484487e-02  0.000000e+00  9.008100e-01 | 194 2 7.587165e-03 
2019-04-15 12:09:52 | DEBUG |        4.170  8.007768e-01 -3.047602e-02  0.000000e+00  9.008100e-01 | 195 2 7.587165e-03 
2019-04-15 12:09:52 | DEBUG |        4.178  7.428365e-01 -1.506635e-01  0.000000e+00  9.008100e-01 | 196 2 7.587165e-03 
2019-04-15 12:09:52 | DEBUG |        4.185  6.645514e-01 -2.621964e-01  0.000000e+00  9.008100e-01 | 197 2 7.587165e-03 
2019-04-15 12:09:52 | DEBUG |        4.193  5.667649e-01 -3.614083e-01  0.000000e+00  9.008100e-01 | 198 2 7.587165e-03 
2019-04-15 12:09:52 | DEBUG |        4.200  4.509675e-01 -4.445721e-01  0.000000e+00  9.008100e-01 | 199 2 7.587165e-03 
2019-04-15 12:09:52 | DEBUG |        4.208  3.194767e-01 -5.078184e-01  0.000000e+00  9.008100e-01 | 200 2 7.587165e-03 
2019-04-15 12:09:52 | DEBUG |        4.216  1.760304e-01 -5.475250e-01  0.000000e+00  9.008100e-01 | 201 2 7.587165e-03 
2019-04-15 12:09:52 | DEBUG |        4.222  3.926096e-02 -5.625469e-01  0.000000e+00  9.008100e-01 | 202 2 6.828449e-03 
2019-04-15 12:09:52 | DEBUG |        4.229 -1.011021e-01 -5.538882e-01  0.000000e+00  9.008100e-01 | 203 2 6.828449e-03 
2019-04-15 12:09:52 | DEBUG |        4.235 -2.269848e-01 -5.256866e-01  0.000000e+00  9.008100e-01 | 204 2 6.130830e-03 
2019-04-15 12:09:52 | DEBUG |        4.241 -3.494965e-01 -4.777370e-01  0.000000e+00  9.008100e-01 | 205 2 6.130830e-03 
2019-04-15 12:09:52 | DEBUG |        4.248 -4.653723e-01 -4.101023e-01  0.000000e+00  9.008100e-01 | 206 2 6.130830e-03 
2019-04-15 12:09:52 | DEBUG |        4.254 -5.711835e-01 -3.234533e-01  0.000000e+00  9.008100e-01 | 207 2 6.130830e-03 
2019-04-15 12:09:52 | DEBUG |        4.260 -6.634563e-01 -2.190834e-01  0.000000e+00  9.008100e-01 | 208 2 6.130830e-03 
2019-04-15 12:09:52 | DEBUG |        4.266 -7.388472e-01 -9.900767e-02  0.000000e+00  9.008100e-01 | 209 2 6.130830e-03 
2019-04-15 12:09:52 | DEBUG |        4.272 -7.942846e-01  3.403649e-02  0.000000e+00  9.008100e-01 | 210 2 6.130830e-03 
2019-04-15 12:09:52 | DEBUG |        4.278 -8.271389e-01  1.766234e-01  0.000000e+00  9.008100e-01 | 211 2 6.130830e-03 
2019-04-15 12:09:52 | DEBUG |        4.284 -8.353886e-01  3.246722e-01  0.000000e+00  9.008100e-01 | 212 2 6.130830e-03 
2019-04-15 12:09:52 | DEBUG |        4.290 -8.178777e-01  4.735370e-01  0.000000e+00  9.008100e-01 | 213 2 6.130830e-03 
2019-04-15 12:09:52 | DEBUG |        4.297 -7.746313e-01  6.183696e-01  0.000000e+00  9.008100e-01 | 214 2 6.130830e-03 
2019-04-15 12:09:52 | DEBUG |        4.303 -7.066890e-01  7.548826e-01  0.000000e+00  9.008100e-01 | 215 2 6.130830e-03 
2019-04-15 12:09:52 | DEBUG |        4.309 -6.143816e-01  8.794944e-01  0.000000e+00  9.008100e-01 | 216 2 6.130830e-03 
2019-04-15 12:09:52 | DEBUG |        4.312 -5.509850e-01  9.408049e-01  0.000000e+00  9.008100e-01 | 217 2 3.501190e-03 
2019-04-15 12:09:52 | DEBUG |        4.316 -4.823142e-01  9.955271e-01  0.000000e+00  9.008100e-01 | 218 2 3.501190e-03 
2019-04-15 12:09:52 | DEBUG |        4.319 -4.082962e-01  1.042157e+00  0.000000e+00  9.008100e-01 | 219 2 3.501190e-03 
2019-04-15 12:09:52 | DEBUG |        4.323 -3.298544e-01  1.080553e+00  0.000000e+00  9.008100e-01 | 220 2 3.501190e-03 
2019-04-15 12:09:52 | DEBUG |        4.326 -2.482771e-01  1.110417e+00  0.000000e+00  9.008100e-01 | 221 2 3.501190e-03 
2019-04-15 12:09:52 | DEBUG |        4.330 -1.645072e-01  1.131714e+00  0.000000e+00  9.008100e-01 | 222 2 3.501190e-03 
2019-04-15 12:09:52 | DEBUG |        4.337  5.621397e-03  1.148261e+00  0.000000e+00  9.008100e-01 | 223 2 7.002380e-03 
2019-04-15 12:09:52 | DEBUG |        4.344  1.732724e-01  1.131033e+00  0.000000e+00  9.008100e-01 | 224 2 7.002380e-03 
2019-04-15 12:09:52 | DEBUG |        4.351  3.319631e-01  1.082155e+00  0.000000e+00  9.008100e-01 | 225 2 7.002380e-03 
2019-04-15 12:09:52 | DEBUG |        4.358  4.762069e-01  1.004847e+00  0.000000e+00  9.008100e-01 | 226 2 7.002380e-03 
2019-04-15 12:09:52 | DEBUG |        4.365  6.016853e-01  9.029892e-01  0.000000e+00  9.008100e-01 | 227 2 7.002380e-03 
2019-04-15 12:09:52 | DEBUG |        4.372  7.045105e-01  7.804629e-01  0.000000e+00  9.008100e-01 | 228 2 7.002380e-03 
2019-04-15 12:09:52 | DEBUG |        4.378  7.756803e-01  6.563660e-01  0.000000e+00  9.008100e-01 | 229 2 6.302142e-03 
2019-04-15 12:09:52 | DEBUG |        4.385  8.249486e-01  5.224396e-01  0.000000e+00  9.008100e-01 | 230 2 6.302142e-03 
2019-04-15 12:09:52 | DEBUG |        4.391  8.519048e-01  3.819924e-01  0.000000e+00  9.008100e-01 | 231 2 6.302142e-03 
2019-04-15 12:09:52 | DEBUG |        4.396  8.573138e-01  2.523493e-01  0.000000e+00  9.008100e-01 | 232 2 5.671928e-03 
2019-04-15 12:09:52 | DEBUG |        4.402  8.432817e-01  1.216598e-01  0.000000e+00  9.008100e-01 | 233 2 5.671928e-03 
2019-04-15 12:09:52 | DEBUG |        4.408  8.086200e-01 -7.053429e-03  0.000000e+00  9.008100e-01 | 234 2 5.671928e-03 
2019-04-15 12:09:52 | DEBUG |        4.413  7.529862e-01 -1.304755e-01  0.000000e+00  9.008100e-01 | 235 2 5.671928e-03 
2019-04-15 12:09:52 | DEBUG |        4.419  6.765694e-01 -2.452150e-01  0.000000e+00  9.008100e-01 | 236 2 5.671928e-03 
2019-04-15 12:09:52 | DEBUG |        4.425  5.802310e-01 -3.475293e-01  0.000000e+00  9.008100e-01 | 237 2 5.671928e-03 
2019-04-15 12:09:52 | DEBUG |        4.431  4.656223e-01 -4.334773e-01  0.000000e+00  9.008100e-01 | 238 2 5.671928e-03 
2019-04-15 12:09:52 | DEBUG |        4.436  3.356119e-01 -4.992260e-01  0.000000e+00  9.008100e-01 | 239 2 5.671928e-03 
2019-04-15 12:09:52 | DEBUG |        4.442  1.944795e-01 -5.424254e-01  0.000000e+00  9.008100e-01 | 240 2 5.671928e-03 
2019-04-15 12:09:52 | DEBUG |        4.446  9.567682e-02 -5.570197e-01  0.000000e+00  9.008100e-01 | 241 2 3.731769e-03 
2019-04-15 12:09:52 | DEBUG |        4.449 -5.189711e-03 -5.597557e-01  0.000000e+00  9.008100e-01 | 242 2 3.731769e-03 
2019-04-15 12:09:52 | DEBUG |        4.453 -1.069733e-01 -5.502184e-01  0.000000e+00  9.008100e-01 | 243 2 3.731769e-03 
2019-04-15 12:09:52 | DEBUG |        4.457 -2.080925e-01 -5.280979e-01  0.000000e+00  9.008100e-01 | 244 2 3.731769e-03 
2019-04-15 12:09:52 | DEBUG |        4.461 -3.069030e-01 -4.933182e-01  0.000000e+00  9.008100e-01 | 245 2 3.731769e-03 
2019-04-15 12:09:52 | DEBUG |        4.464 -4.017186e-01 -4.460093e-01  0.000000e+00  9.008100e-01 | 246 2 3.731769e-03 
2019-04-15 12:09:52 | DEBUG |        4.468 -4.908509e-01 -3.865615e-01  0.000000e+00  9.008100e-01 | 247 2 3.731769e-03 
2019-04-15 12:09:52 | DEBUG |        4.472 -5.726048e-01 -3.155955e-01  0.000000e+00  9.008100e-01 | 248 2 3.731769e-03 
2019-04-15 12:09:52 | DEBUG |        4.475 -6.453906e-01 -2.339935e-01  0.000000e+00  9.008100e-01 | 249 2 3.731769e-03 
2019-04-15 12:09:52 | DEBUG |        4.479 -7.076505e-01 -1.428912e-01  0.000000e+00  9.008100e-01 | 250 2 3.731769e-03 
2019-04-15 12:09:52 | DEBUG |        4.483 -7.580327e-01 -4.368075e-02  0.000000e+00  9.008100e-01 | 251 2 3.731769e-03 
2019-04-15 12:09:52 | DEBUG |        4.487 -7.953521e-01  6.205400e-02  0.000000e+00  9.008100e-01 | 252 2 3.731769e-03 
2019-04-15 12:09:52 | DEBUG |        4.490 -8.186249e-01  1.724935e-01  0.000000e+00  9.008100e-01 | 253 2 3.731769e-03 
2019-04-15 12:09:52 | DEBUG |        4.494 -8.272012e-01  2.856285e-01  0.000000e+00  9.008100e-01 | 254 2 3.731769e-03 
2019-04-15 12:09:52 | DEBUG |        4.498 -8.207905e-01  3.994646e-01  0.000000e+00  9.008100e-01 | 255 2 3.731769e-03 
2019-04-15 12:09:52 | DEBUG |        4.502 -7.991600e-01  5.120540e-01  0.000000e+00  9.008100e-01 | 256 2 3.731769e-03 
2019-04-15 12:09:52 | DEBUG |        4.505 -7.620441e-01  6.208183e-01  0.000000e+00  9.008100e-01 | 257 2 3.731769e-03 
2019-04-15 12:09:52 | DEBUG |        4.509 -7.108637e-01  7.220579e-01  0.000000e+00  9.008100e-01 | 258 2 3.731769e-03 
2019-04-15 12:09:52 | DEBUG |        4.512 -6.557990e-01  8.091027e-01  0.000000e+00  9.008100e-01 | 259 2 3.358592e-03 
2019-04-15 12:09:52 | DEBUG |        4.515 -5.960327e-01  8.803629e-01  0.000000e+00  9.008100e-01 | 260 2 3.022733e-03 
2019-04-15 12:09:52 | DEBUG |        4.518 -5.289539e-01  9.447160e-01  0.000000e+00  9.008100e-01 | 261 2 3.022733e-03 
2019-04-15 12:09:52 | DEBUG |        4.521 -4.553203e-01  1.001215e+00  0.000000e+00  9.008100e-01 | 262 2 3.022733e-03 
2019-04-15 12:09:52 | DEBUG |        4.524 -3.759389e-01  1.048887e+00  0.000000e+00  9.008100e-01 | 263 2 3.022733e-03 
2019-04-15 12:09:52 | DEBUG |        4.527 -2.920819e-01  1.086942e+00  0.000000e+00  9.008100e-01 | 264 2 3.022733e-03 
2019-04-15 12:09:52 | DEBUG |        4.531 -2.048125e-01  1.115114e+00  0.000000e+00  9.008100e-01 | 265 2 3.022733e-03 
2019-04-15 12:09:52 | DEBUG |        4.535 -8.408627e-02  1.137600e+00  0.000000e+00  9.008100e-01 | 266 2 4.079694e-03 
2019-04-15 12:09:52 | DEBUG |        4.539  3.745043e-02  1.142375e+00  0.000000e+00  9.008100e-01 | 267 2 4.079694e-03 
2019-04-15 12:09:52 | DEBUG |        4.543  1.572488e-01  1.129932e+00  0.000000e+00  9.008100e-01 | 268 2 4.079694e-03 
2019-04-15 12:09:52 | DEBUG |        4.547  2.729400e-01  1.101038e+00  0.000000e+00  9.008100e-01 | 269 2 4.079694e-03 
2019-04-15 12:09:52 | DEBUG |        4.551  3.823441e-01  1.056756e+00  0.000000e+00  9.008100e-01 | 270 2 4.079694e-03 
2019-04-15 12:09:52 | DEBUG |        4.555  4.836310e-01  9.984425e-01  0.000000e+00  9.008100e-01 | 271 2 4.079694e-03 
2019-04-15 12:09:52 | DEBUG |        4.559  5.754056e-01  9.274706e-01  0.000000e+00  9.008100e-01 | 272 2 4.079694e-03 
2019-04-15 12:09:52 | DEBUG |        4.563  6.562166e-01  8.448418e-01  0.000000e+00  9.008100e-01 | 273 2 4.079694e-03 
2019-04-15 12:09:52 | DEBUG |        4.567  7.233840e-01  7.519981e-01  0.000000e+00  9.008100e-01 | 274 2 4.079694e-03 
2019-04-15 12:09:52 | DEBUG |        4.570  7.617230e-01  6.893148e-01  0.000000e+00  9.008100e-01 | 275 2 2.645950e-03 
2019-04-15 12:09:52 | DEBUG |        4.573  7.931899e-01  6.225701e-01  0.000000e+00  9.008100e-01 | 276 2 2.645950e-03 
2019-04-15 12:09:52 | DEBUG |        4.575  8.186599e-01  5.534046e-01  0.000000e+00  9.008100e-01 | 277 2 2.645950e-03 
2019-04-15 12:09:52 | DEBUG |        4.580  8.514823e-01  4.097250e-01  0.000000e+00  9.008100e-01 | 278 2 5.291901e-03 
2019-04-15 12:09:52 | DEBUG |        4.585  8.603177e-01  2.768196e-01  0.000000e+00  9.008100e-01 | 279 2 4.762711e-03 
2019-04-15 12:09:52 | DEBUG |        4.590  8.491697e-01  1.429710e-01  0.000000e+00  9.008100e-01 | 280 2 4.762711e-03 
2019-04-15 12:09:52 | DEBUG |        4.595  8.167693e-01  1.104742e-02  0.000000e+00  9.008100e-01 | 281 2 4.762711e-03 
2019-04-15 12:09:52 | DEBUG |        4.600  7.628162e-01 -1.156197e-01  0.000000e+00  9.008100e-01 | 282 2 4.762711e-03 
2019-04-15 12:09:52 | DEBUG |        4.604  6.876079e-01 -2.334409e-01  0.000000e+00  9.008100e-01 | 283 2 4.762711e-03 
2019-04-15 12:09:52 | DEBUG |        4.609  5.921462e-01 -3.385680e-01  0.000000e+00  9.008100e-01 | 284 2 4.762711e-03 
2019-04-15 12:09:52 | DEBUG |        4.614  4.782945e-01 -4.272813e-01  0.000000e+00  9.008100e-01 | 285 2 4.762711e-03 
2019-04-15 12:09:52 | DEBUG |        4.619  3.485410e-01 -4.961869e-01  0.000000e+00  9.008100e-01 | 286 2 4.762711e-03 
2019-04-15 12:09:52 | DEBUG |        4.623  2.058785e-01 -5.418899e-01  0.000000e+00  9.008100e-01 | 287 2 4.762711e-03 
2019-04-15 12:09:52 | DEBUG |        4.628  5.479553e-02 -5.606464e-01  0.000000e+00  9.008100e-01 | 288 2 4.762711e-03 
2019-04-15 12:09:52 | DEBUG |        4.632 -8.406834e-02 -5.556659e-01  0.000000e+00  9.008100e-01 | 289 2 4.286440e-03 
2019-04-15 12:09:52 | DEBUG |        4.637 -2.226517e-01 -5.260865e-01  0.000000e+00  9.008100e-01 | 290 2 4.286440e-03 
2019-04-15 12:09:52 | DEBUG |        4.641 -3.553080e-01 -4.732336e-01  0.000000e+00  9.008100e-01 | 291 2 4.286440e-03 
2019-04-15 12:09:52 | DEBUG |        4.645 -4.789338e-01 -3.976831e-01  0.000000e+00  9.008100e-01 | 292 2 4.286440e-03 
2019-04-15 12:09:52 | DEBUG |        4.650 -5.891191e-01 -3.010294e-01  0.000000e+00  9.008100e-01 | 293 2 4.286440e-03 
2019-04-15 12:09:52 | DEBUG |        4.654 -6.819348e-01 -1.856271e-01  0.000000e+00  9.008100e-01 | 294 2 4.286440e-03 
2019-04-15 12:09:52 | DEBUG |        4.658 -7.539492e-01 -5.467955e-02  0.000000e+00  9.008100e-01 | 295 2 4.286440e-03 
2019-04-15 12:09:52 | DEBUG |        4.662 -8.023462e-01  8.792856e-02  0.000000e+00  9.008100e-01 | 296 2 4.286440e-03 
2019-04-15 12:09:52 | DEBUG |        4.667 -8.250517e-01  2.377554e-01  0.000000e+00  9.008100e-01 | 297 2 4.286440e-03 
2019-04-15 12:09:52 | DEBUG |        4.671 -8.208604e-01  3.898734e-01  0.000000e+00  9.008100e-01 | 298 2 4.286440e-03 
2019-04-15 12:09:52 | DEBUG |        4.675 -7.897514e-01  5.390517e-01  0.000000e+00  9.008100e-01 | 299 2 4.286440e-03 
2019-04-15 12:09:52 | DEBUG |        4.680 -7.331790e-01  6.805003e-01  0.000000e+00  9.008100e-01 | 300 2 4.286440e-03 
2019-04-15 12:09:52 | DEBUG |        4.684 -6.530495e-01  8.111701e-01  0.000000e+00  9.008100e-01 | 301 2 4.286440e-03 
2019-04-15 12:09:52 | DEBUG |        4.687 -5.857613e-01  8.861821e-01  0.000000e+00  9.008100e-01 | 302 2 2.817289e-03 
2019-04-15 12:09:52 | DEBUG |        4.689 -5.122546e-01  9.539523e-01  0.000000e+00  9.008100e-01 | 303 2 2.817289e-03 
2019-04-15 12:09:52 | DEBUG |        4.695 -3.447422e-01  1.060466e+00  0.000000e+00  9.008100e-01 | 304 2 5.634579e-03 
2019-04-15 12:09:52 | DEBUG |        4.700 -1.900397e-01  1.116140e+00  0.000000e+00  9.008100e-01 | 305 2 4.703404e-03 
2019-04-15 12:09:52 | DEBUG |        4.704 -2.905209e-02  1.140078e+00  0.000000e+00  9.008100e-01 | 306 2 4.703404e-03 
2019-04-15 12:09:52 | DEBUG |        4.709  1.316417e-01  1.132882e+00  0.000000e+00  9.008100e-01 | 307 2 4.703404e-03 
2019-04-15 12:09:52 | DEBUG |        4.714  2.862245e-01  1.096071e+00  0.000000e+00  9.008100e-01 | 308 2 4.703404e-03 
2019-04-15 12:09:52 | DEBUG |        4.719  4.296026e-01  1.032019e+00  0.000000e+00  9.008100e-01 | 309 2 4.703404e-03 
2019-04-15 12:09:52 | DEBUG |        4.723  5.574489e-01  9.437856e-01  0.000000e+00  9.008100e-01 | 310 2 4.703404e-03 
2019-04-15 12:09:52 | DEBUG |        4.728  6.661892e-01  8.348300e-01  0.000000e+00  9.008100e-01 | 311 2 4.703404e-03 
2019-04-15 12:09:52 | DEBUG |        4.733  7.529430e-01  7.089478e-01  0.000000e+00  9.008100e-01 | 312 2 4.703404e-03 
2019-04-15 12:09:52 | DEBUG |        4.737  8.154648e-01  5.701496e-01  0.000000e+00  9.008100e-01 | 313 2 4.703404e-03 
2019-04-15 12:09:52 | DEBUG |        4.742  8.521062e-01  4.226052e-01  0.000000e+00  9.008100e-01 | 314 2 4.703404e-03 
2019-04-15 12:09:52 | DEBUG |        4.747  8.627233e-01  2.705501e-01  0.000000e+00  9.008100e-01 | 315 2 4.703404e-03 
2019-04-15 12:09:52 | DEBUG |        4.751  8.498339e-01  1.329949e-01  0.000000e+00  9.008100e-01 | 316 2 4.233063e-03 
2019-04-15 12:09:52 | DEBUG |        4.755  8.146370e-01 -2.005392e-03  0.000000e+00  9.008100e-01 | 317 2 4.233063e-03 
2019-04-15 12:09:52 | DEBUG |        4.760  7.569525e-01 -1.309017e-01  0.000000e+00  9.008100e-01 | 318 2 4.233063e-03 
2019-04-15 12:09:52 | DEBUG |        4.764  6.773392e-01 -2.498685e-01  0.000000e+00  9.008100e-01 | 319 2 4.233063e-03 
2019-04-15 12:09:52 | DEBUG |        4.768  5.771071e-01 -3.549210e-01  0.000000e+00  9.008100e-01 | 320 2 4.233063e-03 
2019-04-15 12:09:52 | DEBUG |        4.772  4.583353e-01 -4.422826e-01  0.000000e+00  9.008100e-01 | 321 2 4.233063e-03 
2019-04-15 12:09:52 | DEBUG |        4.776  3.238506e-01 -5.083249e-01  0.000000e+00  9.008100e-01 | 322 2 4.233063e-03 
2019-04-15 12:09:52 | DEBUG |        4.781  1.774491e-01 -5.496652e-01  0.000000e+00  9.008100e-01 | 323 2 4.233063e-03 
2019-04-15 12:09:52 | DEBUG |        4.785  2.413317e-02 -5.638639e-01  0.000000e+00  9.008100e-01 | 324 2 4.233063e-03 
2019-04-15 12:09:52 | DEBUG |        4.789 -1.309429e-01 -5.508018e-01  0.000000e+00  9.008100e-01 | 325 2 4.233063e-03 
2019-04-15 12:09:52 | DEBUG |        4.792 -2.306952e-01 -5.255271e-01  0.000000e+00  9.008100e-01 | 326 2 2.729413e-03 
2019-04-15 12:09:52 | DEBUG |        4.795 -3.271224e-01 -4.887395e-01  0.000000e+00  9.008100e-01 | 327 2 2.729413e-03 
2019-04-15 12:09:52 | DEBUG |        4.797 -4.191371e-01 -4.400772e-01  0.000000e+00  9.008100e-01 | 328 2 2.729413e-03 
2019-04-15 12:09:52 | DEBUG |        4.800 -5.051604e-01 -3.800233e-01  0.000000e+00  9.008100e-01 | 329 2 2.729413e-03 
2019-04-15 12:09:52 | DEBUG |        4.803 -5.836750e-01 -3.093149e-01  0.000000e+00  9.008100e-01 | 330 2 2.729413e-03 
2019-04-15 12:09:52 | DEBUG |        4.806 -6.532552e-01 -2.288858e-01  0.000000e+00  9.008100e-01 | 331 2 2.729413e-03 
2019-04-15 12:09:52 | DEBUG |        4.808 -7.126142e-01 -1.398876e-01  0.000000e+00  9.008100e-01 | 332 2 2.729413e-03 
2019-04-15 12:09:52 | DEBUG |        4.811 -7.605936e-01 -4.367011e-02  0.000000e+00  9.008100e-01 | 333 2 2.729413e-03 
2019-04-15 12:09:52 | DEBUG |        4.814 -7.962402e-01  5.825880e-02  0.000000e+00  9.008100e-01 | 334 2 2.729413e-03 
2019-04-15 12:09:52 | DEBUG |        4.816 -8.188245e-01  1.642487e-01  0.000000e+00  9.008100e-01 | 335 2 2.729413e-03 
2019-04-15 12:09:52 | DEBUG |        4.819 -8.278489e-01  2.725352e-01  0.000000e+00  9.008100e-01 | 336 2 2.729413e-03 
2019-04-15 12:09:52 | DEBUG |        4.822 -8.230820e-01  3.813003e-01  0.000000e+00  9.008100e-01 | 337 2 2.729413e-03 
2019-04-15 12:09:52 | DEBUG |        4.825 -8.045388e-01  4.887135e-01  0.000000e+00  9.008100e-01 | 338 2 2.729413e-03 
2019-04-15 12:09:52 | DEBUG |        4.827 -7.724813e-01  5.929224e-01  0.000000e+00  9.008100e-01 | 339 2 2.729413e-03 
2019-04-15 12:09:52 | DEBUG |        4.830 -7.275152e-01  6.920965e-01  0.000000e+00  9.008100e-01 | 340 2 2.729413e-03 
2019-04-15 12:09:52 | DEBUG |        4.833 -6.706143e-01  7.847037e-01  0.000000e+00  9.008100e-01 | 341 2 2.729413e-03 
2019-04-15 12:09:52 | DEBUG |        4.836 -6.025699e-01  8.697432e-01  0.000000e+00  9.008100e-01 | 342 2 2.729413e-03 
2019-04-15 12:09:52 | DEBUG |        4.838 -5.230086e-01  9.455386e-01  0.000000e+00  9.008100e-01 | 343 2 2.729413e-03 
2019-04-15 12:09:52 | DEBUG |        4.841 -4.369265e-01  1.009415e+00  0.000000e+00  9.008100e-01 | 344 2 2.729413e-03 
2019-04-15 12:09:52 | DEBUG |        4.843 -3.528255e-01  1.057437e+00  0.000000e+00  9.008100e-01 | 345 2 2.456472e-03 
2019-04-15 12:09:52 | DEBUG |        4.846 -2.640942e-01  1.095176e+00  0.000000e+00  9.008100e-01 | 346 2 2.456472e-03 
2019-04-15 12:09:52 | DEBUG |        4.848 -1.720068e-01  1.122135e+00  0.000000e+00  9.008100e-01 | 347 2 2.456472e-03 
2019-04-15 12:09:52 | DEBUG |        4.853  1.674828e-02  1.143330e+00  0.000000e+00  9.008100e-01 | 348 2 4.912944e-03 
2019-04-15 12:09:52 | DEBUG |        4.858  1.848342e-01  1.126231e+00  0.000000e+00  9.008100e-01 | 349 2 4.421650e-03 
2019-04-15 12:09:52 | DEBUG |        4.862  3.443855e-01  1.077004e+00  0.000000e+00  9.008100e-01 | 350 2 4.421650e-03 
2019-04-15 12:09:52 | DEBUG |        4.867  4.897491e-01  9.986622e-01  0.000000e+00  9.008100e-01 | 351 2 4.421650e-03 
2019-04-15 12:09:52 | DEBUG |        4.871  6.162515e-01  8.949699e-01  0.000000e+00  9.008100e-01 | 352 2 4.421650e-03 
2019-04-15 12:09:52 | DEBUG |        4.875  7.197239e-01  7.699637e-01  0.000000e+00  9.008100e-01 | 353 2 4.421650e-03 
2019-04-15 12:09:52 | DEBUG |        4.880  7.973752e-01  6.284373e-01  0.000000e+00  9.008100e-01 | 354 2 4.421650e-03 
2019-04-15 12:09:52 | DEBUG |        4.884  8.469157e-01  4.751898e-01  0.000000e+00  9.008100e-01 | 355 2 4.421650e-03 
2019-04-15 12:09:52 | DEBUG |        4.889  8.668008e-01  3.152719e-01  0.000000e+00  9.008100e-01 | 356 2 4.421650e-03 
2019-04-15 12:09:52 | DEBUG |        4.893  8.572920e-01  1.535950e-01  0.000000e+00  9.008100e-01 | 357 2 4.421650e-03 
2019-04-15 12:09:52 | DEBUG |        4.898  8.175966e-01 -4.968301e-03  0.000000e+00  9.008100e-01 | 358 2 4.421650e-03 
2019-04-15 12:09:52 | DEBUG |        4.902  7.473892e-01 -1.547850e-01  0.000000e+00  9.008100e-01 | 359 2 4.421650e-03 
2019-04-15 12:09:52 | DEBUG |        4.906  6.478177e-01 -2.898314e-01  0.000000e+00  9.008100e-01 | 360 2 4.421650e-03 
2019-04-15 12:09:52 | DEBUG |        4.911  5.213548e-01 -4.040600e-01  0.000000e+00  9.008100e-01 | 361 2 4.421650e-03 
2019-04-15 12:09:52 | DEBUG |        4.915  3.720399e-01 -4.917285e-01  0.000000e+00  9.008100e-01 | 362 2 4.421650e-03 
2019-04-15 12:09:52 | DEBUG |        4.920  2.051747e-01 -5.476518e-01  0.000000e+00  9.008100e-01 | 363 2 4.421650e-03 
2019-04-15 12:09:52 | DEBUG |        4.924  2.732675e-02 -5.678549e-01  0.000000e+00  9.008100e-01 | 364 2 4.421650e-03 
2019-04-15 12:09:52 | DEBUG |        4.928 -1.534330e-01 -5.496743e-01  0.000000e+00  9.008100e-01 | 365 2 4.421650e-03 
2019-04-15 12:09:52 | DEBUG |        4.932 -3.086402e-01 -5.011203e-01  0.000000e+00  9.008100e-01 | 366 2 3.902394e-03 
2019-04-15 12:09:52 | DEBUG |        4.936 -4.533715e-01 -4.228550e-01  0.000000e+00  9.008100e-01 | 367 2 3.902394e-03 
2019-04-15 12:09:52 | DEBUG |        4.940 -5.815560e-01 -3.170195e-01  0.000000e+00  9.008100e-01 | 368 2 3.902394e-03 
2019-04-15 12:09:52 | DEBUG |        4.944 -6.876539e-01 -1.871299e-01  0.000000e+00  9.008100e-01 | 369 2 3.902394e-03 
2019-04-15 12:09:52 | DEBUG |        4.948 -7.668894e-01 -3.791362e-02  0.000000e+00  9.008100e-01 | 370 2 3.902394e-03 
2019-04-15 12:09:52 | DEBUG |        4.952 -8.155408e-01  1.249042e-01  0.000000e+00  9.008100e-01 | 371 2 3.902394e-03 
2019-04-15 12:09:52 | DEBUG |        4.956 -8.311035e-01  2.947798e-01  0.000000e+00  9.008100e-01 | 372 2 3.902394e-03 
2019-04-15 12:09:52 | DEBUG |        4.960 -8.126217e-01  4.644661e-01  0.000000e+00  9.008100e-01 | 373 2 3.902394e-03 
2019-04-15 12:09:52 | DEBUG |        4.963 -7.686176e-01  6.114404e-01  0.000000e+00  9.008100e-01 | 374 2 3.512155e-03 
2019-04-15 12:09:52 | DEBUG |        4.967 -6.982355e-01  7.481033e-01  0.000000e+00  9.008100e-01 | 375 2 3.512155e-03 
2019-04-15 12:09:52 | DEBUG |        4.970 -6.053260e-01  8.695312e-01  0.000000e+00  9.008100e-01 | 376 2 3.512155e-03 
2019-04-15 12:09:52 | DEBUG |        4.974 -4.928418e-01  9.729087e-01  0.000000e+00  9.008100e-01 | 377 2 3.512155e-03 
2019-04-15 12:09:52 | DEBUG |        4.977 -3.632970e-01  1.054232e+00  0.000000e+00  9.008100e-01 | 378 2 3.512155e-03 
2019-04-15 12:09:52 | DEBUG |        4.981 -2.238211e-01  1.110218e+00  0.000000e+00  9.008100e-01 | 379 2 3.512155e-03 
2019-04-15 12:09:52 | DEBUG |        4.984 -9.193895e-02  1.138378e+00  0.000000e+00  9.008100e-01 | 380 2 3.160939e-03 
2019-04-15 12:09:52 | DEBUG |        4.987  4.166878e-02  1.144910e+00  0.000000e+00  9.008100e-01 | 381 2 3.160939e-03 
2019-04-15 12:09:52 | DEBUG |        4.990  1.734843e-01  1.130546e+00  0.000000e+00  9.008100e-01 | 382 2 3.160939e-03 
2019-04-15 12:09:52 | DEBUG |        4.993  3.003953e-01  1.096322e+00  0.000000e+00  9.008100e-01 | 383 2 3.160939e-03 
2019-04-15 12:09:52 | DEBUG |        4.997  4.195866e-01  1.043602e+00  0.000000e+00  9.008100e-01 | 384 2 3.160939e-03 
2019-04-15 12:09:52 | DEBUG |        5.000  5.286203e-01  9.739989e-01  0.000000e+00  9.008100e-01 | 385 2 3.160939e-03 
2019-04-15 12:09:52 | DEBUG |        5.000  5.375836e-01  9.671236e-01  0.000000e+00  9.008100e-01 | 386 2 2.772494e-04 
2019-04-15 12:09:52 | DEBUG | 
2019-04-15 12:09:52 | DEBUG | execution Stats :
2019-04-15 12:09:52 | DEBUG | 
2019-04-15 12:09:52 | DEBUG | number of iterations                     = 435
2019-04-15 12:09:52 | DEBUG | number of Residual evaluations           = 1066
2019-04-15 12:09:52 | DEBUG | number of Jacobian evaluations           = 114
2019-04-15 12:09:52 | DEBUG | number of Nonlinear iterations           = 1064
2019-04-15 12:09:52 | DEBUG | number of error test failures            = 24
2019-04-15 12:09:52 | DEBUG | number of Nonlinear convergence failures = 1
2019-04-15 12:09:52 | DEBUG | number of root functions evaluations     = 503
2019-04-15 12:09:52 | DEBUG | end of job SMIB_AVR_NoPSS
