INFO |  ============================================================ 
INFO | DYNAWO VERSION  :     1.8.0
INFO | DYNAWO REVISION :  3751_new_strategy_for_reinit_1-bae21afadb3
INFO |  ============================================================ 
INFO | 
INFO | -----------------------------------------------------------------------
INFO | building model from input files
INFO | -----------------------------------------------------------------------
INFO | model was built successfully
INFO | -----------------------------------------------------------------------
INFO | 
INFO | -----------------------------------------------------------------------
INFO | starting local initialization
INFO | -----------------------------------------------------------------------
INFO | end of local initialization
INFO | -----------------------------------------------------------------------
INFO | 
INFO | -----------------------------------------------------------------------
INFO | starting global initialization
INFO | -----------------------------------------------------------------------
DEBUG | initialization of SimplifiedSolver : ok
DEBUG | calculate initial condition of the DAE
DEBUG | initial condition iteration 0
DEBUG | call of SolverReInit i.e. a new symbolic and numerical factorization will be performed
DEBUG | end of calculate initial condition of the DAE
INFO | end of global initialization
INFO | -----------------------------------------------------------------------
INFO | 
INFO | -----------------------------------------------------------------------
INFO | starting curve initialization
INFO | -----------------------------------------------------------------------
DEBUG | adding curve : Id: Model; curve: TEST_u found. (exact name)
DEBUG | adding curve : Id: Model; curve: TEST_v found. (exact name)
DEBUG | adding curve : Id: Model; curve: TEST_x found. (exact name)
DEBUG | adding curve : Id: Model; curve: TEST_y found. (exact name)
INFO | end of curve initialization, added 4 curves
INFO | -----------------------------------------------------------------------
INFO | 
INFO | -----------------------------------------------------------------------
INFO | starting simulation with solver SimplifiedSolver
INFO | -----------------------------------------------------------------------
INFO | -----------------------------------------------------------------------
INFO | number of continuous variables : 2
INFO | number of discrete variables : 0
INFO | number of root functions : 0
INFO | number of differential variables : 6
INFO | -----------------------------------------------------------------------
INFO |         time ¦ iter num   Nonlinear iter   jac eval      time step (h)
INFO | -----------------------------------------------------------------------
INFO |        0.000 ¦        0                0          0              0.010 
INFO |        0.010 ¦        1                0          0              0.010 
DEBUG | largest derivative values (truncated to the first 2) at the current iteration
DEBUG | YP[0]=-1 (variable=Model_TEST_u)
DEBUG | YP[1]=-1 (variable=Model_TEST_v)
INFO |        0.020 ¦        2                0          0              0.010 
INFO |        0.030 ¦        3                0          0              0.010 
INFO |        0.040 ¦        4                0          0              0.010 
INFO |        0.050 ¦        5                0          0              0.010 
INFO |        0.060 ¦        6                0          0              0.010 
INFO |        0.070 ¦        7                0          0              0.010 
INFO |        0.080 ¦        8                0          0              0.010 
INFO |        0.090 ¦        9                0          0              0.010 
INFO |        0.100 ¦       10                0          0              0.010 
INFO |        0.110 ¦       11                0          0              0.010 
INFO |        0.120 ¦       12                0          0              0.010 
INFO |        0.130 ¦       13                0          0              0.010 
INFO |        0.140 ¦       14                0          0              0.010 
INFO |        0.150 ¦       15                0          0              0.010 
INFO |        0.160 ¦       16                0          0              0.010 
INFO |        0.170 ¦       17                0          0              0.010 
INFO |        0.180 ¦       18                0          0              0.010 
INFO |        0.190 ¦       19                0          0              0.010 
INFO |        0.200 ¦       20                0          0              0.010 
INFO |        0.210 ¦       21                0          0              0.010 
INFO |        0.220 ¦       22                0          0              0.010 
INFO |        0.230 ¦       23                0          0              0.010 
INFO |        0.240 ¦       24                0          0              0.010 
INFO |        0.250 ¦       25                0          0              0.010 
INFO |        0.260 ¦       26                0          0              0.010 
INFO |        0.270 ¦       27                0          0              0.010 
INFO |        0.280 ¦       28                0          0              0.010 
INFO |        0.290 ¦       29                0          0              0.010 
INFO |        0.300 ¦       30                0          0              0.010 
INFO |        0.310 ¦       31                0          0              0.010 
INFO |        0.320 ¦       32                0          0              0.010 
INFO |        0.330 ¦       33                0          0              0.010 
INFO |        0.340 ¦       34                0          0              0.010 
INFO |        0.350 ¦       35                0          0              0.010 
INFO |        0.360 ¦       36                0          0              0.010 
INFO |        0.370 ¦       37                0          0              0.010 
INFO |        0.380 ¦       38                0          0              0.010 
INFO |        0.390 ¦       39                0          0              0.010 
INFO |        0.400 ¦       40                0          0              0.010 
INFO |        0.410 ¦       41                0          0              0.010 
INFO |        0.420 ¦       42                0          0              0.010 
INFO |        0.430 ¦       43                0          0              0.010 
INFO |        0.440 ¦       44                0          0              0.010 
INFO |        0.450 ¦       45                0          0              0.010 
INFO |        0.460 ¦       46                0          0              0.010 
INFO |        0.470 ¦       47                0          0              0.010 
INFO |        0.480 ¦       48                0          0              0.010 
INFO |        0.490 ¦       49                0          0              0.010 
INFO |        0.500 ¦       50                0          0              0.010 
INFO |        0.510 ¦       51                0          0              0.010 
INFO |        0.520 ¦       52                0          0              0.010 
INFO |        0.530 ¦       53                0          0              0.010 
INFO |        0.540 ¦       54                0          0              0.010 
INFO |        0.550 ¦       55                0          0              0.010 
INFO |        0.560 ¦       56                0          0              0.010 
INFO |        0.570 ¦       57                0          0              0.010 
INFO |        0.580 ¦       58                0          0              0.010 
INFO |        0.590 ¦       59                0          0              0.010 
INFO |        0.600 ¦       60                0          0              0.010 
INFO |        0.610 ¦       61                0          0              0.010 
INFO |        0.620 ¦       62                0          0              0.010 
INFO |        0.630 ¦       63                0          0              0.010 
INFO |        0.640 ¦       64                0          0              0.010 
INFO |        0.650 ¦       65                0          0              0.010 
INFO |        0.660 ¦       66                0          0              0.010 
INFO |        0.670 ¦       67                0          0              0.010 
INFO |        0.680 ¦       68                0          0              0.010 
INFO |        0.690 ¦       69                0          0              0.010 
INFO |        0.700 ¦       70                0          0              0.010 
INFO |        0.710 ¦       71                0          0              0.010 
INFO |        0.720 ¦       72                0          0              0.010 
INFO |        0.730 ¦       73                0          0              0.010 
INFO |        0.740 ¦       74                0          0              0.010 
INFO |        0.750 ¦       75                0          0              0.010 
INFO |        0.760 ¦       76                0          0              0.010 
INFO |        0.770 ¦       77                0          0              0.010 
INFO |        0.780 ¦       78                0          0              0.010 
INFO |        0.790 ¦       79                0          0              0.010 
INFO |        0.800 ¦       80                0          0              0.010 
INFO |        0.810 ¦       81                0          0              0.010 
INFO |        0.820 ¦       82                0          0              0.010 
INFO |        0.830 ¦       83                0          0              0.010 
INFO |        0.840 ¦       84                0          0              0.010 
INFO |        0.850 ¦       85                0          0              0.010 
INFO |        0.860 ¦       86                0          0              0.010 
INFO |        0.870 ¦       87                0          0              0.010 
INFO |        0.880 ¦       88                0          0              0.010 
INFO |        0.890 ¦       89                0          0              0.010 
INFO |        0.900 ¦       90                0          0              0.010 
INFO |        0.910 ¦       91                0          0              0.010 
INFO |        0.920 ¦       92                0          0              0.010 
INFO |        0.930 ¦       93                0          0              0.010 
INFO |        0.940 ¦       94                0          0              0.010 
INFO |        0.950 ¦       95                0          0              0.010 
INFO |        0.960 ¦       96                0          0              0.010 
INFO |        0.970 ¦       97                0          0              0.010 
INFO |        0.980 ¦       98                0          0              0.010 
INFO |        0.990 ¦       99                0          0              0.010 
INFO |        1.000 ¦      100                0          0              0.010 
INFO |        1.010 ¦      101                0          0              0.010 
INFO |        1.020 ¦      102                0          0              0.010 
INFO |        1.030 ¦      103                0          0              0.010 
INFO |        1.040 ¦      104                0          0              0.010 
INFO |        1.050 ¦      105                0          0              0.010 
INFO |        1.060 ¦      106                0          0              0.010 
INFO |        1.070 ¦      107                0          0              0.010 
INFO |        1.080 ¦      108                0          0              0.010 
INFO |        1.090 ¦      109                0          0              0.010 
INFO |        1.100 ¦      110                0          0              0.010 
INFO |        1.110 ¦      111                0          0              0.010 
INFO |        1.120 ¦      112                0          0              0.010 
INFO |        1.130 ¦      113                0          0              0.010 
INFO |        1.140 ¦      114                0          0              0.010 
INFO |        1.150 ¦      115                0          0              0.010 
INFO |        1.160 ¦      116                0          0              0.010 
INFO |        1.170 ¦      117                0          0              0.010 
INFO |        1.180 ¦      118                0          0              0.010 
INFO |        1.190 ¦      119                0          0              0.010 
INFO |        1.200 ¦      120                0          0              0.010 
INFO |        1.210 ¦      121                0          0              0.010 
INFO |        1.220 ¦      122                0          0              0.010 
INFO |        1.230 ¦      123                0          0              0.010 
INFO |        1.240 ¦      124                0          0              0.010 
INFO |        1.250 ¦      125                0          0              0.010 
INFO |        1.260 ¦      126                0          0              0.010 
INFO |        1.270 ¦      127                0          0              0.010 
INFO |        1.280 ¦      128                0          0              0.010 
INFO |        1.290 ¦      129                0          0              0.010 
INFO |        1.300 ¦      130                0          0              0.010 
INFO |        1.310 ¦      131                0          0              0.010 
INFO |        1.320 ¦      132                0          0              0.010 
INFO |        1.330 ¦      133                0          0              0.010 
INFO |        1.340 ¦      134                0          0              0.010 
INFO |        1.350 ¦      135                0          0              0.010 
INFO |        1.360 ¦      136                0          0              0.010 
INFO |        1.370 ¦      137                0          0              0.010 
INFO |        1.380 ¦      138                0          0              0.010 
INFO |        1.390 ¦      139                0          0              0.010 
INFO |        1.400 ¦      140                0          0              0.010 
INFO |        1.410 ¦      141                0          0              0.010 
INFO |        1.420 ¦      142                0          0              0.010 
INFO |        1.430 ¦      143                0          0              0.010 
INFO |        1.440 ¦      144                0          0              0.010 
INFO |        1.450 ¦      145                0          0              0.010 
INFO |        1.460 ¦      146                0          0              0.010 
INFO |        1.470 ¦      147                0          0              0.010 
INFO |        1.480 ¦      148                0          0              0.010 
INFO |        1.490 ¦      149                0          0              0.010 
INFO |        1.500 ¦      150                0          0              0.010 
INFO |        1.510 ¦      151                0          0              0.010 
INFO |        1.520 ¦      152                0          0              0.010 
INFO |        1.530 ¦      153                0          0              0.010 
INFO |        1.540 ¦      154                0          0              0.010 
INFO |        1.550 ¦      155                0          0              0.010 
INFO |        1.560 ¦      156                0          0              0.010 
INFO |        1.570 ¦      157                0          0              0.010 
INFO |        1.580 ¦      158                0          0              0.010 
INFO |        1.590 ¦      159                0          0              0.010 
INFO |        1.600 ¦      160                0          0              0.010 
INFO |        1.610 ¦      161                0          0              0.010 
INFO |        1.620 ¦      162                0          0              0.010 
INFO |        1.630 ¦      163                0          0              0.010 
INFO |        1.640 ¦      164                0          0              0.010 
INFO |        1.650 ¦      165                0          0              0.010 
INFO |        1.660 ¦      166                0          0              0.010 
INFO |        1.670 ¦      167                0          0              0.010 
INFO |        1.680 ¦      168                0          0              0.010 
INFO |        1.690 ¦      169                0          0              0.010 
INFO |        1.700 ¦      170                0          0              0.010 
INFO |        1.710 ¦      171                0          0              0.010 
INFO |        1.720 ¦      172                0          0              0.010 
INFO |        1.730 ¦      173                0          0              0.010 
INFO |        1.740 ¦      174                0          0              0.010 
INFO |        1.750 ¦      175                0          0              0.010 
INFO |        1.760 ¦      176                0          0              0.010 
INFO |        1.770 ¦      177                0          0              0.010 
INFO |        1.780 ¦      178                0          0              0.010 
INFO |        1.790 ¦      179                0          0              0.010 
INFO |        1.800 ¦      180                0          0              0.010 
INFO |        1.810 ¦      181                0          0              0.010 
INFO |        1.820 ¦      182                0          0              0.010 
INFO |        1.830 ¦      183                0          0              0.010 
INFO |        1.840 ¦      184                0          0              0.010 
INFO |        1.850 ¦      185                0          0              0.010 
INFO |        1.860 ¦      186                0          0              0.010 
INFO |        1.870 ¦      187                0          0              0.010 
INFO |        1.880 ¦      188                0          0              0.010 
INFO |        1.890 ¦      189                0          0              0.010 
INFO |        1.900 ¦      190                0          0              0.010 
INFO |        1.910 ¦      191                0          0              0.010 
INFO |        1.920 ¦      192                0          0              0.010 
INFO |        1.930 ¦      193                0          0              0.010 
INFO |        1.940 ¦      194                0          0              0.010 
INFO |        1.950 ¦      195                0          0              0.010 
INFO |        1.960 ¦      196                0          0              0.010 
INFO |        1.970 ¦      197                0          0              0.010 
INFO |        1.980 ¦      198                0          0              0.010 
INFO |        1.990 ¦      199                0          0              0.010 
INFO |        2.000 ¦      200                0          0              0.010 
INFO |        2.010 ¦      201                0          0              0.010 
INFO |        2.020 ¦      202                0          0              0.010 
INFO |        2.030 ¦      203                0          0              0.010 
INFO |        2.040 ¦      204                0          0              0.010 
INFO |        2.050 ¦      205                0          0              0.010 
INFO |        2.060 ¦      206                0          0              0.010 
INFO |        2.070 ¦      207                0          0              0.010 
INFO |        2.080 ¦      208                0          0              0.010 
INFO |        2.090 ¦      209                0          0              0.010 
INFO |        2.100 ¦      210                0          0              0.010 
INFO |        2.110 ¦      211                0          0              0.010 
INFO |        2.120 ¦      212                0          0              0.010 
INFO |        2.130 ¦      213                0          0              0.010 
INFO |        2.140 ¦      214                0          0              0.010 
INFO |        2.150 ¦      215                0          0              0.010 
INFO |        2.160 ¦      216                0          0              0.010 
INFO |        2.170 ¦      217                0          0              0.010 
INFO |        2.180 ¦      218                0          0              0.010 
INFO |        2.190 ¦      219                0          0              0.010 
INFO |        2.200 ¦      220                0          0              0.010 
INFO |        2.210 ¦      221                0          0              0.010 
INFO |        2.220 ¦      222                0          0              0.010 
INFO |        2.230 ¦      223                0          0              0.010 
INFO |        2.240 ¦      224                0          0              0.010 
INFO |        2.250 ¦      225                0          0              0.010 
INFO |        2.260 ¦      226                0          0              0.010 
INFO |        2.270 ¦      227                0          0              0.010 
INFO |        2.280 ¦      228                0          0              0.010 
INFO |        2.290 ¦      229                0          0              0.010 
INFO |        2.300 ¦      230                0          0              0.010 
INFO |        2.310 ¦      231                0          0              0.010 
INFO |        2.320 ¦      232                0          0              0.010 
INFO |        2.330 ¦      233                0          0              0.010 
INFO |        2.340 ¦      234                0          0              0.010 
INFO |        2.350 ¦      235                0          0              0.010 
INFO |        2.360 ¦      236                0          0              0.010 
INFO |        2.370 ¦      237                0          0              0.010 
INFO |        2.380 ¦      238                0          0              0.010 
INFO |        2.390 ¦      239                0          0              0.010 
INFO |        2.400 ¦      240                0          0              0.010 
INFO |        2.410 ¦      241                0          0              0.010 
INFO |        2.420 ¦      242                0          0              0.010 
INFO |        2.430 ¦      243                0          0              0.010 
INFO |        2.440 ¦      244                0          0              0.010 
INFO |        2.450 ¦      245                0          0              0.010 
INFO |        2.460 ¦      246                0          0              0.010 
INFO |        2.470 ¦      247                0          0              0.010 
INFO |        2.480 ¦      248                0          0              0.010 
INFO |        2.490 ¦      249                0          0              0.010 
INFO |        2.500 ¦      250                0          0              0.010 
INFO |        2.510 ¦      251                0          0              0.010 
INFO |        2.520 ¦      252                0          0              0.010 
INFO |        2.530 ¦      253                0          0              0.010 
INFO |        2.540 ¦      254                0          0              0.010 
INFO |        2.550 ¦      255                0          0              0.010 
INFO |        2.560 ¦      256                0          0              0.010 
INFO |        2.570 ¦      257                0          0              0.010 
INFO |        2.580 ¦      258                0          0              0.010 
INFO |        2.590 ¦      259                0          0              0.010 
INFO |        2.600 ¦      260                0          0              0.010 
INFO |        2.610 ¦      261                0          0              0.010 
INFO |        2.620 ¦      262                0          0              0.010 
INFO |        2.630 ¦      263                0          0              0.010 
INFO |        2.640 ¦      264                0          0              0.010 
INFO |        2.650 ¦      265                0          0              0.010 
INFO |        2.660 ¦      266                0          0              0.010 
INFO |        2.670 ¦      267                0          0              0.010 
INFO |        2.680 ¦      268                0          0              0.010 
INFO |        2.690 ¦      269                0          0              0.010 
INFO |        2.700 ¦      270                0          0              0.010 
INFO |        2.710 ¦      271                0          0              0.010 
INFO |        2.720 ¦      272                0          0              0.010 
INFO |        2.730 ¦      273                0          0              0.010 
INFO |        2.740 ¦      274                0          0              0.010 
INFO |        2.750 ¦      275                0          0              0.010 
INFO |        2.760 ¦      276                0          0              0.010 
INFO |        2.770 ¦      277                0          0              0.010 
INFO |        2.780 ¦      278                0          0              0.010 
INFO |        2.790 ¦      279                0          0              0.010 
INFO |        2.800 ¦      280                0          0              0.010 
INFO |        2.810 ¦      281                0          0              0.010 
INFO |        2.820 ¦      282                0          0              0.010 
INFO |        2.830 ¦      283                0          0              0.010 
INFO |        2.840 ¦      284                0          0              0.010 
INFO |        2.850 ¦      285                0          0              0.010 
INFO |        2.860 ¦      286                0          0              0.010 
INFO |        2.870 ¦      287                0          0              0.010 
INFO |        2.880 ¦      288                0          0              0.010 
INFO |        2.890 ¦      289                0          0              0.010 
INFO |        2.900 ¦      290                0          0              0.010 
INFO |        2.910 ¦      291                0          0              0.010 
INFO |        2.920 ¦      292                0          0              0.010 
INFO |        2.930 ¦      293                0          0              0.010 
INFO |        2.940 ¦      294                0          0              0.010 
INFO |        2.950 ¦      295                0          0              0.010 
INFO |        2.960 ¦      296                0          0              0.010 
INFO |        2.970 ¦      297                0          0              0.010 
INFO |        2.980 ¦      298                0          0              0.010 
INFO |        2.990 ¦      299                0          0              0.010 
INFO |        3.000 ¦      300                0          0              0.010 
INFO |        3.010 ¦      301                0          0              0.010 
INFO |        3.020 ¦      302                0          0              0.010 
INFO |        3.030 ¦      303                0          0              0.010 
INFO |        3.040 ¦      304                0          0              0.010 
INFO |        3.050 ¦      305                0          0              0.010 
INFO |        3.060 ¦      306                0          0              0.010 
INFO |        3.070 ¦      307                0          0              0.010 
INFO |        3.080 ¦      308                0          0              0.010 
INFO |        3.090 ¦      309                0          0              0.010 
INFO |        3.100 ¦      310                0          0              0.010 
INFO |        3.110 ¦      311                0          0              0.010 
INFO |        3.120 ¦      312                0          0              0.010 
INFO |        3.130 ¦      313                0          0              0.010 
INFO |        3.140 ¦      314                0          0              0.010 
INFO |        3.150 ¦      315                0          0              0.010 
INFO |        3.160 ¦      316                0          0              0.010 
INFO |        3.170 ¦      317                0          0              0.010 
INFO |        3.180 ¦      318                0          0              0.010 
INFO |        3.190 ¦      319                0          0              0.010 
INFO |        3.200 ¦      320                0          0              0.010 
INFO |        3.210 ¦      321                0          0              0.010 
INFO |        3.220 ¦      322                0          0              0.010 
INFO |        3.230 ¦      323                0          0              0.010 
INFO |        3.240 ¦      324                0          0              0.010 
INFO |        3.250 ¦      325                0          0              0.010 
INFO |        3.260 ¦      326                0          0              0.010 
INFO |        3.270 ¦      327                0          0              0.010 
INFO |        3.280 ¦      328                0          0              0.010 
INFO |        3.290 ¦      329                0          0              0.010 
INFO |        3.300 ¦      330                0          0              0.010 
INFO |        3.310 ¦      331                0          0              0.010 
INFO |        3.320 ¦      332                0          0              0.010 
INFO |        3.330 ¦      333                0          0              0.010 
INFO |        3.340 ¦      334                0          0              0.010 
INFO |        3.350 ¦      335                0          0              0.010 
INFO |        3.360 ¦      336                0          0              0.010 
INFO |        3.370 ¦      337                0          0              0.010 
INFO |        3.380 ¦      338                0          0              0.010 
INFO |        3.390 ¦      339                0          0              0.010 
INFO |        3.400 ¦      340                0          0              0.010 
INFO |        3.410 ¦      341                0          0              0.010 
INFO |        3.420 ¦      342                0          0              0.010 
INFO |        3.430 ¦      343                0          0              0.010 
INFO |        3.440 ¦      344                0          0              0.010 
INFO |        3.450 ¦      345                0          0              0.010 
INFO |        3.460 ¦      346                0          0              0.010 
INFO |        3.470 ¦      347                0          0              0.010 
INFO |        3.480 ¦      348                0          0              0.010 
INFO |        3.490 ¦      349                0          0              0.010 
INFO |        3.500 ¦      350                0          0              0.010 
INFO |        3.510 ¦      351                0          0              0.010 
INFO |        3.520 ¦      352                0          0              0.010 
INFO |        3.530 ¦      353                0          0              0.010 
INFO |        3.540 ¦      354                0          0              0.010 
INFO |        3.550 ¦      355                0          0              0.010 
INFO |        3.560 ¦      356                0          0              0.010 
INFO |        3.570 ¦      357                0          0              0.010 
INFO |        3.580 ¦      358                0          0              0.010 
INFO |        3.590 ¦      359                0          0              0.010 
INFO |        3.600 ¦      360                0          0              0.010 
INFO |        3.610 ¦      361                0          0              0.010 
INFO |        3.620 ¦      362                0          0              0.010 
INFO |        3.630 ¦      363                0          0              0.010 
INFO |        3.640 ¦      364                0          0              0.010 
INFO |        3.650 ¦      365                0          0              0.010 
INFO |        3.660 ¦      366                0          0              0.010 
INFO |        3.670 ¦      367                0          0              0.010 
INFO |        3.680 ¦      368                0          0              0.010 
INFO |        3.690 ¦      369                0          0              0.010 
INFO |        3.700 ¦      370                0          0              0.010 
INFO |        3.710 ¦      371                0          0              0.010 
INFO |        3.720 ¦      372                0          0              0.010 
INFO |        3.730 ¦      373                0          0              0.010 
INFO |        3.740 ¦      374                0          0              0.010 
INFO |        3.750 ¦      375                0          0              0.010 
INFO |        3.760 ¦      376                0          0              0.010 
INFO |        3.770 ¦      377                0          0              0.010 
INFO |        3.780 ¦      378                0          0              0.010 
INFO |        3.790 ¦      379                0          0              0.010 
INFO |        3.800 ¦      380                0          0              0.010 
INFO |        3.810 ¦      381                0          0              0.010 
INFO |        3.820 ¦      382                0          0              0.010 
INFO |        3.830 ¦      383                0          0              0.010 
INFO |        3.840 ¦      384                0          0              0.010 
INFO |        3.850 ¦      385                0          0              0.010 
INFO |        3.860 ¦      386                0          0              0.010 
INFO |        3.870 ¦      387                0          0              0.010 
INFO |        3.880 ¦      388                0          0              0.010 
INFO |        3.890 ¦      389                0          0              0.010 
INFO |        3.900 ¦      390                0          0              0.010 
INFO |        3.910 ¦      391                0          0              0.010 
INFO |        3.920 ¦      392                0          0              0.010 
INFO |        3.930 ¦      393                0          0              0.010 
INFO |        3.940 ¦      394                0          0              0.010 
INFO |        3.950 ¦      395                0          0              0.010 
INFO |        3.960 ¦      396                0          0              0.010 
INFO |        3.970 ¦      397                0          0              0.010 
INFO |        3.980 ¦      398                0          0              0.010 
INFO |        3.990 ¦      399                0          0              0.010 
INFO |        4.000 ¦      400                0          0              0.010 
INFO |        4.010 ¦      401                0          0              0.010 
INFO |        4.020 ¦      402                0          0              0.010 
INFO |        4.030 ¦      403                0          0              0.010 
INFO |        4.040 ¦      404                0          0              0.010 
INFO |        4.050 ¦      405                0          0              0.010 
INFO |        4.060 ¦      406                0          0              0.010 
INFO |        4.070 ¦      407                0          0              0.010 
INFO |        4.080 ¦      408                0          0              0.010 
INFO |        4.090 ¦      409                0          0              0.010 
INFO |        4.100 ¦      410                0          0              0.010 
INFO |        4.110 ¦      411                0          0              0.010 
INFO |        4.120 ¦      412                0          0              0.010 
INFO |        4.130 ¦      413                0          0              0.010 
INFO |        4.140 ¦      414                0          0              0.010 
INFO |        4.150 ¦      415                0          0              0.010 
INFO |        4.160 ¦      416                0          0              0.010 
INFO |        4.170 ¦      417                0          0              0.010 
INFO |        4.180 ¦      418                0          0              0.010 
INFO |        4.190 ¦      419                0          0              0.010 
INFO |        4.200 ¦      420                0          0              0.010 
INFO |        4.210 ¦      421                0          0              0.010 
INFO |        4.220 ¦      422                0          0              0.010 
INFO |        4.230 ¦      423                0          0              0.010 
INFO |        4.240 ¦      424                0          0              0.010 
INFO |        4.250 ¦      425                0          0              0.010 
INFO |        4.260 ¦      426                0          0              0.010 
INFO |        4.270 ¦      427                0          0              0.010 
INFO |        4.280 ¦      428                0          0              0.010 
INFO |        4.290 ¦      429                0          0              0.010 
INFO |        4.300 ¦      430                0          0              0.010 
INFO |        4.310 ¦      431                0          0              0.010 
INFO |        4.320 ¦      432                0          0              0.010 
INFO |        4.330 ¦      433                0          0              0.010 
INFO |        4.340 ¦      434                0          0              0.010 
INFO |        4.350 ¦      435                0          0              0.010 
INFO |        4.360 ¦      436                0          0              0.010 
INFO |        4.370 ¦      437                0          0              0.010 
INFO |        4.380 ¦      438                0          0              0.010 
INFO |        4.390 ¦      439                0          0              0.010 
INFO |        4.400 ¦      440                0          0              0.010 
INFO |        4.410 ¦      441                0          0              0.010 
INFO |        4.420 ¦      442                0          0              0.010 
INFO |        4.430 ¦      443                0          0              0.010 
INFO |        4.440 ¦      444                0          0              0.010 
INFO |        4.450 ¦      445                0          0              0.010 
INFO |        4.460 ¦      446                0          0              0.010 
INFO |        4.470 ¦      447                0          0              0.010 
INFO |        4.480 ¦      448                0          0              0.010 
INFO |        4.490 ¦      449                0          0              0.010 
INFO |        4.500 ¦      450                0          0              0.010 
INFO |        4.510 ¦      451                0          0              0.010 
INFO |        4.520 ¦      452                0          0              0.010 
INFO |        4.530 ¦      453                0          0              0.010 
INFO |        4.540 ¦      454                0          0              0.010 
INFO |        4.550 ¦      455                0          0              0.010 
INFO |        4.560 ¦      456                0          0              0.010 
INFO |        4.570 ¦      457                0          0              0.010 
INFO |        4.580 ¦      458                0          0              0.010 
INFO |        4.590 ¦      459                0          0              0.010 
INFO |        4.600 ¦      460                0          0              0.010 
INFO |        4.610 ¦      461                0          0              0.010 
INFO |        4.620 ¦      462                0          0              0.010 
INFO |        4.630 ¦      463                0          0              0.010 
INFO |        4.640 ¦      464                0          0              0.010 
INFO |        4.650 ¦      465                0          0              0.010 
INFO |        4.660 ¦      466                0          0              0.010 
INFO |        4.670 ¦      467                0          0              0.010 
INFO |        4.680 ¦      468                0          0              0.010 
INFO |        4.690 ¦      469                0          0              0.010 
INFO |        4.700 ¦      470                0          0              0.010 
INFO |        4.710 ¦      471                0          0              0.010 
INFO |        4.720 ¦      472                0          0              0.010 
INFO |        4.730 ¦      473                0          0              0.010 
INFO |        4.740 ¦      474                0          0              0.010 
INFO |        4.750 ¦      475                0          0              0.010 
INFO |        4.760 ¦      476                0          0              0.010 
INFO |        4.770 ¦      477                0          0              0.010 
INFO |        4.780 ¦      478                0          0              0.010 
INFO |        4.790 ¦      479                0          0              0.010 
INFO |        4.800 ¦      480                0          0              0.010 
INFO |        4.810 ¦      481                0          0              0.010 
INFO |        4.820 ¦      482                0          0              0.010 
INFO |        4.830 ¦      483                0          0              0.010 
INFO |        4.840 ¦      484                0          0              0.010 
INFO |        4.850 ¦      485                0          0              0.010 
INFO |        4.860 ¦      486                0          0              0.010 
INFO |        4.870 ¦      487                0          0              0.010 
INFO |        4.880 ¦      488                0          0              0.010 
INFO |        4.890 ¦      489                0          0              0.010 
INFO |        4.900 ¦      490                0          0              0.010 
INFO |        4.910 ¦      491                0          0              0.010 
INFO |        4.920 ¦      492                0          0              0.010 
INFO |        4.930 ¦      493                0          0              0.010 
INFO |        4.940 ¦      494                0          0              0.010 
INFO |        4.950 ¦      495                0          0              0.010 
INFO |        4.960 ¦      496                0          0              0.010 
INFO |        4.970 ¦      497                0          0              0.010 
INFO |        4.980 ¦      498                0          0              0.010 
INFO |        4.990 ¦      499                0          0              0.010 
INFO |        5.000 ¦      500                0          0              0.010 
INFO |        5.010 ¦      501                0          0              0.010 
INFO |        5.020 ¦      502                0          0              0.010 
INFO |        5.030 ¦      503                0          0              0.010 
INFO |        5.040 ¦      504                0          0              0.010 
INFO |        5.050 ¦      505                0          0              0.010 
INFO |        5.060 ¦      506                0          0              0.010 
INFO |        5.070 ¦      507                0          0              0.010 
INFO |        5.080 ¦      508                0          0              0.010 
INFO |        5.090 ¦      509                0          0              0.010 
INFO |        5.100 ¦      510                0          0              0.010 
INFO |        5.110 ¦      511                0          0              0.010 
INFO |        5.120 ¦      512                0          0              0.010 
INFO |        5.130 ¦      513                0          0              0.010 
INFO |        5.140 ¦      514                0          0              0.010 
INFO |        5.150 ¦      515                0          0              0.010 
INFO |        5.160 ¦      516                0          0              0.010 
INFO |        5.170 ¦      517                0          0              0.010 
INFO |        5.180 ¦      518                0          0              0.010 
INFO |        5.190 ¦      519                0          0              0.010 
INFO |        5.200 ¦      520                0          0              0.010 
INFO |        5.210 ¦      521                0          0              0.010 
INFO |        5.220 ¦      522                0          0              0.010 
INFO |        5.230 ¦      523                0          0              0.010 
INFO |        5.240 ¦      524                0          0              0.010 
INFO |        5.250 ¦      525                0          0              0.010 
INFO |        5.260 ¦      526                0          0              0.010 
INFO |        5.270 ¦      527                0          0              0.010 
INFO |        5.280 ¦      528                0          0              0.010 
INFO |        5.290 ¦      529                0          0              0.010 
INFO |        5.300 ¦      530                0          0              0.010 
INFO |        5.310 ¦      531                0          0              0.010 
INFO |        5.320 ¦      532                0          0              0.010 
INFO |        5.330 ¦      533                0          0              0.010 
INFO |        5.340 ¦      534                0          0              0.010 
INFO |        5.350 ¦      535                0          0              0.010 
INFO |        5.360 ¦      536                0          0              0.010 
INFO |        5.370 ¦      537                0          0              0.010 
INFO |        5.380 ¦      538                0          0              0.010 
INFO |        5.390 ¦      539                0          0              0.010 
INFO |        5.400 ¦      540                0          0              0.010 
INFO |        5.410 ¦      541                0          0              0.010 
INFO |        5.420 ¦      542                0          0              0.010 
INFO |        5.430 ¦      543                0          0              0.010 
INFO |        5.440 ¦      544                0          0              0.010 
INFO |        5.450 ¦      545                0          0              0.010 
INFO |        5.460 ¦      546                0          0              0.010 
INFO |        5.470 ¦      547                0          0              0.010 
INFO |        5.480 ¦      548                0          0              0.010 
INFO |        5.490 ¦      549                0          0              0.010 
INFO |        5.500 ¦      550                0          0              0.010 
INFO |        5.510 ¦      551                0          0              0.010 
INFO |        5.520 ¦      552                0          0              0.010 
INFO |        5.530 ¦      553                0          0              0.010 
INFO |        5.540 ¦      554                0          0              0.010 
INFO |        5.550 ¦      555                0          0              0.010 
INFO |        5.560 ¦      556                0          0              0.010 
INFO |        5.570 ¦      557                0          0              0.010 
INFO |        5.580 ¦      558                0          0              0.010 
INFO |        5.590 ¦      559                0          0              0.010 
INFO |        5.600 ¦      560                0          0              0.010 
INFO |        5.610 ¦      561                0          0              0.010 
INFO |        5.620 ¦      562                0          0              0.010 
INFO |        5.630 ¦      563                0          0              0.010 
INFO |        5.640 ¦      564                0          0              0.010 
INFO |        5.650 ¦      565                0          0              0.010 
INFO |        5.660 ¦      566                0          0              0.010 
INFO |        5.670 ¦      567                0          0              0.010 
INFO |        5.680 ¦      568                0          0              0.010 
INFO |        5.690 ¦      569                0          0              0.010 
INFO |        5.700 ¦      570                0          0              0.010 
INFO |        5.710 ¦      571                0          0              0.010 
INFO |        5.720 ¦      572                0          0              0.010 
INFO |        5.730 ¦      573                0          0              0.010 
INFO |        5.740 ¦      574                0          0              0.010 
INFO |        5.750 ¦      575                0          0              0.010 
INFO |        5.760 ¦      576                0          0              0.010 
INFO |        5.770 ¦      577                0          0              0.010 
INFO |        5.780 ¦      578                0          0              0.010 
INFO |        5.790 ¦      579                0          0              0.010 
INFO |        5.800 ¦      580                0          0              0.010 
INFO |        5.810 ¦      581                0          0              0.010 
INFO |        5.820 ¦      582                0          0              0.010 
INFO |        5.830 ¦      583                0          0              0.010 
INFO |        5.840 ¦      584                0          0              0.010 
INFO |        5.850 ¦      585                0          0              0.010 
INFO |        5.860 ¦      586                0          0              0.010 
INFO |        5.870 ¦      587                0          0              0.010 
INFO |        5.880 ¦      588                0          0              0.010 
INFO |        5.890 ¦      589                0          0              0.010 
INFO |        5.900 ¦      590                0          0              0.010 
INFO |        5.910 ¦      591                0          0              0.010 
INFO |        5.920 ¦      592                0          0              0.010 
INFO |        5.930 ¦      593                0          0              0.010 
INFO |        5.940 ¦      594                0          0              0.010 
INFO |        5.950 ¦      595                0          0              0.010 
INFO |        5.960 ¦      596                0          0              0.010 
INFO |        5.970 ¦      597                0          0              0.010 
INFO |        5.980 ¦      598                0          0              0.010 
INFO |        5.990 ¦      599                0          0              0.010 
INFO |        6.000 ¦      600                0          0              0.010 
INFO |        6.010 ¦      601                0          0              0.010 
INFO |        6.020 ¦      602                0          0              0.010 
INFO |        6.030 ¦      603                0          0              0.010 
INFO |        6.040 ¦      604                0          0              0.010 
INFO |        6.050 ¦      605                0          0              0.010 
INFO |        6.060 ¦      606                0          0              0.010 
INFO |        6.070 ¦      607                0          0              0.010 
INFO |        6.080 ¦      608                0          0              0.010 
INFO |        6.090 ¦      609                0          0              0.010 
INFO |        6.100 ¦      610                0          0              0.010 
INFO |        6.110 ¦      611                0          0              0.010 
INFO |        6.120 ¦      612                0          0              0.010 
INFO |        6.130 ¦      613                0          0              0.010 
INFO |        6.140 ¦      614                0          0              0.010 
INFO |        6.150 ¦      615                0          0              0.010 
INFO |        6.160 ¦      616                0          0              0.010 
INFO |        6.170 ¦      617                0          0              0.010 
INFO |        6.180 ¦      618                0          0              0.010 
INFO |        6.190 ¦      619                0          0              0.010 
INFO |        6.200 ¦      620                0          0              0.010 
INFO |        6.210 ¦      621                0          0              0.010 
INFO |        6.220 ¦      622                0          0              0.010 
INFO |        6.230 ¦      623                0          0              0.010 
INFO |        6.240 ¦      624                0          0              0.010 
INFO |        6.250 ¦      625                0          0              0.010 
INFO |        6.260 ¦      626                0          0              0.010 
INFO |        6.270 ¦      627                0          0              0.010 
INFO |        6.280 ¦      628                0          0              0.010 
INFO |        6.290 ¦      629                0          0              0.010 
INFO |        6.300 ¦      630                0          0              0.010 
INFO |        6.310 ¦      631                0          0              0.010 
INFO |        6.320 ¦      632                0          0              0.010 
INFO |        6.330 ¦      633                0          0              0.010 
INFO |        6.340 ¦      634                0          0              0.010 
INFO |        6.350 ¦      635                0          0              0.010 
INFO |        6.360 ¦      636                0          0              0.010 
INFO |        6.370 ¦      637                0          0              0.010 
INFO |        6.380 ¦      638                0          0              0.010 
INFO |        6.390 ¦      639                0          0              0.010 
INFO |        6.400 ¦      640                0          0              0.010 
INFO |        6.410 ¦      641                0          0              0.010 
INFO |        6.420 ¦      642                0          0              0.010 
INFO |        6.430 ¦      643                0          0              0.010 
INFO |        6.440 ¦      644                0          0              0.010 
INFO |        6.450 ¦      645                0          0              0.010 
INFO |        6.460 ¦      646                0          0              0.010 
INFO |        6.470 ¦      647                0          0              0.010 
INFO |        6.480 ¦      648                0          0              0.010 
INFO |        6.490 ¦      649                0          0              0.010 
INFO |        6.500 ¦      650                0          0              0.010 
INFO |        6.510 ¦      651                0          0              0.010 
INFO |        6.520 ¦      652                0          0              0.010 
INFO |        6.530 ¦      653                0          0              0.010 
INFO |        6.540 ¦      654                0          0              0.010 
INFO |        6.550 ¦      655                0          0              0.010 
INFO |        6.560 ¦      656                0          0              0.010 
INFO |        6.570 ¦      657                0          0              0.010 
INFO |        6.580 ¦      658                0          0              0.010 
INFO |        6.590 ¦      659                0          0              0.010 
INFO |        6.600 ¦      660                0          0              0.010 
INFO |        6.610 ¦      661                0          0              0.010 
INFO |        6.620 ¦      662                0          0              0.010 
INFO |        6.630 ¦      663                0          0              0.010 
INFO |        6.640 ¦      664                0          0              0.010 
INFO |        6.650 ¦      665                0          0              0.010 
INFO |        6.660 ¦      666                0          0              0.010 
INFO |        6.670 ¦      667                0          0              0.010 
INFO |        6.680 ¦      668                0          0              0.010 
INFO |        6.690 ¦      669                0          0              0.010 
INFO |        6.700 ¦      670                0          0              0.010 
INFO |        6.710 ¦      671                0          0              0.010 
INFO |        6.720 ¦      672                0          0              0.010 
INFO |        6.730 ¦      673                0          0              0.010 
INFO |        6.740 ¦      674                0          0              0.010 
INFO |        6.750 ¦      675                0          0              0.010 
INFO |        6.760 ¦      676                0          0              0.010 
INFO |        6.770 ¦      677                0          0              0.010 
INFO |        6.780 ¦      678                0          0              0.010 
INFO |        6.790 ¦      679                0          0              0.010 
INFO |        6.800 ¦      680                0          0              0.010 
INFO |        6.810 ¦      681                0          0              0.010 
INFO |        6.820 ¦      682                0          0              0.010 
INFO |        6.830 ¦      683                0          0              0.010 
INFO |        6.840 ¦      684                0          0              0.010 
INFO |        6.850 ¦      685                0          0              0.010 
INFO |        6.860 ¦      686                0          0              0.010 
INFO |        6.870 ¦      687                0          0              0.010 
INFO |        6.880 ¦      688                0          0              0.010 
INFO |        6.890 ¦      689                0          0              0.010 
INFO |        6.900 ¦      690                0          0              0.010 
INFO |        6.910 ¦      691                0          0              0.010 
INFO |        6.920 ¦      692                0          0              0.010 
INFO |        6.930 ¦      693                0          0              0.010 
INFO |        6.940 ¦      694                0          0              0.010 
INFO |        6.950 ¦      695                0          0              0.010 
INFO |        6.960 ¦      696                0          0              0.010 
INFO |        6.970 ¦      697                0          0              0.010 
INFO |        6.980 ¦      698                0          0              0.010 
INFO |        6.990 ¦      699                0          0              0.010 
INFO |        7.000 ¦      700                0          0              0.010 
INFO |        7.010 ¦      701                0          0              0.010 
INFO |        7.020 ¦      702                0          0              0.010 
INFO |        7.030 ¦      703                0          0              0.010 
INFO |        7.040 ¦      704                0          0              0.010 
INFO |        7.050 ¦      705                0          0              0.010 
INFO |        7.060 ¦      706                0          0              0.010 
INFO |        7.070 ¦      707                0          0              0.010 
INFO |        7.080 ¦      708                0          0              0.010 
INFO |        7.090 ¦      709                0          0              0.010 
INFO |        7.100 ¦      710                0          0              0.010 
INFO |        7.110 ¦      711                0          0              0.010 
INFO |        7.120 ¦      712                0          0              0.010 
INFO |        7.130 ¦      713                0          0              0.010 
INFO |        7.140 ¦      714                0          0              0.010 
INFO |        7.150 ¦      715                0          0              0.010 
INFO |        7.160 ¦      716                0          0              0.010 
INFO |        7.170 ¦      717                0          0              0.010 
INFO |        7.180 ¦      718                0          0              0.010 
INFO |        7.190 ¦      719                0          0              0.010 
INFO |        7.200 ¦      720                0          0              0.010 
INFO |        7.210 ¦      721                0          0              0.010 
INFO |        7.220 ¦      722                0          0              0.010 
INFO |        7.230 ¦      723                0          0              0.010 
INFO |        7.240 ¦      724                0          0              0.010 
INFO |        7.250 ¦      725                0          0              0.010 
INFO |        7.260 ¦      726                0          0              0.010 
INFO |        7.270 ¦      727                0          0              0.010 
INFO |        7.280 ¦      728                0          0              0.010 
INFO |        7.290 ¦      729                0          0              0.010 
INFO |        7.300 ¦      730                0          0              0.010 
INFO |        7.310 ¦      731                0          0              0.010 
INFO |        7.320 ¦      732                0          0              0.010 
INFO |        7.330 ¦      733                0          0              0.010 
INFO |        7.340 ¦      734                0          0              0.010 
INFO |        7.350 ¦      735                0          0              0.010 
INFO |        7.360 ¦      736                0          0              0.010 
INFO |        7.370 ¦      737                0          0              0.010 
INFO |        7.380 ¦      738                0          0              0.010 
INFO |        7.390 ¦      739                0          0              0.010 
INFO |        7.400 ¦      740                0          0              0.010 
INFO |        7.410 ¦      741                0          0              0.010 
INFO |        7.420 ¦      742                0          0              0.010 
INFO |        7.430 ¦      743                0          0              0.010 
INFO |        7.440 ¦      744                0          0              0.010 
INFO |        7.450 ¦      745                0          0              0.010 
INFO |        7.460 ¦      746                0          0              0.010 
INFO |        7.470 ¦      747                0          0              0.010 
INFO |        7.480 ¦      748                0          0              0.010 
INFO |        7.490 ¦      749                0          0              0.010 
INFO |        7.500 ¦      750                0          0              0.010 
INFO |        7.510 ¦      751                0          0              0.010 
INFO |        7.520 ¦      752                0          0              0.010 
INFO |        7.530 ¦      753                0          0              0.010 
INFO |        7.540 ¦      754                0          0              0.010 
INFO |        7.550 ¦      755                0          0              0.010 
INFO |        7.560 ¦      756                0          0              0.010 
INFO |        7.570 ¦      757                0          0              0.010 
INFO |        7.580 ¦      758                0          0              0.010 
INFO |        7.590 ¦      759                0          0              0.010 
INFO |        7.600 ¦      760                0          0              0.010 
INFO |        7.610 ¦      761                0          0              0.010 
INFO |        7.620 ¦      762                0          0              0.010 
INFO |        7.630 ¦      763                0          0              0.010 
INFO |        7.640 ¦      764                0          0              0.010 
INFO |        7.650 ¦      765                0          0              0.010 
INFO |        7.660 ¦      766                0          0              0.010 
INFO |        7.670 ¦      767                0          0              0.010 
INFO |        7.680 ¦      768                0          0              0.010 
INFO |        7.690 ¦      769                0          0              0.010 
INFO |        7.700 ¦      770                0          0              0.010 
INFO |        7.710 ¦      771                0          0              0.010 
INFO |        7.720 ¦      772                0          0              0.010 
INFO |        7.730 ¦      773                0          0              0.010 
INFO |        7.740 ¦      774                0          0              0.010 
INFO |        7.750 ¦      775                0          0              0.010 
INFO |        7.760 ¦      776                0          0              0.010 
INFO |        7.770 ¦      777                0          0              0.010 
INFO |        7.780 ¦      778                0          0              0.010 
INFO |        7.790 ¦      779                0          0              0.010 
INFO |        7.800 ¦      780                0          0              0.010 
INFO |        7.810 ¦      781                0          0              0.010 
INFO |        7.820 ¦      782                0          0              0.010 
INFO |        7.830 ¦      783                0          0              0.010 
INFO |        7.840 ¦      784                0          0              0.010 
INFO |        7.850 ¦      785                0          0              0.010 
INFO |        7.860 ¦      786                0          0              0.010 
INFO |        7.870 ¦      787                0          0              0.010 
INFO |        7.880 ¦      788                0          0              0.010 
INFO |        7.890 ¦      789                0          0              0.010 
INFO |        7.900 ¦      790                0          0              0.010 
INFO |        7.910 ¦      791                0          0              0.010 
INFO |        7.920 ¦      792                0          0              0.010 
INFO |        7.930 ¦      793                0          0              0.010 
INFO |        7.940 ¦      794                0          0              0.010 
INFO |        7.950 ¦      795                0          0              0.010 
INFO |        7.960 ¦      796                0          0              0.010 
INFO |        7.970 ¦      797                0          0              0.010 
INFO |        7.980 ¦      798                0          0              0.010 
INFO |        7.990 ¦      799                0          0              0.010 
INFO |        8.000 ¦      800                0          0              0.010 
INFO |        8.010 ¦      801                0          0              0.010 
INFO |        8.020 ¦      802                0          0              0.010 
INFO |        8.030 ¦      803                0          0              0.010 
INFO |        8.040 ¦      804                0          0              0.010 
INFO |        8.050 ¦      805                0          0              0.010 
INFO |        8.060 ¦      806                0          0              0.010 
INFO |        8.070 ¦      807                0          0              0.010 
INFO |        8.080 ¦      808                0          0              0.010 
INFO |        8.090 ¦      809                0          0              0.010 
INFO |        8.100 ¦      810                0          0              0.010 
INFO |        8.110 ¦      811                0          0              0.010 
INFO |        8.120 ¦      812                0          0              0.010 
INFO |        8.130 ¦      813                0          0              0.010 
INFO |        8.140 ¦      814                0          0              0.010 
INFO |        8.150 ¦      815                0          0              0.010 
INFO |        8.160 ¦      816                0          0              0.010 
INFO |        8.170 ¦      817                0          0              0.010 
INFO |        8.180 ¦      818                0          0              0.010 
INFO |        8.190 ¦      819                0          0              0.010 
INFO |        8.200 ¦      820                0          0              0.010 
INFO |        8.210 ¦      821                0          0              0.010 
INFO |        8.220 ¦      822                0          0              0.010 
INFO |        8.230 ¦      823                0          0              0.010 
INFO |        8.240 ¦      824                0          0              0.010 
INFO |        8.250 ¦      825                0          0              0.010 
INFO |        8.260 ¦      826                0          0              0.010 
INFO |        8.270 ¦      827                0          0              0.010 
INFO |        8.280 ¦      828                0          0              0.010 
INFO |        8.290 ¦      829                0          0              0.010 
INFO |        8.300 ¦      830                0          0              0.010 
INFO |        8.310 ¦      831                0          0              0.010 
INFO |        8.320 ¦      832                0          0              0.010 
INFO |        8.330 ¦      833                0          0              0.010 
INFO |        8.340 ¦      834                0          0              0.010 
INFO |        8.350 ¦      835                0          0              0.010 
INFO |        8.360 ¦      836                0          0              0.010 
INFO |        8.370 ¦      837                0          0              0.010 
INFO |        8.380 ¦      838                0          0              0.010 
INFO |        8.390 ¦      839                0          0              0.010 
INFO |        8.400 ¦      840                0          0              0.010 
INFO |        8.410 ¦      841                0          0              0.010 
INFO |        8.420 ¦      842                0          0              0.010 
INFO |        8.430 ¦      843                0          0              0.010 
INFO |        8.440 ¦      844                0          0              0.010 
INFO |        8.450 ¦      845                0          0              0.010 
INFO |        8.460 ¦      846                0          0              0.010 
INFO |        8.470 ¦      847                0          0              0.010 
INFO |        8.480 ¦      848                0          0              0.010 
INFO |        8.490 ¦      849                0          0              0.010 
INFO |        8.500 ¦      850                0          0              0.010 
INFO |        8.510 ¦      851                0          0              0.010 
INFO |        8.520 ¦      852                0          0              0.010 
INFO |        8.530 ¦      853                0          0              0.010 
INFO |        8.540 ¦      854                0          0              0.010 
INFO |        8.550 ¦      855                0          0              0.010 
INFO |        8.560 ¦      856                0          0              0.010 
INFO |        8.570 ¦      857                0          0              0.010 
INFO |        8.580 ¦      858                0          0              0.010 
INFO |        8.590 ¦      859                0          0              0.010 
INFO |        8.600 ¦      860                0          0              0.010 
INFO |        8.610 ¦      861                0          0              0.010 
INFO |        8.620 ¦      862                0          0              0.010 
INFO |        8.630 ¦      863                0          0              0.010 
INFO |        8.640 ¦      864                0          0              0.010 
INFO |        8.650 ¦      865                0          0              0.010 
INFO |        8.660 ¦      866                0          0              0.010 
INFO |        8.670 ¦      867                0          0              0.010 
INFO |        8.680 ¦      868                0          0              0.010 
INFO |        8.690 ¦      869                0          0              0.010 
INFO |        8.700 ¦      870                0          0              0.010 
INFO |        8.710 ¦      871                0          0              0.010 
INFO |        8.720 ¦      872                0          0              0.010 
INFO |        8.730 ¦      873                0          0              0.010 
INFO |        8.740 ¦      874                0          0              0.010 
INFO |        8.750 ¦      875                0          0              0.010 
INFO |        8.760 ¦      876                0          0              0.010 
INFO |        8.770 ¦      877                0          0              0.010 
INFO |        8.780 ¦      878                0          0              0.010 
INFO |        8.790 ¦      879                0          0              0.010 
INFO |        8.800 ¦      880                0          0              0.010 
INFO |        8.810 ¦      881                0          0              0.010 
INFO |        8.820 ¦      882                0          0              0.010 
INFO |        8.830 ¦      883                0          0              0.010 
INFO |        8.840 ¦      884                0          0              0.010 
INFO |        8.850 ¦      885                0          0              0.010 
INFO |        8.860 ¦      886                0          0              0.010 
INFO |        8.870 ¦      887                0          0              0.010 
INFO |        8.880 ¦      888                0          0              0.010 
INFO |        8.890 ¦      889                0          0              0.010 
INFO |        8.900 ¦      890                0          0              0.010 
INFO |        8.910 ¦      891                0          0              0.010 
INFO |        8.920 ¦      892                0          0              0.010 
INFO |        8.930 ¦      893                0          0              0.010 
INFO |        8.940 ¦      894                0          0              0.010 
INFO |        8.950 ¦      895                0          0              0.010 
INFO |        8.960 ¦      896                0          0              0.010 
INFO |        8.970 ¦      897                0          0              0.010 
INFO |        8.980 ¦      898                0          0              0.010 
INFO |        8.990 ¦      899                0          0              0.010 
INFO |        9.000 ¦      900                0          0              0.010 
INFO |        9.010 ¦      901                0          0              0.010 
INFO |        9.020 ¦      902                0          0              0.010 
INFO |        9.030 ¦      903                0          0              0.010 
INFO |        9.040 ¦      904                0          0              0.010 
INFO |        9.050 ¦      905                0          0              0.010 
INFO |        9.060 ¦      906                0          0              0.010 
INFO |        9.070 ¦      907                0          0              0.010 
INFO |        9.080 ¦      908                0          0              0.010 
INFO |        9.090 ¦      909                0          0              0.010 
INFO |        9.100 ¦      910                0          0              0.010 
INFO |        9.110 ¦      911                0          0              0.010 
INFO |        9.120 ¦      912                0          0              0.010 
INFO |        9.130 ¦      913                0          0              0.010 
INFO |        9.140 ¦      914                0          0              0.010 
INFO |        9.150 ¦      915                0          0              0.010 
INFO |        9.160 ¦      916                0          0              0.010 
INFO |        9.170 ¦      917                0          0              0.010 
INFO |        9.180 ¦      918                0          0              0.010 
INFO |        9.190 ¦      919                0          0              0.010 
INFO |        9.200 ¦      920                0          0              0.010 
INFO |        9.210 ¦      921                0          0              0.010 
INFO |        9.220 ¦      922                0          0              0.010 
INFO |        9.230 ¦      923                0          0              0.010 
INFO |        9.240 ¦      924                0          0              0.010 
INFO |        9.250 ¦      925                0          0              0.010 
INFO |        9.260 ¦      926                0          0              0.010 
INFO |        9.270 ¦      927                0          0              0.010 
INFO |        9.280 ¦      928                0          0              0.010 
INFO |        9.290 ¦      929                0          0              0.010 
INFO |        9.300 ¦      930                0          0              0.010 
INFO |        9.310 ¦      931                0          0              0.010 
INFO |        9.320 ¦      932                0          0              0.010 
INFO |        9.330 ¦      933                0          0              0.010 
INFO |        9.340 ¦      934                0          0              0.010 
INFO |        9.350 ¦      935                0          0              0.010 
INFO |        9.360 ¦      936                0          0              0.010 
INFO |        9.370 ¦      937                0          0              0.010 
INFO |        9.380 ¦      938                0          0              0.010 
INFO |        9.390 ¦      939                0          0              0.010 
INFO |        9.400 ¦      940                0          0              0.010 
INFO |        9.410 ¦      941                0          0              0.010 
INFO |        9.420 ¦      942                0          0              0.010 
INFO |        9.430 ¦      943                0          0              0.010 
INFO |        9.440 ¦      944                0          0              0.010 
INFO |        9.450 ¦      945                0          0              0.010 
INFO |        9.460 ¦      946                0          0              0.010 
INFO |        9.470 ¦      947                0          0              0.010 
INFO |        9.480 ¦      948                0          0              0.010 
INFO |        9.490 ¦      949                0          0              0.010 
INFO |        9.500 ¦      950                0          0              0.010 
INFO |        9.510 ¦      951                0          0              0.010 
INFO |        9.520 ¦      952                0          0              0.010 
INFO |        9.530 ¦      953                0          0              0.010 
INFO |        9.540 ¦      954                0          0              0.010 
INFO |        9.550 ¦      955                0          0              0.010 
INFO |        9.560 ¦      956                0          0              0.010 
INFO |        9.570 ¦      957                0          0              0.010 
INFO |        9.580 ¦      958                0          0              0.010 
INFO |        9.590 ¦      959                0          0              0.010 
INFO |        9.600 ¦      960                0          0              0.010 
INFO |        9.610 ¦      961                0          0              0.010 
INFO |        9.620 ¦      962                0          0              0.010 
INFO |        9.630 ¦      963                0          0              0.010 
INFO |        9.640 ¦      964                0          0              0.010 
INFO |        9.650 ¦      965                0          0              0.010 
INFO |        9.660 ¦      966                0          0              0.010 
INFO |        9.670 ¦      967                0          0              0.010 
INFO |        9.680 ¦      968                0          0              0.010 
INFO |        9.690 ¦      969                0          0              0.010 
INFO |        9.700 ¦      970                0          0              0.010 
INFO |        9.710 ¦      971                0          0              0.010 
INFO |        9.720 ¦      972                0          0              0.010 
INFO |        9.730 ¦      973                0          0              0.010 
INFO |        9.740 ¦      974                0          0              0.010 
INFO |        9.750 ¦      975                0          0              0.010 
INFO |        9.760 ¦      976                0          0              0.010 
INFO |        9.770 ¦      977                0          0              0.010 
INFO |        9.780 ¦      978                0          0              0.010 
INFO |        9.790 ¦      979                0          0              0.010 
INFO |        9.800 ¦      980                0          0              0.010 
INFO |        9.810 ¦      981                0          0              0.010 
INFO |        9.820 ¦      982                0          0              0.010 
INFO |        9.830 ¦      983                0          0              0.010 
INFO |        9.840 ¦      984                0          0              0.010 
INFO |        9.850 ¦      985                0          0              0.010 
INFO |        9.860 ¦      986                0          0              0.010 
INFO |        9.870 ¦      987                0          0              0.010 
INFO |        9.880 ¦      988                0          0              0.010 
INFO |        9.890 ¦      989                0          0              0.010 
INFO |        9.900 ¦      990                0          0              0.010 
INFO |        9.910 ¦      991                0          0              0.010 
INFO |        9.920 ¦      992                0          0              0.010 
INFO |        9.930 ¦      993                0          0              0.010 
INFO |        9.940 ¦      994                0          0              0.010 
INFO |        9.950 ¦      995                0          0              0.010 
INFO |        9.960 ¦      996                0          0              0.010 
INFO |        9.970 ¦      997                0          0              0.010 
INFO |        9.980 ¦      998                0          0              0.010 
INFO |        9.990 ¦      999                0          0              0.010 
INFO |       10.000 ¦     1000                0          0              0.010 
INFO |       10.000 ¦     1001                0          0              0.000 
INFO | 
INFO | execution statistics :
INFO | 
INFO | number of time iterations                                  = 1001
INFO | number of residual evaluations                             = 1002
INFO | number of Jacobian evaluations                             = 0
INFO | number of nonlinear iterations                             = 0
INFO | number of error test failures                              = 0
INFO | number of nonlinear convergence failures                   = 0
INFO | number of solver root functions evaluations                = 0
INFO | number of internal root functions evaluations              = 1001
INFO | number of discrete variables evaluations                   = 1
INFO | number of mode evaluations                                 = 1
INFO | number of differential mode                                = 0
INFO | number of algebraic mode                                   = 0
INFO | number of algebraic J update mode                          = 0
INFO | number of algebraic restoration residual evaluations       = 0
INFO | number of algebraic restoration Jacobian evaluations       = 0
INFO | number of algebraic prim restoration residual evaluations  = 0
INFO | number of algebraic prim restoration Jacobian evaluations  = 0
INFO | end of job 'TestSIMOrder1'
