2018-12-19 17:11:14 | DEBUG |  ============================================================
2018-12-19 17:11:14 | DEBUG | DYNAWO VERSION  :     0.0.4
2018-12-19 17:11:14 | DEBUG | DYNAWO REVISION :    IEEE14-c38e63c
2018-12-19 17:11:14 | DEBUG |  ============================================================
2018-12-19 17:11:14 | INFO | adding curve : Id: NETWORK; curve: _BUS____1_TN_Upu_value found. (exact name)
2018-12-19 17:11:14 | INFO | adding curve : Id: NETWORK; curve: _BUS____2_TN_Upu_value found. (exact name)
2018-12-19 17:11:14 | INFO | adding curve : Id: NETWORK; curve: _BUS____3_TN_Upu_value found. (exact name)
2018-12-19 17:11:14 | INFO | adding curve : Id: NETWORK; curve: _BUS____4_TN_Upu_value found. (exact name)
2018-12-19 17:11:14 | INFO | adding curve : Id: NETWORK; curve: _BUS____5_TN_Upu_value found. (exact name)
2018-12-19 17:11:14 | INFO | adding curve : Id: NETWORK; curve: _BUS____6_TN_Upu_value found. (exact name)
2018-12-19 17:11:14 | INFO | adding curve : Id: NETWORK; curve: _BUS____7_TN_Upu_value found. (exact name)
2018-12-19 17:11:14 | INFO | adding curve : Id: NETWORK; curve: _BUS____8_TN_Upu_value found. (exact name)
2018-12-19 17:11:14 | INFO | adding curve : Id: NETWORK; curve: _BUS____9_TN_Upu_value found. (exact name)
2018-12-19 17:11:14 | INFO | adding curve : Id: NETWORK; curve: _BUS___10_TN_Upu_value found. (exact name)
2018-12-19 17:11:14 | INFO | adding curve : Id: NETWORK; curve: _BUS___11_TN_Upu_value found. (exact name)
2018-12-19 17:11:14 | INFO | adding curve : Id: NETWORK; curve: _BUS___12_TN_Upu_value found. (exact name)
2018-12-19 17:11:14 | INFO | adding curve : Id: NETWORK; curve: _BUS___13_TN_Upu_value found. (exact name)
2018-12-19 17:11:14 | INFO | adding curve : Id: NETWORK; curve: _BUS___14_TN_Upu_value found. (exact name)
2018-12-19 17:11:14 | DEBUG | nbSubNetwork = 1 nbsub = 1
2018-12-19 17:11:14 | DEBUG | subNetwork[0] nbBus = 14
2018-12-19 17:11:14 | DEBUG | keep SubNetworks num : 0
2018-12-19 17:11:14 | DEBUG | call of SolverReInit ie a new symbolic and numerical factorization will be performed
2018-12-19 17:11:14 | DEBUG | -----------------------------------------------------------------------
2018-12-19 17:11:14 | DEBUG | number of continuous variables : 408 (display limited to 4 variables)
2018-12-19 17:11:14 | DEBUG | number of discrete variables : 197
2018-12-19 17:11:14 | DEBUG | -----------------------------------------------------------------------
2018-12-19 17:11:14 | DEBUG |     t              y1            y2            y3            y4      | nst k      h
2018-12-19 17:11:14 | DEBUG | -----------------------------------------------------------------------
2018-12-19 17:11:14 | DEBUG |        0.000  1.016071e+00 -2.744099e-01 -6.818682e-02  7.549782e-02 |   0 0 3.193744e-04 
2018-12-19 17:11:14 | DEBUG |        0.001  1.016071e+00 -2.744099e-01 -6.818682e-02  7.549782e-02 |   1 1 1.000000e-03 
2018-12-19 17:11:14 | DEBUG |        0.003  1.016071e+00 -2.744099e-01 -6.818682e-02  7.549782e-02 |   2 1 2.000000e-03 
2018-12-19 17:11:14 | DEBUG |        0.007  1.016071e+00 -2.744099e-01 -6.818682e-02  7.549782e-02 |   3 1 4.000000e-03 
2018-12-19 17:11:14 | DEBUG |        0.015  1.016071e+00 -2.744099e-01 -6.818682e-02  7.549782e-02 |   4 1 8.000000e-03 
2018-12-19 17:11:14 | DEBUG |        0.031  1.016071e+00 -2.744099e-01 -6.818683e-02  7.549782e-02 |   5 1 1.600000e-02 
2018-12-19 17:11:14 | DEBUG |        0.063  1.016071e+00 -2.744099e-01 -6.818683e-02  7.549782e-02 |   6 1 3.200000e-02 
2018-12-19 17:11:14 | DEBUG |        0.127  1.016071e+00 -2.744099e-01 -6.818683e-02  7.549782e-02 |   7 1 6.400000e-02 
2018-12-19 17:11:14 | DEBUG |        0.255  1.016071e+00 -2.744099e-01 -6.818683e-02  7.549782e-02 |   8 1 1.280000e-01 
2018-12-19 17:11:14 | DEBUG |        0.511  1.016071e+00 -2.744099e-01 -6.818683e-02  7.549782e-02 |   9 1 2.560000e-01 
2018-12-19 17:11:14 | DEBUG |        1.023  1.016071e+00 -2.744099e-01 -6.818683e-02  7.549782e-02 |  10 1 5.120000e-01 
2018-12-19 17:11:14 | DEBUG |        2.047  1.016071e+00 -2.744099e-01 -6.818683e-02  7.549782e-02 |  11 1 1.024000e+00 
2018-12-19 17:11:14 | DEBUG |        4.095  1.016071e+00 -2.744099e-01 -6.818683e-02  7.549782e-02 |  12 1 2.048000e+00 
2018-12-19 17:11:14 | DEBUG |        8.191  1.016071e+00 -2.744099e-01 -6.818683e-02  7.549782e-02 |  13 1 4.096000e+00 
2018-12-19 17:11:14 | DEBUG |       16.383  1.016071e+00 -2.744099e-01 -6.818682e-02  7.549782e-02 |  14 1 8.192000e+00 
2018-12-19 17:11:14 | DEBUG | ALGEBRAIC mode change for Model : OMEGA_REF
2018-12-19 17:11:14 | DEBUG |       20.000  1.016071e+00 -2.744099e-01 -6.818682e-02  7.549782e-02 |  15 1 1.000000e+01 
2018-12-19 17:11:14 | DEBUG | calculation of the new starting point of the simulation.
2018-12-19 17:11:14 | DEBUG | call of SolverReInit ie a new symbolic and numerical factorization will be performed
2018-12-19 17:11:14 | DEBUG |       20.000  1.001398e+00 -2.693054e-01 -6.797183e-02  7.409018e-02 |   0 0 0.000000e+00 
2018-12-19 17:11:14 | DEBUG |       20.001  1.001388e+00 -2.693007e-01 -6.797172e-02  7.408921e-02 |   1 1 1.000000e-03 
2018-12-19 17:11:14 | DEBUG |       20.003  1.001370e+00 -2.692919e-01 -6.797162e-02  7.408727e-02 |   2 1 2.000000e-03 
2018-12-19 17:11:14 | DEBUG |       20.007  1.001337e+00 -2.692750e-01 -6.797146e-02  7.408362e-02 |   3 1 4.000000e-03 
2018-12-19 17:11:14 | DEBUG |       20.015  1.001278e+00 -2.692437e-01 -6.797129e-02  7.407709e-02 |   4 1 8.000000e-03 
2018-12-19 17:11:14 | DEBUG |       20.031  1.001187e+00 -2.691882e-01 -6.797145e-02  7.406632e-02 |   5 1 1.600000e-02 
2018-12-19 17:11:14 | DEBUG |       20.063  1.001067e+00 -2.690907e-01 -6.797323e-02  7.405008e-02 |   6 1 3.200000e-02 
2018-12-19 17:11:14 | DEBUG |       20.127  1.000941e+00 -2.689074e-01 -6.798024e-02  7.402601e-02 |   7 1 6.400000e-02 
2018-12-19 17:11:14 | DEBUG |       20.255  1.000814e+00 -2.685507e-01 -6.799836e-02  7.398714e-02 |   8 1 1.280000e-01 
2018-12-19 17:11:14 | DEBUG |       20.511  1.000608e+00 -2.680139e-01 -6.802499e-02  7.392755e-02 |   9 1 2.560000e-01 
2018-12-19 17:11:14 | DEBUG |       20.767  1.000390e+00 -2.676632e-01 -6.803930e-02  7.388313e-02 |  10 1 2.560000e-01 
2018-12-19 17:11:14 | DEBUG |       21.023  1.000174e+00 -2.674302e-01 -6.804615e-02  7.384893e-02 |  11 1 2.560000e-01 
2018-12-19 17:11:14 | DEBUG |       21.535  9.997879e-01 -2.670905e-01 -6.805348e-02  7.379439e-02 |  12 1 5.120000e-01 
2018-12-19 17:11:14 | DEBUG |       22.047  9.994375e-01 -2.667912e-01 -6.805955e-02  7.374563e-02 |  13 1 5.120000e-01 
2018-12-19 17:11:14 | DEBUG |       23.071  9.988394e-01 -2.663508e-01 -6.806539e-02  7.366846e-02 |  14 1 1.024000e+00 
2018-12-19 17:11:14 | DEBUG |       24.095  9.983298e-01 -2.660429e-01 -6.806604e-02  7.360849e-02 |  15 1 1.024000e+00 
2018-12-19 17:11:14 | DEBUG |       26.143  9.975779e-01 -2.657030e-01 -6.805970e-02  7.352979e-02 |  16 1 2.048000e+00 
2018-12-19 17:11:14 | DEBUG |       28.191  9.970269e-01 -2.655099e-01 -6.805146e-02  7.347695e-02 |  17 1 2.048000e+00 
2018-12-19 17:11:14 | DEBUG |       32.287  9.964260e-01 -2.653693e-01 -6.803801e-02  7.342533e-02 |  18 1 4.096000e+00 
2018-12-19 17:11:14 | DEBUG |       36.383  9.961479e-01 -2.653428e-01 -6.802933e-02  7.340474e-02 |  19 1 4.096000e+00 
2018-12-19 17:11:14 | DEBUG |       40.479  9.960836e-01 -2.653739e-01 -6.802494e-02  7.340318e-02 |  20 1 4.096000e+00 
2018-12-19 17:11:14 | DEBUG |       48.671  9.963888e-01 -2.655209e-01 -6.802696e-02  7.343588e-02 |  21 1 8.192000e+00 
2018-12-19 17:11:14 | DEBUG |       56.863  9.969093e-01 -2.656983e-01 -6.803507e-02  7.348536e-02 |  22 1 8.192000e+00 
2018-12-19 17:11:14 | DEBUG |       66.863  9.976742e-01 -2.659242e-01 -6.804918e-02  7.355511e-02 |  23 1 1.000000e+01 
2018-12-19 17:11:14 | DEBUG |       76.863  9.984762e-01 -2.661463e-01 -6.806491e-02  7.362699e-02 |  24 1 1.000000e+01 
2018-12-19 17:11:14 | DEBUG |       86.863  9.992662e-01 -2.663575e-01 -6.808086e-02  7.369717e-02 |  25 1 1.000000e+01 
2018-12-19 17:11:14 | DEBUG |       96.863  1.000020e+00 -2.665554e-01 -6.809630e-02  7.376387e-02 |  26 1 1.000000e+01 
2018-12-19 17:11:14 | DEBUG |      100.000  1.000251e+00 -2.666156e-01 -6.810105e-02  7.378425e-02 |  27 1 3.137000e+00 
2018-12-19 17:11:14 | DEBUG | 
2018-12-19 17:11:14 | DEBUG | execution Stats :
2018-12-19 17:11:14 | DEBUG | 
2018-12-19 17:11:14 | DEBUG | number of iterations                     = 42
2018-12-19 17:11:14 | DEBUG | number of Residual evaluations           = 60
2018-12-19 17:11:14 | DEBUG | number of Jacobian evaluations           = 31
2018-12-19 17:11:14 | DEBUG | number of Nonlinear iterations           = 58
2018-12-19 17:11:14 | DEBUG | number of error test failures            = 0
2018-12-19 17:11:14 | DEBUG | number of Nonlinear convergence failures = 0
2018-12-19 17:11:14 | DEBUG | number of root functions evaluations     = 99
2018-12-19 17:11:14 | DEBUG | end of job IEEE14 - Disconnect Group
