2023-04-21 10:26:40 | INFO |  ============================================================ 
2023-04-21 10:26:40 | INFO | DYNAWO VERSION  :     1.6.0
2023-04-21 10:26:40 | INFO | DYNAWO REVISION :    master-2048e72859
2023-04-21 10:26:40 | INFO |  ============================================================ 
2023-04-21 10:26:40 | INFO | 
2023-04-21 10:26:40 | INFO | -----------------------------------------------------------------------
2023-04-21 10:26:40 | INFO | building model from input files
2023-04-21 10:26:40 | INFO | -----------------------------------------------------------------------
2023-04-21 10:26:40 | INFO | model was built successfully
2023-04-21 10:26:40 | INFO | -----------------------------------------------------------------------
2023-04-21 10:26:40 | INFO | 
2023-04-21 10:26:40 | INFO | -----------------------------------------------------------------------
2023-04-21 10:26:40 | INFO | starting local initialization
2023-04-21 10:26:40 | INFO | -----------------------------------------------------------------------
2023-04-21 10:26:40 | INFO | end of local initialization
2023-04-21 10:26:40 | INFO | -----------------------------------------------------------------------
2023-04-21 10:26:40 | INFO | 
2023-04-21 10:26:40 | INFO | -----------------------------------------------------------------------
2023-04-21 10:26:40 | INFO | starting global initialization
2023-04-21 10:26:40 | INFO | -----------------------------------------------------------------------
2023-04-21 10:26:40 | INFO | Algebraic mode change at t = 0
2023-04-21 10:26:40 | INFO | end of global initialization
2023-04-21 10:26:40 | INFO | -----------------------------------------------------------------------
2023-04-21 10:26:40 | INFO | 
2023-04-21 10:26:40 | INFO | -----------------------------------------------------------------------
2023-04-21 10:26:40 | INFO | starting curve initialization
2023-04-21 10:26:40 | INFO | -----------------------------------------------------------------------
2023-04-21 10:26:40 | INFO | end of curve initialization, added 74 curves
2023-04-21 10:26:40 | INFO | -----------------------------------------------------------------------
2023-04-21 10:26:40 | INFO | 
2023-04-21 10:26:40 | INFO | -----------------------------------------------------------------------
2023-04-21 10:26:40 | INFO | starting simulation with solver SimplifiedSolver
2023-04-21 10:26:40 | INFO | -----------------------------------------------------------------------
2023-04-21 10:26:40 | INFO | -----------------------------------------------------------------------
2023-04-21 10:26:40 | INFO | number of continuous variables : 1742
2023-04-21 10:26:40 | INFO | number of discrete variables : 938
2023-04-21 10:26:40 | INFO | number of root functions : 619
2023-04-21 10:26:40 | INFO | -----------------------------------------------------------------------
2023-04-21 10:26:40 | INFO |         time | iter num   Nonlinear iter   jac eval      time step (h)
2023-04-21 10:26:40 | INFO | -----------------------------------------------------------------------
2023-04-21 10:26:40 | INFO |        0.000 |        0                0          0              2.000 
2023-04-21 10:26:40 | INFO | state of Line L4032-4044 change from 2 to 1
2023-04-21 10:26:40 | INFO | Algebraic mode (with J recalculation) change at t = 2
2023-04-21 10:26:40 | INFO |        2.000 |        1                1          1              2.000 
2023-04-21 10:26:40 | INFO | calculation of the new starting point of the simulation.
2023-04-21 10:26:40 | INFO |        2.000 |        1                3          3              2.000 
2023-04-21 10:26:40 | INFO | Algebraic mode change at t = 4
2023-04-21 10:26:40 | INFO |        4.000 |        2                7          4              2.000 
2023-04-21 10:26:40 | INFO | calculation of the new starting point of the simulation.
2023-04-21 10:26:40 | INFO |        4.000 |        2                7          4              2.000 
2023-04-21 10:26:40 | INFO | Differential mode change at t = 6
2023-04-21 10:26:40 | INFO |        6.000 |        3               10          4              2.000 
2023-04-21 10:26:40 | INFO | calculation of the new starting point of the simulation.
2023-04-21 10:26:40 | INFO |        6.000 |        3               10          4              2.000 
2023-04-21 10:26:40 | INFO |        8.000 |        4               14          4              2.000 
2023-04-21 10:26:40 | INFO | Algebraic mode change at t = 10
2023-04-21 10:26:40 | INFO |       10.000 |        5               18          5              2.000 
2023-04-21 10:26:40 | INFO | calculation of the new starting point of the simulation.
2023-04-21 10:26:40 | INFO |       10.000 |        5               18          5              2.000 
2023-04-21 10:26:40 | INFO |       12.000 |        6               19          5              2.000 
2023-04-21 10:26:40 | INFO |       14.000 |        7               20          5              2.000 
2023-04-21 10:26:40 | INFO |       16.000 |        8               21          5              2.000 
2023-04-21 10:26:40 | INFO | Algebraic mode change at t = 18
2023-04-21 10:26:40 | INFO |       18.000 |        9               22          5              2.000 
2023-04-21 10:26:40 | INFO | calculation of the new starting point of the simulation.
2023-04-21 10:26:40 | INFO |       18.000 |        9               22          5              2.000 
2023-04-21 10:26:40 | INFO | Differential mode change at t = 20
2023-04-21 10:26:40 | INFO |       20.000 |       10               23          5              2.000 
2023-04-21 10:26:40 | INFO | calculation of the new starting point of the simulation.
2023-04-21 10:26:40 | INFO |       20.000 |       10               23          5              2.000 
2023-04-21 10:26:40 | INFO |       22.000 |       11               24          5              2.000 
2023-04-21 10:26:40 | INFO |       24.000 |       12               25          5              2.000 
2023-04-21 10:26:40 | INFO |       26.000 |       13               26          5              2.000 
2023-04-21 10:26:40 | INFO |       28.000 |       14               27          5              2.000 
2023-04-21 10:26:40 | INFO |       30.000 |       15               28          5              2.000 
2023-04-21 10:26:40 | INFO | Algebraic mode change at t = 32
2023-04-21 10:26:40 | INFO |       32.000 |       16               29          5              2.000 
2023-04-21 10:26:40 | INFO | calculation of the new starting point of the simulation.
2023-04-21 10:26:40 | INFO |       32.000 |       16               29          5              2.000 
2023-04-21 10:26:40 | INFO | Algebraic mode change at t = 34
2023-04-21 10:26:40 | INFO |       34.000 |       17               32          5              2.000 
2023-04-21 10:26:40 | INFO | calculation of the new starting point of the simulation.
2023-04-21 10:26:40 | INFO |       34.000 |       17               32          5              2.000 
2023-04-21 10:26:40 | INFO | Differential mode change at t = 36
2023-04-21 10:26:40 | INFO |       36.000 |       18               34          5              2.000 
2023-04-21 10:26:40 | INFO | calculation of the new starting point of the simulation.
2023-04-21 10:26:40 | INFO |       36.000 |       18               34          5              2.000 
2023-04-21 10:26:40 | INFO | Algebraic mode change at t = 38
2023-04-21 10:26:40 | INFO |       38.000 |       19               35          5              2.000 
2023-04-21 10:26:40 | INFO | calculation of the new starting point of the simulation.
2023-04-21 10:26:40 | INFO |       38.000 |       19               35          5              2.000 
2023-04-21 10:26:40 | INFO |       40.000 |       20               36          5              2.000 
2023-04-21 10:26:40 | INFO | Algebraic mode change at t = 42
2023-04-21 10:26:40 | INFO |       42.000 |       21               37          5              2.000 
2023-04-21 10:26:40 | INFO | calculation of the new starting point of the simulation.
2023-04-21 10:26:40 | INFO |       42.000 |       21               37          5              2.000 
2023-04-21 10:26:40 | INFO | Algebraic mode change at t = 44
2023-04-21 10:26:40 | INFO |       44.000 |       22               40          5              2.000 
2023-04-21 10:26:40 | INFO | calculation of the new starting point of the simulation.
2023-04-21 10:26:40 | INFO |       44.000 |       22               40          5              2.000 
2023-04-21 10:26:40 | INFO | Differential mode change at t = 46
2023-04-21 10:26:40 | INFO |       46.000 |       23               42          5              2.000 
2023-04-21 10:26:40 | INFO | calculation of the new starting point of the simulation.
2023-04-21 10:26:40 | INFO |       46.000 |       23               42          5              2.000 
2023-04-21 10:26:40 | INFO |       48.000 |       24               44          5              2.000 
2023-04-21 10:26:40 | INFO | Algebraic mode change at t = 50
2023-04-21 10:26:40 | INFO |       50.000 |       25               45          5              2.000 
2023-04-21 10:26:40 | INFO | calculation of the new starting point of the simulation.
2023-04-21 10:26:40 | INFO |       50.000 |       25               45          5              2.000 
2023-04-21 10:26:40 | INFO | Algebraic mode change at t = 52
2023-04-21 10:26:40 | INFO |       52.000 |       26               47          5              2.000 
2023-04-21 10:26:40 | INFO | calculation of the new starting point of the simulation.
2023-04-21 10:26:40 | INFO |       52.000 |       26               47          5              2.000 
2023-04-21 10:26:40 | INFO | Algebraic mode change at t = 54
2023-04-21 10:26:40 | INFO |       54.000 |       27               51          5              2.000 
2023-04-21 10:26:40 | INFO | calculation of the new starting point of the simulation.
2023-04-21 10:26:40 | INFO |       54.000 |       27               51          5              2.000 
2023-04-21 10:26:40 | INFO | Algebraic mode (with J recalculation) change at t = 56
2023-04-21 10:26:40 | INFO |       56.000 |       28               53          5              2.000 
2023-04-21 10:26:40 | INFO | calculation of the new starting point of the simulation.
2023-04-21 10:26:40 | INFO |       56.000 |       28               54          6              2.000 
2023-04-21 10:26:40 | INFO | Algebraic mode change at t = 58
2023-04-21 10:26:40 | INFO |       58.000 |       29               56          7              2.000 
2023-04-21 10:26:40 | INFO | calculation of the new starting point of the simulation.
2023-04-21 10:26:40 | INFO |       58.000 |       29               56          7              2.000 
2023-04-21 10:26:40 | INFO | Algebraic mode change at t = 60
2023-04-21 10:26:40 | INFO |       60.000 |       30               58          7              2.000 
2023-04-21 10:26:40 | INFO | calculation of the new starting point of the simulation.
2023-04-21 10:26:40 | INFO |       60.000 |       30               58          7              2.000 
2023-04-21 10:26:40 | INFO | Algebraic mode change at t = 62
2023-04-21 10:26:40 | INFO |       62.000 |       31               60          7              2.000 
2023-04-21 10:26:40 | INFO | calculation of the new starting point of the simulation.
2023-04-21 10:26:40 | INFO |       62.000 |       31               60          7              2.000 
2023-04-21 10:26:40 | INFO | Algebraic mode change at t = 64
2023-04-21 10:26:40 | INFO |       64.000 |       32               63          7              2.000 
2023-04-21 10:26:40 | INFO | calculation of the new starting point of the simulation.
2023-04-21 10:26:40 | INFO |       64.000 |       32               63          7              2.000 
2023-04-21 10:26:40 | INFO | Algebraic mode change at t = 66
2023-04-21 10:26:40 | INFO |       66.000 |       33               65          7              2.000 
2023-04-21 10:26:40 | INFO | calculation of the new starting point of the simulation.
2023-04-21 10:26:40 | INFO |       66.000 |       33               65          7              2.000 
2023-04-21 10:26:40 | INFO |       68.000 |       34               67          7              2.000 
2023-04-21 10:26:40 | INFO |       70.000 |       35               69          7              2.000 
2023-04-21 10:26:40 | INFO | Algebraic mode (with J recalculation) change at t = 72
2023-04-21 10:26:40 | INFO |       72.000 |       36               71          7              2.000 
2023-04-21 10:26:40 | INFO | calculation of the new starting point of the simulation.
2023-04-21 10:26:40 | INFO |       72.000 |       36               72          8              2.000 
2023-04-21 10:26:40 | INFO | Algebraic mode change at t = 74
2023-04-21 10:26:40 | INFO |       74.000 |       37               77          9              2.000 
2023-04-21 10:26:40 | INFO | calculation of the new starting point of the simulation.
2023-04-21 10:26:40 | INFO |       74.000 |       37               77          9              2.000 
2023-04-21 10:26:40 | INFO | Algebraic mode (with J recalculation) change at t = 76
2023-04-21 10:26:40 | INFO |       76.000 |       38               81          9              2.000 
2023-04-21 10:26:40 | INFO | calculation of the new starting point of the simulation.
2023-04-21 10:26:40 | INFO |       76.000 |       38               82         10              2.000 
2023-04-21 10:26:40 | INFO | Algebraic mode change at t = 78
2023-04-21 10:26:40 | INFO |       78.000 |       39               85         11              2.000 
2023-04-21 10:26:40 | INFO | calculation of the new starting point of the simulation.
2023-04-21 10:26:40 | INFO |       78.000 |       39               85         11              2.000 
2023-04-21 10:26:40 | INFO |       80.000 |       40               87         11              2.000 
2023-04-21 10:26:40 | INFO | Algebraic mode change at t = 82
2023-04-21 10:26:40 | INFO |       82.000 |       41               89         11              2.000 
2023-04-21 10:26:40 | INFO | calculation of the new starting point of the simulation.
2023-04-21 10:26:40 | INFO |       82.000 |       41               89         11              2.000 
2023-04-21 10:26:40 | INFO | Algebraic mode change at t = 84
2023-04-21 10:26:40 | INFO |       84.000 |       42               91         11              2.000 
2023-04-21 10:26:40 | INFO | calculation of the new starting point of the simulation.
2023-04-21 10:26:40 | INFO |       84.000 |       42               91         11              2.000 
2023-04-21 10:26:40 | INFO | Algebraic mode (with J recalculation) change at t = 86
2023-04-21 10:26:40 | INFO |       86.000 |       43               93         11              2.000 
2023-04-21 10:26:40 | INFO | calculation of the new starting point of the simulation.
2023-04-21 10:26:40 | INFO |       86.000 |       43               94         12              2.000 
2023-04-21 10:26:40 | INFO | Algebraic mode change at t = 88
2023-04-21 10:26:40 | INFO |       88.000 |       44               96         13              2.000 
2023-04-21 10:26:40 | INFO | calculation of the new starting point of the simulation.
2023-04-21 10:26:40 | INFO |       88.000 |       44               96         13              2.000 
2023-04-21 10:26:40 | INFO |       90.000 |       45               97         13              2.000 
2023-04-21 10:26:40 | INFO | Algebraic mode change at t = 92
2023-04-21 10:26:40 | INFO |       92.000 |       46               98         13              2.000 
2023-04-21 10:26:40 | INFO | calculation of the new starting point of the simulation.
2023-04-21 10:26:40 | INFO |       92.000 |       46               98         13              2.000 
2023-04-21 10:26:40 | INFO | Algebraic mode change at t = 94
2023-04-21 10:26:40 | INFO |       94.000 |       47              101         13              2.000 
2023-04-21 10:26:40 | INFO | calculation of the new starting point of the simulation.
2023-04-21 10:26:40 | INFO |       94.000 |       47              101         13              2.000 
2023-04-21 10:26:40 | INFO |       96.000 |       48              103         13              2.000 
2023-04-21 10:26:40 | INFO |       98.000 |       49              104         13              2.000 
2023-04-21 10:26:40 | INFO |      100.000 |       50              105         13              2.000 
2023-04-21 10:26:40 | INFO | Algebraic mode change at t = 102
2023-04-21 10:26:40 | INFO |      102.000 |       51              106         13              2.000 
2023-04-21 10:26:40 | INFO | calculation of the new starting point of the simulation.
2023-04-21 10:26:40 | INFO |      102.000 |       51              106         13              2.000 
2023-04-21 10:26:40 | INFO | Algebraic mode change at t = 104
2023-04-21 10:26:40 | INFO |      104.000 |       52              109         13              2.000 
2023-04-21 10:26:40 | INFO | calculation of the new starting point of the simulation.
2023-04-21 10:26:40 | INFO |      104.000 |       52              109         13              2.000 
2023-04-21 10:26:40 | INFO | Algebraic mode change at t = 106
2023-04-21 10:26:40 | INFO |      106.000 |       53              112         13              2.000 
2023-04-21 10:26:40 | INFO | calculation of the new starting point of the simulation.
2023-04-21 10:26:40 | INFO |      106.000 |       53              112         13              2.000 
2023-04-21 10:26:40 | INFO |      108.000 |       54              114         13              2.000 
2023-04-21 10:26:40 | INFO |      110.000 |       55              115         13              2.000 
2023-04-21 10:26:40 | INFO | Algebraic mode change at t = 112
2023-04-21 10:26:40 | INFO |      112.000 |       56              116         13              2.000 
2023-04-21 10:26:40 | INFO | calculation of the new starting point of the simulation.
2023-04-21 10:26:40 | INFO |      112.000 |       56              116         13              2.000 
2023-04-21 10:26:40 | INFO | Algebraic mode change at t = 114
2023-04-21 10:26:40 | INFO |      114.000 |       57              120         14              2.000 
2023-04-21 10:26:40 | INFO | calculation of the new starting point of the simulation.
2023-04-21 10:26:40 | INFO |      114.000 |       57              120         14              2.000 
2023-04-21 10:26:40 | INFO | Algebraic mode change at t = 116
2023-04-21 10:26:40 | INFO |      116.000 |       58              122         14              2.000 
2023-04-21 10:26:40 | INFO | calculation of the new starting point of the simulation.
2023-04-21 10:26:40 | INFO |      116.000 |       58              122         14              2.000 
2023-04-21 10:26:40 | INFO |      118.000 |       59              124         14              2.000 
2023-04-21 10:26:40 | INFO |      120.000 |       60              125         14              2.000 
2023-04-21 10:26:40 | INFO | Algebraic mode change at t = 122
2023-04-21 10:26:40 | INFO |      122.000 |       61              126         14              2.000 
2023-04-21 10:26:40 | INFO | calculation of the new starting point of the simulation.
2023-04-21 10:26:40 | INFO |      122.000 |       61              126         14              2.000 
2023-04-21 10:26:40 | INFO | Algebraic mode change at t = 124
2023-04-21 10:26:40 | INFO |      124.000 |       62              129         14              2.000 
2023-04-21 10:26:40 | INFO | calculation of the new starting point of the simulation.
2023-04-21 10:26:40 | INFO |      124.000 |       62              129         14              2.000 
2023-04-21 10:26:40 | INFO | Algebraic mode (with J recalculation) change at t = 126
2023-04-21 10:26:40 | INFO |      126.000 |       63              132         14              2.000 
2023-04-21 10:26:40 | INFO | calculation of the new starting point of the simulation.
2023-04-21 10:26:40 | INFO | Differential mode change at t = 126
2023-04-21 10:26:40 | INFO |      126.000 |       63              133         15              2.000 
2023-04-21 10:26:40 | INFO | Algebraic mode change at t = 128
2023-04-21 10:26:40 | INFO |      128.000 |       64              136         16              2.000 
2023-04-21 10:26:40 | INFO | calculation of the new starting point of the simulation.
2023-04-21 10:26:40 | INFO |      128.000 |       64              136         16              2.000 
2023-04-21 10:26:40 | INFO | Differential mode change at t = 130
2023-04-21 10:26:40 | INFO |      130.000 |       65              138         16              2.000 
2023-04-21 10:26:40 | INFO | calculation of the new starting point of the simulation.
2023-04-21 10:26:40 | INFO |      130.000 |       65              138         16              2.000 
2023-04-21 10:26:40 | INFO | Algebraic mode change at t = 132
2023-04-21 10:26:40 | INFO |      132.000 |       66              139         16              2.000 
2023-04-21 10:26:40 | INFO | calculation of the new starting point of the simulation.
2023-04-21 10:26:40 | INFO |      132.000 |       66              139         16              2.000 
2023-04-21 10:26:40 | INFO | Algebraic mode change at t = 134
2023-04-21 10:26:40 | INFO |      134.000 |       67              142         16              2.000 
2023-04-21 10:26:40 | INFO | calculation of the new starting point of the simulation.
2023-04-21 10:26:40 | INFO |      134.000 |       67              142         16              2.000 
2023-04-21 10:26:40 | INFO | Algebraic mode change at t = 136
2023-04-21 10:26:40 | INFO |      136.000 |       68              144         16              2.000 
2023-04-21 10:26:40 | INFO | calculation of the new starting point of the simulation.
2023-04-21 10:26:40 | INFO |      136.000 |       68              144         16              2.000 
2023-04-21 10:26:40 | INFO | Algebraic mode change at t = 138
2023-04-21 10:26:40 | INFO |      138.000 |       69              146         16              2.000 
2023-04-21 10:26:40 | INFO | calculation of the new starting point of the simulation.
2023-04-21 10:26:40 | INFO |      138.000 |       69              146         16              2.000 
2023-04-21 10:26:40 | INFO |      140.000 |       70              148         16              2.000 
2023-04-21 10:26:40 | INFO | Algebraic mode change at t = 142
2023-04-21 10:26:40 | INFO |      142.000 |       71              149         16              2.000 
2023-04-21 10:26:40 | INFO | calculation of the new starting point of the simulation.
2023-04-21 10:26:40 | INFO |      142.000 |       71              149         16              2.000 
2023-04-21 10:26:40 | INFO | Algebraic mode change at t = 144
2023-04-21 10:26:40 | INFO |      144.000 |       72              152         16              2.000 
2023-04-21 10:26:40 | INFO | calculation of the new starting point of the simulation.
2023-04-21 10:26:40 | INFO |      144.000 |       72              152         16              2.000 
2023-04-21 10:26:40 | INFO | Algebraic mode change at t = 146
2023-04-21 10:26:40 | INFO |      146.000 |       73              155         16              2.000 
2023-04-21 10:26:40 | INFO | calculation of the new starting point of the simulation.
2023-04-21 10:26:40 | INFO |      146.000 |       73              155         16              2.000 
2023-04-21 10:26:40 | INFO | Algebraic mode (with J recalculation) change at t = 148
2023-04-21 10:26:40 | INFO |      148.000 |       74              158         16              2.000 
2023-04-21 10:26:40 | INFO | calculation of the new starting point of the simulation.
2023-04-21 10:26:40 | INFO |      148.000 |       74              159         17              2.000 
2023-04-21 10:26:40 | INFO | Algebraic mode change at t = 150
2023-04-21 10:26:40 | INFO |      150.000 |       75              166         19              2.000 
2023-04-21 10:26:40 | INFO | calculation of the new starting point of the simulation.
2023-04-21 10:26:40 | INFO |      150.000 |       75              166         19              2.000 
2023-04-21 10:26:40 | INFO | Algebraic mode change at t = 152
2023-04-21 10:26:40 | INFO |      152.000 |       76              169         19              2.000 
2023-04-21 10:26:40 | INFO | calculation of the new starting point of the simulation.
2023-04-21 10:26:40 | INFO |      152.000 |       76              169         19              2.000 
2023-04-21 10:26:40 | INFO | Algebraic mode change at t = 154
2023-04-21 10:26:40 | INFO |      154.000 |       77              171         19              2.000 
2023-04-21 10:26:40 | INFO | calculation of the new starting point of the simulation.
2023-04-21 10:26:40 | INFO |      154.000 |       77              171         19              2.000 
2023-04-21 10:26:40 | INFO | Algebraic mode (with J recalculation) change at t = 156
2023-04-21 10:26:40 | INFO |      156.000 |       78              174         19              2.000 
2023-04-21 10:26:40 | INFO | calculation of the new starting point of the simulation.
2023-04-21 10:26:40 | INFO | Differential mode change at t = 156
2023-04-21 10:26:40 | INFO |      156.000 |       78              175         20              2.000 
2023-04-21 10:26:40 | INFO | Algebraic mode change at t = 158
2023-04-21 10:26:40 | INFO |      158.000 |       79              181         22              2.000 
2023-04-21 10:26:40 | INFO | calculation of the new starting point of the simulation.
2023-04-21 10:26:40 | INFO |      158.000 |       79              181         22              2.000 
2023-04-21 10:26:40 | INFO | Algebraic mode change at t = 160
2023-04-21 10:26:40 | INFO |      160.000 |       80              183         22              2.000 
2023-04-21 10:26:40 | INFO | calculation of the new starting point of the simulation.
2023-04-21 10:26:40 | INFO |      160.000 |       80              183         22              2.000 
2023-04-21 10:26:40 | INFO | Algebraic mode change at t = 162
2023-04-21 10:26:40 | INFO |      162.000 |       81              186         22              2.000 
2023-04-21 10:26:40 | INFO | calculation of the new starting point of the simulation.
2023-04-21 10:26:40 | INFO |      162.000 |       81              186         22              2.000 
2023-04-21 10:26:40 | INFO | Differential mode change at t = 164
2023-04-21 10:26:40 | INFO |      164.000 |       82              189         22              2.000 
2023-04-21 10:26:40 | INFO | calculation of the new starting point of the simulation.
2023-04-21 10:26:40 | INFO |      164.000 |       82              189         22              2.000 
2023-04-21 10:26:40 | INFO |      166.000 |       83              192         22              2.000 
2023-04-21 10:26:40 | INFO |      168.000 |       84              195         22              2.000 
2023-04-21 10:26:40 | INFO |      170.000 |       85              198         22              2.000 
2023-04-21 10:26:40 | INFO |      172.000 |       86              201         22              2.000 
2023-04-21 10:26:40 | INFO |      174.000 |       87              204         22              2.000 
2023-04-21 10:26:40 | INFO |      176.000 |       88              207         22              2.000 
2023-04-21 10:26:40 | INFO |      178.000 |       89              210         22              2.000 
2023-04-21 10:26:40 | INFO |      180.000 |       90              213         22              2.000 
2023-04-21 10:26:40 | INFO |      182.000 |       91              216         22              2.000 
2023-04-21 10:26:40 | INFO |      184.000 |       92              219         22              2.000 
2023-04-21 10:26:40 | INFO | Differential mode change at t = 186
2023-04-21 10:26:40 | INFO |      186.000 |       93              221         22              2.000 
2023-04-21 10:26:40 | INFO | calculation of the new starting point of the simulation.
2023-04-21 10:26:40 | INFO |      186.000 |       93              221         22              2.000 
2023-04-21 10:26:40 | INFO | Differential mode change at t = 188
2023-04-21 10:26:40 | INFO |      188.000 |       94              222         22              2.000 
2023-04-21 10:26:40 | INFO | calculation of the new starting point of the simulation.
2023-04-21 10:26:40 | INFO |      188.000 |       94              222         22              2.000 
2023-04-21 10:26:40 | INFO |      190.000 |       95              223         22              2.000 
2023-04-21 10:26:40 | INFO |      192.000 |       96              224         22              2.000 
2023-04-21 10:26:40 | INFO |      194.000 |       97              225         22              2.000 
2023-04-21 10:26:40 | INFO |      196.000 |       98              227         22              2.000 
2023-04-21 10:26:40 | INFO |      198.000 |       99              229         22              2.000 
2023-04-21 10:26:40 | INFO |      200.000 |      100              231         22              2.000 
2023-04-21 10:26:40 | INFO |      202.000 |      101              233         22              2.000 
2023-04-21 10:26:40 | INFO |      204.000 |      102              235         22              2.000 
2023-04-21 10:26:40 | INFO |      206.000 |      103              237         22              2.000 
2023-04-21 10:26:40 | INFO |      208.000 |      104              239         22              2.000 
2023-04-21 10:26:40 | INFO |      210.000 |      105              241         22              2.000 
2023-04-21 10:26:40 | INFO |      212.000 |      106              243         22              2.000 
2023-04-21 10:26:40 | INFO |      214.000 |      107              245         22              2.000 
2023-04-21 10:26:40 | INFO |      216.000 |      108              247         22              2.000 
2023-04-21 10:26:40 | INFO |      218.000 |      109              249         22              2.000 
2023-04-21 10:26:40 | INFO |      220.000 |      110              251         22              2.000 
2023-04-21 10:26:40 | INFO |      222.000 |      111              253         22              2.000 
2023-04-21 10:26:40 | INFO |      224.000 |      112              255         22              2.000 
2023-04-21 10:26:40 | INFO |      226.000 |      113              257         22              2.000 
2023-04-21 10:26:40 | INFO |      228.000 |      114              259         22              2.000 
2023-04-21 10:26:40 | INFO | Differential mode change at t = 230
2023-04-21 10:26:40 | INFO |      230.000 |      115              260         22              2.000 
2023-04-21 10:26:40 | INFO | calculation of the new starting point of the simulation.
2023-04-21 10:26:40 | INFO |      230.000 |      115              260         22              2.000 
2023-04-21 10:26:40 | INFO |      232.000 |      116              261         22              2.000 
2023-04-21 10:26:40 | INFO |      234.000 |      117              262         22              2.000 
2023-04-21 10:26:40 | INFO |      236.000 |      118              263         22              2.000 
2023-04-21 10:26:40 | INFO |      238.000 |      119              264         22              2.000 
2023-04-21 10:26:40 | INFO |      240.000 |      120              265         22              2.000 
2023-04-21 10:26:40 | INFO |      242.000 |      121              266         22              2.000 
2023-04-21 10:26:40 | INFO |      244.000 |      122              267         22              2.000 
2023-04-21 10:26:40 | INFO |      246.000 |      123              268         22              2.000 
2023-04-21 10:26:40 | INFO |      248.000 |      124              269         22              2.000 
2023-04-21 10:26:40 | INFO |      250.000 |      125              270         22              2.000 
2023-04-21 10:26:40 | INFO |      252.000 |      126              271         22              2.000 
2023-04-21 10:26:40 | INFO |      254.000 |      127              272         22              2.000 
2023-04-21 10:26:40 | INFO |      256.000 |      128              273         22              2.000 
2023-04-21 10:26:40 | INFO |      258.000 |      129              274         22              2.000 
2023-04-21 10:26:40 | INFO |      260.000 |      130              275         22              2.000 
2023-04-21 10:26:40 | INFO |      262.000 |      131              276         22              2.000 
2023-04-21 10:26:40 | INFO | initial guess of the algebraic solver is accurate, following SimplifiedSolver iterations will be skipped until the next mode change
2023-04-21 10:26:40 | INFO |      264.000 |      132              276         22              2.000 
2023-04-21 10:26:40 | INFO |      266.000 |      133              276         22              2.000 
2023-04-21 10:26:40 | INFO |      268.000 |      134              276         22              2.000 
2023-04-21 10:26:40 | INFO |      270.000 |      135              276         22              2.000 
2023-04-21 10:26:40 | INFO |      272.000 |      136              276         22              2.000 
2023-04-21 10:26:40 | INFO |      274.000 |      137              276         22              2.000 
2023-04-21 10:26:40 | INFO |      276.000 |      138              276         22              2.000 
2023-04-21 10:26:40 | INFO |      278.000 |      139              276         22              2.000 
2023-04-21 10:26:40 | INFO |      280.000 |      140              276         22              2.000 
2023-04-21 10:26:40 | INFO |      282.000 |      141              276         22              2.000 
2023-04-21 10:26:40 | INFO |      284.000 |      142              276         22              2.000 
2023-04-21 10:26:40 | INFO |      286.000 |      143              276         22              2.000 
2023-04-21 10:26:40 | INFO |      288.000 |      144              276         22              2.000 
2023-04-21 10:26:40 | INFO |      290.000 |      145              276         22              2.000 
2023-04-21 10:26:40 | INFO |      292.000 |      146              276         22              2.000 
2023-04-21 10:26:40 | INFO |      294.000 |      147              276         22              2.000 
2023-04-21 10:26:40 | INFO |      296.000 |      148              276         22              2.000 
2023-04-21 10:26:40 | INFO |      298.000 |      149              276         22              2.000 
2023-04-21 10:26:40 | INFO |      300.000 |      150              276         22              2.000 
2023-04-21 10:26:40 | INFO | 
2023-04-21 10:26:40 | INFO | execution statistics :
2023-04-21 10:26:40 | INFO | 
2023-04-21 10:26:40 | INFO | number of time iterations                  = 150
2023-04-21 10:26:40 | INFO | number of residual evaluations             = 416
2023-04-21 10:26:40 | INFO | number of Jacobian evaluations             = 22
2023-04-21 10:26:40 | INFO | number of nonlinear iterations             = 276
2023-04-21 10:26:40 | INFO | number of error test failures              = 0
2023-04-21 10:26:40 | INFO | number of nonlinear convergence failures   = 0
2023-04-21 10:26:40 | INFO | number of root functions evaluations       = 163
2023-04-21 10:26:40 | INFO | number of discrete variables evaluations   = 88
2023-04-21 10:26:40 | INFO | number of mode evaluations                 = 83
2023-04-21 10:26:40 | INFO | end of job 'Nordic Test System with a fault, the tripping of a line and a voltage collapse'
