2024-04-25 17:38:37 | INFO |  ============================================================ 
2024-04-25 17:38:37 | INFO | DYNAWO VERSION  :     1.7.0
2024-04-25 17:38:37 | INFO | DYNAWO REVISION :  master-18-cf2130ea6f
2024-04-25 17:38:37 | INFO |  ============================================================ 
2024-04-25 17:38:37 | INFO | 
2024-04-25 17:38:37 | INFO | -----------------------------------------------------------------------
2024-04-25 17:38:37 | INFO | building model from input files
2024-04-25 17:38:37 | INFO | -----------------------------------------------------------------------
2024-04-25 17:38:37 | INFO | model was built successfully
2024-04-25 17:38:37 | INFO | -----------------------------------------------------------------------
2024-04-25 17:38:37 | INFO | 
2024-04-25 17:38:37 | INFO | -----------------------------------------------------------------------
2024-04-25 17:38:37 | INFO | starting local initialization
2024-04-25 17:38:37 | INFO | -----------------------------------------------------------------------
2024-04-25 17:38:37 | INFO | end of local initialization
2024-04-25 17:38:37 | INFO | -----------------------------------------------------------------------
2024-04-25 17:38:37 | INFO | 
2024-04-25 17:38:37 | INFO | -----------------------------------------------------------------------
2024-04-25 17:38:37 | INFO | starting global initialization
2024-04-25 17:38:37 | INFO | -----------------------------------------------------------------------
2024-04-25 17:38:37 | INFO | end of global initialization
2024-04-25 17:38:37 | INFO | -----------------------------------------------------------------------
2024-04-25 17:38:37 | INFO | 
2024-04-25 17:38:37 | INFO | -----------------------------------------------------------------------
2024-04-25 17:38:37 | INFO | starting curve initialization
2024-04-25 17:38:37 | INFO | -----------------------------------------------------------------------
2024-04-25 17:38:37 | WARN | curve not added: Id: Generator , name: generator_QGen
2024-04-25 17:38:37 | WARN | curve not added: Id: Load , name: load_PPu
2024-04-25 17:38:37 | WARN | curve not added: Id: Load , name: load_QPu
2024-04-25 17:38:37 | WARN | curve not added: Id: Load , name: load_UPu
2024-04-25 17:38:37 | INFO | end of curve initialization, added 9 curves
2024-04-25 17:38:37 | INFO | -----------------------------------------------------------------------
2024-04-25 17:38:37 | INFO | 
2024-04-25 17:38:37 | INFO | -----------------------------------------------------------------------
2024-04-25 17:38:37 | INFO | starting simulation with solver SimplifiedSolver
2024-04-25 17:38:37 | INFO | -----------------------------------------------------------------------
2024-04-25 17:38:37 | INFO | -----------------------------------------------------------------------
2024-04-25 17:38:37 | INFO | number of continuous variables : 36
2024-04-25 17:38:37 | INFO | number of discrete variables : 21
2024-04-25 17:38:37 | INFO | number of root functions : 17
2024-04-25 17:38:37 | INFO | -----------------------------------------------------------------------
2024-04-25 17:38:37 | INFO |         time | iter num   Nonlinear iter   jac eval      time step (h)
2024-04-25 17:38:37 | INFO | -----------------------------------------------------------------------
2024-04-25 17:38:37 | INFO |        0.000 |        0                0          0              1.000 
2024-04-25 17:38:37 | INFO |        1.000 |        1                1          1              1.000 
2024-04-25 17:38:37 | INFO |        2.000 |        2                2          1              1.000 
2024-04-25 17:38:37 | INFO |        3.000 |        3                3          1              1.000 
2024-04-25 17:38:37 | INFO |        4.000 |        4                4          1              1.000 
2024-04-25 17:38:37 | INFO |        5.000 |        5                5          1              1.000 
2024-04-25 17:38:37 | INFO |        6.000 |        6                6          1              1.000 
2024-04-25 17:38:37 | INFO |        7.000 |        7                7          1              1.000 
2024-04-25 17:38:37 | INFO |        8.000 |        8                8          1              1.000 
2024-04-25 17:38:37 | INFO |        9.000 |        9                9          1              1.000 
2024-04-25 17:38:37 | INFO | state of Load Load change from 2 to 1
2024-04-25 17:38:37 | INFO | Algebraic mode change at t = 10
2024-04-25 17:38:37 | INFO |       10.000 |       10               10          1              1.000 
2024-04-25 17:38:37 | INFO | calculation of the new starting point of the simulation.
2024-04-25 17:38:37 | INFO |       10.000 |       10               11          1              1.000 
2024-04-25 17:38:37 | INFO |       11.000 |       11               13          2              1.000 
2024-04-25 17:38:37 | INFO |       12.000 |       12               14          2              1.000 
2024-04-25 17:38:37 | INFO |       13.000 |       13               15          2              1.000 
2024-04-25 17:38:37 | INFO |       14.000 |       14               16          2              1.000 
2024-04-25 17:38:37 | INFO |       15.000 |       15               17          2              1.000 
2024-04-25 17:38:37 | INFO |       16.000 |       16               18          2              1.000 
2024-04-25 17:38:37 | INFO |       17.000 |       17               19          2              1.000 
2024-04-25 17:38:37 | INFO |       18.000 |       18               20          2              1.000 
2024-04-25 17:38:37 | INFO |       19.000 |       19               21          2              1.000 
2024-04-25 17:38:37 | INFO |       20.000 |       20               22          2              1.000 
2024-04-25 17:38:37 | INFO |       21.000 |       21               23          2              1.000 
2024-04-25 17:38:37 | INFO |       22.000 |       22               24          2              1.000 
2024-04-25 17:38:37 | INFO |       23.000 |       23               25          2              1.000 
2024-04-25 17:38:37 | INFO |       24.000 |       24               26          2              1.000 
2024-04-25 17:38:37 | INFO |       25.000 |       25               27          2              1.000 
2024-04-25 17:38:37 | INFO |       26.000 |       26               28          2              1.000 
2024-04-25 17:38:37 | INFO |       27.000 |       27               29          2              1.000 
2024-04-25 17:38:37 | INFO |       28.000 |       28               30          2              1.000 
2024-04-25 17:38:37 | INFO |       29.000 |       29               31          2              1.000 
2024-04-25 17:38:37 | INFO |       30.000 |       30               32          2              1.000 
2024-04-25 17:38:37 | INFO |       31.000 |       31               33          2              1.000 
2024-04-25 17:38:37 | INFO |       32.000 |       32               34          2              1.000 
2024-04-25 17:38:37 | INFO |       33.000 |       33               35          2              1.000 
2024-04-25 17:38:37 | INFO |       34.000 |       34               36          2              1.000 
2024-04-25 17:38:37 | INFO |       35.000 |       35               37          2              1.000 
2024-04-25 17:38:37 | INFO |       36.000 |       36               38          2              1.000 
2024-04-25 17:38:37 | INFO |       37.000 |       37               39          2              1.000 
2024-04-25 17:38:37 | INFO |       38.000 |       38               40          2              1.000 
2024-04-25 17:38:37 | INFO |       39.000 |       39               41          2              1.000 
2024-04-25 17:38:37 | INFO |       40.000 |       40               42          2              1.000 
2024-04-25 17:38:37 | INFO |       41.000 |       41               43          2              1.000 
2024-04-25 17:38:37 | INFO |       42.000 |       42               44          2              1.000 
2024-04-25 17:38:37 | INFO |       43.000 |       43               45          2              1.000 
2024-04-25 17:38:37 | INFO |       44.000 |       44               46          2              1.000 
2024-04-25 17:38:37 | INFO |       45.000 |       45               47          2              1.000 
2024-04-25 17:38:37 | INFO |       46.000 |       46               48          2              1.000 
2024-04-25 17:38:37 | INFO |       47.000 |       47               49          2              1.000 
2024-04-25 17:38:37 | INFO |       48.000 |       48               50          2              1.000 
2024-04-25 17:38:37 | INFO |       49.000 |       49               51          2              1.000 
2024-04-25 17:38:37 | INFO |       50.000 |       50               52          2              1.000 
2024-04-25 17:38:37 | INFO |       51.000 |       51               53          2              1.000 
2024-04-25 17:38:37 | INFO |       52.000 |       52               54          2              1.000 
2024-04-25 17:38:37 | INFO |       53.000 |       53               55          2              1.000 
2024-04-25 17:38:37 | INFO |       54.000 |       54               56          2              1.000 
2024-04-25 17:38:37 | INFO |       55.000 |       55               57          2              1.000 
2024-04-25 17:38:37 | INFO |       56.000 |       56               58          2              1.000 
2024-04-25 17:38:37 | INFO |       57.000 |       57               59          2              1.000 
2024-04-25 17:38:37 | INFO |       58.000 |       58               60          2              1.000 
2024-04-25 17:38:37 | INFO |       59.000 |       59               61          2              1.000 
2024-04-25 17:38:37 | INFO |       60.000 |       60               62          2              1.000 
2024-04-25 17:38:37 | INFO |       61.000 |       61               63          2              1.000 
2024-04-25 17:38:37 | INFO |       62.000 |       62               64          2              1.000 
2024-04-25 17:38:37 | INFO |       63.000 |       63               65          2              1.000 
2024-04-25 17:38:37 | INFO |       64.000 |       64               66          2              1.000 
2024-04-25 17:38:37 | INFO |       65.000 |       65               67          2              1.000 
2024-04-25 17:38:37 | INFO |       66.000 |       66               68          2              1.000 
2024-04-25 17:38:37 | INFO |       67.000 |       67               69          2              1.000 
2024-04-25 17:38:37 | INFO |       68.000 |       68               70          2              1.000 
2024-04-25 17:38:37 | INFO |       69.000 |       69               71          2              1.000 
2024-04-25 17:38:37 | INFO |       70.000 |       70               72          2              1.000 
2024-04-25 17:38:37 | INFO |       71.000 |       71               73          2              1.000 
2024-04-25 17:38:37 | INFO |       72.000 |       72               74          2              1.000 
2024-04-25 17:38:37 | INFO |       73.000 |       73               75          2              1.000 
2024-04-25 17:38:37 | INFO |       74.000 |       74               76          2              1.000 
2024-04-25 17:38:37 | INFO |       75.000 |       75               77          2              1.000 
2024-04-25 17:38:37 | INFO |       76.000 |       76               78          2              1.000 
2024-04-25 17:38:37 | INFO |       77.000 |       77               79          2              1.000 
2024-04-25 17:38:37 | INFO |       78.000 |       78               80          2              1.000 
2024-04-25 17:38:37 | INFO |       79.000 |       79               81          2              1.000 
2024-04-25 17:38:37 | INFO |       80.000 |       80               82          2              1.000 
2024-04-25 17:38:37 | INFO |       81.000 |       81               83          2              1.000 
2024-04-25 17:38:37 | INFO |       82.000 |       82               84          2              1.000 
2024-04-25 17:38:37 | INFO |       83.000 |       83               85          2              1.000 
2024-04-25 17:38:37 | INFO |       84.000 |       84               86          2              1.000 
2024-04-25 17:38:37 | INFO |       85.000 |       85               87          2              1.000 
2024-04-25 17:38:37 | INFO |       86.000 |       86               88          2              1.000 
2024-04-25 17:38:37 | INFO |       87.000 |       87               89          2              1.000 
2024-04-25 17:38:37 | INFO |       88.000 |       88               90          2              1.000 
2024-04-25 17:38:37 | INFO |       89.000 |       89               91          2              1.000 
2024-04-25 17:38:37 | INFO |       90.000 |       90               92          2              1.000 
2024-04-25 17:38:37 | INFO |       91.000 |       91               93          2              1.000 
2024-04-25 17:38:37 | INFO |       92.000 |       92               94          2              1.000 
2024-04-25 17:38:37 | INFO |       93.000 |       93               95          2              1.000 
2024-04-25 17:38:37 | INFO |       94.000 |       94               96          2              1.000 
2024-04-25 17:38:37 | INFO |       95.000 |       95               97          2              1.000 
2024-04-25 17:38:37 | INFO |       96.000 |       96               98          2              1.000 
2024-04-25 17:38:37 | INFO |       97.000 |       97               99          2              1.000 
2024-04-25 17:38:37 | INFO |       98.000 |       98              100          2              1.000 
2024-04-25 17:38:37 | INFO |       99.000 |       99              101          2              1.000 
2024-04-25 17:38:37 | INFO |      100.000 |      100              102          2              1.000 
2024-04-25 17:38:37 | INFO |      101.000 |      101              103          2              1.000 
2024-04-25 17:38:37 | INFO |      102.000 |      102              104          2              1.000 
2024-04-25 17:38:37 | INFO |      103.000 |      103              105          2              1.000 
2024-04-25 17:38:37 | INFO |      104.000 |      104              106          2              1.000 
2024-04-25 17:38:37 | INFO |      105.000 |      105              107          2              1.000 
2024-04-25 17:38:37 | INFO |      106.000 |      106              108          2              1.000 
2024-04-25 17:38:37 | INFO |      107.000 |      107              109          2              1.000 
2024-04-25 17:38:37 | INFO |      108.000 |      108              110          2              1.000 
2024-04-25 17:38:37 | INFO |      109.000 |      109              111          2              1.000 
2024-04-25 17:38:37 | INFO |      110.000 |      110              112          2              1.000 
2024-04-25 17:38:37 | INFO |      111.000 |      111              113          2              1.000 
2024-04-25 17:38:37 | INFO |      112.000 |      112              114          2              1.000 
2024-04-25 17:38:37 | INFO |      113.000 |      113              115          2              1.000 
2024-04-25 17:38:37 | INFO |      114.000 |      114              116          2              1.000 
2024-04-25 17:38:37 | INFO |      115.000 |      115              117          2              1.000 
2024-04-25 17:38:37 | INFO |      116.000 |      116              118          2              1.000 
2024-04-25 17:38:37 | INFO |      117.000 |      117              119          2              1.000 
2024-04-25 17:38:37 | INFO |      118.000 |      118              120          2              1.000 
2024-04-25 17:38:37 | INFO |      119.000 |      119              121          2              1.000 
2024-04-25 17:38:37 | INFO |      120.000 |      120              122          2              1.000 
2024-04-25 17:38:37 | INFO |      121.000 |      121              123          2              1.000 
2024-04-25 17:38:37 | INFO |      122.000 |      122              124          2              1.000 
2024-04-25 17:38:37 | INFO |      123.000 |      123              125          2              1.000 
2024-04-25 17:38:37 | INFO |      124.000 |      124              126          2              1.000 
2024-04-25 17:38:37 | INFO |      125.000 |      125              127          2              1.000 
2024-04-25 17:38:37 | INFO |      126.000 |      126              128          2              1.000 
2024-04-25 17:38:37 | INFO |      127.000 |      127              129          2              1.000 
2024-04-25 17:38:37 | INFO |      128.000 |      128              130          2              1.000 
2024-04-25 17:38:37 | INFO |      129.000 |      129              131          2              1.000 
2024-04-25 17:38:37 | INFO |      130.000 |      130              132          2              1.000 
2024-04-25 17:38:37 | INFO |      131.000 |      131              133          2              1.000 
2024-04-25 17:38:37 | INFO |      132.000 |      132              134          2              1.000 
2024-04-25 17:38:37 | INFO |      133.000 |      133              135          2              1.000 
2024-04-25 17:38:37 | INFO |      134.000 |      134              136          2              1.000 
2024-04-25 17:38:37 | INFO |      135.000 |      135              137          2              1.000 
2024-04-25 17:38:37 | INFO |      136.000 |      136              138          2              1.000 
2024-04-25 17:38:37 | INFO |      137.000 |      137              139          2              1.000 
2024-04-25 17:38:37 | INFO |      138.000 |      138              140          2              1.000 
2024-04-25 17:38:37 | INFO |      139.000 |      139              141          2              1.000 
2024-04-25 17:38:37 | INFO |      140.000 |      140              142          2              1.000 
2024-04-25 17:38:37 | INFO |      141.000 |      141              143          2              1.000 
2024-04-25 17:38:37 | INFO |      142.000 |      142              144          2              1.000 
2024-04-25 17:38:37 | INFO |      143.000 |      143              145          2              1.000 
2024-04-25 17:38:37 | INFO |      144.000 |      144              146          2              1.000 
2024-04-25 17:38:37 | INFO |      145.000 |      145              147          2              1.000 
2024-04-25 17:38:37 | INFO |      146.000 |      146              148          2              1.000 
2024-04-25 17:38:37 | INFO |      147.000 |      147              149          2              1.000 
2024-04-25 17:38:37 | INFO |      148.000 |      148              150          2              1.000 
2024-04-25 17:38:37 | INFO |      149.000 |      149              151          2              1.000 
2024-04-25 17:38:37 | INFO |      150.000 |      150              152          2              1.000 
2024-04-25 17:38:37 | INFO |      151.000 |      151              153          2              1.000 
2024-04-25 17:38:37 | INFO |      152.000 |      152              154          2              1.000 
2024-04-25 17:38:37 | INFO |      153.000 |      153              155          2              1.000 
2024-04-25 17:38:37 | INFO |      154.000 |      154              156          2              1.000 
2024-04-25 17:38:37 | INFO |      155.000 |      155              157          2              1.000 
2024-04-25 17:38:37 | INFO |      156.000 |      156              158          2              1.000 
2024-04-25 17:38:37 | INFO |      157.000 |      157              159          2              1.000 
2024-04-25 17:38:37 | INFO |      158.000 |      158              160          2              1.000 
2024-04-25 17:38:37 | INFO |      159.000 |      159              161          2              1.000 
2024-04-25 17:38:37 | INFO |      160.000 |      160              162          2              1.000 
2024-04-25 17:38:37 | INFO |      161.000 |      161              163          2              1.000 
2024-04-25 17:38:37 | INFO |      162.000 |      162              164          2              1.000 
2024-04-25 17:38:37 | INFO |      163.000 |      163              165          2              1.000 
2024-04-25 17:38:37 | INFO |      164.000 |      164              166          2              1.000 
2024-04-25 17:38:37 | INFO |      165.000 |      165              167          2              1.000 
2024-04-25 17:38:37 | INFO |      166.000 |      166              168          2              1.000 
2024-04-25 17:38:37 | INFO |      167.000 |      167              169          2              1.000 
2024-04-25 17:38:37 | INFO |      168.000 |      168              170          2              1.000 
2024-04-25 17:38:37 | INFO |      169.000 |      169              171          2              1.000 
2024-04-25 17:38:37 | INFO |      170.000 |      170              172          2              1.000 
2024-04-25 17:38:37 | INFO |      171.000 |      171              173          2              1.000 
2024-04-25 17:38:37 | INFO |      172.000 |      172              174          2              1.000 
2024-04-25 17:38:37 | INFO |      173.000 |      173              175          2              1.000 
2024-04-25 17:38:37 | INFO |      174.000 |      174              176          2              1.000 
2024-04-25 17:38:37 | INFO |      175.000 |      175              177          2              1.000 
2024-04-25 17:38:37 | INFO |      176.000 |      176              178          2              1.000 
2024-04-25 17:38:37 | INFO |      177.000 |      177              179          2              1.000 
2024-04-25 17:38:37 | INFO |      178.000 |      178              180          2              1.000 
2024-04-25 17:38:37 | INFO |      179.000 |      179              181          2              1.000 
2024-04-25 17:38:37 | INFO |      180.000 |      180              182          2              1.000 
2024-04-25 17:38:37 | INFO |      181.000 |      181              183          2              1.000 
2024-04-25 17:38:37 | INFO |      182.000 |      182              184          2              1.000 
2024-04-25 17:38:37 | INFO |      183.000 |      183              185          2              1.000 
2024-04-25 17:38:37 | INFO |      184.000 |      184              186          2              1.000 
2024-04-25 17:38:37 | INFO |      185.000 |      185              187          2              1.000 
2024-04-25 17:38:37 | INFO |      186.000 |      186              188          2              1.000 
2024-04-25 17:38:37 | INFO |      187.000 |      187              189          2              1.000 
2024-04-25 17:38:37 | INFO |      188.000 |      188              190          2              1.000 
2024-04-25 17:38:37 | INFO |      189.000 |      189              191          2              1.000 
2024-04-25 17:38:37 | INFO |      190.000 |      190              192          2              1.000 
2024-04-25 17:38:37 | INFO |      191.000 |      191              193          2              1.000 
2024-04-25 17:38:37 | INFO |      192.000 |      192              194          2              1.000 
2024-04-25 17:38:37 | INFO |      193.000 |      193              195          2              1.000 
2024-04-25 17:38:37 | INFO |      194.000 |      194              196          2              1.000 
2024-04-25 17:38:37 | INFO |      195.000 |      195              197          2              1.000 
2024-04-25 17:38:37 | INFO |      196.000 |      196              198          2              1.000 
2024-04-25 17:38:37 | INFO |      197.000 |      197              199          2              1.000 
2024-04-25 17:38:37 | INFO |      198.000 |      198              200          2              1.000 
2024-04-25 17:38:37 | INFO |      199.000 |      199              201          2              1.000 
2024-04-25 17:38:37 | INFO |      200.000 |      200              202          2              1.000 
2024-04-25 17:38:37 | INFO |      201.000 |      201              203          2              1.000 
2024-04-25 17:38:37 | INFO |      202.000 |      202              204          2              1.000 
2024-04-25 17:38:37 | INFO |      203.000 |      203              205          2              1.000 
2024-04-25 17:38:37 | INFO |      204.000 |      204              206          2              1.000 
2024-04-25 17:38:37 | INFO |      205.000 |      205              207          2              1.000 
2024-04-25 17:38:37 | INFO |      206.000 |      206              208          2              1.000 
2024-04-25 17:38:37 | INFO |      207.000 |      207              209          2              1.000 
2024-04-25 17:38:37 | INFO |      208.000 |      208              210          2              1.000 
2024-04-25 17:38:37 | INFO |      209.000 |      209              211          2              1.000 
2024-04-25 17:38:37 | INFO |      210.000 |      210              212          2              1.000 
2024-04-25 17:38:37 | INFO |      211.000 |      211              213          2              1.000 
2024-04-25 17:38:37 | INFO |      212.000 |      212              214          2              1.000 
2024-04-25 17:38:37 | INFO |      213.000 |      213              215          2              1.000 
2024-04-25 17:38:37 | INFO |      214.000 |      214              216          2              1.000 
2024-04-25 17:38:37 | INFO |      215.000 |      215              217          2              1.000 
2024-04-25 17:38:37 | INFO |      216.000 |      216              218          2              1.000 
2024-04-25 17:38:37 | INFO |      217.000 |      217              219          2              1.000 
2024-04-25 17:38:37 | INFO |      218.000 |      218              220          2              1.000 
2024-04-25 17:38:37 | INFO |      219.000 |      219              221          2              1.000 
2024-04-25 17:38:37 | INFO |      220.000 |      220              222          2              1.000 
2024-04-25 17:38:37 | INFO |      221.000 |      221              223          2              1.000 
2024-04-25 17:38:37 | INFO |      222.000 |      222              224          2              1.000 
2024-04-25 17:38:37 | INFO |      223.000 |      223              225          2              1.000 
2024-04-25 17:38:37 | INFO |      224.000 |      224              226          2              1.000 
2024-04-25 17:38:37 | INFO |      225.000 |      225              227          2              1.000 
2024-04-25 17:38:37 | INFO |      226.000 |      226              228          2              1.000 
2024-04-25 17:38:37 | INFO |      227.000 |      227              229          2              1.000 
2024-04-25 17:38:37 | INFO |      228.000 |      228              230          2              1.000 
2024-04-25 17:38:37 | INFO |      229.000 |      229              231          2              1.000 
2024-04-25 17:38:37 | INFO |      230.000 |      230              232          2              1.000 
2024-04-25 17:38:37 | INFO |      231.000 |      231              233          2              1.000 
2024-04-25 17:38:37 | INFO |      232.000 |      232              234          2              1.000 
2024-04-25 17:38:37 | INFO |      233.000 |      233              235          2              1.000 
2024-04-25 17:38:37 | INFO |      234.000 |      234              236          2              1.000 
2024-04-25 17:38:37 | INFO |      235.000 |      235              237          2              1.000 
2024-04-25 17:38:37 | INFO |      236.000 |      236              238          2              1.000 
2024-04-25 17:38:37 | INFO |      237.000 |      237              239          2              1.000 
2024-04-25 17:38:37 | INFO |      238.000 |      238              240          2              1.000 
2024-04-25 17:38:37 | INFO |      239.000 |      239              241          2              1.000 
2024-04-25 17:38:37 | INFO |      240.000 |      240              242          2              1.000 
2024-04-25 17:38:37 | INFO |      241.000 |      241              243          2              1.000 
2024-04-25 17:38:37 | INFO |      242.000 |      242              244          2              1.000 
2024-04-25 17:38:37 | INFO |      243.000 |      243              245          2              1.000 
2024-04-25 17:38:37 | INFO |      244.000 |      244              246          2              1.000 
2024-04-25 17:38:37 | INFO |      245.000 |      245              247          2              1.000 
2024-04-25 17:38:37 | INFO |      246.000 |      246              248          2              1.000 
2024-04-25 17:38:37 | INFO |      247.000 |      247              249          2              1.000 
2024-04-25 17:38:37 | INFO |      248.000 |      248              250          2              1.000 
2024-04-25 17:38:37 | INFO |      249.000 |      249              251          2              1.000 
2024-04-25 17:38:37 | INFO |      250.000 |      250              252          2              1.000 
2024-04-25 17:38:37 | INFO |      251.000 |      251              253          2              1.000 
2024-04-25 17:38:37 | INFO |      252.000 |      252              254          2              1.000 
2024-04-25 17:38:37 | INFO |      253.000 |      253              255          2              1.000 
2024-04-25 17:38:37 | INFO |      254.000 |      254              256          2              1.000 
2024-04-25 17:38:37 | INFO |      255.000 |      255              257          2              1.000 
2024-04-25 17:38:37 | INFO |      256.000 |      256              258          2              1.000 
2024-04-25 17:38:37 | INFO |      257.000 |      257              259          2              1.000 
2024-04-25 17:38:37 | INFO |      258.000 |      258              260          2              1.000 
2024-04-25 17:38:37 | INFO |      259.000 |      259              261          2              1.000 
2024-04-25 17:38:37 | INFO |      260.000 |      260              262          2              1.000 
2024-04-25 17:38:37 | INFO |      261.000 |      261              263          2              1.000 
2024-04-25 17:38:37 | INFO |      262.000 |      262              264          2              1.000 
2024-04-25 17:38:37 | INFO |      263.000 |      263              265          2              1.000 
2024-04-25 17:38:37 | INFO |      264.000 |      264              266          2              1.000 
2024-04-25 17:38:37 | INFO |      265.000 |      265              267          2              1.000 
2024-04-25 17:38:37 | INFO |      266.000 |      266              268          2              1.000 
2024-04-25 17:38:37 | INFO |      267.000 |      267              269          2              1.000 
2024-04-25 17:38:37 | INFO |      268.000 |      268              270          2              1.000 
2024-04-25 17:38:37 | INFO |      269.000 |      269              271          2              1.000 
2024-04-25 17:38:37 | INFO |      270.000 |      270              272          2              1.000 
2024-04-25 17:38:37 | INFO |      271.000 |      271              273          2              1.000 
2024-04-25 17:38:37 | INFO |      272.000 |      272              274          2              1.000 
2024-04-25 17:38:37 | INFO |      273.000 |      273              275          2              1.000 
2024-04-25 17:38:37 | INFO |      274.000 |      274              276          2              1.000 
2024-04-25 17:38:37 | INFO |      275.000 |      275              277          2              1.000 
2024-04-25 17:38:37 | INFO |      276.000 |      276              278          2              1.000 
2024-04-25 17:38:37 | INFO |      277.000 |      277              279          2              1.000 
2024-04-25 17:38:37 | INFO |      278.000 |      278              280          2              1.000 
2024-04-25 17:38:37 | INFO |      279.000 |      279              281          2              1.000 
2024-04-25 17:38:37 | INFO |      280.000 |      280              282          2              1.000 
2024-04-25 17:38:37 | INFO |      281.000 |      281              283          2              1.000 
2024-04-25 17:38:37 | INFO |      282.000 |      282              284          2              1.000 
2024-04-25 17:38:37 | INFO |      283.000 |      283              285          2              1.000 
2024-04-25 17:38:37 | INFO |      284.000 |      284              286          2              1.000 
2024-04-25 17:38:37 | INFO |      285.000 |      285              287          2              1.000 
2024-04-25 17:38:37 | INFO |      286.000 |      286              288          2              1.000 
2024-04-25 17:38:37 | INFO |      287.000 |      287              289          2              1.000 
2024-04-25 17:38:37 | INFO |      288.000 |      288              290          2              1.000 
2024-04-25 17:38:37 | INFO |      289.000 |      289              291          2              1.000 
2024-04-25 17:38:37 | INFO |      290.000 |      290              292          2              1.000 
2024-04-25 17:38:37 | INFO |      291.000 |      291              293          2              1.000 
2024-04-25 17:38:37 | INFO |      292.000 |      292              294          2              1.000 
2024-04-25 17:38:37 | INFO |      293.000 |      293              295          2              1.000 
2024-04-25 17:38:37 | INFO |      294.000 |      294              296          2              1.000 
2024-04-25 17:38:37 | INFO |      295.000 |      295              297          2              1.000 
2024-04-25 17:38:37 | INFO |      296.000 |      296              298          2              1.000 
2024-04-25 17:38:37 | INFO |      297.000 |      297              299          2              1.000 
2024-04-25 17:38:37 | INFO |      298.000 |      298              300          2              1.000 
2024-04-25 17:38:37 | INFO |      299.000 |      299              301          2              1.000 
2024-04-25 17:38:37 | INFO |      300.000 |      300              302          2              1.000 
2024-04-25 17:38:37 | INFO |      301.000 |      301              303          2              1.000 
2024-04-25 17:38:37 | INFO |      302.000 |      302              304          2              1.000 
2024-04-25 17:38:37 | INFO |      303.000 |      303              305          2              1.000 
2024-04-25 17:38:37 | INFO |      304.000 |      304              306          2              1.000 
2024-04-25 17:38:37 | INFO |      305.000 |      305              307          2              1.000 
2024-04-25 17:38:37 | INFO |      306.000 |      306              308          2              1.000 
2024-04-25 17:38:37 | INFO |      307.000 |      307              309          2              1.000 
2024-04-25 17:38:37 | INFO |      308.000 |      308              310          2              1.000 
2024-04-25 17:38:37 | INFO |      309.000 |      309              311          2              1.000 
2024-04-25 17:38:37 | INFO |      310.000 |      310              312          2              1.000 
2024-04-25 17:38:37 | INFO |      311.000 |      311              313          2              1.000 
2024-04-25 17:38:37 | INFO |      312.000 |      312              314          2              1.000 
2024-04-25 17:38:37 | INFO |      313.000 |      313              315          2              1.000 
2024-04-25 17:38:37 | INFO |      314.000 |      314              316          2              1.000 
2024-04-25 17:38:37 | INFO |      315.000 |      315              317          2              1.000 
2024-04-25 17:38:37 | INFO |      316.000 |      316              318          2              1.000 
2024-04-25 17:38:37 | INFO |      317.000 |      317              319          2              1.000 
2024-04-25 17:38:37 | INFO |      318.000 |      318              320          2              1.000 
2024-04-25 17:38:37 | INFO |      319.000 |      319              321          2              1.000 
2024-04-25 17:38:37 | INFO |      320.000 |      320              322          2              1.000 
2024-04-25 17:38:37 | INFO |      321.000 |      321              323          2              1.000 
2024-04-25 17:38:37 | INFO |      322.000 |      322              324          2              1.000 
2024-04-25 17:38:37 | INFO |      323.000 |      323              325          2              1.000 
2024-04-25 17:38:37 | INFO |      324.000 |      324              326          2              1.000 
2024-04-25 17:38:37 | INFO |      325.000 |      325              327          2              1.000 
2024-04-25 17:38:37 | INFO |      326.000 |      326              328          2              1.000 
2024-04-25 17:38:37 | INFO |      327.000 |      327              329          2              1.000 
2024-04-25 17:38:37 | INFO |      328.000 |      328              330          2              1.000 
2024-04-25 17:38:37 | INFO |      329.000 |      329              331          2              1.000 
2024-04-25 17:38:37 | INFO |      330.000 |      330              332          2              1.000 
2024-04-25 17:38:37 | INFO |      331.000 |      331              333          2              1.000 
2024-04-25 17:38:37 | INFO |      332.000 |      332              334          2              1.000 
2024-04-25 17:38:37 | INFO |      333.000 |      333              335          2              1.000 
2024-04-25 17:38:37 | INFO |      334.000 |      334              336          2              1.000 
2024-04-25 17:38:37 | INFO |      335.000 |      335              337          2              1.000 
2024-04-25 17:38:37 | INFO |      336.000 |      336              338          2              1.000 
2024-04-25 17:38:37 | INFO |      337.000 |      337              339          2              1.000 
2024-04-25 17:38:37 | INFO |      338.000 |      338              340          2              1.000 
2024-04-25 17:38:37 | INFO |      339.000 |      339              341          2              1.000 
2024-04-25 17:38:37 | INFO |      340.000 |      340              342          2              1.000 
2024-04-25 17:38:37 | INFO |      341.000 |      341              343          2              1.000 
2024-04-25 17:38:37 | INFO |      342.000 |      342              344          2              1.000 
2024-04-25 17:38:37 | INFO |      343.000 |      343              345          2              1.000 
2024-04-25 17:38:37 | INFO |      344.000 |      344              346          2              1.000 
2024-04-25 17:38:37 | INFO |      345.000 |      345              347          2              1.000 
2024-04-25 17:38:37 | INFO |      346.000 |      346              348          2              1.000 
2024-04-25 17:38:37 | INFO |      347.000 |      347              349          2              1.000 
2024-04-25 17:38:37 | INFO |      348.000 |      348              350          2              1.000 
2024-04-25 17:38:37 | INFO |      349.000 |      349              351          2              1.000 
2024-04-25 17:38:37 | INFO |      350.000 |      350              352          2              1.000 
2024-04-25 17:38:37 | INFO |      351.000 |      351              353          2              1.000 
2024-04-25 17:38:37 | INFO |      352.000 |      352              354          2              1.000 
2024-04-25 17:38:37 | INFO |      353.000 |      353              355          2              1.000 
2024-04-25 17:38:37 | INFO |      354.000 |      354              356          2              1.000 
2024-04-25 17:38:37 | INFO |      355.000 |      355              357          2              1.000 
2024-04-25 17:38:37 | INFO |      356.000 |      356              358          2              1.000 
2024-04-25 17:38:37 | INFO |      357.000 |      357              359          2              1.000 
2024-04-25 17:38:37 | INFO |      358.000 |      358              360          2              1.000 
2024-04-25 17:38:37 | INFO |      359.000 |      359              361          2              1.000 
2024-04-25 17:38:37 | INFO |      360.000 |      360              362          2              1.000 
2024-04-25 17:38:37 | INFO |      361.000 |      361              363          2              1.000 
2024-04-25 17:38:37 | INFO |      362.000 |      362              364          2              1.000 
2024-04-25 17:38:37 | INFO |      363.000 |      363              365          2              1.000 
2024-04-25 17:38:37 | INFO |      364.000 |      364              366          2              1.000 
2024-04-25 17:38:37 | INFO |      365.000 |      365              367          2              1.000 
2024-04-25 17:38:37 | INFO |      366.000 |      366              368          2              1.000 
2024-04-25 17:38:37 | INFO |      367.000 |      367              369          2              1.000 
2024-04-25 17:38:37 | INFO |      368.000 |      368              370          2              1.000 
2024-04-25 17:38:37 | INFO |      369.000 |      369              371          2              1.000 
2024-04-25 17:38:37 | INFO |      370.000 |      370              372          2              1.000 
2024-04-25 17:38:37 | INFO |      371.000 |      371              373          2              1.000 
2024-04-25 17:38:37 | INFO |      372.000 |      372              374          2              1.000 
2024-04-25 17:38:37 | INFO |      373.000 |      373              375          2              1.000 
2024-04-25 17:38:37 | INFO |      374.000 |      374              376          2              1.000 
2024-04-25 17:38:37 | INFO |      375.000 |      375              377          2              1.000 
2024-04-25 17:38:37 | INFO |      376.000 |      376              378          2              1.000 
2024-04-25 17:38:37 | INFO |      377.000 |      377              379          2              1.000 
2024-04-25 17:38:37 | INFO |      378.000 |      378              380          2              1.000 
2024-04-25 17:38:37 | INFO |      379.000 |      379              381          2              1.000 
2024-04-25 17:38:37 | INFO |      380.000 |      380              382          2              1.000 
2024-04-25 17:38:37 | INFO |      381.000 |      381              383          2              1.000 
2024-04-25 17:38:37 | INFO |      382.000 |      382              384          2              1.000 
2024-04-25 17:38:37 | INFO |      383.000 |      383              385          2              1.000 
2024-04-25 17:38:37 | INFO |      384.000 |      384              386          2              1.000 
2024-04-25 17:38:37 | INFO |      385.000 |      385              387          2              1.000 
2024-04-25 17:38:37 | INFO |      386.000 |      386              388          2              1.000 
2024-04-25 17:38:37 | INFO |      387.000 |      387              389          2              1.000 
2024-04-25 17:38:37 | INFO |      388.000 |      388              390          2              1.000 
2024-04-25 17:38:37 | INFO |      389.000 |      389              391          2              1.000 
2024-04-25 17:38:37 | INFO |      390.000 |      390              392          2              1.000 
2024-04-25 17:38:37 | INFO |      391.000 |      391              393          2              1.000 
2024-04-25 17:38:37 | INFO |      392.000 |      392              394          2              1.000 
2024-04-25 17:38:37 | INFO |      393.000 |      393              395          2              1.000 
2024-04-25 17:38:37 | INFO |      394.000 |      394              396          2              1.000 
2024-04-25 17:38:37 | INFO |      395.000 |      395              397          2              1.000 
2024-04-25 17:38:37 | INFO |      396.000 |      396              398          2              1.000 
2024-04-25 17:38:37 | INFO |      397.000 |      397              399          2              1.000 
2024-04-25 17:38:37 | INFO |      398.000 |      398              400          2              1.000 
2024-04-25 17:38:37 | INFO |      399.000 |      399              401          2              1.000 
2024-04-25 17:38:37 | INFO |      400.000 |      400              402          2              1.000 
2024-04-25 17:38:37 | INFO | 
2024-04-25 17:38:37 | INFO | execution statistics :
2024-04-25 17:38:37 | INFO | 
2024-04-25 17:38:37 | INFO | number of time iterations                  = 400
2024-04-25 17:38:37 | INFO | number of residual evaluations             = 803
2024-04-25 17:38:37 | INFO | number of Jacobian evaluations             = 2
2024-04-25 17:38:37 | INFO | number of nonlinear iterations             = 402
2024-04-25 17:38:37 | INFO | number of error test failures              = 0
2024-04-25 17:38:37 | INFO | number of nonlinear convergence failures   = 0
2024-04-25 17:38:37 | INFO | number of root functions evaluations       = 402
2024-04-25 17:38:37 | INFO | number of discrete variables evaluations   = 3
2024-04-25 17:38:37 | INFO | number of mode evaluations                 = 2
2024-04-25 17:38:37 | INFO | end of job 'Disconnect load test with voltage variation'
