2018-12-19 17:11:05 | DEBUG |  ============================================================
2018-12-19 17:11:05 | DEBUG | DYNAWO VERSION  :     0.0.4
2018-12-19 17:11:05 | DEBUG | DYNAWO REVISION :    IEEE14-c38e63c
2018-12-19 17:11:05 | DEBUG |  ============================================================
2018-12-19 17:11:05 | INFO | adding curve : Id: NETWORK; curve: _BUS____1_TN_Upu_value found. (exact name)
2018-12-19 17:11:05 | INFO | adding curve : Id: NETWORK; curve: _BUS____2_TN_Upu_value found. (exact name)
2018-12-19 17:11:05 | INFO | adding curve : Id: NETWORK; curve: _BUS____3_TN_Upu_value found. (exact name)
2018-12-19 17:11:05 | INFO | adding curve : Id: NETWORK; curve: _BUS____4_TN_Upu_value found. (exact name)
2018-12-19 17:11:05 | INFO | adding curve : Id: NETWORK; curve: _BUS____5_TN_Upu_value found. (exact name)
2018-12-19 17:11:05 | INFO | adding curve : Id: NETWORK; curve: _BUS____6_TN_Upu_value found. (exact name)
2018-12-19 17:11:05 | INFO | adding curve : Id: NETWORK; curve: _BUS____7_TN_Upu_value found. (exact name)
2018-12-19 17:11:05 | INFO | adding curve : Id: NETWORK; curve: _BUS____8_TN_Upu_value found. (exact name)
2018-12-19 17:11:05 | INFO | adding curve : Id: NETWORK; curve: _BUS____9_TN_Upu_value found. (exact name)
2018-12-19 17:11:05 | INFO | adding curve : Id: NETWORK; curve: _BUS___10_TN_Upu_value found. (exact name)
2018-12-19 17:11:05 | INFO | adding curve : Id: NETWORK; curve: _BUS___11_TN_Upu_value found. (exact name)
2018-12-19 17:11:05 | INFO | adding curve : Id: NETWORK; curve: _BUS___12_TN_Upu_value found. (exact name)
2018-12-19 17:11:05 | INFO | adding curve : Id: NETWORK; curve: _BUS___13_TN_Upu_value found. (exact name)
2018-12-19 17:11:05 | INFO | adding curve : Id: NETWORK; curve: _BUS___14_TN_Upu_value found. (exact name)
2018-12-19 17:11:05 | DEBUG | nbSubNetwork = 1 nbsub = 1
2018-12-19 17:11:05 | DEBUG | subNetwork[0] nbBus = 14
2018-12-19 17:11:05 | DEBUG | keep SubNetworks num : 0
2018-12-19 17:11:05 | DEBUG | call of SolverReInit ie a new symbolic and numerical factorization will be performed
2018-12-19 17:11:05 | DEBUG | -----------------------------------------------------------------------
2018-12-19 17:11:05 | DEBUG | number of continuous variables : 408 (display limited to 4 variables)
2018-12-19 17:11:05 | DEBUG | number of discrete variables : 191
2018-12-19 17:11:05 | DEBUG | -----------------------------------------------------------------------
2018-12-19 17:11:05 | DEBUG |     t              y1            y2            y3            y4      | nst k      h
2018-12-19 17:11:05 | DEBUG | -----------------------------------------------------------------------
2018-12-19 17:11:05 | DEBUG |        0.000  1.016071e+00 -2.744099e-01 -6.818682e-02  7.549782e-02 |   0 0 3.193744e-04
2018-12-19 17:11:05 | DEBUG |        0.001  1.016071e+00 -2.744099e-01 -6.818682e-02  7.549782e-02 |   1 1 1.000000e-03
2018-12-19 17:11:05 | DEBUG |        0.003  1.016071e+00 -2.744099e-01 -6.818682e-02  7.549782e-02 |   2 1 2.000000e-03
2018-12-19 17:11:05 | DEBUG |        0.007  1.016071e+00 -2.744099e-01 -6.818682e-02  7.549782e-02 |   3 1 4.000000e-03
2018-12-19 17:11:05 | DEBUG |        0.015  1.016071e+00 -2.744099e-01 -6.818682e-02  7.549782e-02 |   4 1 8.000000e-03
2018-12-19 17:11:05 | DEBUG |        0.031  1.016071e+00 -2.744099e-01 -6.818683e-02  7.549782e-02 |   5 1 1.600000e-02
2018-12-19 17:11:05 | DEBUG |        0.063  1.016071e+00 -2.744099e-01 -6.818683e-02  7.549782e-02 |   6 1 3.200000e-02
2018-12-19 17:11:05 | DEBUG |        0.127  1.016071e+00 -2.744099e-01 -6.818683e-02  7.549782e-02 |   7 1 6.400000e-02
2018-12-19 17:11:05 | DEBUG |        0.255  1.016071e+00 -2.744099e-01 -6.818683e-02  7.549782e-02 |   8 1 1.280000e-01
2018-12-19 17:11:05 | DEBUG |        0.511  1.016071e+00 -2.744099e-01 -6.818683e-02  7.549782e-02 |   9 1 2.560000e-01
2018-12-19 17:11:05 | DEBUG |        1.023  1.016071e+00 -2.744099e-01 -6.818683e-02  7.549782e-02 |  10 1 5.120000e-01
2018-12-19 17:11:05 | DEBUG |        2.047  1.016071e+00 -2.744099e-01 -6.818683e-02  7.549782e-02 |  11 1 1.024000e+00
2018-12-19 17:11:05 | DEBUG |        4.095  1.016071e+00 -2.744099e-01 -6.818683e-02  7.549782e-02 |  12 1 2.048000e+00
2018-12-19 17:11:05 | DEBUG |        8.191  1.016071e+00 -2.744099e-01 -6.818683e-02  7.549782e-02 |  13 1 4.096000e+00
2018-12-19 17:11:05 | DEBUG |       16.383  1.016071e+00 -2.744099e-01 -6.818682e-02  7.549782e-02 |  14 1 8.192000e+00
2018-12-19 17:11:05 | DEBUG | state of Line _BUS___12-BUS___13-1_AC change from 2 to 1
2018-12-19 17:11:05 | DEBUG | nbSubNetwork = 1 nbsub = 1
2018-12-19 17:11:05 | DEBUG | subNetwork[0] nbBus = 14
2018-12-19 17:11:05 | DEBUG | keep SubNetworks num : 0
2018-12-19 17:11:05 | DEBUG | ALGEBRAIC mode change for Model : NETWORK
2018-12-19 17:11:05 | DEBUG |       20.000  1.016071e+00 -2.744099e-01 -6.818682e-02  7.549782e-02 |  15 1 1.000000e+01
2018-12-19 17:11:05 | DEBUG | calculation of the new starting point of the simulation.
2018-12-19 17:11:05 | DEBUG | call of SolverReInit ie a new symbolic and numerical factorization will be performed
2018-12-19 17:11:05 | DEBUG |       20.000  1.015924e+00 -2.745221e-01 -6.817419e-02  7.549759e-02 |   0 0 0.000000e+00
2018-12-19 17:11:05 | DEBUG |       20.001  1.015929e+00 -2.745071e-01 -6.817535e-02  7.549665e-02 |   1 1 1.000000e-03
2018-12-19 17:11:05 | DEBUG |       20.003  1.015931e+00 -2.745009e-01 -6.817584e-02  7.549628e-02 |   2 1 2.000000e-03
2018-12-19 17:11:05 | DEBUG |       20.007  1.015933e+00 -2.744984e-01 -6.817604e-02  7.549616e-02 |   3 1 4.000000e-03
2018-12-19 17:11:05 | DEBUG |       20.015  1.015934e+00 -2.744957e-01 -6.817627e-02  7.549603e-02 |   4 1 8.000000e-03
2018-12-19 17:11:05 | DEBUG |       20.031  1.015937e+00 -2.744906e-01 -6.817669e-02  7.549576e-02 |   5 1 1.600000e-02
2018-12-19 17:11:05 | DEBUG |       20.063  1.015940e+00 -2.744814e-01 -6.817742e-02  7.549522e-02 |   6 1 3.200000e-02
2018-12-19 17:11:05 | DEBUG |       20.127  1.015944e+00 -2.744692e-01 -6.817835e-02  7.549446e-02 |   7 1 6.400000e-02
2018-12-19 17:11:05 | DEBUG |       20.255  1.015945e+00 -2.744652e-01 -6.817865e-02  7.549416e-02 |   8 1 1.280000e-01
2018-12-19 17:11:05 | DEBUG |       20.511  1.015944e+00 -2.744727e-01 -6.817810e-02  7.549470e-02 |   9 1 2.560000e-01
2018-12-19 17:11:05 | DEBUG |       21.023  1.015947e+00 -2.744743e-01 -6.817811e-02  7.549505e-02 |  10 1 5.120000e-01
2018-12-19 17:11:05 | DEBUG |       22.047  1.015951e+00 -2.744733e-01 -6.817834e-02  7.549525e-02 |  11 1 1.024000e+00
2018-12-19 17:11:05 | DEBUG |       24.095  1.015954e+00 -2.744730e-01 -6.817845e-02  7.549540e-02 |  12 1 2.048000e+00
2018-12-19 17:11:05 | DEBUG |       28.191  1.015955e+00 -2.744723e-01 -6.817856e-02  7.549544e-02 |  13 1 4.096000e+00
2018-12-19 17:11:05 | DEBUG |       36.383  1.015957e+00 -2.744718e-01 -6.817865e-02  7.549552e-02 |  14 1 8.192000e+00
2018-12-19 17:11:05 | DEBUG |       46.383  1.015959e+00 -2.744718e-01 -6.817872e-02  7.549564e-02 |  15 1 1.000000e+01
2018-12-19 17:11:05 | DEBUG |       56.383  1.015960e+00 -2.744721e-01 -6.817876e-02  7.549575e-02 |  16 1 1.000000e+01
2018-12-19 17:11:05 | DEBUG |       66.383  1.015962e+00 -2.744723e-01 -6.817879e-02  7.549586e-02 |  17 1 1.000000e+01
2018-12-19 17:11:05 | DEBUG |       76.383  1.015963e+00 -2.744725e-01 -6.817881e-02  7.549595e-02 |  18 1 1.000000e+01
2018-12-19 17:11:05 | DEBUG |       86.383  1.015964e+00 -2.744727e-01 -6.817883e-02  7.549603e-02 |  19 1 1.000000e+01
2018-12-19 17:11:05 | DEBUG |       96.383  1.015964e+00 -2.744729e-01 -6.817885e-02  7.549610e-02 |  20 1 1.000000e+01
2018-12-19 17:11:05 | DEBUG |      100.000  1.015965e+00 -2.744730e-01 -6.817886e-02  7.549613e-02 |  21 1 3.617000e+00
2018-12-19 17:11:05 | DEBUG |
2018-12-19 17:11:05 | DEBUG | execution Stats :
2018-12-19 17:11:05 | DEBUG |
2018-12-19 17:11:05 | DEBUG | number of iterations                     = 36
2018-12-19 17:11:05 | DEBUG | number of Residual evaluations           = 53
2018-12-19 17:11:05 | DEBUG | number of Jacobian evaluations           = 31
2018-12-19 17:11:05 | DEBUG | number of Nonlinear iterations           = 51
2018-12-19 17:11:05 | DEBUG | number of error test failures            = 0
2018-12-19 17:11:05 | DEBUG | number of Nonlinear convergence failures = 0
2018-12-19 17:11:05 | DEBUG | number of root functions evaluations     = 91
2018-12-19 17:11:05 | DEBUG | end of job IEEE14 - Disconnect Line
