2023-07-25 11:53:49 | INFO |  ============================================================ 
2023-07-25 11:53:49 | INFO | DYNAWO VERSION  :     1.6.0
2023-07-25 11:53:49 | INFO | DYNAWO REVISION :  14_ProtectionsPR-5983b659fb
2023-07-25 11:53:49 | INFO |  ============================================================ 
2023-07-25 11:53:49 | INFO | 
2023-07-25 11:53:49 | INFO | -----------------------------------------------------------------------
2023-07-25 11:53:49 | INFO | building model from input files
2023-07-25 11:53:49 | INFO | -----------------------------------------------------------------------
2023-07-25 11:53:49 | INFO | model was built successfully
2023-07-25 11:53:49 | INFO | -----------------------------------------------------------------------
2023-07-25 11:53:49 | INFO | 
2023-07-25 11:53:49 | INFO | -----------------------------------------------------------------------
2023-07-25 11:53:49 | INFO | starting local initialization
2023-07-25 11:53:49 | INFO | -----------------------------------------------------------------------
2023-07-25 11:53:49 | INFO | end of local initialization
2023-07-25 11:53:49 | INFO | -----------------------------------------------------------------------
2023-07-25 11:53:49 | INFO | 
2023-07-25 11:53:49 | INFO | -----------------------------------------------------------------------
2023-07-25 11:53:49 | INFO | starting global initialization
2023-07-25 11:53:49 | INFO | -----------------------------------------------------------------------
2023-07-25 11:53:49 | INFO | end of global initialization
2023-07-25 11:53:49 | INFO | -----------------------------------------------------------------------
2023-07-25 11:53:49 | INFO | 
2023-07-25 11:53:49 | INFO | -----------------------------------------------------------------------
2023-07-25 11:53:49 | INFO | starting curve initialization
2023-07-25 11:53:49 | INFO | -----------------------------------------------------------------------
2023-07-25 11:53:49 | INFO | end of curve initialization, added 40 curves
2023-07-25 11:53:49 | INFO | -----------------------------------------------------------------------
2023-07-25 11:53:49 | INFO | 
2023-07-25 11:53:49 | INFO | -----------------------------------------------------------------------
2023-07-25 11:53:49 | INFO | starting simulation with solver IDASolver
2023-07-25 11:53:49 | INFO | -----------------------------------------------------------------------
2023-07-25 11:53:49 | INFO | -----------------------------------------------------------------------
2023-07-25 11:53:49 | INFO | number of continuous variables : 442
2023-07-25 11:53:49 | INFO | number of discrete variables : 279
2023-07-25 11:53:49 | INFO | number of root functions : 248
2023-07-25 11:53:49 | INFO | -----------------------------------------------------------------------
2023-07-25 11:53:49 | INFO |         time | iter num   order (k)      time step (h)
2023-07-25 11:53:49 | INFO | -----------------------------------------------------------------------
2023-07-25 11:53:49 | INFO |        0.000 |        0           0              0.010 
2023-07-25 11:53:49 | INFO |        0.000 |        1           1              0.000 
2023-07-25 11:53:49 | INFO |        0.000 |        2           1              0.000 
2023-07-25 11:53:49 | INFO |        0.000 |        3           2              0.000 
2023-07-25 11:53:49 | INFO |        0.000 |        4           2              0.000 
2023-07-25 11:53:49 | INFO |        0.000 |        5           2              0.000 
2023-07-25 11:53:49 | INFO |        0.000 |        6           2              0.000 
2023-07-25 11:53:49 | INFO |        0.000 |        7           2              0.000 
2023-07-25 11:53:49 | INFO |        0.000 |        8           2              0.000 
2023-07-25 11:53:49 | INFO |        0.000 |        9           2              0.000 
2023-07-25 11:53:49 | INFO |        0.001 |       10           2              0.000 
2023-07-25 11:53:49 | INFO |        0.001 |       11           2              0.001 
2023-07-25 11:53:49 | INFO |        0.002 |       12           2              0.001 
2023-07-25 11:53:49 | INFO |        0.004 |       13           2              0.002 
2023-07-25 11:53:49 | INFO |        0.008 |       14           2              0.004 
2023-07-25 11:53:49 | INFO |        0.016 |       15           2              0.008 
2023-07-25 11:53:49 | INFO | Algebraic mode change at t = 0.0270473
2023-07-25 11:53:49 | INFO |        0.027 |       16           2              0.016 
2023-07-25 11:53:49 | INFO | calculation of the new starting point of the simulation.
2023-07-25 11:53:49 | INFO |        0.027 |        0           0              0.000 
2023-07-25 11:53:49 | INFO |        0.027 |        1           1              0.000 
2023-07-25 11:53:49 | INFO |        0.027 |        2           1              0.000 
2023-07-25 11:53:49 | INFO |        0.027 |        3           2              0.000 
2023-07-25 11:53:49 | INFO |        0.027 |        4           2              0.000 
2023-07-25 11:53:49 | INFO |        0.027 |        5           2              0.000 
2023-07-25 11:53:49 | INFO |        0.027 |        6           2              0.000 
2023-07-25 11:53:49 | INFO |        0.027 |        7           2              0.000 
2023-07-25 11:53:49 | INFO |        0.027 |        8           2              0.000 
2023-07-25 11:53:49 | INFO |        0.027 |        9           2              0.000 
2023-07-25 11:53:49 | INFO |        0.028 |       10           2              0.000 
2023-07-25 11:53:49 | INFO |        0.028 |       11           2              0.001 
2023-07-25 11:53:49 | INFO |        0.029 |       12           2              0.001 
2023-07-25 11:53:49 | INFO |        0.031 |       13           2              0.002 
2023-07-25 11:53:49 | INFO |        0.031 |       13           2              0.002 
2023-07-25 11:53:49 | INFO |        0.031 |       13           2              0.002 
2023-07-25 11:53:49 | INFO |        0.035 |       14           2              0.004 
2023-07-25 11:53:49 | INFO |        0.043 |       15           2              0.008 
2023-07-25 11:53:49 | INFO | Algebraic mode change at t = 0.0528381
2023-07-25 11:53:49 | INFO |        0.053 |       16           2              0.016 
2023-07-25 11:53:49 | INFO | calculation of the new starting point of the simulation.
2023-07-25 11:53:49 | INFO |        0.053 |        0           0              0.000 
2023-07-25 11:53:49 | INFO |        0.053 |        1           1              0.000 
2023-07-25 11:53:49 | INFO |        0.053 |        2           1              0.000 
2023-07-25 11:53:49 | INFO |        0.053 |        3           2              0.000 
2023-07-25 11:53:49 | INFO |        0.053 |        4           2              0.000 
2023-07-25 11:53:49 | INFO |        0.053 |        5           2              0.000 
2023-07-25 11:53:49 | INFO |        0.053 |        6           2              0.000 
2023-07-25 11:53:49 | INFO |        0.053 |        7           2              0.000 
2023-07-25 11:53:49 | INFO |        0.053 |        8           2              0.000 
2023-07-25 11:53:49 | INFO |        0.053 |        9           2              0.000 
2023-07-25 11:53:49 | INFO |        0.053 |       10           2              0.000 
2023-07-25 11:53:49 | INFO |        0.054 |       11           2              0.001 
2023-07-25 11:53:49 | INFO |        0.055 |       12           2              0.001 
2023-07-25 11:53:49 | INFO |        0.057 |       13           2              0.002 
2023-07-25 11:53:49 | INFO |        0.061 |       14           2              0.004 
2023-07-25 11:53:49 | INFO |        0.069 |       15           2              0.008 
2023-07-25 11:53:49 | INFO |        0.086 |       16           2              0.016 
2023-07-25 11:53:49 | INFO |        0.118 |       17           2              0.033 
2023-07-25 11:53:49 | INFO |        0.184 |       18           2              0.066 
2023-07-25 11:53:49 | INFO | Algebraic mode change at t = 0.294684
2023-07-25 11:53:49 | INFO |        0.295 |       19           2              0.131 
2023-07-25 11:53:49 | INFO | calculation of the new starting point of the simulation.
2023-07-25 11:53:49 | INFO |        0.295 |        0           0              0.000 
2023-07-25 11:53:49 | INFO |        0.295 |        1           1              0.000 
2023-07-25 11:53:49 | INFO |        0.295 |        2           1              0.000 
2023-07-25 11:53:49 | INFO |        0.295 |        3           2              0.000 
2023-07-25 11:53:49 | INFO |        0.295 |        4           2              0.000 
2023-07-25 11:53:49 | INFO |        0.295 |        5           2              0.000 
2023-07-25 11:53:49 | INFO |        0.295 |        6           2              0.000 
2023-07-25 11:53:49 | INFO |        0.295 |        7           2              0.000 
2023-07-25 11:53:49 | INFO |        0.295 |        8           2              0.000 
2023-07-25 11:53:49 | INFO |        0.295 |        9           2              0.000 
2023-07-25 11:53:49 | INFO |        0.295 |       10           2              0.000 
2023-07-25 11:53:49 | INFO |        0.296 |       11           2              0.001 
2023-07-25 11:53:49 | INFO |        0.297 |       12           2              0.001 
2023-07-25 11:53:49 | INFO |        0.299 |       13           2              0.002 
2023-07-25 11:53:49 | INFO |        0.303 |       14           2              0.004 
2023-07-25 11:53:49 | INFO |        0.311 |       15           2              0.008 
2023-07-25 11:53:49 | INFO |        0.327 |       16           2              0.016 
2023-07-25 11:53:49 | INFO |        0.348 |       17           2              0.033 
2023-07-25 11:53:49 | INFO |        0.348 |       17           2              0.033 
2023-07-25 11:53:49 | INFO |        0.360 |       17           2              0.033 
2023-07-25 11:53:49 | INFO |        0.426 |       18           2              0.066 
2023-07-25 11:53:49 | INFO |        0.557 |       19           2              0.131 
2023-07-25 11:53:49 | INFO | Algebraic mode change at t = 0.793986
2023-07-25 11:53:49 | INFO |        0.794 |       20           2              0.262 
2023-07-25 11:53:49 | INFO | calculation of the new starting point of the simulation.
2023-07-25 11:53:49 | INFO |        0.794 |        0           0              0.000 
2023-07-25 11:53:49 | INFO |        0.794 |        1           1              0.000 
2023-07-25 11:53:49 | INFO |        0.794 |        2           1              0.000 
2023-07-25 11:53:49 | INFO |        0.794 |        3           2              0.000 
2023-07-25 11:53:49 | INFO |        0.794 |        4           2              0.000 
2023-07-25 11:53:49 | INFO |        0.794 |        5           2              0.000 
2023-07-25 11:53:49 | INFO |        0.794 |        6           2              0.000 
2023-07-25 11:53:49 | INFO |        0.794 |        7           2              0.000 
2023-07-25 11:53:49 | INFO |        0.794 |        8           2              0.000 
2023-07-25 11:53:49 | INFO |        0.794 |        9           2              0.000 
2023-07-25 11:53:49 | INFO |        0.794 |       10           2              0.000 
2023-07-25 11:53:49 | INFO |        0.795 |       11           2              0.001 
2023-07-25 11:53:49 | INFO |        0.796 |       12           2              0.001 
2023-07-25 11:53:49 | INFO |        0.798 |       13           2              0.002 
2023-07-25 11:53:49 | INFO |        0.802 |       14           2              0.004 
2023-07-25 11:53:49 | INFO |        0.810 |       15           2              0.008 
2023-07-25 11:53:49 | INFO |        0.827 |       16           2              0.016 
2023-07-25 11:53:49 | INFO |        0.829 |       17           2              0.033 
2023-07-25 11:53:49 | INFO |        0.829 |       17           2              0.033 
2023-07-25 11:53:49 | INFO |        0.835 |       17           2              0.033 
2023-07-25 11:53:49 | INFO |        0.835 |       17           2              0.033 
2023-07-25 11:53:49 | INFO |        0.860 |       17           2              0.033 
2023-07-25 11:53:49 | INFO | Algebraic mode change at t = 0.882339
2023-07-25 11:53:49 | INFO |        0.882 |       18           2              0.066 
2023-07-25 11:53:49 | INFO | calculation of the new starting point of the simulation.
2023-07-25 11:53:49 | INFO |        0.882 |        0           0              0.000 
2023-07-25 11:53:49 | INFO |        0.882 |        1           1              0.000 
2023-07-25 11:53:49 | INFO |        0.882 |        2           1              0.000 
2023-07-25 11:53:49 | INFO |        0.882 |        3           2              0.000 
2023-07-25 11:53:49 | INFO |        0.882 |        4           2              0.000 
2023-07-25 11:53:49 | INFO |        0.882 |        5           2              0.000 
2023-07-25 11:53:49 | INFO |        0.882 |        6           2              0.000 
2023-07-25 11:53:49 | INFO |        0.882 |        7           2              0.000 
2023-07-25 11:53:49 | INFO |        0.882 |        8           2              0.000 
2023-07-25 11:53:49 | INFO |        0.883 |        9           2              0.000 
2023-07-25 11:53:49 | INFO |        0.883 |       10           2              0.000 
2023-07-25 11:53:49 | INFO |        0.883 |       11           2              0.001 
2023-07-25 11:53:49 | INFO |        0.884 |       12           2              0.001 
2023-07-25 11:53:49 | INFO |        0.886 |       13           2              0.002 
2023-07-25 11:53:49 | INFO |        0.891 |       14           2              0.004 
2023-07-25 11:53:49 | INFO |        0.899 |       15           2              0.008 
2023-07-25 11:53:49 | INFO |        0.915 |       16           2              0.016 
2023-07-25 11:53:49 | INFO |        0.948 |       17           2              0.033 
2023-07-25 11:53:49 | INFO |        1.013 |       18           2              0.066 
2023-07-25 11:53:49 | INFO |        1.144 |       19           2              0.131 
2023-07-25 11:53:49 | INFO |        1.407 |       20           2              0.262 
2023-07-25 11:53:49 | INFO | Algebraic mode change at t = 1.77349
2023-07-25 11:53:49 | INFO |        1.773 |       21           1              0.524 
2023-07-25 11:53:49 | INFO | calculation of the new starting point of the simulation.
2023-07-25 11:53:49 | INFO |        1.773 |        0           0              0.000 
2023-07-25 11:53:49 | INFO |        1.773 |        1           1              0.000 
2023-07-25 11:53:49 | INFO |        1.773 |        2           1              0.000 
2023-07-25 11:53:49 | INFO |        1.773 |        3           2              0.000 
2023-07-25 11:53:49 | INFO |        1.773 |        4           2              0.000 
2023-07-25 11:53:49 | INFO |        1.774 |        5           2              0.000 
2023-07-25 11:53:49 | INFO |        1.774 |        6           2              0.000 
2023-07-25 11:53:49 | INFO |        1.774 |        7           2              0.000 
2023-07-25 11:53:49 | INFO |        1.774 |        8           2              0.000 
2023-07-25 11:53:49 | INFO |        1.774 |        9           2              0.000 
2023-07-25 11:53:49 | INFO |        1.774 |       10           2              0.000 
2023-07-25 11:53:49 | INFO |        1.775 |       11           2              0.001 
2023-07-25 11:53:49 | INFO |        1.776 |       12           2              0.001 
2023-07-25 11:53:49 | INFO |        1.778 |       13           2              0.002 
2023-07-25 11:53:49 | INFO |        1.782 |       14           2              0.004 
2023-07-25 11:53:49 | INFO |        1.790 |       15           2              0.008 
2023-07-25 11:53:49 | INFO |        1.806 |       16           2              0.016 
2023-07-25 11:53:49 | INFO |        1.839 |       17           2              0.033 
2023-07-25 11:53:49 | INFO |        1.905 |       18           2              0.066 
2023-07-25 11:53:49 | INFO |        1.906 |       19           2              0.131 
2023-07-25 11:53:49 | INFO |        1.906 |       19           2              0.131 
2023-07-25 11:53:49 | INFO |        2.036 |       19           2              0.131 
2023-07-25 11:53:49 | INFO |        2.184 |       20           2              0.262 
2023-07-25 11:53:49 | INFO |        2.184 |       20           2              0.262 
2023-07-25 11:53:49 | INFO |        2.298 |       20           2              0.262 
2023-07-25 11:53:49 | INFO |        2.338 |       21           2              0.524 
2023-07-25 11:53:49 | INFO |        2.338 |       21           2              0.524 
2023-07-25 11:53:49 | INFO |        2.758 |       21           2              0.524 
2023-07-25 11:53:49 | INFO |        2.758 |       21           2              0.524 
2023-07-25 11:53:49 | INFO |        2.822 |       21           2              0.524 
2023-07-25 11:53:49 | INFO |        3.871 |       22           1              1.049 
2023-07-25 11:53:49 | INFO |        5.000 |       23           1              2.097 
2023-07-25 11:53:49 | INFO | Algebraic mode (with J recalculation) change at t = 5.1
2023-07-25 11:53:49 | INFO |        5.100 |       23           1              2.097 
2023-07-25 11:53:49 | INFO | calculation of the new starting point of the simulation.
2023-07-25 11:53:49 | INFO | Algebraic mode change at t = 5.1
2023-07-25 11:53:49 | INFO |        5.100 |        0           0              0.000 
2023-07-25 11:53:49 | INFO |        5.100 |        1           1              0.000 
2023-07-25 11:53:49 | INFO |        5.100 |        1           1              0.000 
2023-07-25 11:53:49 | INFO |        5.100 |        1           1              0.000 
2023-07-25 11:53:49 | INFO |        5.100 |        2           1              0.000 
2023-07-25 11:53:49 | INFO |        5.100 |        3           2              0.000 
2023-07-25 11:53:49 | INFO |        5.100 |        4           2              0.000 
2023-07-25 11:53:49 | INFO |        5.100 |        5           2              0.000 
2023-07-25 11:53:49 | INFO |        5.100 |        6           2              0.000 
2023-07-25 11:53:49 | INFO |        5.100 |        7           2              0.000 
2023-07-25 11:53:49 | INFO |        5.100 |        8           2              0.000 
2023-07-25 11:53:49 | INFO |        5.100 |        9           2              0.000 
2023-07-25 11:53:49 | INFO |        5.101 |       10           2              0.000 
2023-07-25 11:53:49 | INFO |        5.101 |       11           2              0.001 
2023-07-25 11:53:49 | INFO |        5.102 |       12           2              0.001 
2023-07-25 11:53:49 | INFO |        5.104 |       13           2              0.002 
2023-07-25 11:53:49 | INFO |        5.108 |       14           2              0.004 
2023-07-25 11:53:49 | INFO |        5.116 |       15           2              0.008 
2023-07-25 11:53:49 | INFO |        5.125 |       16           2              0.008 
2023-07-25 11:53:49 | INFO |        5.133 |       17           2              0.008 
2023-07-25 11:53:49 | INFO |        5.141 |       18           2              0.008 
2023-07-25 11:53:49 | INFO |        5.157 |       19           2              0.016 
2023-07-25 11:53:49 | INFO |        5.174 |       20           2              0.016 
2023-07-25 11:53:49 | INFO |        5.190 |       21           2              0.016 
2023-07-25 11:53:49 | INFO |        5.206 |       22           2              0.016 
2023-07-25 11:53:49 | INFO |        5.239 |       23           2              0.033 
2023-07-25 11:53:49 | INFO |        5.272 |       24           2              0.033 
2023-07-25 11:53:49 | INFO |        5.305 |       25           2              0.033 
2023-07-25 11:53:49 | INFO |        5.338 |       26           2              0.033 
2023-07-25 11:53:49 | INFO |        5.370 |       27           2              0.033 
2023-07-25 11:53:49 | INFO |        5.403 |       28           2              0.033 
2023-07-25 11:53:49 | INFO |        5.436 |       29           2              0.033 
2023-07-25 11:53:49 | INFO |        5.469 |       30           2              0.033 
2023-07-25 11:53:49 | INFO |        5.501 |       31           2              0.033 
2023-07-25 11:53:49 | INFO |        5.567 |       32           2              0.066 
2023-07-25 11:53:49 | INFO |        5.632 |       33           2              0.066 
2023-07-25 11:53:49 | INFO |        5.698 |       34           2              0.066 
2023-07-25 11:53:49 | INFO |        5.764 |       35           2              0.066 
2023-07-25 11:53:49 | INFO |        5.829 |       36           2              0.066 
2023-07-25 11:53:49 | INFO |        5.895 |       37           2              0.066 
2023-07-25 11:53:49 | INFO |        5.960 |       38           2              0.066 
2023-07-25 11:53:49 | INFO |        6.026 |       39           2              0.066 
2023-07-25 11:53:49 | INFO |        6.091 |       40           2              0.066 
2023-07-25 11:53:49 | INFO |        6.157 |       41           2              0.066 
2023-07-25 11:53:49 | INFO |        6.222 |       42           2              0.066 
2023-07-25 11:53:49 | INFO |        6.288 |       43           2              0.066 
2023-07-25 11:53:49 | INFO |        6.353 |       44           2              0.066 
2023-07-25 11:53:49 | INFO |        6.419 |       45           2              0.066 
2023-07-25 11:53:49 | INFO |        6.484 |       46           2              0.066 
2023-07-25 11:53:49 | INFO |        6.550 |       47           2              0.066 
2023-07-25 11:53:49 | INFO |        6.616 |       48           2              0.066 
2023-07-25 11:53:49 | INFO |        6.681 |       49           2              0.066 
2023-07-25 11:53:49 | INFO |        6.747 |       50           2              0.066 
2023-07-25 11:53:49 | INFO |        6.812 |       51           2              0.066 
2023-07-25 11:53:49 | INFO |        6.878 |       52           2              0.066 
2023-07-25 11:53:49 | INFO |        6.943 |       53           2              0.066 
2023-07-25 11:53:49 | INFO |        7.009 |       54           2              0.066 
2023-07-25 11:53:49 | INFO |        7.074 |       55           2              0.066 
2023-07-25 11:53:49 | INFO |        7.140 |       56           2              0.066 
2023-07-25 11:53:49 | INFO |        7.205 |       57           2              0.066 
2023-07-25 11:53:49 | INFO |        7.271 |       58           2              0.066 
2023-07-25 11:53:49 | INFO |        7.336 |       59           2              0.066 
2023-07-25 11:53:49 | INFO |        7.402 |       60           2              0.066 
2023-07-25 11:53:49 | INFO |        7.467 |       61           2              0.066 
2023-07-25 11:53:49 | INFO |        7.533 |       62           2              0.066 
2023-07-25 11:53:49 | INFO |        7.599 |       63           2              0.066 
2023-07-25 11:53:49 | INFO |        7.664 |       64           2              0.066 
2023-07-25 11:53:49 | INFO |        7.730 |       65           2              0.066 
2023-07-25 11:53:49 | INFO |        7.795 |       66           2              0.066 
2023-07-25 11:53:49 | INFO |        7.861 |       67           2              0.066 
2023-07-25 11:53:49 | INFO |        7.992 |       68           2              0.131 
2023-07-25 11:53:49 | INFO |        8.123 |       69           2              0.131 
2023-07-25 11:53:49 | INFO |        8.254 |       70           2              0.131 
2023-07-25 11:53:49 | INFO |        8.385 |       71           2              0.131 
2023-07-25 11:53:49 | INFO |        8.516 |       72           2              0.131 
2023-07-25 11:53:49 | INFO |        8.647 |       73           2              0.131 
2023-07-25 11:53:49 | INFO |        8.778 |       74           2              0.131 
2023-07-25 11:53:49 | INFO |        8.909 |       75           2              0.131 
2023-07-25 11:53:49 | INFO |        9.040 |       76           2              0.131 
2023-07-25 11:53:49 | INFO |        9.171 |       77           2              0.131 
2023-07-25 11:53:49 | INFO |        9.302 |       78           2              0.131 
2023-07-25 11:53:49 | INFO |        9.434 |       79           2              0.131 
2023-07-25 11:53:49 | INFO |        9.565 |       80           2              0.131 
2023-07-25 11:53:49 | INFO |        9.696 |       81           2              0.131 
2023-07-25 11:53:49 | INFO |        9.827 |       82           2              0.131 
2023-07-25 11:53:49 | INFO |        9.958 |       83           2              0.131 
2023-07-25 11:53:49 | INFO |       10.089 |       84           2              0.131 
2023-07-25 11:53:49 | INFO |       10.220 |       85           2              0.131 
2023-07-25 11:53:49 | INFO |       10.482 |       86           2              0.262 
2023-07-25 11:53:49 | INFO |       10.744 |       87           2              0.262 
2023-07-25 11:53:49 | INFO |       11.006 |       88           2              0.262 
2023-07-25 11:53:49 | INFO |       11.269 |       89           2              0.262 
2023-07-25 11:53:49 | INFO |       11.531 |       90           2              0.262 
2023-07-25 11:53:49 | INFO |       11.793 |       91           2              0.262 
2023-07-25 11:53:49 | INFO |       12.317 |       92           1              0.524 
2023-07-25 11:53:49 | INFO |       12.789 |       93           1              0.472 
2023-07-25 11:53:49 | INFO |       13.733 |       94           1              0.944 
2023-07-25 11:53:49 | INFO |       14.676 |       95           1              0.944 
2023-07-25 11:53:49 | INFO |       16.564 |       96           1              1.887 
2023-07-25 11:53:49 | INFO |       18.451 |       97           1              1.887 
2023-07-25 11:53:49 | INFO |       22.226 |       98           1              3.775 
2023-07-25 11:53:49 | INFO |       26.001 |       99           1              3.775 
2023-07-25 11:53:49 | INFO |       33.551 |      100           1              7.550 
2023-07-25 11:53:49 | INFO |       43.551 |      101           1             10.000 
2023-07-25 11:53:49 | INFO |       50.000 |      102           1              6.449 
2023-07-25 11:53:49 | INFO | 
2023-07-25 11:53:49 | INFO | execution statistics :
2023-07-25 11:53:49 | INFO | 
2023-07-25 11:53:49 | INFO | number of time iterations                  = 235
2023-07-25 11:53:49 | INFO | number of residual evaluations             = 292
2023-07-25 11:53:49 | INFO | number of Jacobian evaluations             = 155
2023-07-25 11:53:49 | INFO | number of nonlinear iterations             = 274
2023-07-25 11:53:49 | INFO | number of error test failures              = 0
2023-07-25 11:53:49 | INFO | number of nonlinear convergence failures   = 0
2023-07-25 11:53:49 | INFO | number of root functions evaluations       = 1175
2023-07-25 11:53:49 | INFO | number of discrete variables evaluations   = 50
2023-07-25 11:53:49 | INFO | number of mode evaluations                 = 35
2023-07-25 11:53:49 | INFO | end of job 'IEEE14 - Under-frequency load shedding'
