2024-07-08 16:08:57 | INFO |  ============================================================ 
2024-07-08 16:08:57 | INFO | DYNAWO VERSION  :     1.7.0
2024-07-08 16:08:57 | INFO | DYNAWO REVISION :  3331_add_ova-2051bded25
2024-07-08 16:08:57 | INFO |  ============================================================ 
2024-07-08 16:08:57 | INFO | 
2024-07-08 16:08:57 | INFO | -----------------------------------------------------------------------
2024-07-08 16:08:57 | INFO | building model from input files
2024-07-08 16:08:57 | INFO | -----------------------------------------------------------------------
2024-07-08 16:08:57 | INFO | model was built successfully
2024-07-08 16:08:57 | INFO | -----------------------------------------------------------------------
2024-07-08 16:08:57 | INFO | 
2024-07-08 16:08:57 | INFO | -----------------------------------------------------------------------
2024-07-08 16:08:57 | INFO | starting local initialization
2024-07-08 16:08:57 | INFO | -----------------------------------------------------------------------
2024-07-08 16:08:57 | INFO | end of local initialization
2024-07-08 16:08:57 | INFO | -----------------------------------------------------------------------
2024-07-08 16:08:57 | INFO | 
2024-07-08 16:08:57 | INFO | -----------------------------------------------------------------------
2024-07-08 16:08:57 | INFO | starting global initialization
2024-07-08 16:08:57 | INFO | -----------------------------------------------------------------------
2024-07-08 16:08:57 | INFO | Algebraic mode change at t = 0
2024-07-08 16:08:57 | INFO | end of global initialization
2024-07-08 16:08:57 | INFO | -----------------------------------------------------------------------
2024-07-08 16:08:57 | INFO | 
2024-07-08 16:08:57 | INFO | -----------------------------------------------------------------------
2024-07-08 16:08:57 | INFO | starting curve initialization
2024-07-08 16:08:57 | INFO | -----------------------------------------------------------------------
2024-07-08 16:08:57 | INFO | end of curve initialization, added 38 curves
2024-07-08 16:08:57 | INFO | -----------------------------------------------------------------------
2024-07-08 16:08:57 | INFO | 
2024-07-08 16:08:57 | INFO | -----------------------------------------------------------------------
2024-07-08 16:08:57 | INFO | starting simulation with solver IDASolver
2024-07-08 16:08:57 | INFO | -----------------------------------------------------------------------
2024-07-08 16:08:57 | INFO | -----------------------------------------------------------------------
2024-07-08 16:08:57 | INFO | number of continuous variables : 371
2024-07-08 16:08:57 | INFO | number of discrete variables : 186
2024-07-08 16:08:57 | INFO | number of root functions : 121
2024-07-08 16:08:57 | INFO | -----------------------------------------------------------------------
2024-07-08 16:08:57 | INFO |         time | iter num   order (k)      time step (h)
2024-07-08 16:08:57 | INFO | -----------------------------------------------------------------------
2024-07-08 16:08:57 | INFO |        0.000 |        0           0              0.100 
2024-07-08 16:08:57 | INFO |        0.000 |        1           1              0.000 
2024-07-08 16:08:57 | INFO |        0.000 |        2           1              0.000 
2024-07-08 16:08:57 | INFO |        0.000 |        3           2              0.000 
2024-07-08 16:08:57 | INFO |        0.000 |        4           2              0.000 
2024-07-08 16:08:57 | INFO |        0.000 |        5           2              0.000 
2024-07-08 16:08:57 | INFO |        0.000 |        6           2              0.000 
2024-07-08 16:08:57 | INFO |        0.000 |        7           2              0.000 
2024-07-08 16:08:57 | INFO |        0.000 |        8           2              0.000 
2024-07-08 16:08:57 | INFO |        0.000 |        9           2              0.000 
2024-07-08 16:08:57 | INFO |        0.001 |       10           2              0.000 
2024-07-08 16:08:57 | INFO |        0.001 |       11           2              0.001 
2024-07-08 16:08:57 | INFO |        0.002 |       12           2              0.001 
2024-07-08 16:08:57 | INFO |        0.004 |       13           2              0.002 
2024-07-08 16:08:57 | INFO |        0.008 |       14           2              0.004 
2024-07-08 16:08:57 | INFO |        0.016 |       15           2              0.008 
2024-07-08 16:08:57 | INFO |        0.033 |       16           2              0.016 
2024-07-08 16:08:57 | INFO |        0.066 |       17           2              0.033 
2024-07-08 16:08:57 | INFO |        0.131 |       18           2              0.066 
2024-07-08 16:08:57 | INFO |        0.262 |       19           1              0.131 
2024-07-08 16:08:57 | INFO |        0.524 |       20           1              0.262 
2024-07-08 16:08:57 | INFO |        1.049 |       21           1              0.524 
2024-07-08 16:08:57 | INFO |        2.097 |       22           1              1.049 
2024-07-08 16:08:57 | INFO |        4.194 |       23           1              2.097 
2024-07-08 16:08:57 | INFO |        8.389 |       24           1              4.194 
2024-07-08 16:08:57 | INFO |       16.777 |       25           1              8.389 
2024-07-08 16:08:57 | INFO | Algebraic mode change at t = 20
2024-07-08 16:08:57 | INFO |       20.000 |       26           1             10.000 
2024-07-08 16:08:57 | INFO | calculation of the new starting point of the simulation.
2024-07-08 16:08:57 | INFO |       20.000 |        0           0              0.000 
2024-07-08 16:08:57 | INFO |       20.000 |        1           1              0.000 
2024-07-08 16:08:57 | INFO |       20.000 |        2           1              0.000 
2024-07-08 16:08:57 | INFO |       20.000 |        3           2              0.000 
2024-07-08 16:08:57 | INFO |       20.000 |        4           2              0.000 
2024-07-08 16:08:57 | INFO |       20.000 |        5           2              0.000 
2024-07-08 16:08:57 | INFO |       20.000 |        6           2              0.000 
2024-07-08 16:08:57 | INFO |       20.000 |        7           2              0.000 
2024-07-08 16:08:57 | INFO |       20.000 |        8           2              0.000 
2024-07-08 16:08:57 | INFO |       20.000 |        9           2              0.000 
2024-07-08 16:08:57 | INFO |       20.001 |       10           2              0.000 
2024-07-08 16:08:57 | INFO |       20.001 |       11           2              0.001 
2024-07-08 16:08:57 | INFO |       20.002 |       12           2              0.001 
2024-07-08 16:08:57 | INFO |       20.004 |       13           2              0.002 
2024-07-08 16:08:57 | INFO |       20.008 |       14           2              0.004 
2024-07-08 16:08:57 | INFO |       20.016 |       15           2              0.008 
2024-07-08 16:08:57 | INFO |       20.033 |       16           2              0.016 
2024-07-08 16:08:57 | INFO |       20.066 |       17           2              0.033 
2024-07-08 16:08:57 | INFO |       20.098 |       18           2              0.033 
2024-07-08 16:08:57 | INFO |       20.164 |       19           2              0.066 
2024-07-08 16:08:57 | INFO |       20.229 |       20           1              0.066 
2024-07-08 16:08:57 | INFO |       20.295 |       21           1              0.066 
2024-07-08 16:08:57 | INFO |       20.426 |       22           1              0.131 
2024-07-08 16:08:57 | INFO |       20.557 |       23           1              0.131 
2024-07-08 16:08:57 | INFO |       20.688 |       24           1              0.131 
2024-07-08 16:08:57 | INFO |       20.950 |       25           1              0.262 
2024-07-08 16:08:57 | INFO |       21.212 |       26           1              0.262 
2024-07-08 16:08:57 | INFO |       21.475 |       27           1              0.262 
2024-07-08 16:08:57 | INFO |       21.999 |       28           1              0.524 
2024-07-08 16:08:57 | INFO |       22.523 |       29           1              0.524 
2024-07-08 16:08:57 | INFO |       23.572 |       30           1              1.049 
2024-07-08 16:08:57 | INFO |       24.620 |       31           1              1.049 
2024-07-08 16:08:57 | INFO |       25.669 |       32           1              1.049 
2024-07-08 16:08:57 | INFO |       27.766 |       33           2              2.097 
2024-07-08 16:08:57 | INFO |       29.863 |       34           2              2.097 
2024-07-08 16:08:57 | INFO |       33.122 |       35           2              4.194 
2024-07-08 16:08:57 | INFO |       34.057 |       35           2              4.194 
2024-07-08 16:08:57 | INFO |       37.832 |       36           2              3.775 
2024-07-08 16:08:57 | INFO | Algebraic mode (with J recalculation) change at t = 38.1224
2024-07-08 16:08:57 | INFO |       38.122 |       37           2              3.775 
2024-07-08 16:08:57 | INFO | calculation of the new starting point of the simulation.
2024-07-08 16:08:57 | INFO |       38.122 |        0           0              0.000 
2024-07-08 16:08:57 | INFO |       38.122 |        1           1              0.000 
2024-07-08 16:08:57 | INFO |       38.122 |        2           1              0.000 
2024-07-08 16:08:57 | INFO |       38.122 |        3           2              0.000 
2024-07-08 16:08:57 | INFO |       38.122 |        4           2              0.000 
2024-07-08 16:08:57 | INFO |       38.122 |        5           2              0.000 
2024-07-08 16:08:57 | INFO |       38.122 |        6           2              0.000 
2024-07-08 16:08:57 | INFO |       38.122 |        7           2              0.000 
2024-07-08 16:08:57 | INFO |       38.123 |        8           2              0.000 
2024-07-08 16:08:57 | INFO |       38.123 |        9           2              0.000 
2024-07-08 16:08:57 | INFO |       38.123 |       10           2              0.000 
2024-07-08 16:08:57 | INFO |       38.123 |       11           2              0.001 
2024-07-08 16:08:57 | INFO |       38.124 |       12           2              0.001 
2024-07-08 16:08:57 | INFO |       38.126 |       13           2              0.002 
2024-07-08 16:08:57 | INFO |       38.131 |       14           2              0.004 
2024-07-08 16:08:57 | INFO |       38.139 |       15           2              0.008 
2024-07-08 16:08:57 | INFO |       38.155 |       16           2              0.016 
2024-07-08 16:08:57 | INFO |       38.188 |       17           2              0.033 
2024-07-08 16:08:57 | INFO |       38.221 |       18           2              0.033 
2024-07-08 16:08:57 | INFO |       38.286 |       19           2              0.066 
2024-07-08 16:08:57 | INFO |       38.417 |       20           1              0.131 
2024-07-08 16:08:57 | INFO |       38.548 |       21           1              0.131 
2024-07-08 16:08:57 | INFO |       38.679 |       22           1              0.131 
2024-07-08 16:08:57 | INFO |       38.811 |       23           1              0.131 
2024-07-08 16:08:57 | INFO |       39.073 |       24           1              0.262 
2024-07-08 16:08:57 | INFO |       39.335 |       25           1              0.262 
2024-07-08 16:08:57 | INFO |       39.859 |       26           1              0.524 
2024-07-08 16:08:57 | INFO |       40.383 |       27           1              0.524 
2024-07-08 16:08:57 | INFO |       41.432 |       28           1              1.049 
2024-07-08 16:08:57 | INFO |       42.481 |       29           1              1.049 
2024-07-08 16:08:57 | INFO |       43.122 |       30           1              1.049 
2024-07-08 16:08:57 | INFO |       43.122 |       30           1              1.049 
2024-07-08 16:08:57 | INFO |       43.529 |       30           1              1.049 
2024-07-08 16:08:57 | INFO |       45.626 |       31           1              2.097 
2024-07-08 16:08:57 | INFO |       47.723 |       32           1              2.097 
2024-07-08 16:08:57 | INFO |       51.918 |       33           1              4.194 
2024-07-08 16:08:57 | INFO |       56.112 |       34           1              4.194 
2024-07-08 16:08:57 | INFO |       64.501 |       35           1              8.389 
2024-07-08 16:08:57 | INFO |       72.889 |       36           1              8.389 
2024-07-08 16:08:57 | INFO |       82.889 |       37           1             10.000 
2024-07-08 16:08:57 | INFO |       92.889 |       38           1             10.000 
2024-07-08 16:08:57 | INFO |      100.000 |       39           1              7.111 
2024-07-08 16:08:57 | INFO | 
2024-07-08 16:08:57 | INFO | execution statistics :
2024-07-08 16:08:57 | INFO | 
2024-07-08 16:08:57 | INFO | number of time iterations                  = 102
2024-07-08 16:08:57 | INFO | number of residual evaluations             = 163
2024-07-08 16:08:57 | INFO | number of Jacobian evaluations             = 73
2024-07-08 16:08:57 | INFO | number of nonlinear iterations             = 157
2024-07-08 16:08:57 | INFO | number of error test failures              = 0
2024-07-08 16:08:57 | INFO | number of nonlinear convergence failures   = 0
2024-07-08 16:08:57 | INFO | number of root functions evaluations       = 309
2024-07-08 16:08:57 | INFO | number of discrete variables evaluations   = 14
2024-07-08 16:08:57 | INFO | number of mode evaluations                 = 8
2024-07-08 16:08:57 | INFO | end of job 'IEEE14 - UnderVoltageAutomaton'
