2025-10-17 16:04:11 | INFO |  ============================================================ 
2025-10-17 16:04:11 | INFO | DYNAWO VERSION  :     1.8.0
2025-10-17 16:04:11 | INFO | DYNAWO REVISION :  3738_improve_SecondaryVoltageControl_cpp_model_init-2280d8a6a66
2025-10-17 16:04:11 | INFO |  ============================================================ 
2025-10-17 16:04:11 | INFO | 
2025-10-17 16:04:11 | INFO | -----------------------------------------------------------------------
2025-10-17 16:04:11 | INFO | building model from input files
2025-10-17 16:04:11 | INFO | -----------------------------------------------------------------------
2025-10-17 16:04:11 | INFO | model was built successfully
2025-10-17 16:04:11 | INFO | -----------------------------------------------------------------------
2025-10-17 16:04:11 | INFO | 
2025-10-17 16:04:11 | INFO | -----------------------------------------------------------------------
2025-10-17 16:04:11 | INFO | starting local initialization
2025-10-17 16:04:11 | INFO | -----------------------------------------------------------------------
2025-10-17 16:04:11 | INFO | ... loading "tableqmax" from "nrt/data/DynaFlow/HvdcRpcl2/Diagram.txt"
2025-10-17 16:04:11 | INFO | ... loading "tableqmin" from "nrt/data/DynaFlow/HvdcRpcl2/Diagram.txt"
2025-10-17 16:04:11 | INFO | ... loading "tableqmax" from "nrt/data/DynaFlow/HvdcRpcl2/Diagram.txt"
2025-10-17 16:04:11 | INFO | ... loading "tableqmin" from "nrt/data/DynaFlow/HvdcRpcl2/Diagram.txt"
2025-10-17 16:04:11 | INFO | end of local initialization
2025-10-17 16:04:11 | INFO | -----------------------------------------------------------------------
2025-10-17 16:04:11 | INFO | 
2025-10-17 16:04:11 | INFO | -----------------------------------------------------------------------
2025-10-17 16:04:11 | INFO | starting global initialization
2025-10-17 16:04:11 | INFO | -----------------------------------------------------------------------
2025-10-17 16:04:11 | INFO | Algebraic mode change at t = 0
2025-10-17 16:04:11 | INFO | Algebraic mode change at t = 0
2025-10-17 16:04:11 | INFO | end of global initialization
2025-10-17 16:04:11 | INFO | -----------------------------------------------------------------------
2025-10-17 16:04:11 | INFO | 
2025-10-17 16:04:11 | INFO | -----------------------------------------------------------------------
2025-10-17 16:04:11 | INFO | starting curve initialization
2025-10-17 16:04:11 | INFO | -----------------------------------------------------------------------
2025-10-17 16:04:11 | WARN | curve not added: Id: Hvdc1 , name: line_P1Pu
2025-10-17 16:04:11 | WARN | curve not added: Id: Hvdc1 , name: line_Q1Pu
2025-10-17 16:04:11 | WARN | curve not added: Id: Hvdc1 , name: line_P2Pu
2025-10-17 16:04:11 | WARN | curve not added: Id: Hvdc1 , name: line_Q2Pu
2025-10-17 16:04:11 | WARN | curve not added: Id: Hvdc2 , name: line_P1Pu
2025-10-17 16:04:11 | WARN | curve not added: Id: Hvdc2 , name: line_Q1Pu
2025-10-17 16:04:11 | WARN | curve not added: Id: Hvdc2 , name: line_P2Pu
2025-10-17 16:04:11 | WARN | curve not added: Id: Hvdc2 , name: line_Q2Pu
2025-10-17 16:04:11 | INFO | end of curve initialization, added 22 curves
2025-10-17 16:04:11 | INFO | -----------------------------------------------------------------------
2025-10-17 16:04:11 | INFO | 
2025-10-17 16:04:11 | INFO | -----------------------------------------------------------------------
2025-10-17 16:04:11 | INFO | starting simulation with solver SimplifiedSolver
2025-10-17 16:04:11 | INFO | -----------------------------------------------------------------------
2025-10-17 16:04:11 | INFO | -----------------------------------------------------------------------
2025-10-17 16:04:11 | INFO | number of continuous variables : 121
2025-10-17 16:04:11 | INFO | number of discrete variables : 66
2025-10-17 16:04:11 | INFO | number of root functions : 111
2025-10-17 16:04:11 | INFO | -----------------------------------------------------------------------
2025-10-17 16:04:11 | INFO |         time ¦ iter num   Nonlinear iter   jac eval      time step (h)
2025-10-17 16:04:11 | INFO | -----------------------------------------------------------------------
2025-10-17 16:04:11 | INFO |        0.000 ¦        0                0          0             10.000 
2025-10-17 16:04:11 | INFO |       10.000 ¦        1                1          1             10.000 
2025-10-17 16:04:11 | INFO |       20.000 ¦        2                2          2             10.000 
2025-10-17 16:04:11 | INFO |       30.000 ¦        3                3          3             10.000 
2025-10-17 16:04:11 | INFO |       40.000 ¦        4                4          4             10.000 
2025-10-17 16:04:11 | INFO |       50.000 ¦        5                5          5             10.000 
2025-10-17 16:04:11 | INFO |       60.000 ¦        6                6          6             10.000 
2025-10-17 16:04:11 | INFO |       70.000 ¦        7                7          7             10.000 
2025-10-17 16:04:11 | INFO |       80.000 ¦        8                8          8             10.000 
2025-10-17 16:04:11 | INFO |       90.000 ¦        9                9          9             10.000 
2025-10-17 16:04:11 | INFO | Algebraic mode (with J recalculation) change at t = 100
2025-10-17 16:04:11 | INFO |      100.000 ¦       10               10         10             10.000 
2025-10-17 16:04:11 | INFO | calculation of the new starting point of the simulation.
2025-10-17 16:04:11 | INFO |      100.000 ¦       10               12         12             10.000 
2025-10-17 16:04:11 | INFO |      110.000 ¦       11               13         13             10.000 
2025-10-17 16:04:11 | INFO |      120.000 ¦       12               14         14             10.000 
2025-10-17 16:04:11 | INFO |      130.000 ¦       13               15         15             10.000 
2025-10-17 16:04:11 | INFO |      140.000 ¦       14               16         16             10.000 
2025-10-17 16:04:11 | INFO |      150.000 ¦       15               17         17             10.000 
2025-10-17 16:04:11 | INFO |      160.000 ¦       16               18         18             10.000 
2025-10-17 16:04:11 | INFO |      170.000 ¦       17               19         19             10.000 
2025-10-17 16:04:11 | INFO |      180.000 ¦       18               20         20             10.000 
2025-10-17 16:04:11 | INFO |      190.000 ¦       19               21         21             10.000 
2025-10-17 16:04:11 | INFO |      200.000 ¦       20               22         22             10.000 
2025-10-17 16:04:11 | INFO |      210.000 ¦       21               23         23             10.000 
2025-10-17 16:04:11 | INFO |      220.000 ¦       22               24         24             10.000 
2025-10-17 16:04:11 | INFO |      230.000 ¦       23               25         25             10.000 
2025-10-17 16:04:11 | INFO |      240.000 ¦       24               26         26             10.000 
2025-10-17 16:04:11 | INFO |      250.000 ¦       25               27         27             10.000 
2025-10-17 16:04:11 | INFO |      260.000 ¦       26               28         28             10.000 
2025-10-17 16:04:11 | INFO |      270.000 ¦       27               29         29             10.000 
2025-10-17 16:04:11 | INFO |      280.000 ¦       28               30         30             10.000 
2025-10-17 16:04:11 | INFO |      290.000 ¦       29               31         31             10.000 
2025-10-17 16:04:11 | INFO |      300.000 ¦       30               32         32             10.000 
2025-10-17 16:04:11 | INFO |      310.000 ¦       31               33         33             10.000 
2025-10-17 16:04:11 | INFO |      320.000 ¦       32               34         34             10.000 
2025-10-17 16:04:11 | INFO |      330.000 ¦       33               35         35             10.000 
2025-10-17 16:04:11 | INFO |      340.000 ¦       34               36         36             10.000 
2025-10-17 16:04:11 | INFO |      350.000 ¦       35               37         37             10.000 
2025-10-17 16:04:11 | INFO |      360.000 ¦       36               38         38             10.000 
2025-10-17 16:04:11 | INFO |      370.000 ¦       37               39         39             10.000 
2025-10-17 16:04:11 | INFO |      380.000 ¦       38               40         40             10.000 
2025-10-17 16:04:11 | INFO |      390.000 ¦       39               41         41             10.000 
2025-10-17 16:04:11 | INFO |      400.000 ¦       40               42         42             10.000 
2025-10-17 16:04:11 | INFO |      410.000 ¦       41               43         43             10.000 
2025-10-17 16:04:11 | INFO |      420.000 ¦       42               44         44             10.000 
2025-10-17 16:04:11 | INFO |      430.000 ¦       43               45         45             10.000 
2025-10-17 16:04:11 | INFO |      440.000 ¦       44               46         46             10.000 
2025-10-17 16:04:11 | INFO |      450.000 ¦       45               47         47             10.000 
2025-10-17 16:04:11 | INFO |      460.000 ¦       46               48         48             10.000 
2025-10-17 16:04:11 | INFO |      470.000 ¦       47               49         49             10.000 
2025-10-17 16:04:11 | INFO |      480.000 ¦       48               50         50             10.000 
2025-10-17 16:04:11 | INFO |      490.000 ¦       49               51         51             10.000 
2025-10-17 16:04:11 | INFO |      500.000 ¦       50               52         52             10.000 
2025-10-17 16:04:11 | INFO |      510.000 ¦       51               53         53             10.000 
2025-10-17 16:04:11 | INFO |      520.000 ¦       52               54         54             10.000 
2025-10-17 16:04:11 | INFO |      530.000 ¦       53               55         55             10.000 
2025-10-17 16:04:11 | INFO |      540.000 ¦       54               56         56             10.000 
2025-10-17 16:04:11 | INFO |      550.000 ¦       55               57         57             10.000 
2025-10-17 16:04:11 | INFO |      560.000 ¦       56               58         58             10.000 
2025-10-17 16:04:11 | INFO |      570.000 ¦       57               59         59             10.000 
2025-10-17 16:04:11 | INFO |      580.000 ¦       58               60         60             10.000 
2025-10-17 16:04:11 | INFO |      590.000 ¦       59               61         61             10.000 
2025-10-17 16:04:11 | INFO |      600.000 ¦       60               62         62             10.000 
2025-10-17 16:04:11 | INFO |      610.000 ¦       61               63         63             10.000 
2025-10-17 16:04:11 | INFO |      620.000 ¦       62               64         64             10.000 
2025-10-17 16:04:11 | INFO |      630.000 ¦       63               65         65             10.000 
2025-10-17 16:04:11 | INFO |      640.000 ¦       64               66         66             10.000 
2025-10-17 16:04:11 | INFO |      650.000 ¦       65               67         67             10.000 
2025-10-17 16:04:11 | INFO |      660.000 ¦       66               68         68             10.000 
2025-10-17 16:04:11 | INFO |      670.000 ¦       67               69         69             10.000 
2025-10-17 16:04:11 | INFO |      680.000 ¦       68               70         70             10.000 
2025-10-17 16:04:11 | INFO |      690.000 ¦       69               71         71             10.000 
2025-10-17 16:04:11 | INFO |      700.000 ¦       70               72         72             10.000 
2025-10-17 16:04:11 | INFO |      710.000 ¦       71               73         73             10.000 
2025-10-17 16:04:11 | INFO |      720.000 ¦       72               74         74             10.000 
2025-10-17 16:04:11 | INFO |      730.000 ¦       73               75         75             10.000 
2025-10-17 16:04:11 | INFO |      740.000 ¦       74               76         76             10.000 
2025-10-17 16:04:11 | INFO |      750.000 ¦       75               77         77             10.000 
2025-10-17 16:04:11 | INFO |      760.000 ¦       76               78         78             10.000 
2025-10-17 16:04:11 | INFO |      770.000 ¦       77               79         79             10.000 
2025-10-17 16:04:11 | INFO |      780.000 ¦       78               80         80             10.000 
2025-10-17 16:04:11 | INFO |      790.000 ¦       79               81         81             10.000 
2025-10-17 16:04:11 | INFO |      800.000 ¦       80               82         82             10.000 
2025-10-17 16:04:11 | INFO |      810.000 ¦       81               83         83             10.000 
2025-10-17 16:04:11 | INFO |      820.000 ¦       82               84         84             10.000 
2025-10-17 16:04:11 | INFO |      830.000 ¦       83               85         85             10.000 
2025-10-17 16:04:11 | INFO |      840.000 ¦       84               86         86             10.000 
2025-10-17 16:04:11 | INFO |      850.000 ¦       85               87         87             10.000 
2025-10-17 16:04:11 | INFO |      860.000 ¦       86               88         88             10.000 
2025-10-17 16:04:11 | INFO |      870.000 ¦       87               89         89             10.000 
2025-10-17 16:04:11 | INFO |      880.000 ¦       88               90         90             10.000 
2025-10-17 16:04:11 | INFO |      890.000 ¦       89               91         91             10.000 
2025-10-17 16:04:11 | INFO |      900.000 ¦       90               92         92             10.000 
2025-10-17 16:04:11 | INFO | Algebraic mode (with J recalculation) change at t = 910
2025-10-17 16:04:11 | INFO |      910.000 ¦       91               93         93             10.000 
2025-10-17 16:04:11 | INFO | calculation of the new starting point of the simulation.
2025-10-17 16:04:11 | INFO | Algebraic mode change at t = 910
2025-10-17 16:04:11 | INFO |      910.000 ¦       91               96         96             10.000 
2025-10-17 16:04:11 | INFO |      920.000 ¦       92               97         97             10.000 
2025-10-17 16:04:11 | INFO | Algebraic mode (with J recalculation) change at t = 930
2025-10-17 16:04:11 | INFO |      930.000 ¦       93               98         98             10.000 
2025-10-17 16:04:11 | INFO | calculation of the new starting point of the simulation.
2025-10-17 16:04:11 | INFO | Algebraic mode change at t = 930
2025-10-17 16:04:11 | INFO |      930.000 ¦       93              101        101             10.000 
2025-10-17 16:04:11 | INFO | Algebraic mode (with J recalculation) change at t = 940
2025-10-17 16:04:11 | INFO |      940.000 ¦       94              102        102             10.000 
2025-10-17 16:04:11 | INFO | calculation of the new starting point of the simulation.
2025-10-17 16:04:11 | INFO | Algebraic mode change at t = 940
2025-10-17 16:04:11 | INFO |      940.000 ¦       94              105        105             10.000 
2025-10-17 16:04:11 | INFO |      950.000 ¦       95              106        106             10.000 
2025-10-17 16:04:11 | INFO |      960.000 ¦       96              107        107             10.000 
2025-10-17 16:04:11 | INFO |      970.000 ¦       97              108        108             10.000 
2025-10-17 16:04:11 | INFO | Algebraic mode (with J recalculation) change at t = 980
2025-10-17 16:04:11 | INFO |      980.000 ¦       98              109        109             10.000 
2025-10-17 16:04:11 | INFO | calculation of the new starting point of the simulation.
2025-10-17 16:04:11 | INFO | Algebraic mode change at t = 980
2025-10-17 16:04:11 | INFO |      980.000 ¦       98              112        112             10.000 
2025-10-17 16:04:11 | INFO | Algebraic mode (with J recalculation) change at t = 990
2025-10-17 16:04:11 | INFO |      990.000 ¦       99              113        113             10.000 
2025-10-17 16:04:11 | INFO | calculation of the new starting point of the simulation.
2025-10-17 16:04:11 | INFO | Algebraic mode change at t = 990
2025-10-17 16:04:11 | INFO |      990.000 ¦       99              116        116             10.000 
2025-10-17 16:04:11 | INFO |     1000.000 ¦      100              117        117             10.000 
2025-10-17 16:04:11 | INFO |     1010.000 ¦      101              118        118             10.000 
2025-10-17 16:04:11 | INFO |     1020.000 ¦      102              119        119             10.000 
2025-10-17 16:04:11 | INFO |     1030.000 ¦      103              120        120             10.000 
2025-10-17 16:04:11 | INFO |     1040.000 ¦      104              121        121             10.000 
2025-10-17 16:04:11 | INFO |     1050.000 ¦      105              122        122             10.000 
2025-10-17 16:04:11 | INFO |     1060.000 ¦      106              123        123             10.000 
2025-10-17 16:04:11 | INFO |     1070.000 ¦      107              124        124             10.000 
2025-10-17 16:04:11 | INFO | Algebraic mode (with J recalculation) change at t = 1080
2025-10-17 16:04:11 | INFO |     1080.000 ¦      108              125        125             10.000 
2025-10-17 16:04:11 | INFO | calculation of the new starting point of the simulation.
2025-10-17 16:04:11 | INFO | Algebraic mode change at t = 1080
2025-10-17 16:04:11 | INFO |     1080.000 ¦      108              128        128             10.000 
2025-10-17 16:04:11 | INFO | Algebraic mode (with J recalculation) change at t = 1090
2025-10-17 16:04:11 | INFO |     1090.000 ¦      109              129        129             10.000 
2025-10-17 16:04:11 | INFO | calculation of the new starting point of the simulation.
2025-10-17 16:04:11 | INFO | Algebraic mode change at t = 1090
2025-10-17 16:04:11 | INFO |     1090.000 ¦      109              132        132             10.000 
2025-10-17 16:04:11 | INFO |     1100.000 ¦      110              133        133             10.000 
2025-10-17 16:04:11 | INFO |     1110.000 ¦      111              134        134             10.000 
2025-10-17 16:04:11 | INFO |     1120.000 ¦      112              135        135             10.000 
2025-10-17 16:04:11 | INFO |     1130.000 ¦      113              136        136             10.000 
2025-10-17 16:04:11 | INFO |     1140.000 ¦      114              137        137             10.000 
2025-10-17 16:04:11 | INFO |     1150.000 ¦      115              138        138             10.000 
2025-10-17 16:04:11 | INFO |     1160.000 ¦      116              139        139             10.000 
2025-10-17 16:04:11 | INFO |     1170.000 ¦      117              140        140             10.000 
2025-10-17 16:04:11 | INFO |     1180.000 ¦      118              141        141             10.000 
2025-10-17 16:04:11 | INFO |     1190.000 ¦      119              142        142             10.000 
2025-10-17 16:04:11 | INFO |     1200.000 ¦      120              143        143             10.000 
2025-10-17 16:04:11 | INFO |     1210.000 ¦      121              144        144             10.000 
2025-10-17 16:04:11 | INFO |     1220.000 ¦      122              145        145             10.000 
2025-10-17 16:04:11 | INFO |     1230.000 ¦      123              146        146             10.000 
2025-10-17 16:04:11 | INFO |     1240.000 ¦      124              147        147             10.000 
2025-10-17 16:04:11 | INFO |     1250.000 ¦      125              148        148             10.000 
2025-10-17 16:04:11 | INFO |     1260.000 ¦      126              149        149             10.000 
2025-10-17 16:04:11 | INFO |     1270.000 ¦      127              150        150             10.000 
2025-10-17 16:04:11 | INFO |     1280.000 ¦      128              151        151             10.000 
2025-10-17 16:04:11 | INFO |     1290.000 ¦      129              152        152             10.000 
2025-10-17 16:04:11 | INFO |     1300.000 ¦      130              153        153             10.000 
2025-10-17 16:04:11 | INFO |     1310.000 ¦      131              154        154             10.000 
2025-10-17 16:04:11 | INFO |     1320.000 ¦      132              155        155             10.000 
2025-10-17 16:04:11 | INFO |     1330.000 ¦      133              156        156             10.000 
2025-10-17 16:04:11 | INFO |     1340.000 ¦      134              157        157             10.000 
2025-10-17 16:04:11 | INFO | Algebraic mode (with J recalculation) change at t = 1350
2025-10-17 16:04:11 | INFO |     1350.000 ¦      135              158        158             10.000 
2025-10-17 16:04:11 | INFO | calculation of the new starting point of the simulation.
2025-10-17 16:04:11 | INFO | Algebraic mode change at t = 1350
2025-10-17 16:04:11 | INFO |     1350.000 ¦      135              161        161             10.000 
2025-10-17 16:04:11 | INFO | Algebraic mode (with J recalculation) change at t = 1360
2025-10-17 16:04:11 | INFO |     1360.000 ¦      136              162        162             10.000 
2025-10-17 16:04:11 | INFO | calculation of the new starting point of the simulation.
2025-10-17 16:04:11 | INFO | Algebraic mode change at t = 1360
2025-10-17 16:04:11 | INFO |     1360.000 ¦      136              164        164             10.000 
2025-10-17 16:04:11 | INFO |     1370.000 ¦      137              165        165             10.000 
2025-10-17 16:04:11 | INFO |     1380.000 ¦      138              166        166             10.000 
2025-10-17 16:04:11 | INFO |     1390.000 ¦      139              167        167             10.000 
2025-10-17 16:04:11 | INFO |     1400.000 ¦      140              168        168             10.000 
2025-10-17 16:04:11 | INFO |     1410.000 ¦      141              169        169             10.000 
2025-10-17 16:04:11 | INFO |     1420.000 ¦      142              170        170             10.000 
2025-10-17 16:04:11 | INFO |     1430.000 ¦      143              171        171             10.000 
2025-10-17 16:04:11 | INFO |     1440.000 ¦      144              172        172             10.000 
2025-10-17 16:04:11 | INFO |     1450.000 ¦      145              173        173             10.000 
2025-10-17 16:04:11 | INFO |     1460.000 ¦      146              174        174             10.000 
2025-10-17 16:04:11 | INFO |     1470.000 ¦      147              175        175             10.000 
2025-10-17 16:04:11 | INFO |     1480.000 ¦      148              176        176             10.000 
2025-10-17 16:04:11 | INFO |     1490.000 ¦      149              177        177             10.000 
2025-10-17 16:04:11 | INFO |     1500.000 ¦      150              178        178             10.000 
2025-10-17 16:04:11 | INFO |     1510.000 ¦      151              179        179             10.000 
2025-10-17 16:04:11 | INFO |     1520.000 ¦      152              180        180             10.000 
2025-10-17 16:04:11 | INFO |     1530.000 ¦      153              181        181             10.000 
2025-10-17 16:04:11 | INFO |     1540.000 ¦      154              182        182             10.000 
2025-10-17 16:04:11 | INFO |     1550.000 ¦      155              183        183             10.000 
2025-10-17 16:04:11 | INFO |     1560.000 ¦      156              184        184             10.000 
2025-10-17 16:04:11 | INFO |     1570.000 ¦      157              185        185             10.000 
2025-10-17 16:04:11 | INFO |     1580.000 ¦      158              186        186             10.000 
2025-10-17 16:04:11 | INFO |     1590.000 ¦      159              187        187             10.000 
2025-10-17 16:04:11 | INFO |     1600.000 ¦      160              188        188             10.000 
2025-10-17 16:04:11 | INFO |     1610.000 ¦      161              189        189             10.000 
2025-10-17 16:04:11 | INFO |     1620.000 ¦      162              190        190             10.000 
2025-10-17 16:04:11 | INFO |     1630.000 ¦      163              191        191             10.000 
2025-10-17 16:04:11 | INFO |     1640.000 ¦      164              192        192             10.000 
2025-10-17 16:04:11 | INFO |     1650.000 ¦      165              193        193             10.000 
2025-10-17 16:04:11 | INFO |     1660.000 ¦      166              194        194             10.000 
2025-10-17 16:04:11 | INFO |     1670.000 ¦      167              195        195             10.000 
2025-10-17 16:04:11 | INFO |     1680.000 ¦      168              196        196             10.000 
2025-10-17 16:04:11 | INFO |     1690.000 ¦      169              197        197             10.000 
2025-10-17 16:04:11 | INFO |     1700.000 ¦      170              198        198             10.000 
2025-10-17 16:04:11 | INFO |     1710.000 ¦      171              199        199             10.000 
2025-10-17 16:04:11 | INFO |     1720.000 ¦      172              200        200             10.000 
2025-10-17 16:04:11 | INFO |     1730.000 ¦      173              201        201             10.000 
2025-10-17 16:04:11 | INFO |     1740.000 ¦      174              202        202             10.000 
2025-10-17 16:04:11 | INFO |     1750.000 ¦      175              203        203             10.000 
2025-10-17 16:04:11 | INFO |     1760.000 ¦      176              204        204             10.000 
2025-10-17 16:04:11 | INFO |     1770.000 ¦      177              205        205             10.000 
2025-10-17 16:04:11 | INFO |     1780.000 ¦      178              206        206             10.000 
2025-10-17 16:04:11 | INFO |     1790.000 ¦      179              207        207             10.000 
2025-10-17 16:04:11 | INFO |     1800.000 ¦      180              208        208             10.000 
2025-10-17 16:04:11 | INFO |     1810.000 ¦      181              209        209             10.000 
2025-10-17 16:04:11 | INFO |     1820.000 ¦      182              210        210             10.000 
2025-10-17 16:04:11 | INFO |     1830.000 ¦      183              211        211             10.000 
2025-10-17 16:04:11 | INFO |     1840.000 ¦      184              212        212             10.000 
2025-10-17 16:04:11 | INFO |     1850.000 ¦      185              213        213             10.000 
2025-10-17 16:04:11 | INFO |     1860.000 ¦      186              214        214             10.000 
2025-10-17 16:04:11 | INFO |     1870.000 ¦      187              215        215             10.000 
2025-10-17 16:04:11 | INFO |     1880.000 ¦      188              216        216             10.000 
2025-10-17 16:04:11 | INFO |     1890.000 ¦      189              217        217             10.000 
2025-10-17 16:04:11 | INFO |     1900.000 ¦      190              218        218             10.000 
2025-10-17 16:04:11 | INFO |     1910.000 ¦      191              219        219             10.000 
2025-10-17 16:04:11 | INFO |     1920.000 ¦      192              220        220             10.000 
2025-10-17 16:04:11 | INFO |     1930.000 ¦      193              221        221             10.000 
2025-10-17 16:04:11 | INFO |     1940.000 ¦      194              222        222             10.000 
2025-10-17 16:04:11 | INFO |     1950.000 ¦      195              223        223             10.000 
2025-10-17 16:04:11 | INFO |     1960.000 ¦      196              224        224             10.000 
2025-10-17 16:04:11 | INFO |     1970.000 ¦      197              225        225             10.000 
2025-10-17 16:04:11 | INFO |     1980.000 ¦      198              226        226             10.000 
2025-10-17 16:04:11 | INFO |     1990.000 ¦      199              227        227             10.000 
2025-10-17 16:04:11 | INFO |     2000.000 ¦      200              228        228             10.000 
2025-10-17 16:04:11 | INFO |     2010.000 ¦      201              229        229             10.000 
2025-10-17 16:04:11 | INFO |     2020.000 ¦      202              230        230             10.000 
2025-10-17 16:04:11 | INFO |     2030.000 ¦      203              231        231             10.000 
2025-10-17 16:04:11 | INFO |     2040.000 ¦      204              232        232             10.000 
2025-10-17 16:04:11 | INFO |     2050.000 ¦      205              233        233             10.000 
2025-10-17 16:04:11 | INFO |     2060.000 ¦      206              234        234             10.000 
2025-10-17 16:04:11 | INFO |     2070.000 ¦      207              235        235             10.000 
2025-10-17 16:04:11 | INFO |     2080.000 ¦      208              236        236             10.000 
2025-10-17 16:04:11 | INFO |     2090.000 ¦      209              237        237             10.000 
2025-10-17 16:04:11 | INFO |     2100.000 ¦      210              238        238             10.000 
2025-10-17 16:04:11 | INFO |     2110.000 ¦      211              239        239             10.000 
2025-10-17 16:04:11 | INFO |     2120.000 ¦      212              240        240             10.000 
2025-10-17 16:04:11 | INFO |     2130.000 ¦      213              241        241             10.000 
2025-10-17 16:04:11 | INFO |     2140.000 ¦      214              242        242             10.000 
2025-10-17 16:04:11 | INFO |     2150.000 ¦      215              243        243             10.000 
2025-10-17 16:04:11 | INFO |     2160.000 ¦      216              244        244             10.000 
2025-10-17 16:04:11 | INFO |     2170.000 ¦      217              245        245             10.000 
2025-10-17 16:04:11 | INFO |     2180.000 ¦      218              246        246             10.000 
2025-10-17 16:04:11 | INFO |     2190.000 ¦      219              247        247             10.000 
2025-10-17 16:04:11 | INFO |     2200.000 ¦      220              248        248             10.000 
2025-10-17 16:04:11 | INFO |     2210.000 ¦      221              249        249             10.000 
2025-10-17 16:04:11 | INFO |     2220.000 ¦      222              250        250             10.000 
2025-10-17 16:04:11 | INFO |     2230.000 ¦      223              251        251             10.000 
2025-10-17 16:04:11 | INFO |     2240.000 ¦      224              252        252             10.000 
2025-10-17 16:04:11 | INFO |     2250.000 ¦      225              253        253             10.000 
2025-10-17 16:04:11 | INFO |     2260.000 ¦      226              254        254             10.000 
2025-10-17 16:04:11 | INFO | Algebraic mode (with J recalculation) change at t = 2270
2025-10-17 16:04:11 | INFO |     2270.000 ¦      227              255        255             10.000 
2025-10-17 16:04:11 | INFO | calculation of the new starting point of the simulation.
2025-10-17 16:04:11 | INFO |     2270.000 ¦      227              257        257             10.000 
2025-10-17 16:04:11 | INFO | Algebraic mode (with J recalculation) change at t = 2280
2025-10-17 16:04:11 | INFO |     2280.000 ¦      228              258        258             10.000 
2025-10-17 16:04:11 | INFO | calculation of the new starting point of the simulation.
2025-10-17 16:04:11 | INFO | Algebraic mode change at t = 2280
2025-10-17 16:04:11 | INFO |     2280.000 ¦      228              260        260             10.000 
2025-10-17 16:04:11 | INFO |     2290.000 ¦      229              261        261             10.000 
2025-10-17 16:04:11 | INFO |     2300.000 ¦      230              262        262             10.000 
2025-10-17 16:04:11 | INFO |     2310.000 ¦      231              263        263             10.000 
2025-10-17 16:04:11 | INFO |     2320.000 ¦      232              264        264             10.000 
2025-10-17 16:04:11 | INFO |     2330.000 ¦      233              265        265             10.000 
2025-10-17 16:04:11 | INFO |     2340.000 ¦      234              266        266             10.000 
2025-10-17 16:04:11 | INFO |     2350.000 ¦      235              267        267             10.000 
2025-10-17 16:04:11 | INFO |     2360.000 ¦      236              268        268             10.000 
2025-10-17 16:04:11 | INFO |     2370.000 ¦      237              269        269             10.000 
2025-10-17 16:04:11 | INFO |     2380.000 ¦      238              270        270             10.000 
2025-10-17 16:04:11 | INFO |     2390.000 ¦      239              271        271             10.000 
2025-10-17 16:04:11 | INFO |     2400.000 ¦      240              272        272             10.000 
2025-10-17 16:04:11 | INFO |     2410.000 ¦      241              273        273             10.000 
2025-10-17 16:04:11 | INFO |     2420.000 ¦      242              274        274             10.000 
2025-10-17 16:04:11 | INFO |     2430.000 ¦      243              275        275             10.000 
2025-10-17 16:04:11 | INFO |     2440.000 ¦      244              276        276             10.000 
2025-10-17 16:04:11 | INFO |     2450.000 ¦      245              277        277             10.000 
2025-10-17 16:04:11 | INFO |     2460.000 ¦      246              278        278             10.000 
2025-10-17 16:04:11 | INFO |     2470.000 ¦      247              279        279             10.000 
2025-10-17 16:04:11 | INFO |     2480.000 ¦      248              280        280             10.000 
2025-10-17 16:04:11 | INFO |     2490.000 ¦      249              281        281             10.000 
2025-10-17 16:04:11 | INFO |     2500.000 ¦      250              282        282             10.000 
2025-10-17 16:04:11 | INFO |     2510.000 ¦      251              283        283             10.000 
2025-10-17 16:04:11 | INFO |     2520.000 ¦      252              284        284             10.000 
2025-10-17 16:04:11 | INFO |     2530.000 ¦      253              285        285             10.000 
2025-10-17 16:04:11 | INFO |     2540.000 ¦      254              286        286             10.000 
2025-10-17 16:04:11 | INFO |     2550.000 ¦      255              287        287             10.000 
2025-10-17 16:04:11 | INFO |     2560.000 ¦      256              288        288             10.000 
2025-10-17 16:04:11 | INFO |     2570.000 ¦      257              289        289             10.000 
2025-10-17 16:04:11 | INFO |     2580.000 ¦      258              290        290             10.000 
2025-10-17 16:04:11 | INFO |     2590.000 ¦      259              291        291             10.000 
2025-10-17 16:04:11 | INFO |     2600.000 ¦      260              292        292             10.000 
2025-10-17 16:04:11 | INFO |     2610.000 ¦      261              293        293             10.000 
2025-10-17 16:04:11 | INFO |     2620.000 ¦      262              294        294             10.000 
2025-10-17 16:04:11 | INFO |     2630.000 ¦      263              295        295             10.000 
2025-10-17 16:04:11 | INFO |     2640.000 ¦      264              296        296             10.000 
2025-10-17 16:04:11 | INFO |     2650.000 ¦      265              297        297             10.000 
2025-10-17 16:04:11 | INFO |     2660.000 ¦      266              298        298             10.000 
2025-10-17 16:04:11 | INFO |     2670.000 ¦      267              299        299             10.000 
2025-10-17 16:04:11 | INFO |     2680.000 ¦      268              300        300             10.000 
2025-10-17 16:04:11 | INFO |     2690.000 ¦      269              301        301             10.000 
2025-10-17 16:04:11 | INFO |     2700.000 ¦      270              302        302             10.000 
2025-10-17 16:04:11 | INFO |     2710.000 ¦      271              303        303             10.000 
2025-10-17 16:04:11 | INFO |     2720.000 ¦      272              304        304             10.000 
2025-10-17 16:04:11 | INFO |     2730.000 ¦      273              305        305             10.000 
2025-10-17 16:04:11 | INFO |     2740.000 ¦      274              306        306             10.000 
2025-10-17 16:04:11 | INFO |     2750.000 ¦      275              307        307             10.000 
2025-10-17 16:04:11 | INFO |     2760.000 ¦      276              308        308             10.000 
2025-10-17 16:04:11 | INFO |     2770.000 ¦      277              309        309             10.000 
2025-10-17 16:04:11 | INFO |     2780.000 ¦      278              310        310             10.000 
2025-10-17 16:04:11 | INFO |     2790.000 ¦      279              311        311             10.000 
2025-10-17 16:04:11 | INFO |     2800.000 ¦      280              312        312             10.000 
2025-10-17 16:04:11 | INFO |     2810.000 ¦      281              313        313             10.000 
2025-10-17 16:04:11 | INFO |     2820.000 ¦      282              314        314             10.000 
2025-10-17 16:04:11 | INFO |     2830.000 ¦      283              315        315             10.000 
2025-10-17 16:04:11 | INFO |     2840.000 ¦      284              316        316             10.000 
2025-10-17 16:04:11 | INFO |     2850.000 ¦      285              317        317             10.000 
2025-10-17 16:04:11 | INFO |     2860.000 ¦      286              318        318             10.000 
2025-10-17 16:04:11 | INFO |     2870.000 ¦      287              319        319             10.000 
2025-10-17 16:04:11 | INFO |     2880.000 ¦      288              320        320             10.000 
2025-10-17 16:04:11 | INFO |     2890.000 ¦      289              321        321             10.000 
2025-10-17 16:04:11 | INFO |     2900.000 ¦      290              322        322             10.000 
2025-10-17 16:04:11 | INFO |     2910.000 ¦      291              323        323             10.000 
2025-10-17 16:04:11 | INFO |     2920.000 ¦      292              324        324             10.000 
2025-10-17 16:04:11 | INFO |     2930.000 ¦      293              325        325             10.000 
2025-10-17 16:04:11 | INFO |     2940.000 ¦      294              326        326             10.000 
2025-10-17 16:04:11 | INFO |     2950.000 ¦      295              327        327             10.000 
2025-10-17 16:04:11 | INFO |     2960.000 ¦      296              328        328             10.000 
2025-10-17 16:04:11 | INFO |     2970.000 ¦      297              329        329             10.000 
2025-10-17 16:04:11 | INFO |     2980.000 ¦      298              330        330             10.000 
2025-10-17 16:04:11 | INFO |     2990.000 ¦      299              331        331             10.000 
2025-10-17 16:04:11 | INFO |     3000.000 ¦      300              332        332             10.000 
2025-10-17 16:04:11 | INFO |     3010.000 ¦      301              333        333             10.000 
2025-10-17 16:04:11 | INFO |     3020.000 ¦      302              334        334             10.000 
2025-10-17 16:04:11 | INFO |     3030.000 ¦      303              335        335             10.000 
2025-10-17 16:04:11 | INFO |     3040.000 ¦      304              336        336             10.000 
2025-10-17 16:04:11 | INFO |     3050.000 ¦      305              337        337             10.000 
2025-10-17 16:04:11 | INFO |     3060.000 ¦      306              338        338             10.000 
2025-10-17 16:04:11 | INFO |     3070.000 ¦      307              339        339             10.000 
2025-10-17 16:04:11 | INFO |     3080.000 ¦      308              340        340             10.000 
2025-10-17 16:04:11 | INFO |     3090.000 ¦      309              341        341             10.000 
2025-10-17 16:04:11 | INFO |     3100.000 ¦      310              342        342             10.000 
2025-10-17 16:04:11 | INFO |     3110.000 ¦      311              343        343             10.000 
2025-10-17 16:04:11 | INFO |     3120.000 ¦      312              344        344             10.000 
2025-10-17 16:04:11 | INFO |     3130.000 ¦      313              345        345             10.000 
2025-10-17 16:04:11 | INFO |     3140.000 ¦      314              346        346             10.000 
2025-10-17 16:04:11 | INFO |     3150.000 ¦      315              347        347             10.000 
2025-10-17 16:04:11 | INFO |     3160.000 ¦      316              348        348             10.000 
2025-10-17 16:04:11 | INFO |     3170.000 ¦      317              349        349             10.000 
2025-10-17 16:04:11 | INFO |     3180.000 ¦      318              350        350             10.000 
2025-10-17 16:04:11 | INFO |     3190.000 ¦      319              351        351             10.000 
2025-10-17 16:04:11 | INFO |     3200.000 ¦      320              352        352             10.000 
2025-10-17 16:04:11 | INFO |     3210.000 ¦      321              353        353             10.000 
2025-10-17 16:04:11 | INFO |     3220.000 ¦      322              354        354             10.000 
2025-10-17 16:04:11 | INFO |     3230.000 ¦      323              355        355             10.000 
2025-10-17 16:04:11 | INFO |     3240.000 ¦      324              356        356             10.000 
2025-10-17 16:04:11 | INFO |     3250.000 ¦      325              357        357             10.000 
2025-10-17 16:04:11 | INFO |     3260.000 ¦      326              358        358             10.000 
2025-10-17 16:04:11 | INFO |     3270.000 ¦      327              359        359             10.000 
2025-10-17 16:04:11 | INFO |     3280.000 ¦      328              360        360             10.000 
2025-10-17 16:04:11 | INFO |     3290.000 ¦      329              361        361             10.000 
2025-10-17 16:04:11 | INFO |     3300.000 ¦      330              362        362             10.000 
2025-10-17 16:04:11 | INFO |     3310.000 ¦      331              363        363             10.000 
2025-10-17 16:04:11 | INFO |     3320.000 ¦      332              364        364             10.000 
2025-10-17 16:04:11 | INFO |     3330.000 ¦      333              365        365             10.000 
2025-10-17 16:04:11 | INFO |     3340.000 ¦      334              366        366             10.000 
2025-10-17 16:04:11 | INFO |     3350.000 ¦      335              367        367             10.000 
2025-10-17 16:04:11 | INFO |     3360.000 ¦      336              368        368             10.000 
2025-10-17 16:04:11 | INFO |     3370.000 ¦      337              369        369             10.000 
2025-10-17 16:04:11 | INFO |     3380.000 ¦      338              370        370             10.000 
2025-10-17 16:04:11 | INFO |     3390.000 ¦      339              371        371             10.000 
2025-10-17 16:04:11 | INFO |     3400.000 ¦      340              372        372             10.000 
2025-10-17 16:04:11 | INFO |     3410.000 ¦      341              373        373             10.000 
2025-10-17 16:04:11 | INFO |     3420.000 ¦      342              374        374             10.000 
2025-10-17 16:04:11 | INFO |     3430.000 ¦      343              375        375             10.000 
2025-10-17 16:04:11 | INFO |     3440.000 ¦      344              376        376             10.000 
2025-10-17 16:04:11 | INFO |     3450.000 ¦      345              377        377             10.000 
2025-10-17 16:04:11 | INFO |     3460.000 ¦      346              378        378             10.000 
2025-10-17 16:04:11 | INFO |     3470.000 ¦      347              379        379             10.000 
2025-10-17 16:04:11 | INFO |     3480.000 ¦      348              380        380             10.000 
2025-10-17 16:04:11 | INFO |     3490.000 ¦      349              381        381             10.000 
2025-10-17 16:04:11 | INFO |     3500.000 ¦      350              382        382             10.000 
2025-10-17 16:04:11 | INFO |     3510.000 ¦      351              383        383             10.000 
2025-10-17 16:04:11 | INFO |     3520.000 ¦      352              384        384             10.000 
2025-10-17 16:04:11 | INFO |     3530.000 ¦      353              385        385             10.000 
2025-10-17 16:04:11 | INFO |     3540.000 ¦      354              386        386             10.000 
2025-10-17 16:04:11 | INFO |     3550.000 ¦      355              387        387             10.000 
2025-10-17 16:04:11 | INFO |     3560.000 ¦      356              388        388             10.000 
2025-10-17 16:04:11 | INFO |     3570.000 ¦      357              389        389             10.000 
2025-10-17 16:04:11 | INFO |     3580.000 ¦      358              390        390             10.000 
2025-10-17 16:04:11 | INFO |     3590.000 ¦      359              391        391             10.000 
2025-10-17 16:04:11 | INFO |     3600.000 ¦      360              392        392             10.000 
2025-10-17 16:04:11 | INFO |     3610.000 ¦      361              393        393             10.000 
2025-10-17 16:04:11 | INFO |     3620.000 ¦      362              394        394             10.000 
2025-10-17 16:04:11 | INFO |     3630.000 ¦      363              395        395             10.000 
2025-10-17 16:04:11 | INFO |     3640.000 ¦      364              396        396             10.000 
2025-10-17 16:04:11 | INFO |     3650.000 ¦      365              397        397             10.000 
2025-10-17 16:04:11 | INFO |     3660.000 ¦      366              398        398             10.000 
2025-10-17 16:04:11 | INFO |     3670.000 ¦      367              399        399             10.000 
2025-10-17 16:04:11 | INFO |     3680.000 ¦      368              400        400             10.000 
2025-10-17 16:04:11 | INFO |     3690.000 ¦      369              401        401             10.000 
2025-10-17 16:04:11 | INFO |     3700.000 ¦      370              402        402             10.000 
2025-10-17 16:04:11 | INFO |     3710.000 ¦      371              403        403             10.000 
2025-10-17 16:04:11 | INFO |     3720.000 ¦      372              404        404             10.000 
2025-10-17 16:04:11 | INFO |     3730.000 ¦      373              405        405             10.000 
2025-10-17 16:04:11 | INFO |     3740.000 ¦      374              406        406             10.000 
2025-10-17 16:04:11 | INFO |     3750.000 ¦      375              407        407             10.000 
2025-10-17 16:04:11 | INFO |     3760.000 ¦      376              408        408             10.000 
2025-10-17 16:04:11 | INFO |     3770.000 ¦      377              409        409             10.000 
2025-10-17 16:04:11 | INFO |     3780.000 ¦      378              410        410             10.000 
2025-10-17 16:04:11 | INFO |     3790.000 ¦      379              411        411             10.000 
2025-10-17 16:04:11 | INFO |     3800.000 ¦      380              412        412             10.000 
2025-10-17 16:04:11 | INFO |     3810.000 ¦      381              413        413             10.000 
2025-10-17 16:04:11 | INFO |     3820.000 ¦      382              414        414             10.000 
2025-10-17 16:04:11 | INFO |     3830.000 ¦      383              415        415             10.000 
2025-10-17 16:04:11 | INFO |     3840.000 ¦      384              416        416             10.000 
2025-10-17 16:04:11 | INFO |     3850.000 ¦      385              417        417             10.000 
2025-10-17 16:04:11 | INFO |     3860.000 ¦      386              418        418             10.000 
2025-10-17 16:04:11 | INFO |     3870.000 ¦      387              419        419             10.000 
2025-10-17 16:04:11 | INFO |     3880.000 ¦      388              420        420             10.000 
2025-10-17 16:04:11 | INFO |     3890.000 ¦      389              421        421             10.000 
2025-10-17 16:04:11 | INFO |     3900.000 ¦      390              422        422             10.000 
2025-10-17 16:04:11 | INFO |     3910.000 ¦      391              423        423             10.000 
2025-10-17 16:04:11 | INFO |     3920.000 ¦      392              424        424             10.000 
2025-10-17 16:04:11 | INFO |     3930.000 ¦      393              425        425             10.000 
2025-10-17 16:04:11 | INFO |     3940.000 ¦      394              426        426             10.000 
2025-10-17 16:04:11 | INFO |     3950.000 ¦      395              427        427             10.000 
2025-10-17 16:04:11 | INFO |     3960.000 ¦      396              428        428             10.000 
2025-10-17 16:04:11 | INFO |     3970.000 ¦      397              429        429             10.000 
2025-10-17 16:04:11 | INFO |     3980.000 ¦      398              430        430             10.000 
2025-10-17 16:04:11 | INFO |     3990.000 ¦      399              431        431             10.000 
2025-10-17 16:04:11 | INFO |     4000.000 ¦      400              432        432             10.000 
2025-10-17 16:04:11 | INFO |     4010.000 ¦      401              433        433             10.000 
2025-10-17 16:04:11 | INFO |     4020.000 ¦      402              434        434             10.000 
2025-10-17 16:04:11 | INFO |     4030.000 ¦      403              435        435             10.000 
2025-10-17 16:04:11 | INFO |     4040.000 ¦      404              436        436             10.000 
2025-10-17 16:04:11 | INFO | initial guess of the algebraic solver is accurate, following SimplifiedSolver iterations will be skipped until the next mode change
2025-10-17 16:04:11 | INFO |     4050.000 ¦      405              436        437             10.000 
2025-10-17 16:04:11 | INFO |     4060.000 ¦      406              436        437             10.000 
2025-10-17 16:04:11 | INFO |     4070.000 ¦      407              436        437             10.000 
2025-10-17 16:04:11 | INFO |     4080.000 ¦      408              436        437             10.000 
2025-10-17 16:04:11 | INFO |     4090.000 ¦      409              436        437             10.000 
2025-10-17 16:04:11 | INFO |     4100.000 ¦      410              436        437             10.000 
2025-10-17 16:04:11 | INFO |     4110.000 ¦      411              436        437             10.000 
2025-10-17 16:04:11 | INFO |     4120.000 ¦      412              436        437             10.000 
2025-10-17 16:04:11 | INFO |     4130.000 ¦      413              436        437             10.000 
2025-10-17 16:04:11 | INFO |     4140.000 ¦      414              436        437             10.000 
2025-10-17 16:04:11 | INFO |     4150.000 ¦      415              436        437             10.000 
2025-10-17 16:04:11 | INFO |     4160.000 ¦      416              436        437             10.000 
2025-10-17 16:04:11 | INFO |     4170.000 ¦      417              436        437             10.000 
2025-10-17 16:04:11 | INFO |     4180.000 ¦      418              436        437             10.000 
2025-10-17 16:04:11 | INFO |     4190.000 ¦      419              436        437             10.000 
2025-10-17 16:04:11 | INFO |     4200.000 ¦      420              436        437             10.000 
2025-10-17 16:04:11 | INFO |     4210.000 ¦      421              436        437             10.000 
2025-10-17 16:04:11 | INFO |     4220.000 ¦      422              436        437             10.000 
2025-10-17 16:04:11 | INFO |     4230.000 ¦      423              436        437             10.000 
2025-10-17 16:04:11 | INFO |     4240.000 ¦      424              436        437             10.000 
2025-10-17 16:04:11 | INFO |     4250.000 ¦      425              436        437             10.000 
2025-10-17 16:04:11 | INFO |     4260.000 ¦      426              436        437             10.000 
2025-10-17 16:04:11 | INFO |     4270.000 ¦      427              436        437             10.000 
2025-10-17 16:04:11 | INFO |     4280.000 ¦      428              436        437             10.000 
2025-10-17 16:04:11 | INFO |     4290.000 ¦      429              436        437             10.000 
2025-10-17 16:04:11 | INFO |     4300.000 ¦      430              436        437             10.000 
2025-10-17 16:04:11 | INFO |     4310.000 ¦      431              436        437             10.000 
2025-10-17 16:04:11 | INFO |     4320.000 ¦      432              436        437             10.000 
2025-10-17 16:04:11 | INFO |     4330.000 ¦      433              436        437             10.000 
2025-10-17 16:04:11 | INFO |     4340.000 ¦      434              436        437             10.000 
2025-10-17 16:04:11 | INFO |     4350.000 ¦      435              436        437             10.000 
2025-10-17 16:04:11 | INFO |     4360.000 ¦      436              436        437             10.000 
2025-10-17 16:04:11 | INFO |     4370.000 ¦      437              436        437             10.000 
2025-10-17 16:04:11 | INFO |     4380.000 ¦      438              436        437             10.000 
2025-10-17 16:04:11 | INFO |     4390.000 ¦      439              436        437             10.000 
2025-10-17 16:04:11 | INFO |     4400.000 ¦      440              436        437             10.000 
2025-10-17 16:04:11 | INFO |     4410.000 ¦      441              436        437             10.000 
2025-10-17 16:04:11 | INFO |     4420.000 ¦      442              436        437             10.000 
2025-10-17 16:04:11 | INFO |     4430.000 ¦      443              436        437             10.000 
2025-10-17 16:04:11 | INFO |     4440.000 ¦      444              436        437             10.000 
2025-10-17 16:04:11 | INFO |     4450.000 ¦      445              436        437             10.000 
2025-10-17 16:04:11 | INFO |     4460.000 ¦      446              436        437             10.000 
2025-10-17 16:04:11 | INFO |     4470.000 ¦      447              436        437             10.000 
2025-10-17 16:04:11 | INFO |     4480.000 ¦      448              436        437             10.000 
2025-10-17 16:04:11 | INFO |     4490.000 ¦      449              436        437             10.000 
2025-10-17 16:04:11 | INFO |     4500.000 ¦      450              436        437             10.000 
2025-10-17 16:04:11 | INFO |     4510.000 ¦      451              436        437             10.000 
2025-10-17 16:04:11 | INFO |     4520.000 ¦      452              436        437             10.000 
2025-10-17 16:04:11 | INFO |     4530.000 ¦      453              436        437             10.000 
2025-10-17 16:04:11 | INFO |     4540.000 ¦      454              436        437             10.000 
2025-10-17 16:04:11 | INFO |     4550.000 ¦      455              436        437             10.000 
2025-10-17 16:04:11 | INFO |     4560.000 ¦      456              436        437             10.000 
2025-10-17 16:04:11 | INFO |     4570.000 ¦      457              436        437             10.000 
2025-10-17 16:04:11 | INFO |     4580.000 ¦      458              436        437             10.000 
2025-10-17 16:04:11 | INFO |     4590.000 ¦      459              436        437             10.000 
2025-10-17 16:04:11 | INFO |     4600.000 ¦      460              436        437             10.000 
2025-10-17 16:04:11 | INFO |     4610.000 ¦      461              436        437             10.000 
2025-10-17 16:04:11 | INFO |     4620.000 ¦      462              436        437             10.000 
2025-10-17 16:04:11 | INFO |     4630.000 ¦      463              436        437             10.000 
2025-10-17 16:04:11 | INFO |     4640.000 ¦      464              436        437             10.000 
2025-10-17 16:04:11 | INFO |     4650.000 ¦      465              436        437             10.000 
2025-10-17 16:04:11 | INFO |     4660.000 ¦      466              436        437             10.000 
2025-10-17 16:04:11 | INFO |     4670.000 ¦      467              436        437             10.000 
2025-10-17 16:04:11 | INFO |     4680.000 ¦      468              436        437             10.000 
2025-10-17 16:04:11 | INFO |     4690.000 ¦      469              436        437             10.000 
2025-10-17 16:04:11 | INFO |     4700.000 ¦      470              436        437             10.000 
2025-10-17 16:04:11 | INFO |     4710.000 ¦      471              436        437             10.000 
2025-10-17 16:04:11 | INFO |     4720.000 ¦      472              436        437             10.000 
2025-10-17 16:04:11 | INFO |     4730.000 ¦      473              436        437             10.000 
2025-10-17 16:04:11 | INFO |     4740.000 ¦      474              436        437             10.000 
2025-10-17 16:04:11 | INFO |     4750.000 ¦      475              436        437             10.000 
2025-10-17 16:04:11 | INFO |     4760.000 ¦      476              436        437             10.000 
2025-10-17 16:04:11 | INFO |     4770.000 ¦      477              436        437             10.000 
2025-10-17 16:04:11 | INFO |     4780.000 ¦      478              436        437             10.000 
2025-10-17 16:04:11 | INFO |     4790.000 ¦      479              436        437             10.000 
2025-10-17 16:04:11 | INFO |     4800.000 ¦      480              436        437             10.000 
2025-10-17 16:04:11 | INFO |     4810.000 ¦      481              436        437             10.000 
2025-10-17 16:04:11 | INFO |     4820.000 ¦      482              436        437             10.000 
2025-10-17 16:04:11 | INFO |     4830.000 ¦      483              436        437             10.000 
2025-10-17 16:04:11 | INFO |     4840.000 ¦      484              436        437             10.000 
2025-10-17 16:04:11 | INFO |     4850.000 ¦      485              436        437             10.000 
2025-10-17 16:04:11 | INFO |     4860.000 ¦      486              436        437             10.000 
2025-10-17 16:04:11 | INFO |     4870.000 ¦      487              436        437             10.000 
2025-10-17 16:04:11 | INFO |     4880.000 ¦      488              436        437             10.000 
2025-10-17 16:04:11 | INFO |     4890.000 ¦      489              436        437             10.000 
2025-10-17 16:04:11 | INFO |     4900.000 ¦      490              436        437             10.000 
2025-10-17 16:04:11 | INFO |     4910.000 ¦      491              436        437             10.000 
2025-10-17 16:04:11 | INFO |     4920.000 ¦      492              436        437             10.000 
2025-10-17 16:04:11 | INFO |     4930.000 ¦      493              436        437             10.000 
2025-10-17 16:04:11 | INFO |     4940.000 ¦      494              436        437             10.000 
2025-10-17 16:04:11 | INFO |     4950.000 ¦      495              436        437             10.000 
2025-10-17 16:04:11 | INFO |     4960.000 ¦      496              436        437             10.000 
2025-10-17 16:04:11 | INFO |     4970.000 ¦      497              436        437             10.000 
2025-10-17 16:04:11 | INFO |     4980.000 ¦      498              436        437             10.000 
2025-10-17 16:04:11 | INFO |     4990.000 ¦      499              436        437             10.000 
2025-10-17 16:04:11 | INFO |     5000.000 ¦      500              436        437             10.000 
2025-10-17 16:04:11 | INFO |     5010.000 ¦      501              436        437             10.000 
2025-10-17 16:04:11 | INFO |     5020.000 ¦      502              436        437             10.000 
2025-10-17 16:04:11 | INFO |     5030.000 ¦      503              436        437             10.000 
2025-10-17 16:04:11 | INFO |     5040.000 ¦      504              436        437             10.000 
2025-10-17 16:04:11 | INFO |     5050.000 ¦      505              436        437             10.000 
2025-10-17 16:04:11 | INFO |     5060.000 ¦      506              436        437             10.000 
2025-10-17 16:04:11 | INFO |     5070.000 ¦      507              436        437             10.000 
2025-10-17 16:04:11 | INFO |     5080.000 ¦      508              436        437             10.000 
2025-10-17 16:04:11 | INFO |     5090.000 ¦      509              436        437             10.000 
2025-10-17 16:04:11 | INFO |     5100.000 ¦      510              436        437             10.000 
2025-10-17 16:04:11 | INFO |     5110.000 ¦      511              436        437             10.000 
2025-10-17 16:04:11 | INFO |     5120.000 ¦      512              436        437             10.000 
2025-10-17 16:04:11 | INFO |     5130.000 ¦      513              436        437             10.000 
2025-10-17 16:04:11 | INFO |     5140.000 ¦      514              436        437             10.000 
2025-10-17 16:04:11 | INFO |     5150.000 ¦      515              436        437             10.000 
2025-10-17 16:04:11 | INFO |     5160.000 ¦      516              436        437             10.000 
2025-10-17 16:04:11 | INFO |     5170.000 ¦      517              436        437             10.000 
2025-10-17 16:04:11 | INFO |     5180.000 ¦      518              436        437             10.000 
2025-10-17 16:04:11 | INFO |     5190.000 ¦      519              436        437             10.000 
2025-10-17 16:04:11 | INFO |     5200.000 ¦      520              436        437             10.000 
2025-10-17 16:04:11 | INFO |     5210.000 ¦      521              436        437             10.000 
2025-10-17 16:04:11 | INFO |     5220.000 ¦      522              436        437             10.000 
2025-10-17 16:04:11 | INFO |     5230.000 ¦      523              436        437             10.000 
2025-10-17 16:04:11 | INFO |     5240.000 ¦      524              436        437             10.000 
2025-10-17 16:04:11 | INFO |     5250.000 ¦      525              436        437             10.000 
2025-10-17 16:04:11 | INFO |     5260.000 ¦      526              436        437             10.000 
2025-10-17 16:04:11 | INFO |     5270.000 ¦      527              436        437             10.000 
2025-10-17 16:04:11 | INFO |     5280.000 ¦      528              436        437             10.000 
2025-10-17 16:04:11 | INFO |     5290.000 ¦      529              436        437             10.000 
2025-10-17 16:04:11 | INFO |     5300.000 ¦      530              436        437             10.000 
2025-10-17 16:04:11 | INFO |     5310.000 ¦      531              436        437             10.000 
2025-10-17 16:04:11 | INFO |     5320.000 ¦      532              436        437             10.000 
2025-10-17 16:04:11 | INFO |     5330.000 ¦      533              436        437             10.000 
2025-10-17 16:04:11 | INFO |     5340.000 ¦      534              436        437             10.000 
2025-10-17 16:04:11 | INFO |     5350.000 ¦      535              436        437             10.000 
2025-10-17 16:04:11 | INFO |     5360.000 ¦      536              436        437             10.000 
2025-10-17 16:04:11 | INFO |     5370.000 ¦      537              436        437             10.000 
2025-10-17 16:04:11 | INFO |     5380.000 ¦      538              436        437             10.000 
2025-10-17 16:04:11 | INFO |     5390.000 ¦      539              436        437             10.000 
2025-10-17 16:04:11 | INFO |     5400.000 ¦      540              436        437             10.000 
2025-10-17 16:04:11 | INFO |     5410.000 ¦      541              436        437             10.000 
2025-10-17 16:04:11 | INFO |     5420.000 ¦      542              436        437             10.000 
2025-10-17 16:04:11 | INFO |     5430.000 ¦      543              436        437             10.000 
2025-10-17 16:04:11 | INFO |     5440.000 ¦      544              436        437             10.000 
2025-10-17 16:04:11 | INFO |     5450.000 ¦      545              436        437             10.000 
2025-10-17 16:04:11 | INFO |     5460.000 ¦      546              436        437             10.000 
2025-10-17 16:04:11 | INFO |     5470.000 ¦      547              436        437             10.000 
2025-10-17 16:04:11 | INFO |     5480.000 ¦      548              436        437             10.000 
2025-10-17 16:04:11 | INFO |     5490.000 ¦      549              436        437             10.000 
2025-10-17 16:04:11 | INFO |     5500.000 ¦      550              436        437             10.000 
2025-10-17 16:04:11 | INFO |     5510.000 ¦      551              436        437             10.000 
2025-10-17 16:04:11 | INFO |     5520.000 ¦      552              436        437             10.000 
2025-10-17 16:04:11 | INFO |     5530.000 ¦      553              436        437             10.000 
2025-10-17 16:04:11 | INFO |     5540.000 ¦      554              436        437             10.000 
2025-10-17 16:04:11 | INFO |     5550.000 ¦      555              436        437             10.000 
2025-10-17 16:04:11 | INFO |     5560.000 ¦      556              436        437             10.000 
2025-10-17 16:04:11 | INFO |     5570.000 ¦      557              436        437             10.000 
2025-10-17 16:04:11 | INFO |     5580.000 ¦      558              436        437             10.000 
2025-10-17 16:04:11 | INFO |     5590.000 ¦      559              436        437             10.000 
2025-10-17 16:04:11 | INFO |     5600.000 ¦      560              436        437             10.000 
2025-10-17 16:04:11 | INFO |     5610.000 ¦      561              436        437             10.000 
2025-10-17 16:04:11 | INFO |     5620.000 ¦      562              436        437             10.000 
2025-10-17 16:04:11 | INFO |     5630.000 ¦      563              436        437             10.000 
2025-10-17 16:04:11 | INFO |     5640.000 ¦      564              436        437             10.000 
2025-10-17 16:04:11 | INFO |     5650.000 ¦      565              436        437             10.000 
2025-10-17 16:04:11 | INFO |     5660.000 ¦      566              436        437             10.000 
2025-10-17 16:04:11 | INFO |     5670.000 ¦      567              436        437             10.000 
2025-10-17 16:04:11 | INFO |     5680.000 ¦      568              436        437             10.000 
2025-10-17 16:04:11 | INFO |     5690.000 ¦      569              436        437             10.000 
2025-10-17 16:04:11 | INFO |     5700.000 ¦      570              436        437             10.000 
2025-10-17 16:04:11 | INFO |     5710.000 ¦      571              436        437             10.000 
2025-10-17 16:04:11 | INFO |     5720.000 ¦      572              436        437             10.000 
2025-10-17 16:04:11 | INFO |     5730.000 ¦      573              436        437             10.000 
2025-10-17 16:04:11 | INFO |     5740.000 ¦      574              436        437             10.000 
2025-10-17 16:04:11 | INFO |     5750.000 ¦      575              436        437             10.000 
2025-10-17 16:04:11 | INFO |     5760.000 ¦      576              436        437             10.000 
2025-10-17 16:04:11 | INFO |     5770.000 ¦      577              436        437             10.000 
2025-10-17 16:04:11 | INFO |     5780.000 ¦      578              436        437             10.000 
2025-10-17 16:04:11 | INFO |     5790.000 ¦      579              436        437             10.000 
2025-10-17 16:04:11 | INFO |     5800.000 ¦      580              436        437             10.000 
2025-10-17 16:04:11 | INFO |     5810.000 ¦      581              436        437             10.000 
2025-10-17 16:04:11 | INFO |     5820.000 ¦      582              436        437             10.000 
2025-10-17 16:04:11 | INFO |     5830.000 ¦      583              436        437             10.000 
2025-10-17 16:04:11 | INFO |     5840.000 ¦      584              436        437             10.000 
2025-10-17 16:04:11 | INFO |     5850.000 ¦      585              436        437             10.000 
2025-10-17 16:04:11 | INFO |     5860.000 ¦      586              436        437             10.000 
2025-10-17 16:04:11 | INFO |     5870.000 ¦      587              436        437             10.000 
2025-10-17 16:04:11 | INFO |     5880.000 ¦      588              436        437             10.000 
2025-10-17 16:04:11 | INFO |     5890.000 ¦      589              436        437             10.000 
2025-10-17 16:04:11 | INFO |     5900.000 ¦      590              436        437             10.000 
2025-10-17 16:04:11 | INFO |     5910.000 ¦      591              436        437             10.000 
2025-10-17 16:04:11 | INFO |     5920.000 ¦      592              436        437             10.000 
2025-10-17 16:04:11 | INFO |     5930.000 ¦      593              436        437             10.000 
2025-10-17 16:04:11 | INFO |     5940.000 ¦      594              436        437             10.000 
2025-10-17 16:04:11 | INFO |     5950.000 ¦      595              436        437             10.000 
2025-10-17 16:04:11 | INFO |     5960.000 ¦      596              436        437             10.000 
2025-10-17 16:04:11 | INFO |     5970.000 ¦      597              436        437             10.000 
2025-10-17 16:04:11 | INFO |     5980.000 ¦      598              436        437             10.000 
2025-10-17 16:04:11 | INFO |     5990.000 ¦      599              436        437             10.000 
2025-10-17 16:04:11 | INFO |     6000.000 ¦      600              436        437             10.000 
2025-10-17 16:04:11 | INFO | 
2025-10-17 16:04:11 | INFO | execution statistics :
2025-10-17 16:04:11 | INFO | 
2025-10-17 16:04:11 | INFO | number of time iterations                  = 600
2025-10-17 16:04:11 | INFO | number of residual evaluations             = 863
2025-10-17 16:04:11 | INFO | number of Jacobian evaluations             = 437
2025-10-17 16:04:11 | INFO | number of nonlinear iterations             = 436
2025-10-17 16:04:11 | INFO | number of error test failures              = 0
2025-10-17 16:04:11 | INFO | number of nonlinear convergence failures   = 0
2025-10-17 16:04:11 | INFO | number of root functions evaluations       = 1234
2025-10-17 16:04:11 | INFO | number of discrete variables evaluations   = 1237
2025-10-17 16:04:11 | INFO | number of mode evaluations                 = 625
2025-10-17 16:04:11 | INFO | end of job 'HvdcRpcl2'
