10.000000 | Load_LoadAlphaBetaRestorativeNetwork | LOAD : disconnecting
20.000000 | Load_LoadAlphaBetaRestorativeNetwork | LOAD : connecting
50.000000 | VL2_Load0_switch | SWITCH : opening
50.000000 | Load_LoadAlphaBetaRestorativeNetwork | LOAD : disconnecting
60.000000 | VL2_Load0_switch | SWITCH : closing
60.000000 | Load_LoadAlphaBetaRestorativeNetwork | LOAD : connecting
110.000000 | Load_LoadAlphaBetaRestorative | LOAD : disconnecting
120.000000 | Load_LoadAlphaBetaRestorative | LOAD : connecting
150.000000 | VL2_Load1_switch | SWITCH : opening
150.000000 | Load_LoadAlphaBetaRestorative | LOAD : disconnecting
160.000000 | VL2_Load1_switch | SWITCH : closing
160.000000 | Load_LoadAlphaBetaRestorative | LOAD : connecting
210.000000 | Load_LoadAlphaBeta | LOAD : disconnecting
220.000000 | Load_LoadAlphaBeta | LOAD : connecting
250.000000 | VL2_Load2_switch | SWITCH : opening
250.000000 | Load_LoadAlphaBeta | LOAD : disconnecting
260.000000 | VL2_Load2_switch | SWITCH : closing
260.000000 | Load_LoadAlphaBeta | LOAD : connecting
310.000000 | Load_LoadPQ | LOAD : disconnecting
320.000000 | Load_LoadPQ | LOAD : connecting
350.000000 | VL2_Load3_switch | SWITCH : opening
350.000000 | Load_LoadPQ | LOAD : disconnecting
360.000000 | VL2_Load3_switch | SWITCH : closing
360.000000 | Load_LoadPQ | LOAD : connecting
410.000000 | Load_LoadZIP | LOAD : disconnecting
420.000000 | Load_LoadZIP | LOAD : connecting
450.000000 | VL2_Load4_switch | SWITCH : opening
450.000000 | Load_LoadZIP | LOAD : disconnecting
460.000000 | VL2_Load4_switch | SWITCH : closing
460.000000 | Load_LoadZIP | LOAD : connecting
510.000000 | Load_ElectronicLoad | LOAD : disconnecting
520.000000 | Load_ElectronicLoad | LOAD : connecting
550.000000 | VL2_Load5_switch | SWITCH : opening
550.000000 | Load_ElectronicLoad | LOAD : disconnecting
560.000000 | VL2_Load5_switch | SWITCH : closing
560.000000 | Load_ElectronicLoad | LOAD : connecting
610.000000 | Load6 | LOAD : disconnecting
610.000000 | VL2_Load6_switch | SWITCH : opening
620.000000 | Load6 | LOAD : connecting
620.000000 | VL2_Load6_switch | SWITCH : closing
650.000000 | VL2_Load6_switch | SWITCH : opening
660.000000 | VL2_Load6_switch | SWITCH : closing
