2021-04-14 11:57:51 | INFO |  ============================================================ 
2021-04-14 11:57:51 | INFO | DYNAWO VERSION  :     1.3.0
2021-04-14 11:57:51 | INFO | DYNAWO REVISION :  964_external_variables-cbe03798
2021-04-14 11:57:51 | INFO |  ============================================================ 
2021-04-14 11:57:51 | INFO | 
2021-04-14 11:57:51 | INFO | -----------------------------------------------------------------------
2021-04-14 11:57:51 | INFO | building model from input files
2021-04-14 11:57:51 | INFO | -----------------------------------------------------------------------
2021-04-14 11:58:35 | INFO | model was built successfully
2021-04-14 11:58:35 | INFO | -----------------------------------------------------------------------
2021-04-14 11:58:35 | INFO | 
2021-04-14 11:58:35 | INFO | -----------------------------------------------------------------------
2021-04-14 11:58:35 | INFO | starting local initialization
2021-04-14 11:58:35 | INFO | -----------------------------------------------------------------------
2021-04-14 11:58:35 | INFO | end of local initialization
2021-04-14 11:58:35 | INFO | -----------------------------------------------------------------------
2021-04-14 11:58:35 | INFO | 
2021-04-14 11:58:35 | INFO | -----------------------------------------------------------------------
2021-04-14 11:58:35 | INFO | starting global initialization
2021-04-14 11:58:35 | INFO | -----------------------------------------------------------------------
2021-04-14 11:58:35 | INFO | end of global initialization
2021-04-14 11:58:35 | INFO | -----------------------------------------------------------------------
2021-04-14 11:58:35 | INFO | 
2021-04-14 11:58:35 | INFO | -----------------------------------------------------------------------
2021-04-14 11:58:35 | INFO | starting curve initialization
2021-04-14 11:58:35 | INFO | -----------------------------------------------------------------------
2021-04-14 11:58:35 | INFO | end of curve initialization, added 18 curves
2021-04-14 11:58:35 | INFO | -----------------------------------------------------------------------
2021-04-14 11:58:35 | INFO | 
2021-04-14 11:58:35 | INFO | -----------------------------------------------------------------------
2021-04-14 11:58:35 | INFO | starting simulation with solver IDASolver
2021-04-14 11:58:35 | INFO | -----------------------------------------------------------------------
2021-04-14 11:58:35 | INFO | -----------------------------------------------------------------------
2021-04-14 11:58:35 | INFO | number of continuous variables : 61
2021-04-14 11:58:35 | INFO | number of discrete variables : 19
2021-04-14 11:58:35 | INFO | number of root functions : 19
2021-04-14 11:58:35 | INFO | -----------------------------------------------------------------------
2021-04-14 11:58:35 | INFO |         time | iter num   order (k)      time step (h)
2021-04-14 11:58:35 | INFO | -----------------------------------------------------------------------
2021-04-14 11:58:35 | INFO |        0.000 |        0           0              0.010 
2021-04-14 11:58:35 | INFO |        0.000 |        1           1              0.000 
2021-04-14 11:58:35 | INFO |        0.000 |        2           1              0.000 
2021-04-14 11:58:35 | INFO |        0.000 |        3           2              0.000 
2021-04-14 11:58:35 | INFO |        0.000 |        4           2              0.000 
2021-04-14 11:58:35 | INFO |        0.000 |        5           2              0.000 
2021-04-14 11:58:35 | INFO |        0.000 |        6           2              0.000 
2021-04-14 11:58:35 | INFO |        0.000 |        7           2              0.000 
2021-04-14 11:58:35 | INFO |        0.000 |        8           2              0.000 
2021-04-14 11:58:35 | INFO |        0.000 |        9           2              0.000 
2021-04-14 11:58:35 | INFO |        0.001 |       10           2              0.000 
2021-04-14 11:58:35 | INFO |        0.001 |       11           2              0.001 
2021-04-14 11:58:35 | INFO |        0.002 |       12           2              0.001 
2021-04-14 11:58:35 | INFO |        0.004 |       13           2              0.002 
2021-04-14 11:58:35 | INFO |        0.008 |       14           2              0.004 
2021-04-14 11:58:35 | INFO |        0.016 |       15           2              0.008 
2021-04-14 11:58:35 | INFO |        0.033 |       16           2              0.016 
2021-04-14 11:58:35 | INFO |        0.066 |       17           2              0.033 
2021-04-14 11:58:35 | INFO |        0.131 |       18           2              0.066 
2021-04-14 11:58:35 | INFO |        0.262 |       19           1              0.131 
2021-04-14 11:58:35 | INFO |        0.524 |       20           1              0.262 
2021-04-14 11:58:35 | INFO | Algebraic mode (with J recalculation) change at t = 1
2021-04-14 11:58:35 | INFO |        1.000 |       21           1              0.524 
2021-04-14 11:58:35 | INFO | calculation of the new starting point of the simulation.
2021-04-14 11:58:35 | INFO |        1.000 |        0           0              0.000 
2021-04-14 11:58:35 | INFO |        1.000 |        1           1              0.000 
2021-04-14 11:58:35 | INFO |        1.000 |        2           1              0.000 
2021-04-14 11:58:35 | INFO |        1.000 |        3           2              0.000 
2021-04-14 11:58:35 | INFO |        1.000 |        4           2              0.000 
2021-04-14 11:58:35 | INFO |        1.000 |        5           2              0.000 
2021-04-14 11:58:35 | INFO |        1.000 |        6           2              0.000 
2021-04-14 11:58:35 | INFO |        1.000 |        7           2              0.000 
2021-04-14 11:58:35 | INFO |        1.000 |        8           2              0.000 
2021-04-14 11:58:35 | INFO |        1.000 |        9           2              0.000 
2021-04-14 11:58:35 | INFO |        1.001 |       10           2              0.000 
2021-04-14 11:58:35 | INFO |        1.001 |       11           2              0.001 
2021-04-14 11:58:35 | INFO |        1.002 |       12           2              0.001 
2021-04-14 11:58:35 | INFO |        1.004 |       13           2              0.002 
2021-04-14 11:58:35 | INFO |        1.008 |       14           2              0.004 
2021-04-14 11:58:35 | INFO |        1.012 |       15           2              0.004 
2021-04-14 11:58:35 | INFO |        1.016 |       16           2              0.004 
2021-04-14 11:58:35 | INFO |        1.020 |       17           2              0.004 
2021-04-14 11:58:35 | INFO |        1.025 |       18           2              0.004 
2021-04-14 11:58:35 | INFO |        1.029 |       19           2              0.004 
2021-04-14 11:58:35 | INFO |        1.033 |       20           2              0.004 
2021-04-14 11:58:35 | INFO |        1.037 |       21           2              0.004 
2021-04-14 11:58:35 | INFO |        1.041 |       22           2              0.004 
2021-04-14 11:58:35 | INFO |        1.045 |       23           2              0.004 
2021-04-14 11:58:35 | INFO |        1.049 |       24           2              0.004 
2021-04-14 11:58:35 | INFO |        1.053 |       25           2              0.004 
2021-04-14 11:58:35 | INFO |        1.057 |       26           2              0.004 
2021-04-14 11:58:35 | INFO |        1.061 |       27           2              0.004 
2021-04-14 11:58:35 | INFO |        1.070 |       28           2              0.008 
2021-04-14 11:58:35 | INFO | Algebraic mode (with J recalculation) change at t = 1.07
2021-04-14 11:58:35 | INFO |        1.070 |       29           2              0.008 
2021-04-14 11:58:35 | INFO | calculation of the new starting point of the simulation.
2021-04-14 11:58:35 | INFO |        1.070 |        0           0              0.000 
2021-04-14 11:58:35 | INFO |        1.070 |        1           1              0.000 
2021-04-14 11:58:35 | INFO |        1.070 |        2           1              0.000 
2021-04-14 11:58:35 | INFO |        1.070 |        3           2              0.000 
2021-04-14 11:58:35 | INFO |        1.070 |        4           2              0.000 
2021-04-14 11:58:35 | INFO |        1.070 |        5           2              0.000 
2021-04-14 11:58:35 | INFO |        1.070 |        6           2              0.000 
2021-04-14 11:58:35 | INFO |        1.070 |        7           2              0.000 
2021-04-14 11:58:35 | INFO |        1.070 |        8           2              0.000 
2021-04-14 11:58:35 | INFO |        1.070 |        9           2              0.000 
2021-04-14 11:58:35 | INFO |        1.071 |       10           2              0.000 
2021-04-14 11:58:35 | INFO |        1.071 |       11           2              0.001 
2021-04-14 11:58:35 | INFO |        1.072 |       12           2              0.001 
2021-04-14 11:58:35 | INFO |        1.074 |       13           2              0.002 
2021-04-14 11:58:35 | INFO |        1.078 |       14           2              0.004 
2021-04-14 11:58:35 | INFO |        1.082 |       15           2              0.004 
2021-04-14 11:58:35 | INFO |        1.086 |       16           2              0.004 
2021-04-14 11:58:35 | INFO |        1.090 |       17           2              0.004 
2021-04-14 11:58:35 | INFO |        1.095 |       18           2              0.004 
2021-04-14 11:58:35 | INFO |        1.099 |       19           2              0.004 
2021-04-14 11:58:35 | INFO |        1.103 |       20           2              0.004 
2021-04-14 11:58:35 | INFO |        1.107 |       21           2              0.004 
2021-04-14 11:58:35 | INFO |        1.111 |       22           2              0.004 
2021-04-14 11:58:35 | INFO |        1.119 |       23           2              0.008 
2021-04-14 11:58:35 | INFO |        1.127 |       24           2              0.008 
2021-04-14 11:58:35 | INFO |        1.136 |       25           2              0.008 
2021-04-14 11:58:35 | INFO |        1.144 |       26           2              0.008 
2021-04-14 11:58:35 | INFO |        1.152 |       27           2              0.008 
2021-04-14 11:58:35 | INFO |        1.160 |       28           2              0.008 
2021-04-14 11:58:35 | INFO |        1.168 |       29           2              0.008 
2021-04-14 11:58:35 | INFO |        1.176 |       30           2              0.008 
2021-04-14 11:58:35 | INFO |        1.185 |       31           2              0.008 
2021-04-14 11:58:35 | INFO |        1.193 |       32           2              0.008 
2021-04-14 11:58:35 | INFO |        1.209 |       33           2              0.016 
2021-04-14 11:58:35 | INFO |        1.226 |       34           2              0.016 
2021-04-14 11:58:35 | INFO |        1.242 |       35           2              0.016 
2021-04-14 11:58:35 | INFO |        1.258 |       36           2              0.016 
2021-04-14 11:58:35 | INFO |        1.275 |       37           2              0.016 
2021-04-14 11:58:35 | INFO |        1.291 |       38           2              0.016 
2021-04-14 11:58:35 | INFO |        1.308 |       39           2              0.016 
2021-04-14 11:58:35 | INFO |        1.340 |       40           2              0.033 
2021-04-14 11:58:35 | INFO |        1.373 |       41           2              0.033 
2021-04-14 11:58:35 | INFO |        1.406 |       42           2              0.033 
2021-04-14 11:58:35 | INFO |        1.439 |       43           2              0.033 
2021-04-14 11:58:35 | INFO |        1.471 |       44           2              0.033 
2021-04-14 11:58:35 | INFO |        1.504 |       45           2              0.033 
2021-04-14 11:58:35 | INFO |        1.537 |       46           2              0.033 
2021-04-14 11:58:35 | INFO |        1.570 |       47           2              0.033 
2021-04-14 11:58:35 | INFO |        1.602 |       48           2              0.033 
2021-04-14 11:58:35 | INFO |        1.635 |       49           2              0.033 
2021-04-14 11:58:35 | INFO |        1.701 |       50           2              0.066 
2021-04-14 11:58:35 | INFO |        1.766 |       51           2              0.066 
2021-04-14 11:58:35 | INFO |        1.832 |       52           2              0.066 
2021-04-14 11:58:35 | INFO |        1.897 |       53           2              0.066 
2021-04-14 11:58:35 | INFO |        1.963 |       54           2              0.066 
2021-04-14 11:58:35 | INFO |        2.028 |       55           2              0.066 
2021-04-14 11:58:35 | INFO |        2.094 |       56           2              0.066 
2021-04-14 11:58:35 | INFO |        2.160 |       57           2              0.066 
2021-04-14 11:58:35 | INFO |        2.216 |       58           2              0.057 
2021-04-14 11:58:35 | INFO |        2.267 |       59           2              0.051 
2021-04-14 11:58:35 | INFO |        2.313 |       60           2              0.046 
2021-04-14 11:58:35 | INFO |        2.355 |       61           2              0.041 
2021-04-14 11:58:35 | INFO |        2.396 |       62           2              0.041 
2021-04-14 11:58:35 | INFO |        2.437 |       63           2              0.041 
2021-04-14 11:58:35 | INFO |        2.479 |       64           2              0.041 
2021-04-14 11:58:35 | INFO |        2.520 |       65           2              0.041 
2021-04-14 11:58:35 | INFO |        2.561 |       66           2              0.041 
2021-04-14 11:58:35 | INFO |        2.602 |       67           2              0.041 
2021-04-14 11:58:35 | INFO |        2.644 |       68           2              0.041 
2021-04-14 11:58:35 | INFO |        2.685 |       69           2              0.041 
2021-04-14 11:58:35 | INFO |        2.726 |       70           2              0.041 
2021-04-14 11:58:35 | INFO |        2.768 |       71           2              0.041 
2021-04-14 11:58:35 | INFO |        2.809 |       72           2              0.041 
2021-04-14 11:58:35 | INFO |        2.850 |       73           2              0.041 
2021-04-14 11:58:35 | INFO |        2.892 |       74           2              0.041 
2021-04-14 11:58:35 | INFO |        2.933 |       75           2              0.041 
2021-04-14 11:58:35 | INFO |        2.974 |       76           2              0.041 
2021-04-14 11:58:35 | INFO |        3.016 |       77           2              0.041 
2021-04-14 11:58:35 | INFO |        3.057 |       78           2              0.041 
2021-04-14 11:58:35 | INFO |        3.098 |       79           2              0.041 
2021-04-14 11:58:35 | INFO |        3.140 |       80           2              0.041 
2021-04-14 11:58:35 | INFO |        3.181 |       81           2              0.041 
2021-04-14 11:58:35 | INFO |        3.222 |       82           2              0.041 
2021-04-14 11:58:35 | INFO |        3.305 |       83           2              0.083 
2021-04-14 11:58:35 | INFO |        3.376 |       84           2              0.071 
2021-04-14 11:58:35 | INFO |        3.447 |       85           2              0.071 
2021-04-14 11:58:35 | INFO |        3.518 |       86           2              0.071 
2021-04-14 11:58:35 | INFO |        3.589 |       87           2              0.071 
2021-04-14 11:58:35 | INFO |        3.653 |       88           2              0.064 
2021-04-14 11:58:35 | INFO |        3.717 |       89           2              0.064 
2021-04-14 11:58:35 | INFO |        3.774 |       90           2              0.057 
2021-04-14 11:58:35 | INFO |        3.826 |       91           2              0.052 
2021-04-14 11:58:35 | INFO |        3.878 |       92           2              0.052 
2021-04-14 11:58:35 | INFO |        3.924 |       93           2              0.047 
2021-04-14 11:58:35 | INFO |        3.971 |       94           2              0.047 
2021-04-14 11:58:35 | INFO |        4.017 |       95           2              0.047 
2021-04-14 11:58:35 | INFO |        4.064 |       96           2              0.047 
2021-04-14 11:58:35 | INFO |        4.110 |       97           2              0.047 
2021-04-14 11:58:35 | INFO |        4.157 |       98           2              0.047 
2021-04-14 11:58:35 | INFO |        4.203 |       99           2              0.047 
2021-04-14 11:58:35 | INFO |        4.250 |      100           2              0.047 
2021-04-14 11:58:35 | INFO |        4.296 |      101           2              0.047 
2021-04-14 11:58:35 | INFO |        4.343 |      102           2              0.047 
2021-04-14 11:58:35 | INFO |        4.389 |      103           2              0.047 
2021-04-14 11:58:35 | INFO |        4.436 |      104           2              0.047 
2021-04-14 11:58:35 | INFO |        4.482 |      105           2              0.047 
2021-04-14 11:58:35 | INFO |        4.529 |      106           2              0.047 
2021-04-14 11:58:35 | INFO |        4.575 |      107           2              0.047 
2021-04-14 11:58:35 | INFO |        4.622 |      108           2              0.047 
2021-04-14 11:58:35 | INFO |        4.668 |      109           2              0.047 
2021-04-14 11:58:35 | INFO |        4.715 |      110           2              0.047 
2021-04-14 11:58:35 | INFO |        4.761 |      111           2              0.047 
2021-04-14 11:58:35 | INFO |        4.854 |      112           2              0.093 
2021-04-14 11:58:35 | INFO |        4.947 |      113           2              0.093 
2021-04-14 11:58:35 | INFO |        5.000 |      114           2              0.053 
2021-04-14 11:58:35 | INFO | 
2021-04-14 11:58:35 | INFO | execution statistics :
2021-04-14 11:58:35 | INFO | 
2021-04-14 11:58:35 | INFO | number of time iterations                  = 164
2021-04-14 11:58:35 | INFO | number of residual evaluations             = 284
2021-04-14 11:58:35 | INFO | number of Jacobian evaluations             = 60
2021-04-14 11:58:35 | INFO | number of nonlinear iterations             = 278
2021-04-14 11:58:35 | INFO | number of error test failures              = 0
2021-04-14 11:58:35 | INFO | number of nonlinear convergence failures   = 0
2021-04-14 11:58:35 | INFO | number of root functions evaluations       = 263
2021-04-14 11:58:35 | INFO | number of discrete variables evaluations   = 8
2021-04-14 11:58:35 | INFO | number of mode evaluations                 = 5
2021-04-14 11:58:35 | INFO | end of job 'Kundur Example 13 - Set Point case'
