2019-04-18 15:23:43 | DEBUG |  ============================================================ 
2019-04-18 15:23:43 | DEBUG | DYNAWO VERSION  :     0.1.0
2019-04-18 15:23:43 | DEBUG | DYNAWO REVISION :  190_SolversParameters-cff2a90
2019-04-18 15:23:43 | DEBUG |  ============================================================ 
2019-04-18 15:24:04 | INFO | adding curve : Id: NETWORK; curve: _BUS____1_TN_Upu_value found. (exact name)
2019-04-18 15:24:04 | INFO | adding curve : Id: NETWORK; curve: _BUS____2_TN_Upu_value found. (exact name)
2019-04-18 15:24:04 | INFO | adding curve : Id: NETWORK; curve: _BUS____3_TN_Upu_value found. (exact name)
2019-04-18 15:24:04 | INFO | adding curve : Id: NETWORK; curve: _BUS____4_TN_Upu_value found. (exact name)
2019-04-18 15:24:04 | INFO | adding curve : Id: NETWORK; curve: _BUS____5_TN_Upu_value found. (exact name)
2019-04-18 15:24:04 | INFO | adding curve : Id: NETWORK; curve: _BUS____6_TN_Upu_value found. (exact name)
2019-04-18 15:24:04 | INFO | adding curve : Id: NETWORK; curve: _BUS____7_TN_Upu_value found. (exact name)
2019-04-18 15:24:04 | INFO | adding curve : Id: NETWORK; curve: _BUS____8_TN_Upu_value found. (exact name)
2019-04-18 15:24:04 | INFO | adding curve : Id: NETWORK; curve: _BUS____9_TN_Upu_value found. (exact name)
2019-04-18 15:24:04 | INFO | adding curve : Id: NETWORK; curve: _BUS___10_TN_Upu_value found. (exact name)
2019-04-18 15:24:04 | INFO | adding curve : Id: NETWORK; curve: _BUS___11_TN_Upu_value found. (exact name)
2019-04-18 15:24:04 | INFO | adding curve : Id: NETWORK; curve: _BUS___12_TN_Upu_value found. (exact name)
2019-04-18 15:24:04 | INFO | adding curve : Id: NETWORK; curve: _BUS___13_TN_Upu_value found. (exact name)
2019-04-18 15:24:04 | INFO | adding curve : Id: NETWORK; curve: _BUS___14_TN_Upu_value found. (exact name)
2019-04-18 15:24:04 | DEBUG | nbSubNetwork = 1 nbsub = 1
2019-04-18 15:24:04 | DEBUG | subNetwork[0] nbBus = 14
2019-04-18 15:24:04 | DEBUG | keep SubNetworks num : 0
2019-04-18 15:24:04 | DEBUG | call of SolverReInit ie a new symbolic and numerical factorization will be performed
2019-04-18 15:24:04 | DEBUG | -----------------------------------------------------------------------
2019-04-18 15:24:04 | DEBUG | number of continuous variables : 408 (display limited to 4 variables)
2019-04-18 15:24:04 | DEBUG | number of discrete variables : 196
2019-04-18 15:24:04 | DEBUG | -----------------------------------------------------------------------
2019-04-18 15:24:04 | DEBUG |     t              y1            y2            y3            y4      | nst k      h
2019-04-18 15:24:04 | DEBUG | -----------------------------------------------------------------------
2019-04-18 15:24:04 | DEBUG |        0.000  1.016071e+00 -2.744099e-01 -6.818682e-02  7.549782e-02 |   0 0 3.193744e-04 
2019-04-18 15:24:04 | DEBUG |        0.000  1.016071e+00 -2.744099e-01 -6.818682e-02  7.549782e-02 |   1 1 1.000000e-06 
2019-04-18 15:24:04 | DEBUG |        0.000  1.016071e+00 -2.744099e-01 -6.818682e-02  7.549782e-02 |   2 1 2.000000e-06 
2019-04-18 15:24:04 | DEBUG |        0.000  1.016071e+00 -2.744099e-01 -6.818682e-02  7.549782e-02 |   3 1 4.000000e-06 
2019-04-18 15:24:04 | DEBUG |        0.000  1.016071e+00 -2.744099e-01 -6.818682e-02  7.549782e-02 |   4 1 8.000000e-06 
2019-04-18 15:24:04 | DEBUG |        0.000  1.016071e+00 -2.744099e-01 -6.818682e-02  7.549782e-02 |   5 1 1.600000e-05 
2019-04-18 15:24:04 | DEBUG |        0.000  1.016071e+00 -2.744099e-01 -6.818682e-02  7.549782e-02 |   6 1 3.200000e-05 
2019-04-18 15:24:04 | DEBUG |        0.000  1.016071e+00 -2.744099e-01 -6.818682e-02  7.549782e-02 |   7 1 6.400000e-05 
2019-04-18 15:24:04 | DEBUG |        0.000  1.016071e+00 -2.744099e-01 -6.818682e-02  7.549782e-02 |   8 1 1.280000e-04 
2019-04-18 15:24:04 | DEBUG |        0.001  1.016071e+00 -2.744099e-01 -6.818682e-02  7.549782e-02 |   9 1 2.560000e-04 
2019-04-18 15:24:04 | DEBUG |        0.001  1.016071e+00 -2.744099e-01 -6.818682e-02  7.549782e-02 |  10 1 5.120000e-04 
2019-04-18 15:24:04 | DEBUG |        0.002  1.016071e+00 -2.744099e-01 -6.818682e-02  7.549782e-02 |  11 1 1.024000e-03 
2019-04-18 15:24:04 | DEBUG |        0.004  1.016071e+00 -2.744099e-01 -6.818682e-02  7.549782e-02 |  12 1 2.048000e-03 
2019-04-18 15:24:04 | DEBUG |        0.008  1.016071e+00 -2.744099e-01 -6.818682e-02  7.549782e-02 |  13 1 4.096000e-03 
2019-04-18 15:24:04 | DEBUG |        0.016  1.016071e+00 -2.744099e-01 -6.818682e-02  7.549782e-02 |  14 1 8.192000e-03 
2019-04-18 15:24:04 | DEBUG |        0.033  1.016071e+00 -2.744099e-01 -6.818683e-02  7.549782e-02 |  15 1 1.638400e-02 
2019-04-18 15:24:04 | DEBUG |        0.066  1.016071e+00 -2.744099e-01 -6.818683e-02  7.549782e-02 |  16 1 3.276800e-02 
2019-04-18 15:24:04 | DEBUG |        0.131  1.016071e+00 -2.744099e-01 -6.818683e-02  7.549782e-02 |  17 1 6.553600e-02 
2019-04-18 15:24:04 | DEBUG |        0.262  1.016071e+00 -2.744099e-01 -6.818683e-02  7.549782e-02 |  18 1 1.310720e-01 
2019-04-18 15:24:04 | DEBUG |        0.524  1.016071e+00 -2.744099e-01 -6.818683e-02  7.549782e-02 |  19 1 2.621440e-01 
2019-04-18 15:24:04 | DEBUG |        1.049  1.016071e+00 -2.744099e-01 -6.818683e-02  7.549782e-02 |  20 1 5.242880e-01 
2019-04-18 15:24:04 | DEBUG |        2.097  1.016071e+00 -2.744099e-01 -6.818683e-02  7.549782e-02 |  21 1 1.048576e+00 
2019-04-18 15:24:04 | DEBUG |        4.194  1.016071e+00 -2.744099e-01 -6.818683e-02  7.549782e-02 |  22 1 2.097152e+00 
2019-04-18 15:24:04 | DEBUG |        8.389  1.016071e+00 -2.744099e-01 -6.818683e-02  7.549782e-02 |  23 1 4.194304e+00 
2019-04-18 15:24:04 | DEBUG |       16.777  1.016071e+00 -2.744099e-01 -6.818682e-02  7.549782e-02 |  24 1 8.388608e+00 
2019-04-18 15:24:04 | DEBUG |       26.777  1.016071e+00 -2.744099e-01 -6.818682e-02  7.549782e-02 |  25 1 1.000000e+01 
2019-04-18 15:24:04 | DEBUG |       36.777  1.016071e+00 -2.744099e-01 -6.818682e-02  7.549782e-02 |  26 1 1.000000e+01 
2019-04-18 15:24:04 | DEBUG |       46.777  1.016071e+00 -2.744099e-01 -6.818682e-02  7.549782e-02 |  27 1 1.000000e+01 
2019-04-18 15:24:04 | DEBUG |       56.777  1.016071e+00 -2.744099e-01 -6.818682e-02  7.549782e-02 |  28 1 1.000000e+01 
2019-04-18 15:24:04 | DEBUG |       66.777  1.016071e+00 -2.744099e-01 -6.818682e-02  7.549782e-02 |  29 1 1.000000e+01 
2019-04-18 15:24:04 | DEBUG |       76.777  1.016071e+00 -2.744099e-01 -6.818682e-02  7.549782e-02 |  30 1 1.000000e+01 
2019-04-18 15:24:04 | DEBUG |       86.777  1.016071e+00 -2.744099e-01 -6.818682e-02  7.549782e-02 |  31 1 1.000000e+01 
2019-04-18 15:24:04 | DEBUG |       96.777  1.016071e+00 -2.744099e-01 -6.818682e-02  7.549782e-02 |  32 1 1.000000e+01 
2019-04-18 15:24:04 | DEBUG |      100.000  1.016071e+00 -2.744099e-01 -6.818682e-02  7.549782e-02 |  33 1 3.222785e+00 
2019-04-18 15:24:04 | DEBUG | 
2019-04-18 15:24:04 | DEBUG | execution Stats :
2019-04-18 15:24:04 | DEBUG | 
2019-04-18 15:24:04 | DEBUG | number of iterations                     = 33
2019-04-18 15:24:04 | DEBUG | number of Residual evaluations           = 35
2019-04-18 15:24:04 | DEBUG | number of Jacobian evaluations           = 27
2019-04-18 15:24:04 | DEBUG | number of Nonlinear iterations           = 33
2019-04-18 15:24:04 | DEBUG | number of error test failures            = 0
2019-04-18 15:24:04 | DEBUG | number of Nonlinear convergence failures = 0
2019-04-18 15:24:04 | DEBUG | number of root functions evaluations     = 36
2019-04-18 15:24:04 | DEBUG | end of job IEEE14 - Template models
