2019-05-27 11:13:17 | DEBUG |  ============================================================ 
2019-05-27 11:13:17 | DEBUG | DYNAWO VERSION  :     0.1.1
2019-05-27 11:13:17 | DEBUG | DYNAWO REVISION :  255_NodeFault-ad52429
2019-05-27 11:13:17 | DEBUG |  ============================================================ 
2019-05-27 11:14:19 | INFO | adding curve : Id: SM; curve: gen_cePu found. (exact name)
2019-05-27 11:14:19 | INFO | adding curve : Id: SM; curve: gen_PePu found. (exact name)
2019-05-27 11:14:19 | INFO | adding curve : Id: SM; curve: gen_cmPu found. (exact name)
2019-05-27 11:14:19 | INFO | adding curve : Id: SM; output: gen_PmPu found.( gen_PmPu_value )
2019-05-27 11:14:19 | INFO | adding curve : Id: SM; curve: gen_ufPu found. (exact name)
2019-05-27 11:14:19 | INFO | adding curve : Id: SM; output: gen_efdPu found.( gen_efdPu_value )
2019-05-27 11:14:19 | INFO | adding curve : Id: SM; output: gen_omegaPu found.( gen_omegaPu_value )
2019-05-27 11:14:19 | INFO | adding curve : Id: SM; curve: gen_theta found. (exact name)
2019-05-27 11:14:19 | INFO | adding curve : Id: SM; curve: gen_PGenPu found. (exact name)
2019-05-27 11:14:19 | INFO | adding curve : Id: SM; curve: gen_QGenPu found. (exact name)
2019-05-27 11:14:19 | INFO | adding curve : Id: SM; curve: gen_PGen found. (exact name)
2019-05-27 11:14:19 | INFO | adding curve : Id: SM; curve: gen_QGen found. (exact name)
2019-05-27 11:14:19 | INFO | adding curve : Id: SM; curve: gen_UPu found. (exact name)
2019-05-27 11:14:19 | INFO | adding curve : Id: SM; output: gen_IStatorPu found.( gen_IStatorPu_value )
2019-05-27 11:14:19 | INFO | adding curve : Id: SM; output: gen_IRotorPu found.( gen_IRotorPu_value )
2019-05-27 11:14:19 | INFO | adding curve : Id: SM; output: gen_UStatorPu found.( gen_UStatorPu_value )
2019-05-27 11:14:19 | INFO | adding curve : Id: SM; output: gen_QStatorPu found.( gen_QStatorPu_value )
2019-05-27 11:14:19 | INFO | adding curve : Id: SM; output: gen_thetaInternal found.( gen_thetaInternal_value )
2019-05-27 11:14:19 | DEBUG | call of SolverReInit ie a new symbolic and numerical factorization will be performed
2019-05-27 11:14:19 | DEBUG | -----------------------------------------------------------------------
2019-05-27 11:14:19 | DEBUG | number of continuous variables : 90 (display limited to 4 variables)
2019-05-27 11:14:19 | DEBUG | number of discrete variables : 18
2019-05-27 11:14:19 | DEBUG | -----------------------------------------------------------------------
2019-05-27 11:14:19 | DEBUG |     t              y1            y2            y3            y4      | nst k      h
2019-05-27 11:14:19 | DEBUG | -----------------------------------------------------------------------
2019-05-27 11:14:19 | DEBUG |        0.000  4.745646e-01  8.802369e-01  0.000000e+00  9.008100e-01 |   0 0 1.000000e-02 
2019-05-27 11:14:19 | DEBUG |        0.000  4.745646e-01  8.802369e-01  0.000000e+00  9.008100e-01 |   1 1 1.000000e-06 
2019-05-27 11:14:19 | DEBUG |        0.000  4.745646e-01  8.802369e-01  0.000000e+00  9.008100e-01 |   2 1 1.000000e-06 
2019-05-27 11:14:19 | DEBUG |        0.000  4.745646e-01  8.802369e-01  0.000000e+00  9.008100e-01 |   3 2 2.000000e-06 
2019-05-27 11:14:19 | DEBUG |        0.000  4.745646e-01  8.802369e-01  0.000000e+00  9.008100e-01 |   4 2 4.000000e-06 
2019-05-27 11:14:19 | DEBUG |        0.000  4.745646e-01  8.802369e-01  0.000000e+00  9.008100e-01 |   5 2 8.000000e-06 
2019-05-27 11:14:19 | DEBUG |        0.000  4.745646e-01  8.802369e-01  0.000000e+00  9.008100e-01 |   6 2 1.600000e-05 
2019-05-27 11:14:19 | DEBUG |        0.000  4.745646e-01  8.802369e-01  0.000000e+00  9.008100e-01 |   7 2 3.200000e-05 
2019-05-27 11:14:19 | DEBUG |        0.000  4.745646e-01  8.802369e-01  0.000000e+00  9.008100e-01 |   8 2 6.400000e-05 
2019-05-27 11:14:19 | DEBUG |        0.000  4.745646e-01  8.802369e-01  0.000000e+00  9.008100e-01 |   9 2 1.280000e-04 
2019-05-27 11:14:19 | DEBUG |        0.001  4.745647e-01  8.802369e-01  0.000000e+00  9.008100e-01 |  10 2 2.560000e-04 
2019-05-27 11:14:19 | DEBUG |        0.001  4.745647e-01  8.802370e-01  0.000000e+00  9.008100e-01 |  11 2 5.120000e-04 
2019-05-27 11:14:19 | DEBUG |        0.002  4.745648e-01  8.802370e-01  0.000000e+00  9.008100e-01 |  12 2 1.024000e-03 
2019-05-27 11:14:19 | DEBUG |        0.004  4.745650e-01  8.802371e-01  0.000000e+00  9.008100e-01 |  13 2 2.048000e-03 
2019-05-27 11:14:19 | DEBUG |        0.008  4.745653e-01  8.802372e-01  0.000000e+00  9.008100e-01 |  14 2 4.096000e-03 
2019-05-27 11:14:19 | DEBUG |        0.016  4.745654e-01  8.802372e-01  0.000000e+00  9.008100e-01 |  15 2 8.192000e-03 
2019-05-27 11:14:19 | DEBUG |        0.033  4.745648e-01  8.802366e-01  0.000000e+00  9.008100e-01 |  16 2 1.638400e-02 
2019-05-27 11:14:19 | DEBUG |        0.066  4.745628e-01  8.802340e-01  0.000000e+00  9.008100e-01 |  17 2 3.276800e-02 
2019-05-27 11:14:19 | DEBUG |        0.131  4.745628e-01  8.802260e-01  0.000000e+00  9.008100e-01 |  18 2 6.553600e-02 
2019-05-27 11:14:19 | DEBUG |        0.262  4.745838e-01  8.802090e-01  0.000000e+00  9.008100e-01 |  19 1 1.310720e-01 
2019-05-27 11:14:19 | DEBUG |        0.524  4.745977e-01  8.802019e-01  0.000000e+00  9.008100e-01 |  20 1 2.621440e-01 
2019-05-27 11:14:19 | DEBUG |        1.000  4.745908e-01  8.802070e-01  0.000000e+00  9.008100e-01 |   0 0 0.000000e+00 
2019-05-27 11:14:19 | DEBUG |        1.000  2.853465e-01  3.288911e-01  0.000000e+00  9.008100e-01 |   1 1 1.000000e-06 
2019-05-27 11:14:19 | DEBUG |        1.000  2.853464e-01  3.288870e-01  0.000000e+00  9.008100e-01 |   2 1 1.000000e-06 
2019-05-27 11:14:19 | DEBUG |        1.000  2.853462e-01  3.288787e-01  0.000000e+00  9.008100e-01 |   3 2 2.000000e-06 
2019-05-27 11:14:19 | DEBUG |        1.000  2.853456e-01  3.288621e-01  0.000000e+00  9.008100e-01 |   4 2 4.000000e-06 
2019-05-27 11:14:19 | DEBUG |        1.000  2.853446e-01  3.288289e-01  0.000000e+00  9.008100e-01 |   5 2 8.000000e-06 
2019-05-27 11:14:19 | DEBUG |        1.000  2.853427e-01  3.287626e-01  0.000000e+00  9.008100e-01 |   6 2 1.600000e-05 
2019-05-27 11:14:19 | DEBUG |        1.000  2.853389e-01  3.286302e-01  0.000000e+00  9.008100e-01 |   7 2 3.200000e-05 
2019-05-27 11:14:19 | DEBUG |        1.000  2.853321e-01  3.283658e-01  0.000000e+00  9.008100e-01 |   8 2 6.400000e-05 
2019-05-27 11:14:19 | DEBUG |        1.000  2.853210e-01  3.278392e-01  0.000000e+00  9.008100e-01 |   9 2 1.280000e-04 
2019-05-27 11:14:19 | DEBUG |        1.001  2.853095e-01  3.267944e-01  0.000000e+00  9.008100e-01 |  10 2 2.560000e-04 
2019-05-27 11:14:19 | DEBUG |        1.001  2.853034e-01  3.247295e-01  0.000000e+00  9.008100e-01 |  11 2 5.120000e-04 
2019-05-27 11:14:19 | DEBUG |        1.002  2.853261e-01  3.206853e-01  0.000000e+00  9.008100e-01 |  12 2 1.024000e-03 
2019-05-27 11:14:19 | DEBUG |        1.003  2.853886e-01  3.167507e-01  0.000000e+00  9.008100e-01 |  13 2 1.024000e-03 
2019-05-27 11:14:19 | DEBUG |        1.005  2.856041e-01  3.091844e-01  0.000000e+00  9.008100e-01 |  14 2 2.048000e-03 
2019-05-27 11:14:19 | DEBUG |        1.007  2.859325e-01  3.020037e-01  0.000000e+00  9.008100e-01 |  15 2 2.048000e-03 
2019-05-27 11:14:19 | DEBUG |        1.009  2.863611e-01  2.951826e-01  0.000000e+00  9.008100e-01 |  16 2 2.048000e-03 
2019-05-27 11:14:19 | DEBUG |        1.011  2.868796e-01  2.886962e-01  0.000000e+00  9.008100e-01 |  17 2 2.048000e-03 
2019-05-27 11:14:19 | DEBUG |        1.013  2.874792e-01  2.825209e-01  0.000000e+00  9.008100e-01 |  18 2 2.048000e-03 
2019-05-27 11:14:19 | DEBUG |        1.015  2.881519e-01  2.766348e-01  0.000000e+00  9.008100e-01 |  19 2 2.048000e-03 
2019-05-27 11:14:19 | DEBUG |        1.017  2.888909e-01  2.710168e-01  0.000000e+00  9.008100e-01 |  20 2 2.048000e-03 
2019-05-27 11:14:19 | DEBUG |        1.019  2.896897e-01  2.656475e-01  0.000000e+00  9.008100e-01 |  21 2 2.048000e-03 
2019-05-27 11:14:19 | DEBUG |        1.022  2.905428e-01  2.605082e-01  0.000000e+00  9.008100e-01 |  22 2 2.048000e-03 
2019-05-27 11:14:19 | DEBUG |        1.024  2.914451e-01  2.555818e-01  0.000000e+00  9.008100e-01 |  23 2 2.048000e-03 
2019-05-27 11:14:19 | DEBUG |        1.026  2.923921e-01  2.508518e-01  0.000000e+00  9.008100e-01 |  24 2 2.048000e-03 
2019-05-27 11:14:19 | DEBUG |        1.028  2.933796e-01  2.463028e-01  0.000000e+00  9.008100e-01 |  25 2 2.048000e-03 
2019-05-27 11:14:19 | DEBUG |        1.030  2.944041e-01  2.419204e-01  0.000000e+00  9.008100e-01 |  26 2 2.048000e-03 
2019-05-27 11:14:19 | DEBUG |        1.034  2.965483e-01  2.335863e-01  0.000000e+00  9.008100e-01 |  27 2 4.096000e-03 
2019-05-27 11:14:19 | DEBUG |        1.038  2.988056e-01  2.257635e-01  0.000000e+00  9.008100e-01 |  28 2 4.096000e-03 
2019-05-27 11:14:19 | DEBUG |        1.042  3.011585e-01  2.183679e-01  0.000000e+00  9.008100e-01 |  29 2 4.096000e-03 
2019-05-27 11:14:19 | DEBUG |        1.046  3.035914e-01  2.113220e-01  0.000000e+00  9.008100e-01 |  30 2 4.096000e-03 
2019-05-27 11:14:19 | DEBUG |        1.050  3.060920e-01  2.045561e-01  0.000000e+00  9.008100e-01 |  31 2 4.096000e-03 
2019-05-27 11:14:19 | DEBUG |        1.054  3.086493e-01  1.980080e-01  0.000000e+00  9.008100e-01 |  32 2 4.096000e-03 
2019-05-27 11:14:19 | DEBUG |        1.058  3.112541e-01  1.916223e-01  0.000000e+00  9.008100e-01 |  33 2 4.096000e-03 
2019-05-27 11:14:19 | DEBUG |        1.062  3.138978e-01  1.853496e-01  0.000000e+00  9.008100e-01 |  34 2 4.096000e-03 
2019-05-27 11:14:19 | DEBUG |        1.067  3.165724e-01  1.791458e-01  0.000000e+00  9.008100e-01 |  35 2 4.096000e-03 
2019-05-27 11:14:19 | DEBUG |        1.070  3.188368e-01  1.739585e-01  0.000000e+00  9.008100e-01 |   0 0 0.000000e+00 
2019-05-27 11:14:19 | DEBUG |        1.070  5.903337e-01  5.850202e-01  0.000000e+00  9.008100e-01 |   1 1 1.000000e-06 
2019-05-27 11:14:19 | DEBUG |        1.070  5.903364e-01  5.850233e-01  0.000000e+00  9.008100e-01 |   2 1 1.000000e-06 
2019-05-27 11:14:19 | DEBUG |        1.070  5.903418e-01  5.850294e-01  0.000000e+00  9.008100e-01 |   3 2 2.000000e-06 
2019-05-27 11:14:19 | DEBUG |        1.070  5.903526e-01  5.850418e-01  0.000000e+00  9.008100e-01 |   4 2 4.000000e-06 
2019-05-27 11:14:19 | DEBUG |        1.070  5.903742e-01  5.850666e-01  0.000000e+00  9.008100e-01 |   5 2 8.000000e-06 
2019-05-27 11:14:19 | DEBUG |        1.070  5.904174e-01  5.851161e-01  0.000000e+00  9.008100e-01 |   6 2 1.600000e-05 
2019-05-27 11:14:19 | DEBUG |        1.070  5.905036e-01  5.852151e-01  0.000000e+00  9.008100e-01 |   7 2 3.200000e-05 
2019-05-27 11:14:19 | DEBUG |        1.070  5.906761e-01  5.854127e-01  0.000000e+00  9.008100e-01 |   8 2 6.400000e-05 
2019-05-27 11:14:19 | DEBUG |        1.070  5.910204e-01  5.858063e-01  0.000000e+00  9.008100e-01 |   9 2 1.280000e-04 
2019-05-27 11:14:19 | DEBUG |        1.071  5.917067e-01  5.865877e-01  0.000000e+00  9.008100e-01 |  10 2 2.560000e-04 
2019-05-27 11:14:19 | DEBUG |        1.071  5.930703e-01  5.881270e-01  0.000000e+00  9.008100e-01 |  11 2 5.120000e-04 
2019-05-27 11:14:19 | DEBUG |        1.072  5.957624e-01  5.911136e-01  0.000000e+00  9.008100e-01 |  12 2 1.024000e-03 
2019-05-27 11:14:19 | DEBUG |        1.074  6.010147e-01  5.967316e-01  0.000000e+00  9.008100e-01 |  13 2 2.048000e-03 
2019-05-27 11:14:19 | DEBUG |        1.076  6.060990e-01  6.018932e-01  0.000000e+00  9.008100e-01 |  14 2 2.048000e-03 
2019-05-27 11:14:19 | DEBUG |        1.078  6.110272e-01  6.066206e-01  0.000000e+00  9.008100e-01 |  15 2 2.048000e-03 
2019-05-27 11:14:19 | DEBUG |        1.080  6.158108e-01  6.109355e-01  0.000000e+00  9.008100e-01 |  16 2 2.048000e-03 
2019-05-27 11:14:19 | DEBUG |        1.082  6.204606e-01  6.148588e-01  0.000000e+00  9.008100e-01 |  17 2 2.048000e-03 
2019-05-27 11:14:19 | DEBUG |        1.084  6.249866e-01  6.184100e-01  0.000000e+00  9.008100e-01 |  18 2 2.048000e-03 
2019-05-27 11:14:19 | DEBUG |        1.086  6.293977e-01  6.216079e-01  0.000000e+00  9.008100e-01 |  19 2 2.048000e-03 
2019-05-27 11:14:19 | DEBUG |        1.088  6.337024e-01  6.244699e-01  0.000000e+00  9.008100e-01 |  20 2 2.048000e-03 
2019-05-27 11:14:19 | DEBUG |        1.090  6.379080e-01  6.270127e-01  0.000000e+00  9.008100e-01 |  21 2 2.048000e-03 
2019-05-27 11:14:19 | DEBUG |        1.093  6.420214e-01  6.292520e-01  0.000000e+00  9.008100e-01 |  22 2 2.048000e-03 
2019-05-27 11:14:19 | DEBUG |        1.097  6.500095e-01  6.328931e-01  0.000000e+00  9.008100e-01 |  23 2 4.096000e-03 
2019-05-27 11:14:19 | DEBUG |        1.101  6.576961e-01  6.354911e-01  0.000000e+00  9.008100e-01 |  24 2 4.096000e-03 
2019-05-27 11:14:19 | DEBUG |        1.105  6.651141e-01  6.371393e-01  0.000000e+00  9.008100e-01 |  25 2 4.096000e-03 
2019-05-27 11:14:19 | DEBUG |        1.109  6.722927e-01  6.379240e-01  0.000000e+00  9.008100e-01 |  26 2 4.096000e-03 
2019-05-27 11:14:19 | DEBUG |        1.113  6.792553e-01  6.379251e-01  0.000000e+00  9.008100e-01 |  27 2 4.096000e-03 
2019-05-27 11:14:19 | DEBUG |        1.117  6.860213e-01  6.372147e-01  0.000000e+00  9.008100e-01 |  28 2 4.096000e-03 
2019-05-27 11:14:19 | DEBUG |        1.121  6.926063e-01  6.358582e-01  0.000000e+00  9.008100e-01 |  29 2 4.096000e-03 
2019-05-27 11:14:19 | DEBUG |        1.125  6.990230e-01  6.339151e-01  0.000000e+00  9.008100e-01 |  30 2 4.096000e-03 
2019-05-27 11:14:19 | DEBUG |        1.129  7.052810e-01  6.314395e-01  0.000000e+00  9.008100e-01 |  31 2 4.096000e-03 
2019-05-27 11:14:19 | DEBUG |        1.138  7.173785e-01  6.251305e-01  0.000000e+00  9.008100e-01 |  32 2 8.192000e-03 
2019-05-27 11:14:19 | DEBUG |        1.146  7.289023e-01  6.172375e-01  0.000000e+00  9.008100e-01 |  33 2 8.192000e-03 
2019-05-27 11:14:19 | DEBUG |        1.154  7.398764e-01  6.080382e-01  0.000000e+00  9.008100e-01 |  34 2 8.192000e-03 
2019-05-27 11:14:19 | DEBUG |        1.162  7.503205e-01  5.977786e-01  0.000000e+00  9.008100e-01 |  35 2 8.192000e-03 
2019-05-27 11:14:19 | DEBUG |        1.170  7.602428e-01  5.866772e-01  0.000000e+00  9.008100e-01 |  36 2 8.192000e-03 
2019-05-27 11:14:19 | DEBUG |        1.179  7.696498e-01  5.749236e-01  0.000000e+00  9.008100e-01 |  37 2 8.192000e-03 
2019-05-27 11:14:19 | DEBUG |        1.187  7.785475e-01  5.626833e-01  0.000000e+00  9.008100e-01 |  38 2 8.192000e-03 
2019-05-27 11:14:19 | DEBUG |        1.195  7.869425e-01  5.501022e-01  0.000000e+00  9.008100e-01 |  39 2 8.192000e-03 
2019-05-27 11:14:19 | DEBUG |        1.211  8.022938e-01  5.245220e-01  0.000000e+00  9.008100e-01 |  40 2 1.638400e-02 
2019-05-27 11:14:19 | DEBUG |        1.228  8.157277e-01  4.989428e-01  0.000000e+00  9.008100e-01 |  41 2 1.638400e-02 
2019-05-27 11:14:19 | DEBUG |        1.244  8.273966e-01  4.740357e-01  0.000000e+00  9.008100e-01 |  42 2 1.638400e-02 
2019-05-27 11:14:19 | DEBUG |        1.260  8.374859e-01  4.503695e-01  0.000000e+00  9.008100e-01 |  43 2 1.638400e-02 
2019-05-27 11:14:19 | DEBUG |        1.277  8.461770e-01  4.284222e-01  0.000000e+00  9.008100e-01 |  44 2 1.638400e-02 
2019-05-27 11:14:19 | DEBUG |        1.293  8.536674e-01  4.085888e-01  0.000000e+00  9.008100e-01 |  45 2 1.638400e-02 
2019-05-27 11:14:19 | DEBUG |        1.310  8.601552e-01  3.911978e-01  0.000000e+00  9.008100e-01 |  46 2 1.638400e-02 
2019-05-27 11:14:19 | DEBUG |        1.326  8.658291e-01  3.765248e-01  0.000000e+00  9.008100e-01 |  47 2 1.638400e-02 
2019-05-27 11:14:19 | DEBUG |        1.359  8.754487e-01  3.563965e-01  0.000000e+00  9.008100e-01 |  48 2 3.276800e-02 
2019-05-27 11:14:19 | DEBUG |        1.392  8.834573e-01  3.495385e-01  0.000000e+00  9.008100e-01 |  49 2 3.276800e-02 
2019-05-27 11:14:19 | DEBUG |        1.424  8.903233e-01  3.571078e-01  0.000000e+00  9.008100e-01 |  50 2 3.276800e-02 
2019-05-27 11:14:19 | DEBUG |        1.457  8.957259e-01  3.800471e-01  0.000000e+00  9.008100e-01 |  51 2 3.276800e-02 
2019-05-27 11:14:19 | DEBUG |        1.490  8.969938e-01  4.194426e-01  0.000000e+00  9.008100e-01 |  52 2 3.276800e-02 
2019-05-27 11:14:19 | DEBUG |        1.519  8.898139e-01  4.689473e-01  0.000000e+00  9.008100e-01 |  53 2 2.949120e-02 
2019-05-27 11:14:19 | DEBUG |        1.543  8.756457e-01  5.183858e-01  0.000000e+00  9.008100e-01 |  54 2 2.400766e-02 
2019-05-27 11:14:19 | DEBUG |        1.567  8.523957e-01  5.741945e-01  0.000000e+00  9.008100e-01 |  55 2 2.400766e-02 
2019-05-27 11:14:19 | DEBUG |        1.591  8.193408e-01  6.338516e-01  0.000000e+00  9.008100e-01 |  56 2 2.400766e-02 
2019-05-27 11:14:19 | DEBUG |        1.615  7.766592e-01  6.945438e-01  0.000000e+00  9.008100e-01 |  57 2 2.400766e-02 
2019-05-27 11:14:19 | DEBUG |        1.639  7.252986e-01  7.532317e-01  0.000000e+00  9.008100e-01 |  58 2 2.400766e-02 
2019-05-27 11:14:19 | DEBUG |        1.663  6.674529e-01  8.072265e-01  0.000000e+00  9.008100e-01 |  59 2 2.400766e-02 
2019-05-27 11:14:19 | DEBUG |        1.687  6.054919e-01  8.541854e-01  0.000000e+00  9.008100e-01 |  60 2 2.400766e-02 
2019-05-27 11:14:19 | DEBUG |        1.711  5.421028e-01  8.929032e-01  0.000000e+00  9.008100e-01 |  61 2 2.400766e-02 
2019-05-27 11:14:19 | DEBUG |        1.735  4.801131e-01  9.227099e-01  0.000000e+00  9.008100e-01 |  62 2 2.400766e-02 
2019-05-27 11:14:19 | DEBUG |        1.759  4.228484e-01  9.440032e-01  0.000000e+00  9.008100e-01 |  63 2 2.400766e-02 
2019-05-27 11:14:19 | DEBUG |        1.781  3.773153e-01  9.579738e-01  0.000000e+00  9.008100e-01 |  64 2 2.160690e-02 
2019-05-27 11:14:19 | DEBUG |        1.803  3.387869e-01  9.663066e-01  0.000000e+00  9.008100e-01 |  65 2 2.160690e-02 
2019-05-27 11:14:19 | DEBUG |        1.824  3.082884e-01  9.709829e-01  0.000000e+00  9.008100e-01 |  66 2 2.160690e-02 
2019-05-27 11:14:19 | DEBUG |        1.846  2.862624e-01  9.729249e-01  0.000000e+00  9.008100e-01 |  67 2 2.160690e-02 
2019-05-27 11:14:19 | DEBUG |        1.867  2.728020e-01  9.728283e-01  0.000000e+00  9.008100e-01 |  68 2 2.160690e-02 
2019-05-27 11:14:19 | DEBUG |        1.889  2.677201e-01  9.710947e-01  0.000000e+00  9.008100e-01 |  69 2 2.160690e-02 
2019-05-27 11:14:19 | DEBUG |        1.911  2.706554e-01  9.678249e-01  0.000000e+00  9.008100e-01 |  70 2 2.160690e-02 
2019-05-27 11:14:19 | DEBUG |        1.932  2.811207e-01  9.628898e-01  0.000000e+00  9.008100e-01 |  71 2 2.160690e-02 
2019-05-27 11:14:19 | DEBUG |        1.954  2.985212e-01  9.559726e-01  0.000000e+00  9.008100e-01 |  72 2 2.160690e-02 
2019-05-27 11:14:19 | DEBUG |        1.975  3.221958e-01  9.466300e-01  0.000000e+00  9.008100e-01 |  73 2 2.160690e-02 
2019-05-27 11:14:19 | DEBUG |        1.997  3.514154e-01  9.343593e-01  0.000000e+00  9.008100e-01 |  74 2 2.160690e-02 
2019-05-27 11:14:19 | DEBUG |        2.019  3.853891e-01  9.186427e-01  0.000000e+00  9.008100e-01 |  75 2 2.160690e-02 
2019-05-27 11:14:19 | DEBUG |        2.040  4.232776e-01  8.989929e-01  0.000000e+00  9.008100e-01 |  76 2 2.160690e-02 
2019-05-27 11:14:19 | DEBUG |        2.062  4.641939e-01  8.749880e-01  0.000000e+00  9.008100e-01 |  77 2 2.160690e-02 
2019-05-27 11:14:19 | DEBUG |        2.084  5.072186e-01  8.463061e-01  0.000000e+00  9.008100e-01 |  78 2 2.160690e-02 
2019-05-27 11:14:19 | DEBUG |        2.105  5.514116e-01  8.127514e-01  0.000000e+00  9.008100e-01 |  79 2 2.160690e-02 
2019-05-27 11:14:19 | DEBUG |        2.127  5.958344e-01  7.742814e-01  0.000000e+00  9.008100e-01 |  80 2 2.160690e-02 
2019-05-27 11:14:19 | DEBUG |        2.148  6.393441e-01  7.308683e-01  0.000000e+00  9.008100e-01 |  81 2 2.160690e-02 
2019-05-27 11:14:19 | DEBUG |        2.170  6.802577e-01  6.827655e-01  0.000000e+00  9.008100e-01 |  82 2 2.160690e-02 
2019-05-27 11:14:19 | DEBUG |        2.192  7.171012e-01  6.313188e-01  0.000000e+00  9.008100e-01 |  83 2 2.160690e-02 
2019-05-27 11:14:19 | DEBUG |        2.213  7.492549e-01  5.771979e-01  0.000000e+00  9.008100e-01 |  84 2 2.160690e-02 
2019-05-27 11:14:19 | DEBUG |        2.235  7.761572e-01  5.213037e-01  0.000000e+00  9.008100e-01 |  85 2 2.160690e-02 
2019-05-27 11:14:19 | DEBUG |        2.256  7.976064e-01  4.654295e-01  0.000000e+00  9.008100e-01 |  86 2 2.160690e-02 
2019-05-27 11:14:19 | DEBUG |        2.278  8.140674e-01  4.103183e-01  0.000000e+00  9.008100e-01 |  87 2 2.160690e-02 
2019-05-27 11:14:19 | DEBUG |        2.300  8.258503e-01  3.566284e-01  0.000000e+00  9.008100e-01 |  88 2 2.160690e-02 
2019-05-27 11:14:19 | DEBUG |        2.321  8.332454e-01  3.060345e-01  0.000000e+00  9.008100e-01 |  89 2 2.160690e-02 
2019-05-27 11:14:19 | DEBUG |        2.343  8.367277e-01  2.590894e-01  0.000000e+00  9.008100e-01 |  90 2 2.160690e-02 
2019-05-27 11:14:19 | DEBUG |        2.358  8.396653e-01  2.275017e-01  0.000000e+00  9.008100e-01 |  91 2 1.529967e-02 
2019-05-27 11:14:19 | DEBUG |        2.373  8.398117e-01  1.982442e-01  0.000000e+00  9.008100e-01 |  92 2 1.529967e-02 
2019-05-27 11:14:19 | DEBUG |        2.389  8.391941e-01  1.713098e-01  0.000000e+00  9.008100e-01 |  93 2 1.529967e-02 
2019-05-27 11:14:19 | DEBUG |        2.404  8.380333e-01  1.465422e-01  0.000000e+00  9.008100e-01 |  94 2 1.529967e-02 
2019-05-27 11:14:19 | DEBUG |        2.435  8.350059e-01  1.040905e-01  0.000000e+00  9.008100e-01 |  95 2 3.059933e-02 
2019-05-27 11:14:19 | DEBUG |        2.465  8.323245e-01  7.106967e-02  0.000000e+00  9.008100e-01 |  96 2 3.059933e-02 
2019-05-27 11:14:19 | DEBUG |        2.496  8.312236e-01  4.758036e-02  0.000000e+00  9.008100e-01 |  97 2 3.059933e-02 
2019-05-27 11:14:19 | DEBUG |        2.526  8.326488e-01  3.377917e-02  0.000000e+00  9.008100e-01 |  98 2 3.059933e-02 
2019-05-27 11:14:19 | DEBUG |        2.557  8.372144e-01  2.996291e-02  0.000000e+00  9.008100e-01 |  99 2 3.059933e-02 
2019-05-27 11:14:19 | DEBUG |        2.588  8.452067e-01  3.666332e-02  0.000000e+00  9.008100e-01 | 100 2 3.059933e-02 
2019-05-27 11:14:19 | DEBUG |        2.618  8.565381e-01  5.467761e-02  0.000000e+00  9.008100e-01 | 101 2 3.059933e-02 
2019-05-27 11:14:19 | DEBUG |        2.649  8.706513e-01  8.507808e-02  0.000000e+00  9.008100e-01 | 102 2 3.059933e-02 
2019-05-27 11:14:19 | DEBUG |        2.679  8.863811e-01  1.291471e-01  0.000000e+00  9.008100e-01 | 103 2 3.059933e-02 
2019-05-27 11:14:19 | DEBUG |        2.710  9.017812e-01  1.882165e-01  0.000000e+00  9.008100e-01 | 104 2 3.059933e-02 
2019-05-27 11:14:19 | DEBUG |        2.741  9.139561e-01  2.633676e-01  0.000000e+00  9.008100e-01 | 105 2 3.059933e-02 
2019-05-27 11:14:19 | DEBUG |        2.771  9.189922e-01  3.549570e-01  0.000000e+00  9.008100e-01 | 106 2 3.059933e-02 
2019-05-27 11:14:19 | DEBUG |        2.788  9.157844e-01  4.127239e-01  0.000000e+00  9.008100e-01 | 107 2 1.691573e-02 
2019-05-27 11:14:19 | DEBUG |        2.805  9.050343e-01  4.753172e-01  0.000000e+00  9.008100e-01 | 108 2 1.691573e-02 
2019-05-27 11:14:19 | DEBUG |        2.820  8.875794e-01  5.343946e-01  0.000000e+00  9.008100e-01 | 109 2 1.522416e-02 
2019-05-27 11:14:19 | DEBUG |        2.835  8.621214e-01  5.950988e-01  0.000000e+00  9.008100e-01 | 110 2 1.522416e-02 
2019-05-27 11:14:19 | DEBUG |        2.851  8.288403e-01  6.557237e-01  0.000000e+00  9.008100e-01 | 111 2 1.522416e-02 
2019-05-27 11:14:19 | DEBUG |        2.866  7.890154e-01  7.147565e-01  0.000000e+00  9.008100e-01 | 112 2 1.522416e-02 
2019-05-27 11:14:19 | DEBUG |        2.881  7.436183e-01  7.709047e-01  0.000000e+00  9.008100e-01 | 113 2 1.522416e-02 
2019-05-27 11:14:19 | DEBUG |        2.896  6.935393e-01  8.230809e-01  0.000000e+00  9.008100e-01 | 114 2 1.522416e-02 
2019-05-27 11:14:19 | DEBUG |        2.912  6.398421e-01  8.702576e-01  0.000000e+00  9.008100e-01 | 115 2 1.522416e-02 
2019-05-27 11:14:19 | DEBUG |        2.927  5.836328e-01  9.116634e-01  0.000000e+00  9.008100e-01 | 116 2 1.522416e-02 
2019-05-27 11:14:19 | DEBUG |        2.942  5.261940e-01  9.468713e-01  0.000000e+00  9.008100e-01 | 117 2 1.522416e-02 
2019-05-27 11:14:19 | DEBUG |        2.957  4.688150e-01  9.756728e-01  0.000000e+00  9.008100e-01 | 118 2 1.522416e-02 
2019-05-27 11:14:19 | DEBUG |        2.972  4.127604e-01  9.981327e-01  0.000000e+00  9.008100e-01 | 119 2 1.522416e-02 
2019-05-27 11:14:19 | DEBUG |        2.988  3.592103e-01  1.014562e+00  0.000000e+00  9.008100e-01 | 120 2 1.522416e-02 
2019-05-27 11:14:19 | DEBUG |        3.003  3.092053e-01  1.025475e+00  0.000000e+00  9.008100e-01 | 121 2 1.522416e-02 
2019-05-27 11:14:19 | DEBUG |        3.018  2.636035e-01  1.031536e+00  0.000000e+00  9.008100e-01 | 122 2 1.522416e-02 
2019-05-27 11:14:19 | DEBUG |        3.033  2.230622e-01  1.033479e+00  0.000000e+00  9.008100e-01 | 123 2 1.522416e-02 
2019-05-27 11:14:19 | DEBUG |        3.049  1.880487e-01  1.032066e+00  0.000000e+00  9.008100e-01 | 124 2 1.522416e-02 
2019-05-27 11:14:19 | DEBUG |        3.064  1.588332e-01  1.028047e+00  0.000000e+00  9.008100e-01 | 125 2 1.522416e-02 
2019-05-27 11:14:19 | DEBUG |        3.079  1.359601e-01  1.022254e+00  0.000000e+00  9.008100e-01 | 126 2 1.522416e-02 
2019-05-27 11:14:19 | DEBUG |        3.094  1.194840e-01  1.016201e+00  0.000000e+00  9.008100e-01 | 127 2 1.522416e-02 
2019-05-27 11:14:19 | DEBUG |        3.109  1.093664e-01  1.010909e+00  0.000000e+00  9.008100e-01 | 128 2 1.522416e-02 
2019-05-27 11:14:19 | DEBUG |        3.125  1.054461e-01  1.006691e+00  0.000000e+00  9.008100e-01 | 129 2 1.522416e-02 
2019-05-27 11:14:19 | DEBUG |        3.140  1.066265e-01  1.002983e+00  0.000000e+00  9.008100e-01 | 130 2 1.522416e-02 
2019-05-27 11:14:19 | DEBUG |        3.155  1.136302e-01  9.978265e-01  0.000000e+00  9.008100e-01 | 131 2 1.522416e-02 
2019-05-27 11:14:19 | DEBUG |        3.168  1.256659e-01  9.963409e-01  0.000000e+00  9.008100e-01 | 132 2 1.314454e-02 
2019-05-27 11:14:19 | DEBUG |        3.180  1.384228e-01  9.935779e-01  0.000000e+00  9.008100e-01 | 133 2 1.183008e-02 
2019-05-27 11:14:19 | DEBUG |        3.192  1.539097e-01  9.905473e-01  0.000000e+00  9.008100e-01 | 134 2 1.183008e-02 
2019-05-27 11:14:19 | DEBUG |        3.204  1.719951e-01  9.870365e-01  0.000000e+00  9.008100e-01 | 135 2 1.183008e-02 
2019-05-27 11:14:19 | DEBUG |        3.227  2.150376e-01  9.776407e-01  0.000000e+00  9.008100e-01 | 136 2 2.366017e-02 
2019-05-27 11:14:19 | DEBUG |        3.249  2.608139e-01  9.653350e-01  0.000000e+00  9.008100e-01 | 137 2 2.129415e-02 
2019-05-27 11:14:19 | DEBUG |        3.270  3.120636e-01  9.481491e-01  0.000000e+00  9.008100e-01 | 138 2 2.129415e-02 
2019-05-27 11:14:19 | DEBUG |        3.291  3.675541e-01  9.250649e-01  0.000000e+00  9.008100e-01 | 139 2 2.129415e-02 
2019-05-27 11:14:19 | DEBUG |        3.313  4.259744e-01  8.952436e-01  0.000000e+00  9.008100e-01 | 140 2 2.129415e-02 
2019-05-27 11:14:19 | DEBUG |        3.334  4.860071e-01  8.580649e-01  0.000000e+00  9.008100e-01 | 141 2 2.129415e-02 
2019-05-27 11:14:19 | DEBUG |        3.355  5.462627e-01  8.130912e-01  0.000000e+00  9.008100e-01 | 142 2 2.129415e-02 
2019-05-27 11:14:19 | DEBUG |        3.377  6.053497e-01  7.601503e-01  0.000000e+00  9.008100e-01 | 143 2 2.129415e-02 
2019-05-27 11:14:19 | DEBUG |        3.398  6.604454e-01  6.990707e-01  0.000000e+00  9.008100e-01 | 144 2 2.129415e-02 
2019-05-27 11:14:19 | DEBUG |        3.417  7.048157e-01  6.377421e-01  0.000000e+00  9.008100e-01 | 145 2 1.916474e-02 
2019-05-27 11:14:19 | DEBUG |        3.436  7.428698e-01  5.714117e-01  0.000000e+00  9.008100e-01 | 146 2 1.916474e-02 
2019-05-27 11:14:19 | DEBUG |        3.455  7.737185e-01  5.013268e-01  0.000000e+00  9.008100e-01 | 147 2 1.916474e-02 
2019-05-27 11:14:19 | DEBUG |        3.474  7.968665e-01  4.288539e-01  0.000000e+00  9.008100e-01 | 148 2 1.916474e-02 
2019-05-27 11:14:19 | DEBUG |        3.494  8.121938e-01  3.553548e-01  0.000000e+00  9.008100e-01 | 149 2 1.916474e-02 
2019-05-27 11:14:19 | DEBUG |        3.513  8.198943e-01  2.820838e-01  0.000000e+00  9.008100e-01 | 150 2 1.916474e-02 
2019-05-27 11:14:19 | DEBUG |        3.532  8.204068e-01  2.101110e-01  0.000000e+00  9.008100e-01 | 151 2 1.916474e-02 
2019-05-27 11:14:19 | DEBUG |        3.551  8.143230e-01  1.402827e-01  0.000000e+00  9.008100e-01 | 152 2 1.916474e-02 
2019-05-27 11:14:19 | DEBUG |        3.570  8.023143e-01  7.319382e-02  0.000000e+00  9.008100e-01 | 153 2 1.916474e-02 
2019-05-27 11:14:19 | DEBUG |        3.589  7.850257e-01  9.206808e-03  0.000000e+00  9.008100e-01 | 154 2 1.916474e-02 
2019-05-27 11:14:19 | DEBUG |        3.609  7.630817e-01 -5.151124e-02  0.000000e+00  9.008100e-01 | 155 2 1.916474e-02 
2019-05-27 11:14:19 | DEBUG |        3.628  7.369586e-01 -1.089804e-01  0.000000e+00  9.008100e-01 | 156 2 1.916474e-02 
2019-05-27 11:14:19 | DEBUG |        3.647  7.069717e-01 -1.633398e-01  0.000000e+00  9.008100e-01 | 157 2 1.916474e-02 
2019-05-27 11:14:19 | DEBUG |        3.666  6.732629e-01 -2.148065e-01  0.000000e+00  9.008100e-01 | 158 2 1.916474e-02 
2019-05-27 11:14:19 | DEBUG |        3.685  6.357735e-01 -2.636437e-01  0.000000e+00  9.008100e-01 | 159 2 1.916474e-02 
2019-05-27 11:14:19 | DEBUG |        3.704  5.942228e-01 -3.100950e-01  0.000000e+00  9.008100e-01 | 160 2 1.916474e-02 
2019-05-27 11:14:19 | DEBUG |        3.724  5.481244e-01 -3.543214e-01  0.000000e+00  9.008100e-01 | 161 2 1.916474e-02 
2019-05-27 11:14:19 | DEBUG |        3.743  4.967753e-01 -3.963883e-01  0.000000e+00  9.008100e-01 | 162 2 1.916474e-02 
2019-05-27 11:14:19 | DEBUG |        3.762  4.391725e-01 -4.361840e-01  0.000000e+00  9.008100e-01 | 163 2 1.916474e-02 
2019-05-27 11:14:19 | DEBUG |        3.781  3.740500e-01 -4.731643e-01  0.000000e+00  9.008100e-01 | 164 2 1.916474e-02 
2019-05-27 11:14:19 | DEBUG |        3.800  3.001709e-01 -5.062912e-01  0.000000e+00  9.008100e-01 | 165 2 1.916474e-02 
2019-05-27 11:14:19 | DEBUG |        3.819  2.161859e-01 -5.345260e-01  0.000000e+00  9.008100e-01 | 166 2 1.916474e-02 
2019-05-27 11:14:19 | DEBUG |        3.839  1.192732e-01 -5.563663e-01  0.000000e+00  9.008100e-01 | 167 2 1.916474e-02 
2019-05-27 11:14:19 | DEBUG |        3.854  2.791453e-02 -5.614834e-01  0.000000e+00  9.008100e-01 | 168 2 1.576675e-02 
2019-05-27 11:14:19 | DEBUG |        3.869 -6.078180e-02 -5.604754e-01  0.000000e+00  9.008100e-01 | 169 2 1.419007e-02 
2019-05-27 11:14:19 | DEBUG |        3.883 -1.572893e-01 -5.487229e-01  0.000000e+00  9.008100e-01 | 170 2 1.419007e-02 
2019-05-27 11:14:19 | DEBUG |        3.897 -2.610943e-01 -5.231653e-01  0.000000e+00  9.008100e-01 | 171 2 1.419007e-02 
2019-05-27 11:14:19 | DEBUG |        3.911 -3.707359e-01 -4.802729e-01  0.000000e+00  9.008100e-01 | 172 2 1.419007e-02 
2019-05-27 11:14:19 | DEBUG |        3.925 -4.835087e-01 -4.161798e-01  0.000000e+00  9.008100e-01 | 173 2 1.419007e-02 
2019-05-27 11:14:19 | DEBUG |        3.940 -5.950222e-01 -3.269855e-01  0.000000e+00  9.008100e-01 | 174 2 1.419007e-02 
2019-05-27 11:14:19 | DEBUG |        3.954 -6.989514e-01 -2.095701e-01  0.000000e+00  9.008100e-01 | 175 2 1.419007e-02 
2019-05-27 11:14:19 | DEBUG |        3.968 -7.864975e-01 -6.205924e-02  0.000000e+00  9.008100e-01 | 176 2 1.419007e-02 
2019-05-27 11:14:19 | DEBUG |        3.982 -8.469829e-01  1.144123e-01  0.000000e+00  9.008100e-01 | 177 2 1.419007e-02 
2019-05-27 11:14:19 | DEBUG |        3.995 -8.692992e-01  2.938369e-01  0.000000e+00  9.008100e-01 | 178 2 1.277107e-02 
2019-05-27 11:14:19 | DEBUG |        4.006 -8.559960e-01  4.659875e-01  0.000000e+00  9.008100e-01 | 179 2 1.149396e-02 
2019-05-27 11:14:19 | DEBUG |        4.018 -8.065234e-01  6.403848e-01  0.000000e+00  9.008100e-01 | 180 2 1.149396e-02 
2019-05-27 11:14:19 | DEBUG |        4.028 -7.271934e-01  7.903712e-01  0.000000e+00  9.008100e-01 | 181 2 1.034456e-02 
2019-05-27 11:14:19 | DEBUG |        4.037 -6.356092e-01  9.024784e-01  0.000000e+00  9.008100e-01 | 182 2 8.594767e-03 
2019-05-27 11:14:19 | DEBUG |        4.045 -5.361840e-01  9.896691e-01  0.000000e+00  9.008100e-01 | 183 2 7.735290e-03 
2019-05-27 11:14:19 | DEBUG |        4.052 -4.236492e-01  1.060953e+00  0.000000e+00  9.008100e-01 | 184 2 7.735290e-03 
2019-05-27 11:14:19 | DEBUG |        4.060 -3.010594e-01  1.114378e+00  0.000000e+00  9.008100e-01 | 185 2 7.735290e-03 
2019-05-27 11:14:19 | DEBUG |        4.068 -1.718625e-01  1.148403e+00  0.000000e+00  9.008100e-01 | 186 2 7.735290e-03 
2019-05-27 11:14:19 | DEBUG |        4.075 -3.958603e-02  1.162275e+00  0.000000e+00  9.008100e-01 | 187 2 7.735290e-03 
2019-05-27 11:14:19 | DEBUG |        4.083  9.224931e-02  1.156007e+00  0.000000e+00  9.008100e-01 | 188 2 7.735290e-03 
2019-05-27 11:14:19 | DEBUG |        4.091  2.204557e-01  1.130426e+00  0.000000e+00  9.008100e-01 | 189 2 7.735290e-03 
2019-05-27 11:14:19 | DEBUG |        4.099  3.426595e-01  1.086706e+00  0.000000e+00  9.008100e-01 | 190 2 7.735290e-03 
2019-05-27 11:14:19 | DEBUG |        4.106  4.567939e-01  1.024904e+00  0.000000e+00  9.008100e-01 | 191 2 7.735290e-03 
2019-05-27 11:14:19 | DEBUG |        4.113  5.488854e-01  9.561247e-01  0.000000e+00  9.008100e-01 | 192 2 6.961761e-03 
2019-05-27 11:14:19 | DEBUG |        4.119  6.208172e-01  8.875676e-01  0.000000e+00  9.008100e-01 | 193 2 6.086383e-03 
2019-05-27 11:14:19 | DEBUG |        4.126  6.840438e-01  8.116579e-01  0.000000e+00  9.008100e-01 | 194 2 6.086383e-03 
2019-05-27 11:14:19 | DEBUG |        4.132  7.379870e-01  7.293199e-01  0.000000e+00  9.008100e-01 | 195 2 6.086383e-03 
2019-05-27 11:14:19 | DEBUG |        4.138  7.820077e-01  6.414658e-01  0.000000e+00  9.008100e-01 | 196 2 6.086383e-03 
2019-05-27 11:14:19 | DEBUG |        4.144  8.156200e-01  5.491544e-01  0.000000e+00  9.008100e-01 | 197 2 6.086383e-03 
2019-05-27 11:14:19 | DEBUG |        4.150  8.393043e-01  4.533012e-01  0.000000e+00  9.008100e-01 | 198 2 6.086383e-03 
2019-05-27 11:14:19 | DEBUG |        4.156  8.533142e-01  3.547762e-01  0.000000e+00  9.008100e-01 | 199 2 6.086383e-03 
2019-05-27 11:14:19 | DEBUG |        4.162  8.567158e-01  2.540368e-01  0.000000e+00  9.008100e-01 | 200 2 6.086383e-03 
2019-05-27 11:14:19 | DEBUG |        4.168  8.482190e-01  1.521135e-01  0.000000e+00  9.008100e-01 | 201 2 6.086383e-03 
2019-05-27 11:14:19 | DEBUG |        4.174  8.271812e-01  5.068341e-02  0.000000e+00  9.008100e-01 | 202 2 6.086383e-03 
2019-05-27 11:14:19 | DEBUG |        4.180  7.931130e-01 -4.895557e-02  0.000000e+00  9.008100e-01 | 203 2 6.086383e-03 
2019-05-27 11:14:19 | DEBUG |        4.186  7.457730e-01 -1.450060e-01  0.000000e+00  9.008100e-01 | 204 2 6.086383e-03 
2019-05-27 11:14:19 | DEBUG |        4.192  6.853859e-01 -2.354649e-01  0.000000e+00  9.008100e-01 | 205 2 6.086383e-03 
2019-05-27 11:14:19 | DEBUG |        4.205  5.269774e-01 -3.930470e-01  0.000000e+00  9.008100e-01 | 206 2 1.217277e-02 
2019-05-27 11:14:19 | DEBUG |        4.216  3.464613e-01 -4.969370e-01  0.000000e+00  9.008100e-01 | 207 2 1.095549e-02 
2019-05-27 11:14:19 | DEBUG |        4.225  1.741944e-01 -5.482834e-01  0.000000e+00  9.008100e-01 | 208 2 9.158037e-03 
2019-05-27 11:14:19 | DEBUG |        4.233  8.414784e-03 -5.621986e-01  0.000000e+00  9.008100e-01 | 209 2 8.242233e-03 
2019-05-27 11:14:19 | DEBUG |        4.240 -1.443265e-01 -5.460431e-01  0.000000e+00  9.008100e-01 | 210 2 7.418010e-03 
2019-05-27 11:14:19 | DEBUG |        4.247 -2.803170e-01 -5.070989e-01  0.000000e+00  9.008100e-01 | 211 2 6.676209e-03 
2019-05-27 11:14:19 | DEBUG |        4.254 -4.106760e-01 -4.447006e-01  0.000000e+00  9.008100e-01 | 212 2 6.676209e-03 
2019-05-27 11:14:19 | DEBUG |        4.260 -5.310702e-01 -3.592921e-01  0.000000e+00  9.008100e-01 | 213 2 6.676209e-03 
2019-05-27 11:14:19 | DEBUG |        4.267 -6.370128e-01 -2.521866e-01  0.000000e+00  9.008100e-01 | 214 2 6.676209e-03 
2019-05-27 11:14:19 | DEBUG |        4.274 -7.241211e-01 -1.256605e-01  0.000000e+00  9.008100e-01 | 215 2 6.676209e-03 
2019-05-27 11:14:19 | DEBUG |        4.280 -7.883218e-01  1.699268e-02  0.000000e+00  9.008100e-01 | 216 2 6.676209e-03 
2019-05-27 11:14:19 | DEBUG |        4.287 -8.261073e-01  1.714928e-01  0.000000e+00  9.008100e-01 | 217 2 6.676209e-03 
2019-05-27 11:14:19 | DEBUG |        4.294 -8.348084e-01  3.326255e-01  0.000000e+00  9.008100e-01 | 218 2 6.676209e-03 
2019-05-27 11:14:19 | DEBUG |        4.301 -8.129716e-01  4.944031e-01  0.000000e+00  9.008100e-01 | 219 2 6.676209e-03 
2019-05-27 11:14:19 | DEBUG |        4.307 -7.607770e-01  6.505881e-01  0.000000e+00  9.008100e-01 | 220 2 6.676209e-03 
2019-05-27 11:14:19 | DEBUG |        4.314 -6.798173e-01  7.957453e-01  0.000000e+00  9.008100e-01 | 221 2 6.676209e-03 
2019-05-27 11:14:19 | DEBUG |        4.321 -5.703674e-01  9.215720e-01  0.000000e+00  9.008100e-01 | 222 2 6.676209e-03 
2019-05-27 11:14:19 | DEBUG |        4.326 -4.667692e-01  1.004860e+00  0.000000e+00  9.008100e-01 | 223 2 5.318056e-03 
2019-05-27 11:14:19 | DEBUG |        4.331 -3.512598e-01  1.069788e+00  0.000000e+00  9.008100e-01 | 224 2 5.318056e-03 
2019-05-27 11:14:19 | DEBUG |        4.337 -2.277164e-01  1.115400e+00  0.000000e+00  9.008100e-01 | 225 2 5.318056e-03 
2019-05-27 11:14:19 | DEBUG |        4.342 -9.969382e-02  1.141143e+00  0.000000e+00  9.008100e-01 | 226 2 5.318056e-03 
2019-05-27 11:14:19 | DEBUG |        4.347  2.946237e-02  1.146984e+00  0.000000e+00  9.008100e-01 | 227 2 5.318056e-03 
2019-05-27 11:14:19 | DEBUG |        4.352  1.566477e-01  1.133471e+00  0.000000e+00  9.008100e-01 | 228 2 5.318056e-03 
2019-05-27 11:14:19 | DEBUG |        4.358  2.790058e-01  1.101554e+00  0.000000e+00  9.008100e-01 | 229 2 5.318056e-03 
2019-05-27 11:14:19 | DEBUG |        4.363  3.940175e-01  1.052566e+00  0.000000e+00  9.008100e-01 | 230 2 5.318056e-03 
2019-05-27 11:14:19 | DEBUG |        4.368  4.995753e-01  9.881193e-01  0.000000e+00  9.008100e-01 | 231 2 5.318056e-03 
2019-05-27 11:14:19 | DEBUG |        4.374  5.939795e-01  9.098699e-01  0.000000e+00  9.008100e-01 | 232 2 5.318056e-03 
2019-05-27 11:14:19 | DEBUG |        4.379  6.755541e-01  8.193201e-01  0.000000e+00  9.008100e-01 | 233 2 5.318056e-03 
2019-05-27 11:14:19 | DEBUG |        4.384  7.419929e-01  7.184783e-01  0.000000e+00  9.008100e-01 | 234 2 5.318056e-03 
2019-05-27 11:14:19 | DEBUG |        4.390  7.915058e-01  6.122881e-01  0.000000e+00  9.008100e-01 | 235 2 5.318056e-03 
2019-05-27 11:14:19 | DEBUG |        4.392  8.140435e-01  5.580637e-01  0.000000e+00  9.008100e-01 | 236 2 2.630174e-03 
2019-05-27 11:14:19 | DEBUG |        4.395  8.302143e-01  5.009544e-01  0.000000e+00  9.008100e-01 | 237 2 2.630174e-03 
2019-05-27 11:14:19 | DEBUG |        4.398  8.459774e-01  4.226297e-01  0.000000e+00  9.008100e-01 | 238 2 3.528500e-03 
2019-05-27 11:14:19 | DEBUG |        4.402  8.548883e-01  3.428578e-01  0.000000e+00  9.008100e-01 | 239 2 3.528500e-03 
2019-05-27 11:14:19 | DEBUG |        4.406  8.568797e-01  2.621397e-01  0.000000e+00  9.008100e-01 | 240 2 3.528500e-03 
2019-05-27 11:14:19 | DEBUG |        4.409  8.514777e-01  1.809025e-01  0.000000e+00  9.008100e-01 | 241 2 3.528500e-03 
2019-05-27 11:14:19 | DEBUG |        4.413  8.382709e-01  9.989271e-02  0.000000e+00  9.008100e-01 | 242 2 3.528500e-03 
2019-05-27 11:14:19 | DEBUG |        4.416  8.170160e-01  1.982922e-02  0.000000e+00  9.008100e-01 | 243 2 3.528500e-03 
2019-05-27 11:14:19 | DEBUG |        4.423  7.500786e-01 -1.343765e-01  0.000000e+00  9.008100e-01 | 244 2 7.057001e-03 
2019-05-27 11:14:19 | DEBUG |        4.430  6.511121e-01 -2.748966e-01  0.000000e+00  9.008100e-01 | 245 2 7.057001e-03 
2019-05-27 11:14:19 | DEBUG |        4.437  5.221301e-01 -3.944741e-01  0.000000e+00  9.008100e-01 | 246 2 7.057001e-03 
2019-05-27 11:14:19 | DEBUG |        4.444  3.670258e-01 -4.859042e-01  0.000000e+00  9.008100e-01 | 247 2 7.057001e-03 
2019-05-27 11:14:19 | DEBUG |        4.451  1.916245e-01 -5.429526e-01  0.000000e+00  9.008100e-01 | 248 2 7.057001e-03 
2019-05-27 11:14:19 | DEBUG |        4.458  2.216405e-02 -5.601229e-01  0.000000e+00  9.008100e-01 | 249 2 6.351301e-03 
2019-05-27 11:14:19 | DEBUG |        4.462 -9.983075e-02 -5.512115e-01  0.000000e+00  9.008100e-01 | 250 2 4.482700e-03 
2019-05-27 11:14:19 | DEBUG |        4.467 -2.209856e-01 -5.242292e-01  0.000000e+00  9.008100e-01 | 251 2 4.482700e-03 
2019-05-27 11:14:19 | DEBUG |        4.471 -3.384983e-01 -4.790585e-01  0.000000e+00  9.008100e-01 | 252 2 4.482700e-03 
2019-05-27 11:14:19 | DEBUG |        4.476 -4.494691e-01 -4.160384e-01  0.000000e+00  9.008100e-01 | 253 2 4.482700e-03 
2019-05-27 11:14:19 | DEBUG |        4.480 -5.509812e-01 -3.360006e-01  0.000000e+00  9.008100e-01 | 254 2 4.482700e-03 
2019-05-27 11:14:19 | DEBUG |        4.485 -6.401804e-01 -2.403029e-01  0.000000e+00  9.008100e-01 | 255 2 4.482700e-03 
2019-05-27 11:14:19 | DEBUG |        4.489 -7.144323e-01 -1.308401e-01  0.000000e+00  9.008100e-01 | 256 2 4.482700e-03 
2019-05-27 11:14:19 | DEBUG |        4.494 -7.713856e-01 -9.994516e-03  0.000000e+00  9.008100e-01 | 257 2 4.482700e-03 
2019-05-27 11:14:19 | DEBUG |        4.498 -8.090718e-01  1.193888e-01  0.000000e+00  9.008100e-01 | 258 2 4.482700e-03 
2019-05-27 11:14:19 | DEBUG |        4.503 -8.260388e-01  2.540495e-01  0.000000e+00  9.008100e-01 | 259 2 4.482700e-03 
2019-05-27 11:14:19 | DEBUG |        4.507 -8.214999e-01  3.904696e-01  0.000000e+00  9.008100e-01 | 260 2 4.482700e-03 
2019-05-27 11:14:19 | DEBUG |        4.512 -7.953037e-01  5.251429e-01  0.000000e+00  9.008100e-01 | 261 2 4.482700e-03 
2019-05-27 11:14:19 | DEBUG |        4.516 -7.475274e-01  6.545624e-01  0.000000e+00  9.008100e-01 | 262 2 4.482700e-03 
2019-05-27 11:14:19 | DEBUG |        4.521 -6.783652e-01  7.741338e-01  0.000000e+00  9.008100e-01 | 263 2 4.482700e-03 
2019-05-27 11:14:19 | DEBUG |        4.525 -5.946429e-01  8.819315e-01  0.000000e+00  9.008100e-01 | 264 2 4.482700e-03 
2019-05-27 11:14:19 | DEBUG |        4.529 -5.036143e-01  9.657709e-01  0.000000e+00  9.008100e-01 | 265 2 4.034430e-03 
2019-05-27 11:14:19 | DEBUG |        4.533 -4.013707e-01  1.034878e+00  0.000000e+00  9.008100e-01 | 266 2 4.034430e-03 
2019-05-27 11:14:19 | DEBUG |        4.537 -2.903754e-01  1.087422e+00  0.000000e+00  9.008100e-01 | 267 2 4.034430e-03 
2019-05-27 11:14:19 | DEBUG |        4.541 -1.735886e-01  1.122537e+00  0.000000e+00  9.008100e-01 | 268 2 4.034430e-03 
2019-05-27 11:14:19 | DEBUG |        4.545 -5.405297e-02  1.140235e+00  0.000000e+00  9.008100e-01 | 269 2 4.034430e-03 
2019-05-27 11:14:19 | DEBUG |        4.549  6.580438e-02  1.140809e+00  0.000000e+00  9.008100e-01 | 270 2 4.034430e-03 
2019-05-27 11:14:19 | DEBUG |        4.553  1.833527e-01  1.124745e+00  0.000000e+00  9.008100e-01 | 271 2 4.034430e-03 
2019-05-27 11:14:19 | DEBUG |        4.557  2.964087e-01  1.092865e+00  0.000000e+00  9.008100e-01 | 272 2 4.034430e-03 
2019-05-27 11:14:19 | DEBUG |        4.561  4.029778e-01  1.046156e+00  0.000000e+00  9.008100e-01 | 273 2 4.034430e-03 
2019-05-27 11:14:19 | DEBUG |        4.565  5.010875e-01  9.859153e-01  0.000000e+00  9.008100e-01 | 274 2 4.034430e-03 
2019-05-27 11:14:19 | DEBUG |        4.570  6.014799e-01  9.024716e-01  0.000000e+00  9.008100e-01 | 275 2 4.611766e-03 
2019-05-27 11:14:19 | DEBUG |        4.575  6.873183e-01  8.053471e-01  0.000000e+00  9.008100e-01 | 276 2 4.611766e-03 
2019-05-27 11:14:19 | DEBUG |        4.579  7.568907e-01  6.971435e-01  0.000000e+00  9.008100e-01 | 277 2 4.611766e-03 
2019-05-27 11:14:19 | DEBUG |        4.584  8.093991e-01  5.800485e-01  0.000000e+00  9.008100e-01 | 278 2 4.611766e-03 
2019-05-27 11:14:19 | DEBUG |        4.588  8.434511e-01  4.558654e-01  0.000000e+00  9.008100e-01 | 279 2 4.611766e-03 
2019-05-27 11:14:19 | DEBUG |        4.593  8.584038e-01  3.282877e-01  0.000000e+00  9.008100e-01 | 280 2 4.611766e-03 
2019-05-27 11:14:19 | DEBUG |        4.598  8.555682e-01  1.989898e-01  0.000000e+00  9.008100e-01 | 281 2 4.611766e-03 
2019-05-27 11:14:19 | DEBUG |        4.602  8.333197e-01  7.037254e-02  0.000000e+00  9.008100e-01 | 282 2 4.611766e-03 
2019-05-27 11:14:19 | DEBUG |        4.607  7.909586e-01 -5.477458e-02  0.000000e+00  9.008100e-01 | 283 2 4.611766e-03 
2019-05-27 11:14:19 | DEBUG |        4.611  7.285309e-01 -1.733085e-01  0.000000e+00  9.008100e-01 | 284 2 4.611766e-03 
2019-05-27 11:14:19 | DEBUG |        4.616  6.465872e-01 -2.818744e-01  0.000000e+00  9.008100e-01 | 285 2 4.611766e-03 
2019-05-27 11:14:19 | DEBUG |        4.621  5.464264e-01 -3.770890e-01  0.000000e+00  9.008100e-01 | 286 2 4.611766e-03 
2019-05-27 11:14:19 | DEBUG |        4.625  4.298974e-01 -4.555787e-01  0.000000e+00  9.008100e-01 | 287 2 4.611766e-03 
2019-05-27 11:14:19 | DEBUG |        4.630  2.996059e-01 -5.141913e-01  0.000000e+00  9.008100e-01 | 288 2 4.611766e-03 
2019-05-27 11:14:19 | DEBUG |        4.635  1.588743e-01 -5.501543e-01  0.000000e+00  9.008100e-01 | 289 2 4.611766e-03 
2019-05-27 11:14:19 | DEBUG |        4.639  1.165260e-02 -5.612850e-01  0.000000e+00  9.008100e-01 | 290 2 4.611766e-03 
2019-05-27 11:14:19 | DEBUG |        4.644 -1.377380e-01 -5.461108e-01  0.000000e+00  9.008100e-01 | 291 2 4.611766e-03 
2019-05-27 11:14:19 | DEBUG |        4.648 -2.841183e-01 -5.038566e-01  0.000000e+00  9.008100e-01 | 292 2 4.611766e-03 
2019-05-27 11:14:19 | DEBUG |        4.652 -4.091061e-01 -4.429209e-01  0.000000e+00  9.008100e-01 | 293 2 4.150589e-03 
2019-05-27 11:14:19 | DEBUG |        4.657 -5.237482e-01 -3.613067e-01  0.000000e+00  9.008100e-01 | 294 2 4.150589e-03 
2019-05-27 11:14:19 | DEBUG |        4.661 -6.243637e-01 -2.607255e-01  0.000000e+00  9.008100e-01 | 295 2 4.150589e-03 
2019-05-27 11:14:19 | DEBUG |        4.665 -7.075486e-01 -1.435954e-01  0.000000e+00  9.008100e-01 | 296 2 4.150589e-03 
2019-05-27 11:14:19 | DEBUG |        4.669 -7.702946e-01 -1.303079e-02  0.000000e+00  9.008100e-01 | 297 2 4.150589e-03 
2019-05-27 11:14:19 | DEBUG |        4.673 -8.102782e-01  1.272475e-01  0.000000e+00  9.008100e-01 | 298 2 4.150589e-03 
2019-05-27 11:14:19 | DEBUG |        4.677 -8.258654e-01  2.730892e-01  0.000000e+00  9.008100e-01 | 299 2 4.150589e-03 
2019-05-27 11:14:19 | DEBUG |        4.682 -8.162146e-01  4.200113e-01  0.000000e+00  9.008100e-01 | 300 2 4.150589e-03 
2019-05-27 11:14:19 | DEBUG |        4.686 -7.814297e-01  5.633458e-01  0.000000e+00  9.008100e-01 | 301 2 4.150589e-03 
2019-05-27 11:14:19 | DEBUG |        4.690 -7.226985e-01  6.986270e-01  0.000000e+00  9.008100e-01 | 302 2 4.150589e-03 
2019-05-27 11:14:19 | DEBUG |        4.694 -6.419223e-01  8.221621e-01  0.000000e+00  9.008100e-01 | 303 2 4.150589e-03 
2019-05-27 11:14:19 | DEBUG |        4.698 -5.403569e-01  9.306612e-01  0.000000e+00  9.008100e-01 | 304 2 4.150589e-03 
2019-05-27 11:14:19 | DEBUG |        4.702 -4.228319e-01  1.017933e+00  0.000000e+00  9.008100e-01 | 305 2 4.150589e-03 
2019-05-27 11:14:19 | DEBUG |        4.706 -3.199655e-01  1.072182e+00  0.000000e+00  9.008100e-01 | 306 2 3.306107e-03 
2019-05-27 11:14:19 | DEBUG |        4.709 -2.110878e-01  1.111054e+00  0.000000e+00  9.008100e-01 | 307 2 3.306107e-03 
2019-05-27 11:14:19 | DEBUG |        4.712 -9.860861e-02  1.134061e+00  0.000000e+00  9.008100e-01 | 308 2 3.306107e-03 
2019-05-27 11:14:19 | DEBUG |        4.716  1.493530e-02  1.141470e+00  0.000000e+00  9.008100e-01 | 309 2 3.306107e-03 
2019-05-27 11:14:19 | DEBUG |        4.719  1.276403e-01  1.133712e+00  0.000000e+00  9.008100e-01 | 310 2 3.306107e-03 
2019-05-27 11:14:19 | DEBUG |        4.722  2.373350e-01  1.111323e+00  0.000000e+00  9.008100e-01 | 311 2 3.306107e-03 
2019-05-27 11:14:19 | DEBUG |        4.729  4.407484e-01  1.025780e+00  0.000000e+00  9.008100e-01 | 312 2 6.612213e-03 
2019-05-27 11:14:19 | DEBUG |        4.734  5.910913e-01  9.142322e-01  0.000000e+00  9.008100e-01 | 313 2 5.685366e-03 
2019-05-27 11:14:19 | DEBUG |        4.740  7.122815e-01  7.740599e-01  0.000000e+00  9.008100e-01 | 314 2 5.685366e-03 
2019-05-27 11:14:19 | DEBUG |        4.745  7.925478e-01  6.290918e-01  0.000000e+00  9.008100e-01 | 315 2 5.116829e-03 
2019-05-27 11:14:19 | DEBUG |        4.750  8.429083e-01  4.717389e-01  0.000000e+00  9.008100e-01 | 316 2 5.116829e-03 
2019-05-27 11:14:19 | DEBUG |        4.755  8.625700e-01  3.074832e-01  0.000000e+00  9.008100e-01 | 317 2 5.116829e-03 
2019-05-27 11:14:19 | DEBUG |        4.760  8.538161e-01  1.578591e-01  0.000000e+00  9.008100e-01 | 318 2 4.605146e-03 
2019-05-27 11:14:19 | DEBUG |        4.765  8.188844e-01  1.054107e-02  0.000000e+00  9.008100e-01 | 319 2 4.605146e-03 
2019-05-27 11:14:19 | DEBUG |        4.769  7.573887e-01 -1.299318e-01  0.000000e+00  9.008100e-01 | 320 2 4.605146e-03 
2019-05-27 11:14:19 | DEBUG |        4.774  6.700067e-01 -2.586657e-01  0.000000e+00  9.008100e-01 | 321 2 4.605146e-03 
2019-05-27 11:14:19 | DEBUG |        4.779  5.584173e-01 -3.706508e-01  0.000000e+00  9.008100e-01 | 322 2 4.605146e-03 
2019-05-27 11:14:19 | DEBUG |        4.783  4.255070e-01 -4.610143e-01  0.000000e+00  9.008100e-01 | 323 2 4.605146e-03 
2019-05-27 11:14:19 | DEBUG |        4.788  2.751628e-01 -5.251703e-01  0.000000e+00  9.008100e-01 | 324 2 4.605146e-03 
2019-05-27 11:14:19 | DEBUG |        4.792  1.124671e-01 -5.592754e-01  0.000000e+00  9.008100e-01 | 325 2 4.605146e-03 
2019-05-27 11:14:19 | DEBUG |        4.797 -5.667996e-02 -5.605817e-01  0.000000e+00  9.008100e-01 | 326 2 4.605146e-03 
2019-05-27 11:14:19 | DEBUG |        4.802 -2.251460e-01 -5.273167e-01  0.000000e+00  9.008100e-01 | 327 2 4.605146e-03 
2019-05-27 11:14:19 | DEBUG |        4.806 -3.662643e-01 -4.699533e-01  0.000000e+00  9.008100e-01 | 328 2 4.027269e-03 
2019-05-27 11:14:19 | DEBUG |        4.810 -4.962568e-01 -3.871619e-01  0.000000e+00  9.008100e-01 | 329 2 4.027269e-03 
2019-05-27 11:14:19 | DEBUG |        4.814 -6.102943e-01 -2.810650e-01  0.000000e+00  9.008100e-01 | 330 2 4.027269e-03 
2019-05-27 11:14:19 | DEBUG |        4.818 -7.038235e-01 -1.547445e-01  0.000000e+00  9.008100e-01 | 331 2 4.027269e-03 
2019-05-27 11:14:19 | DEBUG |        4.822 -7.730420e-01 -1.230601e-02  0.000000e+00  9.008100e-01 | 332 2 4.027269e-03 
2019-05-27 11:14:19 | DEBUG |        4.826 -8.150076e-01  1.414038e-01  0.000000e+00  9.008100e-01 | 333 2 4.027269e-03 
2019-05-27 11:14:19 | DEBUG |        4.830 -8.277491e-01  3.009673e-01  0.000000e+00  9.008100e-01 | 334 2 4.027269e-03 
2019-05-27 11:14:19 | DEBUG |        4.834 -8.103980e-01  4.604548e-01  0.000000e+00  9.008100e-01 | 335 2 4.027269e-03 
2019-05-27 11:14:19 | DEBUG |        4.838 -7.636860e-01  6.136617e-01  0.000000e+00  9.008100e-01 | 336 2 4.027269e-03 
2019-05-27 11:14:19 | DEBUG |        4.842 -6.904633e-01  7.554029e-01  0.000000e+00  9.008100e-01 | 337 2 4.027269e-03 
2019-05-27 11:14:19 | DEBUG |        4.846 -5.909965e-01  8.806701e-01  0.000000e+00  9.008100e-01 | 338 2 4.027269e-03 
2019-05-27 11:14:19 | DEBUG |        4.849 -4.837794e-01  9.758517e-01  0.000000e+00  9.008100e-01 | 339 2 3.624542e-03 
2019-05-27 11:14:19 | DEBUG |        4.853 -3.628243e-01  1.051584e+00  0.000000e+00  9.008100e-01 | 340 2 3.624542e-03 
2019-05-27 11:14:19 | DEBUG |        4.857 -2.314721e-01  1.105234e+00  0.000000e+00  9.008100e-01 | 341 2 3.624542e-03 
2019-05-27 11:14:19 | DEBUG |        4.860 -9.389029e-02  1.135355e+00  0.000000e+00  9.008100e-01 | 342 2 3.624542e-03 
2019-05-27 11:14:19 | DEBUG |        4.864  4.554271e-02  1.141912e+00  0.000000e+00  9.008100e-01 | 343 2 3.624542e-03 
2019-05-27 11:14:19 | DEBUG |        4.868  1.828309e-01  1.125737e+00  0.000000e+00  9.008100e-01 | 344 2 3.624542e-03 
2019-05-27 11:14:19 | DEBUG |        4.871  3.144256e-01  1.088020e+00  0.000000e+00  9.008100e-01 | 345 2 3.624542e-03 
2019-05-27 11:14:19 | DEBUG |        4.875  4.372024e-01  1.030350e+00  0.000000e+00  9.008100e-01 | 346 2 3.624542e-03 
2019-05-27 11:14:19 | DEBUG |        4.878  5.483849e-01  9.546557e-01  0.000000e+00  9.008100e-01 | 347 2 3.624542e-03 
2019-05-27 11:14:19 | DEBUG |        4.882  6.455973e-01  8.631432e-01  0.000000e+00  9.008100e-01 | 348 2 3.624542e-03 
2019-05-27 11:14:19 | DEBUG |        4.886  7.268792e-01  7.582508e-01  0.000000e+00  9.008100e-01 | 349 2 3.624542e-03 
2019-05-27 11:14:19 | DEBUG |        4.889  7.907213e-01  6.425057e-01  0.000000e+00  9.008100e-01 | 350 2 3.624542e-03 
2019-05-27 11:14:19 | DEBUG |        4.893  8.358411e-01  5.182856e-01  0.000000e+00  9.008100e-01 | 351 2 3.624542e-03 
2019-05-27 11:14:19 | DEBUG |        4.897  8.604198e-01  3.881286e-01  0.000000e+00  9.008100e-01 | 352 2 3.624542e-03 
2019-05-27 11:14:19 | DEBUG |        4.900  8.659959e-01  2.561528e-01  0.000000e+00  9.008100e-01 | 353 2 3.624542e-03 
2019-05-27 11:14:19 | DEBUG |        4.904  8.513669e-01  1.240476e-01  0.000000e+00  9.008100e-01 | 354 2 3.624542e-03 
2019-05-27 11:14:19 | DEBUG |        4.907  8.166441e-01 -5.285646e-03  0.000000e+00  9.008100e-01 | 355 2 3.624542e-03 
2019-05-27 11:14:19 | DEBUG |        4.911  7.613621e-01 -1.287131e-01  0.000000e+00  9.008100e-01 | 356 2 3.624542e-03 
2019-05-27 11:14:19 | DEBUG |        4.915  6.861322e-01 -2.429914e-01  0.000000e+00  9.008100e-01 | 357 2 3.624542e-03 
2019-05-27 11:14:19 | DEBUG |        4.918  5.921703e-01 -3.447625e-01  0.000000e+00  9.008100e-01 | 358 2 3.624542e-03 
2019-05-27 11:14:19 | DEBUG |        4.922  4.812969e-01 -4.307709e-01  0.000000e+00  9.008100e-01 | 359 2 3.624542e-03 
2019-05-27 11:14:19 | DEBUG |        4.926  3.559452e-01 -4.979065e-01  0.000000e+00  9.008100e-01 | 360 2 3.624542e-03 
2019-05-27 11:14:19 | DEBUG |        4.929  2.192304e-01 -5.434624e-01  0.000000e+00  9.008100e-01 | 361 2 3.624542e-03 
2019-05-27 11:14:19 | DEBUG |        4.933  7.480863e-02 -5.652415e-01  0.000000e+00  9.008100e-01 | 362 2 3.624542e-03 
2019-05-27 11:14:20 | DEBUG |        4.936 -7.319283e-02 -5.616514e-01  0.000000e+00  9.008100e-01 | 363 2 3.624542e-03 
2019-05-27 11:14:20 | DEBUG |        4.940 -2.199710e-01 -5.318254e-01  0.000000e+00  9.008100e-01 | 364 2 3.624542e-03 
2019-05-27 11:14:20 | DEBUG |        4.944 -3.607323e-01 -4.758853e-01  0.000000e+00  9.008100e-01 | 365 2 3.624542e-03 
2019-05-27 11:14:20 | DEBUG |        4.947 -4.906333e-01 -3.949509e-01  0.000000e+00  9.008100e-01 | 366 2 3.624542e-03 
2019-05-27 11:14:20 | DEBUG |        4.951 -6.050537e-01 -2.909913e-01  0.000000e+00  9.008100e-01 | 367 2 3.624542e-03 
2019-05-27 11:14:20 | DEBUG |        4.955 -6.994326e-01 -1.668475e-01  0.000000e+00  9.008100e-01 | 368 2 3.624542e-03 
2019-05-27 11:14:20 | DEBUG |        4.958 -7.694718e-01 -2.693658e-02  0.000000e+00  9.008100e-01 | 369 2 3.624542e-03 
2019-05-27 11:14:20 | DEBUG |        4.962 -8.133072e-01  1.223026e-01  0.000000e+00  9.008100e-01 | 370 2 3.624542e-03 
2019-05-27 11:14:20 | DEBUG |        4.965 -8.301564e-01  2.637420e-01  0.000000e+00  9.008100e-01 | 371 2 3.262088e-03 
2019-05-27 11:14:20 | DEBUG |        4.968 -8.246413e-01  3.885586e-01  0.000000e+00  9.008100e-01 | 372 2 2.857477e-03 
2019-05-27 11:14:20 | DEBUG |        4.971 -8.010440e-01  5.113901e-01  0.000000e+00  9.008100e-01 | 373 2 2.857477e-03 
2019-05-27 11:14:20 | DEBUG |        4.974 -7.598479e-01  6.294475e-01  0.000000e+00  9.008100e-01 | 374 2 2.857477e-03 
2019-05-27 11:14:20 | DEBUG |        4.977 -7.020643e-01  7.401316e-01  0.000000e+00  9.008100e-01 | 375 2 2.857477e-03 
2019-05-27 11:14:20 | DEBUG |        4.979 -6.290436e-01  8.410548e-01  0.000000e+00  9.008100e-01 | 376 2 2.857477e-03 
2019-05-27 11:14:20 | DEBUG |        4.982 -5.425071e-01  9.300903e-01  0.000000e+00  9.008100e-01 | 377 2 2.857477e-03 
2019-05-27 11:14:20 | DEBUG |        4.985 -4.444974e-01  1.005471e+00  0.000000e+00  9.008100e-01 | 378 2 2.857477e-03 
2019-05-27 11:14:20 | DEBUG |        4.988 -3.372186e-01  1.065866e+00  0.000000e+00  9.008100e-01 | 379 2 2.857477e-03 
2019-05-27 11:14:20 | DEBUG |        4.991 -2.228856e-01  1.109571e+00  0.000000e+00  9.008100e-01 | 380 2 2.857477e-03 
2019-05-27 11:14:20 | DEBUG |        4.994 -1.040490e-01  1.135888e+00  0.000000e+00  9.008100e-01 | 381 2 2.857477e-03 
2019-05-27 11:14:20 | DEBUG |        4.997  1.655711e-02  1.144537e+00  0.000000e+00  9.008100e-01 | 382 2 2.857477e-03 
2019-05-27 11:14:20 | DEBUG |        4.999  1.360798e-01  1.135880e+00  0.000000e+00  9.008100e-01 | 383 2 2.857477e-03 
2019-05-27 11:14:20 | DEBUG |        5.000  1.624557e-01  1.131741e+00  0.000000e+00  9.008100e-01 | 384 2 6.368019e-04 
2019-05-27 11:14:20 | DEBUG | 
2019-05-27 11:14:20 | DEBUG | execution Stats :
2019-05-27 11:14:20 | DEBUG | 
2019-05-27 11:14:20 | DEBUG | number of iterations                     = 441
2019-05-27 11:14:20 | DEBUG | number of Residual evaluations           = 923
2019-05-27 11:14:20 | DEBUG | number of Jacobian evaluations           = 108
2019-05-27 11:14:20 | DEBUG | number of Nonlinear iterations           = 921
2019-05-27 11:14:20 | DEBUG | number of error test failures            = 6
2019-05-27 11:14:20 | DEBUG | number of Nonlinear convergence failures = 0
2019-05-27 11:14:20 | DEBUG | number of root functions evaluations     = 532
2019-05-27 11:14:20 | DEBUG | end of job SMIB_AVR_NoPSS
