2021-04-28 15:35:43 | INFO |  ============================================================ 
2021-04-28 15:35:43 | INFO | DYNAWO VERSION  :     1.3.0
2021-04-28 15:35:43 | INFO | DYNAWO REVISION :  1472_delete_deactiavteTransformer_variable-d204055c
2021-04-28 15:35:43 | INFO |  ============================================================ 
2021-04-28 15:35:43 | INFO | 
2021-04-28 15:35:43 | INFO | -----------------------------------------------------------------------
2021-04-28 15:35:43 | INFO | building model from input files
2021-04-28 15:35:43 | INFO | -----------------------------------------------------------------------
2021-04-28 15:35:43 | INFO | model was built successfully
2021-04-28 15:35:43 | INFO | -----------------------------------------------------------------------
2021-04-28 15:35:43 | INFO | 
2021-04-28 15:35:43 | INFO | -----------------------------------------------------------------------
2021-04-28 15:35:43 | INFO | starting local initialization
2021-04-28 15:35:43 | INFO | -----------------------------------------------------------------------
2021-04-28 15:35:43 | INFO | end of local initialization
2021-04-28 15:35:43 | INFO | -----------------------------------------------------------------------
2021-04-28 15:35:43 | INFO | 
2021-04-28 15:35:43 | INFO | -----------------------------------------------------------------------
2021-04-28 15:35:43 | INFO | starting global initialization
2021-04-28 15:35:43 | INFO | -----------------------------------------------------------------------
2021-04-28 15:35:43 | INFO | end of global initialization
2021-04-28 15:35:43 | INFO | -----------------------------------------------------------------------
2021-04-28 15:35:43 | INFO | 
2021-04-28 15:35:43 | INFO | -----------------------------------------------------------------------
2021-04-28 15:35:43 | INFO | starting curve initialization
2021-04-28 15:35:43 | INFO | -----------------------------------------------------------------------
2021-04-28 15:35:43 | INFO | end of curve initialization, added 35 curves
2021-04-28 15:35:43 | INFO | -----------------------------------------------------------------------
2021-04-28 15:35:43 | INFO | 
2021-04-28 15:35:43 | INFO | -----------------------------------------------------------------------
2021-04-28 15:35:43 | INFO | starting simulation with solver IDASolver
2021-04-28 15:35:43 | INFO | -----------------------------------------------------------------------
2021-04-28 15:35:43 | INFO | -----------------------------------------------------------------------
2021-04-28 15:35:43 | INFO | number of continuous variables : 793
2021-04-28 15:35:43 | INFO | number of discrete variables : 770
2021-04-28 15:35:43 | INFO | number of root functions : 542
2021-04-28 15:35:43 | INFO | -----------------------------------------------------------------------
2021-04-28 15:35:43 | INFO |         time | iter num   order (k)      time step (h)
2021-04-28 15:35:43 | INFO | -----------------------------------------------------------------------
2021-04-28 15:35:43 | INFO |        0.000 |        0           0              0.010 
2021-04-28 15:35:43 | INFO |        0.000 |        1           1              0.000 
2021-04-28 15:35:43 | INFO |        0.000 |        2           1              0.000 
2021-04-28 15:35:43 | INFO |        0.000 |        3           2              0.000 
2021-04-28 15:35:43 | INFO |        0.000 |        4           2              0.000 
2021-04-28 15:35:43 | INFO |        0.000 |        5           2              0.000 
2021-04-28 15:35:43 | INFO |        0.000 |        6           2              0.000 
2021-04-28 15:35:43 | INFO |        0.000 |        7           2              0.000 
2021-04-28 15:35:43 | INFO |        0.000 |        8           2              0.000 
2021-04-28 15:35:43 | INFO |        0.000 |        9           2              0.000 
2021-04-28 15:35:43 | INFO |        0.001 |       10           2              0.000 
2021-04-28 15:35:43 | INFO |        0.001 |       11           2              0.001 
2021-04-28 15:35:43 | INFO |        0.002 |       12           2              0.001 
2021-04-28 15:35:43 | INFO |        0.004 |       13           2              0.002 
2021-04-28 15:35:43 | INFO |        0.005 |       14           2              0.004 
2021-04-28 15:35:43 | INFO |        0.005 |       14           2              0.004 
2021-04-28 15:35:43 | INFO |        0.006 |       14           2              0.004 
2021-04-28 15:35:43 | INFO |        0.006 |       14           2              0.004 
2021-04-28 15:35:43 | INFO |        0.008 |       14           2              0.004 
2021-04-28 15:35:43 | INFO |        0.016 |       15           2              0.008 
2021-04-28 15:35:43 | INFO | Algebraic mode change at t = 0.0166622
2021-04-28 15:35:43 | INFO |        0.017 |       16           2              0.016 
2021-04-28 15:35:43 | INFO | calculation of the new starting point of the simulation.
2021-04-28 15:35:43 | INFO |        0.017 |        0           0              0.000 
2021-04-28 15:35:43 | INFO |        0.017 |        1           1              0.000 
2021-04-28 15:35:43 | INFO |        0.017 |        2           1              0.000 
2021-04-28 15:35:43 | INFO |        0.017 |        3           2              0.000 
2021-04-28 15:35:43 | INFO |        0.017 |        4           2              0.000 
2021-04-28 15:35:43 | INFO |        0.017 |        5           2              0.000 
2021-04-28 15:35:43 | INFO |        0.017 |        6           2              0.000 
2021-04-28 15:35:43 | INFO |        0.017 |        7           2              0.000 
2021-04-28 15:35:43 | INFO |        0.017 |        8           2              0.000 
2021-04-28 15:35:43 | INFO |        0.017 |        9           2              0.000 
2021-04-28 15:35:43 | INFO |        0.017 |       10           2              0.000 
2021-04-28 15:35:43 | INFO |        0.018 |       11           2              0.001 
2021-04-28 15:35:43 | INFO |        0.019 |       12           2              0.001 
2021-04-28 15:35:43 | INFO |        0.021 |       13           2              0.002 
2021-04-28 15:35:43 | INFO |        0.025 |       14           2              0.004 
2021-04-28 15:35:43 | INFO |        0.033 |       15           2              0.008 
2021-04-28 15:35:43 | INFO |        0.049 |       16           2              0.016 
2021-04-28 15:35:43 | INFO |        0.082 |       17           2              0.033 
2021-04-28 15:35:43 | INFO |        0.148 |       18           2              0.066 
2021-04-28 15:35:43 | INFO |        0.279 |       19           2              0.131 
2021-04-28 15:35:43 | INFO |        0.541 |       20           2              0.262 
2021-04-28 15:35:43 | INFO | Algebraic mode change at t = 0.828557
2021-04-28 15:35:43 | INFO |        0.829 |       21           1              0.524 
2021-04-28 15:35:43 | INFO | calculation of the new starting point of the simulation.
2021-04-28 15:35:43 | INFO |        0.829 |        0           0              0.000 
2021-04-28 15:35:43 | INFO |        0.829 |        1           1              0.000 
2021-04-28 15:35:43 | INFO |        0.829 |        2           1              0.000 
2021-04-28 15:35:43 | INFO |        0.829 |        3           2              0.000 
2021-04-28 15:35:43 | INFO |        0.829 |        4           2              0.000 
2021-04-28 15:35:43 | INFO |        0.829 |        5           2              0.000 
2021-04-28 15:35:43 | INFO |        0.829 |        6           2              0.000 
2021-04-28 15:35:43 | INFO |        0.829 |        7           2              0.000 
2021-04-28 15:35:43 | INFO |        0.829 |        8           2              0.000 
2021-04-28 15:35:43 | INFO |        0.829 |        9           2              0.000 
2021-04-28 15:35:43 | INFO |        0.829 |       10           2              0.000 
2021-04-28 15:35:43 | INFO |        0.830 |       11           2              0.001 
2021-04-28 15:35:43 | INFO |        0.831 |       12           2              0.001 
2021-04-28 15:35:43 | INFO |        0.833 |       13           2              0.002 
2021-04-28 15:35:43 | INFO |        0.837 |       14           2              0.004 
2021-04-28 15:35:43 | INFO |        0.845 |       15           2              0.008 
2021-04-28 15:35:43 | INFO |        0.861 |       16           2              0.016 
2021-04-28 15:35:43 | INFO |        0.894 |       17           2              0.033 
2021-04-28 15:35:43 | INFO |        0.902 |       18           2              0.066 
2021-04-28 15:35:43 | INFO |        0.902 |       18           2              0.066 
2021-04-28 15:35:43 | INFO |        0.960 |       18           2              0.066 
2021-04-28 15:35:43 | INFO |        0.964 |       19           2              0.131 
2021-04-28 15:35:43 | INFO |        0.964 |       19           2              0.131 
2021-04-28 15:35:43 | INFO | Algebraic mode (with J recalculation) change at t = 1
2021-04-28 15:35:43 | INFO |        1.000 |       19           2              0.131 
2021-04-28 15:35:43 | INFO | calculation of the new starting point of the simulation.
2021-04-28 15:35:43 | INFO | Algebraic mode change at t = 1
2021-04-28 15:35:43 | INFO |        1.000 |        0           0              0.000 
2021-04-28 15:35:43 | INFO |        1.000 |        1           1              0.000 
2021-04-28 15:35:43 | INFO |        1.000 |        2           1              0.000 
2021-04-28 15:35:43 | INFO |        1.000 |        3           2              0.000 
2021-04-28 15:35:43 | INFO |        1.000 |        4           2              0.000 
2021-04-28 15:35:43 | INFO |        1.000 |        5           2              0.000 
2021-04-28 15:35:43 | INFO |        1.000 |        5           2              0.000 
2021-04-28 15:35:43 | INFO |        1.000 |        5           2              0.000 
2021-04-28 15:35:43 | INFO |        1.000 |        6           2              0.000 
2021-04-28 15:35:43 | INFO |        1.000 |        7           2              0.000 
2021-04-28 15:35:43 | INFO |        1.000 |        8           2              0.000 
2021-04-28 15:35:43 | INFO |        1.000 |        9           2              0.000 
2021-04-28 15:35:43 | INFO |        1.001 |       10           2              0.000 
2021-04-28 15:35:43 | INFO |        1.001 |       11           2              0.001 
2021-04-28 15:35:43 | INFO |        1.002 |       12           2              0.001 
2021-04-28 15:35:43 | INFO |        1.004 |       13           2              0.002 
2021-04-28 15:35:43 | INFO |        1.008 |       14           2              0.004 
2021-04-28 15:35:43 | INFO |        1.016 |       15           2              0.008 
2021-04-28 15:35:43 | INFO |        1.033 |       16           2              0.016 
2021-04-28 15:35:43 | INFO |        1.049 |       17           2              0.016 
2021-04-28 15:35:43 | INFO |        1.082 |       18           2              0.033 
2021-04-28 15:35:43 | INFO | Algebraic mode (with J recalculation) change at t = 1.1
2021-04-28 15:35:43 | INFO |        1.100 |       19           2              0.033 
2021-04-28 15:35:43 | INFO | calculation of the new starting point of the simulation.
2021-04-28 15:35:43 | INFO | Algebraic mode change at t = 1.1
2021-04-28 15:35:43 | INFO |        1.100 |        0           0              0.000 
2021-04-28 15:35:43 | INFO |        1.100 |        1           1              0.000 
2021-04-28 15:35:43 | INFO |        1.100 |        2           1              0.000 
2021-04-28 15:35:43 | INFO |        1.100 |        3           2              0.000 
2021-04-28 15:35:43 | INFO |        1.100 |        4           2              0.000 
2021-04-28 15:35:43 | INFO |        1.100 |        5           2              0.000 
2021-04-28 15:35:43 | INFO |        1.100 |        6           2              0.000 
2021-04-28 15:35:43 | INFO |        1.100 |        7           2              0.000 
2021-04-28 15:35:43 | INFO |        1.100 |        8           2              0.000 
2021-04-28 15:35:43 | INFO |        1.100 |        9           2              0.000 
2021-04-28 15:35:43 | INFO |        1.101 |       10           2              0.000 
2021-04-28 15:35:43 | INFO |        1.101 |       11           2              0.001 
2021-04-28 15:35:43 | INFO |        1.102 |       12           2              0.001 
2021-04-28 15:35:43 | INFO |        1.104 |       13           2              0.002 
2021-04-28 15:35:43 | INFO |        1.108 |       14           2              0.004 
2021-04-28 15:35:43 | INFO |        1.116 |       15           2              0.008 
2021-04-28 15:35:43 | INFO |        1.133 |       16           2              0.016 
2021-04-28 15:35:43 | INFO |        1.147 |       17           2              0.033 
2021-04-28 15:35:43 | INFO |        1.147 |       17           2              0.033 
2021-04-28 15:35:43 | INFO | Algebraic mode change at t = 1.14722
2021-04-28 15:35:43 | INFO |        1.147 |       17           2              0.033 
2021-04-28 15:35:43 | INFO | calculation of the new starting point of the simulation.
2021-04-28 15:35:43 | INFO | Algebraic mode change at t = 1.14722
2021-04-28 15:35:43 | INFO |        1.147 |        0           0              0.000 
2021-04-28 15:35:43 | INFO | Algebraic mode change at t = 1.14722
2021-04-28 15:35:43 | INFO |        1.147 |        1           1              0.000 
2021-04-28 15:35:43 | INFO | calculation of the new starting point of the simulation.
2021-04-28 15:35:43 | INFO |        1.147 |        0           0              0.000 
2021-04-28 15:35:43 | INFO |        1.147 |        1           1              0.000 
2021-04-28 15:35:43 | INFO |        1.147 |        2           1              0.000 
2021-04-28 15:35:43 | INFO |        1.147 |        3           2              0.000 
2021-04-28 15:35:43 | INFO |        1.147 |        4           2              0.000 
2021-04-28 15:35:43 | INFO |        1.147 |        5           2              0.000 
2021-04-28 15:35:43 | INFO |        1.147 |        6           2              0.000 
2021-04-28 15:35:43 | INFO |        1.147 |        7           2              0.000 
2021-04-28 15:35:43 | INFO |        1.147 |        8           2              0.000 
2021-04-28 15:35:43 | INFO |        1.147 |        9           2              0.000 
2021-04-28 15:35:43 | INFO |        1.148 |       10           2              0.000 
2021-04-28 15:35:43 | INFO |        1.148 |       11           2              0.001 
2021-04-28 15:35:43 | INFO |        1.149 |       12           2              0.001 
2021-04-28 15:35:43 | INFO |        1.151 |       13           2              0.002 
2021-04-28 15:35:43 | INFO |        1.155 |       14           2              0.004 
2021-04-28 15:35:43 | INFO |        1.164 |       15           2              0.008 
2021-04-28 15:35:43 | INFO |        1.180 |       16           2              0.016 
2021-04-28 15:35:43 | INFO |        1.213 |       17           2              0.033 
2021-04-28 15:35:43 | INFO |        1.216 |       18           2              0.033 
2021-04-28 15:35:43 | INFO |        1.216 |       18           2              0.033 
2021-04-28 15:35:43 | INFO | Algebraic mode change at t = 1.21575
2021-04-28 15:35:43 | INFO |        1.216 |       18           2              0.033 
2021-04-28 15:35:43 | INFO | calculation of the new starting point of the simulation.
2021-04-28 15:35:43 | INFO | Algebraic mode change at t = 1.21575
2021-04-28 15:35:43 | INFO |        1.216 |        0           0              0.000 
2021-04-28 15:35:43 | INFO | Algebraic mode change at t = 1.21575
2021-04-28 15:35:43 | INFO |        1.216 |        1           1              0.000 
2021-04-28 15:35:43 | INFO | calculation of the new starting point of the simulation.
2021-04-28 15:35:43 | INFO |        1.216 |        0           0              0.000 
2021-04-28 15:35:43 | INFO |        1.216 |        1           1              0.000 
2021-04-28 15:35:43 | INFO |        1.216 |        2           1              0.000 
2021-04-28 15:35:43 | INFO |        1.216 |        3           2              0.000 
2021-04-28 15:35:43 | INFO |        1.216 |        4           2              0.000 
2021-04-28 15:35:43 | INFO |        1.216 |        5           2              0.000 
2021-04-28 15:35:43 | INFO |        1.216 |        6           2              0.000 
2021-04-28 15:35:43 | INFO |        1.216 |        7           2              0.000 
2021-04-28 15:35:43 | INFO |        1.216 |        8           2              0.000 
2021-04-28 15:35:43 | INFO |        1.216 |        9           2              0.000 
2021-04-28 15:35:43 | INFO |        1.216 |       10           2              0.000 
2021-04-28 15:35:43 | INFO |        1.217 |       11           2              0.001 
2021-04-28 15:35:43 | INFO |        1.218 |       12           2              0.001 
2021-04-28 15:35:43 | INFO |        1.220 |       13           2              0.002 
2021-04-28 15:35:43 | INFO |        1.224 |       14           2              0.004 
2021-04-28 15:35:43 | INFO |        1.232 |       15           2              0.008 
2021-04-28 15:35:43 | INFO |        1.249 |       16           2              0.016 
2021-04-28 15:35:43 | INFO |        1.276 |       17           2              0.033 
2021-04-28 15:35:43 | INFO |        1.276 |       17           2              0.033 
2021-04-28 15:35:43 | INFO | Algebraic mode change at t = 1.27598
2021-04-28 15:35:43 | INFO |        1.276 |       17           2              0.033 
2021-04-28 15:35:43 | INFO | calculation of the new starting point of the simulation.
2021-04-28 15:35:43 | INFO |        1.276 |        0           0              0.000 
2021-04-28 15:35:44 | INFO |        1.276 |        1           1              0.000 
2021-04-28 15:35:44 | INFO |        1.276 |        2           1              0.000 
2021-04-28 15:35:44 | INFO |        1.276 |        3           2              0.000 
2021-04-28 15:35:44 | INFO |        1.276 |        4           2              0.000 
2021-04-28 15:35:44 | INFO |        1.276 |        5           2              0.000 
2021-04-28 15:35:44 | INFO |        1.276 |        6           2              0.000 
2021-04-28 15:35:44 | INFO |        1.276 |        7           2              0.000 
2021-04-28 15:35:44 | INFO |        1.276 |        8           2              0.000 
2021-04-28 15:35:44 | INFO |        1.276 |        9           2              0.000 
2021-04-28 15:35:44 | INFO |        1.276 |       10           2              0.000 
2021-04-28 15:35:44 | INFO |        1.277 |       11           2              0.001 
2021-04-28 15:35:44 | INFO |        1.278 |       12           2              0.001 
2021-04-28 15:35:44 | INFO |        1.280 |       13           2              0.002 
2021-04-28 15:35:44 | INFO |        1.284 |       14           2              0.004 
2021-04-28 15:35:44 | INFO |        1.292 |       15           2              0.008 
2021-04-28 15:35:44 | INFO |        1.309 |       16           2              0.016 
2021-04-28 15:35:44 | INFO |        1.342 |       17           2              0.033 
2021-04-28 15:35:44 | INFO |        1.407 |       18           2              0.066 
2021-04-28 15:35:44 | INFO |        1.473 |       19           2              0.066 
2021-04-28 15:35:44 | INFO |        1.604 |       20           2              0.131 
2021-04-28 15:35:44 | INFO |        1.664 |       21           2              0.131 
2021-04-28 15:35:44 | INFO |        1.735 |       21           2              0.131 
2021-04-28 15:35:44 | INFO |        1.805 |       22           2              0.131 
2021-04-28 15:35:44 | INFO |        1.866 |       22           2              0.131 
2021-04-28 15:35:44 | INFO | Algebraic mode change at t = 1.93304
2021-04-28 15:35:44 | INFO |        1.933 |       23           2              0.131 
2021-04-28 15:35:44 | INFO | calculation of the new starting point of the simulation.
2021-04-28 15:35:44 | INFO |        1.933 |        0           0              0.000 
2021-04-28 15:35:44 | INFO |        1.933 |        1           1              0.000 
2021-04-28 15:35:44 | INFO |        1.933 |        2           1              0.000 
2021-04-28 15:35:44 | INFO |        1.933 |        3           2              0.000 
2021-04-28 15:35:44 | INFO |        1.933 |        4           2              0.000 
2021-04-28 15:35:44 | INFO |        1.933 |        5           2              0.000 
2021-04-28 15:35:44 | INFO |        1.933 |        6           2              0.000 
2021-04-28 15:35:44 | INFO |        1.933 |        7           2              0.000 
2021-04-28 15:35:44 | INFO |        1.933 |        7           2              0.000 
2021-04-28 15:35:44 | INFO |        1.933 |        7           2              0.000 
2021-04-28 15:35:44 | INFO |        1.933 |        8           2              0.000 
2021-04-28 15:35:44 | INFO |        1.933 |        9           2              0.000 
2021-04-28 15:35:44 | INFO |        1.934 |       10           2              0.000 
2021-04-28 15:35:44 | INFO |        1.934 |       11           2              0.001 
2021-04-28 15:35:44 | INFO |        1.935 |       12           2              0.001 
2021-04-28 15:35:44 | INFO |        1.937 |       13           2              0.002 
2021-04-28 15:35:44 | INFO |        1.941 |       14           2              0.004 
2021-04-28 15:35:44 | INFO |        1.949 |       15           2              0.008 
2021-04-28 15:35:44 | INFO | Algebraic mode change at t = 1.95995
2021-04-28 15:35:44 | INFO |        1.960 |       16           2              0.016 
2021-04-28 15:35:44 | INFO | calculation of the new starting point of the simulation.
2021-04-28 15:35:44 | INFO |        1.960 |        0           0              0.000 
2021-04-28 15:35:44 | INFO |        1.960 |        1           1              0.000 
2021-04-28 15:35:44 | INFO |        1.960 |        2           1              0.000 
2021-04-28 15:35:44 | INFO |        1.960 |        3           2              0.000 
2021-04-28 15:35:44 | INFO |        1.960 |        4           2              0.000 
2021-04-28 15:35:44 | INFO |        1.960 |        5           2              0.000 
2021-04-28 15:35:44 | INFO |        1.960 |        6           2              0.000 
2021-04-28 15:35:44 | INFO |        1.960 |        7           2              0.000 
2021-04-28 15:35:44 | INFO |        1.960 |        7           2              0.000 
2021-04-28 15:35:44 | INFO |        1.960 |        7           2              0.000 
2021-04-28 15:35:44 | INFO |        1.960 |        8           2              0.000 
2021-04-28 15:35:44 | INFO |        1.960 |        9           2              0.000 
2021-04-28 15:35:44 | INFO |        1.960 |       10           2              0.000 
2021-04-28 15:35:44 | INFO |        1.961 |       11           2              0.001 
2021-04-28 15:35:44 | INFO |        1.962 |       12           2              0.001 
2021-04-28 15:35:44 | INFO |        1.964 |       13           2              0.002 
2021-04-28 15:35:44 | INFO |        1.968 |       14           2              0.004 
2021-04-28 15:35:44 | INFO |        1.976 |       15           2              0.008 
2021-04-28 15:35:44 | INFO |        1.993 |       16           2              0.016 
2021-04-28 15:35:44 | INFO |        2.025 |       17           2              0.033 
2021-04-28 15:35:44 | INFO |        2.056 |       18           2              0.066 
2021-04-28 15:35:44 | INFO |        2.091 |       18           2              0.066 
2021-04-28 15:35:44 | INFO |        2.222 |       19           2              0.131 
2021-04-28 15:35:44 | INFO | Algebraic mode change at t = 2.26597
2021-04-28 15:35:44 | INFO |        2.266 |       20           2              0.131 
2021-04-28 15:35:44 | INFO | calculation of the new starting point of the simulation.
2021-04-28 15:35:44 | INFO |        2.266 |        0           0              0.000 
2021-04-28 15:35:44 | INFO |        2.266 |        1           1              0.000 
2021-04-28 15:35:44 | INFO |        2.266 |        2           1              0.000 
2021-04-28 15:35:44 | INFO |        2.266 |        3           2              0.000 
2021-04-28 15:35:44 | INFO |        2.266 |        4           2              0.000 
2021-04-28 15:35:44 | INFO |        2.266 |        5           2              0.000 
2021-04-28 15:35:44 | INFO |        2.266 |        6           2              0.000 
2021-04-28 15:35:44 | INFO |        2.266 |        7           2              0.000 
2021-04-28 15:35:44 | INFO |        2.266 |        7           2              0.000 
2021-04-28 15:35:44 | INFO |        2.266 |        7           2              0.000 
2021-04-28 15:35:44 | INFO |        2.266 |        8           2              0.000 
2021-04-28 15:35:44 | INFO |        2.266 |        9           2              0.000 
2021-04-28 15:35:44 | INFO |        2.266 |       10           2              0.000 
2021-04-28 15:35:44 | INFO |        2.267 |       11           2              0.001 
2021-04-28 15:35:44 | INFO |        2.268 |       12           2              0.001 
2021-04-28 15:35:44 | INFO |        2.270 |       13           2              0.002 
2021-04-28 15:35:44 | INFO |        2.274 |       14           2              0.004 
2021-04-28 15:35:44 | INFO |        2.282 |       15           2              0.008 
2021-04-28 15:35:44 | INFO |        2.299 |       16           2              0.016 
2021-04-28 15:35:44 | INFO |        2.332 |       17           2              0.033 
2021-04-28 15:35:44 | INFO |        2.336 |       18           2              0.066 
2021-04-28 15:35:44 | INFO |        2.336 |       18           2              0.066 
2021-04-28 15:35:44 | INFO | Algebraic mode change at t = 2.33647
2021-04-28 15:35:44 | INFO |        2.336 |       18           2              0.066 
2021-04-28 15:35:44 | INFO | calculation of the new starting point of the simulation.
2021-04-28 15:35:44 | INFO |        2.336 |        0           0              0.000 
2021-04-28 15:35:44 | INFO |        2.336 |        1           1              0.000 
2021-04-28 15:35:44 | INFO |        2.336 |        2           1              0.000 
2021-04-28 15:35:44 | INFO |        2.336 |        3           2              0.000 
2021-04-28 15:35:44 | INFO |        2.336 |        4           2              0.000 
2021-04-28 15:35:44 | INFO |        2.336 |        5           2              0.000 
2021-04-28 15:35:44 | INFO |        2.337 |        6           2              0.000 
2021-04-28 15:35:44 | INFO |        2.337 |        7           2              0.000 
2021-04-28 15:35:44 | INFO |        2.337 |        8           2              0.000 
2021-04-28 15:35:44 | INFO |        2.337 |        9           2              0.000 
2021-04-28 15:35:44 | INFO |        2.337 |       10           2              0.000 
2021-04-28 15:35:44 | INFO |        2.337 |       11           2              0.001 
2021-04-28 15:35:44 | INFO |        2.339 |       12           2              0.001 
2021-04-28 15:35:44 | INFO |        2.341 |       13           2              0.002 
2021-04-28 15:35:44 | INFO |        2.345 |       14           2              0.004 
2021-04-28 15:35:44 | INFO |        2.353 |       15           2              0.008 
2021-04-28 15:35:44 | INFO |        2.369 |       16           2              0.016 
2021-04-28 15:35:44 | INFO |        2.402 |       17           2              0.033 
2021-04-28 15:35:44 | INFO |        2.436 |       18           2              0.066 
2021-04-28 15:35:44 | INFO |        2.436 |       18           2              0.066 
2021-04-28 15:35:44 | INFO | Algebraic mode change at t = 2.43591
2021-04-28 15:35:44 | INFO |        2.436 |       18           2              0.066 
2021-04-28 15:35:44 | INFO | calculation of the new starting point of the simulation.
2021-04-28 15:35:44 | INFO | Algebraic mode change at t = 2.43591
2021-04-28 15:35:44 | INFO |        2.436 |        0           0              0.000 
2021-04-28 15:35:44 | INFO | Algebraic mode change at t = 2.43591
2021-04-28 15:35:44 | INFO |        2.436 |        1           1              0.000 
2021-04-28 15:35:44 | INFO | calculation of the new starting point of the simulation.
2021-04-28 15:35:44 | INFO |        2.436 |        0           0              0.000 
2021-04-28 15:35:44 | INFO |        2.436 |        1           1              0.000 
2021-04-28 15:35:44 | INFO |        2.436 |        2           1              0.000 
2021-04-28 15:35:44 | INFO |        2.436 |        3           2              0.000 
2021-04-28 15:35:44 | INFO |        2.436 |        4           2              0.000 
2021-04-28 15:35:44 | INFO |        2.436 |        5           2              0.000 
2021-04-28 15:35:44 | INFO |        2.436 |        6           2              0.000 
2021-04-28 15:35:44 | INFO |        2.436 |        7           2              0.000 
2021-04-28 15:35:44 | INFO |        2.436 |        8           2              0.000 
2021-04-28 15:35:44 | INFO |        2.436 |        9           2              0.000 
2021-04-28 15:35:44 | INFO |        2.436 |       10           2              0.000 
2021-04-28 15:35:44 | INFO |        2.437 |       11           2              0.001 
2021-04-28 15:35:44 | INFO |        2.438 |       12           2              0.001 
2021-04-28 15:35:44 | INFO |        2.440 |       13           2              0.002 
2021-04-28 15:35:44 | INFO |        2.444 |       14           2              0.004 
2021-04-28 15:35:44 | INFO |        2.452 |       15           2              0.008 
2021-04-28 15:35:44 | INFO |        2.469 |       16           2              0.016 
2021-04-28 15:35:44 | INFO |        2.501 |       17           2              0.033 
2021-04-28 15:35:44 | INFO |        2.567 |       18           2              0.066 
2021-04-28 15:35:44 | INFO |        2.698 |       19           2              0.131 
2021-04-28 15:35:44 | INFO |        2.829 |       20           2              0.131 
2021-04-28 15:35:44 | INFO |        2.899 |       21           2              0.131 
2021-04-28 15:35:44 | INFO |        2.899 |       21           2              0.131 
2021-04-28 15:35:44 | INFO | Algebraic mode change at t = 2.8992
2021-04-28 15:35:44 | INFO |        2.899 |       21           2              0.131 
2021-04-28 15:35:44 | INFO | calculation of the new starting point of the simulation.
2021-04-28 15:35:44 | INFO | Algebraic mode change at t = 2.8992
2021-04-28 15:35:44 | INFO |        2.899 |        0           0              0.000 
2021-04-28 15:35:44 | INFO | Algebraic mode change at t = 2.8992
2021-04-28 15:35:44 | INFO |        2.899 |        1           1              0.000 
2021-04-28 15:35:44 | INFO | calculation of the new starting point of the simulation.
2021-04-28 15:35:44 | INFO |        2.899 |        0           0              0.000 
2021-04-28 15:35:44 | INFO |        2.899 |        1           1              0.000 
2021-04-28 15:35:44 | INFO |        2.899 |        2           1              0.000 
2021-04-28 15:35:44 | INFO |        2.899 |        3           2              0.000 
2021-04-28 15:35:44 | INFO |        2.899 |        4           2              0.000 
2021-04-28 15:35:44 | INFO |        2.899 |        5           2              0.000 
2021-04-28 15:35:44 | INFO |        2.899 |        6           2              0.000 
2021-04-28 15:35:44 | INFO |        2.899 |        7           2              0.000 
2021-04-28 15:35:44 | INFO |        2.899 |        8           2              0.000 
2021-04-28 15:35:44 | INFO |        2.899 |        9           2              0.000 
2021-04-28 15:35:44 | INFO |        2.900 |       10           2              0.000 
2021-04-28 15:35:44 | INFO |        2.900 |       11           2              0.001 
2021-04-28 15:35:44 | INFO |        2.901 |       12           2              0.001 
2021-04-28 15:35:44 | INFO |        2.903 |       13           2              0.002 
2021-04-28 15:35:44 | INFO |        2.907 |       14           2              0.004 
2021-04-28 15:35:44 | INFO |        2.916 |       15           2              0.008 
2021-04-28 15:35:44 | INFO |        2.932 |       16           2              0.016 
2021-04-28 15:35:44 | INFO |        2.941 |       17           2              0.033 
2021-04-28 15:35:44 | INFO |        2.965 |       17           2              0.033 
2021-04-28 15:35:44 | INFO |        3.030 |       18           2              0.066 
2021-04-28 15:35:44 | INFO | Algebraic mode change at t = 3.06115
2021-04-28 15:35:44 | INFO |        3.061 |       19           2              0.131 
2021-04-28 15:35:44 | INFO | calculation of the new starting point of the simulation.
2021-04-28 15:35:44 | INFO |        3.061 |        0           0              0.000 
2021-04-28 15:35:44 | INFO |        3.061 |        1           1              0.000 
2021-04-28 15:35:44 | INFO |        3.061 |        2           1              0.000 
2021-04-28 15:35:44 | INFO |        3.061 |        3           2              0.000 
2021-04-28 15:35:44 | INFO |        3.061 |        4           2              0.000 
2021-04-28 15:35:44 | INFO |        3.061 |        5           2              0.000 
2021-04-28 15:35:44 | INFO |        3.061 |        6           2              0.000 
2021-04-28 15:35:44 | INFO |        3.061 |        7           2              0.000 
2021-04-28 15:35:44 | INFO |        3.061 |        8           2              0.000 
2021-04-28 15:35:44 | INFO |        3.061 |        8           2              0.000 
2021-04-28 15:35:44 | INFO |        3.061 |        8           2              0.000 
2021-04-28 15:35:44 | INFO |        3.061 |        9           2              0.000 
2021-04-28 15:35:44 | INFO |        3.062 |       10           2              0.000 
2021-04-28 15:35:44 | INFO |        3.062 |       11           2              0.001 
2021-04-28 15:35:44 | INFO |        3.063 |       12           2              0.001 
2021-04-28 15:35:44 | INFO |        3.065 |       13           2              0.002 
2021-04-28 15:35:44 | INFO |        3.069 |       14           2              0.004 
2021-04-28 15:35:44 | INFO |        3.078 |       15           2              0.008 
2021-04-28 15:35:44 | INFO |        3.094 |       16           2              0.016 
2021-04-28 15:35:44 | INFO |        3.127 |       17           2              0.033 
2021-04-28 15:35:44 | INFO |        3.192 |       18           2              0.066 
2021-04-28 15:35:44 | INFO |        3.323 |       19           2              0.131 
2021-04-28 15:35:44 | INFO | Algebraic mode change at t = 3.37117
2021-04-28 15:35:44 | INFO |        3.371 |       20           2              0.131 
2021-04-28 15:35:44 | INFO | calculation of the new starting point of the simulation.
2021-04-28 15:35:44 | INFO |        3.371 |        0           0              0.000 
2021-04-28 15:35:44 | INFO |        3.371 |        1           1              0.000 
2021-04-28 15:35:44 | INFO |        3.371 |        2           1              0.000 
2021-04-28 15:35:44 | INFO |        3.371 |        3           2              0.000 
2021-04-28 15:35:44 | INFO |        3.371 |        4           2              0.000 
2021-04-28 15:35:44 | INFO |        3.371 |        5           2              0.000 
2021-04-28 15:35:44 | INFO |        3.371 |        6           2              0.000 
2021-04-28 15:35:44 | INFO |        3.371 |        7           2              0.000 
2021-04-28 15:35:44 | INFO |        3.371 |        8           2              0.000 
2021-04-28 15:35:44 | INFO |        3.371 |        8           2              0.000 
2021-04-28 15:35:44 | INFO |        3.371 |        8           2              0.000 
2021-04-28 15:35:44 | INFO |        3.371 |        9           2              0.000 
2021-04-28 15:35:44 | INFO |        3.372 |       10           2              0.000 
2021-04-28 15:35:44 | INFO |        3.372 |       11           2              0.001 
2021-04-28 15:35:44 | INFO |        3.373 |       12           2              0.001 
2021-04-28 15:35:44 | INFO |        3.375 |       13           2              0.002 
2021-04-28 15:35:44 | INFO |        3.379 |       14           2              0.004 
2021-04-28 15:35:44 | INFO |        3.388 |       15           2              0.008 
2021-04-28 15:35:44 | INFO |        3.404 |       16           2              0.016 
2021-04-28 15:35:44 | INFO |        3.430 |       17           2              0.033 
2021-04-28 15:35:44 | INFO |        3.437 |       17           2              0.033 
2021-04-28 15:35:44 | INFO |        3.474 |       18           2              0.066 
2021-04-28 15:35:44 | INFO |        3.474 |       18           2              0.066 
2021-04-28 15:35:44 | INFO | Algebraic mode change at t = 3.4738
2021-04-28 15:35:44 | INFO |        3.474 |       18           2              0.066 
2021-04-28 15:35:44 | INFO | calculation of the new starting point of the simulation.
2021-04-28 15:35:44 | INFO |        3.474 |        0           0              0.000 
2021-04-28 15:35:44 | INFO |        3.474 |        1           1              0.000 
2021-04-28 15:35:44 | INFO |        3.474 |        2           1              0.000 
2021-04-28 15:35:44 | INFO |        3.474 |        3           2              0.000 
2021-04-28 15:35:44 | INFO |        3.474 |        4           2              0.000 
2021-04-28 15:35:44 | INFO |        3.474 |        5           2              0.000 
2021-04-28 15:35:44 | INFO |        3.474 |        6           2              0.000 
2021-04-28 15:35:44 | INFO |        3.474 |        7           2              0.000 
2021-04-28 15:35:44 | INFO |        3.474 |        8           2              0.000 
2021-04-28 15:35:44 | INFO |        3.474 |        9           2              0.000 
2021-04-28 15:35:44 | INFO |        3.474 |       10           2              0.000 
2021-04-28 15:35:44 | INFO |        3.475 |       11           2              0.001 
2021-04-28 15:35:44 | INFO |        3.476 |       12           2              0.001 
2021-04-28 15:35:44 | INFO |        3.478 |       13           2              0.002 
2021-04-28 15:35:44 | INFO |        3.482 |       14           2              0.004 
2021-04-28 15:35:44 | INFO |        3.490 |       15           2              0.008 
2021-04-28 15:35:44 | INFO |        3.507 |       16           2              0.016 
2021-04-28 15:35:44 | INFO |        3.539 |       17           2              0.033 
2021-04-28 15:35:44 | INFO |        3.605 |       18           2              0.066 
2021-04-28 15:35:44 | INFO | Algebraic mode change at t = 3.70291
2021-04-28 15:35:44 | INFO |        3.703 |       19           2              0.131 
2021-04-28 15:35:44 | INFO | calculation of the new starting point of the simulation.
2021-04-28 15:35:44 | INFO |        3.703 |        0           0              0.000 
2021-04-28 15:35:44 | INFO |        3.703 |        1           1              0.000 
2021-04-28 15:35:44 | INFO |        3.703 |        2           1              0.000 
2021-04-28 15:35:44 | INFO |        3.703 |        3           2              0.000 
2021-04-28 15:35:44 | INFO |        3.703 |        4           2              0.000 
2021-04-28 15:35:44 | INFO |        3.703 |        5           2              0.000 
2021-04-28 15:35:44 | INFO |        3.703 |        6           2              0.000 
2021-04-28 15:35:44 | INFO |        3.703 |        7           2              0.000 
2021-04-28 15:35:44 | INFO |        3.703 |        8           2              0.000 
2021-04-28 15:35:44 | INFO |        3.703 |        8           2              0.000 
2021-04-28 15:35:44 | INFO |        3.703 |        8           2              0.000 
2021-04-28 15:35:44 | INFO |        3.703 |        9           2              0.000 
2021-04-28 15:35:44 | INFO |        3.703 |       10           2              0.000 
2021-04-28 15:35:44 | INFO |        3.704 |       11           2              0.001 
2021-04-28 15:35:44 | INFO |        3.705 |       12           2              0.001 
2021-04-28 15:35:44 | INFO |        3.707 |       13           2              0.002 
2021-04-28 15:35:44 | INFO |        3.711 |       14           2              0.004 
2021-04-28 15:35:44 | INFO |        3.719 |       15           2              0.008 
2021-04-28 15:35:44 | INFO |        3.736 |       16           2              0.016 
2021-04-28 15:35:44 | INFO |        3.768 |       17           2              0.033 
2021-04-28 15:35:44 | INFO |        3.834 |       18           2              0.066 
2021-04-28 15:35:44 | INFO |        3.922 |       19           2              0.131 
2021-04-28 15:35:44 | INFO |        3.922 |       19           2              0.131 
2021-04-28 15:35:44 | INFO | Algebraic mode change at t = 3.9225
2021-04-28 15:35:44 | INFO |        3.922 |       19           2              0.131 
2021-04-28 15:35:44 | INFO | calculation of the new starting point of the simulation.
2021-04-28 15:35:44 | INFO | Algebraic mode change at t = 3.9225
2021-04-28 15:35:44 | INFO |        3.922 |        0           0              0.000 
2021-04-28 15:35:44 | INFO | Algebraic mode change at t = 3.9225
2021-04-28 15:35:44 | INFO |        3.922 |        1           1              0.000 
2021-04-28 15:35:44 | INFO | calculation of the new starting point of the simulation.
2021-04-28 15:35:44 | INFO |        3.922 |        0           0              0.000 
2021-04-28 15:35:44 | INFO |        3.922 |        1           1              0.000 
2021-04-28 15:35:44 | INFO |        3.922 |        2           1              0.000 
2021-04-28 15:35:44 | INFO |        3.922 |        3           2              0.000 
2021-04-28 15:35:44 | INFO |        3.923 |        4           2              0.000 
2021-04-28 15:35:44 | INFO |        3.923 |        5           2              0.000 
2021-04-28 15:35:44 | INFO |        3.923 |        6           2              0.000 
2021-04-28 15:35:44 | INFO |        3.923 |        7           2              0.000 
2021-04-28 15:35:44 | INFO |        3.923 |        8           2              0.000 
2021-04-28 15:35:44 | INFO |        3.923 |        9           2              0.000 
2021-04-28 15:35:44 | INFO |        3.923 |       10           2              0.000 
2021-04-28 15:35:44 | INFO |        3.924 |       11           2              0.001 
2021-04-28 15:35:44 | INFO |        3.925 |       12           2              0.001 
2021-04-28 15:35:44 | INFO |        3.927 |       13           2              0.002 
2021-04-28 15:35:44 | INFO |        3.931 |       14           2              0.004 
2021-04-28 15:35:44 | INFO |        3.939 |       15           2              0.008 
2021-04-28 15:35:44 | INFO |        3.955 |       16           2              0.016 
2021-04-28 15:35:44 | INFO |        3.988 |       17           2              0.033 
2021-04-28 15:35:44 | INFO |        4.054 |       18           2              0.066 
2021-04-28 15:35:44 | INFO |        4.185 |       19           2              0.131 
2021-04-28 15:35:44 | INFO |        4.271 |       20           2              0.262 
2021-04-28 15:35:44 | INFO |        4.271 |       20           2              0.262 
2021-04-28 15:35:44 | INFO | Algebraic mode change at t = 4.27066
2021-04-28 15:35:44 | INFO |        4.271 |       20           2              0.262 
2021-04-28 15:35:44 | INFO | calculation of the new starting point of the simulation.
2021-04-28 15:35:44 | INFO | Algebraic mode change at t = 4.27066
2021-04-28 15:35:44 | INFO |        4.271 |        0           0              0.000 
2021-04-28 15:35:44 | INFO | Algebraic mode change at t = 4.27066
2021-04-28 15:35:44 | INFO |        4.271 |        1           1              0.000 
2021-04-28 15:35:44 | INFO | calculation of the new starting point of the simulation.
2021-04-28 15:35:44 | INFO |        4.271 |        0           0              0.000 
2021-04-28 15:35:44 | INFO |        4.271 |        1           1              0.000 
2021-04-28 15:35:44 | INFO |        4.271 |        2           1              0.000 
2021-04-28 15:35:44 | INFO |        4.271 |        3           2              0.000 
2021-04-28 15:35:44 | INFO |        4.271 |        4           2              0.000 
2021-04-28 15:35:44 | INFO |        4.271 |        5           2              0.000 
2021-04-28 15:35:44 | INFO |        4.271 |        6           2              0.000 
2021-04-28 15:35:44 | INFO |        4.271 |        7           2              0.000 
2021-04-28 15:35:44 | INFO |        4.271 |        8           2              0.000 
2021-04-28 15:35:44 | INFO |        4.271 |        9           2              0.000 
2021-04-28 15:35:44 | INFO |        4.271 |       10           2              0.000 
2021-04-28 15:35:44 | INFO |        4.272 |       11           2              0.001 
2021-04-28 15:35:44 | INFO |        4.273 |       12           2              0.001 
2021-04-28 15:35:44 | INFO |        4.275 |       13           2              0.002 
2021-04-28 15:35:44 | INFO |        4.279 |       14           2              0.004 
2021-04-28 15:35:44 | INFO |        4.287 |       15           2              0.008 
2021-04-28 15:35:44 | INFO |        4.303 |       16           2              0.016 
2021-04-28 15:35:44 | INFO |        4.336 |       17           2              0.033 
2021-04-28 15:35:44 | INFO | Algebraic mode change at t = 4.37147
2021-04-28 15:35:44 | INFO |        4.371 |       18           2              0.066 
2021-04-28 15:35:44 | INFO | calculation of the new starting point of the simulation.
2021-04-28 15:35:44 | INFO |        4.371 |        0           0              0.000 
2021-04-28 15:35:44 | INFO |        4.371 |        1           1              0.000 
2021-04-28 15:35:44 | INFO |        4.371 |        2           1              0.000 
2021-04-28 15:35:44 | INFO |        4.371 |        3           2              0.000 
2021-04-28 15:35:44 | INFO |        4.371 |        4           2              0.000 
2021-04-28 15:35:44 | INFO |        4.371 |        5           2              0.000 
2021-04-28 15:35:44 | INFO |        4.372 |        6           2              0.000 
2021-04-28 15:35:44 | INFO |        4.372 |        7           2              0.000 
2021-04-28 15:35:44 | INFO |        4.372 |        8           2              0.000 
2021-04-28 15:35:44 | INFO |        4.372 |        9           2              0.000 
2021-04-28 15:35:44 | INFO |        4.372 |        9           2              0.000 
2021-04-28 15:35:44 | INFO |        4.372 |        9           2              0.000 
2021-04-28 15:35:44 | INFO |        4.372 |       10           2              0.000 
2021-04-28 15:35:44 | INFO |        4.372 |       11           2              0.001 
2021-04-28 15:35:44 | INFO |        4.374 |       12           2              0.001 
2021-04-28 15:35:44 | INFO |        4.376 |       13           2              0.002 
2021-04-28 15:35:44 | INFO |        4.380 |       14           2              0.004 
2021-04-28 15:35:44 | INFO |        4.388 |       15           2              0.008 
2021-04-28 15:35:44 | INFO |        4.404 |       16           2              0.016 
2021-04-28 15:35:44 | INFO |        4.437 |       17           2              0.033 
2021-04-28 15:35:44 | INFO |        4.503 |       18           2              0.066 
2021-04-28 15:35:44 | INFO |        4.634 |       19           2              0.131 
2021-04-28 15:35:44 | INFO |        4.896 |       20           2              0.262 
2021-04-28 15:35:44 | INFO |        4.997 |       21           2              0.262 
2021-04-28 15:35:44 | INFO |        4.997 |       21           2              0.262 
2021-04-28 15:35:44 | INFO | Algebraic mode change at t = 4.9972
2021-04-28 15:35:44 | INFO |        4.997 |       21           2              0.262 
2021-04-28 15:35:44 | INFO | calculation of the new starting point of the simulation.
2021-04-28 15:35:44 | INFO | Algebraic mode change at t = 4.9972
2021-04-28 15:35:44 | INFO |        4.997 |        0           0              0.000 
2021-04-28 15:35:44 | INFO | Algebraic mode change at t = 4.9972
2021-04-28 15:35:44 | INFO |        4.997 |        1           1              0.000 
2021-04-28 15:35:44 | INFO | calculation of the new starting point of the simulation.
2021-04-28 15:35:44 | INFO |        4.997 |        0           0              0.000 
2021-04-28 15:35:44 | INFO |        4.997 |        1           1              0.000 
2021-04-28 15:35:44 | INFO |        4.997 |        2           1              0.000 
2021-04-28 15:35:44 | INFO |        4.997 |        3           2              0.000 
2021-04-28 15:35:44 | INFO |        4.997 |        4           2              0.000 
2021-04-28 15:35:44 | INFO |        4.997 |        5           2              0.000 
2021-04-28 15:35:44 | INFO |        4.997 |        6           2              0.000 
2021-04-28 15:35:44 | INFO |        4.997 |        7           2              0.000 
2021-04-28 15:35:44 | INFO |        4.997 |        8           2              0.000 
2021-04-28 15:35:44 | INFO |        4.997 |        9           2              0.000 
2021-04-28 15:35:44 | INFO |        4.998 |       10           2              0.000 
2021-04-28 15:35:44 | INFO |        4.998 |       11           2              0.001 
2021-04-28 15:35:44 | INFO |        4.999 |       12           2              0.001 
2021-04-28 15:35:44 | INFO |        5.001 |       13           2              0.002 
2021-04-28 15:35:44 | INFO |        5.005 |       14           2              0.004 
2021-04-28 15:35:44 | INFO |        5.014 |       15           2              0.008 
2021-04-28 15:35:44 | INFO |        5.030 |       16           2              0.016 
2021-04-28 15:35:44 | INFO |        5.063 |       17           2              0.033 
2021-04-28 15:35:44 | INFO | Algebraic mode change at t = 5.10829
2021-04-28 15:35:44 | INFO |        5.108 |       18           2              0.066 
2021-04-28 15:35:44 | INFO | calculation of the new starting point of the simulation.
2021-04-28 15:35:44 | INFO |        5.108 |        0           0              0.000 
2021-04-28 15:35:44 | INFO |        5.108 |        1           1              0.000 
2021-04-28 15:35:44 | INFO |        5.108 |        2           1              0.000 
2021-04-28 15:35:44 | INFO |        5.108 |        3           2              0.000 
2021-04-28 15:35:44 | INFO |        5.108 |        4           2              0.000 
2021-04-28 15:35:44 | INFO |        5.108 |        5           2              0.000 
2021-04-28 15:35:44 | INFO |        5.108 |        6           2              0.000 
2021-04-28 15:35:44 | INFO |        5.108 |        7           2              0.000 
2021-04-28 15:35:44 | INFO |        5.108 |        8           2              0.000 
2021-04-28 15:35:44 | INFO |        5.109 |        9           2              0.000 
2021-04-28 15:35:44 | INFO |        5.109 |       10           2              0.000 
2021-04-28 15:35:44 | INFO |        5.109 |       11           2              0.001 
2021-04-28 15:35:44 | INFO |        5.109 |       11           2              0.001 
2021-04-28 15:35:44 | INFO |        5.109 |       11           2              0.001 
2021-04-28 15:35:44 | INFO |        5.110 |       12           2              0.001 
2021-04-28 15:35:44 | INFO |        5.112 |       13           2              0.002 
2021-04-28 15:35:44 | INFO |        5.116 |       14           2              0.004 
2021-04-28 15:35:44 | INFO |        5.125 |       15           2              0.008 
2021-04-28 15:35:44 | INFO | Algebraic mode change at t = 5.14046
2021-04-28 15:35:44 | INFO |        5.140 |       16           2              0.016 
2021-04-28 15:35:44 | INFO | calculation of the new starting point of the simulation.
2021-04-28 15:35:44 | INFO |        5.140 |        0           0              0.000 
2021-04-28 15:35:44 | INFO |        5.140 |        1           1              0.000 
2021-04-28 15:35:44 | INFO |        5.140 |        2           1              0.000 
2021-04-28 15:35:44 | INFO |        5.140 |        3           2              0.000 
2021-04-28 15:35:44 | INFO |        5.140 |        4           2              0.000 
2021-04-28 15:35:44 | INFO |        5.140 |        5           2              0.000 
2021-04-28 15:35:44 | INFO |        5.140 |        6           2              0.000 
2021-04-28 15:35:44 | INFO |        5.141 |        7           2              0.000 
2021-04-28 15:35:44 | INFO |        5.141 |        8           2              0.000 
2021-04-28 15:35:44 | INFO |        5.141 |        9           2              0.000 
2021-04-28 15:35:44 | INFO |        5.141 |        9           2              0.000 
2021-04-28 15:35:44 | INFO |        5.141 |        9           2              0.000 
2021-04-28 15:35:44 | INFO |        5.141 |       10           2              0.000 
2021-04-28 15:35:44 | INFO |        5.141 |       11           2              0.001 
2021-04-28 15:35:44 | INFO |        5.143 |       12           2              0.001 
2021-04-28 15:35:44 | INFO |        5.145 |       13           2              0.002 
2021-04-28 15:35:44 | INFO |        5.149 |       14           2              0.004 
2021-04-28 15:35:44 | INFO |        5.157 |       15           2              0.008 
2021-04-28 15:35:44 | INFO |        5.173 |       16           2              0.016 
2021-04-28 15:35:44 | INFO |        5.206 |       17           2              0.033 
2021-04-28 15:35:44 | INFO |        5.272 |       18           2              0.066 
2021-04-28 15:35:44 | INFO |        5.403 |       19           2              0.131 
2021-04-28 15:35:44 | INFO |        5.488 |       20           2              0.262 
2021-04-28 15:35:44 | INFO |        5.488 |       20           2              0.262 
2021-04-28 15:35:44 | INFO | Algebraic mode change at t = 5.48906
2021-04-28 15:35:44 | INFO |        5.489 |       20           2              0.262 
2021-04-28 15:35:44 | INFO | calculation of the new starting point of the simulation.
2021-04-28 15:35:44 | INFO | Algebraic mode change at t = 5.48906
2021-04-28 15:35:44 | INFO |        5.489 |        0           0              0.000 
2021-04-28 15:35:44 | INFO | Algebraic mode change at t = 5.48906
2021-04-28 15:35:44 | INFO |        5.489 |        1           1              0.000 
2021-04-28 15:35:44 | INFO | calculation of the new starting point of the simulation.
2021-04-28 15:35:44 | INFO |        5.489 |        0           0              0.000 
2021-04-28 15:35:44 | INFO |        5.489 |        1           1              0.000 
2021-04-28 15:35:44 | INFO |        5.489 |        2           1              0.000 
2021-04-28 15:35:44 | INFO |        5.489 |        3           2              0.000 
2021-04-28 15:35:44 | INFO |        5.489 |        4           2              0.000 
2021-04-28 15:35:44 | INFO |        5.489 |        5           2              0.000 
2021-04-28 15:35:44 | INFO |        5.489 |        6           2              0.000 
2021-04-28 15:35:44 | INFO |        5.489 |        7           2              0.000 
2021-04-28 15:35:44 | INFO |        5.489 |        8           2              0.000 
2021-04-28 15:35:44 | INFO |        5.489 |        9           2              0.000 
2021-04-28 15:35:44 | INFO |        5.490 |       10           2              0.000 
2021-04-28 15:35:44 | INFO |        5.490 |       11           2              0.001 
2021-04-28 15:35:44 | INFO |        5.491 |       12           2              0.001 
2021-04-28 15:35:44 | INFO |        5.493 |       13           2              0.002 
2021-04-28 15:35:44 | INFO |        5.497 |       14           2              0.004 
2021-04-28 15:35:44 | INFO |        5.505 |       15           2              0.008 
2021-04-28 15:35:44 | INFO |        5.522 |       16           2              0.016 
2021-04-28 15:35:44 | INFO |        5.555 |       17           2              0.033 
2021-04-28 15:35:44 | INFO |        5.620 |       18           2              0.066 
2021-04-28 15:35:44 | INFO |        5.630 |       19           2              0.131 
2021-04-28 15:35:44 | INFO |        5.630 |       19           2              0.131 
2021-04-28 15:35:44 | INFO | Algebraic mode change at t = 5.63024
2021-04-28 15:35:44 | INFO |        5.630 |       19           2              0.131 
2021-04-28 15:35:44 | INFO | calculation of the new starting point of the simulation.
2021-04-28 15:35:44 | INFO |        5.630 |        0           0              0.000 
2021-04-28 15:35:44 | INFO |        5.630 |        1           1              0.000 
2021-04-28 15:35:44 | INFO |        5.630 |        2           1              0.000 
2021-04-28 15:35:44 | INFO |        5.630 |        3           2              0.000 
2021-04-28 15:35:44 | INFO |        5.630 |        4           2              0.000 
2021-04-28 15:35:44 | INFO |        5.630 |        5           2              0.000 
2021-04-28 15:35:44 | INFO |        5.630 |        6           2              0.000 
2021-04-28 15:35:44 | INFO |        5.630 |        7           2              0.000 
2021-04-28 15:35:44 | INFO |        5.630 |        8           2              0.000 
2021-04-28 15:35:44 | INFO |        5.630 |        9           2              0.000 
2021-04-28 15:35:44 | INFO |        5.631 |       10           2              0.000 
2021-04-28 15:35:44 | INFO |        5.631 |       11           2              0.001 
2021-04-28 15:35:44 | INFO |        5.632 |       12           2              0.001 
2021-04-28 15:35:44 | INFO |        5.634 |       13           2              0.002 
2021-04-28 15:35:44 | INFO |        5.638 |       14           2              0.004 
2021-04-28 15:35:44 | INFO |        5.647 |       15           2              0.008 
2021-04-28 15:35:44 | INFO |        5.663 |       16           2              0.016 
2021-04-28 15:35:44 | INFO |        5.696 |       17           2              0.033 
2021-04-28 15:35:44 | INFO |        5.761 |       18           2              0.066 
2021-04-28 15:35:44 | INFO |        5.892 |       19           2              0.131 
2021-04-28 15:35:44 | INFO | Algebraic mode change at t = 5.97879
2021-04-28 15:35:44 | INFO |        5.979 |       20           2              0.262 
2021-04-28 15:35:44 | INFO | calculation of the new starting point of the simulation.
2021-04-28 15:35:44 | INFO | Algebraic mode change at t = 5.97879
2021-04-28 15:35:44 | INFO |        5.979 |        0           0              0.000 
2021-04-28 15:35:44 | INFO | Algebraic mode change at t = 5.97879
2021-04-28 15:35:44 | INFO |        5.979 |        1           1              0.000 
2021-04-28 15:35:44 | INFO | calculation of the new starting point of the simulation.
2021-04-28 15:35:44 | INFO |        5.979 |        0           0              0.000 
2021-04-28 15:35:44 | INFO |        5.979 |        1           1              0.000 
2021-04-28 15:35:44 | INFO |        5.979 |        2           1              0.000 
2021-04-28 15:35:44 | INFO |        5.979 |        3           2              0.000 
2021-04-28 15:35:44 | INFO |        5.979 |        4           2              0.000 
2021-04-28 15:35:44 | INFO |        5.979 |        5           2              0.000 
2021-04-28 15:35:44 | INFO |        5.979 |        6           2              0.000 
2021-04-28 15:35:44 | INFO |        5.979 |        7           2              0.000 
2021-04-28 15:35:44 | INFO |        5.979 |        8           2              0.000 
2021-04-28 15:35:44 | INFO |        5.979 |        9           2              0.000 
2021-04-28 15:35:44 | INFO |        5.979 |       10           2              0.000 
2021-04-28 15:35:44 | INFO |        5.979 |       10           2              0.000 
2021-04-28 15:35:44 | INFO |        5.979 |       10           2              0.000 
2021-04-28 15:35:44 | INFO |        5.980 |       11           2              0.001 
2021-04-28 15:35:44 | INFO |        5.981 |       12           2              0.001 
2021-04-28 15:35:44 | INFO |        5.983 |       13           2              0.002 
2021-04-28 15:35:44 | INFO |        5.987 |       14           2              0.004 
2021-04-28 15:35:44 | INFO |        5.995 |       15           2              0.008 
2021-04-28 15:35:44 | INFO |        6.012 |       16           2              0.016 
2021-04-28 15:35:44 | INFO |        6.044 |       17           2              0.033 
2021-04-28 15:35:44 | INFO |        6.110 |       18           2              0.066 
2021-04-28 15:35:44 | INFO |        6.241 |       19           2              0.131 
2021-04-28 15:35:44 | INFO |        6.503 |       20           2              0.262 
2021-04-28 15:35:44 | INFO |        6.555 |       21           2              0.262 
2021-04-28 15:35:44 | INFO |        6.555 |       21           2              0.262 
2021-04-28 15:35:44 | INFO | Algebraic mode change at t = 6.55572
2021-04-28 15:35:44 | INFO |        6.556 |       21           2              0.262 
2021-04-28 15:35:44 | INFO | calculation of the new starting point of the simulation.
2021-04-28 15:35:44 | INFO | Algebraic mode change at t = 6.55572
2021-04-28 15:35:44 | INFO |        6.556 |        0           0              0.000 
2021-04-28 15:35:44 | INFO | Algebraic mode change at t = 6.55572
2021-04-28 15:35:44 | INFO |        6.556 |        1           1              0.000 
2021-04-28 15:35:44 | INFO | calculation of the new starting point of the simulation.
2021-04-28 15:35:44 | INFO |        6.556 |        0           0              0.000 
2021-04-28 15:35:44 | INFO |        6.556 |        1           1              0.000 
2021-04-28 15:35:44 | INFO |        6.556 |        2           1              0.000 
2021-04-28 15:35:44 | INFO |        6.556 |        3           2              0.000 
2021-04-28 15:35:44 | INFO |        6.556 |        4           2              0.000 
2021-04-28 15:35:44 | INFO |        6.556 |        5           2              0.000 
2021-04-28 15:35:44 | INFO |        6.556 |        6           2              0.000 
2021-04-28 15:35:44 | INFO |        6.556 |        7           2              0.000 
2021-04-28 15:35:44 | INFO |        6.556 |        8           2              0.000 
2021-04-28 15:35:44 | INFO |        6.556 |        9           2              0.000 
2021-04-28 15:35:44 | INFO |        6.556 |       10           2              0.000 
2021-04-28 15:35:44 | INFO |        6.557 |       11           2              0.001 
2021-04-28 15:35:44 | INFO |        6.558 |       12           2              0.001 
2021-04-28 15:35:44 | INFO | Algebraic mode change at t = 6.558
2021-04-28 15:35:44 | INFO |        6.558 |       13           2              0.002 
2021-04-28 15:35:44 | INFO | calculation of the new starting point of the simulation.
2021-04-28 15:35:44 | INFO |        6.558 |        0           0              0.000 
2021-04-28 15:35:44 | INFO |        6.558 |        1           1              0.000 
2021-04-28 15:35:44 | INFO |        6.558 |        2           1              0.000 
2021-04-28 15:35:44 | INFO |        6.558 |        3           2              0.000 
2021-04-28 15:35:44 | INFO |        6.558 |        4           2              0.000 
2021-04-28 15:35:44 | INFO |        6.558 |        5           2              0.000 
2021-04-28 15:35:44 | INFO |        6.558 |        6           2              0.000 
2021-04-28 15:35:44 | INFO |        6.558 |        7           2              0.000 
2021-04-28 15:35:44 | INFO |        6.558 |        8           2              0.000 
2021-04-28 15:35:44 | INFO |        6.558 |        9           2              0.000 
2021-04-28 15:35:44 | INFO |        6.558 |       10           2              0.000 
2021-04-28 15:35:44 | INFO |        6.558 |       10           2              0.000 
2021-04-28 15:35:44 | INFO |        6.559 |       10           2              0.000 
2021-04-28 15:35:44 | INFO |        6.559 |       11           2              0.001 
2021-04-28 15:35:44 | INFO |        6.560 |       12           2              0.001 
2021-04-28 15:35:44 | INFO |        6.562 |       13           2              0.002 
2021-04-28 15:35:44 | INFO |        6.566 |       14           2              0.004 
2021-04-28 15:35:44 | INFO |        6.574 |       15           2              0.008 
2021-04-28 15:35:44 | INFO |        6.591 |       16           2              0.016 
2021-04-28 15:35:44 | INFO |        6.624 |       17           2              0.033 
2021-04-28 15:35:44 | INFO |        6.689 |       18           2              0.066 
2021-04-28 15:35:44 | INFO |        6.820 |       19           2              0.131 
2021-04-28 15:35:44 | INFO |        7.082 |       20           2              0.262 
2021-04-28 15:35:44 | INFO |        7.163 |       21           1              0.524 
2021-04-28 15:35:44 | INFO |        7.163 |       21           1              0.524 
2021-04-28 15:35:44 | INFO | Algebraic mode change at t = 7.16379
2021-04-28 15:35:44 | INFO |        7.164 |       21           1              0.524 
2021-04-28 15:35:44 | INFO | calculation of the new starting point of the simulation.
2021-04-28 15:35:44 | INFO |        7.164 |        0           0              0.000 
2021-04-28 15:35:44 | INFO |        7.164 |        1           1              0.000 
2021-04-28 15:35:44 | INFO |        7.164 |        2           1              0.000 
2021-04-28 15:35:44 | INFO |        7.164 |        3           2              0.000 
2021-04-28 15:35:44 | INFO |        7.164 |        4           2              0.000 
2021-04-28 15:35:44 | INFO |        7.164 |        5           2              0.000 
2021-04-28 15:35:44 | INFO |        7.164 |        6           2              0.000 
2021-04-28 15:35:44 | INFO |        7.164 |        7           2              0.000 
2021-04-28 15:35:44 | INFO |        7.164 |        8           2              0.000 
2021-04-28 15:35:44 | INFO |        7.164 |        9           2              0.000 
2021-04-28 15:35:44 | INFO |        7.164 |       10           2              0.000 
2021-04-28 15:35:44 | INFO |        7.165 |       11           2              0.001 
2021-04-28 15:35:44 | INFO |        7.166 |       12           2              0.001 
2021-04-28 15:35:44 | INFO |        7.168 |       13           2              0.002 
2021-04-28 15:35:44 | INFO |        7.172 |       14           2              0.004 
2021-04-28 15:35:44 | INFO |        7.180 |       15           2              0.008 
2021-04-28 15:35:44 | INFO |        7.197 |       16           2              0.016 
2021-04-28 15:35:44 | INFO |        7.229 |       17           2              0.033 
2021-04-28 15:35:44 | INFO |        7.295 |       18           2              0.066 
2021-04-28 15:35:44 | INFO |        7.426 |       19           2              0.131 
2021-04-28 15:35:44 | INFO |        7.688 |       20           2              0.262 
2021-04-28 15:35:44 | INFO | Algebraic mode change at t = 7.89897
2021-04-28 15:35:44 | INFO |        7.899 |       21           2              0.524 
2021-04-28 15:35:44 | INFO | calculation of the new starting point of the simulation.
2021-04-28 15:35:44 | INFO |        7.899 |        0           0              0.000 
2021-04-28 15:35:44 | INFO |        7.899 |        1           1              0.000 
2021-04-28 15:35:44 | INFO |        7.899 |        2           1              0.000 
2021-04-28 15:35:44 | INFO |        7.899 |        3           2              0.000 
2021-04-28 15:35:44 | INFO |        7.899 |        4           2              0.000 
2021-04-28 15:35:44 | INFO |        7.899 |        5           2              0.000 
2021-04-28 15:35:44 | INFO |        7.899 |        6           2              0.000 
2021-04-28 15:35:44 | INFO |        7.899 |        7           2              0.000 
2021-04-28 15:35:44 | INFO |        7.899 |        8           2              0.000 
2021-04-28 15:35:44 | INFO |        7.899 |        9           2              0.000 
2021-04-28 15:35:44 | INFO |        7.899 |       10           2              0.000 
2021-04-28 15:35:44 | INFO |        7.900 |       11           2              0.001 
2021-04-28 15:35:45 | INFO |        7.901 |       12           2              0.001 
2021-04-28 15:35:45 | INFO |        7.901 |       12           2              0.001 
2021-04-28 15:35:45 | INFO |        7.901 |       12           2              0.001 
2021-04-28 15:35:45 | INFO |        7.903 |       13           2              0.002 
2021-04-28 15:35:45 | INFO |        7.907 |       14           2              0.004 
2021-04-28 15:35:45 | INFO |        7.915 |       15           2              0.008 
2021-04-28 15:35:45 | INFO |        7.932 |       16           2              0.016 
2021-04-28 15:35:45 | INFO |        7.965 |       17           2              0.033 
2021-04-28 15:35:45 | INFO |        8.030 |       18           2              0.066 
2021-04-28 15:35:45 | INFO |        8.111 |       19           2              0.131 
2021-04-28 15:35:45 | INFO |        8.111 |       19           2              0.131 
2021-04-28 15:35:45 | INFO | Algebraic mode change at t = 8.11328
2021-04-28 15:35:45 | INFO |        8.113 |       19           2              0.131 
2021-04-28 15:35:45 | INFO | calculation of the new starting point of the simulation.
2021-04-28 15:35:45 | INFO |        8.113 |        0           0              0.000 
2021-04-28 15:35:45 | INFO |        8.113 |        1           1              0.000 
2021-04-28 15:35:45 | INFO |        8.113 |        2           1              0.000 
2021-04-28 15:35:45 | INFO |        8.113 |        3           2              0.000 
2021-04-28 15:35:45 | INFO |        8.113 |        4           2              0.000 
2021-04-28 15:35:45 | INFO |        8.113 |        5           2              0.000 
2021-04-28 15:35:45 | INFO |        8.113 |        6           2              0.000 
2021-04-28 15:35:45 | INFO |        8.113 |        7           2              0.000 
2021-04-28 15:35:45 | INFO |        8.113 |        8           2              0.000 
2021-04-28 15:35:45 | INFO |        8.114 |        9           2              0.000 
2021-04-28 15:35:45 | INFO |        8.114 |       10           2              0.000 
2021-04-28 15:35:45 | INFO |        8.114 |       11           2              0.001 
2021-04-28 15:35:45 | INFO |        8.115 |       12           2              0.001 
2021-04-28 15:35:45 | INFO |        8.117 |       13           2              0.002 
2021-04-28 15:35:45 | INFO |        8.121 |       14           2              0.004 
2021-04-28 15:35:45 | INFO |        8.130 |       15           2              0.008 
2021-04-28 15:35:45 | INFO |        8.146 |       16           2              0.016 
2021-04-28 15:35:45 | INFO |        8.179 |       17           2              0.033 
2021-04-28 15:35:45 | INFO |        8.244 |       18           2              0.066 
2021-04-28 15:35:45 | INFO | Algebraic mode change at t = 8.25011
2021-04-28 15:35:45 | INFO |        8.250 |       19           2              0.131 
2021-04-28 15:35:45 | INFO | calculation of the new starting point of the simulation.
2021-04-28 15:35:45 | INFO |        8.250 |        0           0              0.000 
2021-04-28 15:35:45 | INFO |        8.250 |        1           1              0.000 
2021-04-28 15:35:45 | INFO |        8.250 |        2           1              0.000 
2021-04-28 15:35:45 | INFO |        8.250 |        3           2              0.000 
2021-04-28 15:35:45 | INFO |        8.250 |        4           2              0.000 
2021-04-28 15:35:45 | INFO |        8.250 |        5           2              0.000 
2021-04-28 15:35:45 | INFO |        8.250 |        6           2              0.000 
2021-04-28 15:35:45 | INFO |        8.250 |        7           2              0.000 
2021-04-28 15:35:45 | INFO |        8.250 |        8           2              0.000 
2021-04-28 15:35:45 | INFO |        8.250 |        9           2              0.000 
2021-04-28 15:35:45 | INFO |        8.251 |       10           2              0.000 
2021-04-28 15:35:45 | INFO |        8.251 |       11           2              0.001 
2021-04-28 15:35:45 | INFO |        8.251 |       11           2              0.001 
2021-04-28 15:35:45 | INFO |        8.251 |       11           2              0.001 
2021-04-28 15:35:45 | INFO |        8.252 |       12           2              0.001 
2021-04-28 15:35:45 | INFO |        8.254 |       13           2              0.002 
2021-04-28 15:35:45 | INFO |        8.258 |       14           2              0.004 
2021-04-28 15:35:45 | INFO |        8.266 |       15           2              0.008 
2021-04-28 15:35:45 | INFO |        8.283 |       16           2              0.016 
2021-04-28 15:35:45 | INFO |        8.316 |       17           2              0.033 
2021-04-28 15:35:45 | INFO |        8.381 |       18           2              0.066 
2021-04-28 15:35:45 | INFO |        8.512 |       19           2              0.131 
2021-04-28 15:35:45 | INFO |        8.774 |       20           2              0.262 
2021-04-28 15:35:45 | INFO |        8.847 |       21           1              0.524 
2021-04-28 15:35:45 | INFO |        8.847 |       21           1              0.524 
2021-04-28 15:35:45 | INFO | Algebraic mode change at t = 8.84887
2021-04-28 15:35:45 | INFO |        8.849 |       21           1              0.524 
2021-04-28 15:35:45 | INFO | calculation of the new starting point of the simulation.
2021-04-28 15:35:45 | INFO | Algebraic mode change at t = 8.84887
2021-04-28 15:35:45 | INFO |        8.849 |        0           0              0.000 
2021-04-28 15:35:45 | INFO | Algebraic mode change at t = 8.84887
2021-04-28 15:35:45 | INFO |        8.849 |        1           1              0.000 
2021-04-28 15:35:45 | INFO | calculation of the new starting point of the simulation.
2021-04-28 15:35:45 | INFO |        8.849 |        0           0              0.000 
2021-04-28 15:35:45 | INFO |        8.849 |        1           1              0.000 
2021-04-28 15:35:45 | INFO |        8.849 |        2           1              0.000 
2021-04-28 15:35:45 | INFO |        8.849 |        3           2              0.000 
2021-04-28 15:35:45 | INFO |        8.849 |        4           2              0.000 
2021-04-28 15:35:45 | INFO |        8.849 |        5           2              0.000 
2021-04-28 15:35:45 | INFO |        8.849 |        6           2              0.000 
2021-04-28 15:35:45 | INFO |        8.849 |        7           2              0.000 
2021-04-28 15:35:45 | INFO |        8.849 |        8           2              0.000 
2021-04-28 15:35:45 | INFO |        8.849 |        9           2              0.000 
2021-04-28 15:35:45 | INFO |        8.849 |       10           2              0.000 
2021-04-28 15:35:45 | INFO |        8.850 |       11           2              0.001 
2021-04-28 15:35:45 | INFO |        8.851 |       12           2              0.001 
2021-04-28 15:35:45 | INFO |        8.853 |       13           2              0.002 
2021-04-28 15:35:45 | INFO |        8.857 |       14           2              0.004 
2021-04-28 15:35:45 | INFO |        8.865 |       15           2              0.008 
2021-04-28 15:35:45 | INFO |        8.882 |       16           2              0.016 
2021-04-28 15:35:45 | INFO |        8.914 |       17           2              0.033 
2021-04-28 15:35:45 | INFO |        8.980 |       18           2              0.066 
2021-04-28 15:35:45 | INFO |        9.111 |       19           2              0.131 
2021-04-28 15:35:45 | INFO |        9.373 |       20           2              0.262 
2021-04-28 15:35:45 | INFO |        9.897 |       21           2              0.524 
2021-04-28 15:35:45 | INFO |       10.946 |       22           1              1.049 
2021-04-28 15:35:45 | INFO |       13.043 |       23           1              2.097 
2021-04-28 15:35:45 | INFO |       17.237 |       24           1              4.194 
2021-04-28 15:35:45 | INFO |       20.000 |       25           1              2.763 
2021-04-28 15:35:45 | INFO | 
2021-04-28 15:35:45 | INFO | execution statistics :
2021-04-28 15:35:45 | INFO | 
2021-04-28 15:35:45 | INFO | number of time iterations                  = 661
2021-04-28 15:35:45 | INFO | number of residual evaluations             = 954
2021-04-28 15:35:45 | INFO | number of Jacobian evaluations             = 611
2021-04-28 15:35:45 | INFO | number of nonlinear iterations             = 838
2021-04-28 15:35:45 | INFO | number of error test failures              = 0
2021-04-28 15:35:45 | INFO | number of nonlinear convergence failures   = 0
2021-04-28 15:35:45 | INFO | number of root functions evaluations       = 4501
2021-04-28 15:35:45 | INFO | number of discrete variables evaluations   = 196
2021-04-28 15:35:45 | INFO | number of mode evaluations                 = 157
2021-04-28 15:35:45 | INFO | end of job 'IEEE57 - Three phase impedant short circuit at node 12'
