2020-03-03 10:02:07 | DEBUG |  ============================================================ 
2020-03-03 10:02:07 | DEBUG | DYNAWO VERSION  :     1.0.1
2020-03-03 10:02:07 | DEBUG | DYNAWO REVISION :  ModifySVarCRegulationImplementation-c2b463d1
2020-03-03 10:02:07 | DEBUG |  ============================================================ 
2020-03-03 10:02:26 | DEBUG | connecting LoadVar_event_state1 with Load_load_PRefPu
2020-03-03 10:02:26 | DEBUG | connecting LoadVar_event_state2 with Load_load_QRefPu
2020-03-03 10:02:26 | DEBUG | connecting Network_line_terminal2 with Load_load_terminal
2020-03-03 10:02:26 | DEBUG | connecting Network_line_terminal2 with SVarC_injector_terminal
2020-03-03 10:02:26 | DEBUG | injector_B0Pu same value as control_B0Pu
2020-03-03 10:02:26 | DEBUG | injector_G0Pu same value as control_G0Pu
2020-03-03 10:02:26 | DEBUG | Differential mode change for model SVarC
2020-03-03 10:02:26 | DEBUG | call of SolverReInit ie a new symbolic and numerical factorization will be performed
2020-03-03 10:02:26 | DEBUG | call of SolverReInit ie a new symbolic and numerical factorization will be performed
2020-03-03 10:02:26 | DEBUG | call of SolverReInit ie a new symbolic and numerical factorization will be performed
2020-03-03 10:02:26 | INFO | adding curve : Id: SVarC; curve: injector_UPu found. (exact name)
2020-03-03 10:02:26 | INFO | adding curve : Id: SVarC; curve: injector_BPu found. (exact name)
2020-03-03 10:02:26 | INFO | adding curve : Id: SVarC; curve: injector_GPu found. (exact name)
2020-03-03 10:02:26 | INFO | adding curve : Id: SVarC; curve: injector_PInjPu found. (exact name)
2020-03-03 10:02:26 | INFO | adding curve : Id: SVarC; curve: injector_QInjPu found. (exact name)
2020-03-03 10:02:26 | INFO | adding curve : Id: SVarC; output: control_modeHandling_mode found.( control_modeHandling_mode_value )
2020-03-03 10:02:26 | INFO | adding curve : Id: SVarC; curve: control_modeHandling_URefPu found. (exact name)
2020-03-03 10:02:26 | DEBUG | -----------------------------------------------------------------------
2020-03-03 10:02:26 | DEBUG | number of continuous variables : 40 (display limited to 4 variables)
2020-03-03 10:02:26 | DEBUG | number of discrete variables : 24
2020-03-03 10:02:26 | DEBUG | -----------------------------------------------------------------------
2020-03-03 10:02:26 | DEBUG |     t              y1            y2            y3            y4      | nst k      h
2020-03-03 10:02:26 | DEBUG | -----------------------------------------------------------------------
2020-03-03 10:02:26 | DEBUG |        0.000  0.000000e+00  1.000000e+00  0.000000e+00  0.000000e+00 |   0 0 1.000000e-02 
2020-03-03 10:02:26 | DEBUG | call of SolverReInit ie a new symbolic and numerical factorization will be performed
2020-03-03 10:02:26 | DEBUG | Differential mode change for model SVarC
2020-03-03 10:02:26 | DEBUG |        0.000  0.000000e+00  1.000000e+00  0.000000e+00  0.000000e+00 |   1 1 1.000000e-06 
2020-03-03 10:02:26 | DEBUG | calculation of the new starting point of the simulation.
2020-03-03 10:02:26 | DEBUG |        0.000  0.000000e+00  1.000000e+00  0.000000e+00  0.000000e+00 |   0 0 0.000000e+00 
2020-03-03 10:02:26 | DEBUG | call of SolverReInit ie a new symbolic and numerical factorization will be performed
2020-03-03 10:02:26 | DEBUG | Differential mode change for model SVarC
2020-03-03 10:02:26 | DEBUG |        0.000  0.000000e+00  1.000000e+00  0.000000e+00  0.000000e+00 |   1 1 1.000000e-06 
2020-03-03 10:02:26 | DEBUG | calculation of the new starting point of the simulation.
2020-03-03 10:02:26 | DEBUG |        0.000  0.000000e+00  1.000000e+00  0.000000e+00  0.000000e+00 |   0 0 0.000000e+00 
2020-03-03 10:02:26 | DEBUG | call of SolverReInit ie a new symbolic and numerical factorization will be performed
2020-03-03 10:02:26 | DEBUG |        0.000  0.000000e+00  1.000000e+00  0.000000e+00  0.000000e+00 |   1 1 1.000000e-06 
2020-03-03 10:02:26 | DEBUG |        0.000  0.000000e+00  1.000000e+00  0.000000e+00  0.000000e+00 |   2 1 1.000000e-06 
2020-03-03 10:02:26 | DEBUG |        0.000  0.000000e+00  1.000000e+00  0.000000e+00  0.000000e+00 |   3 2 2.000000e-06 
2020-03-03 10:02:26 | DEBUG | call of SolverReInit ie a new symbolic and numerical factorization will be performed
2020-03-03 10:02:26 | DEBUG |        0.000  0.000000e+00  1.000000e+00  0.000000e+00  0.000000e+00 |   4 1 4.000000e-06 
2020-03-03 10:02:26 | DEBUG | call of SolverReInit ie a new symbolic and numerical factorization will be performed
2020-03-03 10:02:26 | DEBUG |        0.000  0.000000e+00  1.000000e+00  0.000000e+00  0.000000e+00 |   5 1 8.000000e-06 
2020-03-03 10:02:26 | DEBUG | call of SolverReInit ie a new symbolic and numerical factorization will be performed
2020-03-03 10:02:26 | DEBUG |        0.000  0.000000e+00  1.000000e+00  0.000000e+00  0.000000e+00 |   6 1 1.600000e-05 
2020-03-03 10:02:26 | DEBUG | call of SolverReInit ie a new symbolic and numerical factorization will be performed
2020-03-03 10:02:26 | DEBUG |        0.000  0.000000e+00  1.000000e+00  0.000000e+00  0.000000e+00 |   7 1 3.200000e-05 
2020-03-03 10:02:26 | DEBUG | call of SolverReInit ie a new symbolic and numerical factorization will be performed
2020-03-03 10:02:26 | DEBUG |        0.000  0.000000e+00  1.000000e+00  0.000000e+00  0.000000e+00 |   8 1 6.400000e-05 
2020-03-03 10:02:26 | DEBUG | call of SolverReInit ie a new symbolic and numerical factorization will be performed
2020-03-03 10:02:26 | DEBUG |        0.000  0.000000e+00  1.000000e+00  0.000000e+00  0.000000e+00 |   9 1 1.280000e-04 
2020-03-03 10:02:26 | DEBUG | call of SolverReInit ie a new symbolic and numerical factorization will be performed
2020-03-03 10:02:26 | DEBUG |        0.001  0.000000e+00  1.000000e+00  0.000000e+00  0.000000e+00 |  10 1 2.560000e-04 
2020-03-03 10:02:26 | DEBUG | call of SolverReInit ie a new symbolic and numerical factorization will be performed
2020-03-03 10:02:26 | DEBUG |        0.001  0.000000e+00  1.000000e+00  0.000000e+00  0.000000e+00 |  11 1 5.120000e-04 
2020-03-03 10:02:26 | DEBUG | call of SolverReInit ie a new symbolic and numerical factorization will be performed
2020-03-03 10:02:26 | DEBUG |        0.002  0.000000e+00  1.000000e+00  0.000000e+00  0.000000e+00 |  12 1 1.024000e-03 
2020-03-03 10:02:26 | DEBUG | call of SolverReInit ie a new symbolic and numerical factorization will be performed
2020-03-03 10:02:26 | DEBUG |        0.004  0.000000e+00  1.000000e+00  0.000000e+00  0.000000e+00 |  13 1 2.048000e-03 
2020-03-03 10:02:26 | DEBUG | call of SolverReInit ie a new symbolic and numerical factorization will be performed
2020-03-03 10:02:26 | DEBUG |        0.008  0.000000e+00  1.000000e+00  0.000000e+00  0.000000e+00 |  14 1 4.096000e-03 
2020-03-03 10:02:26 | DEBUG | call of SolverReInit ie a new symbolic and numerical factorization will be performed
2020-03-03 10:02:26 | DEBUG |        0.016  0.000000e+00  1.000000e+00  0.000000e+00  0.000000e+00 |  15 1 8.192000e-03 
2020-03-03 10:02:26 | DEBUG | call of SolverReInit ie a new symbolic and numerical factorization will be performed
2020-03-03 10:02:26 | DEBUG |        0.033  0.000000e+00  1.000000e+00  0.000000e+00  0.000000e+00 |  16 1 1.638400e-02 
2020-03-03 10:02:26 | DEBUG | call of SolverReInit ie a new symbolic and numerical factorization will be performed
2020-03-03 10:02:26 | DEBUG |        0.066  0.000000e+00  1.000000e+00  0.000000e+00  0.000000e+00 |  17 1 3.276800e-02 
2020-03-03 10:02:26 | DEBUG | call of SolverReInit ie a new symbolic and numerical factorization will be performed
2020-03-03 10:02:26 | DEBUG |        0.131  0.000000e+00  1.000000e+00  0.000000e+00  0.000000e+00 |  18 1 6.553600e-02 
2020-03-03 10:02:26 | DEBUG | call of SolverReInit ie a new symbolic and numerical factorization will be performed
2020-03-03 10:02:26 | DEBUG |        0.262  0.000000e+00  1.000000e+00  0.000000e+00  0.000000e+00 |  19 1 1.310720e-01 
2020-03-03 10:02:26 | DEBUG | call of SolverReInit ie a new symbolic and numerical factorization will be performed
2020-03-03 10:02:26 | DEBUG |        0.524  0.000000e+00  1.000000e+00  0.000000e+00  0.000000e+00 |  20 1 2.621440e-01 
2020-03-03 10:02:26 | DEBUG | call of SolverReInit ie a new symbolic and numerical factorization will be performed
2020-03-03 10:02:26 | DEBUG | Algebraic mode change for model Load
2020-03-03 10:02:26 | DEBUG |        1.000  0.000000e+00  1.000000e+00  0.000000e+00  0.000000e+00 |  21 1 5.242880e-01 
2020-03-03 10:02:26 | DEBUG | calculation of the new starting point of the simulation.
2020-03-03 10:02:26 | DEBUG | call of SolverReInit ie a new symbolic and numerical factorization will be performed
2020-03-03 10:02:26 | DEBUG | call of SolverReInit ie a new symbolic and numerical factorization will be performed
2020-03-03 10:02:26 | DEBUG | Algebraic mode change for model SVarC
2020-03-03 10:02:26 | DEBUG | call of SolverReInit ie a new symbolic and numerical factorization will be performed
2020-03-03 10:02:26 | DEBUG |        1.000  0.000000e+00  9.588967e-01  0.000000e+00  1.500000e+00 |   0 0 0.000000e+00 
2020-03-03 10:02:26 | DEBUG | call of SolverReInit ie a new symbolic and numerical factorization will be performed
2020-03-03 10:02:26 | DEBUG |        1.000  0.000000e+00  9.588970e-01  0.000000e+00  1.500000e+00 |   1 1 1.000000e-06 
2020-03-03 10:02:26 | DEBUG |        1.000  0.000000e+00  9.588973e-01  0.000000e+00  1.500000e+00 |   2 1 1.000000e-06 
2020-03-03 10:02:26 | DEBUG |        1.000  0.000000e+00  9.588980e-01  0.000000e+00  1.500000e+00 |   3 2 2.000000e-06 
2020-03-03 10:02:26 | DEBUG | call of SolverReInit ie a new symbolic and numerical factorization will be performed
2020-03-03 10:02:26 | DEBUG |        1.000  0.000000e+00  9.588993e-01  0.000000e+00  1.500000e+00 |   4 2 4.000000e-06 
2020-03-03 10:02:26 | DEBUG | call of SolverReInit ie a new symbolic and numerical factorization will be performed
2020-03-03 10:02:26 | DEBUG |        1.000  0.000000e+00  9.589020e-01  0.000000e+00  1.500000e+00 |   5 2 8.000000e-06 
2020-03-03 10:02:26 | DEBUG | call of SolverReInit ie a new symbolic and numerical factorization will be performed
2020-03-03 10:02:26 | DEBUG |        1.000  0.000000e+00  9.589073e-01  0.000000e+00  1.500000e+00 |   6 2 1.600000e-05 
2020-03-03 10:02:26 | DEBUG | call of SolverReInit ie a new symbolic and numerical factorization will be performed
2020-03-03 10:02:26 | DEBUG |        1.000  0.000000e+00  9.589179e-01  0.000000e+00  1.500000e+00 |   7 2 3.200000e-05 
2020-03-03 10:02:26 | DEBUG | call of SolverReInit ie a new symbolic and numerical factorization will be performed
2020-03-03 10:02:26 | DEBUG |        1.000  0.000000e+00  9.589391e-01  0.000000e+00  1.500000e+00 |   8 2 6.400000e-05 
2020-03-03 10:02:26 | DEBUG | call of SolverReInit ie a new symbolic and numerical factorization will be performed
2020-03-03 10:02:26 | DEBUG |        1.000  0.000000e+00  9.589813e-01  0.000000e+00  1.500000e+00 |   9 2 1.280000e-04 
2020-03-03 10:02:26 | DEBUG | call of SolverReInit ie a new symbolic and numerical factorization will be performed
2020-03-03 10:02:26 | DEBUG |        1.001  0.000000e+00  9.590656e-01  0.000000e+00  1.500000e+00 |  10 2 2.560000e-04 
2020-03-03 10:02:26 | DEBUG | call of SolverReInit ie a new symbolic and numerical factorization will be performed
2020-03-03 10:02:26 | DEBUG |        1.001  0.000000e+00  9.592327e-01  0.000000e+00  1.500000e+00 |  11 2 5.120000e-04 
2020-03-03 10:02:26 | DEBUG | call of SolverReInit ie a new symbolic and numerical factorization will be performed
2020-03-03 10:02:26 | DEBUG |        1.002  0.000000e+00  9.595621e-01  0.000000e+00  1.500000e+00 |  12 2 1.024000e-03 
2020-03-03 10:02:26 | DEBUG | call of SolverReInit ie a new symbolic and numerical factorization will be performed
2020-03-03 10:02:26 | DEBUG |        1.004  0.000000e+00  9.602015e-01  0.000000e+00  1.500000e+00 |  13 2 2.048000e-03 
2020-03-03 10:02:26 | DEBUG | call of SolverReInit ie a new symbolic and numerical factorization will be performed
2020-03-03 10:02:26 | DEBUG |        1.008  0.000000e+00  9.614064e-01  0.000000e+00  1.500000e+00 |  14 2 4.096000e-03 
2020-03-03 10:02:26 | DEBUG |        1.012  0.000000e+00  9.625179e-01  0.000000e+00  1.500000e+00 |  15 2 4.096000e-03 
2020-03-03 10:02:26 | DEBUG | call of SolverReInit ie a new symbolic and numerical factorization will be performed
2020-03-03 10:02:26 | DEBUG |        1.020  0.000000e+00  9.644945e-01  0.000000e+00  1.500000e+00 |  16 2 8.192000e-03 
2020-03-03 10:02:26 | DEBUG |        1.028  0.000000e+00  9.660158e-01  0.000000e+00  1.500000e+00 |  17 2 7.372800e-03 
2020-03-03 10:02:26 | DEBUG |        1.035  0.000000e+00  9.673273e-01  0.000000e+00  1.500000e+00 |  18 2 7.372800e-03 
2020-03-03 10:02:26 | DEBUG |        1.043  0.000000e+00  9.684558e-01  0.000000e+00  1.500000e+00 |  19 2 7.372800e-03 
2020-03-03 10:02:26 | DEBUG |        1.046  0.000000e+00  9.688887e-01  0.000000e+00  1.500000e+00 |  20 2 7.372800e-03 
2020-03-03 10:02:26 | DEBUG |        1.046  0.000000e+00  9.688891e-01  0.000000e+00  1.500000e+00 |  20 2 7.372800e-03 
2020-03-03 10:02:26 | DEBUG |        1.050  0.000000e+00  9.694260e-01  0.000000e+00  1.500000e+00 |  20 2 7.372800e-03 
2020-03-03 10:02:26 | DEBUG |        1.057  0.000000e+00  9.702594e-01  0.000000e+00  1.500000e+00 |  21 2 7.372800e-03 
2020-03-03 10:02:26 | DEBUG |        1.065  0.000000e+00  9.709749e-01  0.000000e+00  1.500000e+00 |  22 2 7.372800e-03 
2020-03-03 10:02:26 | DEBUG |        1.072  0.000000e+00  9.715889e-01  0.000000e+00  1.500000e+00 |  23 2 7.372800e-03 
2020-03-03 10:02:26 | DEBUG |        1.079  0.000000e+00  9.721156e-01  0.000000e+00  1.500000e+00 |  24 2 7.372800e-03 
2020-03-03 10:02:26 | DEBUG |        1.087  0.000000e+00  9.725672e-01  0.000000e+00  1.500000e+00 |  25 2 7.372800e-03 
2020-03-03 10:02:26 | DEBUG |        1.094  0.000000e+00  9.729544e-01  0.000000e+00  1.500000e+00 |  26 2 7.372800e-03 
2020-03-03 10:02:26 | DEBUG |        1.102  0.000000e+00  9.732863e-01  0.000000e+00  1.500000e+00 |  27 2 7.372800e-03 
2020-03-03 10:02:26 | DEBUG |        1.109  0.000000e+00  9.735707e-01  0.000000e+00  1.500000e+00 |  28 2 7.372800e-03 
2020-03-03 10:02:26 | DEBUG | call of SolverReInit ie a new symbolic and numerical factorization will be performed
2020-03-03 10:02:26 | DEBUG |        1.124  0.000000e+00  9.740296e-01  0.000000e+00  1.500000e+00 |  29 2 1.474560e-02 
2020-03-03 10:02:26 | DEBUG |        1.138  0.000000e+00  9.743668e-01  0.000000e+00  1.500000e+00 |  30 2 1.474560e-02 
2020-03-03 10:02:26 | DEBUG |        1.153  0.000000e+00  9.746131e-01  0.000000e+00  1.500000e+00 |  31 2 1.474560e-02 
2020-03-03 10:02:26 | DEBUG |        1.168  0.000000e+00  9.747925e-01  0.000000e+00  1.500000e+00 |  32 2 1.474560e-02 
2020-03-03 10:02:26 | DEBUG |        1.183  0.000000e+00  9.749228e-01  0.000000e+00  1.500000e+00 |  33 2 1.474560e-02 
2020-03-03 10:02:26 | DEBUG |        1.197  0.000000e+00  9.750174e-01  0.000000e+00  1.500000e+00 |  34 2 1.474560e-02 
2020-03-03 10:02:26 | DEBUG |        1.212  0.000000e+00  9.750860e-01  0.000000e+00  1.500000e+00 |  35 2 1.474560e-02 
2020-03-03 10:02:26 | DEBUG |        1.227  0.000000e+00  9.751357e-01  0.000000e+00  1.500000e+00 |  36 2 1.474560e-02 
2020-03-03 10:02:26 | DEBUG | call of SolverReInit ie a new symbolic and numerical factorization will be performed
2020-03-03 10:02:26 | DEBUG |        1.256  0.000000e+00  9.752018e-01  0.000000e+00  1.500000e+00 |  37 2 2.949120e-02 
2020-03-03 10:02:26 | DEBUG |        1.286  0.000000e+00  9.752364e-01  0.000000e+00  1.500000e+00 |  38 2 2.949120e-02 
2020-03-03 10:02:26 | DEBUG |        1.315  0.000000e+00  9.752534e-01  0.000000e+00  1.500000e+00 |  39 2 2.949120e-02 
2020-03-03 10:02:26 | DEBUG |        1.345  0.000000e+00  9.752613e-01  0.000000e+00  1.500000e+00 |  40 2 2.949120e-02 
2020-03-03 10:02:26 | DEBUG | call of SolverReInit ie a new symbolic and numerical factorization will be performed
2020-03-03 10:02:26 | DEBUG |        1.404  0.000000e+00  9.752684e-01  0.000000e+00  1.500000e+00 |  41 2 5.898240e-02 
2020-03-03 10:02:26 | DEBUG | call of SolverReInit ie a new symbolic and numerical factorization will be performed
2020-03-03 10:02:26 | DEBUG |        1.522  0.000000e+00  9.752673e-01  0.000000e+00  1.500000e+00 |  42 1 1.179648e-01 
2020-03-03 10:02:26 | DEBUG |        1.640  0.000000e+00  9.752669e-01  0.000000e+00  1.500000e+00 |  43 1 1.179648e-01 
2020-03-03 10:02:26 | DEBUG | call of SolverReInit ie a new symbolic and numerical factorization will be performed
2020-03-03 10:02:26 | DEBUG |        1.876  0.000000e+00  9.752668e-01  0.000000e+00  1.500000e+00 |  44 1 2.359296e-01 
2020-03-03 10:02:26 | DEBUG | call of SolverReInit ie a new symbolic and numerical factorization will be performed
2020-03-03 10:02:26 | DEBUG |        2.348  0.000000e+00  9.752668e-01  0.000000e+00  1.500000e+00 |  45 1 4.718592e-01 
2020-03-03 10:02:26 | DEBUG |        3.000  0.000000e+00  9.752668e-01  0.000000e+00  1.500000e+00 |  46 1 6.524162e-01 
2020-03-03 10:02:26 | DEBUG | 
2020-03-03 10:02:26 | DEBUG | execution Stats :
2020-03-03 10:02:26 | DEBUG | 
2020-03-03 10:02:26 | DEBUG | number of iterations                     = 67
2020-03-03 10:02:26 | DEBUG | number of Residual evaluations           = 78
2020-03-03 10:02:26 | DEBUG | number of Jacobian evaluations           = 38
2020-03-03 10:02:26 | DEBUG | number of Nonlinear iterations           = 78
2020-03-03 10:02:26 | DEBUG | number of error test failures            = 0
2020-03-03 10:02:26 | DEBUG | number of Nonlinear convergence failures = 0
2020-03-03 10:02:26 | DEBUG | number of root functions evaluations     = 219
2020-03-03 10:02:26 | DEBUG | end of job 'SVarC - Load variation'
