2020-07-29 22:57:34 | INFO |  ============================================================ 
2020-07-29 22:57:34 | INFO | DYNAWO VERSION  :     1.2.0
2020-07-29 22:57:34 | INFO | DYNAWO REVISION :  1023_Examples-f253ccb8
2020-07-29 22:57:34 | INFO |  ============================================================ 
2020-07-29 22:57:34 | INFO | 
2020-07-29 22:57:34 | INFO | -----------------------------------------------------------------------
2020-07-29 22:57:34 | INFO | building model from input files
2020-07-29 22:57:34 | INFO | -----------------------------------------------------------------------
2020-07-29 22:57:34 | INFO | model was built successfully
2020-07-29 22:57:34 | INFO | -----------------------------------------------------------------------
2020-07-29 22:57:34 | INFO | 
2020-07-29 22:57:34 | INFO | -----------------------------------------------------------------------
2020-07-29 22:57:34 | INFO | starting local initialization
2020-07-29 22:57:34 | INFO | -----------------------------------------------------------------------
2020-07-29 22:57:34 | INFO | end of local initialization
2020-07-29 22:57:34 | INFO | -----------------------------------------------------------------------
2020-07-29 22:57:34 | INFO | 
2020-07-29 22:57:34 | INFO | -----------------------------------------------------------------------
2020-07-29 22:57:34 | INFO | starting global initialization
2020-07-29 22:57:34 | INFO | -----------------------------------------------------------------------
2020-07-29 22:57:34 | INFO | _BUS____2-BUS____3-1_AC deactivate current Limits
2020-07-29 22:57:34 | INFO | _BUS____2-BUS____4-1_AC deactivate current Limits
2020-07-29 22:57:34 | INFO | _BUS____2-BUS____5-1_AC deactivate current Limits
2020-07-29 22:57:34 | INFO | end of global initialization
2020-07-29 22:57:34 | INFO | -----------------------------------------------------------------------
2020-07-29 22:57:34 | INFO | 
2020-07-29 22:57:34 | INFO | -----------------------------------------------------------------------
2020-07-29 22:57:34 | INFO | starting curve initialization
2020-07-29 22:57:34 | INFO | -----------------------------------------------------------------------
2020-07-29 22:57:34 | INFO | end of curve initialization, added 27 curves
2020-07-29 22:57:34 | INFO | -----------------------------------------------------------------------
2020-07-29 22:57:34 | INFO | 
2020-07-29 22:57:34 | INFO | -----------------------------------------------------------------------
2020-07-29 22:57:34 | INFO | starting simulation with solver SimplifiedSolver
2020-07-29 22:57:34 | INFO | -----------------------------------------------------------------------
2020-07-29 22:57:34 | INFO | -----------------------------------------------------------------------
2020-07-29 22:57:34 | INFO | number of continuous variables : 446
2020-07-29 22:57:34 | INFO | number of discrete variables : 529
2020-07-29 22:57:34 | INFO | -----------------------------------------------------------------------
2020-07-29 22:57:34 | INFO |         time | iter num   Nonlinear iter   jac eval      time step (h)
2020-07-29 22:57:34 | INFO | -----------------------------------------------------------------------
2020-07-29 22:57:34 | INFO |        0.000 |        0                0          0              1.000 
2020-07-29 22:57:34 | INFO |        1.000 |        1                1          1              1.000 
2020-07-29 22:57:34 | INFO |        2.000 |        2                2          1              1.000 
2020-07-29 22:57:34 | INFO |        3.000 |        3                3          1              1.000 
2020-07-29 22:57:34 | INFO | initial guess of the algebraic solver is accurate, following solver iterations will be skipped until the next mode change
2020-07-29 22:57:34 | INFO |        4.000 |        4                3          1              1.000 
2020-07-29 22:57:34 | INFO |        5.000 |        5                3          1              1.000 
2020-07-29 22:57:34 | INFO |        6.000 |        6                3          1              1.000 
2020-07-29 22:57:34 | INFO |        7.000 |        7                3          1              1.000 
2020-07-29 22:57:34 | INFO |        8.000 |        8                3          1              1.000 
2020-07-29 22:57:34 | INFO |        9.000 |        9                3          1              1.000 
2020-07-29 22:57:34 | INFO |       10.000 |       10                3          1              1.000 
2020-07-29 22:57:34 | INFO |       11.000 |       11                3          1              1.000 
2020-07-29 22:57:34 | INFO |       12.000 |       12                3          1              1.000 
2020-07-29 22:57:34 | INFO |       13.000 |       13                3          1              1.000 
2020-07-29 22:57:34 | INFO |       14.000 |       14                3          1              1.000 
2020-07-29 22:57:34 | INFO |       15.000 |       15                3          1              1.000 
2020-07-29 22:57:34 | INFO |       16.000 |       16                3          1              1.000 
2020-07-29 22:57:34 | INFO |       17.000 |       17                3          1              1.000 
2020-07-29 22:57:34 | INFO |       18.000 |       18                3          1              1.000 
2020-07-29 22:57:34 | INFO |       19.000 |       19                3          1              1.000 
2020-07-29 22:57:34 | INFO |       20.000 |       20                3          1              1.000 
2020-07-29 22:57:34 | INFO |       21.000 |       21                3          1              1.000 
2020-07-29 22:57:34 | INFO |       22.000 |       22                3          1              1.000 
2020-07-29 22:57:34 | INFO |       23.000 |       23                3          1              1.000 
2020-07-29 22:57:34 | INFO |       24.000 |       24                3          1              1.000 
2020-07-29 22:57:34 | INFO |       25.000 |       25                3          1              1.000 
2020-07-29 22:57:34 | INFO |       26.000 |       26                3          1              1.000 
2020-07-29 22:57:34 | INFO |       27.000 |       27                3          1              1.000 
2020-07-29 22:57:34 | INFO |       28.000 |       28                3          1              1.000 
2020-07-29 22:57:34 | INFO |       29.000 |       29                3          1              1.000 
2020-07-29 22:57:34 | INFO |       30.000 |       30                3          1              1.000 
2020-07-29 22:57:34 | INFO |       31.000 |       31                3          1              1.000 
2020-07-29 22:57:34 | INFO |       32.000 |       32                3          1              1.000 
2020-07-29 22:57:34 | INFO |       33.000 |       33                3          1              1.000 
2020-07-29 22:57:34 | INFO |       34.000 |       34                3          1              1.000 
2020-07-29 22:57:34 | INFO |       35.000 |       35                3          1              1.000 
2020-07-29 22:57:34 | INFO |       36.000 |       36                3          1              1.000 
2020-07-29 22:57:34 | INFO |       37.000 |       37                3          1              1.000 
2020-07-29 22:57:34 | INFO |       38.000 |       38                3          1              1.000 
2020-07-29 22:57:34 | INFO |       39.000 |       39                3          1              1.000 
2020-07-29 22:57:34 | INFO |       40.000 |       40                3          1              1.000 
2020-07-29 22:57:34 | INFO |       41.000 |       41                3          1              1.000 
2020-07-29 22:57:34 | INFO |       42.000 |       42                3          1              1.000 
2020-07-29 22:57:34 | INFO |       43.000 |       43                3          1              1.000 
2020-07-29 22:57:34 | INFO |       44.000 |       44                3          1              1.000 
2020-07-29 22:57:34 | INFO |       45.000 |       45                3          1              1.000 
2020-07-29 22:57:34 | INFO |       46.000 |       46                3          1              1.000 
2020-07-29 22:57:34 | INFO |       47.000 |       47                3          1              1.000 
2020-07-29 22:57:34 | INFO |       48.000 |       48                3          1              1.000 
2020-07-29 22:57:34 | INFO |       49.000 |       49                3          1              1.000 
2020-07-29 22:57:34 | INFO | state of Line _BUS____1-BUS____5-1_AC change from 2 to 1
2020-07-29 22:57:34 | INFO | Algebraic mode (with J recalculation) change for model NETWORK
2020-07-29 22:57:34 | INFO |       50.000 |       50                3          1              1.000 
2020-07-29 22:57:34 | INFO | calculation of the new starting point of the simulation.
2020-07-29 22:57:34 | INFO |       50.000 |       50                5          3              1.000 
2020-07-29 22:57:34 | INFO | Algebraic mode change for model GEN____3_SM
2020-07-29 22:57:34 | INFO |       51.000 |       51                9          4              1.000 
2020-07-29 22:57:34 | INFO | calculation of the new starting point of the simulation.
2020-07-29 22:57:34 | INFO |       51.000 |       51               10          4              1.000 
2020-07-29 22:57:34 | INFO |       52.000 |       52               12          5              1.000 
2020-07-29 22:57:34 | INFO |       53.000 |       53               14          5              1.000 
2020-07-29 22:57:34 | INFO |       54.000 |       54               16          5              1.000 
2020-07-29 22:57:34 | INFO |       55.000 |       55               18          5              1.000 
2020-07-29 22:57:34 | INFO |       56.000 |       56               20          5              1.000 
2020-07-29 22:57:34 | INFO |       57.000 |       57               22          5              1.000 
2020-07-29 22:57:34 | INFO |       58.000 |       58               24          5              1.000 
2020-07-29 22:57:34 | INFO |       59.000 |       59               26          5              1.000 
2020-07-29 22:57:34 | INFO |       60.000 |       60               28          5              1.000 
2020-07-29 22:57:34 | INFO |       61.000 |       61               30          5              1.000 
2020-07-29 22:57:34 | INFO |       62.000 |       62               32          5              1.000 
2020-07-29 22:57:34 | INFO |       63.000 |       63               34          5              1.000 
2020-07-29 22:57:34 | INFO |       64.000 |       64               36          5              1.000 
2020-07-29 22:57:34 | INFO | initial guess of the algebraic solver is accurate, following solver iterations will be skipped until the next mode change
2020-07-29 22:57:34 | INFO |       65.000 |       65               36          5              1.000 
2020-07-29 22:57:34 | INFO |       66.000 |       66               36          5              1.000 
2020-07-29 22:57:34 | INFO |       67.000 |       67               36          5              1.000 
2020-07-29 22:57:34 | INFO |       68.000 |       68               36          5              1.000 
2020-07-29 22:57:34 | INFO |       69.000 |       69               36          5              1.000 
2020-07-29 22:57:34 | INFO |       70.000 |       70               36          5              1.000 
2020-07-29 22:57:34 | INFO |       71.000 |       71               36          5              1.000 
2020-07-29 22:57:34 | INFO |       72.000 |       72               36          5              1.000 
2020-07-29 22:57:34 | INFO |       73.000 |       73               36          5              1.000 
2020-07-29 22:57:34 | INFO |       74.000 |       74               36          5              1.000 
2020-07-29 22:57:34 | INFO |       75.000 |       75               36          5              1.000 
2020-07-29 22:57:34 | INFO |       76.000 |       76               36          5              1.000 
2020-07-29 22:57:34 | INFO |       77.000 |       77               36          5              1.000 
2020-07-29 22:57:34 | INFO |       78.000 |       78               36          5              1.000 
2020-07-29 22:57:34 | INFO |       79.000 |       79               36          5              1.000 
2020-07-29 22:57:34 | INFO | Algebraic mode change for model _LOAD___5_EC
2020-07-29 22:57:34 | INFO |       80.000 |       80               36          5              1.000 
2020-07-29 22:57:34 | INFO | calculation of the new starting point of the simulation.
2020-07-29 22:57:34 | INFO |       80.000 |       80               38          5              1.000 
2020-07-29 22:57:34 | INFO |       81.000 |       81               40          5              1.000 
2020-07-29 22:57:34 | INFO |       82.000 |       82               42          5              1.000 
2020-07-29 22:57:34 | INFO |       83.000 |       83               44          5              1.000 
2020-07-29 22:57:34 | INFO |       84.000 |       84               46          5              1.000 
2020-07-29 22:57:34 | INFO | initial guess of the algebraic solver is accurate, following solver iterations will be skipped until the next mode change
2020-07-29 22:57:34 | INFO |       85.000 |       85               46          5              1.000 
2020-07-29 22:57:34 | INFO |       86.000 |       86               46          5              1.000 
2020-07-29 22:57:34 | INFO |       87.000 |       87               46          5              1.000 
2020-07-29 22:57:34 | INFO |       88.000 |       88               46          5              1.000 
2020-07-29 22:57:34 | INFO |       89.000 |       89               46          5              1.000 
2020-07-29 22:57:34 | INFO |       90.000 |       90               46          5              1.000 
2020-07-29 22:57:34 | INFO |       91.000 |       91               46          5              1.000 
2020-07-29 22:57:34 | INFO |       92.000 |       92               46          5              1.000 
2020-07-29 22:57:34 | INFO |       93.000 |       93               46          5              1.000 
2020-07-29 22:57:34 | INFO |       94.000 |       94               46          5              1.000 
2020-07-29 22:57:34 | INFO |       95.000 |       95               46          5              1.000 
2020-07-29 22:57:34 | INFO |       96.000 |       96               46          5              1.000 
2020-07-29 22:57:34 | INFO |       97.000 |       97               46          5              1.000 
2020-07-29 22:57:34 | INFO |       98.000 |       98               46          5              1.000 
2020-07-29 22:57:34 | INFO |       99.000 |       99               46          5              1.000 
2020-07-29 22:57:34 | INFO |      100.000 |      100               46          5              1.000 
2020-07-29 22:57:34 | INFO |      101.000 |      101               46          5              1.000 
2020-07-29 22:57:34 | INFO |      102.000 |      102               46          5              1.000 
2020-07-29 22:57:34 | INFO |      103.000 |      103               46          5              1.000 
2020-07-29 22:57:34 | INFO |      104.000 |      104               46          5              1.000 
2020-07-29 22:57:34 | INFO |      105.000 |      105               46          5              1.000 
2020-07-29 22:57:34 | INFO |      106.000 |      106               46          5              1.000 
2020-07-29 22:57:34 | INFO |      107.000 |      107               46          5              1.000 
2020-07-29 22:57:34 | INFO |      108.000 |      108               46          5              1.000 
2020-07-29 22:57:34 | INFO |      109.000 |      109               46          5              1.000 
2020-07-29 22:57:34 | INFO | Algebraic mode change for model _LOAD___9_EC
2020-07-29 22:57:34 | INFO |      110.000 |      110               46          5              1.000 
2020-07-29 22:57:34 | INFO | calculation of the new starting point of the simulation.
2020-07-29 22:57:34 | INFO |      110.000 |      110               48          5              1.000 
2020-07-29 22:57:34 | INFO | state of Line _BUS____2-BUS____3-1_AC change from 2 to 1
2020-07-29 22:57:34 | INFO | Algebraic mode (with J recalculation) change for model NETWORK
2020-07-29 22:57:34 | INFO | Algebraic mode change for model _LOAD___4_EC
2020-07-29 22:57:34 | INFO |      111.000 |      111               50          5              1.000 
2020-07-29 22:57:34 | INFO | calculation of the new starting point of the simulation.
2020-07-29 22:57:34 | INFO |      111.000 |      111               52          7              1.000 
2020-07-29 22:57:34 | INFO |      112.000 |      112               58          9              1.000 
2020-07-29 22:57:34 | INFO |      113.000 |      113               61          9              1.000 
2020-07-29 22:57:34 | INFO |      114.000 |      114               64          9              1.000 
2020-07-29 22:57:34 | INFO |      115.000 |      115               66          9              1.000 
2020-07-29 22:57:34 | INFO |      116.000 |      116               68          9              1.000 
2020-07-29 22:57:34 | INFO |      117.000 |      117               70          9              1.000 
2020-07-29 22:57:34 | INFO |      118.000 |      118               72          9              1.000 
2020-07-29 22:57:34 | INFO |      119.000 |      119               74          9              1.000 
2020-07-29 22:57:34 | INFO |      120.000 |      120               76          9              1.000 
2020-07-29 22:57:34 | INFO |      121.000 |      121               78          9              1.000 
2020-07-29 22:57:34 | INFO |      122.000 |      122               80          9              1.000 
2020-07-29 22:57:34 | INFO |      123.000 |      123               82          9              1.000 
2020-07-29 22:57:34 | INFO |      124.000 |      124               84          9              1.000 
2020-07-29 22:57:34 | INFO |      125.000 |      125               86          9              1.000 
2020-07-29 22:57:34 | INFO |      126.000 |      126               88          9              1.000 
2020-07-29 22:57:34 | INFO |      127.000 |      127               90          9              1.000 
2020-07-29 22:57:34 | INFO |      128.000 |      128               92          9              1.000 
2020-07-29 22:57:34 | INFO |      129.000 |      129               94          9              1.000 
2020-07-29 22:57:34 | INFO |      130.000 |      130               96          9              1.000 
2020-07-29 22:57:34 | INFO |      131.000 |      131               98          9              1.000 
2020-07-29 22:57:34 | INFO |      132.000 |      132              100          9              1.000 
2020-07-29 22:57:34 | INFO |      133.000 |      133              102          9              1.000 
2020-07-29 22:57:34 | INFO |      134.000 |      134              104          9              1.000 
2020-07-29 22:57:34 | INFO |      135.000 |      135              106          9              1.000 
2020-07-29 22:57:34 | INFO |      136.000 |      136              108          9              1.000 
2020-07-29 22:57:34 | INFO | initial guess of the algebraic solver is accurate, following solver iterations will be skipped until the next mode change
2020-07-29 22:57:34 | INFO |      137.000 |      137              108          9              1.000 
2020-07-29 22:57:34 | INFO |      138.000 |      138              108          9              1.000 
2020-07-29 22:57:34 | INFO |      139.000 |      139              108          9              1.000 
2020-07-29 22:57:34 | INFO |      140.000 |      140              108          9              1.000 
2020-07-29 22:57:34 | INFO |      141.000 |      141              108          9              1.000 
2020-07-29 22:57:34 | INFO | Algebraic mode change for model _LOAD___3_EC
2020-07-29 22:57:34 | INFO | Algebraic mode change for model _LOAD___4_EC
2020-07-29 22:57:34 | INFO | Algebraic mode change for model _LOAD___5_EC
2020-07-29 22:57:34 | INFO |      142.000 |      142              108          9              1.000 
2020-07-29 22:57:34 | INFO | calculation of the new starting point of the simulation.
2020-07-29 22:57:34 | INFO |      142.000 |      142              111          9              1.000 
2020-07-29 22:57:34 | INFO |      143.000 |      143              114         10              1.000 
2020-07-29 22:57:34 | INFO |      144.000 |      144              115         10              1.000 
2020-07-29 22:57:34 | INFO |      145.000 |      145              116         10              1.000 
2020-07-29 22:57:34 | INFO |      146.000 |      146              117         10              1.000 
2020-07-29 22:57:34 | INFO |      147.000 |      147              118         10              1.000 
2020-07-29 22:57:34 | INFO |      148.000 |      148              119         10              1.000 
2020-07-29 22:57:34 | INFO |      149.000 |      149              120         10              1.000 
2020-07-29 22:57:34 | INFO |      150.000 |      150              121         10              1.000 
2020-07-29 22:57:34 | INFO |      151.000 |      151              122         10              1.000 
2020-07-29 22:57:34 | INFO | Algebraic mode change for model _LOAD___3_EC
2020-07-29 22:57:34 | INFO | Algebraic mode change for model _LOAD___4_EC
2020-07-29 22:57:34 | INFO |      152.000 |      152              123         10              1.000 
2020-07-29 22:57:34 | INFO | calculation of the new starting point of the simulation.
2020-07-29 22:57:34 | INFO |      152.000 |      152              126         10              1.000 
2020-07-29 22:57:34 | INFO |      153.000 |      153              127         10              1.000 
2020-07-29 22:57:34 | INFO |      154.000 |      154              128         10              1.000 
2020-07-29 22:57:34 | INFO |      155.000 |      155              130         10              1.000 
2020-07-29 22:57:34 | INFO |      156.000 |      156              132         10              1.000 
2020-07-29 22:57:34 | INFO |      157.000 |      157              133         10              1.000 
2020-07-29 22:57:34 | INFO |      158.000 |      158              134         10              1.000 
2020-07-29 22:57:34 | INFO |      159.000 |      159              135         10              1.000 
2020-07-29 22:57:34 | INFO |      160.000 |      160              136         10              1.000 
2020-07-29 22:57:34 | INFO |      161.000 |      161              137         10              1.000 
2020-07-29 22:57:34 | INFO | Algebraic mode change for model _LOAD___3_EC
2020-07-29 22:57:34 | INFO |      162.000 |      162              138         10              1.000 
2020-07-29 22:57:34 | INFO | calculation of the new starting point of the simulation.
2020-07-29 22:57:34 | INFO |      162.000 |      162              141         10              1.000 
2020-07-29 22:57:34 | INFO |      163.000 |      163              143         10              1.000 
2020-07-29 22:57:34 | INFO |      164.000 |      164              144         10              1.000 
2020-07-29 22:57:34 | INFO |      165.000 |      165              146         10              1.000 
2020-07-29 22:57:34 | INFO |      166.000 |      166              148         10              1.000 
2020-07-29 22:57:34 | INFO |      167.000 |      167              149         10              1.000 
2020-07-29 22:57:34 | INFO |      168.000 |      168              150         10              1.000 
2020-07-29 22:57:34 | INFO |      169.000 |      169              151         10              1.000 
2020-07-29 22:57:34 | INFO |      170.000 |      170              152         10              1.000 
2020-07-29 22:57:34 | INFO |      171.000 |      171              153         10              1.000 
2020-07-29 22:57:34 | INFO | state of Line _BUS____2-BUS____4-1_AC change from 2 to 1
2020-07-29 22:57:34 | INFO | state of Line _BUS____2-BUS____5-1_AC change from 2 to 1
2020-07-29 22:57:34 | INFO | switch Off bus : _BUS____1_TN
2020-07-29 22:57:34 | INFO | switch Off bus : _BUS____2_TN
2020-07-29 22:57:34 | INFO | Algebraic mode (with J recalculation) change for model NETWORK
2020-07-29 22:57:34 | INFO | Algebraic mode (with J recalculation) change for model GEN____1_SM
2020-07-29 22:57:34 | INFO | Algebraic mode (with J recalculation) change for model GEN____2_SM
2020-07-29 22:57:34 | INFO | Algebraic mode (with J recalculation) change for model OMEGA_REF
2020-07-29 22:57:34 | INFO | Algebraic mode change for model _LOAD__10_EC
2020-07-29 22:57:34 | INFO | Algebraic mode change for model _LOAD__11_EC
2020-07-29 22:57:34 | INFO | Algebraic mode change for model _LOAD__14_EC
2020-07-29 22:57:34 | INFO | Algebraic mode (with J recalculation) change for model _LOAD___2_EC
2020-07-29 22:57:34 | INFO | Algebraic mode change for model _LOAD___6_EC
2020-07-29 22:57:34 | INFO |      172.000 |      172              154         10              1.000 
2020-07-29 22:57:34 | INFO | calculation of the new starting point of the simulation.
2020-07-29 22:57:34 | INFO | Algebraic mode change for model GEN____1_SM
2020-07-29 22:57:34 | INFO | Algebraic mode change for model GEN____2_SM
2020-07-29 22:57:34 | INFO | Algebraic mode (with J recalculation) change for model OMEGA_REF
2020-07-29 22:57:34 | INFO |      172.000 |      172              158         14              1.000 
2020-07-29 22:57:34 | INFO |      173.000 |      173              166         15              1.000 
2020-07-29 22:57:34 | INFO |      174.000 |      174              172         15              1.000 
2020-07-29 22:57:34 | INFO |      175.000 |      175              179         15              1.000 
2020-07-29 22:57:34 | INFO |      176.000 |      176              186         15              1.000 
2020-07-29 22:57:34 | INFO | Algebraic mode change for model _LOAD___9_EC
2020-07-29 22:57:34 | INFO |      177.000 |      177              192         15              1.000 
2020-07-29 22:57:34 | INFO | calculation of the new starting point of the simulation.
2020-07-29 22:57:34 | INFO |      177.000 |      177              197         16              1.000 
2020-07-29 22:57:34 | INFO |      178.000 |      178              203         16              1.000 
2020-07-29 22:57:34 | INFO |      179.000 |      179              208         16              1.000 
2020-07-29 22:57:34 | INFO |      180.000 |      180              213         16              1.000 
2020-07-29 22:57:34 | INFO |      181.000 |      181              218         16              1.000 
2020-07-29 22:57:34 | INFO |      182.000 |      182              222         16              1.000 
2020-07-29 22:57:34 | INFO |      183.000 |      183              226         16              1.000 
2020-07-29 22:57:34 | INFO |      184.000 |      184              230         16              1.000 
2020-07-29 22:57:34 | INFO |      185.000 |      185              234         16              1.000 
2020-07-29 22:57:34 | INFO |      186.000 |      186              237         16              1.000 
2020-07-29 22:57:34 | INFO | Algebraic mode change for model _LOAD___9_EC
2020-07-29 22:57:34 | INFO |      187.000 |      187              240         16              1.000 
2020-07-29 22:57:34 | INFO | calculation of the new starting point of the simulation.
2020-07-29 22:57:34 | INFO |      187.000 |      187              241         16              1.000 
2020-07-29 22:57:34 | INFO |      188.000 |      188              244         16              1.000 
2020-07-29 22:57:34 | INFO |      189.000 |      189              247         16              1.000 
2020-07-29 22:57:34 | INFO |      190.000 |      190              250         16              1.000 
2020-07-29 22:57:34 | INFO |      191.000 |      191              252         16              1.000 
2020-07-29 22:57:34 | INFO |      192.000 |      192              254         16              1.000 
2020-07-29 22:57:34 | INFO |      193.000 |      193              256         16              1.000 
2020-07-29 22:57:34 | INFO |      194.000 |      194              258         16              1.000 
2020-07-29 22:57:34 | INFO |      195.000 |      195              260         16              1.000 
2020-07-29 22:57:34 | INFO |      196.000 |      196              262         16              1.000 
2020-07-29 22:57:34 | INFO |      197.000 |      197              264         16              1.000 
2020-07-29 22:57:34 | INFO |      198.000 |      198              266         16              1.000 
2020-07-29 22:57:34 | INFO |      199.000 |      199              268         16              1.000 
2020-07-29 22:57:34 | INFO |      200.000 |      200              270         16              1.000 
2020-07-29 22:57:34 | INFO |      201.000 |      201              271         16              1.000 
2020-07-29 22:57:34 | INFO |      202.000 |      202              272         16              1.000 
2020-07-29 22:57:34 | INFO | Algebraic mode change for model _LOAD___4_EC
2020-07-29 22:57:34 | INFO | Algebraic mode change for model _LOAD___5_EC
2020-07-29 22:57:34 | INFO |      203.000 |      203              273         16              1.000 
2020-07-29 22:57:34 | INFO | calculation of the new starting point of the simulation.
2020-07-29 22:57:34 | INFO |      203.000 |      203              275         16              1.000 
2020-07-29 22:57:34 | INFO |      204.000 |      204              279         16              1.000 
2020-07-29 22:57:34 | INFO |      205.000 |      205              281         16              1.000 
2020-07-29 22:57:34 | INFO |      206.000 |      206              283         16              1.000 
2020-07-29 22:57:34 | INFO |      207.000 |      207              284         16              1.000 
2020-07-29 22:57:34 | INFO |      208.000 |      208              285         16              1.000 
2020-07-29 22:57:34 | INFO |      209.000 |      209              286         16              1.000 
2020-07-29 22:57:34 | INFO |      210.000 |      210              287         16              1.000 
2020-07-29 22:57:34 | INFO |      211.000 |      211              288         16              1.000 
2020-07-29 22:57:34 | INFO |      212.000 |      212              289         16              1.000 
2020-07-29 22:57:34 | INFO | Algebraic mode change for model _LOAD___4_EC
2020-07-29 22:57:34 | INFO | Algebraic mode change for model _LOAD___5_EC
2020-07-29 22:57:34 | INFO |      213.000 |      213              290         16              1.000 
2020-07-29 22:57:34 | INFO | calculation of the new starting point of the simulation.
2020-07-29 22:57:34 | INFO |      213.000 |      213              292         16              1.000 
2020-07-29 22:57:34 | INFO |      214.000 |      214              296         16              1.000 
2020-07-29 22:57:34 | INFO |      215.000 |      215              298         16              1.000 
2020-07-29 22:57:34 | INFO |      216.000 |      216              299         16              1.000 
2020-07-29 22:57:34 | INFO |      217.000 |      217              300         16              1.000 
2020-07-29 22:57:34 | INFO |      218.000 |      218              301         16              1.000 
2020-07-29 22:57:34 | INFO |      219.000 |      219              302         16              1.000 
2020-07-29 22:57:34 | INFO |      220.000 |      220              303         16              1.000 
2020-07-29 22:57:34 | INFO |      221.000 |      221              304         16              1.000 
2020-07-29 22:57:34 | INFO |      222.000 |      222              305         16              1.000 
2020-07-29 22:57:34 | INFO | Algebraic mode change for model _LOAD___5_EC
2020-07-29 22:57:34 | INFO |      223.000 |      223              306         16              1.000 
2020-07-29 22:57:34 | INFO | calculation of the new starting point of the simulation.
2020-07-29 22:57:34 | INFO |      223.000 |      223              308         16              1.000 
2020-07-29 22:57:34 | INFO |      224.000 |      224              310         16              1.000 
2020-07-29 22:57:34 | INFO |      225.000 |      225              311         16              1.000 
2020-07-29 22:57:34 | INFO |      226.000 |      226              312         16              1.000 
2020-07-29 22:57:34 | INFO |      227.000 |      227              313         16              1.000 
2020-07-29 22:57:34 | INFO |      228.000 |      228              314         16              1.000 
2020-07-29 22:57:34 | INFO |      229.000 |      229              315         16              1.000 
2020-07-29 22:57:34 | INFO |      230.000 |      230              316         16              1.000 
2020-07-29 22:57:34 | INFO |      231.000 |      231              317         16              1.000 
2020-07-29 22:57:34 | INFO |      232.000 |      232              318         16              1.000 
2020-07-29 22:57:34 | INFO | Algebraic mode change for model _LOAD__10_EC
2020-07-29 22:57:34 | INFO | Algebraic mode change for model _LOAD__11_EC
2020-07-29 22:57:34 | INFO | Algebraic mode change for model _LOAD__12_EC
2020-07-29 22:57:34 | INFO | Algebraic mode change for model _LOAD__13_EC
2020-07-29 22:57:34 | INFO | Algebraic mode change for model _LOAD__14_EC
2020-07-29 22:57:34 | INFO |      233.000 |      233              319         16              1.000 
2020-07-29 22:57:34 | INFO | calculation of the new starting point of the simulation.
2020-07-29 22:57:34 | INFO |      233.000 |      233              320         16              1.000 
2020-07-29 22:57:34 | INFO |      234.000 |      234              325         16              1.000 
2020-07-29 22:57:34 | INFO |      235.000 |      235              327         16              1.000 
2020-07-29 22:57:34 | INFO |      236.000 |      236              328         16              1.000 
2020-07-29 22:57:34 | INFO |      237.000 |      237              329         16              1.000 
2020-07-29 22:57:34 | INFO |      238.000 |      238              330         16              1.000 
2020-07-29 22:57:34 | INFO | Algebraic mode change for model _LOAD___6_EC
2020-07-29 22:57:34 | INFO |      239.000 |      239              331         16              1.000 
2020-07-29 22:57:34 | INFO | calculation of the new starting point of the simulation.
2020-07-29 22:57:34 | INFO |      239.000 |      239              332         16              1.000 
2020-07-29 22:57:34 | INFO |      240.000 |      240              335         16              1.000 
2020-07-29 22:57:34 | INFO |      241.000 |      241              337         16              1.000 
2020-07-29 22:57:34 | INFO |      242.000 |      242              338         16              1.000 
2020-07-29 22:57:34 | INFO | Algebraic mode change for model _LOAD__12_EC
2020-07-29 22:57:34 | INFO | Algebraic mode change for model _LOAD__14_EC
2020-07-29 22:57:34 | INFO |      243.000 |      243              339         16              1.000 
2020-07-29 22:57:34 | INFO | calculation of the new starting point of the simulation.
2020-07-29 22:57:34 | INFO |      243.000 |      243              341         16              1.000 
2020-07-29 22:57:34 | INFO |      244.000 |      244              344         16              1.000 
2020-07-29 22:57:34 | INFO |      245.000 |      245              346         16              1.000 
2020-07-29 22:57:34 | INFO |      246.000 |      246              347         16              1.000 
2020-07-29 22:57:34 | INFO |      247.000 |      247              348         16              1.000 
2020-07-29 22:57:34 | INFO |      248.000 |      248              349         16              1.000 
2020-07-29 22:57:34 | INFO |      249.000 |      249              350         16              1.000 
2020-07-29 22:57:34 | INFO |      250.000 |      250              351         16              1.000 
2020-07-29 22:57:34 | INFO |      251.000 |      251              352         16              1.000 
2020-07-29 22:57:34 | INFO |      252.000 |      252              353         16              1.000 
2020-07-29 22:57:34 | INFO |      253.000 |      253              354         16              1.000 
2020-07-29 22:57:34 | INFO |      254.000 |      254              355         16              1.000 
2020-07-29 22:57:34 | INFO |      255.000 |      255              356         16              1.000 
2020-07-29 22:57:34 | INFO |      256.000 |      256              357         16              1.000 
2020-07-29 22:57:34 | INFO |      257.000 |      257              358         16              1.000 
2020-07-29 22:57:34 | INFO |      258.000 |      258              359         16              1.000 
2020-07-29 22:57:34 | INFO | initial guess of the algebraic solver is accurate, following solver iterations will be skipped until the next mode change
2020-07-29 22:57:34 | INFO |      259.000 |      259              359         16              1.000 
2020-07-29 22:57:34 | INFO |      260.000 |      260              359         16              1.000 
2020-07-29 22:57:34 | INFO |      261.000 |      261              359         16              1.000 
2020-07-29 22:57:34 | INFO |      262.000 |      262              359         16              1.000 
2020-07-29 22:57:34 | INFO |      263.000 |      263              359         16              1.000 
2020-07-29 22:57:34 | INFO |      264.000 |      264              359         16              1.000 
2020-07-29 22:57:34 | INFO |      265.000 |      265              359         16              1.000 
2020-07-29 22:57:34 | INFO |      266.000 |      266              359         16              1.000 
2020-07-29 22:57:34 | INFO |      267.000 |      267              359         16              1.000 
2020-07-29 22:57:34 | INFO |      268.000 |      268              359         16              1.000 
2020-07-29 22:57:34 | INFO |      269.000 |      269              359         16              1.000 
2020-07-29 22:57:34 | INFO |      270.000 |      270              359         16              1.000 
2020-07-29 22:57:34 | INFO |      271.000 |      271              359         16              1.000 
2020-07-29 22:57:34 | INFO |      272.000 |      272              359         16              1.000 
2020-07-29 22:57:34 | INFO |      273.000 |      273              359         16              1.000 
2020-07-29 22:57:34 | INFO |      274.000 |      274              359         16              1.000 
2020-07-29 22:57:34 | INFO |      275.000 |      275              359         16              1.000 
2020-07-29 22:57:34 | INFO |      276.000 |      276              359         16              1.000 
2020-07-29 22:57:34 | INFO |      277.000 |      277              359         16              1.000 
2020-07-29 22:57:34 | INFO |      278.000 |      278              359         16              1.000 
2020-07-29 22:57:34 | INFO |      279.000 |      279              359         16              1.000 
2020-07-29 22:57:34 | INFO |      280.000 |      280              359         16              1.000 
2020-07-29 22:57:34 | INFO |      281.000 |      281              359         16              1.000 
2020-07-29 22:57:34 | INFO |      282.000 |      282              359         16              1.000 
2020-07-29 22:57:34 | INFO |      283.000 |      283              359         16              1.000 
2020-07-29 22:57:34 | INFO |      284.000 |      284              359         16              1.000 
2020-07-29 22:57:34 | INFO |      285.000 |      285              359         16              1.000 
2020-07-29 22:57:34 | INFO |      286.000 |      286              359         16              1.000 
2020-07-29 22:57:34 | INFO |      287.000 |      287              359         16              1.000 
2020-07-29 22:57:34 | INFO |      288.000 |      288              359         16              1.000 
2020-07-29 22:57:34 | INFO |      289.000 |      289              359         16              1.000 
2020-07-29 22:57:34 | INFO |      290.000 |      290              359         16              1.000 
2020-07-29 22:57:34 | INFO |      291.000 |      291              359         16              1.000 
2020-07-29 22:57:34 | INFO |      292.000 |      292              359         16              1.000 
2020-07-29 22:57:34 | INFO |      293.000 |      293              359         16              1.000 
2020-07-29 22:57:34 | INFO |      294.000 |      294              359         16              1.000 
2020-07-29 22:57:34 | INFO |      295.000 |      295              359         16              1.000 
2020-07-29 22:57:34 | INFO |      296.000 |      296              359         16              1.000 
2020-07-29 22:57:34 | INFO |      297.000 |      297              359         16              1.000 
2020-07-29 22:57:34 | INFO |      298.000 |      298              359         16              1.000 
2020-07-29 22:57:34 | INFO | Algebraic mode change for model _LOAD__13_EC
2020-07-29 22:57:34 | INFO |      299.000 |      299              359         16              1.000 
2020-07-29 22:57:34 | INFO | calculation of the new starting point of the simulation.
2020-07-29 22:57:34 | INFO |      299.000 |      299              361         16              1.000 
2020-07-29 22:57:34 | INFO |      300.000 |      300              364         16              1.000 
2020-07-29 22:57:34 | INFO |      301.000 |      301              366         16              1.000 
2020-07-29 22:57:34 | INFO |      302.000 |      302              367         16              1.000 
2020-07-29 22:57:34 | INFO |      303.000 |      303              368         16              1.000 
2020-07-29 22:57:34 | INFO |      304.000 |      304              369         16              1.000 
2020-07-29 22:57:34 | INFO |      305.000 |      305              370         16              1.000 
2020-07-29 22:57:34 | INFO |      306.000 |      306              371         16              1.000 
2020-07-29 22:57:34 | INFO |      307.000 |      307              372         16              1.000 
2020-07-29 22:57:34 | INFO |      308.000 |      308              373         16              1.000 
2020-07-29 22:57:34 | INFO | initial guess of the algebraic solver is accurate, following solver iterations will be skipped until the next mode change
2020-07-29 22:57:34 | INFO |      309.000 |      309              373         16              1.000 
2020-07-29 22:57:34 | INFO |      310.000 |      310              373         16              1.000 
2020-07-29 22:57:34 | INFO |      311.000 |      311              373         16              1.000 
2020-07-29 22:57:34 | INFO |      312.000 |      312              373         16              1.000 
2020-07-29 22:57:34 | INFO |      313.000 |      313              373         16              1.000 
2020-07-29 22:57:34 | INFO |      314.000 |      314              373         16              1.000 
2020-07-29 22:57:34 | INFO |      315.000 |      315              373         16              1.000 
2020-07-29 22:57:34 | INFO |      316.000 |      316              373         16              1.000 
2020-07-29 22:57:34 | INFO |      317.000 |      317              373         16              1.000 
2020-07-29 22:57:34 | INFO |      318.000 |      318              373         16              1.000 
2020-07-29 22:57:34 | INFO |      319.000 |      319              373         16              1.000 
2020-07-29 22:57:34 | INFO |      320.000 |      320              373         16              1.000 
2020-07-29 22:57:34 | INFO |      321.000 |      321              373         16              1.000 
2020-07-29 22:57:34 | INFO |      322.000 |      322              373         16              1.000 
2020-07-29 22:57:34 | INFO |      323.000 |      323              373         16              1.000 
2020-07-29 22:57:34 | INFO |      324.000 |      324              373         16              1.000 
2020-07-29 22:57:34 | INFO |      325.000 |      325              373         16              1.000 
2020-07-29 22:57:34 | INFO |      326.000 |      326              373         16              1.000 
2020-07-29 22:57:34 | INFO |      327.000 |      327              373         16              1.000 
2020-07-29 22:57:34 | INFO |      328.000 |      328              373         16              1.000 
2020-07-29 22:57:34 | INFO | Algebraic mode change for model _LOAD___4_EC
2020-07-29 22:57:34 | INFO |      329.000 |      329              373         16              1.000 
2020-07-29 22:57:34 | INFO | calculation of the new starting point of the simulation.
2020-07-29 22:57:34 | INFO |      329.000 |      329              375         16              1.000 
2020-07-29 22:57:34 | INFO |      330.000 |      330              379         16              1.000 
2020-07-29 22:57:34 | INFO |      331.000 |      331              381         16              1.000 
2020-07-29 22:57:34 | INFO |      332.000 |      332              382         16              1.000 
2020-07-29 22:57:34 | INFO |      333.000 |      333              383         16              1.000 
2020-07-29 22:57:34 | INFO |      334.000 |      334              384         16              1.000 
2020-07-29 22:57:34 | INFO |      335.000 |      335              385         16              1.000 
2020-07-29 22:57:34 | INFO |      336.000 |      336              386         16              1.000 
2020-07-29 22:57:34 | INFO |      337.000 |      337              387         16              1.000 
2020-07-29 22:57:34 | INFO |      338.000 |      338              388         16              1.000 
2020-07-29 22:57:34 | INFO |      339.000 |      339              389         16              1.000 
2020-07-29 22:57:34 | INFO |      340.000 |      340              390         16              1.000 
2020-07-29 22:57:34 | INFO |      341.000 |      341              391         16              1.000 
2020-07-29 22:57:34 | INFO |      342.000 |      342              392         16              1.000 
2020-07-29 22:57:34 | INFO |      343.000 |      343              393         16              1.000 
2020-07-29 22:57:34 | INFO |      344.000 |      344              394         16              1.000 
2020-07-29 22:57:34 | INFO |      345.000 |      345              395         16              1.000 
2020-07-29 22:57:34 | INFO | initial guess of the algebraic solver is accurate, following solver iterations will be skipped until the next mode change
2020-07-29 22:57:34 | INFO |      346.000 |      346              395         16              1.000 
2020-07-29 22:57:34 | INFO |      347.000 |      347              395         16              1.000 
2020-07-29 22:57:34 | INFO |      348.000 |      348              395         16              1.000 
2020-07-29 22:57:34 | INFO |      349.000 |      349              395         16              1.000 
2020-07-29 22:57:34 | INFO |      350.000 |      350              395         16              1.000 
2020-07-29 22:57:34 | INFO |      351.000 |      351              395         16              1.000 
2020-07-29 22:57:34 | INFO |      352.000 |      352              395         16              1.000 
2020-07-29 22:57:34 | INFO |      353.000 |      353              395         16              1.000 
2020-07-29 22:57:34 | INFO |      354.000 |      354              395         16              1.000 
2020-07-29 22:57:34 | INFO |      355.000 |      355              395         16              1.000 
2020-07-29 22:57:34 | INFO |      356.000 |      356              395         16              1.000 
2020-07-29 22:57:34 | INFO |      357.000 |      357              395         16              1.000 
2020-07-29 22:57:34 | INFO |      358.000 |      358              395         16              1.000 
2020-07-29 22:57:34 | INFO |      359.000 |      359              395         16              1.000 
2020-07-29 22:57:34 | INFO |      360.000 |      360              395         16              1.000 
2020-07-29 22:57:34 | INFO |      361.000 |      361              395         16              1.000 
2020-07-29 22:57:34 | INFO |      362.000 |      362              395         16              1.000 
2020-07-29 22:57:34 | INFO |      363.000 |      363              395         16              1.000 
2020-07-29 22:57:34 | INFO |      364.000 |      364              395         16              1.000 
2020-07-29 22:57:34 | INFO |      365.000 |      365              395         16              1.000 
2020-07-29 22:57:34 | INFO |      366.000 |      366              395         16              1.000 
2020-07-29 22:57:34 | INFO |      367.000 |      367              395         16              1.000 
2020-07-29 22:57:34 | INFO |      368.000 |      368              395         16              1.000 
2020-07-29 22:57:34 | INFO |      369.000 |      369              395         16              1.000 
2020-07-29 22:57:34 | INFO |      370.000 |      370              395         16              1.000 
2020-07-29 22:57:34 | INFO |      371.000 |      371              395         16              1.000 
2020-07-29 22:57:34 | INFO |      372.000 |      372              395         16              1.000 
2020-07-29 22:57:34 | INFO |      373.000 |      373              395         16              1.000 
2020-07-29 22:57:34 | INFO |      374.000 |      374              395         16              1.000 
2020-07-29 22:57:34 | INFO |      375.000 |      375              395         16              1.000 
2020-07-29 22:57:34 | INFO |      376.000 |      376              395         16              1.000 
2020-07-29 22:57:34 | INFO |      377.000 |      377              395         16              1.000 
2020-07-29 22:57:34 | INFO |      378.000 |      378              395         16              1.000 
2020-07-29 22:57:34 | INFO |      379.000 |      379              395         16              1.000 
2020-07-29 22:57:34 | INFO |      380.000 |      380              395         16              1.000 
2020-07-29 22:57:34 | INFO |      381.000 |      381              395         16              1.000 
2020-07-29 22:57:34 | INFO |      382.000 |      382              395         16              1.000 
2020-07-29 22:57:34 | INFO |      383.000 |      383              395         16              1.000 
2020-07-29 22:57:34 | INFO |      384.000 |      384              395         16              1.000 
2020-07-29 22:57:34 | INFO |      385.000 |      385              395         16              1.000 
2020-07-29 22:57:34 | INFO |      386.000 |      386              395         16              1.000 
2020-07-29 22:57:34 | INFO |      387.000 |      387              395         16              1.000 
2020-07-29 22:57:34 | INFO |      388.000 |      388              395         16              1.000 
2020-07-29 22:57:34 | INFO |      389.000 |      389              395         16              1.000 
2020-07-29 22:57:34 | INFO |      390.000 |      390              395         16              1.000 
2020-07-29 22:57:34 | INFO |      391.000 |      391              395         16              1.000 
2020-07-29 22:57:34 | INFO |      392.000 |      392              395         16              1.000 
2020-07-29 22:57:34 | INFO |      393.000 |      393              395         16              1.000 
2020-07-29 22:57:34 | INFO |      394.000 |      394              395         16              1.000 
2020-07-29 22:57:34 | INFO |      395.000 |      395              395         16              1.000 
2020-07-29 22:57:34 | INFO |      396.000 |      396              395         16              1.000 
2020-07-29 22:57:34 | INFO |      397.000 |      397              395         16              1.000 
2020-07-29 22:57:34 | INFO |      398.000 |      398              395         16              1.000 
2020-07-29 22:57:34 | INFO |      399.000 |      399              395         16              1.000 
2020-07-29 22:57:34 | INFO |      400.000 |      400              395         16              1.000 
2020-07-29 22:57:34 | INFO |      401.000 |      401              395         16              1.000 
2020-07-29 22:57:34 | INFO |      402.000 |      402              395         16              1.000 
2020-07-29 22:57:34 | INFO |      403.000 |      403              395         16              1.000 
2020-07-29 22:57:34 | INFO |      404.000 |      404              395         16              1.000 
2020-07-29 22:57:34 | INFO |      405.000 |      405              395         16              1.000 
2020-07-29 22:57:34 | INFO |      406.000 |      406              395         16              1.000 
2020-07-29 22:57:34 | INFO |      407.000 |      407              395         16              1.000 
2020-07-29 22:57:34 | INFO |      408.000 |      408              395         16              1.000 
2020-07-29 22:57:34 | INFO |      409.000 |      409              395         16              1.000 
2020-07-29 22:57:34 | INFO |      410.000 |      410              395         16              1.000 
2020-07-29 22:57:34 | INFO |      411.000 |      411              395         16              1.000 
2020-07-29 22:57:34 | INFO |      412.000 |      412              395         16              1.000 
2020-07-29 22:57:34 | INFO |      413.000 |      413              395         16              1.000 
2020-07-29 22:57:34 | INFO |      414.000 |      414              395         16              1.000 
2020-07-29 22:57:34 | INFO |      415.000 |      415              395         16              1.000 
2020-07-29 22:57:34 | INFO |      416.000 |      416              395         16              1.000 
2020-07-29 22:57:34 | INFO |      417.000 |      417              395         16              1.000 
2020-07-29 22:57:34 | INFO |      418.000 |      418              395         16              1.000 
2020-07-29 22:57:34 | INFO |      419.000 |      419              395         16              1.000 
2020-07-29 22:57:34 | INFO |      420.000 |      420              395         16              1.000 
2020-07-29 22:57:34 | INFO |      421.000 |      421              395         16              1.000 
2020-07-29 22:57:34 | INFO |      422.000 |      422              395         16              1.000 
2020-07-29 22:57:34 | INFO |      423.000 |      423              395         16              1.000 
2020-07-29 22:57:34 | INFO |      424.000 |      424              395         16              1.000 
2020-07-29 22:57:34 | INFO |      425.000 |      425              395         16              1.000 
2020-07-29 22:57:34 | INFO |      426.000 |      426              395         16              1.000 
2020-07-29 22:57:34 | INFO |      427.000 |      427              395         16              1.000 
2020-07-29 22:57:34 | INFO |      428.000 |      428              395         16              1.000 
2020-07-29 22:57:34 | INFO |      429.000 |      429              395         16              1.000 
2020-07-29 22:57:34 | INFO |      430.000 |      430              395         16              1.000 
2020-07-29 22:57:34 | INFO |      431.000 |      431              395         16              1.000 
2020-07-29 22:57:34 | INFO |      432.000 |      432              395         16              1.000 
2020-07-29 22:57:34 | INFO |      433.000 |      433              395         16              1.000 
2020-07-29 22:57:34 | INFO |      434.000 |      434              395         16              1.000 
2020-07-29 22:57:34 | INFO |      435.000 |      435              395         16              1.000 
2020-07-29 22:57:34 | INFO |      436.000 |      436              395         16              1.000 
2020-07-29 22:57:34 | INFO |      437.000 |      437              395         16              1.000 
2020-07-29 22:57:34 | INFO |      438.000 |      438              395         16              1.000 
2020-07-29 22:57:34 | INFO |      439.000 |      439              395         16              1.000 
2020-07-29 22:57:34 | INFO |      440.000 |      440              395         16              1.000 
2020-07-29 22:57:34 | INFO |      441.000 |      441              395         16              1.000 
2020-07-29 22:57:34 | INFO |      442.000 |      442              395         16              1.000 
2020-07-29 22:57:34 | INFO |      443.000 |      443              395         16              1.000 
2020-07-29 22:57:34 | INFO |      444.000 |      444              395         16              1.000 
2020-07-29 22:57:34 | INFO |      445.000 |      445              395         16              1.000 
2020-07-29 22:57:34 | INFO |      446.000 |      446              395         16              1.000 
2020-07-29 22:57:34 | INFO |      447.000 |      447              395         16              1.000 
2020-07-29 22:57:34 | INFO |      448.000 |      448              395         16              1.000 
2020-07-29 22:57:34 | INFO |      449.000 |      449              395         16              1.000 
2020-07-29 22:57:34 | INFO |      450.000 |      450              395         16              1.000 
2020-07-29 22:57:34 | INFO |      451.000 |      451              395         16              1.000 
2020-07-29 22:57:34 | INFO |      452.000 |      452              395         16              1.000 
2020-07-29 22:57:34 | INFO |      453.000 |      453              395         16              1.000 
2020-07-29 22:57:34 | INFO |      454.000 |      454              395         16              1.000 
2020-07-29 22:57:34 | INFO |      455.000 |      455              395         16              1.000 
2020-07-29 22:57:34 | INFO |      456.000 |      456              395         16              1.000 
2020-07-29 22:57:34 | INFO |      457.000 |      457              395         16              1.000 
2020-07-29 22:57:34 | INFO |      458.000 |      458              395         16              1.000 
2020-07-29 22:57:34 | INFO |      459.000 |      459              395         16              1.000 
2020-07-29 22:57:34 | INFO |      460.000 |      460              395         16              1.000 
2020-07-29 22:57:34 | INFO |      461.000 |      461              395         16              1.000 
2020-07-29 22:57:34 | INFO |      462.000 |      462              395         16              1.000 
2020-07-29 22:57:34 | INFO |      463.000 |      463              395         16              1.000 
2020-07-29 22:57:34 | INFO |      464.000 |      464              395         16              1.000 
2020-07-29 22:57:34 | INFO |      465.000 |      465              395         16              1.000 
2020-07-29 22:57:34 | INFO |      466.000 |      466              395         16              1.000 
2020-07-29 22:57:34 | INFO |      467.000 |      467              395         16              1.000 
2020-07-29 22:57:34 | INFO |      468.000 |      468              395         16              1.000 
2020-07-29 22:57:34 | INFO |      469.000 |      469              395         16              1.000 
2020-07-29 22:57:34 | INFO |      470.000 |      470              395         16              1.000 
2020-07-29 22:57:34 | INFO |      471.000 |      471              395         16              1.000 
2020-07-29 22:57:34 | INFO |      472.000 |      472              395         16              1.000 
2020-07-29 22:57:34 | INFO |      473.000 |      473              395         16              1.000 
2020-07-29 22:57:34 | INFO |      474.000 |      474              395         16              1.000 
2020-07-29 22:57:34 | INFO |      475.000 |      475              395         16              1.000 
2020-07-29 22:57:34 | INFO |      476.000 |      476              395         16              1.000 
2020-07-29 22:57:34 | INFO |      477.000 |      477              395         16              1.000 
2020-07-29 22:57:34 | INFO |      478.000 |      478              395         16              1.000 
2020-07-29 22:57:34 | INFO |      479.000 |      479              395         16              1.000 
2020-07-29 22:57:34 | INFO |      480.000 |      480              395         16              1.000 
2020-07-29 22:57:34 | INFO |      481.000 |      481              395         16              1.000 
2020-07-29 22:57:34 | INFO |      482.000 |      482              395         16              1.000 
2020-07-29 22:57:34 | INFO |      483.000 |      483              395         16              1.000 
2020-07-29 22:57:34 | INFO |      484.000 |      484              395         16              1.000 
2020-07-29 22:57:34 | INFO |      485.000 |      485              395         16              1.000 
2020-07-29 22:57:34 | INFO |      486.000 |      486              395         16              1.000 
2020-07-29 22:57:34 | INFO |      487.000 |      487              395         16              1.000 
2020-07-29 22:57:34 | INFO |      488.000 |      488              395         16              1.000 
2020-07-29 22:57:34 | INFO |      489.000 |      489              395         16              1.000 
2020-07-29 22:57:34 | INFO |      490.000 |      490              395         16              1.000 
2020-07-29 22:57:34 | INFO |      491.000 |      491              395         16              1.000 
2020-07-29 22:57:34 | INFO |      492.000 |      492              395         16              1.000 
2020-07-29 22:57:34 | INFO |      493.000 |      493              395         16              1.000 
2020-07-29 22:57:34 | INFO |      494.000 |      494              395         16              1.000 
2020-07-29 22:57:34 | INFO |      495.000 |      495              395         16              1.000 
2020-07-29 22:57:34 | INFO |      496.000 |      496              395         16              1.000 
2020-07-29 22:57:34 | INFO |      497.000 |      497              395         16              1.000 
2020-07-29 22:57:34 | INFO |      498.000 |      498              395         16              1.000 
2020-07-29 22:57:34 | INFO |      499.000 |      499              395         16              1.000 
2020-07-29 22:57:34 | INFO |      500.000 |      500              395         16              1.000 
2020-07-29 22:57:34 | INFO | 
2020-07-29 22:57:34 | INFO | execution statistics :
2020-07-29 22:57:34 | INFO | 
2020-07-29 22:57:34 | INFO | number of time iterations                  = 500
2020-07-29 22:57:34 | INFO | number of residual evaluations             = 610
2020-07-29 22:57:34 | INFO | number of Jacobian evaluations             = 16
2020-07-29 22:57:34 | INFO | number of nonlinear iterations             = 395
2020-07-29 22:57:34 | INFO | number of error test failures              = 0
2020-07-29 22:57:34 | INFO | number of nonlinear convergence failures   = 0
2020-07-29 22:57:34 | INFO | number of root functions evaluations       = 607
2020-07-29 22:57:34 | INFO | number of discrete variables evaluations   = 158
2020-07-29 22:57:34 | INFO | number of mode evaluations                 = 71
2020-07-29 22:57:34 | INFO | end of job 'IEEE14 - Cascading line trippings'
