2020-10-05 10:26:08 | INFO |  ============================================================ 
2020-10-05 10:26:08 | INFO | DYNAWO VERSION  :     1.3.0
2020-10-05 10:26:08 | INFO | DYNAWO REVISION :  ModalAnalysisDynawo-1a4ade8
2020-10-05 10:26:08 | INFO |  ============================================================ 
2020-10-05 10:26:08 | INFO | DDB Dir : /home/kouki/Bureau/dynawo/install/gcc6.3.0/ModalAnalysisDynawo/Release-cxx11/shared/dynawo/ddb/
2020-10-05 10:26:08 | DEBUG | /home/kouki/Bureau/dynawo/install/gcc6.3.0/ModalAnalysisDynawo/Release-cxx11/shared/dynawo/ddb/Line.so
2020-10-05 10:26:08 | DEBUG | /home/kouki/Bureau/dynawo/install/gcc6.3.0/ModalAnalysisDynawo/Release-cxx11/shared/dynawo/ddb/TapChangerBlockingArea.so
2020-10-05 10:26:08 | DEBUG | /home/kouki/Bureau/dynawo/install/gcc6.3.0/ModalAnalysisDynawo/Release-cxx11/shared/dynawo/ddb/EventSetPointBoolean.so
2020-10-05 10:26:08 | DEBUG | /home/kouki/Bureau/dynawo/install/gcc6.3.0/ModalAnalysisDynawo/Release-cxx11/shared/dynawo/ddb/GeneratorPVRemoteSignalN.so
2020-10-05 10:26:08 | DEBUG | /home/kouki/Bureau/dynawo/install/gcc6.3.0/ModalAnalysisDynawo/Release-cxx11/shared/dynawo/ddb/GeneratorSynchronousFourWindingsProportionalRegulations.so
2020-10-05 10:26:08 | DEBUG | /home/kouki/Bureau/dynawo/install/gcc6.3.0/ModalAnalysisDynawo/Release-cxx11/shared/dynawo/ddb/DYNModelOmegaRef.so
2020-10-05 10:26:08 | DEBUG | /home/kouki/Bureau/dynawo/install/gcc6.3.0/ModalAnalysisDynawo/Release-cxx11/shared/dynawo/ddb/GeneratorPQ.so
2020-10-05 10:26:08 | DEBUG | /home/kouki/Bureau/dynawo/install/gcc6.3.0/ModalAnalysisDynawo/Release-cxx11/shared/dynawo/ddb/EventQuadripoleConnection.so
2020-10-05 10:26:08 | DEBUG | /home/kouki/Bureau/dynawo/install/gcc6.3.0/ModalAnalysisDynawo/Release-cxx11/shared/dynawo/ddb/LoadTwoTransformersTapChangers.so
2020-10-05 10:26:08 | DEBUG | /home/kouki/Bureau/dynawo/install/gcc6.3.0/ModalAnalysisDynawo/Release-cxx11/shared/dynawo/ddb/GeneratorSynchronousThreeWindingsProportionalRegulations.so
2020-10-05 10:26:08 | DEBUG | /home/kouki/Bureau/dynawo/install/gcc6.3.0/ModalAnalysisDynawo/Release-cxx11/shared/dynawo/ddb/GeneratorSynchronousThreeWindingsGoverPropVRPropInt.so
2020-10-05 10:26:08 | DEBUG | /home/kouki/Bureau/dynawo/install/gcc6.3.0/ModalAnalysisDynawo/Release-cxx11/shared/dynawo/ddb/ShuntBWithSections.so
2020-10-05 10:26:08 | DEBUG | /home/kouki/Bureau/dynawo/install/gcc6.3.0/ModalAnalysisDynawo/Release-cxx11/shared/dynawo/ddb/GeneratorSynchronousFourWindings.so
2020-10-05 10:26:08 | DEBUG | /home/kouki/Bureau/dynawo/install/gcc6.3.0/ModalAnalysisDynawo/Release-cxx11/shared/dynawo/ddb/HvdcPTanPhi.so
2020-10-05 10:26:08 | DEBUG | /home/kouki/Bureau/dynawo/install/gcc6.3.0/ModalAnalysisDynawo/Release-cxx11/shared/dynawo/ddb/EventSetPointDoubleReal.so
2020-10-05 10:26:08 | DEBUG | /home/kouki/Bureau/dynawo/install/gcc6.3.0/ModalAnalysisDynawo/Release-cxx11/shared/dynawo/ddb/LoadAlphaBetaRestorative.so
2020-10-05 10:26:08 | DEBUG | /home/kouki/Bureau/dynawo/install/gcc6.3.0/ModalAnalysisDynawo/Release-cxx11/shared/dynawo/ddb/DYNModelNetwork.so
2020-10-05 10:26:08 | DEBUG | /home/kouki/Bureau/dynawo/install/gcc6.3.0/ModalAnalysisDynawo/Release-cxx11/shared/dynawo/ddb/EventQuadripoleDisconnection.so
2020-10-05 10:26:08 | DEBUG | /home/kouki/Bureau/dynawo/install/gcc6.3.0/ModalAnalysisDynawo/Release-cxx11/shared/dynawo/ddb/GeneratorPQPropSignalN.so
2020-10-05 10:26:08 | DEBUG | /home/kouki/Bureau/dynawo/install/gcc6.3.0/ModalAnalysisDynawo/Release-cxx11/shared/dynawo/ddb/TransformerFixedRatio.so
2020-10-05 10:26:08 | DEBUG | /home/kouki/Bureau/dynawo/install/gcc6.3.0/ModalAnalysisDynawo/Release-cxx11/shared/dynawo/ddb/PhaseShifterI.so
2020-10-05 10:26:08 | DEBUG | /home/kouki/Bureau/dynawo/install/gcc6.3.0/ModalAnalysisDynawo/Release-cxx11/shared/dynawo/ddb/Step.so
2020-10-05 10:26:08 | DEBUG | /home/kouki/Bureau/dynawo/install/gcc6.3.0/ModalAnalysisDynawo/Release-cxx11/shared/dynawo/ddb/GeneratorPVPropSignalN.so
2020-10-05 10:26:08 | DEBUG | /home/kouki/Bureau/dynawo/install/gcc6.3.0/ModalAnalysisDynawo/Release-cxx11/shared/dynawo/ddb/TapChangerAutomaton.so
2020-10-05 10:26:08 | DEBUG | /home/kouki/Bureau/dynawo/install/gcc6.3.0/ModalAnalysisDynawo/Release-cxx11/shared/dynawo/ddb/GridFormingConverterDispatchableVirtualOscillatorControl.so
2020-10-05 10:26:08 | DEBUG | /home/kouki/Bureau/dynawo/install/gcc6.3.0/ModalAnalysisDynawo/Release-cxx11/shared/dynawo/ddb/VRRemote.so
2020-10-05 10:26:08 | DEBUG | /home/kouki/Bureau/dynawo/install/gcc6.3.0/ModalAnalysisDynawo/Release-cxx11/shared/dynawo/ddb/GeneratorFictitious.so
2020-10-05 10:26:08 | DEBUG | /home/kouki/Bureau/dynawo/install/gcc6.3.0/ModalAnalysisDynawo/Release-cxx11/shared/dynawo/ddb/LoadOneTransformer.so
2020-10-05 10:26:08 | DEBUG | /home/kouki/Bureau/dynawo/install/gcc6.3.0/ModalAnalysisDynawo/Release-cxx11/shared/dynawo/ddb/DYNModelVariationArea.so
2020-10-05 10:26:08 | DEBUG | /home/kouki/Bureau/dynawo/install/gcc6.3.0/ModalAnalysisDynawo/Release-cxx11/shared/dynawo/ddb/GenericAutomaton.so
2020-10-05 10:26:08 | DEBUG | /home/kouki/Bureau/dynawo/install/gcc6.3.0/ModalAnalysisDynawo/Release-cxx11/shared/dynawo/ddb/GridFormingConverterDroopControl.so
2020-10-05 10:26:08 | DEBUG | /home/kouki/Bureau/dynawo/install/gcc6.3.0/ModalAnalysisDynawo/Release-cxx11/shared/dynawo/ddb/GeneratorPVWithImpedanceSignalN.so
2020-10-05 10:26:08 | DEBUG | /home/kouki/Bureau/dynawo/install/gcc6.3.0/ModalAnalysisDynawo/Release-cxx11/shared/dynawo/ddb/LoadAlphaBeta.so
2020-10-05 10:26:08 | DEBUG | /home/kouki/Bureau/dynawo/install/gcc6.3.0/ModalAnalysisDynawo/Release-cxx11/shared/dynawo/ddb/GeneratorPVDiagramPQWithImpedanceSignalN.so
2020-10-05 10:26:08 | DEBUG | /home/kouki/Bureau/dynawo/install/gcc6.3.0/ModalAnalysisDynawo/Release-cxx11/shared/dynawo/ddb/LoadTwoTransformers.so
2020-10-05 10:26:08 | DEBUG | /home/kouki/Bureau/dynawo/install/gcc6.3.0/ModalAnalysisDynawo/Release-cxx11/shared/dynawo/ddb/ShuntBWithSectionsWithRegulation.so
2020-10-05 10:26:08 | DEBUG | /home/kouki/Bureau/dynawo/install/gcc6.3.0/ModalAnalysisDynawo/Release-cxx11/shared/dynawo/ddb/GeneratorSynchronousThreeWindings.so
2020-10-05 10:26:08 | DEBUG | /home/kouki/Bureau/dynawo/install/gcc6.3.0/ModalAnalysisDynawo/Release-cxx11/shared/dynawo/ddb/EventSetPointReal.so
2020-10-05 10:26:08 | DEBUG | /home/kouki/Bureau/dynawo/install/gcc6.3.0/ModalAnalysisDynawo/Release-cxx11/shared/dynawo/ddb/GridFormingConverterMatchingControl.so
2020-10-05 10:26:08 | DEBUG | /home/kouki/Bureau/dynawo/install/gcc6.3.0/ModalAnalysisDynawo/Release-cxx11/shared/dynawo/ddb/HvdcPVEmulation.so
2020-10-05 10:26:08 | DEBUG | /home/kouki/Bureau/dynawo/install/gcc6.3.0/ModalAnalysisDynawo/Release-cxx11/shared/dynawo/ddb/GeneratorSynchronousFourWindingsGoverPropVRPropInt.so
2020-10-05 10:26:08 | DEBUG | /home/kouki/Bureau/dynawo/install/gcc6.3.0/ModalAnalysisDynawo/Release-cxx11/shared/dynawo/ddb/StaticVarCompensator.so
2020-10-05 10:26:08 | DEBUG | /home/kouki/Bureau/dynawo/install/gcc6.3.0/ModalAnalysisDynawo/Release-cxx11/shared/dynawo/ddb/EventConnectedStatus.so
2020-10-05 10:26:08 | DEBUG | /home/kouki/Bureau/dynawo/install/gcc6.3.0/ModalAnalysisDynawo/Release-cxx11/shared/dynawo/ddb/DYNModelSignalN.so
2020-10-05 10:26:08 | DEBUG | /home/kouki/Bureau/dynawo/install/gcc6.3.0/ModalAnalysisDynawo/Release-cxx11/shared/dynawo/ddb/InfiniteBus.so
2020-10-05 10:26:08 | DEBUG | /home/kouki/Bureau/dynawo/install/gcc6.3.0/ModalAnalysisDynawo/Release-cxx11/shared/dynawo/ddb/PhaseShifterP.so
2020-10-05 10:26:08 | DEBUG | /home/kouki/Bureau/dynawo/install/gcc6.3.0/ModalAnalysisDynawo/Release-cxx11/shared/dynawo/ddb/StaticVarCompensatorPV.so
2020-10-05 10:26:08 | DEBUG | /home/kouki/Bureau/dynawo/install/gcc6.3.0/ModalAnalysisDynawo/Release-cxx11/shared/dynawo/ddb/NodeFault.so
2020-10-05 10:26:08 | DEBUG | /home/kouki/Bureau/dynawo/install/gcc6.3.0/ModalAnalysisDynawo/Release-cxx11/shared/dynawo/ddb/InjectorBG.so
2020-10-05 10:26:08 | DEBUG | /home/kouki/Bureau/dynawo/install/gcc6.3.0/ModalAnalysisDynawo/Release-cxx11/shared/dynawo/ddb/UnderVoltageAutomaton.so
2020-10-05 10:26:08 | DEBUG | /home/kouki/Bureau/dynawo/install/gcc6.3.0/ModalAnalysisDynawo/Release-cxx11/shared/dynawo/ddb/LoadOneTransformerTapChanger.so
2020-10-05 10:26:08 | DEBUG | /home/kouki/Bureau/dynawo/install/gcc6.3.0/ModalAnalysisDynawo/Release-cxx11/shared/dynawo/ddb/LoadPQ.so
2020-10-05 10:26:08 | DEBUG | /home/kouki/Bureau/dynawo/install/gcc6.3.0/ModalAnalysisDynawo/Release-cxx11/shared/dynawo/ddb/GeneratorPVDiagramPQSignalN.so
2020-10-05 10:26:08 | DEBUG | /home/kouki/Bureau/dynawo/install/gcc6.3.0/ModalAnalysisDynawo/Release-cxx11/shared/dynawo/ddb/LoadZIP.so
2020-10-05 10:26:08 | DEBUG | /home/kouki/Bureau/dynawo/install/gcc6.3.0/ModalAnalysisDynawo/Release-cxx11/shared/dynawo/ddb/GeneratorPV.so
2020-10-05 10:26:08 | DEBUG | /home/kouki/Bureau/dynawo/install/gcc6.3.0/ModalAnalysisDynawo/Release-cxx11/shared/dynawo/ddb/SetPoint.so
2020-10-05 10:26:08 | DEBUG | /home/kouki/Bureau/dynawo/install/gcc6.3.0/ModalAnalysisDynawo/Release-cxx11/shared/dynawo/ddb/GeneratorPVSignalN.so
2020-10-05 10:26:08 | DEBUG | /home/kouki/Bureau/dynawo/install/gcc6.3.0/ModalAnalysisDynawo/Release-cxx11/shared/dynawo/ddb/HvdcVSC.so
2020-10-05 10:26:08 | DEBUG | /home/kouki/Bureau/dynawo/install/gcc6.3.0/ModalAnalysisDynawo/Release-cxx11/shared/dynawo/ddb/CurrentLimitAutomaton.so
2020-10-05 10:26:08 | DEBUG | 
2020-10-05 10:26:08 | DEBUG | compilation files (and packages)
2020-10-05 10:26:08 | DEBUG | /home/kouki/Bureau/dynawo/install/gcc6.3.0/ModalAnalysisDynawo/Release-cxx11/shared/dynawo/ddb/Dynawo/package.mo
2020-10-05 10:26:08 | DEBUG | 
2020-10-05 10:26:08 | DEBUG | External variable files
2020-10-05 10:26:08 | DEBUG | /home/kouki/Bureau/dynawo/install/gcc6.3.0/ModalAnalysisDynawo/Release-cxx11/shared/dynawo/ddb/CurrentLimitAutomaton.extvar
2020-10-05 10:26:08 | DEBUG | /home/kouki/Bureau/dynawo/install/gcc6.3.0/ModalAnalysisDynawo/Release-cxx11/shared/dynawo/ddb/Dynawo/Electrical/Buses/Bus.extvar
2020-10-05 10:26:08 | DEBUG | /home/kouki/Bureau/dynawo/install/gcc6.3.0/ModalAnalysisDynawo/Release-cxx11/shared/dynawo/ddb/Dynawo/Electrical/Buses/InfiniteBus.extvar
2020-10-05 10:26:08 | DEBUG | /home/kouki/Bureau/dynawo/install/gcc6.3.0/ModalAnalysisDynawo/Release-cxx11/shared/dynawo/ddb/Dynawo/Electrical/Controls/Converters/BaseControls/CurrentLoop.extvar
2020-10-05 10:26:08 | DEBUG | /home/kouki/Bureau/dynawo/install/gcc6.3.0/ModalAnalysisDynawo/Release-cxx11/shared/dynawo/ddb/Dynawo/Electrical/Controls/Converters/BaseControls/DCVoltageControl.extvar
2020-10-05 10:26:08 | DEBUG | /home/kouki/Bureau/dynawo/install/gcc6.3.0/ModalAnalysisDynawo/Release-cxx11/shared/dynawo/ddb/Dynawo/Electrical/Controls/Converters/BaseControls/DispatchableVirtualOscillatorControl.extvar
2020-10-05 10:26:08 | DEBUG | /home/kouki/Bureau/dynawo/install/gcc6.3.0/ModalAnalysisDynawo/Release-cxx11/shared/dynawo/ddb/Dynawo/Electrical/Controls/Converters/BaseControls/DroopControl.extvar
2020-10-05 10:26:08 | DEBUG | /home/kouki/Bureau/dynawo/install/gcc6.3.0/ModalAnalysisDynawo/Release-cxx11/shared/dynawo/ddb/Dynawo/Electrical/Controls/Converters/BaseControls/MatchingControl.extvar
2020-10-05 10:26:08 | DEBUG | /home/kouki/Bureau/dynawo/install/gcc6.3.0/ModalAnalysisDynawo/Release-cxx11/shared/dynawo/ddb/Dynawo/Electrical/Controls/Converters/BaseControls/VirtualImpedance.extvar
2020-10-05 10:26:08 | DEBUG | /home/kouki/Bureau/dynawo/install/gcc6.3.0/ModalAnalysisDynawo/Release-cxx11/shared/dynawo/ddb/Dynawo/Electrical/Controls/Converters/BaseControls/VoltageLoop.extvar
2020-10-05 10:26:08 | DEBUG | /home/kouki/Bureau/dynawo/install/gcc6.3.0/ModalAnalysisDynawo/Release-cxx11/shared/dynawo/ddb/Dynawo/Electrical/Controls/Converters/GridFormingControlDispatchableVirtualOscillatorControl.extvar
2020-10-05 10:26:08 | DEBUG | /home/kouki/Bureau/dynawo/install/gcc6.3.0/ModalAnalysisDynawo/Release-cxx11/shared/dynawo/ddb/Dynawo/Electrical/Controls/Converters/GridFormingControlDroopControl.extvar
2020-10-05 10:26:08 | DEBUG | /home/kouki/Bureau/dynawo/install/gcc6.3.0/ModalAnalysisDynawo/Release-cxx11/shared/dynawo/ddb/Dynawo/Electrical/Controls/Converters/GridFormingControlMatchingControl.extvar
2020-10-05 10:26:08 | DEBUG | /home/kouki/Bureau/dynawo/install/gcc6.3.0/ModalAnalysisDynawo/Release-cxx11/shared/dynawo/ddb/Dynawo/Electrical/Controls/Current/CurrentLimitAutomaton.extvar
2020-10-05 10:26:08 | DEBUG | /home/kouki/Bureau/dynawo/install/gcc6.3.0/ModalAnalysisDynawo/Release-cxx11/shared/dynawo/ddb/Dynawo/Electrical/Controls/Generic/GenericAutomaton.extvar
2020-10-05 10:26:08 | DEBUG | /home/kouki/Bureau/dynawo/install/gcc6.3.0/ModalAnalysisDynawo/Release-cxx11/shared/dynawo/ddb/Dynawo/Electrical/Controls/Machines/Governors/GoverProportional.extvar
2020-10-05 10:26:08 | DEBUG | /home/kouki/Bureau/dynawo/install/gcc6.3.0/ModalAnalysisDynawo/Release-cxx11/shared/dynawo/ddb/Dynawo/Electrical/Controls/Machines/Protections/UVA.extvar
2020-10-05 10:26:08 | DEBUG | /home/kouki/Bureau/dynawo/install/gcc6.3.0/ModalAnalysisDynawo/Release-cxx11/shared/dynawo/ddb/Dynawo/Electrical/Controls/Machines/VoltageRegulators/VRProportional.extvar
2020-10-05 10:26:08 | DEBUG | /home/kouki/Bureau/dynawo/install/gcc6.3.0/ModalAnalysisDynawo/Release-cxx11/shared/dynawo/ddb/Dynawo/Electrical/Controls/Machines/VoltageRegulators/VRProportionalIntegral.extvar
2020-10-05 10:26:08 | DEBUG | /home/kouki/Bureau/dynawo/install/gcc6.3.0/ModalAnalysisDynawo/Release-cxx11/shared/dynawo/ddb/Dynawo/Electrical/Controls/Machines/VoltageRegulators/VRProportionalReactiveFeedback.extvar
2020-10-05 10:26:08 | DEBUG | /home/kouki/Bureau/dynawo/install/gcc6.3.0/ModalAnalysisDynawo/Release-cxx11/shared/dynawo/ddb/Dynawo/Electrical/Controls/PLL/PLL.extvar
2020-10-05 10:26:08 | DEBUG | /home/kouki/Bureau/dynawo/install/gcc6.3.0/ModalAnalysisDynawo/Release-cxx11/shared/dynawo/ddb/Dynawo/Electrical/Controls/Shunts/SectionControl.extvar
2020-10-05 10:26:08 | DEBUG | /home/kouki/Bureau/dynawo/install/gcc6.3.0/ModalAnalysisDynawo/Release-cxx11/shared/dynawo/ddb/Dynawo/Electrical/Controls/Transformers/PhaseShifterI.extvar
2020-10-05 10:26:08 | DEBUG | /home/kouki/Bureau/dynawo/install/gcc6.3.0/ModalAnalysisDynawo/Release-cxx11/shared/dynawo/ddb/Dynawo/Electrical/Controls/Transformers/PhaseShifterP.extvar
2020-10-05 10:26:08 | DEBUG | /home/kouki/Bureau/dynawo/install/gcc6.3.0/ModalAnalysisDynawo/Release-cxx11/shared/dynawo/ddb/Dynawo/Electrical/Controls/Transformers/TapChanger.extvar
2020-10-05 10:26:08 | DEBUG | /home/kouki/Bureau/dynawo/install/gcc6.3.0/ModalAnalysisDynawo/Release-cxx11/shared/dynawo/ddb/Dynawo/Electrical/Controls/Voltage/TCL.extvar
2020-10-05 10:26:08 | DEBUG | /home/kouki/Bureau/dynawo/install/gcc6.3.0/ModalAnalysisDynawo/Release-cxx11/shared/dynawo/ddb/Dynawo/Electrical/Controls/Voltage/VRRemote.extvar
2020-10-05 10:26:08 | DEBUG | /home/kouki/Bureau/dynawo/install/gcc6.3.0/ModalAnalysisDynawo/Release-cxx11/shared/dynawo/ddb/Dynawo/Electrical/Events/NodeFault.extvar
2020-10-05 10:26:08 | DEBUG | /home/kouki/Bureau/dynawo/install/gcc6.3.0/ModalAnalysisDynawo/Release-cxx11/shared/dynawo/ddb/Dynawo/Electrical/HVDC/BaseControls/ACEmulation.extvar
2020-10-05 10:26:08 | DEBUG | /home/kouki/Bureau/dynawo/install/gcc6.3.0/ModalAnalysisDynawo/Release-cxx11/shared/dynawo/ddb/Dynawo/Electrical/HVDC/HvdcPTanPhi/HvdcPTanPhi.extvar
2020-10-05 10:26:08 | DEBUG | /home/kouki/Bureau/dynawo/install/gcc6.3.0/ModalAnalysisDynawo/Release-cxx11/shared/dynawo/ddb/Dynawo/Electrical/HVDC/HvdcPV/HvdcPV.extvar
2020-10-05 10:26:08 | DEBUG | /home/kouki/Bureau/dynawo/install/gcc6.3.0/ModalAnalysisDynawo/Release-cxx11/shared/dynawo/ddb/Dynawo/Electrical/HVDC/HvdcVSC/HvdcVSC.extvar
2020-10-05 10:26:08 | DEBUG | /home/kouki/Bureau/dynawo/install/gcc6.3.0/ModalAnalysisDynawo/Release-cxx11/shared/dynawo/ddb/Dynawo/Electrical/Lines/Line.extvar
2020-10-05 10:26:08 | DEBUG | /home/kouki/Bureau/dynawo/install/gcc6.3.0/ModalAnalysisDynawo/Release-cxx11/shared/dynawo/ddb/Dynawo/Electrical/Loads/LoadAlphaBeta.extvar
2020-10-05 10:26:08 | DEBUG | /home/kouki/Bureau/dynawo/install/gcc6.3.0/ModalAnalysisDynawo/Release-cxx11/shared/dynawo/ddb/Dynawo/Electrical/Loads/LoadAlphaBetaRestorative.extvar
2020-10-05 10:26:08 | DEBUG | /home/kouki/Bureau/dynawo/install/gcc6.3.0/ModalAnalysisDynawo/Release-cxx11/shared/dynawo/ddb/Dynawo/Electrical/Loads/LoadPQ.extvar
2020-10-05 10:26:08 | DEBUG | /home/kouki/Bureau/dynawo/install/gcc6.3.0/ModalAnalysisDynawo/Release-cxx11/shared/dynawo/ddb/Dynawo/Electrical/Loads/LoadZIP.extvar
2020-10-05 10:26:08 | DEBUG | /home/kouki/Bureau/dynawo/install/gcc6.3.0/ModalAnalysisDynawo/Release-cxx11/shared/dynawo/ddb/Dynawo/Electrical/Loads/SwitchOffLoad.extvar
2020-10-05 10:26:08 | DEBUG | /home/kouki/Bureau/dynawo/install/gcc6.3.0/ModalAnalysisDynawo/Release-cxx11/shared/dynawo/ddb/Dynawo/Electrical/Machines/GeneratorFictitious.extvar
2020-10-05 10:26:08 | DEBUG | /home/kouki/Bureau/dynawo/install/gcc6.3.0/ModalAnalysisDynawo/Release-cxx11/shared/dynawo/ddb/Dynawo/Electrical/Machines/GeneratorPQ.extvar
2020-10-05 10:26:08 | DEBUG | /home/kouki/Bureau/dynawo/install/gcc6.3.0/ModalAnalysisDynawo/Release-cxx11/shared/dynawo/ddb/Dynawo/Electrical/Machines/GeneratorPV.extvar
2020-10-05 10:26:08 | DEBUG | /home/kouki/Bureau/dynawo/install/gcc6.3.0/ModalAnalysisDynawo/Release-cxx11/shared/dynawo/ddb/Dynawo/Electrical/Machines/GeneratorSynchronous.extvar
2020-10-05 10:26:08 | DEBUG | /home/kouki/Bureau/dynawo/install/gcc6.3.0/ModalAnalysisDynawo/Release-cxx11/shared/dynawo/ddb/Dynawo/Electrical/Machines/SignalN/GeneratorPQProp.extvar
2020-10-05 10:26:08 | DEBUG | /home/kouki/Bureau/dynawo/install/gcc6.3.0/ModalAnalysisDynawo/Release-cxx11/shared/dynawo/ddb/Dynawo/Electrical/Machines/SignalN/GeneratorPV.extvar
2020-10-05 10:26:08 | DEBUG | /home/kouki/Bureau/dynawo/install/gcc6.3.0/ModalAnalysisDynawo/Release-cxx11/shared/dynawo/ddb/Dynawo/Electrical/Machines/SignalN/GeneratorPVDiagramPQ.extvar
2020-10-05 10:26:08 | DEBUG | /home/kouki/Bureau/dynawo/install/gcc6.3.0/ModalAnalysisDynawo/Release-cxx11/shared/dynawo/ddb/Dynawo/Electrical/Machines/SignalN/GeneratorPVProp.extvar
2020-10-05 10:26:08 | DEBUG | /home/kouki/Bureau/dynawo/install/gcc6.3.0/ModalAnalysisDynawo/Release-cxx11/shared/dynawo/ddb/Dynawo/Electrical/Machines/SignalN/GeneratorPVRemote.extvar
2020-10-05 10:26:08 | DEBUG | /home/kouki/Bureau/dynawo/install/gcc6.3.0/ModalAnalysisDynawo/Release-cxx11/shared/dynawo/ddb/Dynawo/Electrical/Machines/SwitchOffGenerator.extvar
2020-10-05 10:26:08 | DEBUG | /home/kouki/Bureau/dynawo/install/gcc6.3.0/ModalAnalysisDynawo/Release-cxx11/shared/dynawo/ddb/Dynawo/Electrical/Shunts/ShuntBWithSections.extvar
2020-10-05 10:26:08 | DEBUG | /home/kouki/Bureau/dynawo/install/gcc6.3.0/ModalAnalysisDynawo/Release-cxx11/shared/dynawo/ddb/Dynawo/Electrical/Sources/Converter.extvar
2020-10-05 10:26:08 | DEBUG | /home/kouki/Bureau/dynawo/install/gcc6.3.0/ModalAnalysisDynawo/Release-cxx11/shared/dynawo/ddb/Dynawo/Electrical/Sources/InjectorBG.extvar
2020-10-05 10:26:08 | DEBUG | /home/kouki/Bureau/dynawo/install/gcc6.3.0/ModalAnalysisDynawo/Release-cxx11/shared/dynawo/ddb/Dynawo/Electrical/Sources/InjectorIDQ.extvar
2020-10-05 10:26:08 | DEBUG | /home/kouki/Bureau/dynawo/install/gcc6.3.0/ModalAnalysisDynawo/Release-cxx11/shared/dynawo/ddb/Dynawo/Electrical/StaticVarCompensators/SVarCPV.extvar
2020-10-05 10:26:08 | DEBUG | /home/kouki/Bureau/dynawo/install/gcc6.3.0/ModalAnalysisDynawo/Release-cxx11/shared/dynawo/ddb/Dynawo/Electrical/StaticVarCompensators/SVarCStandard.extvar
2020-10-05 10:26:08 | DEBUG | /home/kouki/Bureau/dynawo/install/gcc6.3.0/ModalAnalysisDynawo/Release-cxx11/shared/dynawo/ddb/Dynawo/Electrical/Switches/IdealSwitch.extvar
2020-10-05 10:26:08 | DEBUG | /home/kouki/Bureau/dynawo/install/gcc6.3.0/ModalAnalysisDynawo/Release-cxx11/shared/dynawo/ddb/Dynawo/Electrical/Transformers/GeneratorTransformer.extvar
2020-10-05 10:26:08 | DEBUG | /home/kouki/Bureau/dynawo/install/gcc6.3.0/ModalAnalysisDynawo/Release-cxx11/shared/dynawo/ddb/Dynawo/Electrical/Transformers/IdealTransformerVariableTap.extvar
2020-10-05 10:26:08 | DEBUG | /home/kouki/Bureau/dynawo/install/gcc6.3.0/ModalAnalysisDynawo/Release-cxx11/shared/dynawo/ddb/Dynawo/Electrical/Transformers/TransformerFixedRatio.extvar
2020-10-05 10:26:08 | DEBUG | /home/kouki/Bureau/dynawo/install/gcc6.3.0/ModalAnalysisDynawo/Release-cxx11/shared/dynawo/ddb/Dynawo/Electrical/Transformers/TransformerVariableTap.extvar
2020-10-05 10:26:08 | DEBUG | /home/kouki/Bureau/dynawo/install/gcc6.3.0/ModalAnalysisDynawo/Release-cxx11/shared/dynawo/ddb/GeneratorFictitious.extvar
2020-10-05 10:26:08 | DEBUG | /home/kouki/Bureau/dynawo/install/gcc6.3.0/ModalAnalysisDynawo/Release-cxx11/shared/dynawo/ddb/GeneratorPQ.extvar
2020-10-05 10:26:08 | DEBUG | /home/kouki/Bureau/dynawo/install/gcc6.3.0/ModalAnalysisDynawo/Release-cxx11/shared/dynawo/ddb/GeneratorPQPropSignalN.extvar
2020-10-05 10:26:08 | DEBUG | /home/kouki/Bureau/dynawo/install/gcc6.3.0/ModalAnalysisDynawo/Release-cxx11/shared/dynawo/ddb/GeneratorPV.extvar
2020-10-05 10:26:08 | DEBUG | /home/kouki/Bureau/dynawo/install/gcc6.3.0/ModalAnalysisDynawo/Release-cxx11/shared/dynawo/ddb/GeneratorPVDiagramPQSignalN.extvar
2020-10-05 10:26:08 | DEBUG | /home/kouki/Bureau/dynawo/install/gcc6.3.0/ModalAnalysisDynawo/Release-cxx11/shared/dynawo/ddb/GeneratorPVDiagramPQWithImpedanceSignalN.extvar
2020-10-05 10:26:08 | DEBUG | /home/kouki/Bureau/dynawo/install/gcc6.3.0/ModalAnalysisDynawo/Release-cxx11/shared/dynawo/ddb/GeneratorPVPropSignalN.extvar
2020-10-05 10:26:08 | DEBUG | /home/kouki/Bureau/dynawo/install/gcc6.3.0/ModalAnalysisDynawo/Release-cxx11/shared/dynawo/ddb/GeneratorPVRemoteSignalN.extvar
2020-10-05 10:26:08 | DEBUG | /home/kouki/Bureau/dynawo/install/gcc6.3.0/ModalAnalysisDynawo/Release-cxx11/shared/dynawo/ddb/GeneratorPVSignalN.extvar
2020-10-05 10:26:08 | DEBUG | /home/kouki/Bureau/dynawo/install/gcc6.3.0/ModalAnalysisDynawo/Release-cxx11/shared/dynawo/ddb/GeneratorPVWithImpedanceSignalN.extvar
2020-10-05 10:26:08 | DEBUG | /home/kouki/Bureau/dynawo/install/gcc6.3.0/ModalAnalysisDynawo/Release-cxx11/shared/dynawo/ddb/GeneratorSynchronousFourWindings.extvar
2020-10-05 10:26:08 | DEBUG | /home/kouki/Bureau/dynawo/install/gcc6.3.0/ModalAnalysisDynawo/Release-cxx11/shared/dynawo/ddb/GeneratorSynchronousFourWindingsGoverPropVRPropInt.extvar
2020-10-05 10:26:08 | DEBUG | /home/kouki/Bureau/dynawo/install/gcc6.3.0/ModalAnalysisDynawo/Release-cxx11/shared/dynawo/ddb/GeneratorSynchronousFourWindingsProportionalRegulations.extvar
2020-10-05 10:26:08 | DEBUG | /home/kouki/Bureau/dynawo/install/gcc6.3.0/ModalAnalysisDynawo/Release-cxx11/shared/dynawo/ddb/GeneratorSynchronousThreeWindings.extvar
2020-10-05 10:26:08 | DEBUG | /home/kouki/Bureau/dynawo/install/gcc6.3.0/ModalAnalysisDynawo/Release-cxx11/shared/dynawo/ddb/GeneratorSynchronousThreeWindingsGoverPropVRPropInt.extvar
2020-10-05 10:26:08 | DEBUG | /home/kouki/Bureau/dynawo/install/gcc6.3.0/ModalAnalysisDynawo/Release-cxx11/shared/dynawo/ddb/GeneratorSynchronousThreeWindingsProportionalRegulations.extvar
2020-10-05 10:26:08 | DEBUG | /home/kouki/Bureau/dynawo/install/gcc6.3.0/ModalAnalysisDynawo/Release-cxx11/shared/dynawo/ddb/GenericAutomaton.extvar
2020-10-05 10:26:08 | DEBUG | /home/kouki/Bureau/dynawo/install/gcc6.3.0/ModalAnalysisDynawo/Release-cxx11/shared/dynawo/ddb/GridFormingConverterDispatchableVirtualOscillatorControl.extvar
2020-10-05 10:26:08 | DEBUG | /home/kouki/Bureau/dynawo/install/gcc6.3.0/ModalAnalysisDynawo/Release-cxx11/shared/dynawo/ddb/GridFormingConverterDroopControl.extvar
2020-10-05 10:26:08 | DEBUG | /home/kouki/Bureau/dynawo/install/gcc6.3.0/ModalAnalysisDynawo/Release-cxx11/shared/dynawo/ddb/GridFormingConverterMatchingControl.extvar
2020-10-05 10:26:08 | DEBUG | /home/kouki/Bureau/dynawo/install/gcc6.3.0/ModalAnalysisDynawo/Release-cxx11/shared/dynawo/ddb/HvdcPTanPhi.extvar
2020-10-05 10:26:08 | DEBUG | /home/kouki/Bureau/dynawo/install/gcc6.3.0/ModalAnalysisDynawo/Release-cxx11/shared/dynawo/ddb/HvdcPVEmulation.extvar
2020-10-05 10:26:08 | DEBUG | /home/kouki/Bureau/dynawo/install/gcc6.3.0/ModalAnalysisDynawo/Release-cxx11/shared/dynawo/ddb/HvdcVSC.extvar
2020-10-05 10:26:08 | DEBUG | /home/kouki/Bureau/dynawo/install/gcc6.3.0/ModalAnalysisDynawo/Release-cxx11/shared/dynawo/ddb/InfiniteBus.extvar
2020-10-05 10:26:08 | DEBUG | /home/kouki/Bureau/dynawo/install/gcc6.3.0/ModalAnalysisDynawo/Release-cxx11/shared/dynawo/ddb/InjectorBG.extvar
2020-10-05 10:26:08 | DEBUG | /home/kouki/Bureau/dynawo/install/gcc6.3.0/ModalAnalysisDynawo/Release-cxx11/shared/dynawo/ddb/Line.extvar
2020-10-05 10:26:08 | DEBUG | /home/kouki/Bureau/dynawo/install/gcc6.3.0/ModalAnalysisDynawo/Release-cxx11/shared/dynawo/ddb/LoadAlphaBeta.extvar
2020-10-05 10:26:08 | DEBUG | /home/kouki/Bureau/dynawo/install/gcc6.3.0/ModalAnalysisDynawo/Release-cxx11/shared/dynawo/ddb/LoadAlphaBetaRestorative.extvar
2020-10-05 10:26:08 | DEBUG | /home/kouki/Bureau/dynawo/install/gcc6.3.0/ModalAnalysisDynawo/Release-cxx11/shared/dynawo/ddb/LoadOneTransformer.extvar
2020-10-05 10:26:08 | DEBUG | /home/kouki/Bureau/dynawo/install/gcc6.3.0/ModalAnalysisDynawo/Release-cxx11/shared/dynawo/ddb/LoadOneTransformerTapChanger.extvar
2020-10-05 10:26:08 | DEBUG | /home/kouki/Bureau/dynawo/install/gcc6.3.0/ModalAnalysisDynawo/Release-cxx11/shared/dynawo/ddb/LoadPQ.extvar
2020-10-05 10:26:08 | DEBUG | /home/kouki/Bureau/dynawo/install/gcc6.3.0/ModalAnalysisDynawo/Release-cxx11/shared/dynawo/ddb/LoadTwoTransformers.extvar
2020-10-05 10:26:08 | DEBUG | /home/kouki/Bureau/dynawo/install/gcc6.3.0/ModalAnalysisDynawo/Release-cxx11/shared/dynawo/ddb/LoadTwoTransformersTapChangers.extvar
2020-10-05 10:26:08 | DEBUG | /home/kouki/Bureau/dynawo/install/gcc6.3.0/ModalAnalysisDynawo/Release-cxx11/shared/dynawo/ddb/LoadZIP.extvar
2020-10-05 10:26:08 | DEBUG | /home/kouki/Bureau/dynawo/install/gcc6.3.0/ModalAnalysisDynawo/Release-cxx11/shared/dynawo/ddb/NodeFault.extvar
2020-10-05 10:26:08 | DEBUG | /home/kouki/Bureau/dynawo/install/gcc6.3.0/ModalAnalysisDynawo/Release-cxx11/shared/dynawo/ddb/PhaseShifterI.extvar
2020-10-05 10:26:08 | DEBUG | /home/kouki/Bureau/dynawo/install/gcc6.3.0/ModalAnalysisDynawo/Release-cxx11/shared/dynawo/ddb/PhaseShifterP.extvar
2020-10-05 10:26:08 | DEBUG | /home/kouki/Bureau/dynawo/install/gcc6.3.0/ModalAnalysisDynawo/Release-cxx11/shared/dynawo/ddb/ShuntBWithSections.extvar
2020-10-05 10:26:08 | DEBUG | /home/kouki/Bureau/dynawo/install/gcc6.3.0/ModalAnalysisDynawo/Release-cxx11/shared/dynawo/ddb/ShuntBWithSectionsWithRegulation.extvar
2020-10-05 10:26:08 | DEBUG | /home/kouki/Bureau/dynawo/install/gcc6.3.0/ModalAnalysisDynawo/Release-cxx11/shared/dynawo/ddb/StaticVarCompensator.extvar
2020-10-05 10:26:08 | DEBUG | /home/kouki/Bureau/dynawo/install/gcc6.3.0/ModalAnalysisDynawo/Release-cxx11/shared/dynawo/ddb/StaticVarCompensatorPV.extvar
2020-10-05 10:26:08 | DEBUG | /home/kouki/Bureau/dynawo/install/gcc6.3.0/ModalAnalysisDynawo/Release-cxx11/shared/dynawo/ddb/TapChangerAutomaton.extvar
2020-10-05 10:26:08 | DEBUG | /home/kouki/Bureau/dynawo/install/gcc6.3.0/ModalAnalysisDynawo/Release-cxx11/shared/dynawo/ddb/TapChangerBlockingArea.extvar
2020-10-05 10:26:08 | DEBUG | /home/kouki/Bureau/dynawo/install/gcc6.3.0/ModalAnalysisDynawo/Release-cxx11/shared/dynawo/ddb/TransformerFixedRatio.extvar
2020-10-05 10:26:08 | DEBUG | /home/kouki/Bureau/dynawo/install/gcc6.3.0/ModalAnalysisDynawo/Release-cxx11/shared/dynawo/ddb/UnderVoltageAutomaton.extvar
2020-10-05 10:26:08 | DEBUG | /home/kouki/Bureau/dynawo/install/gcc6.3.0/ModalAnalysisDynawo/Release-cxx11/shared/dynawo/ddb/VRRemote.extvar
2020-10-05 10:26:08 | DEBUG | 
2020-10-05 10:26:08 | INFO | ====================================================================================================
2020-10-05 10:26:08 | INFO | |                                                                                                  |
2020-10-05 10:26:08 | INFO | |                                       compiling GEN____1_SM                                      |
2020-10-05 10:26:08 | INFO | |                                                                                                  |
2020-10-05 10:26:08 | INFO | ====================================================================================================
2020-10-05 10:26:08 | INFO | setlib: GeneratorSynchronousFourWindingsProportionalRegulations : 
2020-10-05 10:26:08 | INFO | blackBox Model: GEN____1_SM. Compilation succeed.
2020-10-05 10:26:08 | INFO | compiled model ID: GEN____1_SM
2020-10-05 10:26:08 | INFO | ====================================================================================================
2020-10-05 10:26:08 | INFO | |                                                                                                  |
2020-10-05 10:26:08 | INFO | |                                       compiling GEN____2_SM                                      |
2020-10-05 10:26:08 | INFO | |                                                                                                  |
2020-10-05 10:26:08 | INFO | ====================================================================================================
2020-10-05 10:26:08 | INFO | setlib: GeneratorSynchronousFourWindingsProportionalRegulations : 
2020-10-05 10:26:08 | INFO | blackBox Model: GEN____2_SM. Compilation succeed.
2020-10-05 10:26:08 | INFO | compiled model ID: GEN____2_SM
2020-10-05 10:26:08 | INFO | ====================================================================================================
2020-10-05 10:26:08 | INFO | |                                                                                                  |
2020-10-05 10:26:08 | INFO | |                                       compiling GEN____3_SM                                      |
2020-10-05 10:26:08 | INFO | |                                                                                                  |
2020-10-05 10:26:08 | INFO | ====================================================================================================
2020-10-05 10:26:08 | INFO | setlib: GeneratorSynchronousFourWindingsProportionalRegulations : 
2020-10-05 10:26:08 | INFO | blackBox Model: GEN____3_SM. Compilation succeed.
2020-10-05 10:26:08 | INFO | compiled model ID: GEN____3_SM
2020-10-05 10:26:08 | INFO | ====================================================================================================
2020-10-05 10:26:08 | INFO | |                                                                                                  |
2020-10-05 10:26:08 | INFO | |                                       compiling GEN____6_SM                                      |
2020-10-05 10:26:08 | INFO | |                                                                                                  |
2020-10-05 10:26:08 | INFO | ====================================================================================================
2020-10-05 10:26:08 | INFO | setlib: GeneratorSynchronousThreeWindingsProportionalRegulations : 
2020-10-05 10:26:08 | INFO | blackBox Model: GEN____6_SM. Compilation succeed.
2020-10-05 10:26:08 | INFO | compiled model ID: GEN____6_SM
2020-10-05 10:26:08 | INFO | ====================================================================================================
2020-10-05 10:26:08 | INFO | |                                                                                                  |
2020-10-05 10:26:08 | INFO | |                                       compiling GEN____8_SM                                      |
2020-10-05 10:26:08 | INFO | |                                                                                                  |
2020-10-05 10:26:08 | INFO | ====================================================================================================
2020-10-05 10:26:08 | INFO | setlib: GeneratorSynchronousThreeWindingsProportionalRegulations : 
2020-10-05 10:26:08 | INFO | blackBox Model: GEN____8_SM. Compilation succeed.
2020-10-05 10:26:08 | INFO | compiled model ID: GEN____8_SM
2020-10-05 10:26:08 | INFO | ====================================================================================================
2020-10-05 10:26:08 | INFO | |                                                                                                  |
2020-10-05 10:26:08 | INFO | |                                        compiling OMEGA_REF                                       |
2020-10-05 10:26:08 | INFO | |                                                                                                  |
2020-10-05 10:26:08 | INFO | ====================================================================================================
2020-10-05 10:26:08 | INFO | setlib: DYNModelOmegaRef : 
2020-10-05 10:26:08 | INFO | blackBox Model: OMEGA_REF. Compilation succeed.
2020-10-05 10:26:08 | INFO | compiled model ID: OMEGA_REF
2020-10-05 10:26:08 | INFO | ====================================================================================================
2020-10-05 10:26:08 | INFO | |                                                                                                  |
2020-10-05 10:26:08 | INFO | |                                       compiling _LOAD__10_EC                                     |
2020-10-05 10:26:08 | INFO | |                                                                                                  |
2020-10-05 10:26:08 | INFO | ====================================================================================================
2020-10-05 10:26:08 | INFO | setlib: LoadAlphaBeta : 
2020-10-05 10:26:08 | INFO | blackBox Model: _LOAD__10_EC. Compilation succeed.
2020-10-05 10:26:08 | INFO | compiled model ID: _LOAD__10_EC
2020-10-05 10:26:08 | INFO | ====================================================================================================
2020-10-05 10:26:08 | INFO | |                                                                                                  |
2020-10-05 10:26:08 | INFO | |                                       compiling _LOAD__11_EC                                     |
2020-10-05 10:26:08 | INFO | |                                                                                                  |
2020-10-05 10:26:08 | INFO | ====================================================================================================
2020-10-05 10:26:08 | INFO | setlib: LoadAlphaBeta : 
2020-10-05 10:26:08 | INFO | blackBox Model: _LOAD__11_EC. Compilation succeed.
2020-10-05 10:26:08 | INFO | compiled model ID: _LOAD__11_EC
2020-10-05 10:26:08 | INFO | ====================================================================================================
2020-10-05 10:26:08 | INFO | |                                                                                                  |
2020-10-05 10:26:08 | INFO | |                                       compiling _LOAD__12_EC                                     |
2020-10-05 10:26:08 | INFO | |                                                                                                  |
2020-10-05 10:26:08 | INFO | ====================================================================================================
2020-10-05 10:26:08 | INFO | setlib: LoadAlphaBeta : 
2020-10-05 10:26:08 | INFO | blackBox Model: _LOAD__12_EC. Compilation succeed.
2020-10-05 10:26:08 | INFO | compiled model ID: _LOAD__12_EC
2020-10-05 10:26:08 | INFO | ====================================================================================================
2020-10-05 10:26:08 | INFO | |                                                                                                  |
2020-10-05 10:26:08 | INFO | |                                       compiling _LOAD__13_EC                                     |
2020-10-05 10:26:08 | INFO | |                                                                                                  |
2020-10-05 10:26:08 | INFO | ====================================================================================================
2020-10-05 10:26:08 | INFO | setlib: LoadAlphaBeta : 
2020-10-05 10:26:08 | INFO | blackBox Model: _LOAD__13_EC. Compilation succeed.
2020-10-05 10:26:08 | INFO | compiled model ID: _LOAD__13_EC
2020-10-05 10:26:08 | INFO | ====================================================================================================
2020-10-05 10:26:08 | INFO | |                                                                                                  |
2020-10-05 10:26:08 | INFO | |                                       compiling _LOAD__14_EC                                     |
2020-10-05 10:26:08 | INFO | |                                                                                                  |
2020-10-05 10:26:08 | INFO | ====================================================================================================
2020-10-05 10:26:08 | INFO | setlib: LoadAlphaBeta : 
2020-10-05 10:26:08 | INFO | blackBox Model: _LOAD__14_EC. Compilation succeed.
2020-10-05 10:26:08 | INFO | compiled model ID: _LOAD__14_EC
2020-10-05 10:26:08 | INFO | ====================================================================================================
2020-10-05 10:26:08 | INFO | |                                                                                                  |
2020-10-05 10:26:08 | INFO | |                                       compiling _LOAD___2_EC                                     |
2020-10-05 10:26:08 | INFO | |                                                                                                  |
2020-10-05 10:26:08 | INFO | ====================================================================================================
2020-10-05 10:26:08 | INFO | setlib: LoadAlphaBeta : 
2020-10-05 10:26:08 | INFO | blackBox Model: _LOAD___2_EC. Compilation succeed.
2020-10-05 10:26:08 | INFO | compiled model ID: _LOAD___2_EC
2020-10-05 10:26:08 | INFO | ====================================================================================================
2020-10-05 10:26:08 | INFO | |                                                                                                  |
2020-10-05 10:26:08 | INFO | |                                       compiling _LOAD___3_EC                                     |
2020-10-05 10:26:08 | INFO | |                                                                                                  |
2020-10-05 10:26:08 | INFO | ====================================================================================================
2020-10-05 10:26:08 | INFO | setlib: LoadAlphaBeta : 
2020-10-05 10:26:08 | INFO | blackBox Model: _LOAD___3_EC. Compilation succeed.
2020-10-05 10:26:08 | INFO | compiled model ID: _LOAD___3_EC
2020-10-05 10:26:08 | INFO | ====================================================================================================
2020-10-05 10:26:08 | INFO | |                                                                                                  |
2020-10-05 10:26:08 | INFO | |                                       compiling _LOAD___4_EC                                     |
2020-10-05 10:26:08 | INFO | |                                                                                                  |
2020-10-05 10:26:08 | INFO | ====================================================================================================
2020-10-05 10:26:08 | INFO | setlib: LoadAlphaBeta : 
2020-10-05 10:26:08 | INFO | blackBox Model: _LOAD___4_EC. Compilation succeed.
2020-10-05 10:26:08 | INFO | compiled model ID: _LOAD___4_EC
2020-10-05 10:26:08 | INFO | ====================================================================================================
2020-10-05 10:26:08 | INFO | |                                                                                                  |
2020-10-05 10:26:08 | INFO | |                                       compiling _LOAD___5_EC                                     |
2020-10-05 10:26:08 | INFO | |                                                                                                  |
2020-10-05 10:26:08 | INFO | ====================================================================================================
2020-10-05 10:26:08 | INFO | setlib: LoadAlphaBeta : 
2020-10-05 10:26:08 | INFO | blackBox Model: _LOAD___5_EC. Compilation succeed.
2020-10-05 10:26:08 | INFO | compiled model ID: _LOAD___5_EC
2020-10-05 10:26:08 | INFO | ====================================================================================================
2020-10-05 10:26:08 | INFO | |                                                                                                  |
2020-10-05 10:26:08 | INFO | |                                       compiling _LOAD___6_EC                                     |
2020-10-05 10:26:08 | INFO | |                                                                                                  |
2020-10-05 10:26:08 | INFO | ====================================================================================================
2020-10-05 10:26:08 | INFO | setlib: LoadAlphaBeta : 
2020-10-05 10:26:08 | INFO | blackBox Model: _LOAD___6_EC. Compilation succeed.
2020-10-05 10:26:08 | INFO | compiled model ID: _LOAD___6_EC
2020-10-05 10:26:08 | INFO | ====================================================================================================
2020-10-05 10:26:08 | INFO | |                                                                                                  |
2020-10-05 10:26:08 | INFO | |                                       compiling _LOAD___9_EC                                     |
2020-10-05 10:26:08 | INFO | |                                                                                                  |
2020-10-05 10:26:08 | INFO | ====================================================================================================
2020-10-05 10:26:08 | INFO | setlib: LoadAlphaBeta : 
2020-10-05 10:26:08 | INFO | blackBox Model: _LOAD___9_EC. Compilation succeed.
2020-10-05 10:26:08 | INFO | compiled model ID: _LOAD___9_EC
2020-10-05 10:26:08 | INFO | COMPILATION ACCOMPLISHED.
