2020-10-05 10:26:08 | INFO |  ============================================================ 
2020-10-05 10:26:08 | INFO | DYNAWO VERSION  :     1.3.0
2020-10-05 10:26:08 | INFO | DYNAWO REVISION :  ModalAnalysisDynawo-1a4ade8
2020-10-05 10:26:08 | INFO |  ============================================================ 
2020-10-05 10:26:08 | INFO | 
2020-10-05 10:26:08 | INFO | -----------------------------------------------------------------------
2020-10-05 10:26:08 | INFO | building model from input files
2020-10-05 10:26:08 | INFO | -----------------------------------------------------------------------
2020-10-05 10:26:08 | INFO | model was built successfully
2020-10-05 10:26:08 | INFO | -----------------------------------------------------------------------
2020-10-05 10:26:08 | INFO | 
2020-10-05 10:26:08 | INFO | -----------------------------------------------------------------------
2020-10-05 10:26:08 | INFO | starting local initialization
2020-10-05 10:26:08 | INFO | -----------------------------------------------------------------------
2020-10-05 10:26:08 | DEBUG | keep SubNetworks num : 0
2020-10-05 10:26:08 | DEBUG | ------------------------------
2020-10-05 10:26:08 | DEBUG | starting local initialization of model GEN____1_SM
2020-10-05 10:26:08 | DEBUG | local initialization of model GEN____1_SM ended successfully
2020-10-05 10:26:08 | DEBUG | ------------------------------
2020-10-05 10:26:08 | DEBUG | starting local initialization of model GEN____2_SM
2020-10-05 10:26:08 | DEBUG | local initialization of model GEN____2_SM ended successfully
2020-10-05 10:26:08 | DEBUG | ------------------------------
2020-10-05 10:26:08 | DEBUG | starting local initialization of model GEN____3_SM
2020-10-05 10:26:08 | DEBUG | local initialization of model GEN____3_SM ended successfully
2020-10-05 10:26:08 | DEBUG | ------------------------------
2020-10-05 10:26:08 | DEBUG | starting local initialization of model GEN____6_SM
2020-10-05 10:26:08 | DEBUG | local initialization of model GEN____6_SM ended successfully
2020-10-05 10:26:08 | DEBUG | ------------------------------
2020-10-05 10:26:08 | DEBUG | starting local initialization of model GEN____8_SM
2020-10-05 10:26:08 | DEBUG | local initialization of model GEN____8_SM ended successfully
2020-10-05 10:26:08 | DEBUG | ------------------------------
2020-10-05 10:26:08 | DEBUG | starting local initialization of model _LOAD__10_EC
2020-10-05 10:26:08 | DEBUG | local initialization of model _LOAD__10_EC ended successfully
2020-10-05 10:26:08 | DEBUG | ------------------------------
2020-10-05 10:26:08 | DEBUG | starting local initialization of model _LOAD__11_EC
2020-10-05 10:26:08 | DEBUG | local initialization of model _LOAD__11_EC ended successfully
2020-10-05 10:26:08 | DEBUG | ------------------------------
2020-10-05 10:26:08 | DEBUG | starting local initialization of model _LOAD__12_EC
2020-10-05 10:26:08 | DEBUG | local initialization of model _LOAD__12_EC ended successfully
2020-10-05 10:26:08 | DEBUG | ------------------------------
2020-10-05 10:26:08 | DEBUG | starting local initialization of model _LOAD__13_EC
2020-10-05 10:26:08 | DEBUG | local initialization of model _LOAD__13_EC ended successfully
2020-10-05 10:26:08 | DEBUG | ------------------------------
2020-10-05 10:26:08 | DEBUG | starting local initialization of model _LOAD__14_EC
2020-10-05 10:26:08 | DEBUG | local initialization of model _LOAD__14_EC ended successfully
2020-10-05 10:26:08 | DEBUG | ------------------------------
2020-10-05 10:26:08 | DEBUG | starting local initialization of model _LOAD___2_EC
2020-10-05 10:26:08 | DEBUG | local initialization of model _LOAD___2_EC ended successfully
2020-10-05 10:26:08 | DEBUG | ------------------------------
2020-10-05 10:26:08 | DEBUG | starting local initialization of model _LOAD___3_EC
2020-10-05 10:26:08 | DEBUG | local initialization of model _LOAD___3_EC ended successfully
2020-10-05 10:26:08 | DEBUG | ------------------------------
2020-10-05 10:26:08 | DEBUG | starting local initialization of model _LOAD___4_EC
2020-10-05 10:26:08 | DEBUG | local initialization of model _LOAD___4_EC ended successfully
2020-10-05 10:26:08 | DEBUG | ------------------------------
2020-10-05 10:26:08 | DEBUG | starting local initialization of model _LOAD___5_EC
2020-10-05 10:26:08 | DEBUG | local initialization of model _LOAD___5_EC ended successfully
2020-10-05 10:26:08 | DEBUG | ------------------------------
2020-10-05 10:26:08 | DEBUG | starting local initialization of model _LOAD___6_EC
2020-10-05 10:26:08 | DEBUG | local initialization of model _LOAD___6_EC ended successfully
2020-10-05 10:26:08 | DEBUG | ------------------------------
2020-10-05 10:26:08 | DEBUG | starting local initialization of model _LOAD___9_EC
2020-10-05 10:26:08 | DEBUG | local initialization of model _LOAD___9_EC ended successfully
2020-10-05 10:26:08 | INFO | end of local initialization
2020-10-05 10:26:08 | INFO | -----------------------------------------------------------------------
2020-10-05 10:26:08 | INFO | 
2020-10-05 10:26:08 | INFO | -----------------------------------------------------------------------
2020-10-05 10:26:08 | INFO | starting global initialization
2020-10-05 10:26:08 | INFO | -----------------------------------------------------------------------
2020-10-05 10:26:08 | DEBUG | initialization of IDA solver : ok
2020-10-05 10:26:08 | DEBUG | call of SolverReInit ie a new symbolic and numerical factorization will be performed
2020-10-05 10:26:08 | DEBUG | call of SolverReInit ie a new symbolic and numerical factorization will be performed
2020-10-05 10:26:08 | DEBUG | call of SolverReInit ie a new symbolic and numerical factorization will be performed
2020-10-05 10:26:08 | INFO | end of global initialization
2020-10-05 10:26:08 | INFO | -----------------------------------------------------------------------
2020-10-05 10:26:08 | INFO | 
2020-10-05 10:26:08 | INFO | -----------------------------------------------------------------------
2020-10-05 10:26:08 | INFO | starting curve initialization
2020-10-05 10:26:08 | INFO | -----------------------------------------------------------------------
2020-10-05 10:26:08 | DEBUG | adding curve : Id: GEN____1_SM; output: generator_omegaPu found.( generator_omegaPu_value )
2020-10-05 10:26:08 | DEBUG | adding curve : Id: GEN____2_SM; output: generator_omegaPu found.( generator_omegaPu_value )
2020-10-05 10:26:08 | DEBUG | adding curve : Id: GEN____3_SM; output: generator_omegaPu found.( generator_omegaPu_value )
2020-10-05 10:26:08 | DEBUG | adding curve : Id: GEN____6_SM; output: generator_omegaPu found.( generator_omegaPu_value )
2020-10-05 10:26:08 | DEBUG | adding curve : Id: GEN____8_SM; output: generator_omegaPu found.( generator_omegaPu_value )
2020-10-05 10:26:08 | INFO | end of curve initialization, added 5 curves
2020-10-05 10:26:08 | INFO | -----------------------------------------------------------------------
2020-10-05 10:26:08 | INFO | 
2020-10-05 10:26:08 | INFO | -----------------------------------------------------------------------
2020-10-05 10:26:08 | INFO | starting simulation with solver IDASolver
2020-10-05 10:26:08 | INFO | -----------------------------------------------------------------------
2020-10-05 10:26:08 | INFO | -----------------------------------------------------------------------
2020-10-05 10:26:08 | INFO | number of continuous variables : 375
2020-10-05 10:26:08 | INFO | number of discrete variables : 261
2020-10-05 10:26:08 | INFO | -----------------------------------------------------------------------
2020-10-05 10:26:08 | INFO |         time | iter num   order (k)      time step (h)
2020-10-05 10:26:08 | INFO | -----------------------------------------------------------------------
2020-10-05 10:26:08 | INFO |        0.000 |        0           0              0.010 
2020-10-05 10:26:08 | DEBUG | call of SolverReInit ie a new symbolic and numerical factorization will be performed
2020-10-05 10:26:08 | INFO |        0.000 |        1           1              0.000 
2020-10-05 10:26:08 | DEBUG | largest derivative values (truncated to the first 10) at the current iteration
2020-10-05 10:26:08 | DEBUG | YP[236]=-0.0200279 (variable=GEN____6_SM_voltageRegulator_EfdPu)
2020-10-05 10:26:08 | DEBUG | YP[241]=-0.0200279 (variable=GEN____6_SM_voltageRegulator_gain_y)
2020-10-05 10:26:08 | DEBUG | YP[210]=0.0146459 (variable=GEN____6_SM_generator_iQ1Pu)
2020-10-05 10:26:08 | DEBUG | YP[209]=0.0118361 (variable=GEN____6_SM_generator_iDPu)
2020-10-05 10:26:08 | DEBUG | YP[206]=0.00698086 (variable=GEN____6_SM_generator_cePu)
2020-10-05 10:26:08 | DEBUG | YP[214]=-0.00666894 (variable=GEN____6_SM_generator_iqPu)
2020-10-05 10:26:08 | DEBUG | YP[27]=0.00527779 (variable=NETWORK__BUS____2_TN_PWPIN_ii)
2020-10-05 10:26:08 | DEBUG | YP[130]=-0.005268 (variable=GEN____2_SM_generator_terminal_i_im)
2020-10-05 10:26:08 | DEBUG | YP[131]=0.00514479 (variable=GEN____2_SM_generator_terminal_i_re)
2020-10-05 10:26:08 | DEBUG | YP[26]=-0.00514108 (variable=NETWORK__BUS____2_TN_PWPIN_ir)
2020-10-05 10:26:08 | INFO |        0.000 |        2           1              0.000 
2020-10-05 10:26:08 | INFO |        0.000 |        3           2              0.000 
2020-10-05 10:26:08 | DEBUG | call of SolverReInit ie a new symbolic and numerical factorization will be performed
2020-10-05 10:26:08 | INFO |        0.000 |        4           2              0.000 
2020-10-05 10:26:08 | DEBUG | call of SolverReInit ie a new symbolic and numerical factorization will be performed
2020-10-05 10:26:08 | INFO |        0.000 |        5           2              0.000 
2020-10-05 10:26:08 | DEBUG | call of SolverReInit ie a new symbolic and numerical factorization will be performed
2020-10-05 10:26:08 | INFO |        0.000 |        6           2              0.000 
2020-10-05 10:26:08 | DEBUG | call of SolverReInit ie a new symbolic and numerical factorization will be performed
2020-10-05 10:26:08 | INFO |        0.000 |        7           2              0.000 
2020-10-05 10:26:08 | DEBUG | call of SolverReInit ie a new symbolic and numerical factorization will be performed
2020-10-05 10:26:08 | INFO |        0.000 |        8           2              0.000 
2020-10-05 10:26:08 | DEBUG | call of SolverReInit ie a new symbolic and numerical factorization will be performed
2020-10-05 10:26:08 | INFO |        0.000 |        9           2              0.000 
2020-10-05 10:26:08 | DEBUG | call of SolverReInit ie a new symbolic and numerical factorization will be performed
2020-10-05 10:26:08 | INFO |        0.001 |       10           2              0.000 
2020-10-05 10:26:08 | DEBUG | call of SolverReInit ie a new symbolic and numerical factorization will be performed
2020-10-05 10:26:08 | INFO |        0.001 |       11           2              0.001 
2020-10-05 10:26:08 | DEBUG | call of SolverReInit ie a new symbolic and numerical factorization will be performed
2020-10-05 10:26:08 | INFO |        0.002 |       12           2              0.001 
2020-10-05 10:26:08 | DEBUG | call of SolverReInit ie a new symbolic and numerical factorization will be performed
2020-10-05 10:26:08 | INFO |        0.004 |       13           2              0.002 
2020-10-05 10:26:08 | DEBUG | call of SolverReInit ie a new symbolic and numerical factorization will be performed
2020-10-05 10:26:08 | INFO |        0.008 |       14           2              0.004 
2020-10-05 10:26:08 | DEBUG | call of SolverReInit ie a new symbolic and numerical factorization will be performed
2020-10-05 10:26:08 | INFO |        0.016 |       15           2              0.008 
2020-10-05 10:26:08 | DEBUG | call of SolverReInit ie a new symbolic and numerical factorization will be performed
2020-10-05 10:26:08 | INFO | Algebraic mode change for model GEN____8_SM
2020-10-05 10:26:08 | INFO |        0.027 |       16           2              0.016 
2020-10-05 10:26:08 | INFO | calculation of the new starting point of the simulation.
2020-10-05 10:26:08 | INFO |        0.027 |        0           0              0.000 
2020-10-05 10:26:08 | DEBUG | largest derivative values (truncated to the first 10) at the current iteration
2020-10-05 10:26:08 | DEBUG | YP[198]=0.00106392 (variable=GEN____6_SM_generator_lambdafPu)
2020-10-05 10:26:08 | DEBUG | YP[195]=-0.000687909 (variable=GEN____6_SM_generator_lambdaDPu)
2020-10-05 10:26:08 | DEBUG | YP[54]=0.000300307 (variable=GEN____1_SM_generator_lambdaDPu)
2020-10-05 10:26:08 | DEBUG | YP[242]=0.000272394 (variable=GEN____8_SM_generator_lambdaDPu)
2020-10-05 10:26:08 | DEBUG | YP[103]=-0.000249206 (variable=GEN____2_SM_generator_lambdaQ2Pu)
2020-10-05 10:26:08 | DEBUG | YP[101]=-0.000194521 (variable=GEN____2_SM_generator_lambdaDPu)
2020-10-05 10:26:08 | DEBUG | YP[196]=-0.000136945 (variable=GEN____6_SM_generator_lambdaQ1Pu)
2020-10-05 10:26:08 | DEBUG | YP[150]=0.000122227 (variable=GEN____3_SM_generator_lambdaQ2Pu)
2020-10-05 10:26:08 | DEBUG | YP[57]=0.000118674 (variable=GEN____1_SM_generator_lambdafPu)
2020-10-05 10:26:08 | DEBUG | YP[245]=-0.00011288 (variable=GEN____8_SM_generator_lambdafPu)
2020-10-05 10:26:08 | DEBUG | call of SolverReInit ie a new symbolic and numerical factorization will be performed
2020-10-05 10:26:08 | INFO |        0.027 |        1           1              0.000 
2020-10-05 10:26:08 | INFO |        0.027 |        2           1              0.000 
2020-10-05 10:26:08 | INFO |        0.027 |        3           2              0.000 
2020-10-05 10:26:08 | DEBUG | call of SolverReInit ie a new symbolic and numerical factorization will be performed
2020-10-05 10:26:08 | INFO |        0.027 |        4           2              0.000 
2020-10-05 10:26:08 | DEBUG | call of SolverReInit ie a new symbolic and numerical factorization will be performed
2020-10-05 10:26:08 | INFO |        0.027 |        5           2              0.000 
2020-10-05 10:26:08 | DEBUG | call of SolverReInit ie a new symbolic and numerical factorization will be performed
2020-10-05 10:26:08 | INFO |        0.027 |        6           2              0.000 
2020-10-05 10:26:08 | DEBUG | call of SolverReInit ie a new symbolic and numerical factorization will be performed
2020-10-05 10:26:08 | INFO |        0.027 |        7           2              0.000 
2020-10-05 10:26:08 | DEBUG | call of SolverReInit ie a new symbolic and numerical factorization will be performed
2020-10-05 10:26:08 | INFO |        0.027 |        8           2              0.000 
2020-10-05 10:26:08 | DEBUG | call of SolverReInit ie a new symbolic and numerical factorization will be performed
2020-10-05 10:26:09 | INFO |        0.027 |        9           2              0.000 
2020-10-05 10:26:09 | DEBUG | call of SolverReInit ie a new symbolic and numerical factorization will be performed
2020-10-05 10:26:09 | INFO |        0.028 |       10           2              0.000 
2020-10-05 10:26:09 | DEBUG | call of SolverReInit ie a new symbolic and numerical factorization will be performed
2020-10-05 10:26:09 | INFO |        0.028 |       11           2              0.001 
2020-10-05 10:26:09 | DEBUG | call of SolverReInit ie a new symbolic and numerical factorization will be performed
2020-10-05 10:26:09 | INFO |        0.029 |       12           2              0.001 
2020-10-05 10:26:09 | DEBUG | call of SolverReInit ie a new symbolic and numerical factorization will be performed
2020-10-05 10:26:09 | INFO |        0.031 |       13           2              0.002 
2020-10-05 10:26:09 | INFO |        0.031 |       13           2              0.002 
2020-10-05 10:26:09 | INFO |        0.031 |       13           2              0.002 
2020-10-05 10:26:09 | DEBUG | call of SolverReInit ie a new symbolic and numerical factorization will be performed
2020-10-05 10:26:09 | INFO |        0.035 |       14           2              0.004 
2020-10-05 10:26:09 | DEBUG | call of SolverReInit ie a new symbolic and numerical factorization will be performed
2020-10-05 10:26:09 | INFO |        0.043 |       15           2              0.008 
2020-10-05 10:26:09 | DEBUG | call of SolverReInit ie a new symbolic and numerical factorization will be performed
2020-10-05 10:26:09 | INFO | Algebraic mode change for model GEN____3_SM
2020-10-05 10:26:09 | INFO |        0.053 |       16           2              0.016 
2020-10-05 10:26:09 | INFO | calculation of the new starting point of the simulation.
2020-10-05 10:26:09 | INFO |        0.053 |        0           0              0.000 
2020-10-05 10:26:09 | DEBUG | largest derivative values (truncated to the first 10) at the current iteration
2020-10-05 10:26:09 | DEBUG | YP[198]=0.00100572 (variable=GEN____6_SM_generator_lambdafPu)
2020-10-05 10:26:09 | DEBUG | YP[54]=0.000223156 (variable=GEN____1_SM_generator_lambdaDPu)
2020-10-05 10:26:09 | DEBUG | YP[242]=0.000189143 (variable=GEN____8_SM_generator_lambdaDPu)
2020-10-05 10:26:09 | DEBUG | YP[103]=-0.000163494 (variable=GEN____2_SM_generator_lambdaQ2Pu)
2020-10-05 10:26:09 | DEBUG | YP[109]=-0.000138626 (variable=GEN____2_SM_generator_theta)
2020-10-05 10:26:09 | DEBUG | YP[102]=-0.00011289 (variable=GEN____2_SM_generator_lambdaQ1Pu)
2020-10-05 10:26:09 | DEBUG | YP[57]=0.000110661 (variable=GEN____1_SM_generator_lambdafPu)
2020-10-05 10:26:09 | DEBUG | YP[245]=-0.000109818 (variable=GEN____8_SM_generator_lambdafPu)
2020-10-05 10:26:09 | DEBUG | YP[203]=-0.000100706 (variable=GEN____6_SM_generator_theta)
2020-10-05 10:26:09 | DEBUG | YP[101]=-0.000100307 (variable=GEN____2_SM_generator_lambdaDPu)
2020-10-05 10:26:09 | DEBUG | call of SolverReInit ie a new symbolic and numerical factorization will be performed
2020-10-05 10:26:09 | INFO |        0.053 |        1           1              0.000 
2020-10-05 10:26:09 | INFO |        0.053 |        2           1              0.000 
2020-10-05 10:26:09 | INFO |        0.053 |        3           2              0.000 
2020-10-05 10:26:09 | DEBUG | call of SolverReInit ie a new symbolic and numerical factorization will be performed
2020-10-05 10:26:09 | INFO |        0.053 |        4           2              0.000 
2020-10-05 10:26:09 | DEBUG | call of SolverReInit ie a new symbolic and numerical factorization will be performed
2020-10-05 10:26:09 | INFO |        0.053 |        5           2              0.000 
2020-10-05 10:26:09 | DEBUG | call of SolverReInit ie a new symbolic and numerical factorization will be performed
2020-10-05 10:26:09 | INFO |        0.053 |        6           2              0.000 
2020-10-05 10:26:09 | DEBUG | call of SolverReInit ie a new symbolic and numerical factorization will be performed
2020-10-05 10:26:09 | INFO |        0.053 |        7           2              0.000 
2020-10-05 10:26:09 | DEBUG | call of SolverReInit ie a new symbolic and numerical factorization will be performed
2020-10-05 10:26:09 | INFO |        0.053 |        8           2              0.000 
2020-10-05 10:26:09 | DEBUG | call of SolverReInit ie a new symbolic and numerical factorization will be performed
2020-10-05 10:26:09 | INFO |        0.053 |        9           2              0.000 
2020-10-05 10:26:09 | DEBUG | call of SolverReInit ie a new symbolic and numerical factorization will be performed
2020-10-05 10:26:09 | INFO |        0.053 |       10           2              0.000 
2020-10-05 10:26:09 | DEBUG | call of SolverReInit ie a new symbolic and numerical factorization will be performed
2020-10-05 10:26:09 | INFO |        0.054 |       11           2              0.001 
2020-10-05 10:26:09 | DEBUG | call of SolverReInit ie a new symbolic and numerical factorization will be performed
2020-10-05 10:26:09 | INFO |        0.055 |       12           2              0.001 
2020-10-05 10:26:09 | DEBUG | call of SolverReInit ie a new symbolic and numerical factorization will be performed
2020-10-05 10:26:09 | INFO |        0.057 |       13           2              0.002 
2020-10-05 10:26:09 | DEBUG | call of SolverReInit ie a new symbolic and numerical factorization will be performed
2020-10-05 10:26:09 | INFO |        0.061 |       14           2              0.004 
2020-10-05 10:26:09 | DEBUG | call of SolverReInit ie a new symbolic and numerical factorization will be performed
2020-10-05 10:26:09 | INFO |        0.069 |       15           2              0.008 
2020-10-05 10:26:09 | DEBUG | call of SolverReInit ie a new symbolic and numerical factorization will be performed
2020-10-05 10:26:09 | INFO |        0.086 |       16           2              0.016 
2020-10-05 10:26:09 | DEBUG | call of SolverReInit ie a new symbolic and numerical factorization will be performed
2020-10-05 10:26:09 | INFO |        0.118 |       17           2              0.033 
2020-10-05 10:26:09 | DEBUG | call of SolverReInit ie a new symbolic and numerical factorization will be performed
2020-10-05 10:26:09 | INFO |        0.184 |       18           2              0.066 
2020-10-05 10:26:09 | INFO |        0.249 |       19           2              0.066 
2020-10-05 10:26:09 | INFO | Algebraic mode change for model GEN____8_SM
2020-10-05 10:26:09 | INFO |        0.279 |       20           2              0.066 
2020-10-05 10:26:09 | INFO | calculation of the new starting point of the simulation.
2020-10-05 10:26:09 | DEBUG | call of SolverReInit ie a new symbolic and numerical factorization will be performed
2020-10-05 10:26:09 | INFO |        0.279 |        0           0              0.000 
2020-10-05 10:26:09 | DEBUG | largest derivative values (truncated to the first 10) at the current iteration
2020-10-05 10:26:09 | DEBUG | YP[198]=0.000531722 (variable=GEN____6_SM_generator_lambdafPu)
2020-10-05 10:26:09 | DEBUG | YP[109]=-0.000259946 (variable=GEN____2_SM_generator_theta)
2020-10-05 10:26:09 | DEBUG | YP[156]=0.000183751 (variable=GEN____3_SM_generator_theta)
2020-10-05 10:26:09 | DEBUG | YP[203]=-0.000132716 (variable=GEN____6_SM_generator_theta)
2020-10-05 10:26:09 | DEBUG | YP[195]=0.000130838 (variable=GEN____6_SM_generator_lambdaDPu)
2020-10-05 10:26:09 | DEBUG | YP[54]=8.50546e-05 (variable=GEN____1_SM_generator_lambdaDPu)
2020-10-05 10:26:09 | DEBUG | YP[245]=-8.34704e-05 (variable=GEN____8_SM_generator_lambdafPu)
2020-10-05 10:26:09 | DEBUG | YP[57]=6.49161e-05 (variable=GEN____1_SM_generator_lambdafPu)
2020-10-05 10:26:09 | DEBUG | YP[56]=-5.54266e-05 (variable=GEN____1_SM_generator_lambdaQ2Pu)
2020-10-05 10:26:09 | DEBUG | YP[55]=-4.37991e-05 (variable=GEN____1_SM_generator_lambdaQ1Pu)
2020-10-05 10:26:09 | DEBUG | call of SolverReInit ie a new symbolic and numerical factorization will be performed
2020-10-05 10:26:09 | INFO |        0.279 |        1           1              0.000 
2020-10-05 10:26:09 | INFO |        0.279 |        2           1              0.000 
2020-10-05 10:26:09 | INFO |        0.279 |        3           2              0.000 
2020-10-05 10:26:09 | DEBUG | call of SolverReInit ie a new symbolic and numerical factorization will be performed
2020-10-05 10:26:09 | INFO |        0.279 |        4           2              0.000 
2020-10-05 10:26:09 | DEBUG | call of SolverReInit ie a new symbolic and numerical factorization will be performed
2020-10-05 10:26:09 | INFO |        0.279 |        5           2              0.000 
2020-10-05 10:26:09 | DEBUG | call of SolverReInit ie a new symbolic and numerical factorization will be performed
2020-10-05 10:26:09 | INFO |        0.279 |        6           2              0.000 
2020-10-05 10:26:09 | DEBUG | call of SolverReInit ie a new symbolic and numerical factorization will be performed
2020-10-05 10:26:09 | INFO |        0.280 |        7           2              0.000 
2020-10-05 10:26:09 | DEBUG | call of SolverReInit ie a new symbolic and numerical factorization will be performed
2020-10-05 10:26:09 | INFO |        0.280 |        8           2              0.000 
2020-10-05 10:26:09 | DEBUG | call of SolverReInit ie a new symbolic and numerical factorization will be performed
2020-10-05 10:26:09 | INFO |        0.280 |        9           2              0.000 
2020-10-05 10:26:09 | DEBUG | call of SolverReInit ie a new symbolic and numerical factorization will be performed
2020-10-05 10:26:09 | INFO |        0.280 |       10           2              0.000 
2020-10-05 10:26:09 | DEBUG | call of SolverReInit ie a new symbolic and numerical factorization will be performed
2020-10-05 10:26:09 | INFO |        0.280 |       11           2              0.001 
2020-10-05 10:26:09 | DEBUG | call of SolverReInit ie a new symbolic and numerical factorization will be performed
2020-10-05 10:26:09 | INFO |        0.282 |       12           2              0.001 
2020-10-05 10:26:09 | DEBUG | call of SolverReInit ie a new symbolic and numerical factorization will be performed
2020-10-05 10:26:09 | INFO |        0.284 |       13           2              0.002 
2020-10-05 10:26:09 | DEBUG | call of SolverReInit ie a new symbolic and numerical factorization will be performed
2020-10-05 10:26:09 | INFO |        0.288 |       14           2              0.004 
2020-10-05 10:26:09 | DEBUG | call of SolverReInit ie a new symbolic and numerical factorization will be performed
2020-10-05 10:26:09 | INFO |        0.296 |       15           2              0.008 
2020-10-05 10:26:09 | DEBUG | call of SolverReInit ie a new symbolic and numerical factorization will be performed
2020-10-05 10:26:09 | INFO |        0.312 |       16           2              0.016 
2020-10-05 10:26:09 | DEBUG | call of SolverReInit ie a new symbolic and numerical factorization will be performed
2020-10-05 10:26:09 | INFO |        0.333 |       17           2              0.033 
2020-10-05 10:26:09 | INFO |        0.333 |       17           2              0.033 
2020-10-05 10:26:09 | INFO |        0.345 |       17           2              0.033 
2020-10-05 10:26:09 | DEBUG | call of SolverReInit ie a new symbolic and numerical factorization will be performed
2020-10-05 10:26:09 | INFO |        0.411 |       18           2              0.066 
2020-10-05 10:26:09 | DEBUG | call of SolverReInit ie a new symbolic and numerical factorization will be performed
2020-10-05 10:26:09 | INFO |        0.542 |       19           2              0.131 
2020-10-05 10:26:09 | INFO |        0.673 |       20           2              0.131 
2020-10-05 10:26:09 | INFO | Algebraic mode change for model GEN____3_SM
2020-10-05 10:26:09 | INFO |        0.763 |       21           2              0.131 
2020-10-05 10:26:09 | INFO | calculation of the new starting point of the simulation.
2020-10-05 10:26:09 | INFO |        0.763 |        0           0              0.000 
2020-10-05 10:26:09 | DEBUG | largest derivative values (truncated to the first 10) at the current iteration
2020-10-05 10:26:09 | DEBUG | YP[62]=-0.000169252 (variable=GEN____1_SM_generator_theta)
2020-10-05 10:26:09 | DEBUG | YP[109]=0.000104563 (variable=GEN____2_SM_generator_theta)
2020-10-05 10:26:09 | DEBUG | YP[203]=8.12332e-05 (variable=GEN____6_SM_generator_theta)
2020-10-05 10:26:09 | DEBUG | YP[198]=7.57698e-05 (variable=GEN____6_SM_generator_lambdafPu)
2020-10-05 10:26:09 | DEBUG | YP[156]=5.3142e-05 (variable=GEN____3_SM_generator_theta)
2020-10-05 10:26:09 | DEBUG | YP[196]=-4.32961e-05 (variable=GEN____6_SM_generator_lambdaQ1Pu)
2020-10-05 10:26:09 | DEBUG | YP[195]=4.29716e-05 (variable=GEN____6_SM_generator_lambdaDPu)
2020-10-05 10:26:09 | DEBUG | YP[245]=-3.77571e-05 (variable=GEN____8_SM_generator_lambdafPu)
2020-10-05 10:26:09 | DEBUG | YP[102]=3.69712e-05 (variable=GEN____2_SM_generator_lambdaQ1Pu)
2020-10-05 10:26:09 | DEBUG | YP[150]=-3.58951e-05 (variable=GEN____3_SM_generator_lambdaQ2Pu)
2020-10-05 10:26:09 | DEBUG | call of SolverReInit ie a new symbolic and numerical factorization will be performed
2020-10-05 10:26:09 | INFO |        0.763 |        1           1              0.000 
2020-10-05 10:26:09 | INFO |        0.763 |        2           1              0.000 
2020-10-05 10:26:09 | INFO |        0.763 |        3           2              0.000 
2020-10-05 10:26:09 | DEBUG | call of SolverReInit ie a new symbolic and numerical factorization will be performed
2020-10-05 10:26:09 | INFO |        0.763 |        4           2              0.000 
2020-10-05 10:26:09 | DEBUG | call of SolverReInit ie a new symbolic and numerical factorization will be performed
2020-10-05 10:26:09 | INFO |        0.763 |        5           2              0.000 
2020-10-05 10:26:09 | DEBUG | call of SolverReInit ie a new symbolic and numerical factorization will be performed
2020-10-05 10:26:09 | INFO |        0.763 |        6           2              0.000 
2020-10-05 10:26:09 | DEBUG | call of SolverReInit ie a new symbolic and numerical factorization will be performed
2020-10-05 10:26:09 | INFO |        0.763 |        7           2              0.000 
2020-10-05 10:26:09 | DEBUG | call of SolverReInit ie a new symbolic and numerical factorization will be performed
2020-10-05 10:26:09 | INFO |        0.763 |        8           2              0.000 
2020-10-05 10:26:09 | DEBUG | call of SolverReInit ie a new symbolic and numerical factorization will be performed
2020-10-05 10:26:09 | INFO |        0.764 |        9           2              0.000 
2020-10-05 10:26:09 | DEBUG | call of SolverReInit ie a new symbolic and numerical factorization will be performed
2020-10-05 10:26:09 | INFO |        0.764 |       10           2              0.000 
2020-10-05 10:26:09 | DEBUG | call of SolverReInit ie a new symbolic and numerical factorization will be performed
2020-10-05 10:26:09 | INFO |        0.764 |       11           2              0.001 
2020-10-05 10:26:09 | DEBUG | call of SolverReInit ie a new symbolic and numerical factorization will be performed
2020-10-05 10:26:09 | INFO |        0.765 |       12           2              0.001 
2020-10-05 10:26:09 | DEBUG | call of SolverReInit ie a new symbolic and numerical factorization will be performed
2020-10-05 10:26:09 | INFO |        0.767 |       13           2              0.002 
2020-10-05 10:26:09 | DEBUG | call of SolverReInit ie a new symbolic and numerical factorization will be performed
2020-10-05 10:26:09 | INFO |        0.770 |       14           2              0.004 
2020-10-05 10:26:09 | INFO |        0.770 |       14           2              0.004 
2020-10-05 10:26:09 | INFO |        0.771 |       14           2              0.004 
2020-10-05 10:26:09 | DEBUG | call of SolverReInit ie a new symbolic and numerical factorization will be performed
2020-10-05 10:26:09 | INFO |        0.780 |       15           2              0.008 
2020-10-05 10:26:09 | DEBUG | call of SolverReInit ie a new symbolic and numerical factorization will be performed
2020-10-05 10:26:09 | INFO |        0.796 |       16           2              0.016 
2020-10-05 10:26:09 | DEBUG | call of SolverReInit ie a new symbolic and numerical factorization will be performed
2020-10-05 10:26:09 | INFO |        0.799 |       17           2              0.033 
2020-10-05 10:26:09 | INFO |        0.799 |       17           2              0.033 
2020-10-05 10:26:09 | INFO | Algebraic mode change for model GEN____8_SM
2020-10-05 10:26:09 | INFO |        0.817 |       17           2              0.033 
2020-10-05 10:26:09 | INFO | calculation of the new starting point of the simulation.
2020-10-05 10:26:09 | INFO |        0.817 |        0           0              0.000 
2020-10-05 10:26:09 | DEBUG | largest derivative values (truncated to the first 10) at the current iteration
2020-10-05 10:26:09 | DEBUG | YP[62]=-0.000134198 (variable=GEN____1_SM_generator_theta)
2020-10-05 10:26:09 | DEBUG | YP[109]=0.000119077 (variable=GEN____2_SM_generator_theta)
2020-10-05 10:26:09 | DEBUG | YP[198]=6.2303e-05 (variable=GEN____6_SM_generator_lambdafPu)
2020-10-05 10:26:09 | DEBUG | YP[203]=4.52171e-05 (variable=GEN____6_SM_generator_theta)
2020-10-05 10:26:09 | DEBUG | YP[195]=3.47891e-05 (variable=GEN____6_SM_generator_lambdaDPu)
2020-10-05 10:26:09 | DEBUG | YP[245]=-3.44989e-05 (variable=GEN____8_SM_generator_lambdafPu)
2020-10-05 10:26:09 | DEBUG | YP[149]=-3.37843e-05 (variable=GEN____3_SM_generator_lambdaQ1Pu)
2020-10-05 10:26:09 | DEBUG | YP[150]=-3.0426e-05 (variable=GEN____3_SM_generator_lambdaQ2Pu)
2020-10-05 10:26:09 | DEBUG | YP[242]=-2.65592e-05 (variable=GEN____8_SM_generator_lambdaDPu)
2020-10-05 10:26:09 | DEBUG | YP[196]=-2.59204e-05 (variable=GEN____6_SM_generator_lambdaQ1Pu)
2020-10-05 10:26:09 | DEBUG | call of SolverReInit ie a new symbolic and numerical factorization will be performed
2020-10-05 10:26:09 | INFO |        0.817 |        1           1              0.000 
2020-10-05 10:26:09 | INFO |        0.817 |        2           1              0.000 
2020-10-05 10:26:09 | INFO |        0.817 |        3           2              0.000 
2020-10-05 10:26:09 | DEBUG | call of SolverReInit ie a new symbolic and numerical factorization will be performed
2020-10-05 10:26:09 | INFO |        0.817 |        4           2              0.000 
2020-10-05 10:26:09 | DEBUG | call of SolverReInit ie a new symbolic and numerical factorization will be performed
2020-10-05 10:26:09 | INFO |        0.817 |        5           2              0.000 
2020-10-05 10:26:09 | DEBUG | call of SolverReInit ie a new symbolic and numerical factorization will be performed
2020-10-05 10:26:09 | INFO |        0.817 |        6           2              0.000 
2020-10-05 10:26:09 | DEBUG | call of SolverReInit ie a new symbolic and numerical factorization will be performed
2020-10-05 10:26:09 | INFO |        0.817 |        7           2              0.000 
2020-10-05 10:26:09 | DEBUG | call of SolverReInit ie a new symbolic and numerical factorization will be performed
2020-10-05 10:26:09 | INFO |        0.817 |        8           2              0.000 
2020-10-05 10:26:09 | DEBUG | call of SolverReInit ie a new symbolic and numerical factorization will be performed
2020-10-05 10:26:09 | INFO |        0.817 |        9           2              0.000 
2020-10-05 10:26:09 | DEBUG | call of SolverReInit ie a new symbolic and numerical factorization will be performed
2020-10-05 10:26:09 | INFO |        0.818 |       10           2              0.000 
2020-10-05 10:26:09 | DEBUG | call of SolverReInit ie a new symbolic and numerical factorization will be performed
2020-10-05 10:26:09 | INFO |        0.818 |       11           2              0.001 
2020-10-05 10:26:09 | DEBUG | call of SolverReInit ie a new symbolic and numerical factorization will be performed
2020-10-05 10:26:09 | INFO |        0.819 |       12           2              0.001 
2020-10-05 10:26:09 | DEBUG | call of SolverReInit ie a new symbolic and numerical factorization will be performed
2020-10-05 10:26:09 | INFO |        0.821 |       13           2              0.002 
2020-10-05 10:26:09 | DEBUG | call of SolverReInit ie a new symbolic and numerical factorization will be performed
2020-10-05 10:26:09 | INFO |        0.825 |       14           2              0.004 
2020-10-05 10:26:09 | DEBUG | call of SolverReInit ie a new symbolic and numerical factorization will be performed
2020-10-05 10:26:09 | INFO |        0.834 |       15           2              0.008 
2020-10-05 10:26:09 | DEBUG | call of SolverReInit ie a new symbolic and numerical factorization will be performed
2020-10-05 10:26:09 | INFO |        0.850 |       16           2              0.016 
2020-10-05 10:26:09 | DEBUG | call of SolverReInit ie a new symbolic and numerical factorization will be performed
2020-10-05 10:26:09 | INFO |        0.883 |       17           2              0.033 
2020-10-05 10:26:09 | DEBUG | call of SolverReInit ie a new symbolic and numerical factorization will be performed
2020-10-05 10:26:09 | INFO |        0.948 |       18           2              0.066 
2020-10-05 10:26:09 | DEBUG | call of SolverReInit ie a new symbolic and numerical factorization will be performed
2020-10-05 10:26:09 | INFO |        1.079 |       19           2              0.131 
2020-10-05 10:26:09 | INFO |        1.210 |       20           2              0.131 
2020-10-05 10:26:09 | INFO |        1.341 |       21           2              0.131 
2020-10-05 10:26:09 | INFO | Algebraic mode change for model GEN____8_SM
2020-10-05 10:26:09 | INFO |        1.401 |       22           2              0.131 
2020-10-05 10:26:09 | INFO | calculation of the new starting point of the simulation.
2020-10-05 10:26:09 | DEBUG | call of SolverReInit ie a new symbolic and numerical factorization will be performed
2020-10-05 10:26:09 | INFO |        1.401 |        0           0              0.000 
2020-10-05 10:26:09 | DEBUG | largest derivative values (truncated to the first 10) at the current iteration
2020-10-05 10:26:09 | DEBUG | YP[62]=0.000163878 (variable=GEN____1_SM_generator_theta)
2020-10-05 10:26:09 | DEBUG | YP[156]=-0.000111708 (variable=GEN____3_SM_generator_theta)
2020-10-05 10:26:09 | DEBUG | YP[203]=5.60879e-05 (variable=GEN____6_SM_generator_theta)
2020-10-05 10:26:09 | DEBUG | YP[56]=-3.17583e-05 (variable=GEN____1_SM_generator_lambdaQ2Pu)
2020-10-05 10:26:09 | DEBUG | YP[150]=2.41329e-05 (variable=GEN____3_SM_generator_lambdaQ2Pu)
2020-10-05 10:26:09 | DEBUG | YP[198]=1.69695e-05 (variable=GEN____6_SM_generator_lambdafPu)
2020-10-05 10:26:09 | DEBUG | YP[196]=-1.69184e-05 (variable=GEN____6_SM_generator_lambdaQ1Pu)
2020-10-05 10:26:09 | DEBUG | YP[55]=-1.66633e-05 (variable=GEN____1_SM_generator_lambdaQ1Pu)
2020-10-05 10:26:09 | DEBUG | YP[109]=-1.5681e-05 (variable=GEN____2_SM_generator_theta)
2020-10-05 10:26:09 | DEBUG | YP[149]=1.31741e-05 (variable=GEN____3_SM_generator_lambdaQ1Pu)
2020-10-05 10:26:09 | DEBUG | call of SolverReInit ie a new symbolic and numerical factorization will be performed
2020-10-05 10:26:09 | INFO |        1.401 |        1           1              0.000 
2020-10-05 10:26:09 | INFO |        1.401 |        2           1              0.000 
2020-10-05 10:26:09 | INFO |        1.401 |        3           2              0.000 
2020-10-05 10:26:09 | DEBUG | call of SolverReInit ie a new symbolic and numerical factorization will be performed
2020-10-05 10:26:09 | INFO |        1.401 |        4           2              0.000 
2020-10-05 10:26:09 | DEBUG | call of SolverReInit ie a new symbolic and numerical factorization will be performed
2020-10-05 10:26:09 | INFO |        1.401 |        5           2              0.000 
2020-10-05 10:26:09 | DEBUG | call of SolverReInit ie a new symbolic and numerical factorization will be performed
2020-10-05 10:26:09 | INFO |        1.401 |        6           2              0.000 
2020-10-05 10:26:09 | DEBUG | call of SolverReInit ie a new symbolic and numerical factorization will be performed
2020-10-05 10:26:09 | INFO |        1.401 |        7           2              0.000 
2020-10-05 10:26:09 | DEBUG | call of SolverReInit ie a new symbolic and numerical factorization will be performed
2020-10-05 10:26:09 | INFO |        1.401 |        8           2              0.000 
2020-10-05 10:26:09 | DEBUG | call of SolverReInit ie a new symbolic and numerical factorization will be performed
2020-10-05 10:26:09 | INFO |        1.401 |        9           2              0.000 
2020-10-05 10:26:09 | DEBUG | call of SolverReInit ie a new symbolic and numerical factorization will be performed
2020-10-05 10:26:09 | INFO |        1.401 |       10           2              0.000 
2020-10-05 10:26:09 | DEBUG | call of SolverReInit ie a new symbolic and numerical factorization will be performed
2020-10-05 10:26:09 | INFO |        1.402 |       11           2              0.001 
2020-10-05 10:26:09 | DEBUG | call of SolverReInit ie a new symbolic and numerical factorization will be performed
2020-10-05 10:26:09 | INFO |        1.403 |       12           2              0.001 
2020-10-05 10:26:09 | DEBUG | call of SolverReInit ie a new symbolic and numerical factorization will be performed
2020-10-05 10:26:09 | INFO |        1.405 |       13           2              0.002 
2020-10-05 10:26:09 | DEBUG | call of SolverReInit ie a new symbolic and numerical factorization will be performed
2020-10-05 10:26:09 | INFO |        1.409 |       14           2              0.004 
2020-10-05 10:26:09 | DEBUG | call of SolverReInit ie a new symbolic and numerical factorization will be performed
2020-10-05 10:26:09 | INFO |        1.417 |       15           2              0.008 
2020-10-05 10:26:09 | DEBUG | call of SolverReInit ie a new symbolic and numerical factorization will be performed
2020-10-05 10:26:09 | INFO |        1.434 |       16           2              0.016 
2020-10-05 10:26:09 | DEBUG | call of SolverReInit ie a new symbolic and numerical factorization will be performed
2020-10-05 10:26:09 | INFO |        1.466 |       17           2              0.033 
2020-10-05 10:26:09 | DEBUG | call of SolverReInit ie a new symbolic and numerical factorization will be performed
2020-10-05 10:26:09 | INFO |        1.470 |       18           2              0.066 
2020-10-05 10:26:09 | INFO |        1.470 |       18           2              0.066 
2020-10-05 10:26:09 | INFO |        1.532 |       18           2              0.066 
2020-10-05 10:26:09 | DEBUG | call of SolverReInit ie a new symbolic and numerical factorization will be performed
2020-10-05 10:26:09 | INFO |        1.663 |       19           2              0.131 
2020-10-05 10:26:09 | INFO |        1.773 |       20           2              0.131 
2020-10-05 10:26:09 | INFO |        1.773 |       20           2              0.131 
2020-10-05 10:26:09 | INFO |        1.794 |       20           2              0.131 
2020-10-05 10:26:09 | DEBUG | call of SolverReInit ie a new symbolic and numerical factorization will be performed
2020-10-05 10:26:09 | INFO |        1.818 |       21           2              0.262 
2020-10-05 10:26:09 | INFO |        1.818 |       21           2              0.262 
2020-10-05 10:26:09 | INFO | Algebraic mode change for model GEN____3_SM
2020-10-05 10:26:09 | INFO |        1.865 |       21           2              0.262 
2020-10-05 10:26:09 | INFO | calculation of the new starting point of the simulation.
2020-10-05 10:26:09 | INFO |        1.865 |        0           0              0.000 
2020-10-05 10:26:09 | DEBUG | largest derivative values (truncated to the first 10) at the current iteration
2020-10-05 10:26:09 | DEBUG | YP[62]=-6.31727e-05 (variable=GEN____1_SM_generator_theta)
2020-10-05 10:26:09 | DEBUG | YP[156]=6.25454e-05 (variable=GEN____3_SM_generator_theta)
2020-10-05 10:26:09 | DEBUG | YP[203]=-2.55634e-05 (variable=GEN____6_SM_generator_theta)
2020-10-05 10:26:09 | DEBUG | YP[149]=1.57392e-05 (variable=GEN____3_SM_generator_lambdaQ1Pu)
2020-10-05 10:26:09 | DEBUG | YP[55]=-1.43959e-05 (variable=GEN____1_SM_generator_lambdaQ1Pu)
2020-10-05 10:26:09 | DEBUG | YP[150]=8.83916e-06 (variable=GEN____3_SM_generator_lambdaQ2Pu)
2020-10-05 10:26:09 | DEBUG | YP[250]=-8.73787e-06 (variable=GEN____8_SM_generator_theta)
2020-10-05 10:26:09 | DEBUG | YP[56]=-7.45318e-06 (variable=GEN____1_SM_generator_lambdaQ2Pu)
2020-10-05 10:26:09 | DEBUG | YP[103]=-6.86888e-06 (variable=GEN____2_SM_generator_lambdaQ2Pu)
2020-10-05 10:26:09 | DEBUG | YP[196]=6.84744e-06 (variable=GEN____6_SM_generator_lambdaQ1Pu)
2020-10-05 10:26:09 | DEBUG | call of SolverReInit ie a new symbolic and numerical factorization will be performed
2020-10-05 10:26:09 | INFO |        1.865 |        1           1              0.000 
2020-10-05 10:26:09 | INFO |        1.865 |        2           1              0.000 
2020-10-05 10:26:09 | INFO |        1.865 |        3           2              0.000 
2020-10-05 10:26:09 | DEBUG | call of SolverReInit ie a new symbolic and numerical factorization will be performed
2020-10-05 10:26:09 | INFO |        1.865 |        4           2              0.000 
2020-10-05 10:26:09 | DEBUG | call of SolverReInit ie a new symbolic and numerical factorization will be performed
2020-10-05 10:26:09 | INFO |        1.865 |        5           2              0.000 
2020-10-05 10:26:09 | DEBUG | call of SolverReInit ie a new symbolic and numerical factorization will be performed
2020-10-05 10:26:09 | INFO |        1.865 |        6           2              0.000 
2020-10-05 10:26:09 | DEBUG | call of SolverReInit ie a new symbolic and numerical factorization will be performed
2020-10-05 10:26:09 | INFO |        1.865 |        7           2              0.000 
2020-10-05 10:26:09 | DEBUG | call of SolverReInit ie a new symbolic and numerical factorization will be performed
2020-10-05 10:26:09 | INFO |        1.865 |        8           2              0.000 
2020-10-05 10:26:09 | DEBUG | call of SolverReInit ie a new symbolic and numerical factorization will be performed
2020-10-05 10:26:09 | INFO |        1.865 |        9           2              0.000 
2020-10-05 10:26:09 | DEBUG | call of SolverReInit ie a new symbolic and numerical factorization will be performed
2020-10-05 10:26:09 | INFO |        1.865 |       10           2              0.000 
2020-10-05 10:26:09 | DEBUG | call of SolverReInit ie a new symbolic and numerical factorization will be performed
2020-10-05 10:26:09 | INFO |        1.866 |       11           2              0.001 
2020-10-05 10:26:09 | DEBUG | call of SolverReInit ie a new symbolic and numerical factorization will be performed
2020-10-05 10:26:09 | INFO |        1.867 |       12           2              0.001 
2020-10-05 10:26:09 | DEBUG | call of SolverReInit ie a new symbolic and numerical factorization will be performed
2020-10-05 10:26:09 | INFO |        1.869 |       13           2              0.002 
2020-10-05 10:26:09 | DEBUG | call of SolverReInit ie a new symbolic and numerical factorization will be performed
2020-10-05 10:26:09 | INFO |        1.873 |       14           2              0.004 
2020-10-05 10:26:09 | DEBUG | call of SolverReInit ie a new symbolic and numerical factorization will be performed
2020-10-05 10:26:09 | INFO |        1.881 |       15           2              0.008 
2020-10-05 10:26:09 | DEBUG | call of SolverReInit ie a new symbolic and numerical factorization will be performed
2020-10-05 10:26:09 | INFO |        1.898 |       16           2              0.016 
2020-10-05 10:26:09 | DEBUG | call of SolverReInit ie a new symbolic and numerical factorization will be performed
2020-10-05 10:26:09 | INFO |        1.930 |       17           2              0.033 
2020-10-05 10:26:09 | DEBUG | call of SolverReInit ie a new symbolic and numerical factorization will be performed
2020-10-05 10:26:09 | INFO | Algebraic mode change for model GEN____8_SM
2020-10-05 10:26:09 | INFO |        1.988 |       18           2              0.066 
2020-10-05 10:26:09 | INFO | calculation of the new starting point of the simulation.
2020-10-05 10:26:09 | INFO |        1.988 |        0           0              0.000 
2020-10-05 10:26:09 | DEBUG | largest derivative values (truncated to the first 10) at the current iteration
2020-10-05 10:26:09 | DEBUG | YP[62]=-0.000114755 (variable=GEN____1_SM_generator_theta)
2020-10-05 10:26:09 | DEBUG | YP[156]=8.74396e-05 (variable=GEN____3_SM_generator_theta)
2020-10-05 10:26:09 | DEBUG | YP[203]=-6.23404e-05 (variable=GEN____6_SM_generator_theta)
2020-10-05 10:26:09 | DEBUG | YP[196]=2.40445e-05 (variable=GEN____6_SM_generator_lambdaQ1Pu)
2020-10-05 10:26:09 | DEBUG | YP[103]=-1.72118e-05 (variable=GEN____2_SM_generator_lambdaQ2Pu)
2020-10-05 10:26:09 | DEBUG | YP[102]=-1.26771e-05 (variable=GEN____2_SM_generator_lambdaQ1Pu)
2020-10-05 10:26:09 | DEBUG | YP[250]=1.23349e-05 (variable=GEN____8_SM_generator_theta)
2020-10-05 10:26:09 | DEBUG | YP[149]=7.70169e-06 (variable=GEN____3_SM_generator_lambdaQ1Pu)
2020-10-05 10:26:09 | DEBUG | YP[56]=6.00258e-06 (variable=GEN____1_SM_generator_lambdaQ2Pu)
2020-10-05 10:26:09 | DEBUG | YP[55]=-5.29997e-06 (variable=GEN____1_SM_generator_lambdaQ1Pu)
2020-10-05 10:26:09 | DEBUG | call of SolverReInit ie a new symbolic and numerical factorization will be performed
2020-10-05 10:26:09 | INFO |        1.988 |        1           1              0.000 
2020-10-05 10:26:09 | INFO |        1.988 |        2           1              0.000 
2020-10-05 10:26:09 | INFO |        1.988 |        3           2              0.000 
2020-10-05 10:26:09 | DEBUG | call of SolverReInit ie a new symbolic and numerical factorization will be performed
2020-10-05 10:26:09 | INFO |        1.988 |        4           2              0.000 
2020-10-05 10:26:09 | DEBUG | call of SolverReInit ie a new symbolic and numerical factorization will be performed
2020-10-05 10:26:09 | INFO |        1.988 |        5           2              0.000 
2020-10-05 10:26:09 | DEBUG | call of SolverReInit ie a new symbolic and numerical factorization will be performed
2020-10-05 10:26:09 | INFO |        1.988 |        6           2              0.000 
2020-10-05 10:26:09 | DEBUG | call of SolverReInit ie a new symbolic and numerical factorization will be performed
2020-10-05 10:26:09 | INFO |        1.988 |        7           2              0.000 
2020-10-05 10:26:09 | DEBUG | call of SolverReInit ie a new symbolic and numerical factorization will be performed
2020-10-05 10:26:09 | INFO |        1.988 |        8           2              0.000 
2020-10-05 10:26:09 | DEBUG | call of SolverReInit ie a new symbolic and numerical factorization will be performed
2020-10-05 10:26:09 | INFO |        1.988 |        9           2              0.000 
2020-10-05 10:26:09 | DEBUG | call of SolverReInit ie a new symbolic and numerical factorization will be performed
2020-10-05 10:26:09 | INFO |        1.989 |       10           2              0.000 
2020-10-05 10:26:09 | DEBUG | call of SolverReInit ie a new symbolic and numerical factorization will be performed
2020-10-05 10:26:09 | INFO |        1.989 |       11           2              0.001 
2020-10-05 10:26:09 | DEBUG | call of SolverReInit ie a new symbolic and numerical factorization will be performed
2020-10-05 10:26:09 | INFO |        1.990 |       12           2              0.001 
2020-10-05 10:26:09 | DEBUG | call of SolverReInit ie a new symbolic and numerical factorization will be performed
2020-10-05 10:26:09 | INFO |        1.992 |       13           2              0.002 
2020-10-05 10:26:09 | DEBUG | call of SolverReInit ie a new symbolic and numerical factorization will be performed
2020-10-05 10:26:09 | INFO |        1.996 |       14           2              0.004 
2020-10-05 10:26:09 | DEBUG | call of SolverReInit ie a new symbolic and numerical factorization will be performed
2020-10-05 10:26:09 | INFO |        2.004 |       15           2              0.008 
2020-10-05 10:26:09 | DEBUG | call of SolverReInit ie a new symbolic and numerical factorization will be performed
2020-10-05 10:26:09 | INFO |        2.021 |       16           2              0.016 
2020-10-05 10:26:09 | DEBUG | call of SolverReInit ie a new symbolic and numerical factorization will be performed
2020-10-05 10:26:09 | INFO |        2.054 |       17           2              0.033 
2020-10-05 10:26:09 | DEBUG | call of SolverReInit ie a new symbolic and numerical factorization will be performed
2020-10-05 10:26:09 | INFO |        2.119 |       18           2              0.066 
2020-10-05 10:26:09 | DEBUG | call of SolverReInit ie a new symbolic and numerical factorization will be performed
2020-10-05 10:26:09 | INFO | Algebraic mode change for model GEN____8_SM
2020-10-05 10:26:09 | INFO |        2.156 |       19           2              0.131 
2020-10-05 10:26:09 | INFO | calculation of the new starting point of the simulation.
2020-10-05 10:26:09 | INFO |        2.156 |        0           0              0.000 
2020-10-05 10:26:09 | DEBUG | largest derivative values (truncated to the first 10) at the current iteration
2020-10-05 10:26:09 | DEBUG | YP[156]=8.24756e-05 (variable=GEN____3_SM_generator_theta)
2020-10-05 10:26:09 | DEBUG | YP[62]=-7.58414e-05 (variable=GEN____1_SM_generator_theta)
2020-10-05 10:26:09 | DEBUG | YP[109]=-4.00647e-05 (variable=GEN____2_SM_generator_theta)
2020-10-05 10:26:09 | DEBUG | YP[203]=-1.72554e-05 (variable=GEN____6_SM_generator_theta)
2020-10-05 10:26:09 | DEBUG | YP[150]=-1.3495e-05 (variable=GEN____3_SM_generator_lambdaQ2Pu)
2020-10-05 10:26:09 | DEBUG | YP[56]=1.06806e-05 (variable=GEN____1_SM_generator_lambdaQ2Pu)
2020-10-05 10:26:09 | DEBUG | YP[102]=-1.00694e-05 (variable=GEN____2_SM_generator_lambdaQ1Pu)
2020-10-05 10:26:09 | DEBUG | YP[250]=8.04861e-06 (variable=GEN____8_SM_generator_theta)
2020-10-05 10:26:09 | DEBUG | YP[103]=-7.13179e-06 (variable=GEN____2_SM_generator_lambdaQ2Pu)
2020-10-05 10:26:09 | DEBUG | YP[55]=4.65779e-06 (variable=GEN____1_SM_generator_lambdaQ1Pu)
2020-10-05 10:26:09 | DEBUG | call of SolverReInit ie a new symbolic and numerical factorization will be performed
2020-10-05 10:26:09 | INFO |        2.156 |        1           1              0.000 
2020-10-05 10:26:09 | INFO |        2.156 |        2           1              0.000 
2020-10-05 10:26:09 | INFO |        2.156 |        3           2              0.000 
2020-10-05 10:26:09 | DEBUG | call of SolverReInit ie a new symbolic and numerical factorization will be performed
2020-10-05 10:26:09 | INFO |        2.156 |        4           2              0.000 
2020-10-05 10:26:09 | DEBUG | call of SolverReInit ie a new symbolic and numerical factorization will be performed
2020-10-05 10:26:09 | INFO |        2.156 |        5           2              0.000 
2020-10-05 10:26:09 | DEBUG | call of SolverReInit ie a new symbolic and numerical factorization will be performed
2020-10-05 10:26:09 | INFO |        2.156 |        6           2              0.000 
2020-10-05 10:26:09 | DEBUG | call of SolverReInit ie a new symbolic and numerical factorization will be performed
2020-10-05 10:26:09 | INFO |        2.156 |        7           2              0.000 
2020-10-05 10:26:09 | DEBUG | call of SolverReInit ie a new symbolic and numerical factorization will be performed
2020-10-05 10:26:09 | INFO |        2.156 |        8           2              0.000 
2020-10-05 10:26:09 | DEBUG | call of SolverReInit ie a new symbolic and numerical factorization will be performed
2020-10-05 10:26:09 | INFO |        2.157 |        9           2              0.000 
2020-10-05 10:26:09 | DEBUG | call of SolverReInit ie a new symbolic and numerical factorization will be performed
2020-10-05 10:26:09 | INFO |        2.157 |       10           2              0.000 
2020-10-05 10:26:09 | DEBUG | call of SolverReInit ie a new symbolic and numerical factorization will be performed
2020-10-05 10:26:09 | INFO |        2.157 |       11           2              0.001 
2020-10-05 10:26:09 | DEBUG | call of SolverReInit ie a new symbolic and numerical factorization will be performed
2020-10-05 10:26:09 | INFO |        2.158 |       12           2              0.001 
2020-10-05 10:26:09 | DEBUG | call of SolverReInit ie a new symbolic and numerical factorization will be performed
2020-10-05 10:26:09 | INFO |        2.160 |       13           2              0.002 
2020-10-05 10:26:09 | DEBUG | call of SolverReInit ie a new symbolic and numerical factorization will be performed
2020-10-05 10:26:09 | INFO |        2.165 |       14           2              0.004 
2020-10-05 10:26:09 | DEBUG | call of SolverReInit ie a new symbolic and numerical factorization will be performed
2020-10-05 10:26:09 | INFO |        2.173 |       15           2              0.008 
2020-10-05 10:26:09 | DEBUG | call of SolverReInit ie a new symbolic and numerical factorization will be performed
2020-10-05 10:26:09 | INFO |        2.189 |       16           2              0.016 
2020-10-05 10:26:09 | DEBUG | call of SolverReInit ie a new symbolic and numerical factorization will be performed
2020-10-05 10:26:09 | INFO |        2.222 |       17           2              0.033 
2020-10-05 10:26:09 | DEBUG | call of SolverReInit ie a new symbolic and numerical factorization will be performed
2020-10-05 10:26:09 | INFO |        2.287 |       18           2              0.066 
2020-10-05 10:26:09 | DEBUG | call of SolverReInit ie a new symbolic and numerical factorization will be performed
2020-10-05 10:26:09 | INFO | Algebraic mode change for model GEN____3_SM
2020-10-05 10:26:09 | INFO |        2.293 |       19           2              0.131 
2020-10-05 10:26:09 | INFO | calculation of the new starting point of the simulation.
2020-10-05 10:26:09 | INFO |        2.293 |        0           0              0.000 
2020-10-05 10:26:09 | DEBUG | largest derivative values (truncated to the first 10) at the current iteration
2020-10-05 10:26:09 | DEBUG | YP[156]=5.85759e-05 (variable=GEN____3_SM_generator_theta)
2020-10-05 10:26:09 | DEBUG | YP[109]=-5.58167e-05 (variable=GEN____2_SM_generator_theta)
2020-10-05 10:26:09 | DEBUG | YP[62]=-2.76609e-05 (variable=GEN____1_SM_generator_theta)
2020-10-05 10:26:09 | DEBUG | YP[150]=-1.8359e-05 (variable=GEN____3_SM_generator_lambdaQ2Pu)
2020-10-05 10:26:09 | DEBUG | YP[203]=1.66594e-05 (variable=GEN____6_SM_generator_theta)
2020-10-05 10:26:09 | DEBUG | YP[196]=-1.26533e-05 (variable=GEN____6_SM_generator_lambdaQ1Pu)
2020-10-05 10:26:09 | DEBUG | YP[149]=-1.12859e-05 (variable=GEN____3_SM_generator_lambdaQ1Pu)
2020-10-05 10:26:09 | DEBUG | YP[56]=8.4968e-06 (variable=GEN____1_SM_generator_lambdaQ2Pu)
2020-10-05 10:26:09 | DEBUG | YP[250]=-7.88369e-06 (variable=GEN____8_SM_generator_theta)
2020-10-05 10:26:09 | DEBUG | YP[55]=7.67813e-06 (variable=GEN____1_SM_generator_lambdaQ1Pu)
2020-10-05 10:26:09 | DEBUG | call of SolverReInit ie a new symbolic and numerical factorization will be performed
2020-10-05 10:26:09 | INFO |        2.293 |        1           1              0.000 
2020-10-05 10:26:09 | INFO |        2.293 |        2           1              0.000 
2020-10-05 10:26:09 | INFO |        2.293 |        3           2              0.000 
2020-10-05 10:26:09 | DEBUG | call of SolverReInit ie a new symbolic and numerical factorization will be performed
2020-10-05 10:26:09 | INFO |        2.293 |        4           2              0.000 
2020-10-05 10:26:09 | DEBUG | call of SolverReInit ie a new symbolic and numerical factorization will be performed
2020-10-05 10:26:09 | INFO |        2.293 |        5           2              0.000 
2020-10-05 10:26:09 | DEBUG | call of SolverReInit ie a new symbolic and numerical factorization will be performed
2020-10-05 10:26:09 | INFO |        2.293 |        6           2              0.000 
2020-10-05 10:26:09 | DEBUG | call of SolverReInit ie a new symbolic and numerical factorization will be performed
2020-10-05 10:26:09 | INFO |        2.293 |        7           2              0.000 
2020-10-05 10:26:09 | DEBUG | call of SolverReInit ie a new symbolic and numerical factorization will be performed
2020-10-05 10:26:09 | INFO |        2.293 |        8           2              0.000 
2020-10-05 10:26:09 | DEBUG | call of SolverReInit ie a new symbolic and numerical factorization will be performed
2020-10-05 10:26:09 | INFO |        2.293 |        9           2              0.000 
2020-10-05 10:26:09 | DEBUG | call of SolverReInit ie a new symbolic and numerical factorization will be performed
2020-10-05 10:26:09 | INFO |        2.294 |       10           2              0.000 
2020-10-05 10:26:09 | DEBUG | call of SolverReInit ie a new symbolic and numerical factorization will be performed
2020-10-05 10:26:09 | INFO |        2.294 |       11           2              0.001 
2020-10-05 10:26:09 | DEBUG | call of SolverReInit ie a new symbolic and numerical factorization will be performed
2020-10-05 10:26:09 | INFO |        2.295 |       12           2              0.001 
2020-10-05 10:26:09 | DEBUG | call of SolverReInit ie a new symbolic and numerical factorization will be performed
2020-10-05 10:26:09 | INFO |        2.297 |       13           2              0.002 
2020-10-05 10:26:09 | DEBUG | call of SolverReInit ie a new symbolic and numerical factorization will be performed
2020-10-05 10:26:09 | INFO |        2.301 |       14           2              0.004 
2020-10-05 10:26:09 | DEBUG | call of SolverReInit ie a new symbolic and numerical factorization will be performed
2020-10-05 10:26:09 | INFO |        2.309 |       15           2              0.008 
2020-10-05 10:26:09 | DEBUG | call of SolverReInit ie a new symbolic and numerical factorization will be performed
2020-10-05 10:26:09 | INFO |        2.323 |       16           2              0.016 
2020-10-05 10:26:09 | INFO |        2.323 |       16           2              0.016 
2020-10-05 10:26:09 | INFO |        2.326 |       16           2              0.016 
2020-10-05 10:26:09 | DEBUG | call of SolverReInit ie a new symbolic and numerical factorization will be performed
2020-10-05 10:26:09 | INFO |        2.359 |       17           2              0.033 
2020-10-05 10:26:09 | DEBUG | call of SolverReInit ie a new symbolic and numerical factorization will be performed
2020-10-05 10:26:09 | INFO |        2.378 |       18           2              0.066 
2020-10-05 10:26:09 | INFO |        2.378 |       18           2              0.066 
2020-10-05 10:26:09 | INFO |        2.424 |       18           2              0.066 
2020-10-05 10:26:09 | DEBUG | call of SolverReInit ie a new symbolic and numerical factorization will be performed
2020-10-05 10:26:09 | INFO |        2.555 |       19           2              0.131 
2020-10-05 10:26:09 | INFO |        2.683 |       20           2              0.131 
2020-10-05 10:26:09 | INFO |        2.683 |       20           2              0.131 
2020-10-05 10:26:09 | INFO |        2.686 |       20           2              0.131 
2020-10-05 10:26:09 | DEBUG | call of SolverReInit ie a new symbolic and numerical factorization will be performed
2020-10-05 10:26:09 | INFO | Algebraic mode change for model GEN____8_SM
2020-10-05 10:26:09 | INFO |        2.947 |       21           2              0.262 
2020-10-05 10:26:09 | INFO | calculation of the new starting point of the simulation.
2020-10-05 10:26:09 | INFO |        2.947 |        0           0              0.000 
2020-10-05 10:26:09 | DEBUG | largest derivative values (truncated to the first 10) at the current iteration
2020-10-05 10:26:09 | DEBUG | YP[156]=-5.96683e-05 (variable=GEN____3_SM_generator_theta)
2020-10-05 10:26:09 | DEBUG | YP[109]=4.57759e-05 (variable=GEN____2_SM_generator_theta)
2020-10-05 10:26:09 | DEBUG | YP[62]=3.55009e-05 (variable=GEN____1_SM_generator_theta)
2020-10-05 10:26:09 | DEBUG | YP[250]=1.61657e-05 (variable=GEN____8_SM_generator_theta)
2020-10-05 10:26:09 | DEBUG | YP[150]=8.32837e-06 (variable=GEN____3_SM_generator_lambdaQ2Pu)
2020-10-05 10:26:09 | DEBUG | YP[56]=-6.89005e-06 (variable=GEN____1_SM_generator_lambdaQ2Pu)
2020-10-05 10:26:09 | DEBUG | YP[196]=6.64964e-06 (variable=GEN____6_SM_generator_lambdaQ1Pu)
2020-10-05 10:26:09 | DEBUG | YP[55]=-5.95749e-06 (variable=GEN____1_SM_generator_lambdaQ1Pu)
2020-10-05 10:26:09 | DEBUG | YP[198]=3.2474e-06 (variable=GEN____6_SM_generator_lambdafPu)
2020-10-05 10:26:09 | DEBUG | YP[102]=3.09011e-06 (variable=GEN____2_SM_generator_lambdaQ1Pu)
2020-10-05 10:26:09 | DEBUG | call of SolverReInit ie a new symbolic and numerical factorization will be performed
2020-10-05 10:26:09 | INFO |        2.947 |        1           1              0.000 
2020-10-05 10:26:09 | INFO |        2.947 |        2           1              0.000 
2020-10-05 10:26:09 | INFO |        2.947 |        3           2              0.000 
2020-10-05 10:26:09 | DEBUG | call of SolverReInit ie a new symbolic and numerical factorization will be performed
2020-10-05 10:26:09 | INFO |        2.947 |        4           2              0.000 
2020-10-05 10:26:09 | DEBUG | call of SolverReInit ie a new symbolic and numerical factorization will be performed
2020-10-05 10:26:09 | INFO |        2.947 |        5           2              0.000 
2020-10-05 10:26:09 | DEBUG | call of SolverReInit ie a new symbolic and numerical factorization will be performed
2020-10-05 10:26:09 | INFO |        2.947 |        6           2              0.000 
2020-10-05 10:26:09 | DEBUG | call of SolverReInit ie a new symbolic and numerical factorization will be performed
2020-10-05 10:26:09 | INFO |        2.947 |        7           2              0.000 
2020-10-05 10:26:09 | DEBUG | call of SolverReInit ie a new symbolic and numerical factorization will be performed
2020-10-05 10:26:09 | INFO |        2.947 |        8           2              0.000 
2020-10-05 10:26:09 | DEBUG | call of SolverReInit ie a new symbolic and numerical factorization will be performed
2020-10-05 10:26:09 | INFO |        2.947 |        9           2              0.000 
2020-10-05 10:26:09 | DEBUG | call of SolverReInit ie a new symbolic and numerical factorization will be performed
2020-10-05 10:26:09 | INFO |        2.948 |       10           2              0.000 
2020-10-05 10:26:09 | DEBUG | call of SolverReInit ie a new symbolic and numerical factorization will be performed
2020-10-05 10:26:09 | INFO |        2.948 |       11           2              0.001 
2020-10-05 10:26:09 | DEBUG | call of SolverReInit ie a new symbolic and numerical factorization will be performed
2020-10-05 10:26:09 | INFO |        2.949 |       12           2              0.001 
2020-10-05 10:26:09 | DEBUG | call of SolverReInit ie a new symbolic and numerical factorization will be performed
2020-10-05 10:26:09 | INFO |        2.951 |       13           2              0.002 
2020-10-05 10:26:09 | DEBUG | call of SolverReInit ie a new symbolic and numerical factorization will be performed
2020-10-05 10:26:09 | INFO |        2.955 |       14           2              0.004 
2020-10-05 10:26:09 | DEBUG | call of SolverReInit ie a new symbolic and numerical factorization will be performed
2020-10-05 10:26:09 | INFO |        2.964 |       15           2              0.008 
2020-10-05 10:26:09 | DEBUG | call of SolverReInit ie a new symbolic and numerical factorization will be performed
2020-10-05 10:26:09 | INFO |        2.980 |       16           2              0.016 
2020-10-05 10:26:09 | DEBUG | call of SolverReInit ie a new symbolic and numerical factorization will be performed
2020-10-05 10:26:09 | INFO |        3.013 |       17           2              0.033 
2020-10-05 10:26:09 | DEBUG | call of SolverReInit ie a new symbolic and numerical factorization will be performed
2020-10-05 10:26:09 | INFO |        3.078 |       18           2              0.066 
2020-10-05 10:26:09 | DEBUG | call of SolverReInit ie a new symbolic and numerical factorization will be performed
2020-10-05 10:26:09 | INFO |        3.209 |       19           2              0.131 
2020-10-05 10:26:09 | INFO | Algebraic mode change for model GEN____8_SM
2020-10-05 10:26:09 | INFO |        3.335 |       20           2              0.131 
2020-10-05 10:26:09 | INFO | calculation of the new starting point of the simulation.
2020-10-05 10:26:09 | INFO |        3.335 |        0           0              0.000 
2020-10-05 10:26:09 | DEBUG | largest derivative values (truncated to the first 10) at the current iteration
2020-10-05 10:26:09 | DEBUG | YP[250]=1.80406e-05 (variable=GEN____8_SM_generator_theta)
2020-10-05 10:26:09 | DEBUG | YP[102]=-8.44014e-06 (variable=GEN____2_SM_generator_lambdaQ1Pu)
2020-10-05 10:26:09 | DEBUG | YP[149]=8.27506e-06 (variable=GEN____3_SM_generator_lambdaQ1Pu)
2020-10-05 10:26:09 | DEBUG | YP[150]=7.31762e-06 (variable=GEN____3_SM_generator_lambdaQ2Pu)
2020-10-05 10:26:09 | DEBUG | YP[103]=-6.59875e-06 (variable=GEN____2_SM_generator_lambdaQ2Pu)
2020-10-05 10:26:09 | DEBUG | YP[109]=-5.87919e-06 (variable=GEN____2_SM_generator_theta)
2020-10-05 10:26:09 | DEBUG | YP[196]=-4.6584e-06 (variable=GEN____6_SM_generator_lambdaQ1Pu)
2020-10-05 10:26:09 | DEBUG | YP[156]=4.58566e-06 (variable=GEN____3_SM_generator_theta)
2020-10-05 10:26:09 | DEBUG | YP[55]=-3.60236e-06 (variable=GEN____1_SM_generator_lambdaQ1Pu)
2020-10-05 10:26:09 | DEBUG | YP[243]=-3.48746e-06 (variable=GEN____8_SM_generator_lambdaQ1Pu)
2020-10-05 10:26:09 | DEBUG | call of SolverReInit ie a new symbolic and numerical factorization will be performed
2020-10-05 10:26:09 | INFO |        3.335 |        1           1              0.000 
2020-10-05 10:26:09 | INFO |        3.335 |        2           1              0.000 
2020-10-05 10:26:09 | INFO |        3.335 |        3           2              0.000 
2020-10-05 10:26:09 | DEBUG | call of SolverReInit ie a new symbolic and numerical factorization will be performed
2020-10-05 10:26:09 | INFO |        3.335 |        4           2              0.000 
2020-10-05 10:26:09 | DEBUG | call of SolverReInit ie a new symbolic and numerical factorization will be performed
2020-10-05 10:26:09 | INFO |        3.335 |        5           2              0.000 
2020-10-05 10:26:09 | DEBUG | call of SolverReInit ie a new symbolic and numerical factorization will be performed
2020-10-05 10:26:09 | INFO |        3.335 |        6           2              0.000 
2020-10-05 10:26:09 | DEBUG | call of SolverReInit ie a new symbolic and numerical factorization will be performed
2020-10-05 10:26:09 | INFO |        3.335 |        7           2              0.000 
2020-10-05 10:26:09 | DEBUG | call of SolverReInit ie a new symbolic and numerical factorization will be performed
2020-10-05 10:26:09 | INFO |        3.335 |        8           2              0.000 
2020-10-05 10:26:09 | DEBUG | call of SolverReInit ie a new symbolic and numerical factorization will be performed
2020-10-05 10:26:09 | INFO |        3.335 |        9           2              0.000 
2020-10-05 10:26:09 | DEBUG | call of SolverReInit ie a new symbolic and numerical factorization will be performed
2020-10-05 10:26:09 | INFO |        3.335 |       10           2              0.000 
2020-10-05 10:26:09 | DEBUG | call of SolverReInit ie a new symbolic and numerical factorization will be performed
2020-10-05 10:26:09 | INFO |        3.336 |       11           2              0.001 
2020-10-05 10:26:09 | DEBUG | call of SolverReInit ie a new symbolic and numerical factorization will be performed
2020-10-05 10:26:09 | INFO |        3.337 |       12           2              0.001 
2020-10-05 10:26:09 | DEBUG | call of SolverReInit ie a new symbolic and numerical factorization will be performed
2020-10-05 10:26:09 | INFO |        3.339 |       13           2              0.002 
2020-10-05 10:26:09 | DEBUG | call of SolverReInit ie a new symbolic and numerical factorization will be performed
2020-10-05 10:26:09 | INFO |        3.343 |       14           2              0.004 
2020-10-05 10:26:09 | DEBUG | call of SolverReInit ie a new symbolic and numerical factorization will be performed
2020-10-05 10:26:09 | INFO |        3.351 |       15           2              0.008 
2020-10-05 10:26:09 | DEBUG | call of SolverReInit ie a new symbolic and numerical factorization will be performed
2020-10-05 10:26:09 | INFO |        3.367 |       16           2              0.016 
2020-10-05 10:26:09 | DEBUG | call of SolverReInit ie a new symbolic and numerical factorization will be performed
2020-10-05 10:26:09 | INFO |        3.400 |       17           2              0.033 
2020-10-05 10:26:09 | DEBUG | call of SolverReInit ie a new symbolic and numerical factorization will be performed
2020-10-05 10:26:09 | INFO |        3.466 |       18           2              0.066 
2020-10-05 10:26:09 | DEBUG | call of SolverReInit ie a new symbolic and numerical factorization will be performed
2020-10-05 10:26:09 | INFO |        3.487 |       19           2              0.131 
2020-10-05 10:26:09 | INFO |        3.487 |       19           2              0.131 
2020-10-05 10:26:09 | INFO |        3.597 |       19           2              0.131 
2020-10-05 10:26:09 | DEBUG | call of SolverReInit ie a new symbolic and numerical factorization will be performed
2020-10-05 10:26:09 | INFO |        3.859 |       20           2              0.262 
2020-10-05 10:26:09 | INFO |        4.121 |       21           1              0.262 
2020-10-05 10:26:09 | INFO |        4.277 |       22           1              0.262 
2020-10-05 10:26:09 | INFO |        4.277 |       22           1              0.262 
2020-10-05 10:26:09 | INFO |        4.383 |       22           1              0.262 
2020-10-05 10:26:09 | INFO |        4.645 |       23           1              0.262 
2020-10-05 10:26:09 | DEBUG | call of SolverReInit ie a new symbolic and numerical factorization will be performed
2020-10-05 10:26:09 | INFO |        5.132 |       24           1              0.524 
2020-10-05 10:26:09 | INFO |        5.132 |       24           1              0.524 
2020-10-05 10:26:09 | INFO |        5.170 |       24           1              0.524 
2020-10-05 10:26:09 | INFO |        5.694 |       25           1              0.524 
2020-10-05 10:26:09 | DEBUG | call of SolverReInit ie a new symbolic and numerical factorization will be performed
2020-10-05 10:26:09 | INFO |        6.743 |       26           1              1.049 
2020-10-05 10:26:09 | DEBUG | call of SolverReInit ie a new symbolic and numerical factorization will be performed
2020-10-05 10:26:09 | INFO |        8.840 |       27           1              2.097 
2020-10-05 10:26:09 | DEBUG | call of SolverReInit ie a new symbolic and numerical factorization will be performed
2020-10-05 10:26:09 | INFO |       13.034 |       28           1              4.194 
2020-10-05 10:26:09 | INFO |       20.000 |       29           1              6.966 
2020-10-05 10:26:17 | INFO | 
2020-10-05 10:26:17 | INFO | execution statistics :
2020-10-05 10:26:17 | INFO | 
2020-10-05 10:26:17 | INFO | number of time iterations                  = 259
2020-10-05 10:26:17 | INFO | number of residual evaluations             = 370
2020-10-05 10:26:17 | INFO | number of Jacobian evaluations             = 222
2020-10-05 10:26:17 | INFO | number of nonlinear iterations             = 344
2020-10-05 10:26:17 | INFO | number of error test failures              = 0
2020-10-05 10:26:17 | INFO | number of nonlinear convergence failures   = 0
2020-10-05 10:26:17 | INFO | number of root functions evaluations       = 1664
2020-10-05 10:26:17 | INFO | number of discrete variables evaluations   = 59
2020-10-05 10:26:17 | INFO | number of mode evaluations                 = 45
2020-10-05 10:26:17 | INFO | end of job 'IEEE14 - Fault'
