2021-03-18 10:04:07 | INFO |  ============================================================ 
2021-03-18 10:04:07 | INFO | DYNAWO VERSION  :     1.3.0
2021-03-18 10:04:07 | INFO | DYNAWO REVISION :  964_external_variables-0c33bfd3
2021-03-18 10:04:07 | INFO |  ============================================================ 
2021-03-18 10:04:07 | INFO | 
2021-03-18 10:04:07 | INFO | -----------------------------------------------------------------------
2021-03-18 10:04:07 | INFO | building model from input files
2021-03-18 10:04:07 | INFO | -----------------------------------------------------------------------
2021-03-18 10:04:07 | INFO | model was built successfully
2021-03-18 10:04:07 | INFO | -----------------------------------------------------------------------
2021-03-18 10:04:07 | INFO | 
2021-03-18 10:04:07 | INFO | -----------------------------------------------------------------------
2021-03-18 10:04:07 | INFO | starting local initialization
2021-03-18 10:04:07 | INFO | -----------------------------------------------------------------------
2021-03-18 10:04:07 | INFO | end of local initialization
2021-03-18 10:04:07 | INFO | -----------------------------------------------------------------------
2021-03-18 10:04:07 | INFO | 
2021-03-18 10:04:07 | INFO | -----------------------------------------------------------------------
2021-03-18 10:04:07 | INFO | starting global initialization
2021-03-18 10:04:07 | INFO | -----------------------------------------------------------------------
2021-03-18 10:04:07 | INFO | end of global initialization
2021-03-18 10:04:07 | INFO | -----------------------------------------------------------------------
2021-03-18 10:04:07 | INFO | 
2021-03-18 10:04:07 | INFO | -----------------------------------------------------------------------
2021-03-18 10:04:07 | INFO | starting curve initialization
2021-03-18 10:04:07 | INFO | -----------------------------------------------------------------------
2021-03-18 10:04:07 | INFO | end of curve initialization, added 19 curves
2021-03-18 10:04:07 | INFO | -----------------------------------------------------------------------
2021-03-18 10:04:07 | INFO | 
2021-03-18 10:04:07 | INFO | -----------------------------------------------------------------------
2021-03-18 10:04:07 | INFO | starting simulation with solver SimplifiedSolver
2021-03-18 10:04:07 | INFO | -----------------------------------------------------------------------
2021-03-18 10:04:07 | INFO | -----------------------------------------------------------------------
2021-03-18 10:04:07 | INFO | number of continuous variables : 957
2021-03-18 10:04:07 | INFO | number of discrete variables : 1739
2021-03-18 10:04:07 | INFO | number of root functions : 1395
2021-03-18 10:04:07 | INFO | -----------------------------------------------------------------------
2021-03-18 10:04:07 | INFO |         time | iter num   Nonlinear iter   jac eval      time step (h)
2021-03-18 10:04:07 | INFO | -----------------------------------------------------------------------
2021-03-18 10:04:07 | INFO |        0.000 |        0                0          0              1.000 
2021-03-18 10:04:07 | INFO |        1.000 |        1                1          1              1.000 
2021-03-18 10:04:07 | INFO |        2.000 |        2                2          1              1.000 
2021-03-18 10:04:07 | INFO |        3.000 |        3                3          1              1.000 
2021-03-18 10:04:07 | INFO |        4.000 |        4                4          1              1.000 
2021-03-18 10:04:07 | INFO | initial guess of the algebraic solver is accurate, following solver iterations will be skipped until the next mode change
2021-03-18 10:04:07 | INFO |        5.000 |        5                4          1              1.000 
2021-03-18 10:04:07 | INFO |        6.000 |        6                4          1              1.000 
2021-03-18 10:04:07 | INFO |        7.000 |        7                4          1              1.000 
2021-03-18 10:04:07 | INFO |        8.000 |        8                4          1              1.000 
2021-03-18 10:04:07 | INFO |        9.000 |        9                4          1              1.000 
2021-03-18 10:04:07 | INFO |       10.000 |       10                4          1              1.000 
2021-03-18 10:04:07 | INFO |       11.000 |       11                4          1              1.000 
2021-03-18 10:04:07 | INFO |       12.000 |       12                4          1              1.000 
2021-03-18 10:04:07 | INFO |       13.000 |       13                4          1              1.000 
2021-03-18 10:04:07 | INFO |       14.000 |       14                4          1              1.000 
2021-03-18 10:04:07 | INFO |       15.000 |       15                4          1              1.000 
2021-03-18 10:04:07 | INFO |       16.000 |       16                4          1              1.000 
2021-03-18 10:04:07 | INFO |       17.000 |       17                4          1              1.000 
2021-03-18 10:04:07 | INFO |       18.000 |       18                4          1              1.000 
2021-03-18 10:04:07 | INFO |       19.000 |       19                4          1              1.000 
2021-03-18 10:04:07 | INFO |       20.000 |       20                4          1              1.000 
2021-03-18 10:04:07 | INFO |       21.000 |       21                4          1              1.000 
2021-03-18 10:04:07 | INFO |       22.000 |       22                4          1              1.000 
2021-03-18 10:04:07 | INFO |       23.000 |       23                4          1              1.000 
2021-03-18 10:04:07 | INFO |       24.000 |       24                4          1              1.000 
2021-03-18 10:04:07 | INFO |       25.000 |       25                4          1              1.000 
2021-03-18 10:04:07 | INFO |       26.000 |       26                4          1              1.000 
2021-03-18 10:04:07 | INFO |       27.000 |       27                4          1              1.000 
2021-03-18 10:04:07 | INFO |       28.000 |       28                4          1              1.000 
2021-03-18 10:04:07 | INFO |       29.000 |       29                4          1              1.000 
2021-03-18 10:04:07 | INFO |       30.000 |       30                4          1              1.000 
2021-03-18 10:04:07 | INFO |       31.000 |       31                4          1              1.000 
2021-03-18 10:04:07 | INFO |       32.000 |       32                4          1              1.000 
2021-03-18 10:04:07 | INFO |       33.000 |       33                4          1              1.000 
2021-03-18 10:04:07 | INFO |       34.000 |       34                4          1              1.000 
2021-03-18 10:04:07 | INFO |       35.000 |       35                4          1              1.000 
2021-03-18 10:04:07 | INFO |       36.000 |       36                4          1              1.000 
2021-03-18 10:04:07 | INFO |       37.000 |       37                4          1              1.000 
2021-03-18 10:04:07 | INFO |       38.000 |       38                4          1              1.000 
2021-03-18 10:04:07 | INFO |       39.000 |       39                4          1              1.000 
2021-03-18 10:04:07 | INFO |       40.000 |       40                4          1              1.000 
2021-03-18 10:04:07 | INFO |       41.000 |       41                4          1              1.000 
2021-03-18 10:04:07 | INFO |       42.000 |       42                4          1              1.000 
2021-03-18 10:04:07 | INFO |       43.000 |       43                4          1              1.000 
2021-03-18 10:04:07 | INFO |       44.000 |       44                4          1              1.000 
2021-03-18 10:04:07 | INFO |       45.000 |       45                4          1              1.000 
2021-03-18 10:04:07 | INFO |       46.000 |       46                4          1              1.000 
2021-03-18 10:04:07 | INFO |       47.000 |       47                4          1              1.000 
2021-03-18 10:04:07 | INFO |       48.000 |       48                4          1              1.000 
2021-03-18 10:04:07 | INFO |       49.000 |       49                4          1              1.000 
2021-03-18 10:04:07 | INFO | Algebraic mode (with J recalculation) change at t = 50
2021-03-18 10:04:07 | INFO |       50.000 |       50                4          1              1.000 
2021-03-18 10:04:07 | INFO | calculation of the new starting point of the simulation.
2021-03-18 10:04:07 | INFO | Algebraic mode change at t = 50
2021-03-18 10:04:07 | INFO |       50.000 |       50                8          4              1.000 
2021-03-18 10:04:07 | INFO |       51.000 |       51               12          5              1.000 
2021-03-18 10:04:07 | INFO |       52.000 |       52               16          5              1.000 
2021-03-18 10:04:07 | INFO |       53.000 |       53               19          5              1.000 
2021-03-18 10:04:07 | INFO |       54.000 |       54               22          5              1.000 
2021-03-18 10:04:07 | INFO |       55.000 |       55               24          5              1.000 
2021-03-18 10:04:07 | INFO |       56.000 |       56               26          5              1.000 
2021-03-18 10:04:07 | INFO |       57.000 |       57               28          5              1.000 
2021-03-18 10:04:07 | INFO |       58.000 |       58               30          5              1.000 
2021-03-18 10:04:07 | INFO |       59.000 |       59               31          5              1.000 
2021-03-18 10:04:07 | INFO |       60.000 |       60               32          5              1.000 
2021-03-18 10:04:07 | INFO |       61.000 |       61               33          5              1.000 
2021-03-18 10:04:07 | INFO |       62.000 |       62               34          5              1.000 
2021-03-18 10:04:07 | INFO |       63.000 |       63               35          5              1.000 
2021-03-18 10:04:07 | INFO |       64.000 |       64               36          5              1.000 
2021-03-18 10:04:07 | INFO |       65.000 |       65               37          5              1.000 
2021-03-18 10:04:07 | INFO |       66.000 |       66               38          5              1.000 
2021-03-18 10:04:07 | INFO |       67.000 |       67               39          5              1.000 
2021-03-18 10:04:07 | INFO |       68.000 |       68               40          5              1.000 
2021-03-18 10:04:07 | INFO |       69.000 |       69               41          5              1.000 
2021-03-18 10:04:07 | INFO |       70.000 |       70               42          5              1.000 
2021-03-18 10:04:07 | INFO |       71.000 |       71               43          5              1.000 
2021-03-18 10:04:07 | INFO |       72.000 |       72               44          5              1.000 
2021-03-18 10:04:07 | INFO |       73.000 |       73               45          5              1.000 
2021-03-18 10:04:07 | INFO |       74.000 |       74               46          5              1.000 
2021-03-18 10:04:07 | INFO | initial guess of the algebraic solver is accurate, following solver iterations will be skipped until the next mode change
2021-03-18 10:04:07 | INFO |       75.000 |       75               46          5              1.000 
2021-03-18 10:04:07 | INFO |       76.000 |       76               46          5              1.000 
2021-03-18 10:04:07 | INFO |       77.000 |       77               46          5              1.000 
2021-03-18 10:04:07 | INFO |       78.000 |       78               46          5              1.000 
2021-03-18 10:04:07 | INFO |       79.000 |       79               46          5              1.000 
2021-03-18 10:04:07 | INFO | Algebraic mode change at t = 80
2021-03-18 10:04:07 | INFO |       80.000 |       80               46          5              1.000 
2021-03-18 10:04:07 | INFO | calculation of the new starting point of the simulation.
2021-03-18 10:04:07 | INFO |       80.000 |       80               48          5              1.000 
2021-03-18 10:04:07 | INFO |       81.000 |       81               50          5              1.000 
2021-03-18 10:04:07 | INFO |       82.000 |       82               51          5              1.000 
2021-03-18 10:04:07 | INFO |       83.000 |       83               52          5              1.000 
2021-03-18 10:04:07 | INFO |       84.000 |       84               53          5              1.000 
2021-03-18 10:04:07 | INFO |       85.000 |       85               54          5              1.000 
2021-03-18 10:04:07 | INFO |       86.000 |       86               55          5              1.000 
2021-03-18 10:04:07 | INFO |       87.000 |       87               56          5              1.000 
2021-03-18 10:04:07 | INFO |       88.000 |       88               57          5              1.000 
2021-03-18 10:04:07 | INFO |       89.000 |       89               58          5              1.000 
2021-03-18 10:04:07 | INFO | Algebraic mode change at t = 90
2021-03-18 10:04:07 | INFO |       90.000 |       90               59          5              1.000 
2021-03-18 10:04:07 | INFO | calculation of the new starting point of the simulation.
2021-03-18 10:04:07 | INFO |       90.000 |       90               61          5              1.000 
2021-03-18 10:04:07 | INFO |       91.000 |       91               63          5              1.000 
2021-03-18 10:04:07 | INFO |       92.000 |       92               64          5              1.000 
2021-03-18 10:04:07 | INFO |       93.000 |       93               65          5              1.000 
2021-03-18 10:04:07 | INFO |       94.000 |       94               66          5              1.000 
2021-03-18 10:04:07 | INFO |       95.000 |       95               67          5              1.000 
2021-03-18 10:04:07 | INFO |       96.000 |       96               68          5              1.000 
2021-03-18 10:04:07 | INFO |       97.000 |       97               69          5              1.000 
2021-03-18 10:04:07 | INFO |       98.000 |       98               70          5              1.000 
2021-03-18 10:04:07 | INFO |       99.000 |       99               71          5              1.000 
2021-03-18 10:04:07 | INFO | Algebraic mode change at t = 100
2021-03-18 10:04:07 | INFO |      100.000 |      100               72          5              1.000 
2021-03-18 10:04:07 | INFO | calculation of the new starting point of the simulation.
2021-03-18 10:04:07 | INFO |      100.000 |      100               74          5              1.000 
2021-03-18 10:04:07 | INFO |      101.000 |      101               76          5              1.000 
2021-03-18 10:04:07 | INFO |      102.000 |      102               77          5              1.000 
2021-03-18 10:04:07 | INFO |      103.000 |      103               78          5              1.000 
2021-03-18 10:04:07 | INFO |      104.000 |      104               79          5              1.000 
2021-03-18 10:04:07 | INFO |      105.000 |      105               80          5              1.000 
2021-03-18 10:04:07 | INFO |      106.000 |      106               81          5              1.000 
2021-03-18 10:04:07 | INFO |      107.000 |      107               82          5              1.000 
2021-03-18 10:04:07 | INFO |      108.000 |      108               83          5              1.000 
2021-03-18 10:04:07 | INFO |      109.000 |      109               84          5              1.000 
2021-03-18 10:04:07 | INFO | Algebraic mode change at t = 110
2021-03-18 10:04:07 | INFO |      110.000 |      110               85          5              1.000 
2021-03-18 10:04:07 | INFO | calculation of the new starting point of the simulation.
2021-03-18 10:04:07 | INFO |      110.000 |      110               88          5              1.000 
2021-03-18 10:04:07 | INFO |      111.000 |      111               91          5              1.000 
2021-03-18 10:04:07 | INFO |      112.000 |      112               93          5              1.000 
2021-03-18 10:04:07 | INFO |      113.000 |      113               95          5              1.000 
2021-03-18 10:04:07 | INFO |      114.000 |      114               96          5              1.000 
2021-03-18 10:04:07 | INFO |      115.000 |      115               97          5              1.000 
2021-03-18 10:04:07 | INFO |      116.000 |      116               98          5              1.000 
2021-03-18 10:04:07 | INFO |      117.000 |      117               99          5              1.000 
2021-03-18 10:04:07 | INFO |      118.000 |      118              100          5              1.000 
2021-03-18 10:04:07 | INFO |      119.000 |      119              101          5              1.000 
2021-03-18 10:04:07 | INFO | Algebraic mode change at t = 120
2021-03-18 10:04:07 | INFO |      120.000 |      120              102          5              1.000 
2021-03-18 10:04:07 | INFO | calculation of the new starting point of the simulation.
2021-03-18 10:04:07 | INFO |      120.000 |      120              105          5              1.000 
2021-03-18 10:04:07 | INFO |      121.000 |      121              107          5              1.000 
2021-03-18 10:04:07 | INFO |      122.000 |      122              109          5              1.000 
2021-03-18 10:04:07 | INFO |      123.000 |      123              110          5              1.000 
2021-03-18 10:04:07 | INFO |      124.000 |      124              111          5              1.000 
2021-03-18 10:04:07 | INFO |      125.000 |      125              112          5              1.000 
2021-03-18 10:04:07 | INFO |      126.000 |      126              113          5              1.000 
2021-03-18 10:04:07 | INFO |      127.000 |      127              114          5              1.000 
2021-03-18 10:04:07 | INFO |      128.000 |      128              115          5              1.000 
2021-03-18 10:04:07 | INFO |      129.000 |      129              116          5              1.000 
2021-03-18 10:04:07 | INFO | Algebraic mode change at t = 130
2021-03-18 10:04:07 | INFO |      130.000 |      130              117          5              1.000 
2021-03-18 10:04:07 | INFO | calculation of the new starting point of the simulation.
2021-03-18 10:04:07 | INFO |      130.000 |      130              120          5              1.000 
2021-03-18 10:04:07 | INFO |      131.000 |      131              122          5              1.000 
2021-03-18 10:04:07 | INFO |      132.000 |      132              124          5              1.000 
2021-03-18 10:04:07 | INFO |      133.000 |      133              125          5              1.000 
2021-03-18 10:04:07 | INFO |      134.000 |      134              126          5              1.000 
2021-03-18 10:04:07 | INFO |      135.000 |      135              127          5              1.000 
2021-03-18 10:04:07 | INFO |      136.000 |      136              128          5              1.000 
2021-03-18 10:04:07 | INFO |      137.000 |      137              129          5              1.000 
2021-03-18 10:04:07 | INFO |      138.000 |      138              130          5              1.000 
2021-03-18 10:04:07 | INFO |      139.000 |      139              131          5              1.000 
2021-03-18 10:04:07 | INFO | Algebraic mode change at t = 140
2021-03-18 10:04:07 | INFO |      140.000 |      140              132          5              1.000 
2021-03-18 10:04:07 | INFO | calculation of the new starting point of the simulation.
2021-03-18 10:04:07 | INFO |      140.000 |      140              136          5              1.000 
2021-03-18 10:04:07 | INFO |      141.000 |      141              138          5              1.000 
2021-03-18 10:04:07 | INFO |      142.000 |      142              140          5              1.000 
2021-03-18 10:04:07 | INFO |      143.000 |      143              141          5              1.000 
2021-03-18 10:04:07 | INFO |      144.000 |      144              142          5              1.000 
2021-03-18 10:04:07 | INFO |      145.000 |      145              143          5              1.000 
2021-03-18 10:04:07 | INFO |      146.000 |      146              144          5              1.000 
2021-03-18 10:04:07 | INFO |      147.000 |      147              145          5              1.000 
2021-03-18 10:04:07 | INFO |      148.000 |      148              146          5              1.000 
2021-03-18 10:04:07 | INFO |      149.000 |      149              147          5              1.000 
2021-03-18 10:04:07 | INFO | Algebraic mode change at t = 150
2021-03-18 10:04:07 | INFO |      150.000 |      150              148          5              1.000 
2021-03-18 10:04:07 | INFO | calculation of the new starting point of the simulation.
2021-03-18 10:04:07 | INFO |      150.000 |      150              152          5              1.000 
2021-03-18 10:04:07 | INFO |      151.000 |      151              154          5              1.000 
2021-03-18 10:04:07 | INFO |      152.000 |      152              156          5              1.000 
2021-03-18 10:04:07 | INFO |      153.000 |      153              158          5              1.000 
2021-03-18 10:04:07 | INFO |      154.000 |      154              159          5              1.000 
2021-03-18 10:04:07 | INFO |      155.000 |      155              160          5              1.000 
2021-03-18 10:04:07 | INFO |      156.000 |      156              161          5              1.000 
2021-03-18 10:04:07 | INFO |      157.000 |      157              162          5              1.000 
2021-03-18 10:04:07 | INFO |      158.000 |      158              163          5              1.000 
2021-03-18 10:04:07 | INFO |      159.000 |      159              164          5              1.000 
2021-03-18 10:04:07 | INFO | Algebraic mode change at t = 160
2021-03-18 10:04:07 | INFO |      160.000 |      160              165          5              1.000 
2021-03-18 10:04:07 | INFO | calculation of the new starting point of the simulation.
2021-03-18 10:04:07 | INFO |      160.000 |      160              168          5              1.000 
2021-03-18 10:04:07 | INFO |      161.000 |      161              170          5              1.000 
2021-03-18 10:04:07 | INFO |      162.000 |      162              172          5              1.000 
2021-03-18 10:04:07 | INFO |      163.000 |      163              173          5              1.000 
2021-03-18 10:04:07 | INFO |      164.000 |      164              174          5              1.000 
2021-03-18 10:04:07 | INFO |      165.000 |      165              175          5              1.000 
2021-03-18 10:04:07 | INFO |      166.000 |      166              176          5              1.000 
2021-03-18 10:04:07 | INFO |      167.000 |      167              177          5              1.000 
2021-03-18 10:04:07 | INFO |      168.000 |      168              178          5              1.000 
2021-03-18 10:04:07 | INFO |      169.000 |      169              179          5              1.000 
2021-03-18 10:04:07 | INFO | Algebraic mode change at t = 170
2021-03-18 10:04:07 | INFO |      170.000 |      170              180          5              1.000 
2021-03-18 10:04:07 | INFO | calculation of the new starting point of the simulation.
2021-03-18 10:04:07 | INFO |      170.000 |      170              184          5              1.000 
2021-03-18 10:04:07 | INFO |      171.000 |      171              186          5              1.000 
2021-03-18 10:04:07 | INFO |      172.000 |      172              187          5              1.000 
2021-03-18 10:04:07 | INFO |      173.000 |      173              188          5              1.000 
2021-03-18 10:04:07 | INFO |      174.000 |      174              189          5              1.000 
2021-03-18 10:04:07 | INFO |      175.000 |      175              190          5              1.000 
2021-03-18 10:04:07 | INFO |      176.000 |      176              191          5              1.000 
2021-03-18 10:04:07 | INFO |      177.000 |      177              192          5              1.000 
2021-03-18 10:04:07 | INFO |      178.000 |      178              193          5              1.000 
2021-03-18 10:04:07 | INFO |      179.000 |      179              194          5              1.000 
2021-03-18 10:04:07 | INFO | Algebraic mode change at t = 180
2021-03-18 10:04:07 | INFO |      180.000 |      180              195          5              1.000 
2021-03-18 10:04:07 | INFO | calculation of the new starting point of the simulation.
2021-03-18 10:04:07 | INFO |      180.000 |      180              197          5              1.000 
2021-03-18 10:04:07 | INFO |      181.000 |      181              198          5              1.000 
2021-03-18 10:04:07 | INFO |      182.000 |      182              199          5              1.000 
2021-03-18 10:04:07 | INFO |      183.000 |      183              200          5              1.000 
2021-03-18 10:04:07 | INFO |      184.000 |      184              201          5              1.000 
2021-03-18 10:04:07 | INFO |      185.000 |      185              202          5              1.000 
2021-03-18 10:04:07 | INFO |      186.000 |      186              203          5              1.000 
2021-03-18 10:04:07 | INFO |      187.000 |      187              204          5              1.000 
2021-03-18 10:04:07 | INFO |      188.000 |      188              205          5              1.000 
2021-03-18 10:04:07 | INFO | initial guess of the algebraic solver is accurate, following solver iterations will be skipped until the next mode change
2021-03-18 10:04:07 | INFO |      189.000 |      189              205          5              1.000 
2021-03-18 10:04:07 | INFO | Algebraic mode change at t = 190
2021-03-18 10:04:07 | INFO |      190.000 |      190              205          5              1.000 
2021-03-18 10:04:07 | INFO | calculation of the new starting point of the simulation.
2021-03-18 10:04:07 | INFO |      190.000 |      190              207          5              1.000 
2021-03-18 10:04:07 | INFO |      191.000 |      191              208          5              1.000 
2021-03-18 10:04:07 | INFO |      192.000 |      192              209          5              1.000 
2021-03-18 10:04:07 | INFO |      193.000 |      193              210          5              1.000 
2021-03-18 10:04:07 | INFO | initial guess of the algebraic solver is accurate, following solver iterations will be skipped until the next mode change
2021-03-18 10:04:07 | INFO |      194.000 |      194              210          5              1.000 
2021-03-18 10:04:07 | INFO |      195.000 |      195              210          5              1.000 
2021-03-18 10:04:07 | INFO |      196.000 |      196              210          5              1.000 
2021-03-18 10:04:07 | INFO |      197.000 |      197              210          5              1.000 
2021-03-18 10:04:07 | INFO |      198.000 |      198              210          5              1.000 
2021-03-18 10:04:07 | INFO |      199.000 |      199              210          5              1.000 
2021-03-18 10:04:07 | INFO | Algebraic mode change at t = 200
2021-03-18 10:04:07 | INFO |      200.000 |      200              210          5              1.000 
2021-03-18 10:04:07 | INFO | calculation of the new starting point of the simulation.
2021-03-18 10:04:07 | INFO |      200.000 |      200              213          5              1.000 
2021-03-18 10:04:07 | INFO |      201.000 |      201              214          5              1.000 
2021-03-18 10:04:07 | INFO |      202.000 |      202              215          5              1.000 
2021-03-18 10:04:07 | INFO |      203.000 |      203              216          5              1.000 
2021-03-18 10:04:07 | INFO |      204.000 |      204              217          5              1.000 
2021-03-18 10:04:07 | INFO |      205.000 |      205              218          5              1.000 
2021-03-18 10:04:07 | INFO |      206.000 |      206              219          5              1.000 
2021-03-18 10:04:07 | INFO |      207.000 |      207              220          5              1.000 
2021-03-18 10:04:07 | INFO | initial guess of the algebraic solver is accurate, following solver iterations will be skipped until the next mode change
2021-03-18 10:04:07 | INFO |      208.000 |      208              220          5              1.000 
2021-03-18 10:04:07 | INFO |      209.000 |      209              220          5              1.000 
2021-03-18 10:04:07 | INFO | Algebraic mode change at t = 210
2021-03-18 10:04:07 | INFO |      210.000 |      210              220          5              1.000 
2021-03-18 10:04:07 | INFO | calculation of the new starting point of the simulation.
2021-03-18 10:04:07 | INFO |      210.000 |      210              224          5              1.000 
2021-03-18 10:04:07 | INFO |      211.000 |      211              226          5              1.000 
2021-03-18 10:04:07 | INFO |      212.000 |      212              227          5              1.000 
2021-03-18 10:04:07 | INFO |      213.000 |      213              228          5              1.000 
2021-03-18 10:04:07 | INFO |      214.000 |      214              229          5              1.000 
2021-03-18 10:04:07 | INFO |      215.000 |      215              230          5              1.000 
2021-03-18 10:04:07 | INFO |      216.000 |      216              231          5              1.000 
2021-03-18 10:04:07 | INFO |      217.000 |      217              232          5              1.000 
2021-03-18 10:04:07 | INFO |      218.000 |      218              233          5              1.000 
2021-03-18 10:04:07 | INFO |      219.000 |      219              234          5              1.000 
2021-03-18 10:04:07 | INFO | Algebraic mode change at t = 220
2021-03-18 10:04:07 | INFO |      220.000 |      220              235          5              1.000 
2021-03-18 10:04:07 | INFO | calculation of the new starting point of the simulation.
2021-03-18 10:04:07 | INFO |      220.000 |      220              239          5              1.000 
2021-03-18 10:04:07 | INFO |      221.000 |      221              241          5              1.000 
2021-03-18 10:04:07 | INFO |      222.000 |      222              243          5              1.000 
2021-03-18 10:04:07 | INFO |      223.000 |      223              244          5              1.000 
2021-03-18 10:04:07 | INFO |      224.000 |      224              245          5              1.000 
2021-03-18 10:04:07 | INFO |      225.000 |      225              246          5              1.000 
2021-03-18 10:04:07 | INFO |      226.000 |      226              247          5              1.000 
2021-03-18 10:04:07 | INFO |      227.000 |      227              248          5              1.000 
2021-03-18 10:04:07 | INFO |      228.000 |      228              249          5              1.000 
2021-03-18 10:04:07 | INFO |      229.000 |      229              250          5              1.000 
2021-03-18 10:04:07 | INFO | Algebraic mode change at t = 230
2021-03-18 10:04:07 | INFO |      230.000 |      230              251          5              1.000 
2021-03-18 10:04:07 | INFO | calculation of the new starting point of the simulation.
2021-03-18 10:04:07 | INFO |      230.000 |      230              253          5              1.000 
2021-03-18 10:04:07 | INFO |      231.000 |      231              254          5              1.000 
2021-03-18 10:04:07 | INFO |      232.000 |      232              255          5              1.000 
2021-03-18 10:04:07 | INFO |      233.000 |      233              256          5              1.000 
2021-03-18 10:04:07 | INFO |      234.000 |      234              257          5              1.000 
2021-03-18 10:04:07 | INFO |      235.000 |      235              258          5              1.000 
2021-03-18 10:04:07 | INFO |      236.000 |      236              259          5              1.000 
2021-03-18 10:04:07 | INFO |      237.000 |      237              260          5              1.000 
2021-03-18 10:04:07 | INFO | initial guess of the algebraic solver is accurate, following solver iterations will be skipped until the next mode change
2021-03-18 10:04:07 | INFO |      238.000 |      238              260          5              1.000 
2021-03-18 10:04:07 | INFO |      239.000 |      239              260          5              1.000 
2021-03-18 10:04:07 | INFO | Algebraic mode change at t = 240
2021-03-18 10:04:07 | INFO |      240.000 |      240              260          5              1.000 
2021-03-18 10:04:07 | INFO | calculation of the new starting point of the simulation.
2021-03-18 10:04:07 | INFO |      240.000 |      240              262          5              1.000 
2021-03-18 10:04:07 | INFO |      241.000 |      241              263          5              1.000 
2021-03-18 10:04:07 | INFO |      242.000 |      242              264          5              1.000 
2021-03-18 10:04:07 | INFO |      243.000 |      243              265          5              1.000 
2021-03-18 10:04:07 | INFO |      244.000 |      244              266          5              1.000 
2021-03-18 10:04:07 | INFO | initial guess of the algebraic solver is accurate, following solver iterations will be skipped until the next mode change
2021-03-18 10:04:07 | INFO |      245.000 |      245              266          5              1.000 
2021-03-18 10:04:07 | INFO |      246.000 |      246              266          5              1.000 
2021-03-18 10:04:07 | INFO |      247.000 |      247              266          5              1.000 
2021-03-18 10:04:07 | INFO |      248.000 |      248              266          5              1.000 
2021-03-18 10:04:07 | INFO |      249.000 |      249              266          5              1.000 
2021-03-18 10:04:07 | INFO |      250.000 |      250              266          5              1.000 
2021-03-18 10:04:07 | INFO |      251.000 |      251              266          5              1.000 
2021-03-18 10:04:07 | INFO |      252.000 |      252              266          5              1.000 
2021-03-18 10:04:07 | INFO |      253.000 |      253              266          5              1.000 
2021-03-18 10:04:07 | INFO |      254.000 |      254              266          5              1.000 
2021-03-18 10:04:07 | INFO |      255.000 |      255              266          5              1.000 
2021-03-18 10:04:07 | INFO |      256.000 |      256              266          5              1.000 
2021-03-18 10:04:07 | INFO |      257.000 |      257              266          5              1.000 
2021-03-18 10:04:07 | INFO |      258.000 |      258              266          5              1.000 
2021-03-18 10:04:07 | INFO |      259.000 |      259              266          5              1.000 
2021-03-18 10:04:07 | INFO |      260.000 |      260              266          5              1.000 
2021-03-18 10:04:07 | INFO |      261.000 |      261              266          5              1.000 
2021-03-18 10:04:07 | INFO |      262.000 |      262              266          5              1.000 
2021-03-18 10:04:07 | INFO |      263.000 |      263              266          5              1.000 
2021-03-18 10:04:07 | INFO |      264.000 |      264              266          5              1.000 
2021-03-18 10:04:07 | INFO |      265.000 |      265              266          5              1.000 
2021-03-18 10:04:07 | INFO |      266.000 |      266              266          5              1.000 
2021-03-18 10:04:07 | INFO |      267.000 |      267              266          5              1.000 
2021-03-18 10:04:07 | INFO |      268.000 |      268              266          5              1.000 
2021-03-18 10:04:07 | INFO |      269.000 |      269              266          5              1.000 
2021-03-18 10:04:07 | INFO |      270.000 |      270              266          5              1.000 
2021-03-18 10:04:07 | INFO |      271.000 |      271              266          5              1.000 
2021-03-18 10:04:07 | INFO |      272.000 |      272              266          5              1.000 
2021-03-18 10:04:07 | INFO |      273.000 |      273              266          5              1.000 
2021-03-18 10:04:07 | INFO |      274.000 |      274              266          5              1.000 
2021-03-18 10:04:07 | INFO |      275.000 |      275              266          5              1.000 
2021-03-18 10:04:07 | INFO |      276.000 |      276              266          5              1.000 
2021-03-18 10:04:07 | INFO |      277.000 |      277              266          5              1.000 
2021-03-18 10:04:07 | INFO |      278.000 |      278              266          5              1.000 
2021-03-18 10:04:07 | INFO |      279.000 |      279              266          5              1.000 
2021-03-18 10:04:07 | INFO | Algebraic mode change at t = 280
2021-03-18 10:04:07 | INFO |      280.000 |      280              266          5              1.000 
2021-03-18 10:04:07 | INFO | calculation of the new starting point of the simulation.
2021-03-18 10:04:07 | INFO |      280.000 |      280              268          5              1.000 
2021-03-18 10:04:07 | INFO |      281.000 |      281              269          5              1.000 
2021-03-18 10:04:07 | INFO |      282.000 |      282              270          5              1.000 
2021-03-18 10:04:07 | INFO |      283.000 |      283              271          5              1.000 
2021-03-18 10:04:07 | INFO |      284.000 |      284              272          5              1.000 
2021-03-18 10:04:07 | INFO |      285.000 |      285              273          5              1.000 
2021-03-18 10:04:07 | INFO |      286.000 |      286              274          5              1.000 
2021-03-18 10:04:07 | INFO | initial guess of the algebraic solver is accurate, following solver iterations will be skipped until the next mode change
2021-03-18 10:04:07 | INFO |      287.000 |      287              274          5              1.000 
2021-03-18 10:04:07 | INFO |      288.000 |      288              274          5              1.000 
2021-03-18 10:04:07 | INFO |      289.000 |      289              274          5              1.000 
2021-03-18 10:04:07 | INFO |      290.000 |      290              274          5              1.000 
2021-03-18 10:04:07 | INFO |      291.000 |      291              274          5              1.000 
2021-03-18 10:04:07 | INFO |      292.000 |      292              274          5              1.000 
2021-03-18 10:04:07 | INFO |      293.000 |      293              274          5              1.000 
2021-03-18 10:04:07 | INFO |      294.000 |      294              274          5              1.000 
2021-03-18 10:04:07 | INFO |      295.000 |      295              274          5              1.000 
2021-03-18 10:04:07 | INFO |      296.000 |      296              274          5              1.000 
2021-03-18 10:04:07 | INFO |      297.000 |      297              274          5              1.000 
2021-03-18 10:04:07 | INFO |      298.000 |      298              274          5              1.000 
2021-03-18 10:04:07 | INFO |      299.000 |      299              274          5              1.000 
2021-03-18 10:04:07 | INFO |      300.000 |      300              274          5              1.000 
2021-03-18 10:04:07 | INFO |      301.000 |      301              274          5              1.000 
2021-03-18 10:04:07 | INFO |      302.000 |      302              274          5              1.000 
2021-03-18 10:04:07 | INFO |      303.000 |      303              274          5              1.000 
2021-03-18 10:04:07 | INFO |      304.000 |      304              274          5              1.000 
2021-03-18 10:04:07 | INFO |      305.000 |      305              274          5              1.000 
2021-03-18 10:04:07 | INFO |      306.000 |      306              274          5              1.000 
2021-03-18 10:04:07 | INFO |      307.000 |      307              274          5              1.000 
2021-03-18 10:04:07 | INFO |      308.000 |      308              274          5              1.000 
2021-03-18 10:04:07 | INFO |      309.000 |      309              274          5              1.000 
2021-03-18 10:04:07 | INFO |      310.000 |      310              274          5              1.000 
2021-03-18 10:04:07 | INFO |      311.000 |      311              274          5              1.000 
2021-03-18 10:04:07 | INFO |      312.000 |      312              274          5              1.000 
2021-03-18 10:04:07 | INFO |      313.000 |      313              274          5              1.000 
2021-03-18 10:04:07 | INFO |      314.000 |      314              274          5              1.000 
2021-03-18 10:04:07 | INFO |      315.000 |      315              274          5              1.000 
2021-03-18 10:04:07 | INFO |      316.000 |      316              274          5              1.000 
2021-03-18 10:04:07 | INFO |      317.000 |      317              274          5              1.000 
2021-03-18 10:04:07 | INFO |      318.000 |      318              274          5              1.000 
2021-03-18 10:04:07 | INFO |      319.000 |      319              274          5              1.000 
2021-03-18 10:04:07 | INFO |      320.000 |      320              274          5              1.000 
2021-03-18 10:04:07 | INFO |      321.000 |      321              274          5              1.000 
2021-03-18 10:04:07 | INFO |      322.000 |      322              274          5              1.000 
2021-03-18 10:04:07 | INFO |      323.000 |      323              274          5              1.000 
2021-03-18 10:04:07 | INFO |      324.000 |      324              274          5              1.000 
2021-03-18 10:04:07 | INFO |      325.000 |      325              274          5              1.000 
2021-03-18 10:04:07 | INFO |      326.000 |      326              274          5              1.000 
2021-03-18 10:04:07 | INFO |      327.000 |      327              274          5              1.000 
2021-03-18 10:04:07 | INFO |      328.000 |      328              274          5              1.000 
2021-03-18 10:04:07 | INFO |      329.000 |      329              274          5              1.000 
2021-03-18 10:04:07 | INFO |      330.000 |      330              274          5              1.000 
2021-03-18 10:04:07 | INFO |      331.000 |      331              274          5              1.000 
2021-03-18 10:04:07 | INFO |      332.000 |      332              274          5              1.000 
2021-03-18 10:04:07 | INFO |      333.000 |      333              274          5              1.000 
2021-03-18 10:04:07 | INFO |      334.000 |      334              274          5              1.000 
2021-03-18 10:04:07 | INFO |      335.000 |      335              274          5              1.000 
2021-03-18 10:04:07 | INFO |      336.000 |      336              274          5              1.000 
2021-03-18 10:04:07 | INFO |      337.000 |      337              274          5              1.000 
2021-03-18 10:04:07 | INFO |      338.000 |      338              274          5              1.000 
2021-03-18 10:04:07 | INFO |      339.000 |      339              274          5              1.000 
2021-03-18 10:04:07 | INFO |      340.000 |      340              274          5              1.000 
2021-03-18 10:04:07 | INFO |      341.000 |      341              274          5              1.000 
2021-03-18 10:04:07 | INFO |      342.000 |      342              274          5              1.000 
2021-03-18 10:04:07 | INFO |      343.000 |      343              274          5              1.000 
2021-03-18 10:04:07 | INFO |      344.000 |      344              274          5              1.000 
2021-03-18 10:04:07 | INFO |      345.000 |      345              274          5              1.000 
2021-03-18 10:04:07 | INFO |      346.000 |      346              274          5              1.000 
2021-03-18 10:04:07 | INFO |      347.000 |      347              274          5              1.000 
2021-03-18 10:04:07 | INFO |      348.000 |      348              274          5              1.000 
2021-03-18 10:04:07 | INFO |      349.000 |      349              274          5              1.000 
2021-03-18 10:04:07 | INFO |      350.000 |      350              274          5              1.000 
2021-03-18 10:04:07 | INFO |      351.000 |      351              274          5              1.000 
2021-03-18 10:04:07 | INFO |      352.000 |      352              274          5              1.000 
2021-03-18 10:04:07 | INFO |      353.000 |      353              274          5              1.000 
2021-03-18 10:04:07 | INFO |      354.000 |      354              274          5              1.000 
2021-03-18 10:04:07 | INFO |      355.000 |      355              274          5              1.000 
2021-03-18 10:04:07 | INFO |      356.000 |      356              274          5              1.000 
2021-03-18 10:04:07 | INFO |      357.000 |      357              274          5              1.000 
2021-03-18 10:04:07 | INFO |      358.000 |      358              274          5              1.000 
2021-03-18 10:04:07 | INFO |      359.000 |      359              274          5              1.000 
2021-03-18 10:04:07 | INFO |      360.000 |      360              274          5              1.000 
2021-03-18 10:04:07 | INFO |      361.000 |      361              274          5              1.000 
2021-03-18 10:04:07 | INFO |      362.000 |      362              274          5              1.000 
2021-03-18 10:04:07 | INFO |      363.000 |      363              274          5              1.000 
2021-03-18 10:04:07 | INFO |      364.000 |      364              274          5              1.000 
2021-03-18 10:04:07 | INFO |      365.000 |      365              274          5              1.000 
2021-03-18 10:04:07 | INFO |      366.000 |      366              274          5              1.000 
2021-03-18 10:04:07 | INFO |      367.000 |      367              274          5              1.000 
2021-03-18 10:04:07 | INFO |      368.000 |      368              274          5              1.000 
2021-03-18 10:04:07 | INFO |      369.000 |      369              274          5              1.000 
2021-03-18 10:04:07 | INFO |      370.000 |      370              274          5              1.000 
2021-03-18 10:04:07 | INFO |      371.000 |      371              274          5              1.000 
2021-03-18 10:04:07 | INFO |      372.000 |      372              274          5              1.000 
2021-03-18 10:04:07 | INFO |      373.000 |      373              274          5              1.000 
2021-03-18 10:04:07 | INFO |      374.000 |      374              274          5              1.000 
2021-03-18 10:04:07 | INFO |      375.000 |      375              274          5              1.000 
2021-03-18 10:04:07 | INFO |      376.000 |      376              274          5              1.000 
2021-03-18 10:04:07 | INFO |      377.000 |      377              274          5              1.000 
2021-03-18 10:04:07 | INFO |      378.000 |      378              274          5              1.000 
2021-03-18 10:04:07 | INFO |      379.000 |      379              274          5              1.000 
2021-03-18 10:04:07 | INFO |      380.000 |      380              274          5              1.000 
2021-03-18 10:04:07 | INFO |      381.000 |      381              274          5              1.000 
2021-03-18 10:04:07 | INFO |      382.000 |      382              274          5              1.000 
2021-03-18 10:04:07 | INFO |      383.000 |      383              274          5              1.000 
2021-03-18 10:04:07 | INFO |      384.000 |      384              274          5              1.000 
2021-03-18 10:04:07 | INFO |      385.000 |      385              274          5              1.000 
2021-03-18 10:04:07 | INFO |      386.000 |      386              274          5              1.000 
2021-03-18 10:04:07 | INFO |      387.000 |      387              274          5              1.000 
2021-03-18 10:04:07 | INFO |      388.000 |      388              274          5              1.000 
2021-03-18 10:04:07 | INFO |      389.000 |      389              274          5              1.000 
2021-03-18 10:04:07 | INFO |      390.000 |      390              274          5              1.000 
2021-03-18 10:04:07 | INFO |      391.000 |      391              274          5              1.000 
2021-03-18 10:04:07 | INFO |      392.000 |      392              274          5              1.000 
2021-03-18 10:04:07 | INFO |      393.000 |      393              274          5              1.000 
2021-03-18 10:04:07 | INFO |      394.000 |      394              274          5              1.000 
2021-03-18 10:04:07 | INFO |      395.000 |      395              274          5              1.000 
2021-03-18 10:04:07 | INFO |      396.000 |      396              274          5              1.000 
2021-03-18 10:04:07 | INFO |      397.000 |      397              274          5              1.000 
2021-03-18 10:04:07 | INFO |      398.000 |      398              274          5              1.000 
2021-03-18 10:04:07 | INFO |      399.000 |      399              274          5              1.000 
2021-03-18 10:04:07 | INFO |      400.000 |      400              274          5              1.000 
2021-03-18 10:04:07 | INFO |      401.000 |      401              274          5              1.000 
2021-03-18 10:04:07 | INFO |      402.000 |      402              274          5              1.000 
2021-03-18 10:04:07 | INFO |      403.000 |      403              274          5              1.000 
2021-03-18 10:04:07 | INFO |      404.000 |      404              274          5              1.000 
2021-03-18 10:04:07 | INFO |      405.000 |      405              274          5              1.000 
2021-03-18 10:04:07 | INFO |      406.000 |      406              274          5              1.000 
2021-03-18 10:04:07 | INFO |      407.000 |      407              274          5              1.000 
2021-03-18 10:04:07 | INFO |      408.000 |      408              274          5              1.000 
2021-03-18 10:04:07 | INFO |      409.000 |      409              274          5              1.000 
2021-03-18 10:04:07 | INFO |      410.000 |      410              274          5              1.000 
2021-03-18 10:04:07 | INFO |      411.000 |      411              274          5              1.000 
2021-03-18 10:04:07 | INFO |      412.000 |      412              274          5              1.000 
2021-03-18 10:04:07 | INFO |      413.000 |      413              274          5              1.000 
2021-03-18 10:04:07 | INFO |      414.000 |      414              274          5              1.000 
2021-03-18 10:04:07 | INFO |      415.000 |      415              274          5              1.000 
2021-03-18 10:04:07 | INFO |      416.000 |      416              274          5              1.000 
2021-03-18 10:04:07 | INFO |      417.000 |      417              274          5              1.000 
2021-03-18 10:04:07 | INFO |      418.000 |      418              274          5              1.000 
2021-03-18 10:04:07 | INFO |      419.000 |      419              274          5              1.000 
2021-03-18 10:04:07 | INFO |      420.000 |      420              274          5              1.000 
2021-03-18 10:04:07 | INFO |      421.000 |      421              274          5              1.000 
2021-03-18 10:04:07 | INFO |      422.000 |      422              274          5              1.000 
2021-03-18 10:04:07 | INFO |      423.000 |      423              274          5              1.000 
2021-03-18 10:04:07 | INFO |      424.000 |      424              274          5              1.000 
2021-03-18 10:04:07 | INFO |      425.000 |      425              274          5              1.000 
2021-03-18 10:04:07 | INFO |      426.000 |      426              274          5              1.000 
2021-03-18 10:04:07 | INFO |      427.000 |      427              274          5              1.000 
2021-03-18 10:04:07 | INFO |      428.000 |      428              274          5              1.000 
2021-03-18 10:04:07 | INFO |      429.000 |      429              274          5              1.000 
2021-03-18 10:04:07 | INFO |      430.000 |      430              274          5              1.000 
2021-03-18 10:04:07 | INFO |      431.000 |      431              274          5              1.000 
2021-03-18 10:04:07 | INFO |      432.000 |      432              274          5              1.000 
2021-03-18 10:04:07 | INFO |      433.000 |      433              274          5              1.000 
2021-03-18 10:04:07 | INFO |      434.000 |      434              274          5              1.000 
2021-03-18 10:04:07 | INFO |      435.000 |      435              274          5              1.000 
2021-03-18 10:04:07 | INFO |      436.000 |      436              274          5              1.000 
2021-03-18 10:04:07 | INFO |      437.000 |      437              274          5              1.000 
2021-03-18 10:04:07 | INFO |      438.000 |      438              274          5              1.000 
2021-03-18 10:04:07 | INFO |      439.000 |      439              274          5              1.000 
2021-03-18 10:04:07 | INFO |      440.000 |      440              274          5              1.000 
2021-03-18 10:04:07 | INFO |      441.000 |      441              274          5              1.000 
2021-03-18 10:04:07 | INFO |      442.000 |      442              274          5              1.000 
2021-03-18 10:04:07 | INFO |      443.000 |      443              274          5              1.000 
2021-03-18 10:04:07 | INFO |      444.000 |      444              274          5              1.000 
2021-03-18 10:04:07 | INFO |      445.000 |      445              274          5              1.000 
2021-03-18 10:04:07 | INFO |      446.000 |      446              274          5              1.000 
2021-03-18 10:04:07 | INFO |      447.000 |      447              274          5              1.000 
2021-03-18 10:04:07 | INFO |      448.000 |      448              274          5              1.000 
2021-03-18 10:04:07 | INFO |      449.000 |      449              274          5              1.000 
2021-03-18 10:04:07 | INFO |      450.000 |      450              274          5              1.000 
2021-03-18 10:04:07 | INFO |      451.000 |      451              274          5              1.000 
2021-03-18 10:04:07 | INFO |      452.000 |      452              274          5              1.000 
2021-03-18 10:04:07 | INFO |      453.000 |      453              274          5              1.000 
2021-03-18 10:04:07 | INFO |      454.000 |      454              274          5              1.000 
2021-03-18 10:04:07 | INFO |      455.000 |      455              274          5              1.000 
2021-03-18 10:04:07 | INFO |      456.000 |      456              274          5              1.000 
2021-03-18 10:04:07 | INFO |      457.000 |      457              274          5              1.000 
2021-03-18 10:04:07 | INFO |      458.000 |      458              274          5              1.000 
2021-03-18 10:04:07 | INFO |      459.000 |      459              274          5              1.000 
2021-03-18 10:04:07 | INFO |      460.000 |      460              274          5              1.000 
2021-03-18 10:04:07 | INFO |      461.000 |      461              274          5              1.000 
2021-03-18 10:04:07 | INFO |      462.000 |      462              274          5              1.000 
2021-03-18 10:04:07 | INFO |      463.000 |      463              274          5              1.000 
2021-03-18 10:04:07 | INFO |      464.000 |      464              274          5              1.000 
2021-03-18 10:04:07 | INFO |      465.000 |      465              274          5              1.000 
2021-03-18 10:04:07 | INFO |      466.000 |      466              274          5              1.000 
2021-03-18 10:04:07 | INFO |      467.000 |      467              274          5              1.000 
2021-03-18 10:04:07 | INFO |      468.000 |      468              274          5              1.000 
2021-03-18 10:04:07 | INFO |      469.000 |      469              274          5              1.000 
2021-03-18 10:04:07 | INFO |      470.000 |      470              274          5              1.000 
2021-03-18 10:04:07 | INFO |      471.000 |      471              274          5              1.000 
2021-03-18 10:04:07 | INFO |      472.000 |      472              274          5              1.000 
2021-03-18 10:04:07 | INFO |      473.000 |      473              274          5              1.000 
2021-03-18 10:04:07 | INFO |      474.000 |      474              274          5              1.000 
2021-03-18 10:04:07 | INFO |      475.000 |      475              274          5              1.000 
2021-03-18 10:04:07 | INFO |      476.000 |      476              274          5              1.000 
2021-03-18 10:04:07 | INFO |      477.000 |      477              274          5              1.000 
2021-03-18 10:04:07 | INFO |      478.000 |      478              274          5              1.000 
2021-03-18 10:04:07 | INFO |      479.000 |      479              274          5              1.000 
2021-03-18 10:04:07 | INFO |      480.000 |      480              274          5              1.000 
2021-03-18 10:04:07 | INFO |      481.000 |      481              274          5              1.000 
2021-03-18 10:04:07 | INFO |      482.000 |      482              274          5              1.000 
2021-03-18 10:04:07 | INFO |      483.000 |      483              274          5              1.000 
2021-03-18 10:04:07 | INFO |      484.000 |      484              274          5              1.000 
2021-03-18 10:04:07 | INFO |      485.000 |      485              274          5              1.000 
2021-03-18 10:04:07 | INFO |      486.000 |      486              274          5              1.000 
2021-03-18 10:04:07 | INFO |      487.000 |      487              274          5              1.000 
2021-03-18 10:04:07 | INFO |      488.000 |      488              274          5              1.000 
2021-03-18 10:04:07 | INFO |      489.000 |      489              274          5              1.000 
2021-03-18 10:04:07 | INFO |      490.000 |      490              274          5              1.000 
2021-03-18 10:04:07 | INFO |      491.000 |      491              274          5              1.000 
2021-03-18 10:04:07 | INFO |      492.000 |      492              274          5              1.000 
2021-03-18 10:04:07 | INFO |      493.000 |      493              274          5              1.000 
2021-03-18 10:04:07 | INFO |      494.000 |      494              274          5              1.000 
2021-03-18 10:04:07 | INFO |      495.000 |      495              274          5              1.000 
2021-03-18 10:04:07 | INFO |      496.000 |      496              274          5              1.000 
2021-03-18 10:04:07 | INFO |      497.000 |      497              274          5              1.000 
2021-03-18 10:04:07 | INFO |      498.000 |      498              274          5              1.000 
2021-03-18 10:04:07 | INFO |      499.000 |      499              274          5              1.000 
2021-03-18 10:04:07 | INFO |      500.000 |      500              274          5              1.000 
2021-03-18 10:04:08 | INFO | 
2021-03-18 10:04:08 | INFO | execution statistics :
2021-03-18 10:04:08 | INFO | 
2021-03-18 10:04:08 | INFO | number of time iterations                  = 500
2021-03-18 10:04:08 | INFO | number of residual evaluations             = 485
2021-03-18 10:04:08 | INFO | number of Jacobian evaluations             = 5
2021-03-18 10:04:08 | INFO | number of nonlinear iterations             = 274
2021-03-18 10:04:08 | INFO | number of error test failures              = 0
2021-03-18 10:04:08 | INFO | number of nonlinear convergence failures   = 0
2021-03-18 10:04:08 | INFO | number of root functions evaluations       = 599
2021-03-18 10:04:08 | INFO | number of discrete variables evaluations   = 148
2021-03-18 10:04:08 | INFO | number of mode evaluations                 = 69
2021-03-18 10:04:08 | INFO | end of job 'IEEE57 - Disconnection of generator connected to node 12'
