2025-12-03 12:37:59 | INFO |  ============================================================ 
2025-12-03 12:37:59 | INFO | DYNAWO VERSION  :     1.8.0
2025-12-03 12:37:59 | INFO | DYNAWO REVISION :  3926_add_generator_PTanPhi-9219c3d9719
2025-12-03 12:37:59 | INFO |  ============================================================ 
2025-12-03 12:37:59 | INFO | 
2025-12-03 12:37:59 | INFO | -----------------------------------------------------------------------
2025-12-03 12:37:59 | INFO | building model from input files
2025-12-03 12:37:59 | INFO | -----------------------------------------------------------------------
2025-12-03 12:37:59 | INFO | model was built successfully
2025-12-03 12:37:59 | INFO | -----------------------------------------------------------------------
2025-12-03 12:37:59 | INFO | 
2025-12-03 12:37:59 | INFO | -----------------------------------------------------------------------
2025-12-03 12:37:59 | INFO | starting local initialization
2025-12-03 12:37:59 | INFO | -----------------------------------------------------------------------
2025-12-03 12:37:59 | INFO | end of local initialization
2025-12-03 12:37:59 | INFO | -----------------------------------------------------------------------
2025-12-03 12:37:59 | INFO | 
2025-12-03 12:37:59 | INFO | -----------------------------------------------------------------------
2025-12-03 12:37:59 | INFO | starting global initialization
2025-12-03 12:37:59 | INFO | -----------------------------------------------------------------------
2025-12-03 12:37:59 | INFO | end of global initialization
2025-12-03 12:37:59 | INFO | -----------------------------------------------------------------------
2025-12-03 12:37:59 | INFO | 
2025-12-03 12:37:59 | INFO | -----------------------------------------------------------------------
2025-12-03 12:37:59 | INFO | starting curve initialization
2025-12-03 12:37:59 | INFO | -----------------------------------------------------------------------
2025-12-03 12:37:59 | WARN | curve not added: Id: Generator , name: generator_URefPu
2025-12-03 12:37:59 | WARN | curve not added: Id: Generator , name: generator_QGenRefPu
2025-12-03 12:37:59 | WARN | curve not added: Id: Generator , name: generator_LambdaPu
2025-12-03 12:37:59 | INFO | end of curve initialization, added 10 curves
2025-12-03 12:37:59 | INFO | -----------------------------------------------------------------------
2025-12-03 12:37:59 | INFO | 
2025-12-03 12:37:59 | INFO | -----------------------------------------------------------------------
2025-12-03 12:37:59 | INFO | starting simulation with solver IDASolver
2025-12-03 12:37:59 | INFO | -----------------------------------------------------------------------
2025-12-03 12:37:59 | INFO | -----------------------------------------------------------------------
2025-12-03 12:37:59 | INFO | number of continuous variables : 34
2025-12-03 12:37:59 | INFO | number of discrete variables : 16
2025-12-03 12:37:59 | INFO | number of root functions : 23
2025-12-03 12:37:59 | INFO | -----------------------------------------------------------------------
2025-12-03 12:37:59 | INFO |         time ¦ iter num   order (k)      time step (h)
2025-12-03 12:37:59 | INFO | -----------------------------------------------------------------------
2025-12-03 12:37:59 | INFO |        0.000 ¦        0           0              0.010 
2025-12-03 12:37:59 | INFO |        0.001 ¦        1           1              0.001 
2025-12-03 12:37:59 | INFO |        0.002 ¦        2           1              0.001 
2025-12-03 12:37:59 | INFO |        0.004 ¦        3           2              0.002 
2025-12-03 12:37:59 | INFO |        0.008 ¦        4           1              0.004 
2025-12-03 12:37:59 | INFO |        0.016 ¦        5           1              0.008 
2025-12-03 12:37:59 | INFO |        0.026 ¦        6           1              0.010 
2025-12-03 12:37:59 | INFO |        0.036 ¦        7           1              0.010 
2025-12-03 12:37:59 | INFO |        0.046 ¦        8           1              0.010 
2025-12-03 12:37:59 | INFO |        0.056 ¦        9           1              0.010 
2025-12-03 12:37:59 | INFO |        0.066 ¦       10           1              0.010 
2025-12-03 12:37:59 | INFO |        0.076 ¦       11           1              0.010 
2025-12-03 12:37:59 | INFO |        0.086 ¦       12           1              0.010 
2025-12-03 12:37:59 | INFO |        0.096 ¦       13           1              0.010 
2025-12-03 12:37:59 | INFO |        0.106 ¦       14           1              0.010 
2025-12-03 12:37:59 | INFO |        0.116 ¦       15           1              0.010 
2025-12-03 12:37:59 | INFO |        0.126 ¦       16           1              0.010 
2025-12-03 12:37:59 | INFO |        0.136 ¦       17           1              0.010 
2025-12-03 12:37:59 | INFO |        0.146 ¦       18           1              0.010 
2025-12-03 12:37:59 | INFO |        0.156 ¦       19           1              0.010 
2025-12-03 12:37:59 | INFO |        0.166 ¦       20           1              0.010 
2025-12-03 12:37:59 | INFO |        0.176 ¦       21           1              0.010 
2025-12-03 12:37:59 | INFO |        0.186 ¦       22           1              0.010 
2025-12-03 12:37:59 | INFO |        0.196 ¦       23           1              0.010 
2025-12-03 12:37:59 | INFO |        0.206 ¦       24           1              0.010 
2025-12-03 12:37:59 | INFO |        0.216 ¦       25           1              0.010 
2025-12-03 12:37:59 | INFO |        0.226 ¦       26           1              0.010 
2025-12-03 12:37:59 | INFO |        0.236 ¦       27           1              0.010 
2025-12-03 12:37:59 | INFO |        0.246 ¦       28           1              0.010 
2025-12-03 12:37:59 | INFO |        0.256 ¦       29           1              0.010 
2025-12-03 12:37:59 | INFO |        0.266 ¦       30           1              0.010 
2025-12-03 12:37:59 | INFO |        0.276 ¦       31           1              0.010 
2025-12-03 12:37:59 | INFO |        0.286 ¦       32           1              0.010 
2025-12-03 12:37:59 | INFO |        0.296 ¦       33           1              0.010 
2025-12-03 12:37:59 | INFO |        0.306 ¦       34           1              0.010 
2025-12-03 12:37:59 | INFO |        0.316 ¦       35           1              0.010 
2025-12-03 12:37:59 | INFO |        0.326 ¦       36           1              0.010 
2025-12-03 12:37:59 | INFO |        0.336 ¦       37           1              0.010 
2025-12-03 12:37:59 | INFO |        0.346 ¦       38           1              0.010 
2025-12-03 12:37:59 | INFO |        0.356 ¦       39           1              0.010 
2025-12-03 12:37:59 | INFO |        0.366 ¦       40           1              0.010 
2025-12-03 12:37:59 | INFO |        0.376 ¦       41           1              0.010 
2025-12-03 12:37:59 | INFO |        0.386 ¦       42           1              0.010 
2025-12-03 12:37:59 | INFO |        0.396 ¦       43           1              0.010 
2025-12-03 12:37:59 | INFO |        0.406 ¦       44           1              0.010 
2025-12-03 12:37:59 | INFO |        0.416 ¦       45           1              0.010 
2025-12-03 12:37:59 | INFO |        0.426 ¦       46           1              0.010 
2025-12-03 12:37:59 | INFO |        0.436 ¦       47           1              0.010 
2025-12-03 12:37:59 | INFO |        0.446 ¦       48           1              0.010 
2025-12-03 12:37:59 | INFO |        0.456 ¦       49           1              0.010 
2025-12-03 12:37:59 | INFO |        0.466 ¦       50           1              0.010 
2025-12-03 12:37:59 | INFO |        0.476 ¦       51           1              0.010 
2025-12-03 12:37:59 | INFO |        0.486 ¦       52           1              0.010 
2025-12-03 12:37:59 | INFO |        0.496 ¦       53           1              0.010 
2025-12-03 12:37:59 | INFO |        0.506 ¦       54           1              0.010 
2025-12-03 12:37:59 | INFO |        0.516 ¦       55           1              0.010 
2025-12-03 12:37:59 | INFO |        0.526 ¦       56           1              0.010 
2025-12-03 12:37:59 | INFO |        0.536 ¦       57           1              0.010 
2025-12-03 12:37:59 | INFO |        0.546 ¦       58           1              0.010 
2025-12-03 12:37:59 | INFO |        0.556 ¦       59           1              0.010 
2025-12-03 12:37:59 | INFO |        0.566 ¦       60           1              0.010 
2025-12-03 12:37:59 | INFO |        0.576 ¦       61           1              0.010 
2025-12-03 12:37:59 | INFO |        0.586 ¦       62           1              0.010 
2025-12-03 12:37:59 | INFO |        0.596 ¦       63           1              0.010 
2025-12-03 12:37:59 | INFO |        0.606 ¦       64           1              0.010 
2025-12-03 12:37:59 | INFO |        0.616 ¦       65           1              0.010 
2025-12-03 12:37:59 | INFO |        0.626 ¦       66           1              0.010 
2025-12-03 12:37:59 | INFO |        0.636 ¦       67           1              0.010 
2025-12-03 12:37:59 | INFO |        0.646 ¦       68           1              0.010 
2025-12-03 12:37:59 | INFO |        0.656 ¦       69           1              0.010 
2025-12-03 12:37:59 | INFO |        0.666 ¦       70           1              0.010 
2025-12-03 12:37:59 | INFO |        0.676 ¦       71           1              0.010 
2025-12-03 12:37:59 | INFO |        0.686 ¦       72           1              0.010 
2025-12-03 12:37:59 | INFO |        0.696 ¦       73           1              0.010 
2025-12-03 12:37:59 | INFO |        0.706 ¦       74           1              0.010 
2025-12-03 12:37:59 | INFO |        0.716 ¦       75           1              0.010 
2025-12-03 12:37:59 | INFO |        0.726 ¦       76           1              0.010 
2025-12-03 12:37:59 | INFO |        0.736 ¦       77           1              0.010 
2025-12-03 12:37:59 | INFO |        0.746 ¦       78           1              0.010 
2025-12-03 12:37:59 | INFO |        0.756 ¦       79           1              0.010 
2025-12-03 12:37:59 | INFO |        0.766 ¦       80           1              0.010 
2025-12-03 12:37:59 | INFO |        0.776 ¦       81           1              0.010 
2025-12-03 12:37:59 | INFO |        0.786 ¦       82           1              0.010 
2025-12-03 12:37:59 | INFO |        0.796 ¦       83           1              0.010 
2025-12-03 12:37:59 | INFO |        0.806 ¦       84           1              0.010 
2025-12-03 12:37:59 | INFO |        0.816 ¦       85           1              0.010 
2025-12-03 12:37:59 | INFO |        0.826 ¦       86           1              0.010 
2025-12-03 12:37:59 | INFO |        0.836 ¦       87           1              0.010 
2025-12-03 12:37:59 | INFO |        0.846 ¦       88           1              0.010 
2025-12-03 12:37:59 | INFO |        0.856 ¦       89           1              0.010 
2025-12-03 12:37:59 | INFO | Algebraic mode change at t = 0.858071
2025-12-03 12:37:59 | INFO |        0.858 ¦       90           1              0.010 
2025-12-03 12:37:59 | INFO | calculation of the new starting point of the simulation.
2025-12-03 12:37:59 | INFO |        0.858 ¦        0           0              0.000 
2025-12-03 12:37:59 | INFO |        0.859 ¦        1           1              0.001 
2025-12-03 12:37:59 | INFO |        0.860 ¦        2           1              0.001 
2025-12-03 12:37:59 | INFO |        0.862 ¦        3           2              0.002 
2025-12-03 12:37:59 | INFO |        0.866 ¦        4           1              0.004 
2025-12-03 12:37:59 | INFO |        0.874 ¦        5           1              0.008 
2025-12-03 12:37:59 | INFO |        0.884 ¦        6           1              0.010 
2025-12-03 12:37:59 | INFO |        0.894 ¦        7           1              0.010 
2025-12-03 12:37:59 | INFO |        0.904 ¦        8           1              0.010 
2025-12-03 12:37:59 | INFO |        0.914 ¦        9           1              0.010 
2025-12-03 12:37:59 | INFO |        0.924 ¦       10           1              0.010 
2025-12-03 12:37:59 | INFO |        0.934 ¦       11           1              0.010 
2025-12-03 12:37:59 | INFO |        0.944 ¦       12           1              0.010 
2025-12-03 12:37:59 | INFO |        0.954 ¦       13           1              0.010 
2025-12-03 12:37:59 | INFO |        0.964 ¦       14           1              0.010 
2025-12-03 12:37:59 | INFO |        0.974 ¦       15           1              0.010 
2025-12-03 12:37:59 | INFO |        0.984 ¦       16           1              0.010 
2025-12-03 12:37:59 | INFO |        0.994 ¦       17           1              0.010 
2025-12-03 12:37:59 | INFO |        1.004 ¦       18           1              0.010 
2025-12-03 12:37:59 | INFO |        1.014 ¦       19           1              0.010 
2025-12-03 12:37:59 | INFO |        1.024 ¦       20           1              0.010 
2025-12-03 12:37:59 | INFO |        1.034 ¦       21           1              0.010 
2025-12-03 12:37:59 | INFO |        1.044 ¦       22           1              0.010 
2025-12-03 12:37:59 | INFO |        1.054 ¦       23           1              0.010 
2025-12-03 12:37:59 | INFO |        1.064 ¦       24           1              0.010 
2025-12-03 12:37:59 | INFO |        1.074 ¦       25           1              0.010 
2025-12-03 12:37:59 | INFO |        1.084 ¦       26           1              0.010 
2025-12-03 12:37:59 | INFO |        1.094 ¦       27           1              0.010 
2025-12-03 12:37:59 | INFO |        1.104 ¦       28           1              0.010 
2025-12-03 12:37:59 | INFO |        1.114 ¦       29           1              0.010 
2025-12-03 12:37:59 | INFO |        1.124 ¦       30           1              0.010 
2025-12-03 12:37:59 | INFO |        1.134 ¦       31           1              0.010 
2025-12-03 12:37:59 | INFO |        1.144 ¦       32           1              0.010 
2025-12-03 12:37:59 | INFO |        1.154 ¦       33           1              0.010 
2025-12-03 12:37:59 | INFO |        1.164 ¦       34           1              0.010 
2025-12-03 12:37:59 | INFO |        1.174 ¦       35           1              0.010 
2025-12-03 12:37:59 | INFO |        1.184 ¦       36           1              0.010 
2025-12-03 12:37:59 | INFO |        1.194 ¦       37           1              0.010 
2025-12-03 12:37:59 | INFO |        1.204 ¦       38           1              0.010 
2025-12-03 12:37:59 | INFO |        1.214 ¦       39           1              0.010 
2025-12-03 12:37:59 | INFO |        1.224 ¦       40           1              0.010 
2025-12-03 12:37:59 | INFO |        1.234 ¦       41           1              0.010 
2025-12-03 12:37:59 | INFO |        1.244 ¦       42           1              0.010 
2025-12-03 12:37:59 | INFO |        1.254 ¦       43           1              0.010 
2025-12-03 12:37:59 | INFO |        1.264 ¦       44           1              0.010 
2025-12-03 12:37:59 | INFO |        1.274 ¦       45           1              0.010 
2025-12-03 12:37:59 | INFO |        1.284 ¦       46           1              0.010 
2025-12-03 12:37:59 | INFO |        1.294 ¦       47           1              0.010 
2025-12-03 12:37:59 | INFO |        1.304 ¦       48           1              0.010 
2025-12-03 12:37:59 | INFO |        1.314 ¦       49           1              0.010 
2025-12-03 12:37:59 | INFO |        1.324 ¦       50           1              0.010 
2025-12-03 12:37:59 | INFO |        1.334 ¦       51           1              0.010 
2025-12-03 12:37:59 | INFO |        1.344 ¦       52           1              0.010 
2025-12-03 12:37:59 | INFO |        1.354 ¦       53           1              0.010 
2025-12-03 12:37:59 | INFO |        1.364 ¦       54           1              0.010 
2025-12-03 12:37:59 | INFO |        1.374 ¦       55           1              0.010 
2025-12-03 12:37:59 | INFO |        1.384 ¦       56           1              0.010 
2025-12-03 12:37:59 | INFO |        1.394 ¦       57           1              0.010 
2025-12-03 12:37:59 | INFO |        1.404 ¦       58           1              0.010 
2025-12-03 12:37:59 | INFO |        1.414 ¦       59           1              0.010 
2025-12-03 12:37:59 | INFO |        1.424 ¦       60           1              0.010 
2025-12-03 12:37:59 | INFO |        1.434 ¦       61           1              0.010 
2025-12-03 12:37:59 | INFO |        1.444 ¦       62           1              0.010 
2025-12-03 12:37:59 | INFO |        1.454 ¦       63           1              0.010 
2025-12-03 12:37:59 | INFO |        1.464 ¦       64           1              0.010 
2025-12-03 12:37:59 | INFO |        1.474 ¦       65           1              0.010 
2025-12-03 12:37:59 | INFO |        1.484 ¦       66           1              0.010 
2025-12-03 12:37:59 | INFO |        1.494 ¦       67           1              0.010 
2025-12-03 12:37:59 | INFO |        1.504 ¦       68           1              0.010 
2025-12-03 12:37:59 | INFO |        1.514 ¦       69           1              0.010 
2025-12-03 12:37:59 | INFO |        1.524 ¦       70           1              0.010 
2025-12-03 12:37:59 | INFO |        1.534 ¦       71           1              0.010 
2025-12-03 12:37:59 | INFO |        1.544 ¦       72           1              0.010 
2025-12-03 12:37:59 | INFO |        1.554 ¦       73           1              0.010 
2025-12-03 12:37:59 | INFO |        1.564 ¦       74           1              0.010 
2025-12-03 12:37:59 | INFO |        1.574 ¦       75           1              0.010 
2025-12-03 12:37:59 | INFO |        1.584 ¦       76           1              0.010 
2025-12-03 12:37:59 | INFO |        1.594 ¦       77           1              0.010 
2025-12-03 12:37:59 | INFO |        1.604 ¦       78           1              0.010 
2025-12-03 12:37:59 | INFO |        1.614 ¦       79           1              0.010 
2025-12-03 12:37:59 | INFO |        1.624 ¦       80           1              0.010 
2025-12-03 12:37:59 | INFO |        1.634 ¦       81           1              0.010 
2025-12-03 12:37:59 | INFO |        1.644 ¦       82           1              0.010 
2025-12-03 12:37:59 | INFO |        1.654 ¦       83           1              0.010 
2025-12-03 12:37:59 | INFO |        1.664 ¦       84           1              0.010 
2025-12-03 12:37:59 | INFO |        1.674 ¦       85           1              0.010 
2025-12-03 12:37:59 | INFO |        1.684 ¦       86           1              0.010 
2025-12-03 12:37:59 | INFO |        1.694 ¦       87           1              0.010 
2025-12-03 12:37:59 | INFO |        1.704 ¦       88           1              0.010 
2025-12-03 12:37:59 | INFO |        1.714 ¦       89           1              0.010 
2025-12-03 12:37:59 | INFO |        1.724 ¦       90           1              0.010 
2025-12-03 12:37:59 | INFO |        1.734 ¦       91           1              0.010 
2025-12-03 12:37:59 | INFO |        1.744 ¦       92           1              0.010 
2025-12-03 12:37:59 | INFO |        1.754 ¦       93           1              0.010 
2025-12-03 12:37:59 | INFO |        1.764 ¦       94           1              0.010 
2025-12-03 12:37:59 | INFO |        1.774 ¦       95           1              0.010 
2025-12-03 12:37:59 | INFO |        1.784 ¦       96           1              0.010 
2025-12-03 12:37:59 | INFO |        1.794 ¦       97           1              0.010 
2025-12-03 12:37:59 | INFO |        1.804 ¦       98           1              0.010 
2025-12-03 12:37:59 | INFO |        1.814 ¦       99           1              0.010 
2025-12-03 12:37:59 | INFO |        1.824 ¦      100           1              0.010 
2025-12-03 12:37:59 | INFO |        1.834 ¦      101           1              0.010 
2025-12-03 12:37:59 | INFO |        1.844 ¦      102           1              0.010 
2025-12-03 12:37:59 | INFO |        1.854 ¦      103           1              0.010 
2025-12-03 12:37:59 | INFO |        1.864 ¦      104           1              0.010 
2025-12-03 12:37:59 | INFO |        1.874 ¦      105           1              0.010 
2025-12-03 12:37:59 | INFO |        1.884 ¦      106           1              0.010 
2025-12-03 12:37:59 | INFO |        1.894 ¦      107           1              0.010 
2025-12-03 12:37:59 | INFO |        1.904 ¦      108           1              0.010 
2025-12-03 12:37:59 | INFO |        1.914 ¦      109           1              0.010 
2025-12-03 12:37:59 | INFO |        1.924 ¦      110           1              0.010 
2025-12-03 12:37:59 | INFO |        1.934 ¦      111           1              0.010 
2025-12-03 12:37:59 | INFO |        1.944 ¦      112           1              0.010 
2025-12-03 12:37:59 | INFO |        1.954 ¦      113           1              0.010 
2025-12-03 12:37:59 | INFO |        1.964 ¦      114           1              0.010 
2025-12-03 12:37:59 | INFO |        1.974 ¦      115           1              0.010 
2025-12-03 12:37:59 | INFO |        1.984 ¦      116           1              0.010 
2025-12-03 12:37:59 | INFO |        1.994 ¦      117           1              0.010 
2025-12-03 12:37:59 | INFO |        2.004 ¦      118           1              0.010 
2025-12-03 12:37:59 | INFO |        2.014 ¦      119           1              0.010 
2025-12-03 12:37:59 | INFO |        2.024 ¦      120           1              0.010 
2025-12-03 12:37:59 | INFO |        2.034 ¦      121           1              0.010 
2025-12-03 12:37:59 | INFO |        2.044 ¦      122           1              0.010 
2025-12-03 12:37:59 | INFO |        2.054 ¦      123           1              0.010 
2025-12-03 12:37:59 | INFO |        2.064 ¦      124           1              0.010 
2025-12-03 12:37:59 | INFO |        2.074 ¦      125           1              0.010 
2025-12-03 12:37:59 | INFO |        2.084 ¦      126           1              0.010 
2025-12-03 12:37:59 | INFO |        2.094 ¦      127           1              0.010 
2025-12-03 12:37:59 | INFO |        2.104 ¦      128           1              0.010 
2025-12-03 12:37:59 | INFO |        2.114 ¦      129           1              0.010 
2025-12-03 12:37:59 | INFO |        2.124 ¦      130           1              0.010 
2025-12-03 12:37:59 | INFO |        2.134 ¦      131           1              0.010 
2025-12-03 12:37:59 | INFO |        2.144 ¦      132           1              0.010 
2025-12-03 12:37:59 | INFO |        2.154 ¦      133           1              0.010 
2025-12-03 12:37:59 | INFO |        2.164 ¦      134           1              0.010 
2025-12-03 12:37:59 | INFO |        2.174 ¦      135           1              0.010 
2025-12-03 12:37:59 | INFO |        2.184 ¦      136           1              0.010 
2025-12-03 12:37:59 | INFO |        2.194 ¦      137           1              0.010 
2025-12-03 12:37:59 | INFO |        2.204 ¦      138           1              0.010 
2025-12-03 12:37:59 | INFO |        2.214 ¦      139           1              0.010 
2025-12-03 12:37:59 | INFO |        2.224 ¦      140           1              0.010 
2025-12-03 12:37:59 | INFO |        2.234 ¦      141           1              0.010 
2025-12-03 12:37:59 | INFO |        2.244 ¦      142           1              0.010 
2025-12-03 12:37:59 | INFO |        2.254 ¦      143           1              0.010 
2025-12-03 12:37:59 | INFO |        2.264 ¦      144           1              0.010 
2025-12-03 12:37:59 | INFO |        2.274 ¦      145           1              0.010 
2025-12-03 12:37:59 | INFO |        2.284 ¦      146           1              0.010 
2025-12-03 12:37:59 | INFO |        2.294 ¦      147           1              0.010 
2025-12-03 12:37:59 | INFO | Algebraic mode change at t = 2.30353
2025-12-03 12:37:59 | INFO |        2.304 ¦      148           1              0.010 
2025-12-03 12:37:59 | INFO | calculation of the new starting point of the simulation.
2025-12-03 12:37:59 | INFO |        2.304 ¦        0           0              0.000 
2025-12-03 12:37:59 | INFO |        2.305 ¦        1           1              0.001 
2025-12-03 12:37:59 | INFO |        2.306 ¦        2           1              0.001 
2025-12-03 12:37:59 | INFO |        2.308 ¦        3           2              0.002 
2025-12-03 12:37:59 | INFO |        2.312 ¦        4           1              0.004 
2025-12-03 12:37:59 | INFO |        2.320 ¦        5           1              0.008 
2025-12-03 12:37:59 | INFO |        2.330 ¦        6           1              0.010 
2025-12-03 12:37:59 | INFO |        2.340 ¦        7           1              0.010 
2025-12-03 12:37:59 | INFO |        2.350 ¦        8           1              0.010 
2025-12-03 12:37:59 | INFO |        2.360 ¦        9           1              0.010 
2025-12-03 12:37:59 | INFO |        2.370 ¦       10           1              0.010 
2025-12-03 12:37:59 | INFO |        2.380 ¦       11           1              0.010 
2025-12-03 12:37:59 | INFO |        2.390 ¦       12           1              0.010 
2025-12-03 12:37:59 | INFO |        2.400 ¦       13           1              0.010 
2025-12-03 12:37:59 | INFO |        2.410 ¦       14           1              0.010 
2025-12-03 12:37:59 | INFO |        2.420 ¦       15           1              0.010 
2025-12-03 12:37:59 | INFO |        2.430 ¦       16           1              0.010 
2025-12-03 12:37:59 | INFO |        2.440 ¦       17           1              0.010 
2025-12-03 12:37:59 | INFO |        2.450 ¦       18           1              0.010 
2025-12-03 12:37:59 | INFO |        2.460 ¦       19           1              0.010 
2025-12-03 12:37:59 | INFO |        2.470 ¦       20           1              0.010 
2025-12-03 12:37:59 | INFO |        2.480 ¦       21           1              0.010 
2025-12-03 12:37:59 | INFO |        2.490 ¦       22           1              0.010 
2025-12-03 12:37:59 | INFO |        2.500 ¦       23           1              0.010 
2025-12-03 12:37:59 | INFO |        2.510 ¦       24           1              0.010 
2025-12-03 12:37:59 | INFO |        2.520 ¦       25           1              0.010 
2025-12-03 12:37:59 | INFO |        2.530 ¦       26           1              0.010 
2025-12-03 12:37:59 | INFO |        2.540 ¦       27           1              0.010 
2025-12-03 12:37:59 | INFO |        2.550 ¦       28           1              0.010 
2025-12-03 12:37:59 | INFO |        2.560 ¦       29           1              0.010 
2025-12-03 12:37:59 | INFO |        2.570 ¦       30           1              0.010 
2025-12-03 12:37:59 | INFO |        2.580 ¦       31           1              0.010 
2025-12-03 12:37:59 | INFO |        2.590 ¦       32           1              0.010 
2025-12-03 12:37:59 | INFO |        2.600 ¦       33           1              0.010 
2025-12-03 12:37:59 | INFO |        2.610 ¦       34           1              0.010 
2025-12-03 12:37:59 | INFO |        2.620 ¦       35           1              0.010 
2025-12-03 12:37:59 | INFO |        2.630 ¦       36           1              0.010 
2025-12-03 12:37:59 | INFO |        2.640 ¦       37           1              0.010 
2025-12-03 12:37:59 | INFO |        2.650 ¦       38           1              0.010 
2025-12-03 12:37:59 | INFO |        2.660 ¦       39           1              0.010 
2025-12-03 12:37:59 | INFO |        2.670 ¦       40           1              0.010 
2025-12-03 12:37:59 | INFO |        2.680 ¦       41           1              0.010 
2025-12-03 12:37:59 | INFO |        2.690 ¦       42           1              0.010 
2025-12-03 12:37:59 | INFO |        2.700 ¦       43           1              0.010 
2025-12-03 12:37:59 | INFO |        2.710 ¦       44           1              0.010 
2025-12-03 12:37:59 | INFO |        2.720 ¦       45           1              0.010 
2025-12-03 12:37:59 | INFO |        2.730 ¦       46           1              0.010 
2025-12-03 12:37:59 | INFO |        2.740 ¦       47           1              0.010 
2025-12-03 12:37:59 | INFO |        2.750 ¦       48           1              0.010 
2025-12-03 12:37:59 | INFO |        2.760 ¦       49           1              0.010 
2025-12-03 12:37:59 | INFO |        2.770 ¦       50           1              0.010 
2025-12-03 12:37:59 | INFO |        2.780 ¦       51           1              0.010 
2025-12-03 12:37:59 | INFO |        2.790 ¦       52           1              0.010 
2025-12-03 12:37:59 | INFO |        2.800 ¦       53           1              0.010 
2025-12-03 12:37:59 | INFO |        2.810 ¦       54           1              0.010 
2025-12-03 12:37:59 | INFO |        2.820 ¦       55           1              0.010 
2025-12-03 12:37:59 | INFO |        2.830 ¦       56           1              0.010 
2025-12-03 12:37:59 | INFO |        2.840 ¦       57           1              0.010 
2025-12-03 12:37:59 | INFO |        2.850 ¦       58           1              0.010 
2025-12-03 12:37:59 | INFO |        2.860 ¦       59           1              0.010 
2025-12-03 12:37:59 | INFO |        2.870 ¦       60           1              0.010 
2025-12-03 12:37:59 | INFO |        2.880 ¦       61           1              0.010 
2025-12-03 12:37:59 | INFO |        2.890 ¦       62           1              0.010 
2025-12-03 12:37:59 | INFO |        2.900 ¦       63           1              0.010 
2025-12-03 12:37:59 | INFO |        2.910 ¦       64           1              0.010 
2025-12-03 12:37:59 | INFO |        2.920 ¦       65           1              0.010 
2025-12-03 12:37:59 | INFO |        2.930 ¦       66           1              0.010 
2025-12-03 12:37:59 | INFO |        2.940 ¦       67           1              0.010 
2025-12-03 12:37:59 | INFO |        2.950 ¦       68           1              0.010 
2025-12-03 12:37:59 | INFO |        2.960 ¦       69           1              0.010 
2025-12-03 12:37:59 | INFO |        2.970 ¦       70           1              0.010 
2025-12-03 12:37:59 | INFO |        2.980 ¦       71           1              0.010 
2025-12-03 12:37:59 | INFO |        2.990 ¦       72           1              0.010 
2025-12-03 12:37:59 | INFO |        3.000 ¦       73           1              0.010 
2025-12-03 12:37:59 | INFO |        3.010 ¦       74           1              0.010 
2025-12-03 12:37:59 | INFO |        3.020 ¦       75           1              0.010 
2025-12-03 12:37:59 | INFO |        3.030 ¦       76           1              0.010 
2025-12-03 12:37:59 | INFO |        3.040 ¦       77           1              0.010 
2025-12-03 12:37:59 | INFO |        3.050 ¦       78           1              0.010 
2025-12-03 12:37:59 | INFO |        3.060 ¦       79           1              0.010 
2025-12-03 12:37:59 | INFO |        3.070 ¦       80           1              0.010 
2025-12-03 12:37:59 | INFO |        3.080 ¦       81           1              0.010 
2025-12-03 12:37:59 | INFO |        3.090 ¦       82           1              0.010 
2025-12-03 12:37:59 | INFO |        3.100 ¦       83           1              0.010 
2025-12-03 12:37:59 | INFO |        3.110 ¦       84           1              0.010 
2025-12-03 12:37:59 | INFO |        3.120 ¦       85           1              0.010 
2025-12-03 12:37:59 | INFO |        3.130 ¦       86           1              0.010 
2025-12-03 12:37:59 | INFO |        3.140 ¦       87           1              0.010 
2025-12-03 12:37:59 | INFO |        3.150 ¦       88           1              0.010 
2025-12-03 12:37:59 | INFO |        3.160 ¦       89           1              0.010 
2025-12-03 12:37:59 | INFO |        3.170 ¦       90           1              0.010 
2025-12-03 12:37:59 | INFO |        3.180 ¦       91           1              0.010 
2025-12-03 12:37:59 | INFO |        3.190 ¦       92           1              0.010 
2025-12-03 12:37:59 | INFO |        3.200 ¦       93           1              0.010 
2025-12-03 12:37:59 | INFO |        3.210 ¦       94           1              0.010 
2025-12-03 12:37:59 | INFO |        3.220 ¦       95           1              0.010 
2025-12-03 12:37:59 | INFO |        3.230 ¦       96           1              0.010 
2025-12-03 12:37:59 | INFO |        3.240 ¦       97           1              0.010 
2025-12-03 12:37:59 | INFO |        3.250 ¦       98           1              0.010 
2025-12-03 12:37:59 | INFO |        3.260 ¦       99           1              0.010 
2025-12-03 12:37:59 | INFO |        3.270 ¦      100           1              0.010 
2025-12-03 12:37:59 | INFO |        3.280 ¦      101           1              0.010 
2025-12-03 12:37:59 | INFO |        3.290 ¦      102           1              0.010 
2025-12-03 12:37:59 | INFO |        3.300 ¦      103           1              0.010 
2025-12-03 12:37:59 | INFO | Algebraic mode change at t = 3.30216
2025-12-03 12:37:59 | INFO |        3.302 ¦      104           1              0.010 
2025-12-03 12:37:59 | INFO | calculation of the new starting point of the simulation.
2025-12-03 12:37:59 | INFO |        3.302 ¦        0           0              0.000 
2025-12-03 12:37:59 | INFO |        3.303 ¦        1           1              0.001 
2025-12-03 12:37:59 | INFO |        3.304 ¦        2           1              0.001 
2025-12-03 12:37:59 | INFO |        3.306 ¦        3           2              0.002 
2025-12-03 12:37:59 | INFO |        3.310 ¦        4           1              0.004 
2025-12-03 12:37:59 | INFO |        3.318 ¦        5           1              0.008 
2025-12-03 12:37:59 | INFO |        3.328 ¦        6           1              0.010 
2025-12-03 12:37:59 | INFO |        3.338 ¦        7           1              0.010 
2025-12-03 12:37:59 | INFO |        3.348 ¦        8           1              0.010 
2025-12-03 12:37:59 | INFO |        3.358 ¦        9           1              0.010 
2025-12-03 12:37:59 | INFO |        3.368 ¦       10           1              0.010 
2025-12-03 12:37:59 | INFO |        3.378 ¦       11           1              0.010 
2025-12-03 12:37:59 | INFO |        3.388 ¦       12           1              0.010 
2025-12-03 12:37:59 | INFO |        3.398 ¦       13           1              0.010 
2025-12-03 12:37:59 | INFO | Algebraic mode change at t = 3.40428
2025-12-03 12:37:59 | INFO |        3.404 ¦       14           1              0.010 
2025-12-03 12:37:59 | INFO | calculation of the new starting point of the simulation.
2025-12-03 12:37:59 | INFO |        3.404 ¦        0           0              0.000 
2025-12-03 12:37:59 | INFO |        3.405 ¦        1           1              0.001 
2025-12-03 12:37:59 | INFO |        3.406 ¦        2           1              0.001 
2025-12-03 12:37:59 | INFO |        3.408 ¦        3           2              0.002 
2025-12-03 12:37:59 | INFO |        3.412 ¦        4           1              0.004 
2025-12-03 12:37:59 | INFO |        3.420 ¦        5           1              0.008 
2025-12-03 12:37:59 | INFO |        3.430 ¦        6           1              0.010 
2025-12-03 12:37:59 | INFO |        3.440 ¦        7           1              0.010 
2025-12-03 12:37:59 | INFO |        3.450 ¦        8           1              0.010 
2025-12-03 12:37:59 | INFO |        3.460 ¦        9           1              0.010 
2025-12-03 12:37:59 | INFO |        3.470 ¦       10           1              0.010 
2025-12-03 12:37:59 | INFO |        3.480 ¦       11           1              0.010 
2025-12-03 12:37:59 | INFO |        3.490 ¦       12           1              0.010 
2025-12-03 12:37:59 | INFO |        3.500 ¦       13           1              0.010 
2025-12-03 12:37:59 | INFO |        3.510 ¦       14           1              0.010 
2025-12-03 12:37:59 | INFO |        3.520 ¦       15           1              0.010 
2025-12-03 12:37:59 | INFO |        3.530 ¦       16           1              0.010 
2025-12-03 12:37:59 | INFO |        3.540 ¦       17           1              0.010 
2025-12-03 12:37:59 | INFO |        3.550 ¦       18           1              0.010 
2025-12-03 12:37:59 | INFO |        3.560 ¦       19           1              0.010 
2025-12-03 12:37:59 | INFO |        3.570 ¦       20           1              0.010 
2025-12-03 12:37:59 | INFO |        3.580 ¦       21           1              0.010 
2025-12-03 12:37:59 | INFO |        3.590 ¦       22           1              0.010 
2025-12-03 12:37:59 | INFO |        3.600 ¦       23           1              0.010 
2025-12-03 12:37:59 | INFO |        3.610 ¦       24           1              0.010 
2025-12-03 12:37:59 | INFO |        3.620 ¦       25           1              0.010 
2025-12-03 12:37:59 | INFO |        3.630 ¦       26           1              0.010 
2025-12-03 12:37:59 | INFO |        3.640 ¦       27           1              0.010 
2025-12-03 12:37:59 | INFO |        3.650 ¦       28           1              0.010 
2025-12-03 12:37:59 | INFO |        3.660 ¦       29           1              0.010 
2025-12-03 12:37:59 | INFO |        3.670 ¦       30           1              0.010 
2025-12-03 12:37:59 | INFO |        3.680 ¦       31           1              0.010 
2025-12-03 12:37:59 | INFO |        3.690 ¦       32           1              0.010 
2025-12-03 12:37:59 | INFO |        3.700 ¦       33           1              0.010 
2025-12-03 12:37:59 | INFO |        3.710 ¦       34           1              0.010 
2025-12-03 12:37:59 | INFO |        3.720 ¦       35           1              0.010 
2025-12-03 12:37:59 | INFO |        3.730 ¦       36           1              0.010 
2025-12-03 12:37:59 | INFO |        3.740 ¦       37           1              0.010 
2025-12-03 12:37:59 | INFO |        3.750 ¦       38           1              0.010 
2025-12-03 12:37:59 | INFO |        3.760 ¦       39           1              0.010 
2025-12-03 12:37:59 | INFO |        3.770 ¦       40           1              0.010 
2025-12-03 12:37:59 | INFO |        3.780 ¦       41           1              0.010 
2025-12-03 12:37:59 | INFO |        3.790 ¦       42           1              0.010 
2025-12-03 12:37:59 | INFO |        3.800 ¦       43           1              0.010 
2025-12-03 12:37:59 | INFO |        3.810 ¦       44           1              0.010 
2025-12-03 12:37:59 | INFO |        3.820 ¦       45           1              0.010 
2025-12-03 12:37:59 | INFO |        3.830 ¦       46           1              0.010 
2025-12-03 12:37:59 | INFO |        3.840 ¦       47           1              0.010 
2025-12-03 12:37:59 | INFO |        3.850 ¦       48           1              0.010 
2025-12-03 12:37:59 | INFO |        3.860 ¦       49           1              0.010 
2025-12-03 12:37:59 | INFO |        3.870 ¦       50           1              0.010 
2025-12-03 12:37:59 | INFO |        3.880 ¦       51           1              0.010 
2025-12-03 12:37:59 | INFO |        3.890 ¦       52           1              0.010 
2025-12-03 12:37:59 | INFO |        3.900 ¦       53           1              0.010 
2025-12-03 12:37:59 | INFO |        3.910 ¦       54           1              0.010 
2025-12-03 12:37:59 | INFO |        3.920 ¦       55           1              0.010 
2025-12-03 12:37:59 | INFO |        3.930 ¦       56           1              0.010 
2025-12-03 12:37:59 | INFO |        3.940 ¦       57           1              0.010 
2025-12-03 12:37:59 | INFO |        3.950 ¦       58           1              0.010 
2025-12-03 12:37:59 | INFO |        3.960 ¦       59           1              0.010 
2025-12-03 12:37:59 | INFO |        3.970 ¦       60           1              0.010 
2025-12-03 12:37:59 | INFO |        3.980 ¦       61           1              0.010 
2025-12-03 12:37:59 | INFO |        3.990 ¦       62           1              0.010 
2025-12-03 12:37:59 | INFO |        4.000 ¦       63           1              0.010 
2025-12-03 12:37:59 | INFO |        4.010 ¦       64           1              0.010 
2025-12-03 12:37:59 | INFO |        4.020 ¦       65           1              0.010 
2025-12-03 12:37:59 | INFO |        4.030 ¦       66           1              0.010 
2025-12-03 12:37:59 | INFO |        4.040 ¦       67           1              0.010 
2025-12-03 12:37:59 | INFO |        4.050 ¦       68           1              0.010 
2025-12-03 12:37:59 | INFO |        4.060 ¦       69           1              0.010 
2025-12-03 12:37:59 | INFO |        4.070 ¦       70           1              0.010 
2025-12-03 12:37:59 | INFO |        4.080 ¦       71           1              0.010 
2025-12-03 12:37:59 | INFO |        4.090 ¦       72           1              0.010 
2025-12-03 12:37:59 | INFO |        4.100 ¦       73           1              0.010 
2025-12-03 12:37:59 | INFO |        4.110 ¦       74           1              0.010 
2025-12-03 12:37:59 | INFO |        4.120 ¦       75           1              0.010 
2025-12-03 12:37:59 | INFO |        4.130 ¦       76           1              0.010 
2025-12-03 12:37:59 | INFO |        4.140 ¦       77           1              0.010 
2025-12-03 12:37:59 | INFO |        4.150 ¦       78           1              0.010 
2025-12-03 12:37:59 | INFO |        4.160 ¦       79           1              0.010 
2025-12-03 12:37:59 | INFO |        4.170 ¦       80           1              0.010 
2025-12-03 12:37:59 | INFO |        4.180 ¦       81           1              0.010 
2025-12-03 12:37:59 | INFO |        4.190 ¦       82           1              0.010 
2025-12-03 12:37:59 | INFO |        4.200 ¦       83           1              0.010 
2025-12-03 12:37:59 | INFO |        4.210 ¦       84           1              0.010 
2025-12-03 12:37:59 | INFO |        4.220 ¦       85           1              0.010 
2025-12-03 12:37:59 | INFO |        4.230 ¦       86           1              0.010 
2025-12-03 12:37:59 | INFO |        4.240 ¦       87           1              0.010 
2025-12-03 12:37:59 | INFO |        4.250 ¦       88           1              0.010 
2025-12-03 12:37:59 | INFO |        4.260 ¦       89           1              0.010 
2025-12-03 12:37:59 | INFO |        4.270 ¦       90           1              0.010 
2025-12-03 12:37:59 | INFO |        4.280 ¦       91           1              0.010 
2025-12-03 12:37:59 | INFO |        4.290 ¦       92           1              0.010 
2025-12-03 12:37:59 | INFO |        4.300 ¦       93           1              0.010 
2025-12-03 12:37:59 | INFO |        4.310 ¦       94           1              0.010 
2025-12-03 12:37:59 | INFO |        4.320 ¦       95           1              0.010 
2025-12-03 12:37:59 | INFO |        4.330 ¦       96           1              0.010 
2025-12-03 12:37:59 | INFO |        4.340 ¦       97           1              0.010 
2025-12-03 12:37:59 | INFO |        4.350 ¦       98           1              0.010 
2025-12-03 12:37:59 | INFO |        4.360 ¦       99           1              0.010 
2025-12-03 12:37:59 | INFO |        4.370 ¦      100           1              0.010 
2025-12-03 12:37:59 | INFO |        4.380 ¦      101           1              0.010 
2025-12-03 12:37:59 | INFO |        4.390 ¦      102           1              0.010 
2025-12-03 12:37:59 | INFO |        4.400 ¦      103           1              0.010 
2025-12-03 12:37:59 | INFO |        4.410 ¦      104           1              0.010 
2025-12-03 12:37:59 | INFO |        4.420 ¦      105           1              0.010 
2025-12-03 12:37:59 | INFO |        4.430 ¦      106           1              0.010 
2025-12-03 12:37:59 | INFO |        4.440 ¦      107           1              0.010 
2025-12-03 12:37:59 | INFO |        4.450 ¦      108           1              0.010 
2025-12-03 12:37:59 | INFO |        4.460 ¦      109           1              0.010 
2025-12-03 12:37:59 | INFO |        4.470 ¦      110           1              0.010 
2025-12-03 12:37:59 | INFO |        4.480 ¦      111           1              0.010 
2025-12-03 12:37:59 | INFO |        4.490 ¦      112           1              0.010 
2025-12-03 12:37:59 | INFO |        4.500 ¦      113           1              0.010 
2025-12-03 12:37:59 | INFO |        4.510 ¦      114           1              0.010 
2025-12-03 12:37:59 | INFO |        4.520 ¦      115           1              0.010 
2025-12-03 12:37:59 | INFO |        4.530 ¦      116           1              0.010 
2025-12-03 12:37:59 | INFO |        4.540 ¦      117           1              0.010 
2025-12-03 12:37:59 | INFO |        4.550 ¦      118           1              0.010 
2025-12-03 12:37:59 | INFO |        4.560 ¦      119           1              0.010 
2025-12-03 12:37:59 | INFO |        4.570 ¦      120           1              0.010 
2025-12-03 12:37:59 | INFO |        4.580 ¦      121           1              0.010 
2025-12-03 12:37:59 | INFO |        4.590 ¦      122           1              0.010 
2025-12-03 12:37:59 | INFO |        4.600 ¦      123           1              0.010 
2025-12-03 12:37:59 | INFO |        4.610 ¦      124           1              0.010 
2025-12-03 12:37:59 | INFO |        4.620 ¦      125           1              0.010 
2025-12-03 12:37:59 | INFO |        4.630 ¦      126           1              0.010 
2025-12-03 12:37:59 | INFO |        4.640 ¦      127           1              0.010 
2025-12-03 12:37:59 | INFO |        4.650 ¦      128           1              0.010 
2025-12-03 12:37:59 | INFO |        4.660 ¦      129           1              0.010 
2025-12-03 12:37:59 | INFO |        4.670 ¦      130           1              0.010 
2025-12-03 12:37:59 | INFO |        4.680 ¦      131           1              0.010 
2025-12-03 12:37:59 | INFO |        4.690 ¦      132           1              0.010 
2025-12-03 12:37:59 | INFO |        4.700 ¦      133           1              0.010 
2025-12-03 12:37:59 | INFO |        4.710 ¦      134           1              0.010 
2025-12-03 12:37:59 | INFO |        4.720 ¦      135           1              0.010 
2025-12-03 12:37:59 | INFO |        4.730 ¦      136           1              0.010 
2025-12-03 12:37:59 | INFO |        4.740 ¦      137           1              0.010 
2025-12-03 12:37:59 | INFO |        4.750 ¦      138           1              0.010 
2025-12-03 12:37:59 | INFO |        4.760 ¦      139           1              0.010 
2025-12-03 12:37:59 | INFO |        4.770 ¦      140           1              0.010 
2025-12-03 12:37:59 | INFO |        4.780 ¦      141           1              0.010 
2025-12-03 12:37:59 | INFO |        4.790 ¦      142           1              0.010 
2025-12-03 12:37:59 | INFO |        4.800 ¦      143           1              0.010 
2025-12-03 12:37:59 | INFO |        4.810 ¦      144           1              0.010 
2025-12-03 12:37:59 | INFO |        4.820 ¦      145           1              0.010 
2025-12-03 12:37:59 | INFO |        4.830 ¦      146           1              0.010 
2025-12-03 12:37:59 | INFO |        4.840 ¦      147           1              0.010 
2025-12-03 12:37:59 | INFO |        4.850 ¦      148           1              0.010 
2025-12-03 12:37:59 | INFO |        4.860 ¦      149           1              0.010 
2025-12-03 12:37:59 | INFO |        4.870 ¦      150           1              0.010 
2025-12-03 12:37:59 | INFO |        4.880 ¦      151           1              0.010 
2025-12-03 12:37:59 | INFO |        4.890 ¦      152           1              0.010 
2025-12-03 12:37:59 | INFO |        4.900 ¦      153           1              0.010 
2025-12-03 12:37:59 | INFO |        4.910 ¦      154           1              0.010 
2025-12-03 12:37:59 | INFO |        4.920 ¦      155           1              0.010 
2025-12-03 12:37:59 | INFO |        4.930 ¦      156           1              0.010 
2025-12-03 12:37:59 | INFO |        4.940 ¦      157           1              0.010 
2025-12-03 12:37:59 | INFO |        4.950 ¦      158           1              0.010 
2025-12-03 12:37:59 | INFO |        4.960 ¦      159           1              0.010 
2025-12-03 12:37:59 | INFO |        4.970 ¦      160           1              0.010 
2025-12-03 12:37:59 | INFO |        4.980 ¦      161           1              0.010 
2025-12-03 12:37:59 | INFO |        4.990 ¦      162           1              0.010 
2025-12-03 12:37:59 | INFO |        5.000 ¦      163           1              0.010 
2025-12-03 12:37:59 | INFO |        5.010 ¦      164           1              0.010 
2025-12-03 12:37:59 | INFO |        5.020 ¦      165           1              0.010 
2025-12-03 12:37:59 | INFO |        5.030 ¦      166           1              0.010 
2025-12-03 12:37:59 | INFO |        5.040 ¦      167           1              0.010 
2025-12-03 12:37:59 | INFO |        5.050 ¦      168           1              0.010 
2025-12-03 12:37:59 | INFO |        5.060 ¦      169           1              0.010 
2025-12-03 12:37:59 | INFO |        5.070 ¦      170           1              0.010 
2025-12-03 12:37:59 | INFO |        5.080 ¦      171           1              0.010 
2025-12-03 12:37:59 | INFO |        5.090 ¦      172           1              0.010 
2025-12-03 12:37:59 | INFO |        5.100 ¦      173           1              0.010 
2025-12-03 12:37:59 | INFO |        5.110 ¦      174           1              0.010 
2025-12-03 12:37:59 | INFO |        5.120 ¦      175           1              0.010 
2025-12-03 12:37:59 | INFO |        5.130 ¦      176           1              0.010 
2025-12-03 12:37:59 | INFO |        5.140 ¦      177           1              0.010 
2025-12-03 12:37:59 | INFO |        5.150 ¦      178           1              0.010 
2025-12-03 12:37:59 | INFO |        5.160 ¦      179           1              0.010 
2025-12-03 12:37:59 | INFO |        5.170 ¦      180           1              0.010 
2025-12-03 12:37:59 | INFO |        5.180 ¦      181           1              0.010 
2025-12-03 12:37:59 | INFO |        5.190 ¦      182           1              0.010 
2025-12-03 12:37:59 | INFO |        5.200 ¦      183           1              0.010 
2025-12-03 12:37:59 | INFO |        5.210 ¦      184           1              0.010 
2025-12-03 12:37:59 | INFO |        5.220 ¦      185           1              0.010 
2025-12-03 12:37:59 | INFO |        5.230 ¦      186           1              0.010 
2025-12-03 12:37:59 | INFO |        5.240 ¦      187           1              0.010 
2025-12-03 12:37:59 | INFO |        5.250 ¦      188           1              0.010 
2025-12-03 12:37:59 | INFO |        5.260 ¦      189           1              0.010 
2025-12-03 12:37:59 | INFO |        5.270 ¦      190           1              0.010 
2025-12-03 12:37:59 | INFO |        5.280 ¦      191           1              0.010 
2025-12-03 12:37:59 | INFO |        5.290 ¦      192           1              0.010 
2025-12-03 12:37:59 | INFO |        5.300 ¦      193           1              0.010 
2025-12-03 12:37:59 | INFO |        5.310 ¦      194           1              0.010 
2025-12-03 12:37:59 | INFO |        5.320 ¦      195           1              0.010 
2025-12-03 12:37:59 | INFO |        5.330 ¦      196           1              0.010 
2025-12-03 12:37:59 | INFO |        5.340 ¦      197           1              0.010 
2025-12-03 12:37:59 | INFO |        5.350 ¦      198           1              0.010 
2025-12-03 12:37:59 | INFO |        5.360 ¦      199           1              0.010 
2025-12-03 12:37:59 | INFO |        5.370 ¦      200           1              0.010 
2025-12-03 12:37:59 | INFO |        5.380 ¦      201           1              0.010 
2025-12-03 12:37:59 | INFO |        5.390 ¦      202           1              0.010 
2025-12-03 12:37:59 | INFO |        5.400 ¦      203           1              0.010 
2025-12-03 12:37:59 | INFO |        5.410 ¦      204           1              0.010 
2025-12-03 12:37:59 | INFO |        5.420 ¦      205           1              0.010 
2025-12-03 12:37:59 | INFO |        5.430 ¦      206           1              0.010 
2025-12-03 12:37:59 | INFO |        5.440 ¦      207           1              0.010 
2025-12-03 12:37:59 | INFO |        5.450 ¦      208           1              0.010 
2025-12-03 12:37:59 | INFO |        5.460 ¦      209           1              0.010 
2025-12-03 12:37:59 | INFO |        5.470 ¦      210           1              0.010 
2025-12-03 12:37:59 | INFO |        5.480 ¦      211           1              0.010 
2025-12-03 12:37:59 | INFO |        5.490 ¦      212           1              0.010 
2025-12-03 12:37:59 | INFO |        5.500 ¦      213           1              0.010 
2025-12-03 12:37:59 | INFO |        5.510 ¦      214           1              0.010 
2025-12-03 12:37:59 | INFO |        5.520 ¦      215           1              0.010 
2025-12-03 12:37:59 | INFO |        5.530 ¦      216           1              0.010 
2025-12-03 12:37:59 | INFO |        5.540 ¦      217           1              0.010 
2025-12-03 12:37:59 | INFO |        5.550 ¦      218           1              0.010 
2025-12-03 12:37:59 | INFO |        5.560 ¦      219           1              0.010 
2025-12-03 12:37:59 | INFO |        5.570 ¦      220           1              0.010 
2025-12-03 12:37:59 | INFO |        5.580 ¦      221           1              0.010 
2025-12-03 12:37:59 | INFO |        5.590 ¦      222           1              0.010 
2025-12-03 12:37:59 | INFO |        5.600 ¦      223           1              0.010 
2025-12-03 12:37:59 | INFO |        5.610 ¦      224           1              0.010 
2025-12-03 12:37:59 | INFO |        5.620 ¦      225           1              0.010 
2025-12-03 12:37:59 | INFO |        5.630 ¦      226           1              0.010 
2025-12-03 12:37:59 | INFO |        5.640 ¦      227           1              0.010 
2025-12-03 12:37:59 | INFO |        5.650 ¦      228           1              0.010 
2025-12-03 12:37:59 | INFO |        5.660 ¦      229           1              0.010 
2025-12-03 12:37:59 | INFO |        5.670 ¦      230           1              0.010 
2025-12-03 12:37:59 | INFO |        5.680 ¦      231           1              0.010 
2025-12-03 12:37:59 | INFO |        5.690 ¦      232           1              0.010 
2025-12-03 12:37:59 | INFO |        5.700 ¦      233           1              0.010 
2025-12-03 12:37:59 | INFO |        5.710 ¦      234           1              0.010 
2025-12-03 12:37:59 | INFO |        5.720 ¦      235           1              0.010 
2025-12-03 12:37:59 | INFO |        5.730 ¦      236           1              0.010 
2025-12-03 12:37:59 | INFO |        5.740 ¦      237           1              0.010 
2025-12-03 12:37:59 | INFO |        5.750 ¦      238           1              0.010 
2025-12-03 12:37:59 | INFO |        5.760 ¦      239           1              0.010 
2025-12-03 12:37:59 | INFO |        5.770 ¦      240           1              0.010 
2025-12-03 12:37:59 | INFO |        5.780 ¦      241           1              0.010 
2025-12-03 12:37:59 | INFO |        5.790 ¦      242           1              0.010 
2025-12-03 12:37:59 | INFO |        5.800 ¦      243           1              0.010 
2025-12-03 12:37:59 | INFO |        5.810 ¦      244           1              0.010 
2025-12-03 12:37:59 | INFO |        5.820 ¦      245           1              0.010 
2025-12-03 12:37:59 | INFO |        5.830 ¦      246           1              0.010 
2025-12-03 12:37:59 | INFO |        5.840 ¦      247           1              0.010 
2025-12-03 12:37:59 | INFO |        5.850 ¦      248           1              0.010 
2025-12-03 12:37:59 | INFO |        5.860 ¦      249           1              0.010 
2025-12-03 12:37:59 | INFO |        5.870 ¦      250           1              0.010 
2025-12-03 12:37:59 | INFO |        5.880 ¦      251           1              0.010 
2025-12-03 12:37:59 | INFO |        5.890 ¦      252           1              0.010 
2025-12-03 12:37:59 | INFO |        5.900 ¦      253           1              0.010 
2025-12-03 12:37:59 | INFO |        5.910 ¦      254           1              0.010 
2025-12-03 12:37:59 | INFO |        5.920 ¦      255           1              0.010 
2025-12-03 12:37:59 | INFO |        5.930 ¦      256           1              0.010 
2025-12-03 12:37:59 | INFO |        5.940 ¦      257           1              0.010 
2025-12-03 12:37:59 | INFO |        5.950 ¦      258           1              0.010 
2025-12-03 12:37:59 | INFO |        5.960 ¦      259           1              0.010 
2025-12-03 12:37:59 | INFO |        5.970 ¦      260           1              0.010 
2025-12-03 12:37:59 | INFO |        5.980 ¦      261           1              0.010 
2025-12-03 12:37:59 | INFO |        5.990 ¦      262           1              0.010 
2025-12-03 12:37:59 | INFO |        6.000 ¦      263           1              0.010 
2025-12-03 12:37:59 | INFO |        6.010 ¦      264           1              0.010 
2025-12-03 12:37:59 | INFO |        6.020 ¦      265           1              0.010 
2025-12-03 12:37:59 | INFO |        6.030 ¦      266           1              0.010 
2025-12-03 12:37:59 | INFO |        6.040 ¦      267           1              0.010 
2025-12-03 12:37:59 | INFO | Algebraic mode change at t = 6.0405
2025-12-03 12:37:59 | INFO |        6.041 ¦      268           1              0.010 
2025-12-03 12:37:59 | INFO | calculation of the new starting point of the simulation.
2025-12-03 12:37:59 | INFO |        6.041 ¦        0           0              0.000 
2025-12-03 12:37:59 | INFO |        6.042 ¦        1           1              0.001 
2025-12-03 12:37:59 | INFO |        6.043 ¦        2           1              0.001 
2025-12-03 12:37:59 | INFO |        6.045 ¦        3           2              0.002 
2025-12-03 12:37:59 | INFO |        6.049 ¦        4           1              0.004 
2025-12-03 12:37:59 | INFO |        6.057 ¦        5           1              0.008 
2025-12-03 12:37:59 | INFO |        6.067 ¦        6           1              0.010 
2025-12-03 12:37:59 | INFO |        6.077 ¦        7           1              0.010 
2025-12-03 12:37:59 | INFO |        6.087 ¦        8           1              0.010 
2025-12-03 12:37:59 | INFO |        6.097 ¦        9           1              0.010 
2025-12-03 12:37:59 | INFO |        6.107 ¦       10           1              0.010 
2025-12-03 12:37:59 | INFO |        6.117 ¦       11           1              0.010 
2025-12-03 12:37:59 | INFO |        6.127 ¦       12           1              0.010 
2025-12-03 12:37:59 | INFO |        6.137 ¦       13           1              0.010 
2025-12-03 12:37:59 | INFO | Algebraic mode change at t = 6.14262
2025-12-03 12:37:59 | INFO |        6.143 ¦       14           1              0.010 
2025-12-03 12:37:59 | INFO | calculation of the new starting point of the simulation.
2025-12-03 12:37:59 | INFO |        6.143 ¦        0           0              0.000 
2025-12-03 12:37:59 | INFO |        6.144 ¦        1           1              0.001 
2025-12-03 12:37:59 | INFO |        6.145 ¦        2           1              0.001 
2025-12-03 12:37:59 | INFO |        6.147 ¦        3           2              0.002 
2025-12-03 12:37:59 | INFO |        6.151 ¦        4           1              0.004 
2025-12-03 12:37:59 | INFO |        6.159 ¦        5           1              0.008 
2025-12-03 12:37:59 | INFO |        6.169 ¦        6           1              0.010 
2025-12-03 12:37:59 | INFO |        6.179 ¦        7           1              0.010 
2025-12-03 12:37:59 | INFO |        6.189 ¦        8           1              0.010 
2025-12-03 12:37:59 | INFO |        6.199 ¦        9           1              0.010 
2025-12-03 12:37:59 | INFO |        6.209 ¦       10           1              0.010 
2025-12-03 12:37:59 | INFO |        6.219 ¦       11           1              0.010 
2025-12-03 12:37:59 | INFO |        6.229 ¦       12           1              0.010 
2025-12-03 12:37:59 | INFO |        6.239 ¦       13           1              0.010 
2025-12-03 12:37:59 | INFO |        6.249 ¦       14           1              0.010 
2025-12-03 12:37:59 | INFO |        6.259 ¦       15           1              0.010 
2025-12-03 12:37:59 | INFO |        6.269 ¦       16           1              0.010 
2025-12-03 12:37:59 | INFO |        6.279 ¦       17           1              0.010 
2025-12-03 12:37:59 | INFO |        6.289 ¦       18           1              0.010 
2025-12-03 12:37:59 | INFO |        6.299 ¦       19           1              0.010 
2025-12-03 12:37:59 | INFO |        6.309 ¦       20           1              0.010 
2025-12-03 12:37:59 | INFO |        6.319 ¦       21           1              0.010 
2025-12-03 12:37:59 | INFO |        6.329 ¦       22           1              0.010 
2025-12-03 12:37:59 | INFO |        6.339 ¦       23           1              0.010 
2025-12-03 12:37:59 | INFO |        6.349 ¦       24           1              0.010 
2025-12-03 12:37:59 | INFO |        6.359 ¦       25           1              0.010 
2025-12-03 12:37:59 | INFO |        6.369 ¦       26           1              0.010 
2025-12-03 12:37:59 | INFO |        6.379 ¦       27           1              0.010 
2025-12-03 12:37:59 | INFO |        6.389 ¦       28           1              0.010 
2025-12-03 12:37:59 | INFO |        6.399 ¦       29           1              0.010 
2025-12-03 12:37:59 | INFO |        6.409 ¦       30           1              0.010 
2025-12-03 12:37:59 | INFO |        6.419 ¦       31           1              0.010 
2025-12-03 12:37:59 | INFO |        6.429 ¦       32           1              0.010 
2025-12-03 12:37:59 | INFO |        6.439 ¦       33           1              0.010 
2025-12-03 12:37:59 | INFO |        6.449 ¦       34           1              0.010 
2025-12-03 12:37:59 | INFO |        6.459 ¦       35           1              0.010 
2025-12-03 12:37:59 | INFO |        6.469 ¦       36           1              0.010 
2025-12-03 12:37:59 | INFO |        6.479 ¦       37           1              0.010 
2025-12-03 12:37:59 | INFO |        6.489 ¦       38           1              0.010 
2025-12-03 12:37:59 | INFO |        6.499 ¦       39           1              0.010 
2025-12-03 12:37:59 | INFO |        6.509 ¦       40           1              0.010 
2025-12-03 12:37:59 | INFO |        6.519 ¦       41           1              0.010 
2025-12-03 12:37:59 | INFO |        6.529 ¦       42           1              0.010 
2025-12-03 12:37:59 | INFO |        6.539 ¦       43           1              0.010 
2025-12-03 12:37:59 | INFO |        6.549 ¦       44           1              0.010 
2025-12-03 12:37:59 | INFO |        6.559 ¦       45           1              0.010 
2025-12-03 12:37:59 | INFO |        6.569 ¦       46           1              0.010 
2025-12-03 12:37:59 | INFO |        6.579 ¦       47           1              0.010 
2025-12-03 12:37:59 | INFO |        6.589 ¦       48           1              0.010 
2025-12-03 12:37:59 | INFO |        6.599 ¦       49           1              0.010 
2025-12-03 12:37:59 | INFO |        6.609 ¦       50           1              0.010 
2025-12-03 12:37:59 | INFO |        6.619 ¦       51           1              0.010 
2025-12-03 12:37:59 | INFO |        6.629 ¦       52           1              0.010 
2025-12-03 12:37:59 | INFO |        6.639 ¦       53           1              0.010 
2025-12-03 12:37:59 | INFO |        6.649 ¦       54           1              0.010 
2025-12-03 12:37:59 | INFO |        6.659 ¦       55           1              0.010 
2025-12-03 12:37:59 | INFO |        6.669 ¦       56           1              0.010 
2025-12-03 12:37:59 | INFO |        6.679 ¦       57           1              0.010 
2025-12-03 12:37:59 | INFO |        6.689 ¦       58           1              0.010 
2025-12-03 12:37:59 | INFO |        6.699 ¦       59           1              0.010 
2025-12-03 12:37:59 | INFO |        6.709 ¦       60           1              0.010 
2025-12-03 12:37:59 | INFO |        6.719 ¦       61           1              0.010 
2025-12-03 12:37:59 | INFO |        6.729 ¦       62           1              0.010 
2025-12-03 12:37:59 | INFO |        6.739 ¦       63           1              0.010 
2025-12-03 12:37:59 | INFO |        6.749 ¦       64           1              0.010 
2025-12-03 12:37:59 | INFO |        6.759 ¦       65           1              0.010 
2025-12-03 12:37:59 | INFO |        6.769 ¦       66           1              0.010 
2025-12-03 12:37:59 | INFO |        6.779 ¦       67           1              0.010 
2025-12-03 12:37:59 | INFO |        6.789 ¦       68           1              0.010 
2025-12-03 12:37:59 | INFO |        6.799 ¦       69           1              0.010 
2025-12-03 12:37:59 | INFO |        6.809 ¦       70           1              0.010 
2025-12-03 12:37:59 | INFO |        6.819 ¦       71           1              0.010 
2025-12-03 12:37:59 | INFO |        6.829 ¦       72           1              0.010 
2025-12-03 12:37:59 | INFO |        6.839 ¦       73           1              0.010 
2025-12-03 12:37:59 | INFO |        6.849 ¦       74           1              0.010 
2025-12-03 12:37:59 | INFO |        6.859 ¦       75           1              0.010 
2025-12-03 12:37:59 | INFO |        6.869 ¦       76           1              0.010 
2025-12-03 12:37:59 | INFO |        6.879 ¦       77           1              0.010 
2025-12-03 12:37:59 | INFO |        6.889 ¦       78           1              0.010 
2025-12-03 12:37:59 | INFO |        6.899 ¦       79           1              0.010 
2025-12-03 12:37:59 | INFO |        6.909 ¦       80           1              0.010 
2025-12-03 12:37:59 | INFO |        6.919 ¦       81           1              0.010 
2025-12-03 12:37:59 | INFO |        6.929 ¦       82           1              0.010 
2025-12-03 12:37:59 | INFO |        6.939 ¦       83           1              0.010 
2025-12-03 12:37:59 | INFO |        6.949 ¦       84           1              0.010 
2025-12-03 12:37:59 | INFO |        6.959 ¦       85           1              0.010 
2025-12-03 12:37:59 | INFO |        6.969 ¦       86           1              0.010 
2025-12-03 12:37:59 | INFO |        6.979 ¦       87           1              0.010 
2025-12-03 12:37:59 | INFO |        6.989 ¦       88           1              0.010 
2025-12-03 12:37:59 | INFO |        6.999 ¦       89           1              0.010 
2025-12-03 12:37:59 | INFO |        7.009 ¦       90           1              0.010 
2025-12-03 12:37:59 | INFO |        7.019 ¦       91           1              0.010 
2025-12-03 12:37:59 | INFO |        7.029 ¦       92           1              0.010 
2025-12-03 12:37:59 | INFO |        7.039 ¦       93           1              0.010 
2025-12-03 12:37:59 | INFO |        7.049 ¦       94           1              0.010 
2025-12-03 12:37:59 | INFO |        7.059 ¦       95           1              0.010 
2025-12-03 12:37:59 | INFO |        7.069 ¦       96           1              0.010 
2025-12-03 12:37:59 | INFO |        7.079 ¦       97           1              0.010 
2025-12-03 12:37:59 | INFO |        7.089 ¦       98           1              0.010 
2025-12-03 12:37:59 | INFO |        7.099 ¦       99           1              0.010 
2025-12-03 12:37:59 | INFO |        7.109 ¦      100           1              0.010 
2025-12-03 12:37:59 | INFO |        7.119 ¦      101           1              0.010 
2025-12-03 12:37:59 | INFO |        7.129 ¦      102           1              0.010 
2025-12-03 12:37:59 | INFO |        7.139 ¦      103           1              0.010 
2025-12-03 12:37:59 | INFO | Algebraic mode change at t = 7.14126
2025-12-03 12:37:59 | INFO |        7.141 ¦      104           1              0.010 
2025-12-03 12:37:59 | INFO | calculation of the new starting point of the simulation.
2025-12-03 12:37:59 | INFO |        7.141 ¦        0           0              0.000 
2025-12-03 12:37:59 | INFO |        7.142 ¦        1           1              0.001 
2025-12-03 12:37:59 | INFO |        7.143 ¦        2           1              0.001 
2025-12-03 12:37:59 | INFO |        7.145 ¦        3           2              0.002 
2025-12-03 12:37:59 | INFO |        7.149 ¦        4           1              0.004 
2025-12-03 12:37:59 | INFO |        7.157 ¦        5           1              0.008 
2025-12-03 12:37:59 | INFO |        7.167 ¦        6           1              0.010 
2025-12-03 12:37:59 | INFO |        7.177 ¦        7           1              0.010 
2025-12-03 12:37:59 | INFO |        7.187 ¦        8           1              0.010 
2025-12-03 12:37:59 | INFO |        7.197 ¦        9           1              0.010 
2025-12-03 12:37:59 | INFO |        7.207 ¦       10           1              0.010 
2025-12-03 12:37:59 | INFO |        7.217 ¦       11           1              0.010 
2025-12-03 12:37:59 | INFO |        7.227 ¦       12           1              0.010 
2025-12-03 12:37:59 | INFO |        7.237 ¦       13           1              0.010 
2025-12-03 12:37:59 | INFO |        7.247 ¦       14           1              0.010 
2025-12-03 12:37:59 | INFO |        7.257 ¦       15           1              0.010 
2025-12-03 12:37:59 | INFO |        7.267 ¦       16           1              0.010 
2025-12-03 12:37:59 | INFO |        7.277 ¦       17           1              0.010 
2025-12-03 12:37:59 | INFO |        7.287 ¦       18           1              0.010 
2025-12-03 12:37:59 | INFO |        7.297 ¦       19           1              0.010 
2025-12-03 12:37:59 | INFO |        7.307 ¦       20           1              0.010 
2025-12-03 12:37:59 | INFO |        7.317 ¦       21           1              0.010 
2025-12-03 12:37:59 | INFO |        7.327 ¦       22           1              0.010 
2025-12-03 12:37:59 | INFO |        7.337 ¦       23           1              0.010 
2025-12-03 12:37:59 | INFO |        7.347 ¦       24           1              0.010 
2025-12-03 12:37:59 | INFO |        7.357 ¦       25           1              0.010 
2025-12-03 12:37:59 | INFO |        7.367 ¦       26           1              0.010 
2025-12-03 12:37:59 | INFO |        7.377 ¦       27           1              0.010 
2025-12-03 12:37:59 | INFO |        7.387 ¦       28           1              0.010 
2025-12-03 12:37:59 | INFO |        7.397 ¦       29           1              0.010 
2025-12-03 12:37:59 | INFO |        7.407 ¦       30           1              0.010 
2025-12-03 12:37:59 | INFO |        7.417 ¦       31           1              0.010 
2025-12-03 12:37:59 | INFO |        7.427 ¦       32           1              0.010 
2025-12-03 12:37:59 | INFO |        7.437 ¦       33           1              0.010 
2025-12-03 12:37:59 | INFO |        7.447 ¦       34           1              0.010 
2025-12-03 12:37:59 | INFO |        7.457 ¦       35           1              0.010 
2025-12-03 12:37:59 | INFO |        7.467 ¦       36           1              0.010 
2025-12-03 12:37:59 | INFO |        7.477 ¦       37           1              0.010 
2025-12-03 12:37:59 | INFO |        7.487 ¦       38           1              0.010 
2025-12-03 12:37:59 | INFO |        7.497 ¦       39           1              0.010 
2025-12-03 12:37:59 | INFO |        7.507 ¦       40           1              0.010 
2025-12-03 12:37:59 | INFO |        7.517 ¦       41           1              0.010 
2025-12-03 12:37:59 | INFO |        7.527 ¦       42           1              0.010 
2025-12-03 12:37:59 | INFO |        7.537 ¦       43           1              0.010 
2025-12-03 12:37:59 | INFO |        7.547 ¦       44           1              0.010 
2025-12-03 12:37:59 | INFO |        7.557 ¦       45           1              0.010 
2025-12-03 12:37:59 | INFO |        7.567 ¦       46           1              0.010 
2025-12-03 12:37:59 | INFO |        7.577 ¦       47           1              0.010 
2025-12-03 12:37:59 | INFO |        7.587 ¦       48           1              0.010 
2025-12-03 12:37:59 | INFO |        7.597 ¦       49           1              0.010 
2025-12-03 12:37:59 | INFO |        7.607 ¦       50           1              0.010 
2025-12-03 12:37:59 | INFO |        7.617 ¦       51           1              0.010 
2025-12-03 12:37:59 | INFO |        7.627 ¦       52           1              0.010 
2025-12-03 12:37:59 | INFO |        7.637 ¦       53           1              0.010 
2025-12-03 12:37:59 | INFO |        7.647 ¦       54           1              0.010 
2025-12-03 12:37:59 | INFO |        7.657 ¦       55           1              0.010 
2025-12-03 12:37:59 | INFO |        7.667 ¦       56           1              0.010 
2025-12-03 12:37:59 | INFO |        7.677 ¦       57           1              0.010 
2025-12-03 12:37:59 | INFO |        7.687 ¦       58           1              0.010 
2025-12-03 12:37:59 | INFO |        7.697 ¦       59           1              0.010 
2025-12-03 12:37:59 | INFO |        7.707 ¦       60           1              0.010 
2025-12-03 12:37:59 | INFO |        7.717 ¦       61           1              0.010 
2025-12-03 12:37:59 | INFO |        7.727 ¦       62           1              0.010 
2025-12-03 12:37:59 | INFO |        7.737 ¦       63           1              0.010 
2025-12-03 12:37:59 | INFO |        7.747 ¦       64           1              0.010 
2025-12-03 12:37:59 | INFO |        7.757 ¦       65           1              0.010 
2025-12-03 12:37:59 | INFO |        7.767 ¦       66           1              0.010 
2025-12-03 12:37:59 | INFO |        7.777 ¦       67           1              0.010 
2025-12-03 12:37:59 | INFO |        7.787 ¦       68           1              0.010 
2025-12-03 12:37:59 | INFO |        7.797 ¦       69           1              0.010 
2025-12-03 12:37:59 | INFO |        7.807 ¦       70           1              0.010 
2025-12-03 12:37:59 | INFO |        7.817 ¦       71           1              0.010 
2025-12-03 12:37:59 | INFO |        7.827 ¦       72           1              0.010 
2025-12-03 12:37:59 | INFO |        7.837 ¦       73           1              0.010 
2025-12-03 12:37:59 | INFO |        7.847 ¦       74           1              0.010 
2025-12-03 12:37:59 | INFO |        7.857 ¦       75           1              0.010 
2025-12-03 12:37:59 | INFO |        7.867 ¦       76           1              0.010 
2025-12-03 12:37:59 | INFO |        7.877 ¦       77           1              0.010 
2025-12-03 12:37:59 | INFO |        7.887 ¦       78           1              0.010 
2025-12-03 12:37:59 | INFO |        7.897 ¦       79           1              0.010 
2025-12-03 12:37:59 | INFO |        7.907 ¦       80           1              0.010 
2025-12-03 12:37:59 | INFO |        7.917 ¦       81           1              0.010 
2025-12-03 12:37:59 | INFO |        7.927 ¦       82           1              0.010 
2025-12-03 12:37:59 | INFO |        7.937 ¦       83           1              0.010 
2025-12-03 12:37:59 | INFO |        7.947 ¦       84           1              0.010 
2025-12-03 12:37:59 | INFO |        7.957 ¦       85           1              0.010 
2025-12-03 12:37:59 | INFO |        7.967 ¦       86           1              0.010 
2025-12-03 12:37:59 | INFO |        7.977 ¦       87           1              0.010 
2025-12-03 12:37:59 | INFO |        7.987 ¦       88           1              0.010 
2025-12-03 12:37:59 | INFO |        7.997 ¦       89           1              0.010 
2025-12-03 12:37:59 | INFO |        8.007 ¦       90           1              0.010 
2025-12-03 12:37:59 | INFO |        8.017 ¦       91           1              0.010 
2025-12-03 12:37:59 | INFO |        8.027 ¦       92           1              0.010 
2025-12-03 12:37:59 | INFO |        8.037 ¦       93           1              0.010 
2025-12-03 12:37:59 | INFO |        8.047 ¦       94           1              0.010 
2025-12-03 12:37:59 | INFO |        8.057 ¦       95           1              0.010 
2025-12-03 12:37:59 | INFO |        8.067 ¦       96           1              0.010 
2025-12-03 12:37:59 | INFO |        8.077 ¦       97           1              0.010 
2025-12-03 12:37:59 | INFO |        8.087 ¦       98           1              0.010 
2025-12-03 12:37:59 | INFO |        8.097 ¦       99           1              0.010 
2025-12-03 12:37:59 | INFO |        8.107 ¦      100           1              0.010 
2025-12-03 12:37:59 | INFO |        8.117 ¦      101           1              0.010 
2025-12-03 12:37:59 | INFO |        8.127 ¦      102           1              0.010 
2025-12-03 12:37:59 | INFO |        8.137 ¦      103           1              0.010 
2025-12-03 12:37:59 | INFO |        8.147 ¦      104           1              0.010 
2025-12-03 12:37:59 | INFO |        8.157 ¦      105           1              0.010 
2025-12-03 12:37:59 | INFO |        8.167 ¦      106           1              0.010 
2025-12-03 12:37:59 | INFO |        8.177 ¦      107           1              0.010 
2025-12-03 12:37:59 | INFO |        8.187 ¦      108           1              0.010 
2025-12-03 12:37:59 | INFO |        8.197 ¦      109           1              0.010 
2025-12-03 12:37:59 | INFO |        8.207 ¦      110           1              0.010 
2025-12-03 12:37:59 | INFO |        8.217 ¦      111           1              0.010 
2025-12-03 12:37:59 | INFO |        8.227 ¦      112           1              0.010 
2025-12-03 12:37:59 | INFO |        8.237 ¦      113           1              0.010 
2025-12-03 12:37:59 | INFO |        8.247 ¦      114           1              0.010 
2025-12-03 12:37:59 | INFO |        8.257 ¦      115           1              0.010 
2025-12-03 12:37:59 | INFO |        8.267 ¦      116           1              0.010 
2025-12-03 12:37:59 | INFO |        8.277 ¦      117           1              0.010 
2025-12-03 12:37:59 | INFO |        8.287 ¦      118           1              0.010 
2025-12-03 12:37:59 | INFO |        8.297 ¦      119           1              0.010 
2025-12-03 12:37:59 | INFO |        8.307 ¦      120           1              0.010 
2025-12-03 12:37:59 | INFO |        8.317 ¦      121           1              0.010 
2025-12-03 12:37:59 | INFO |        8.327 ¦      122           1              0.010 
2025-12-03 12:37:59 | INFO |        8.337 ¦      123           1              0.010 
2025-12-03 12:37:59 | INFO |        8.347 ¦      124           1              0.010 
2025-12-03 12:37:59 | INFO |        8.357 ¦      125           1              0.010 
2025-12-03 12:37:59 | INFO |        8.367 ¦      126           1              0.010 
2025-12-03 12:37:59 | INFO |        8.377 ¦      127           1              0.010 
2025-12-03 12:37:59 | INFO |        8.387 ¦      128           1              0.010 
2025-12-03 12:37:59 | INFO |        8.397 ¦      129           1              0.010 
2025-12-03 12:37:59 | INFO |        8.407 ¦      130           1              0.010 
2025-12-03 12:37:59 | INFO |        8.417 ¦      131           1              0.010 
2025-12-03 12:37:59 | INFO |        8.427 ¦      132           1              0.010 
2025-12-03 12:37:59 | INFO |        8.437 ¦      133           1              0.010 
2025-12-03 12:37:59 | INFO |        8.447 ¦      134           1              0.010 
2025-12-03 12:37:59 | INFO |        8.457 ¦      135           1              0.010 
2025-12-03 12:37:59 | INFO |        8.467 ¦      136           1              0.010 
2025-12-03 12:37:59 | INFO |        8.477 ¦      137           1              0.010 
2025-12-03 12:37:59 | INFO |        8.487 ¦      138           1              0.010 
2025-12-03 12:37:59 | INFO |        8.497 ¦      139           1              0.010 
2025-12-03 12:37:59 | INFO |        8.507 ¦      140           1              0.010 
2025-12-03 12:37:59 | INFO |        8.517 ¦      141           1              0.010 
2025-12-03 12:37:59 | INFO |        8.527 ¦      142           1              0.010 
2025-12-03 12:37:59 | INFO |        8.537 ¦      143           1              0.010 
2025-12-03 12:37:59 | INFO |        8.547 ¦      144           1              0.010 
2025-12-03 12:37:59 | INFO |        8.557 ¦      145           1              0.010 
2025-12-03 12:37:59 | INFO |        8.567 ¦      146           1              0.010 
2025-12-03 12:37:59 | INFO |        8.577 ¦      147           1              0.010 
2025-12-03 12:37:59 | INFO | Algebraic mode change at t = 8.58671
2025-12-03 12:37:59 | INFO |        8.587 ¦      148           1              0.010 
2025-12-03 12:37:59 | INFO | calculation of the new starting point of the simulation.
2025-12-03 12:37:59 | INFO |        8.587 ¦        0           0              0.000 
2025-12-03 12:37:59 | INFO |        8.588 ¦        1           1              0.001 
2025-12-03 12:37:59 | INFO |        8.589 ¦        2           1              0.001 
2025-12-03 12:37:59 | INFO |        8.591 ¦        3           2              0.002 
2025-12-03 12:37:59 | INFO |        8.595 ¦        4           1              0.004 
2025-12-03 12:37:59 | INFO |        8.603 ¦        5           1              0.008 
2025-12-03 12:37:59 | INFO |        8.613 ¦        6           1              0.010 
2025-12-03 12:37:59 | INFO |        8.623 ¦        7           1              0.010 
2025-12-03 12:37:59 | INFO |        8.633 ¦        8           1              0.010 
2025-12-03 12:37:59 | INFO |        8.643 ¦        9           1              0.010 
2025-12-03 12:37:59 | INFO |        8.653 ¦       10           1              0.010 
2025-12-03 12:37:59 | INFO |        8.663 ¦       11           1              0.010 
2025-12-03 12:37:59 | INFO |        8.673 ¦       12           1              0.010 
2025-12-03 12:37:59 | INFO |        8.683 ¦       13           1              0.010 
2025-12-03 12:37:59 | INFO |        8.693 ¦       14           1              0.010 
2025-12-03 12:37:59 | INFO |        8.703 ¦       15           1              0.010 
2025-12-03 12:37:59 | INFO |        8.713 ¦       16           1              0.010 
2025-12-03 12:37:59 | INFO |        8.723 ¦       17           1              0.010 
2025-12-03 12:37:59 | INFO |        8.733 ¦       18           1              0.010 
2025-12-03 12:37:59 | INFO |        8.743 ¦       19           1              0.010 
2025-12-03 12:37:59 | INFO |        8.753 ¦       20           1              0.010 
2025-12-03 12:37:59 | INFO |        8.763 ¦       21           1              0.010 
2025-12-03 12:37:59 | INFO |        8.773 ¦       22           1              0.010 
2025-12-03 12:37:59 | INFO |        8.783 ¦       23           1              0.010 
2025-12-03 12:37:59 | INFO |        8.793 ¦       24           1              0.010 
2025-12-03 12:37:59 | INFO |        8.803 ¦       25           1              0.010 
2025-12-03 12:37:59 | INFO |        8.813 ¦       26           1              0.010 
2025-12-03 12:37:59 | INFO |        8.823 ¦       27           1              0.010 
2025-12-03 12:37:59 | INFO |        8.833 ¦       28           1              0.010 
2025-12-03 12:37:59 | INFO |        8.843 ¦       29           1              0.010 
2025-12-03 12:37:59 | INFO |        8.853 ¦       30           1              0.010 
2025-12-03 12:37:59 | INFO |        8.863 ¦       31           1              0.010 
2025-12-03 12:37:59 | INFO |        8.873 ¦       32           1              0.010 
2025-12-03 12:37:59 | INFO |        8.883 ¦       33           1              0.010 
2025-12-03 12:37:59 | INFO |        8.893 ¦       34           1              0.010 
2025-12-03 12:37:59 | INFO |        8.903 ¦       35           1              0.010 
2025-12-03 12:37:59 | INFO |        8.913 ¦       36           1              0.010 
2025-12-03 12:37:59 | INFO |        8.923 ¦       37           1              0.010 
2025-12-03 12:37:59 | INFO |        8.933 ¦       38           1              0.010 
2025-12-03 12:37:59 | INFO |        8.943 ¦       39           1              0.010 
2025-12-03 12:37:59 | INFO |        8.953 ¦       40           1              0.010 
2025-12-03 12:37:59 | INFO |        8.963 ¦       41           1              0.010 
2025-12-03 12:37:59 | INFO |        8.973 ¦       42           1              0.010 
2025-12-03 12:37:59 | INFO |        8.983 ¦       43           1              0.010 
2025-12-03 12:37:59 | INFO |        8.993 ¦       44           1              0.010 
2025-12-03 12:37:59 | INFO |        9.003 ¦       45           1              0.010 
2025-12-03 12:37:59 | INFO |        9.013 ¦       46           1              0.010 
2025-12-03 12:37:59 | INFO |        9.023 ¦       47           1              0.010 
2025-12-03 12:37:59 | INFO |        9.033 ¦       48           1              0.010 
2025-12-03 12:37:59 | INFO |        9.043 ¦       49           1              0.010 
2025-12-03 12:37:59 | INFO |        9.053 ¦       50           1              0.010 
2025-12-03 12:37:59 | INFO |        9.063 ¦       51           1              0.010 
2025-12-03 12:37:59 | INFO |        9.073 ¦       52           1              0.010 
2025-12-03 12:37:59 | INFO |        9.083 ¦       53           1              0.010 
2025-12-03 12:37:59 | INFO |        9.093 ¦       54           1              0.010 
2025-12-03 12:37:59 | INFO |        9.103 ¦       55           1              0.010 
2025-12-03 12:37:59 | INFO |        9.113 ¦       56           1              0.010 
2025-12-03 12:37:59 | INFO |        9.123 ¦       57           1              0.010 
2025-12-03 12:37:59 | INFO |        9.133 ¦       58           1              0.010 
2025-12-03 12:37:59 | INFO |        9.143 ¦       59           1              0.010 
2025-12-03 12:37:59 | INFO |        9.153 ¦       60           1              0.010 
2025-12-03 12:37:59 | INFO |        9.163 ¦       61           1              0.010 
2025-12-03 12:37:59 | INFO |        9.173 ¦       62           1              0.010 
2025-12-03 12:37:59 | INFO |        9.183 ¦       63           1              0.010 
2025-12-03 12:37:59 | INFO |        9.193 ¦       64           1              0.010 
2025-12-03 12:37:59 | INFO |        9.203 ¦       65           1              0.010 
2025-12-03 12:37:59 | INFO |        9.213 ¦       66           1              0.010 
2025-12-03 12:37:59 | INFO |        9.223 ¦       67           1              0.010 
2025-12-03 12:37:59 | INFO |        9.233 ¦       68           1              0.010 
2025-12-03 12:37:59 | INFO |        9.243 ¦       69           1              0.010 
2025-12-03 12:37:59 | INFO |        9.253 ¦       70           1              0.010 
2025-12-03 12:37:59 | INFO |        9.263 ¦       71           1              0.010 
2025-12-03 12:37:59 | INFO |        9.273 ¦       72           1              0.010 
2025-12-03 12:37:59 | INFO |        9.283 ¦       73           1              0.010 
2025-12-03 12:37:59 | INFO |        9.293 ¦       74           1              0.010 
2025-12-03 12:37:59 | INFO |        9.303 ¦       75           1              0.010 
2025-12-03 12:37:59 | INFO |        9.313 ¦       76           1              0.010 
2025-12-03 12:37:59 | INFO |        9.323 ¦       77           1              0.010 
2025-12-03 12:37:59 | INFO |        9.333 ¦       78           1              0.010 
2025-12-03 12:37:59 | INFO |        9.343 ¦       79           1              0.010 
2025-12-03 12:37:59 | INFO |        9.353 ¦       80           1              0.010 
2025-12-03 12:37:59 | INFO |        9.363 ¦       81           1              0.010 
2025-12-03 12:37:59 | INFO |        9.373 ¦       82           1              0.010 
2025-12-03 12:37:59 | INFO |        9.383 ¦       83           1              0.010 
2025-12-03 12:37:59 | INFO |        9.393 ¦       84           1              0.010 
2025-12-03 12:37:59 | INFO |        9.403 ¦       85           1              0.010 
2025-12-03 12:37:59 | INFO |        9.413 ¦       86           1              0.010 
2025-12-03 12:37:59 | INFO |        9.423 ¦       87           1              0.010 
2025-12-03 12:37:59 | INFO |        9.433 ¦       88           1              0.010 
2025-12-03 12:37:59 | INFO |        9.443 ¦       89           1              0.010 
2025-12-03 12:37:59 | INFO |        9.453 ¦       90           1              0.010 
2025-12-03 12:37:59 | INFO |        9.463 ¦       91           1              0.010 
2025-12-03 12:37:59 | INFO |        9.473 ¦       92           1              0.010 
2025-12-03 12:37:59 | INFO |        9.483 ¦       93           1              0.010 
2025-12-03 12:37:59 | INFO |        9.493 ¦       94           1              0.010 
2025-12-03 12:37:59 | INFO |        9.503 ¦       95           1              0.010 
2025-12-03 12:37:59 | INFO |        9.513 ¦       96           1              0.010 
2025-12-03 12:37:59 | INFO |        9.523 ¦       97           1              0.010 
2025-12-03 12:37:59 | INFO |        9.533 ¦       98           1              0.010 
2025-12-03 12:37:59 | INFO |        9.543 ¦       99           1              0.010 
2025-12-03 12:37:59 | INFO |        9.553 ¦      100           1              0.010 
2025-12-03 12:37:59 | INFO |        9.563 ¦      101           1              0.010 
2025-12-03 12:37:59 | INFO |        9.573 ¦      102           1              0.010 
2025-12-03 12:37:59 | INFO |        9.583 ¦      103           1              0.010 
2025-12-03 12:37:59 | INFO | Algebraic mode change at t = 9.58535
2025-12-03 12:37:59 | INFO |        9.585 ¦      104           1              0.010 
2025-12-03 12:37:59 | INFO | calculation of the new starting point of the simulation.
2025-12-03 12:37:59 | INFO |        9.585 ¦        0           0              0.000 
2025-12-03 12:37:59 | INFO |        9.586 ¦        1           1              0.001 
2025-12-03 12:37:59 | INFO |        9.587 ¦        2           1              0.001 
2025-12-03 12:37:59 | INFO |        9.589 ¦        3           2              0.002 
2025-12-03 12:37:59 | INFO |        9.593 ¦        4           1              0.004 
2025-12-03 12:37:59 | INFO |        9.601 ¦        5           1              0.008 
2025-12-03 12:37:59 | INFO |        9.611 ¦        6           1              0.010 
2025-12-03 12:37:59 | INFO |        9.621 ¦        7           1              0.010 
2025-12-03 12:37:59 | INFO |        9.631 ¦        8           1              0.010 
2025-12-03 12:37:59 | INFO |        9.641 ¦        9           1              0.010 
2025-12-03 12:37:59 | INFO |        9.651 ¦       10           1              0.010 
2025-12-03 12:37:59 | INFO |        9.661 ¦       11           1              0.010 
2025-12-03 12:37:59 | INFO |        9.671 ¦       12           1              0.010 
2025-12-03 12:37:59 | INFO |        9.681 ¦       13           1              0.010 
2025-12-03 12:37:59 | INFO | Algebraic mode change at t = 9.68746
2025-12-03 12:37:59 | INFO |        9.687 ¦       14           1              0.010 
2025-12-03 12:37:59 | INFO | calculation of the new starting point of the simulation.
2025-12-03 12:37:59 | INFO |        9.687 ¦        0           0              0.000 
2025-12-03 12:37:59 | INFO |        9.688 ¦        1           1              0.001 
2025-12-03 12:37:59 | INFO |        9.689 ¦        2           1              0.001 
2025-12-03 12:37:59 | INFO |        9.691 ¦        3           2              0.002 
2025-12-03 12:37:59 | INFO |        9.695 ¦        4           1              0.004 
2025-12-03 12:37:59 | INFO |        9.703 ¦        5           1              0.008 
2025-12-03 12:37:59 | INFO |        9.713 ¦        6           1              0.010 
2025-12-03 12:37:59 | INFO |        9.723 ¦        7           1              0.010 
2025-12-03 12:37:59 | INFO |        9.733 ¦        8           1              0.010 
2025-12-03 12:37:59 | INFO |        9.743 ¦        9           1              0.010 
2025-12-03 12:37:59 | INFO |        9.753 ¦       10           1              0.010 
2025-12-03 12:37:59 | INFO |        9.763 ¦       11           1              0.010 
2025-12-03 12:37:59 | INFO |        9.773 ¦       12           1              0.010 
2025-12-03 12:37:59 | INFO |        9.783 ¦       13           1              0.010 
2025-12-03 12:37:59 | INFO |        9.793 ¦       14           1              0.010 
2025-12-03 12:37:59 | INFO |        9.803 ¦       15           1              0.010 
2025-12-03 12:37:59 | INFO |        9.813 ¦       16           1              0.010 
2025-12-03 12:37:59 | INFO |        9.823 ¦       17           1              0.010 
2025-12-03 12:37:59 | INFO |        9.833 ¦       18           1              0.010 
2025-12-03 12:37:59 | INFO |        9.843 ¦       19           1              0.010 
2025-12-03 12:37:59 | INFO |        9.853 ¦       20           1              0.010 
2025-12-03 12:37:59 | INFO |        9.863 ¦       21           1              0.010 
2025-12-03 12:37:59 | INFO |        9.873 ¦       22           1              0.010 
2025-12-03 12:37:59 | INFO |        9.883 ¦       23           1              0.010 
2025-12-03 12:37:59 | INFO |        9.893 ¦       24           1              0.010 
2025-12-03 12:37:59 | INFO |        9.903 ¦       25           1              0.010 
2025-12-03 12:37:59 | INFO |        9.913 ¦       26           1              0.010 
2025-12-03 12:37:59 | INFO |        9.923 ¦       27           1              0.010 
2025-12-03 12:37:59 | INFO |        9.933 ¦       28           1              0.010 
2025-12-03 12:37:59 | INFO |        9.943 ¦       29           1              0.010 
2025-12-03 12:37:59 | INFO |        9.953 ¦       30           1              0.010 
2025-12-03 12:37:59 | INFO |        9.963 ¦       31           1              0.010 
2025-12-03 12:37:59 | INFO |        9.973 ¦       32           1              0.010 
2025-12-03 12:37:59 | INFO |        9.983 ¦       33           1              0.010 
2025-12-03 12:37:59 | INFO |        9.993 ¦       34           1              0.010 
2025-12-03 12:37:59 | INFO |       10.000 ¦       35           1              0.007 
2025-12-03 12:37:59 | INFO | 
2025-12-03 12:37:59 | INFO | execution statistics :
2025-12-03 12:37:59 | INFO | 
2025-12-03 12:37:59 | INFO | number of time iterations                  = 1043
2025-12-03 12:37:59 | INFO | number of residual evaluations             = 2158
2025-12-03 12:37:59 | INFO | number of Jacobian evaluations             = 70
2025-12-03 12:37:59 | INFO | number of nonlinear iterations             = 2136
2025-12-03 12:37:59 | INFO | number of error test failures              = 0
2025-12-03 12:37:59 | INFO | number of nonlinear convergence failures   = 19
2025-12-03 12:37:59 | INFO | number of root functions evaluations       = 1466
2025-12-03 12:37:59 | INFO | number of discrete variables evaluations   = 31
2025-12-03 12:37:59 | INFO | number of mode evaluations                 = 21
2025-12-03 12:37:59 | INFO | end of job 'Generator PTanPhi power regulation test'
