2025-04-10 08:45:40 | INFO |  ============================================================ 
2025-04-10 08:45:40 | INFO | DYNAWO VERSION  :     1.8.0
2025-04-10 08:45:40 | INFO | DYNAWO REVISION :  1272_preassembled-25f51016b35
2025-04-10 08:45:40 | INFO |  ============================================================ 
2025-04-10 08:45:40 | INFO | 
2025-04-10 08:45:40 | INFO | -----------------------------------------------------------------------
2025-04-10 08:45:40 | INFO | building model from input files
2025-04-10 08:45:40 | INFO | -----------------------------------------------------------------------
2025-04-10 08:45:40 | INFO | model was built successfully
2025-04-10 08:45:40 | INFO | -----------------------------------------------------------------------
2025-04-10 08:45:40 | INFO | 
2025-04-10 08:45:40 | INFO | -----------------------------------------------------------------------
2025-04-10 08:45:40 | INFO | starting local initialization
2025-04-10 08:45:40 | INFO | -----------------------------------------------------------------------
2025-04-10 08:45:40 | INFO | end of local initialization
2025-04-10 08:45:40 | INFO | -----------------------------------------------------------------------
2025-04-10 08:45:40 | INFO | 
2025-04-10 08:45:40 | INFO | -----------------------------------------------------------------------
2025-04-10 08:45:40 | INFO | starting global initialization
2025-04-10 08:45:40 | INFO | -----------------------------------------------------------------------
2025-04-10 08:45:40 | INFO | end of global initialization
2025-04-10 08:45:40 | INFO | -----------------------------------------------------------------------
2025-04-10 08:45:40 | INFO | 
2025-04-10 08:45:40 | INFO | -----------------------------------------------------------------------
2025-04-10 08:45:40 | INFO | starting curve initialization
2025-04-10 08:45:40 | INFO | -----------------------------------------------------------------------
2025-04-10 08:45:40 | WARN | curve not added: Id: NETWORK , name: Load_DeltaPc
2025-04-10 08:45:40 | WARN | curve not added: Id: NETWORK , name: Load_DeltaQc
2025-04-10 08:45:40 | INFO | end of curve initialization, added 16 curves
2025-04-10 08:45:40 | INFO | -----------------------------------------------------------------------
2025-04-10 08:45:40 | INFO | 
2025-04-10 08:45:40 | INFO | -----------------------------------------------------------------------
2025-04-10 08:45:40 | INFO | starting simulation with solver SimplifiedSolver
2025-04-10 08:45:40 | INFO | -----------------------------------------------------------------------
2025-04-10 08:45:40 | INFO | -----------------------------------------------------------------------
2025-04-10 08:45:40 | INFO | number of continuous variables : 24
2025-04-10 08:45:40 | INFO | number of discrete variables : 17
2025-04-10 08:45:40 | INFO | number of root functions : 13
2025-04-10 08:45:40 | INFO | -----------------------------------------------------------------------
2025-04-10 08:45:40 | INFO |         time ¦ iter num   Nonlinear iter   jac eval      time step (h)
2025-04-10 08:45:40 | INFO | -----------------------------------------------------------------------
2025-04-10 08:45:40 | INFO |        0.000 ¦        0                0          0              1.000 
2025-04-10 08:45:40 | INFO |        1.000 ¦        1                1          1              1.000 
2025-04-10 08:45:40 | INFO |        2.000 ¦        2                2          1              1.000 
2025-04-10 08:45:40 | INFO |        3.000 ¦        3                3          1              1.000 
2025-04-10 08:45:40 | INFO |        4.000 ¦        4                4          1              1.000 
2025-04-10 08:45:40 | INFO |        5.000 ¦        5                5          1              1.000 
2025-04-10 08:45:40 | INFO |        6.000 ¦        6                6          1              1.000 
2025-04-10 08:45:40 | INFO |        7.000 ¦        7                7          1              1.000 
2025-04-10 08:45:40 | INFO |        8.000 ¦        8                8          1              1.000 
2025-04-10 08:45:40 | INFO |        9.000 ¦        9                9          1              1.000 
2025-04-10 08:45:40 | INFO | state of Load Load change from 2 to 1
2025-04-10 08:45:40 | INFO | Algebraic mode change at t = 10
2025-04-10 08:45:40 | INFO |       10.000 ¦       10               10          1              1.000 
2025-04-10 08:45:40 | INFO | calculation of the new starting point of the simulation.
2025-04-10 08:45:40 | INFO |       10.000 ¦       10               11          1              1.000 
2025-04-10 08:45:40 | INFO |       11.000 ¦       11               12          1              1.000 
2025-04-10 08:45:40 | INFO |       12.000 ¦       12               12          1              1.000 
2025-04-10 08:45:40 | INFO |       13.000 ¦       13               12          1              1.000 
2025-04-10 08:45:40 | INFO |       14.000 ¦       14               12          1              1.000 
2025-04-10 08:45:40 | INFO |       15.000 ¦       15               12          1              1.000 
2025-04-10 08:45:40 | INFO |       16.000 ¦       16               12          1              1.000 
2025-04-10 08:45:40 | INFO |       17.000 ¦       17               12          1              1.000 
2025-04-10 08:45:40 | INFO |       18.000 ¦       18               12          1              1.000 
2025-04-10 08:45:40 | INFO |       19.000 ¦       19               12          1              1.000 
2025-04-10 08:45:40 | INFO |       20.000 ¦       20               12          1              1.000 
2025-04-10 08:45:40 | INFO | 
2025-04-10 08:45:40 | INFO | execution statistics :
2025-04-10 08:45:40 | INFO | 
2025-04-10 08:45:40 | INFO | number of time iterations                  = 20
2025-04-10 08:45:40 | INFO | number of residual evaluations             = 33
2025-04-10 08:45:40 | INFO | number of Jacobian evaluations             = 1
2025-04-10 08:45:40 | INFO | number of nonlinear iterations             = 12
2025-04-10 08:45:40 | INFO | number of error test failures              = 0
2025-04-10 08:45:40 | INFO | number of nonlinear convergence failures   = 0
2025-04-10 08:45:40 | INFO | number of root functions evaluations       = 22
2025-04-10 08:45:40 | INFO | number of discrete variables evaluations   = 3
2025-04-10 08:45:40 | INFO | number of mode evaluations                 = 2
2025-04-10 08:45:40 | INFO | end of job 'Disconnect load test'
