INFO |  ============================================================ 
INFO | DYNAWO VERSION  :     1.8.0
INFO | DYNAWO REVISION :  3741_value_cpp-7c2478ccd8f
INFO |  ============================================================ 
INFO | 
INFO | -----------------------------------------------------------------------
INFO | building model from input files
INFO | -----------------------------------------------------------------------
INFO | model was built successfully
INFO | -----------------------------------------------------------------------
INFO | 
INFO | -----------------------------------------------------------------------
INFO | starting local initialization
INFO | -----------------------------------------------------------------------
WARN | the linear solver's setup function failed in an unrecoverable manner
INFO | end of local initialization
INFO | -----------------------------------------------------------------------
INFO | 
INFO | -----------------------------------------------------------------------
INFO | starting global initialization
INFO | -----------------------------------------------------------------------
INFO | Algebraic mode change at t = 0
INFO | Algebraic mode change at t = 0
INFO | end of global initialization
INFO | -----------------------------------------------------------------------
INFO | 
INFO | -----------------------------------------------------------------------
INFO | starting curve initialization
INFO | -----------------------------------------------------------------------
INFO | end of curve initialization, added 65 curves
INFO | -----------------------------------------------------------------------
INFO | 
INFO | -----------------------------------------------------------------------
INFO | starting simulation with solver SimplifiedSolver
INFO | -----------------------------------------------------------------------
INFO | -----------------------------------------------------------------------
INFO | number of continuous variables : 139
INFO | number of discrete variables : 104
INFO | number of root functions : 95
INFO | -----------------------------------------------------------------------
INFO |         time ¦ iter num   Nonlinear iter   jac eval      time step (h)
INFO | -----------------------------------------------------------------------
INFO |        0.000 ¦        0                0          0              1.000 
INFO |        1.000 ¦        1                1          1              1.000 
INFO |        2.000 ¦        2                2          1              1.000 
INFO |        3.000 ¦        3                3          1              1.000 
INFO |        4.000 ¦        4                4          1              1.000 
INFO |        5.000 ¦        5                5          1              1.000 
INFO |        6.000 ¦        6                6          1              1.000 
INFO |        7.000 ¦        7                7          1              1.000 
INFO |        8.000 ¦        8                8          1              1.000 
INFO |        9.000 ¦        9                9          1              1.000 
INFO | Algebraic mode (with J recalculation) change at t = 10
INFO |       10.000 ¦       10               10          1              1.000 
INFO | calculation of the new starting point of the simulation.
INFO |       10.000 ¦       10               11          2              1.000 
INFO |       11.000 ¦       11               12          3              1.000 
INFO |       12.000 ¦       12               13          3              1.000 
INFO |       13.000 ¦       13               14          3              1.000 
INFO |       14.000 ¦       14               15          3              1.000 
INFO |       15.000 ¦       15               16          3              1.000 
INFO |       16.000 ¦       16               17          3              1.000 
INFO |       17.000 ¦       17               18          3              1.000 
INFO |       18.000 ¦       18               19          3              1.000 
INFO |       19.000 ¦       19               20          3              1.000 
INFO | Algebraic mode (with J recalculation) change at t = 20
INFO |       20.000 ¦       20               21          3              1.000 
INFO | calculation of the new starting point of the simulation.
INFO |       20.000 ¦       20               22          4              1.000 
INFO |       21.000 ¦       21               23          5              1.000 
INFO |       22.000 ¦       22               24          5              1.000 
INFO |       23.000 ¦       23               25          5              1.000 
INFO |       24.000 ¦       24               26          5              1.000 
INFO |       25.000 ¦       25               27          5              1.000 
INFO |       26.000 ¦       26               28          5              1.000 
INFO |       27.000 ¦       27               29          5              1.000 
INFO |       28.000 ¦       28               30          5              1.000 
INFO |       29.000 ¦       29               31          5              1.000 
INFO |       30.000 ¦       30               32          5              1.000 
INFO |       31.000 ¦       31               33          5              1.000 
INFO |       32.000 ¦       32               34          5              1.000 
INFO |       33.000 ¦       33               35          5              1.000 
INFO |       34.000 ¦       34               36          5              1.000 
INFO |       35.000 ¦       35               37          5              1.000 
INFO |       36.000 ¦       36               38          5              1.000 
INFO |       37.000 ¦       37               39          5              1.000 
INFO |       38.000 ¦       38               40          5              1.000 
INFO |       39.000 ¦       39               41          5              1.000 
INFO |       40.000 ¦       40               42          5              1.000 
INFO |       41.000 ¦       41               43          5              1.000 
INFO |       42.000 ¦       42               44          5              1.000 
INFO |       43.000 ¦       43               45          5              1.000 
INFO |       44.000 ¦       44               46          5              1.000 
INFO |       45.000 ¦       45               47          5              1.000 
INFO |       46.000 ¦       46               48          5              1.000 
INFO |       47.000 ¦       47               49          5              1.000 
INFO |       48.000 ¦       48               50          5              1.000 
INFO |       49.000 ¦       49               51          5              1.000 
INFO | state of Switch VL2_Load0_switch change from 2 to 1
INFO | switch Off bus : calculatedBus_VL2_3
INFO | Algebraic mode (with J recalculation) change at t = 50
INFO |       50.000 ¦       50               52          5              1.000 
INFO | calculation of the new starting point of the simulation.
INFO |       50.000 ¦       50               54          7              1.000 
INFO |       51.000 ¦       51               55          8              1.000 
INFO |       52.000 ¦       52               56          8              1.000 
INFO |       53.000 ¦       53               57          8              1.000 
INFO |       54.000 ¦       54               58          8              1.000 
INFO |       55.000 ¦       55               59          8              1.000 
INFO |       56.000 ¦       56               60          8              1.000 
INFO |       57.000 ¦       57               61          8              1.000 
INFO |       58.000 ¦       58               62          8              1.000 
INFO |       59.000 ¦       59               63          8              1.000 
INFO | state of Switch VL2_Load0_switch change from 1 to 2
INFO | switch ON bus : calculatedBus_VL2_3
INFO | Algebraic mode (with J recalculation) change at t = 60
INFO |       60.000 ¦       60               64          8              1.000 
INFO | calculation of the new starting point of the simulation.
INFO |       60.000 ¦       60               66         10              1.000 
INFO |       61.000 ¦       61               67         11              1.000 
INFO |       62.000 ¦       62               68         11              1.000 
INFO |       63.000 ¦       63               69         11              1.000 
INFO |       64.000 ¦       64               70         11              1.000 
INFO |       65.000 ¦       65               71         11              1.000 
INFO |       66.000 ¦       66               72         11              1.000 
INFO |       67.000 ¦       67               73         11              1.000 
INFO |       68.000 ¦       68               74         11              1.000 
INFO |       69.000 ¦       69               75         11              1.000 
INFO |       70.000 ¦       70               76         11              1.000 
INFO |       71.000 ¦       71               77         11              1.000 
INFO |       72.000 ¦       72               78         11              1.000 
INFO |       73.000 ¦       73               79         11              1.000 
INFO |       74.000 ¦       74               80         11              1.000 
INFO |       75.000 ¦       75               81         11              1.000 
INFO |       76.000 ¦       76               82         11              1.000 
INFO |       77.000 ¦       77               83         11              1.000 
INFO |       78.000 ¦       78               84         11              1.000 
INFO |       79.000 ¦       79               85         11              1.000 
INFO |       80.000 ¦       80               86         11              1.000 
INFO |       81.000 ¦       81               87         11              1.000 
INFO |       82.000 ¦       82               88         11              1.000 
INFO |       83.000 ¦       83               89         11              1.000 
INFO |       84.000 ¦       84               90         11              1.000 
INFO |       85.000 ¦       85               91         11              1.000 
INFO |       86.000 ¦       86               92         11              1.000 
INFO |       87.000 ¦       87               93         11              1.000 
INFO |       88.000 ¦       88               94         11              1.000 
INFO |       89.000 ¦       89               95         11              1.000 
INFO |       90.000 ¦       90               96         11              1.000 
INFO |       91.000 ¦       91               97         11              1.000 
INFO |       92.000 ¦       92               98         11              1.000 
INFO |       93.000 ¦       93               99         11              1.000 
INFO |       94.000 ¦       94              100         11              1.000 
INFO |       95.000 ¦       95              101         11              1.000 
INFO |       96.000 ¦       96              102         11              1.000 
INFO |       97.000 ¦       97              103         11              1.000 
INFO |       98.000 ¦       98              104         11              1.000 
INFO |       99.000 ¦       99              105         11              1.000 
INFO |      100.000 ¦      100              106         11              1.000 
INFO |      101.000 ¦      101              107         11              1.000 
INFO |      102.000 ¦      102              108         11              1.000 
INFO |      103.000 ¦      103              109         11              1.000 
INFO |      104.000 ¦      104              110         11              1.000 
INFO |      105.000 ¦      105              111         11              1.000 
INFO |      106.000 ¦      106              112         11              1.000 
INFO |      107.000 ¦      107              113         11              1.000 
INFO |      108.000 ¦      108              114         11              1.000 
INFO |      109.000 ¦      109              115         11              1.000 
INFO | Algebraic mode (with J recalculation) change at t = 110
INFO |      110.000 ¦      110              116         11              1.000 
INFO | calculation of the new starting point of the simulation.
INFO | Algebraic mode change at t = 110
INFO |      110.000 ¦      110              117         13              1.000 
INFO |      111.000 ¦      111              118         14              1.000 
INFO |      112.000 ¦      112              119         14              1.000 
INFO |      113.000 ¦      113              120         14              1.000 
INFO |      114.000 ¦      114              121         14              1.000 
INFO |      115.000 ¦      115              122         14              1.000 
INFO |      116.000 ¦      116              123         14              1.000 
INFO |      117.000 ¦      117              124         14              1.000 
INFO |      118.000 ¦      118              125         14              1.000 
INFO |      119.000 ¦      119              126         14              1.000 
INFO | Algebraic mode (with J recalculation) change at t = 120
INFO |      120.000 ¦      120              127         14              1.000 
INFO | calculation of the new starting point of the simulation.
INFO |      120.000 ¦      120              129         16              1.000 
INFO |      121.000 ¦      121              130         17              1.000 
INFO |      122.000 ¦      122              131         17              1.000 
INFO |      123.000 ¦      123              132         17              1.000 
INFO |      124.000 ¦      124              133         17              1.000 
INFO |      125.000 ¦      125              134         17              1.000 
INFO |      126.000 ¦      126              135         17              1.000 
INFO |      127.000 ¦      127              136         17              1.000 
INFO |      128.000 ¦      128              137         17              1.000 
INFO |      129.000 ¦      129              138         17              1.000 
INFO |      130.000 ¦      130              139         17              1.000 
INFO |      131.000 ¦      131              140         17              1.000 
INFO |      132.000 ¦      132              141         17              1.000 
INFO |      133.000 ¦      133              142         17              1.000 
INFO |      134.000 ¦      134              143         17              1.000 
INFO |      135.000 ¦      135              144         17              1.000 
INFO |      136.000 ¦      136              145         17              1.000 
INFO |      137.000 ¦      137              146         17              1.000 
INFO |      138.000 ¦      138              147         17              1.000 
INFO |      139.000 ¦      139              148         17              1.000 
INFO |      140.000 ¦      140              149         17              1.000 
INFO |      141.000 ¦      141              150         17              1.000 
INFO |      142.000 ¦      142              151         17              1.000 
INFO |      143.000 ¦      143              152         17              1.000 
INFO |      144.000 ¦      144              153         17              1.000 
INFO |      145.000 ¦      145              154         17              1.000 
INFO |      146.000 ¦      146              155         17              1.000 
INFO |      147.000 ¦      147              156         17              1.000 
INFO |      148.000 ¦      148              157         17              1.000 
INFO |      149.000 ¦      149              158         17              1.000 
INFO | state of Switch VL2_Load1_switch change from 2 to 1
INFO | switch Off bus : calculatedBus_VL2_4
INFO | Algebraic mode (with J recalculation) change at t = 150
INFO |      150.000 ¦      150              159         17              1.000 
INFO | calculation of the new starting point of the simulation.
INFO |      150.000 ¦      150              161         19              1.000 
INFO |      151.000 ¦      151              162         20              1.000 
INFO |      152.000 ¦      152              163         20              1.000 
INFO |      153.000 ¦      153              164         20              1.000 
INFO |      154.000 ¦      154              165         20              1.000 
INFO |      155.000 ¦      155              166         20              1.000 
INFO |      156.000 ¦      156              167         20              1.000 
INFO |      157.000 ¦      157              168         20              1.000 
INFO |      158.000 ¦      158              169         20              1.000 
INFO |      159.000 ¦      159              170         20              1.000 
INFO | state of Switch VL2_Load1_switch change from 1 to 2
INFO | switch ON bus : calculatedBus_VL2_4
INFO | Algebraic mode (with J recalculation) change at t = 160
INFO |      160.000 ¦      160              171         20              1.000 
INFO | calculation of the new starting point of the simulation.
INFO |      160.000 ¦      160              173         22              1.000 
INFO |      161.000 ¦      161              174         23              1.000 
INFO |      162.000 ¦      162              175         23              1.000 
INFO |      163.000 ¦      163              176         23              1.000 
INFO |      164.000 ¦      164              177         23              1.000 
INFO |      165.000 ¦      165              178         23              1.000 
INFO |      166.000 ¦      166              179         23              1.000 
INFO |      167.000 ¦      167              180         23              1.000 
INFO |      168.000 ¦      168              181         23              1.000 
INFO |      169.000 ¦      169              182         23              1.000 
INFO |      170.000 ¦      170              183         23              1.000 
INFO |      171.000 ¦      171              184         23              1.000 
INFO |      172.000 ¦      172              185         23              1.000 
INFO |      173.000 ¦      173              186         23              1.000 
INFO |      174.000 ¦      174              187         23              1.000 
INFO |      175.000 ¦      175              188         23              1.000 
INFO |      176.000 ¦      176              189         23              1.000 
INFO |      177.000 ¦      177              190         23              1.000 
INFO |      178.000 ¦      178              191         23              1.000 
INFO |      179.000 ¦      179              192         23              1.000 
INFO |      180.000 ¦      180              193         23              1.000 
INFO |      181.000 ¦      181              194         23              1.000 
INFO |      182.000 ¦      182              195         23              1.000 
INFO |      183.000 ¦      183              196         23              1.000 
INFO |      184.000 ¦      184              197         23              1.000 
INFO |      185.000 ¦      185              198         23              1.000 
INFO |      186.000 ¦      186              199         23              1.000 
INFO |      187.000 ¦      187              200         23              1.000 
INFO |      188.000 ¦      188              201         23              1.000 
INFO |      189.000 ¦      189              202         23              1.000 
INFO |      190.000 ¦      190              203         23              1.000 
INFO | Algebraic mode change at t = 191
INFO |      191.000 ¦      191              204         23              1.000 
INFO | calculation of the new starting point of the simulation.
INFO |      191.000 ¦      191              205         23              1.000 
INFO |      192.000 ¦      192              207         23              1.000 
INFO |      193.000 ¦      193              209         23              1.000 
INFO |      194.000 ¦      194              211         23              1.000 
INFO |      195.000 ¦      195              213         23              1.000 
INFO |      196.000 ¦      196              215         23              1.000 
INFO |      197.000 ¦      197              217         23              1.000 
INFO |      198.000 ¦      198              219         23              1.000 
INFO |      199.000 ¦      199              221         23              1.000 
INFO |      200.000 ¦      200              223         23              1.000 
INFO |      201.000 ¦      201              225         23              1.000 
INFO |      202.000 ¦      202              227         23              1.000 
INFO |      203.000 ¦      203              229         23              1.000 
INFO |      204.000 ¦      204              231         23              1.000 
INFO |      205.000 ¦      205              233         23              1.000 
INFO |      206.000 ¦      206              235         23              1.000 
INFO |      207.000 ¦      207              237         23              1.000 
INFO |      208.000 ¦      208              239         23              1.000 
INFO |      209.000 ¦      209              241         23              1.000 
INFO | Algebraic mode (with J recalculation) change at t = 210
INFO |      210.000 ¦      210              243         23              1.000 
INFO | calculation of the new starting point of the simulation.
INFO |      210.000 ¦      210              244         24              1.000 
INFO |      211.000 ¦      211              245         25              1.000 
INFO |      212.000 ¦      212              246         25              1.000 
INFO |      213.000 ¦      213              247         25              1.000 
INFO |      214.000 ¦      214              248         25              1.000 
INFO |      215.000 ¦      215              249         25              1.000 
INFO |      216.000 ¦      216              250         25              1.000 
INFO |      217.000 ¦      217              251         25              1.000 
INFO |      218.000 ¦      218              252         25              1.000 
INFO |      219.000 ¦      219              253         25              1.000 
INFO | Algebraic mode (with J recalculation) change at t = 220
INFO |      220.000 ¦      220              254         25              1.000 
INFO | calculation of the new starting point of the simulation.
INFO |      220.000 ¦      220              255         26              1.000 
INFO |      221.000 ¦      221              256         27              1.000 
INFO |      222.000 ¦      222              257         27              1.000 
INFO |      223.000 ¦      223              258         27              1.000 
INFO |      224.000 ¦      224              259         27              1.000 
INFO |      225.000 ¦      225              260         27              1.000 
INFO |      226.000 ¦      226              261         27              1.000 
INFO |      227.000 ¦      227              262         27              1.000 
INFO |      228.000 ¦      228              263         27              1.000 
INFO |      229.000 ¦      229              264         27              1.000 
INFO |      230.000 ¦      230              265         27              1.000 
INFO |      231.000 ¦      231              266         27              1.000 
INFO |      232.000 ¦      232              267         27              1.000 
INFO |      233.000 ¦      233              268         27              1.000 
INFO |      234.000 ¦      234              269         27              1.000 
INFO |      235.000 ¦      235              270         27              1.000 
INFO |      236.000 ¦      236              271         27              1.000 
INFO |      237.000 ¦      237              272         27              1.000 
INFO |      238.000 ¦      238              273         27              1.000 
INFO |      239.000 ¦      239              274         27              1.000 
INFO |      240.000 ¦      240              275         27              1.000 
INFO |      241.000 ¦      241              276         27              1.000 
INFO |      242.000 ¦      242              277         27              1.000 
INFO |      243.000 ¦      243              278         27              1.000 
INFO |      244.000 ¦      244              279         27              1.000 
INFO |      245.000 ¦      245              280         27              1.000 
INFO |      246.000 ¦      246              281         27              1.000 
INFO |      247.000 ¦      247              282         27              1.000 
INFO |      248.000 ¦      248              283         27              1.000 
INFO |      249.000 ¦      249              284         27              1.000 
INFO | state of Switch VL2_Load2_switch change from 2 to 1
INFO | switch Off bus : calculatedBus_VL2_5
INFO | Algebraic mode (with J recalculation) change at t = 250
INFO |      250.000 ¦      250              285         27              1.000 
INFO | calculation of the new starting point of the simulation.
INFO |      250.000 ¦      250              287         29              1.000 
INFO |      251.000 ¦      251              288         30              1.000 
INFO |      252.000 ¦      252              289         30              1.000 
INFO |      253.000 ¦      253              290         30              1.000 
INFO |      254.000 ¦      254              291         30              1.000 
INFO |      255.000 ¦      255              292         30              1.000 
INFO |      256.000 ¦      256              293         30              1.000 
INFO |      257.000 ¦      257              294         30              1.000 
INFO |      258.000 ¦      258              295         30              1.000 
INFO |      259.000 ¦      259              296         30              1.000 
INFO | state of Switch VL2_Load2_switch change from 1 to 2
INFO | switch ON bus : calculatedBus_VL2_5
INFO | Algebraic mode (with J recalculation) change at t = 260
INFO |      260.000 ¦      260              297         30              1.000 
INFO | calculation of the new starting point of the simulation.
INFO |      260.000 ¦      260              299         32              1.000 
INFO |      261.000 ¦      261              300         33              1.000 
INFO |      262.000 ¦      262              301         33              1.000 
INFO |      263.000 ¦      263              302         33              1.000 
INFO |      264.000 ¦      264              303         33              1.000 
INFO |      265.000 ¦      265              304         33              1.000 
INFO |      266.000 ¦      266              305         33              1.000 
INFO |      267.000 ¦      267              306         33              1.000 
INFO |      268.000 ¦      268              307         33              1.000 
INFO |      269.000 ¦      269              308         33              1.000 
INFO |      270.000 ¦      270              309         33              1.000 
INFO |      271.000 ¦      271              310         33              1.000 
INFO |      272.000 ¦      272              311         33              1.000 
INFO |      273.000 ¦      273              312         33              1.000 
INFO |      274.000 ¦      274              313         33              1.000 
INFO |      275.000 ¦      275              314         33              1.000 
INFO |      276.000 ¦      276              315         33              1.000 
INFO |      277.000 ¦      277              316         33              1.000 
INFO |      278.000 ¦      278              317         33              1.000 
INFO |      279.000 ¦      279              318         33              1.000 
INFO |      280.000 ¦      280              319         33              1.000 
INFO |      281.000 ¦      281              320         33              1.000 
INFO |      282.000 ¦      282              321         33              1.000 
INFO |      283.000 ¦      283              322         33              1.000 
INFO |      284.000 ¦      284              323         33              1.000 
INFO |      285.000 ¦      285              324         33              1.000 
INFO |      286.000 ¦      286              325         33              1.000 
INFO |      287.000 ¦      287              326         33              1.000 
INFO |      288.000 ¦      288              327         33              1.000 
INFO |      289.000 ¦      289              328         33              1.000 
INFO |      290.000 ¦      290              329         33              1.000 
INFO |      291.000 ¦      291              330         33              1.000 
INFO |      292.000 ¦      292              331         33              1.000 
INFO |      293.000 ¦      293              332         33              1.000 
INFO |      294.000 ¦      294              333         33              1.000 
INFO |      295.000 ¦      295              334         33              1.000 
INFO |      296.000 ¦      296              335         33              1.000 
INFO |      297.000 ¦      297              336         33              1.000 
INFO |      298.000 ¦      298              337         33              1.000 
INFO |      299.000 ¦      299              338         33              1.000 
INFO |      300.000 ¦      300              339         33              1.000 
INFO |      301.000 ¦      301              340         33              1.000 
INFO |      302.000 ¦      302              341         33              1.000 
INFO |      303.000 ¦      303              342         33              1.000 
INFO |      304.000 ¦      304              343         33              1.000 
INFO |      305.000 ¦      305              344         33              1.000 
INFO |      306.000 ¦      306              345         33              1.000 
INFO |      307.000 ¦      307              346         33              1.000 
INFO |      308.000 ¦      308              347         33              1.000 
INFO |      309.000 ¦      309              348         33              1.000 
INFO | Algebraic mode (with J recalculation) change at t = 310
INFO |      310.000 ¦      310              349         33              1.000 
INFO | calculation of the new starting point of the simulation.
INFO |      310.000 ¦      310              350         34              1.000 
INFO |      311.000 ¦      311              351         35              1.000 
INFO |      312.000 ¦      312              352         35              1.000 
INFO |      313.000 ¦      313              353         35              1.000 
INFO |      314.000 ¦      314              354         35              1.000 
INFO |      315.000 ¦      315              355         35              1.000 
INFO |      316.000 ¦      316              356         35              1.000 
INFO |      317.000 ¦      317              357         35              1.000 
INFO |      318.000 ¦      318              358         35              1.000 
INFO |      319.000 ¦      319              359         35              1.000 
INFO | Algebraic mode (with J recalculation) change at t = 320
INFO |      320.000 ¦      320              360         35              1.000 
INFO | calculation of the new starting point of the simulation.
INFO |      320.000 ¦      320              361         36              1.000 
INFO |      321.000 ¦      321              362         37              1.000 
INFO |      322.000 ¦      322              363         37              1.000 
INFO |      323.000 ¦      323              364         37              1.000 
INFO |      324.000 ¦      324              365         37              1.000 
INFO |      325.000 ¦      325              366         37              1.000 
INFO |      326.000 ¦      326              367         37              1.000 
INFO |      327.000 ¦      327              368         37              1.000 
INFO |      328.000 ¦      328              369         37              1.000 
INFO |      329.000 ¦      329              370         37              1.000 
INFO |      330.000 ¦      330              371         37              1.000 
INFO |      331.000 ¦      331              372         37              1.000 
INFO |      332.000 ¦      332              373         37              1.000 
INFO |      333.000 ¦      333              374         37              1.000 
INFO |      334.000 ¦      334              375         37              1.000 
INFO |      335.000 ¦      335              376         37              1.000 
INFO |      336.000 ¦      336              377         37              1.000 
INFO |      337.000 ¦      337              378         37              1.000 
INFO |      338.000 ¦      338              379         37              1.000 
INFO |      339.000 ¦      339              380         37              1.000 
INFO |      340.000 ¦      340              381         37              1.000 
INFO |      341.000 ¦      341              382         37              1.000 
INFO |      342.000 ¦      342              383         37              1.000 
INFO |      343.000 ¦      343              384         37              1.000 
INFO |      344.000 ¦      344              385         37              1.000 
INFO |      345.000 ¦      345              386         37              1.000 
INFO |      346.000 ¦      346              387         37              1.000 
INFO |      347.000 ¦      347              388         37              1.000 
INFO |      348.000 ¦      348              389         37              1.000 
INFO |      349.000 ¦      349              390         37              1.000 
INFO | state of Switch VL2_Load3_switch change from 2 to 1
INFO | switch Off bus : calculatedBus_VL2_6
INFO | Algebraic mode (with J recalculation) change at t = 350
INFO |      350.000 ¦      350              391         37              1.000 
INFO | calculation of the new starting point of the simulation.
INFO |      350.000 ¦      350              393         39              1.000 
INFO |      351.000 ¦      351              394         40              1.000 
INFO |      352.000 ¦      352              395         40              1.000 
INFO |      353.000 ¦      353              396         40              1.000 
INFO |      354.000 ¦      354              397         40              1.000 
INFO |      355.000 ¦      355              398         40              1.000 
INFO |      356.000 ¦      356              399         40              1.000 
INFO |      357.000 ¦      357              400         40              1.000 
INFO |      358.000 ¦      358              401         40              1.000 
INFO |      359.000 ¦      359              402         40              1.000 
INFO | state of Switch VL2_Load3_switch change from 1 to 2
INFO | switch ON bus : calculatedBus_VL2_6
INFO | Algebraic mode (with J recalculation) change at t = 360
INFO |      360.000 ¦      360              403         40              1.000 
INFO | calculation of the new starting point of the simulation.
INFO |      360.000 ¦      360              405         42              1.000 
INFO |      361.000 ¦      361              406         43              1.000 
INFO |      362.000 ¦      362              407         43              1.000 
INFO |      363.000 ¦      363              408         43              1.000 
INFO |      364.000 ¦      364              409         43              1.000 
INFO |      365.000 ¦      365              410         43              1.000 
INFO |      366.000 ¦      366              411         43              1.000 
INFO |      367.000 ¦      367              412         43              1.000 
INFO |      368.000 ¦      368              413         43              1.000 
INFO |      369.000 ¦      369              414         43              1.000 
INFO |      370.000 ¦      370              415         43              1.000 
INFO |      371.000 ¦      371              416         43              1.000 
INFO |      372.000 ¦      372              417         43              1.000 
INFO |      373.000 ¦      373              418         43              1.000 
INFO |      374.000 ¦      374              419         43              1.000 
INFO |      375.000 ¦      375              420         43              1.000 
INFO |      376.000 ¦      376              421         43              1.000 
INFO |      377.000 ¦      377              422         43              1.000 
INFO |      378.000 ¦      378              423         43              1.000 
INFO |      379.000 ¦      379              424         43              1.000 
INFO |      380.000 ¦      380              425         43              1.000 
INFO |      381.000 ¦      381              426         43              1.000 
INFO |      382.000 ¦      382              427         43              1.000 
INFO |      383.000 ¦      383              428         43              1.000 
INFO |      384.000 ¦      384              429         43              1.000 
INFO |      385.000 ¦      385              430         43              1.000 
INFO |      386.000 ¦      386              431         43              1.000 
INFO |      387.000 ¦      387              432         43              1.000 
INFO |      388.000 ¦      388              433         43              1.000 
INFO |      389.000 ¦      389              434         43              1.000 
INFO |      390.000 ¦      390              435         43              1.000 
INFO |      391.000 ¦      391              436         43              1.000 
INFO |      392.000 ¦      392              437         43              1.000 
INFO |      393.000 ¦      393              438         43              1.000 
INFO |      394.000 ¦      394              439         43              1.000 
INFO |      395.000 ¦      395              440         43              1.000 
INFO |      396.000 ¦      396              441         43              1.000 
INFO |      397.000 ¦      397              442         43              1.000 
INFO |      398.000 ¦      398              443         43              1.000 
INFO |      399.000 ¦      399              444         43              1.000 
INFO |      400.000 ¦      400              445         43              1.000 
INFO |      401.000 ¦      401              446         43              1.000 
INFO |      402.000 ¦      402              447         43              1.000 
INFO |      403.000 ¦      403              448         43              1.000 
INFO |      404.000 ¦      404              449         43              1.000 
INFO |      405.000 ¦      405              450         43              1.000 
INFO |      406.000 ¦      406              451         43              1.000 
INFO |      407.000 ¦      407              452         43              1.000 
INFO |      408.000 ¦      408              453         43              1.000 
INFO |      409.000 ¦      409              454         43              1.000 
INFO | Algebraic mode (with J recalculation) change at t = 410
INFO |      410.000 ¦      410              455         43              1.000 
INFO | calculation of the new starting point of the simulation.
INFO |      410.000 ¦      410              456         44              1.000 
INFO |      411.000 ¦      411              457         45              1.000 
INFO |      412.000 ¦      412              458         45              1.000 
INFO |      413.000 ¦      413              459         45              1.000 
INFO |      414.000 ¦      414              460         45              1.000 
INFO |      415.000 ¦      415              461         45              1.000 
INFO |      416.000 ¦      416              462         45              1.000 
INFO |      417.000 ¦      417              463         45              1.000 
INFO |      418.000 ¦      418              464         45              1.000 
INFO |      419.000 ¦      419              465         45              1.000 
INFO | Algebraic mode (with J recalculation) change at t = 420
INFO |      420.000 ¦      420              466         45              1.000 
INFO | calculation of the new starting point of the simulation.
INFO |      420.000 ¦      420              467         46              1.000 
INFO |      421.000 ¦      421              468         47              1.000 
INFO |      422.000 ¦      422              469         47              1.000 
INFO |      423.000 ¦      423              470         47              1.000 
INFO |      424.000 ¦      424              471         47              1.000 
INFO |      425.000 ¦      425              472         47              1.000 
INFO |      426.000 ¦      426              473         47              1.000 
INFO |      427.000 ¦      427              474         47              1.000 
INFO |      428.000 ¦      428              475         47              1.000 
INFO |      429.000 ¦      429              476         47              1.000 
INFO |      430.000 ¦      430              477         47              1.000 
INFO |      431.000 ¦      431              478         47              1.000 
INFO |      432.000 ¦      432              479         47              1.000 
INFO |      433.000 ¦      433              480         47              1.000 
INFO |      434.000 ¦      434              481         47              1.000 
INFO |      435.000 ¦      435              482         47              1.000 
INFO |      436.000 ¦      436              483         47              1.000 
INFO |      437.000 ¦      437              484         47              1.000 
INFO |      438.000 ¦      438              485         47              1.000 
INFO |      439.000 ¦      439              486         47              1.000 
INFO |      440.000 ¦      440              487         47              1.000 
INFO |      441.000 ¦      441              488         47              1.000 
INFO |      442.000 ¦      442              489         47              1.000 
INFO |      443.000 ¦      443              490         47              1.000 
INFO |      444.000 ¦      444              491         47              1.000 
INFO |      445.000 ¦      445              492         47              1.000 
INFO |      446.000 ¦      446              493         47              1.000 
INFO |      447.000 ¦      447              494         47              1.000 
INFO |      448.000 ¦      448              495         47              1.000 
INFO |      449.000 ¦      449              496         47              1.000 
INFO | state of Switch VL2_Load4_switch change from 2 to 1
INFO | switch Off bus : calculatedBus_VL2_7
INFO | Algebraic mode (with J recalculation) change at t = 450
INFO |      450.000 ¦      450              497         47              1.000 
INFO | calculation of the new starting point of the simulation.
INFO |      450.000 ¦      450              499         49              1.000 
INFO |      451.000 ¦      451              500         50              1.000 
INFO |      452.000 ¦      452              501         50              1.000 
INFO |      453.000 ¦      453              502         50              1.000 
INFO |      454.000 ¦      454              503         50              1.000 
INFO |      455.000 ¦      455              504         50              1.000 
INFO |      456.000 ¦      456              505         50              1.000 
INFO |      457.000 ¦      457              506         50              1.000 
INFO |      458.000 ¦      458              507         50              1.000 
INFO |      459.000 ¦      459              508         50              1.000 
INFO | state of Switch VL2_Load4_switch change from 1 to 2
INFO | switch ON bus : calculatedBus_VL2_7
INFO | Algebraic mode (with J recalculation) change at t = 460
INFO |      460.000 ¦      460              509         50              1.000 
INFO | calculation of the new starting point of the simulation.
INFO |      460.000 ¦      460              511         52              1.000 
INFO |      461.000 ¦      461              512         53              1.000 
INFO |      462.000 ¦      462              513         53              1.000 
INFO |      463.000 ¦      463              514         53              1.000 
INFO |      464.000 ¦      464              515         53              1.000 
INFO |      465.000 ¦      465              516         53              1.000 
INFO |      466.000 ¦      466              517         53              1.000 
INFO |      467.000 ¦      467              518         53              1.000 
INFO |      468.000 ¦      468              519         53              1.000 
INFO |      469.000 ¦      469              520         53              1.000 
INFO |      470.000 ¦      470              521         53              1.000 
INFO |      471.000 ¦      471              522         53              1.000 
INFO |      472.000 ¦      472              523         53              1.000 
INFO |      473.000 ¦      473              524         53              1.000 
INFO |      474.000 ¦      474              525         53              1.000 
INFO |      475.000 ¦      475              526         53              1.000 
INFO |      476.000 ¦      476              527         53              1.000 
INFO |      477.000 ¦      477              528         53              1.000 
INFO |      478.000 ¦      478              529         53              1.000 
INFO |      479.000 ¦      479              530         53              1.000 
INFO |      480.000 ¦      480              531         53              1.000 
INFO |      481.000 ¦      481              532         53              1.000 
INFO |      482.000 ¦      482              533         53              1.000 
INFO |      483.000 ¦      483              534         53              1.000 
INFO |      484.000 ¦      484              535         53              1.000 
INFO |      485.000 ¦      485              536         53              1.000 
INFO |      486.000 ¦      486              537         53              1.000 
INFO |      487.000 ¦      487              538         53              1.000 
INFO |      488.000 ¦      488              539         53              1.000 
INFO |      489.000 ¦      489              540         53              1.000 
INFO |      490.000 ¦      490              541         53              1.000 
INFO |      491.000 ¦      491              542         53              1.000 
INFO |      492.000 ¦      492              543         53              1.000 
INFO |      493.000 ¦      493              544         53              1.000 
INFO |      494.000 ¦      494              545         53              1.000 
INFO |      495.000 ¦      495              546         53              1.000 
INFO |      496.000 ¦      496              547         53              1.000 
INFO |      497.000 ¦      497              548         53              1.000 
INFO |      498.000 ¦      498              549         53              1.000 
INFO |      499.000 ¦      499              550         53              1.000 
INFO |      500.000 ¦      500              551         53              1.000 
INFO |      501.000 ¦      501              552         53              1.000 
INFO |      502.000 ¦      502              553         53              1.000 
INFO |      503.000 ¦      503              554         53              1.000 
INFO |      504.000 ¦      504              555         53              1.000 
INFO |      505.000 ¦      505              556         53              1.000 
INFO |      506.000 ¦      506              557         53              1.000 
INFO |      507.000 ¦      507              558         53              1.000 
INFO |      508.000 ¦      508              559         53              1.000 
INFO |      509.000 ¦      509              560         53              1.000 
INFO | Algebraic mode (with J recalculation) change at t = 510
INFO |      510.000 ¦      510              561         53              1.000 
INFO | calculation of the new starting point of the simulation.
INFO | Algebraic mode change at t = 510
INFO |      510.000 ¦      510              562         55              1.000 
INFO |      511.000 ¦      511              563         56              1.000 
INFO |      512.000 ¦      512              564         56              1.000 
INFO |      513.000 ¦      513              565         56              1.000 
INFO |      514.000 ¦      514              566         56              1.000 
INFO |      515.000 ¦      515              567         56              1.000 
INFO |      516.000 ¦      516              568         56              1.000 
INFO |      517.000 ¦      517              569         56              1.000 
INFO |      518.000 ¦      518              570         56              1.000 
INFO |      519.000 ¦      519              571         56              1.000 
INFO | Algebraic mode (with J recalculation) change at t = 520
INFO |      520.000 ¦      520              572         56              1.000 
INFO | calculation of the new starting point of the simulation.
INFO | Algebraic mode change at t = 520
INFO |      520.000 ¦      520              573         58              1.000 
INFO |      521.000 ¦      521              574         59              1.000 
INFO |      522.000 ¦      522              575         59              1.000 
INFO |      523.000 ¦      523              576         59              1.000 
INFO |      524.000 ¦      524              577         59              1.000 
INFO |      525.000 ¦      525              578         59              1.000 
INFO |      526.000 ¦      526              579         59              1.000 
INFO |      527.000 ¦      527              580         59              1.000 
INFO |      528.000 ¦      528              581         59              1.000 
INFO |      529.000 ¦      529              582         59              1.000 
INFO |      530.000 ¦      530              583         59              1.000 
INFO |      531.000 ¦      531              584         59              1.000 
INFO |      532.000 ¦      532              585         59              1.000 
INFO |      533.000 ¦      533              586         59              1.000 
INFO |      534.000 ¦      534              587         59              1.000 
INFO |      535.000 ¦      535              588         59              1.000 
INFO |      536.000 ¦      536              589         59              1.000 
INFO |      537.000 ¦      537              590         59              1.000 
INFO |      538.000 ¦      538              591         59              1.000 
INFO |      539.000 ¦      539              592         59              1.000 
INFO |      540.000 ¦      540              593         59              1.000 
INFO |      541.000 ¦      541              594         59              1.000 
INFO |      542.000 ¦      542              595         59              1.000 
INFO |      543.000 ¦      543              596         59              1.000 
INFO |      544.000 ¦      544              597         59              1.000 
INFO |      545.000 ¦      545              598         59              1.000 
INFO |      546.000 ¦      546              599         59              1.000 
INFO |      547.000 ¦      547              600         59              1.000 
INFO |      548.000 ¦      548              601         59              1.000 
INFO |      549.000 ¦      549              602         59              1.000 
INFO | state of Switch VL2_Load5_switch change from 2 to 1
INFO | switch Off bus : calculatedBus_VL2_8
INFO | Algebraic mode (with J recalculation) change at t = 550
INFO |      550.000 ¦      550              603         59              1.000 
INFO | calculation of the new starting point of the simulation.
INFO | Algebraic mode change at t = 550
INFO |      550.000 ¦      550              605         63              1.000 
INFO |      551.000 ¦      551              606         64              1.000 
INFO |      552.000 ¦      552              607         64              1.000 
INFO |      553.000 ¦      553              608         64              1.000 
INFO |      554.000 ¦      554              609         64              1.000 
INFO |      555.000 ¦      555              610         64              1.000 
INFO |      556.000 ¦      556              611         64              1.000 
INFO |      557.000 ¦      557              612         64              1.000 
INFO |      558.000 ¦      558              613         64              1.000 
INFO |      559.000 ¦      559              614         64              1.000 
INFO | state of Switch VL2_Load5_switch change from 1 to 2
INFO | switch ON bus : calculatedBus_VL2_8
INFO | Algebraic mode (with J recalculation) change at t = 560
INFO |      560.000 ¦      560              615         64              1.000 
INFO | calculation of the new starting point of the simulation.
INFO | Algebraic mode change at t = 560
INFO |      560.000 ¦      560              617         66              1.000 
INFO |      561.000 ¦      561              618         67              1.000 
INFO |      562.000 ¦      562              619         67              1.000 
INFO |      563.000 ¦      563              620         67              1.000 
INFO |      564.000 ¦      564              621         67              1.000 
INFO |      565.000 ¦      565              622         67              1.000 
INFO |      566.000 ¦      566              623         67              1.000 
INFO |      567.000 ¦      567              624         67              1.000 
INFO |      568.000 ¦      568              625         67              1.000 
INFO |      569.000 ¦      569              626         67              1.000 
INFO |      570.000 ¦      570              627         67              1.000 
INFO |      571.000 ¦      571              628         67              1.000 
INFO |      572.000 ¦      572              629         67              1.000 
INFO |      573.000 ¦      573              630         67              1.000 
INFO |      574.000 ¦      574              631         67              1.000 
INFO |      575.000 ¦      575              632         67              1.000 
INFO |      576.000 ¦      576              633         67              1.000 
INFO |      577.000 ¦      577              634         67              1.000 
INFO |      578.000 ¦      578              635         67              1.000 
INFO |      579.000 ¦      579              636         67              1.000 
INFO |      580.000 ¦      580              637         67              1.000 
INFO |      581.000 ¦      581              638         67              1.000 
INFO |      582.000 ¦      582              639         67              1.000 
INFO |      583.000 ¦      583              640         67              1.000 
INFO |      584.000 ¦      584              641         67              1.000 
INFO |      585.000 ¦      585              642         67              1.000 
INFO |      586.000 ¦      586              643         67              1.000 
INFO |      587.000 ¦      587              644         67              1.000 
INFO |      588.000 ¦      588              645         67              1.000 
INFO |      589.000 ¦      589              646         67              1.000 
INFO |      590.000 ¦      590              647         67              1.000 
INFO |      591.000 ¦      591              648         67              1.000 
INFO |      592.000 ¦      592              649         67              1.000 
INFO |      593.000 ¦      593              650         67              1.000 
INFO |      594.000 ¦      594              651         67              1.000 
INFO |      595.000 ¦      595              652         67              1.000 
INFO |      596.000 ¦      596              653         67              1.000 
INFO |      597.000 ¦      597              654         67              1.000 
INFO |      598.000 ¦      598              655         67              1.000 
INFO |      599.000 ¦      599              656         67              1.000 
INFO |      600.000 ¦      600              657         67              1.000 
INFO |      601.000 ¦      601              658         67              1.000 
INFO |      602.000 ¦      602              659         67              1.000 
INFO |      603.000 ¦      603              660         67              1.000 
INFO |      604.000 ¦      604              661         67              1.000 
INFO |      605.000 ¦      605              662         67              1.000 
INFO |      606.000 ¦      606              663         67              1.000 
INFO |      607.000 ¦      607              664         67              1.000 
INFO |      608.000 ¦      608              665         67              1.000 
INFO |      609.000 ¦      609              666         67              1.000 
INFO | state of Load Load6 change from 2 to 1
INFO | state of Switch VL2_Load6_switch change from 2 to 1
INFO | state of Switch VL2_Load6_switch change from 2 to 1
INFO | switch Off bus : calculatedBus_VL2_9
INFO | Algebraic mode (with J recalculation) change at t = 610
INFO |      610.000 ¦      610              667         67              1.000 
INFO | calculation of the new starting point of the simulation.
INFO |      610.000 ¦      610              669         69              1.000 
INFO |      611.000 ¦      611              670         70              1.000 
INFO |      612.000 ¦      612              671         70              1.000 
INFO |      613.000 ¦      613              672         70              1.000 
INFO |      614.000 ¦      614              673         70              1.000 
INFO |      615.000 ¦      615              674         70              1.000 
INFO |      616.000 ¦      616              675         70              1.000 
INFO |      617.000 ¦      617              676         70              1.000 
INFO |      618.000 ¦      618              677         70              1.000 
INFO |      619.000 ¦      619              678         70              1.000 
INFO | state of Load Load6 change from 1 to 2
INFO | state of Switch VL2_Load6_switch change from 1 to 2
INFO | state of Switch VL2_Load6_switch change from 1 to 2
INFO | switch ON bus : calculatedBus_VL2_9
INFO | Algebraic mode (with J recalculation) change at t = 620
INFO |      620.000 ¦      620              679         70              1.000 
INFO | calculation of the new starting point of the simulation.
INFO |      620.000 ¦      620              681         72              1.000 
INFO |      621.000 ¦      621              682         73              1.000 
INFO |      622.000 ¦      622              683         73              1.000 
INFO |      623.000 ¦      623              684         73              1.000 
INFO |      624.000 ¦      624              685         73              1.000 
INFO |      625.000 ¦      625              686         73              1.000 
INFO |      626.000 ¦      626              687         73              1.000 
INFO |      627.000 ¦      627              688         73              1.000 
INFO |      628.000 ¦      628              689         73              1.000 
INFO |      629.000 ¦      629              690         73              1.000 
INFO |      630.000 ¦      630              691         73              1.000 
INFO |      631.000 ¦      631              692         73              1.000 
INFO |      632.000 ¦      632              693         73              1.000 
INFO |      633.000 ¦      633              694         73              1.000 
INFO |      634.000 ¦      634              695         73              1.000 
INFO |      635.000 ¦      635              696         73              1.000 
INFO |      636.000 ¦      636              697         73              1.000 
INFO |      637.000 ¦      637              698         73              1.000 
INFO |      638.000 ¦      638              699         73              1.000 
INFO |      639.000 ¦      639              700         73              1.000 
INFO |      640.000 ¦      640              701         73              1.000 
INFO |      641.000 ¦      641              702         73              1.000 
INFO |      642.000 ¦      642              703         73              1.000 
INFO |      643.000 ¦      643              704         73              1.000 
INFO |      644.000 ¦      644              705         73              1.000 
INFO |      645.000 ¦      645              706         73              1.000 
INFO |      646.000 ¦      646              707         73              1.000 
INFO |      647.000 ¦      647              708         73              1.000 
INFO |      648.000 ¦      648              709         73              1.000 
INFO |      649.000 ¦      649              710         73              1.000 
INFO | state of Switch VL2_Load6_switch change from 2 to 1
INFO | switch Off bus : calculatedBus_VL2_9
INFO | Algebraic mode (with J recalculation) change at t = 650
INFO |      650.000 ¦      650              711         73              1.000 
INFO | calculation of the new starting point of the simulation.
INFO |      650.000 ¦      650              713         75              1.000 
INFO |      651.000 ¦      651              714         76              1.000 
INFO |      652.000 ¦      652              715         76              1.000 
INFO |      653.000 ¦      653              716         76              1.000 
INFO |      654.000 ¦      654              717         76              1.000 
INFO |      655.000 ¦      655              718         76              1.000 
INFO |      656.000 ¦      656              719         76              1.000 
INFO |      657.000 ¦      657              720         76              1.000 
INFO |      658.000 ¦      658              721         76              1.000 
INFO |      659.000 ¦      659              722         76              1.000 
INFO | state of Switch VL2_Load6_switch change from 1 to 2
INFO | switch ON bus : calculatedBus_VL2_9
INFO | Algebraic mode (with J recalculation) change at t = 660
INFO |      660.000 ¦      660              723         76              1.000 
INFO | calculation of the new starting point of the simulation.
INFO |      660.000 ¦      660              725         78              1.000 
INFO |      661.000 ¦      661              726         79              1.000 
INFO |      662.000 ¦      662              727         79              1.000 
INFO |      663.000 ¦      663              728         79              1.000 
INFO |      664.000 ¦      664              729         79              1.000 
INFO |      665.000 ¦      665              730         79              1.000 
INFO |      666.000 ¦      666              731         79              1.000 
INFO |      667.000 ¦      667              732         79              1.000 
INFO |      668.000 ¦      668              733         79              1.000 
INFO |      669.000 ¦      669              734         79              1.000 
INFO |      670.000 ¦      670              735         79              1.000 
INFO |      671.000 ¦      671              736         79              1.000 
INFO |      672.000 ¦      672              737         79              1.000 
INFO |      673.000 ¦      673              738         79              1.000 
INFO |      674.000 ¦      674              739         79              1.000 
INFO |      675.000 ¦      675              740         79              1.000 
INFO |      676.000 ¦      676              741         79              1.000 
INFO |      677.000 ¦      677              742         79              1.000 
INFO |      678.000 ¦      678              743         79              1.000 
INFO |      679.000 ¦      679              744         79              1.000 
INFO |      680.000 ¦      680              745         79              1.000 
INFO |      681.000 ¦      681              746         79              1.000 
INFO |      682.000 ¦      682              747         79              1.000 
INFO |      683.000 ¦      683              748         79              1.000 
INFO |      684.000 ¦      684              749         79              1.000 
INFO |      685.000 ¦      685              750         79              1.000 
INFO |      686.000 ¦      686              751         79              1.000 
INFO |      687.000 ¦      687              752         79              1.000 
INFO |      688.000 ¦      688              753         79              1.000 
INFO |      689.000 ¦      689              754         79              1.000 
INFO |      690.000 ¦      690              755         79              1.000 
INFO |      691.000 ¦      691              756         79              1.000 
INFO |      692.000 ¦      692              757         79              1.000 
INFO |      693.000 ¦      693              758         79              1.000 
INFO |      694.000 ¦      694              759         79              1.000 
INFO |      695.000 ¦      695              760         79              1.000 
INFO |      696.000 ¦      696              761         79              1.000 
INFO |      697.000 ¦      697              762         79              1.000 
INFO |      698.000 ¦      698              763         79              1.000 
INFO |      699.000 ¦      699              764         79              1.000 
INFO |      700.000 ¦      700              765         79              1.000 
INFO |      701.000 ¦      701              766         79              1.000 
INFO |      702.000 ¦      702              767         79              1.000 
INFO |      703.000 ¦      703              768         79              1.000 
INFO |      704.000 ¦      704              769         79              1.000 
INFO |      705.000 ¦      705              770         79              1.000 
INFO |      706.000 ¦      706              771         79              1.000 
INFO |      707.000 ¦      707              772         79              1.000 
INFO |      708.000 ¦      708              773         79              1.000 
INFO |      709.000 ¦      709              774         79              1.000 
INFO |      710.000 ¦      710              775         79              1.000 
INFO |      711.000 ¦      711              776         79              1.000 
INFO |      712.000 ¦      712              777         79              1.000 
INFO |      713.000 ¦      713              778         79              1.000 
INFO |      714.000 ¦      714              779         79              1.000 
INFO |      715.000 ¦      715              780         79              1.000 
INFO |      716.000 ¦      716              781         79              1.000 
INFO |      717.000 ¦      717              782         79              1.000 
INFO |      718.000 ¦      718              783         79              1.000 
INFO |      719.000 ¦      719              784         79              1.000 
INFO |      720.000 ¦      720              785         79              1.000 
INFO |      721.000 ¦      721              786         79              1.000 
INFO |      722.000 ¦      722              787         79              1.000 
INFO |      723.000 ¦      723              788         79              1.000 
INFO |      724.000 ¦      724              789         79              1.000 
INFO |      725.000 ¦      725              790         79              1.000 
INFO |      726.000 ¦      726              791         79              1.000 
INFO |      727.000 ¦      727              792         79              1.000 
INFO |      728.000 ¦      728              793         79              1.000 
INFO |      729.000 ¦      729              794         79              1.000 
INFO |      730.000 ¦      730              795         79              1.000 
INFO |      731.000 ¦      731              796         79              1.000 
INFO |      732.000 ¦      732              797         79              1.000 
INFO |      733.000 ¦      733              798         79              1.000 
INFO |      734.000 ¦      734              799         79              1.000 
INFO |      735.000 ¦      735              800         79              1.000 
INFO |      736.000 ¦      736              801         79              1.000 
INFO |      737.000 ¦      737              802         79              1.000 
INFO |      738.000 ¦      738              803         79              1.000 
INFO |      739.000 ¦      739              804         79              1.000 
INFO |      740.000 ¦      740              805         79              1.000 
INFO |      741.000 ¦      741              806         79              1.000 
INFO |      742.000 ¦      742              807         79              1.000 
INFO |      743.000 ¦      743              808         79              1.000 
INFO |      744.000 ¦      744              809         79              1.000 
INFO |      745.000 ¦      745              810         79              1.000 
INFO |      746.000 ¦      746              811         79              1.000 
INFO |      747.000 ¦      747              812         79              1.000 
INFO |      748.000 ¦      748              813         79              1.000 
INFO |      749.000 ¦      749              814         79              1.000 
INFO |      750.000 ¦      750              815         79              1.000 
INFO |      751.000 ¦      751              816         79              1.000 
INFO |      752.000 ¦      752              817         79              1.000 
INFO |      753.000 ¦      753              818         79              1.000 
INFO |      754.000 ¦      754              819         79              1.000 
INFO |      755.000 ¦      755              820         79              1.000 
INFO |      756.000 ¦      756              821         79              1.000 
INFO |      757.000 ¦      757              822         79              1.000 
INFO |      758.000 ¦      758              823         79              1.000 
INFO |      759.000 ¦      759              824         79              1.000 
INFO |      760.000 ¦      760              825         79              1.000 
INFO |      761.000 ¦      761              826         79              1.000 
INFO |      762.000 ¦      762              827         79              1.000 
INFO |      763.000 ¦      763              828         79              1.000 
INFO |      764.000 ¦      764              829         79              1.000 
INFO |      765.000 ¦      765              830         79              1.000 
INFO |      766.000 ¦      766              831         79              1.000 
INFO |      767.000 ¦      767              832         79              1.000 
INFO |      768.000 ¦      768              833         79              1.000 
INFO |      769.000 ¦      769              834         79              1.000 
INFO |      770.000 ¦      770              835         79              1.000 
INFO |      771.000 ¦      771              836         79              1.000 
INFO |      772.000 ¦      772              837         79              1.000 
INFO |      773.000 ¦      773              838         79              1.000 
INFO |      774.000 ¦      774              839         79              1.000 
INFO |      775.000 ¦      775              840         79              1.000 
INFO |      776.000 ¦      776              841         79              1.000 
INFO |      777.000 ¦      777              842         79              1.000 
INFO |      778.000 ¦      778              843         79              1.000 
INFO |      779.000 ¦      779              844         79              1.000 
INFO |      780.000 ¦      780              845         79              1.000 
INFO |      781.000 ¦      781              846         79              1.000 
INFO |      782.000 ¦      782              847         79              1.000 
INFO |      783.000 ¦      783              848         79              1.000 
INFO |      784.000 ¦      784              849         79              1.000 
INFO |      785.000 ¦      785              850         79              1.000 
INFO |      786.000 ¦      786              851         79              1.000 
INFO |      787.000 ¦      787              852         79              1.000 
INFO |      788.000 ¦      788              853         79              1.000 
INFO |      789.000 ¦      789              854         79              1.000 
INFO |      790.000 ¦      790              855         79              1.000 
INFO |      791.000 ¦      791              856         79              1.000 
INFO |      792.000 ¦      792              857         79              1.000 
INFO |      793.000 ¦      793              858         79              1.000 
INFO |      794.000 ¦      794              859         79              1.000 
INFO |      795.000 ¦      795              860         79              1.000 
INFO |      796.000 ¦      796              861         79              1.000 
INFO |      797.000 ¦      797              862         79              1.000 
INFO |      798.000 ¦      798              863         79              1.000 
INFO |      799.000 ¦      799              864         79              1.000 
INFO |      800.000 ¦      800              865         79              1.000 
INFO |      801.000 ¦      801              866         79              1.000 
INFO |      802.000 ¦      802              867         79              1.000 
INFO |      803.000 ¦      803              868         79              1.000 
INFO |      804.000 ¦      804              869         79              1.000 
INFO |      805.000 ¦      805              870         79              1.000 
INFO |      806.000 ¦      806              871         79              1.000 
INFO |      807.000 ¦      807              872         79              1.000 
INFO |      808.000 ¦      808              873         79              1.000 
INFO |      809.000 ¦      809              874         79              1.000 
INFO |      810.000 ¦      810              875         79              1.000 
INFO |      811.000 ¦      811              876         79              1.000 
INFO |      812.000 ¦      812              877         79              1.000 
INFO |      813.000 ¦      813              878         79              1.000 
INFO |      814.000 ¦      814              879         79              1.000 
INFO |      815.000 ¦      815              880         79              1.000 
INFO |      816.000 ¦      816              881         79              1.000 
INFO |      817.000 ¦      817              882         79              1.000 
INFO |      818.000 ¦      818              883         79              1.000 
INFO |      819.000 ¦      819              884         79              1.000 
INFO |      820.000 ¦      820              885         79              1.000 
INFO |      821.000 ¦      821              886         79              1.000 
INFO |      822.000 ¦      822              887         79              1.000 
INFO |      823.000 ¦      823              888         79              1.000 
INFO |      824.000 ¦      824              889         79              1.000 
INFO |      825.000 ¦      825              890         79              1.000 
INFO |      826.000 ¦      826              891         79              1.000 
INFO |      827.000 ¦      827              892         79              1.000 
INFO |      828.000 ¦      828              893         79              1.000 
INFO |      829.000 ¦      829              894         79              1.000 
INFO |      830.000 ¦      830              895         79              1.000 
INFO |      831.000 ¦      831              896         79              1.000 
INFO |      832.000 ¦      832              897         79              1.000 
INFO |      833.000 ¦      833              898         79              1.000 
INFO |      834.000 ¦      834              899         79              1.000 
INFO |      835.000 ¦      835              900         79              1.000 
INFO |      836.000 ¦      836              901         79              1.000 
INFO |      837.000 ¦      837              902         79              1.000 
INFO |      838.000 ¦      838              903         79              1.000 
INFO |      839.000 ¦      839              904         79              1.000 
INFO |      840.000 ¦      840              905         79              1.000 
INFO |      841.000 ¦      841              906         79              1.000 
INFO |      842.000 ¦      842              907         79              1.000 
INFO |      843.000 ¦      843              908         79              1.000 
INFO |      844.000 ¦      844              909         79              1.000 
INFO |      845.000 ¦      845              910         79              1.000 
INFO |      846.000 ¦      846              911         79              1.000 
INFO |      847.000 ¦      847              912         79              1.000 
INFO |      848.000 ¦      848              913         79              1.000 
INFO |      849.000 ¦      849              914         79              1.000 
INFO |      850.000 ¦      850              915         79              1.000 
INFO |      851.000 ¦      851              916         79              1.000 
INFO |      852.000 ¦      852              917         79              1.000 
INFO |      853.000 ¦      853              918         79              1.000 
INFO |      854.000 ¦      854              919         79              1.000 
INFO |      855.000 ¦      855              920         79              1.000 
INFO |      856.000 ¦      856              921         79              1.000 
INFO |      857.000 ¦      857              922         79              1.000 
INFO |      858.000 ¦      858              923         79              1.000 
INFO |      859.000 ¦      859              924         79              1.000 
INFO |      860.000 ¦      860              925         79              1.000 
INFO |      861.000 ¦      861              926         79              1.000 
INFO |      862.000 ¦      862              927         79              1.000 
INFO |      863.000 ¦      863              928         79              1.000 
INFO |      864.000 ¦      864              929         79              1.000 
INFO |      865.000 ¦      865              930         79              1.000 
INFO |      866.000 ¦      866              931         79              1.000 
INFO |      867.000 ¦      867              932         79              1.000 
INFO |      868.000 ¦      868              933         79              1.000 
INFO |      869.000 ¦      869              934         79              1.000 
INFO |      870.000 ¦      870              935         79              1.000 
INFO |      871.000 ¦      871              936         79              1.000 
INFO |      872.000 ¦      872              937         79              1.000 
INFO |      873.000 ¦      873              938         79              1.000 
INFO |      874.000 ¦      874              939         79              1.000 
INFO |      875.000 ¦      875              940         79              1.000 
INFO |      876.000 ¦      876              941         79              1.000 
INFO |      877.000 ¦      877              942         79              1.000 
INFO |      878.000 ¦      878              943         79              1.000 
INFO |      879.000 ¦      879              944         79              1.000 
INFO |      880.000 ¦      880              945         79              1.000 
INFO |      881.000 ¦      881              946         79              1.000 
INFO |      882.000 ¦      882              947         79              1.000 
INFO |      883.000 ¦      883              948         79              1.000 
INFO |      884.000 ¦      884              949         79              1.000 
INFO |      885.000 ¦      885              950         79              1.000 
INFO |      886.000 ¦      886              951         79              1.000 
INFO |      887.000 ¦      887              952         79              1.000 
INFO |      888.000 ¦      888              953         79              1.000 
INFO |      889.000 ¦      889              954         79              1.000 
INFO |      890.000 ¦      890              955         79              1.000 
INFO |      891.000 ¦      891              956         79              1.000 
INFO |      892.000 ¦      892              957         79              1.000 
INFO |      893.000 ¦      893              958         79              1.000 
INFO |      894.000 ¦      894              959         79              1.000 
INFO |      895.000 ¦      895              960         79              1.000 
INFO |      896.000 ¦      896              961         79              1.000 
INFO |      897.000 ¦      897              962         79              1.000 
INFO |      898.000 ¦      898              963         79              1.000 
INFO |      899.000 ¦      899              964         79              1.000 
INFO |      900.000 ¦      900              965         79              1.000 
INFO |      901.000 ¦      901              966         79              1.000 
INFO |      902.000 ¦      902              967         79              1.000 
INFO |      903.000 ¦      903              968         79              1.000 
INFO |      904.000 ¦      904              969         79              1.000 
INFO |      905.000 ¦      905              970         79              1.000 
INFO |      906.000 ¦      906              971         79              1.000 
INFO |      907.000 ¦      907              972         79              1.000 
INFO |      908.000 ¦      908              973         79              1.000 
INFO |      909.000 ¦      909              974         79              1.000 
INFO |      910.000 ¦      910              975         79              1.000 
INFO |      911.000 ¦      911              976         79              1.000 
INFO |      912.000 ¦      912              977         79              1.000 
INFO |      913.000 ¦      913              978         79              1.000 
INFO |      914.000 ¦      914              979         79              1.000 
INFO |      915.000 ¦      915              980         79              1.000 
INFO |      916.000 ¦      916              981         79              1.000 
INFO |      917.000 ¦      917              982         79              1.000 
INFO |      918.000 ¦      918              983         79              1.000 
INFO |      919.000 ¦      919              984         79              1.000 
INFO |      920.000 ¦      920              985         79              1.000 
INFO |      921.000 ¦      921              986         79              1.000 
INFO |      922.000 ¦      922              987         79              1.000 
INFO |      923.000 ¦      923              988         79              1.000 
INFO |      924.000 ¦      924              989         79              1.000 
INFO |      925.000 ¦      925              990         79              1.000 
INFO |      926.000 ¦      926              991         79              1.000 
INFO |      927.000 ¦      927              992         79              1.000 
INFO |      928.000 ¦      928              993         79              1.000 
INFO |      929.000 ¦      929              994         79              1.000 
INFO |      930.000 ¦      930              995         79              1.000 
INFO |      931.000 ¦      931              996         79              1.000 
INFO |      932.000 ¦      932              997         79              1.000 
INFO |      933.000 ¦      933              998         79              1.000 
INFO |      934.000 ¦      934              999         79              1.000 
INFO |      935.000 ¦      935             1000         79              1.000 
INFO |      936.000 ¦      936             1001         79              1.000 
INFO |      937.000 ¦      937             1002         79              1.000 
INFO |      938.000 ¦      938             1003         79              1.000 
INFO |      939.000 ¦      939             1004         79              1.000 
INFO |      940.000 ¦      940             1005         79              1.000 
INFO |      941.000 ¦      941             1006         79              1.000 
INFO |      942.000 ¦      942             1007         79              1.000 
INFO |      943.000 ¦      943             1008         79              1.000 
INFO |      944.000 ¦      944             1009         79              1.000 
INFO |      945.000 ¦      945             1010         79              1.000 
INFO |      946.000 ¦      946             1011         79              1.000 
INFO |      947.000 ¦      947             1012         79              1.000 
INFO |      948.000 ¦      948             1013         79              1.000 
INFO |      949.000 ¦      949             1014         79              1.000 
INFO |      950.000 ¦      950             1015         79              1.000 
INFO |      951.000 ¦      951             1016         79              1.000 
INFO |      952.000 ¦      952             1017         79              1.000 
INFO |      953.000 ¦      953             1018         79              1.000 
INFO |      954.000 ¦      954             1019         79              1.000 
INFO |      955.000 ¦      955             1020         79              1.000 
INFO |      956.000 ¦      956             1021         79              1.000 
INFO |      957.000 ¦      957             1022         79              1.000 
INFO |      958.000 ¦      958             1023         79              1.000 
INFO |      959.000 ¦      959             1024         79              1.000 
INFO |      960.000 ¦      960             1025         79              1.000 
INFO |      961.000 ¦      961             1026         79              1.000 
INFO |      962.000 ¦      962             1027         79              1.000 
INFO |      963.000 ¦      963             1028         79              1.000 
INFO |      964.000 ¦      964             1029         79              1.000 
INFO |      965.000 ¦      965             1030         79              1.000 
INFO |      966.000 ¦      966             1031         79              1.000 
INFO |      967.000 ¦      967             1032         79              1.000 
INFO |      968.000 ¦      968             1032         79              1.000 
INFO |      969.000 ¦      969             1032         79              1.000 
INFO |      970.000 ¦      970             1032         79              1.000 
INFO |      971.000 ¦      971             1032         79              1.000 
INFO |      972.000 ¦      972             1032         79              1.000 
INFO |      973.000 ¦      973             1032         79              1.000 
INFO |      974.000 ¦      974             1032         79              1.000 
INFO |      975.000 ¦      975             1032         79              1.000 
INFO |      976.000 ¦      976             1032         79              1.000 
INFO |      977.000 ¦      977             1032         79              1.000 
INFO |      978.000 ¦      978             1032         79              1.000 
INFO |      979.000 ¦      979             1032         79              1.000 
INFO |      980.000 ¦      980             1032         79              1.000 
INFO |      981.000 ¦      981             1032         79              1.000 
INFO |      982.000 ¦      982             1032         79              1.000 
INFO |      983.000 ¦      983             1032         79              1.000 
INFO |      984.000 ¦      984             1032         79              1.000 
INFO |      985.000 ¦      985             1032         79              1.000 
INFO |      986.000 ¦      986             1032         79              1.000 
INFO |      987.000 ¦      987             1032         79              1.000 
INFO |      988.000 ¦      988             1032         79              1.000 
INFO |      989.000 ¦      989             1032         79              1.000 
INFO |      990.000 ¦      990             1032         79              1.000 
INFO |      991.000 ¦      991             1032         79              1.000 
INFO |      992.000 ¦      992             1032         79              1.000 
INFO |      993.000 ¦      993             1032         79              1.000 
INFO |      994.000 ¦      994             1032         79              1.000 
INFO |      995.000 ¦      995             1032         79              1.000 
INFO |      996.000 ¦      996             1032         79              1.000 
INFO |      997.000 ¦      997             1032         79              1.000 
INFO |      998.000 ¦      998             1032         79              1.000 
INFO |      999.000 ¦      999             1032         79              1.000 
INFO |     1000.000 ¦     1000             1032         79              1.000 
INFO | 
INFO | execution statistics :
INFO | 
INFO | number of time iterations                                  = 1000
INFO | number of residual evaluations                             = 1987
INFO | number of Jacobian evaluations                             = 29
INFO | number of nonlinear iterations                             = 986
INFO | number of error test failures                              = 0
INFO | number of nonlinear convergence failures                   = 0
INFO | number of solver root functions evaluations                = 0
INFO | number of internal root functions evaluations              = 1123
INFO | number of discrete variables evaluations                   = 145
INFO | number of mode evaluations                                 = 51
INFO | number of differential mode                                = 0
INFO | number of algebraic mode                                   = 0
INFO | number of algebraic J update mode                          = 0
INFO | number of algebraic restoration residual evaluations       = 80
INFO | number of algebraic restoration Jacobian evaluations       = 50
INFO | number of algebraic prim restoration residual evaluations  = 0
INFO | number of algebraic prim restoration Jacobian evaluations  = 0
INFO | end of job 'Disconnect load test'
