2019-11-08 15:19:18 | DEBUG |  ============================================================ 
2019-11-08 15:19:18 | DEBUG | DYNAWO VERSION  :     1.0.1
2019-11-08 15:19:18 | DEBUG | DYNAWO REVISION :  504_dynawo_precision-570368c
2019-11-08 15:19:18 | DEBUG |  ============================================================ 
2019-11-08 15:19:18 | DEBUG | connecting DISCONNECT_LINE_event_state1_value with NETWORK__BUS____9-BUS___10-1_AC_state_value
2019-11-08 15:19:18 | DEBUG | connecting OMEGA_REF_omega_grp_0 with GEN____1_SM_generator_omegaPu
2019-11-08 15:19:18 | DEBUG | connecting OMEGA_REF_omegaRef_grp_0 with GEN____1_SM_generator_omegaRefPu
2019-11-08 15:19:18 | DEBUG | connecting OMEGA_REF_running_grp_0 with GEN____1_SM_generator_running
2019-11-08 15:19:18 | DEBUG | connecting GEN____1_SM_generator_switchOffSignal1 with NETWORK__BUS____1_TN_switchOff
2019-11-08 15:19:18 | DEBUG | connecting GEN____1_SM_generator_terminal with NETWORK__BUS____1_TN_ACPIN
2019-11-08 15:19:18 | DEBUG | connecting OMEGA_REF_omega_grp_1 with GEN____2_SM_generator_omegaPu
2019-11-08 15:19:18 | DEBUG | connecting OMEGA_REF_omegaRef_grp_1 with GEN____2_SM_generator_omegaRefPu
2019-11-08 15:19:18 | DEBUG | connecting OMEGA_REF_running_grp_1 with GEN____2_SM_generator_running
2019-11-08 15:19:18 | DEBUG | connecting GEN____2_SM_generator_switchOffSignal1 with NETWORK__BUS____2_TN_switchOff
2019-11-08 15:19:18 | DEBUG | connecting GEN____2_SM_generator_terminal with NETWORK__BUS____2_TN_ACPIN
2019-11-08 15:19:18 | DEBUG | connecting OMEGA_REF_omega_grp_2 with GEN____3_SM_generator_omegaPu
2019-11-08 15:19:18 | DEBUG | connecting OMEGA_REF_omegaRef_grp_2 with GEN____3_SM_generator_omegaRefPu
2019-11-08 15:19:18 | DEBUG | connecting OMEGA_REF_running_grp_2 with GEN____3_SM_generator_running
2019-11-08 15:19:18 | DEBUG | connecting GEN____3_SM_generator_switchOffSignal1 with NETWORK__BUS____3_TN_switchOff
2019-11-08 15:19:18 | DEBUG | connecting GEN____3_SM_generator_terminal with NETWORK__BUS____3_TN_ACPIN
2019-11-08 15:19:18 | DEBUG | connecting OMEGA_REF_omega_grp_3 with GEN____6_SM_generator_omegaPu
2019-11-08 15:19:18 | DEBUG | connecting OMEGA_REF_omegaRef_grp_3 with GEN____6_SM_generator_omegaRefPu
2019-11-08 15:19:18 | DEBUG | connecting OMEGA_REF_running_grp_3 with GEN____6_SM_generator_running
2019-11-08 15:19:18 | DEBUG | connecting GEN____6_SM_generator_switchOffSignal1 with NETWORK__BUS____6_TN_switchOff
2019-11-08 15:19:18 | DEBUG | connecting GEN____6_SM_generator_terminal with NETWORK__BUS____6_TN_ACPIN
2019-11-08 15:19:18 | DEBUG | connecting OMEGA_REF_omega_grp_4 with GEN____8_SM_generator_omegaPu
2019-11-08 15:19:18 | DEBUG | connecting OMEGA_REF_omegaRef_grp_4 with GEN____8_SM_generator_omegaRefPu
2019-11-08 15:19:18 | DEBUG | connecting OMEGA_REF_running_grp_4 with GEN____8_SM_generator_running
2019-11-08 15:19:18 | DEBUG | connecting GEN____8_SM_generator_switchOffSignal1 with NETWORK__BUS____8_TN_switchOff
2019-11-08 15:19:18 | DEBUG | connecting GEN____8_SM_generator_terminal with NETWORK__BUS____8_TN_ACPIN
2019-11-08 15:19:18 | DEBUG | connecting OMEGA_REF_numcc_node_0 with NETWORK__BUS____1_TN_numcc
2019-11-08 15:19:18 | DEBUG | connecting OMEGA_REF_numcc_node_1 with NETWORK__BUS____2_TN_numcc
2019-11-08 15:19:18 | DEBUG | connecting OMEGA_REF_numcc_node_2 with NETWORK__BUS____3_TN_numcc
2019-11-08 15:19:18 | DEBUG | connecting OMEGA_REF_numcc_node_3 with NETWORK__BUS____6_TN_numcc
2019-11-08 15:19:18 | DEBUG | connecting OMEGA_REF_numcc_node_4 with NETWORK__BUS____8_TN_numcc
2019-11-08 15:19:18 | DEBUG | connecting _LOAD__10_EC_load_terminal with NETWORK__BUS___10_TN_ACPIN
2019-11-08 15:19:18 | DEBUG | connecting _LOAD__11_EC_load_terminal with NETWORK__BUS___11_TN_ACPIN
2019-11-08 15:19:18 | DEBUG | connecting _LOAD__12_EC_load_terminal with NETWORK__BUS___12_TN_ACPIN
2019-11-08 15:19:18 | DEBUG | connecting _LOAD__13_EC_load_terminal with NETWORK__BUS___13_TN_ACPIN
2019-11-08 15:19:18 | DEBUG | connecting _LOAD__14_EC_load_terminal with NETWORK__BUS___14_TN_ACPIN
2019-11-08 15:19:18 | DEBUG | connecting _LOAD___2_EC_load_terminal with NETWORK__BUS____2_TN_ACPIN
2019-11-08 15:19:18 | DEBUG | connecting _LOAD___3_EC_load_terminal with NETWORK__BUS____3_TN_ACPIN
2019-11-08 15:19:18 | DEBUG | connecting _LOAD___4_EC_load_terminal with NETWORK__BUS____4_TN_ACPIN
2019-11-08 15:19:18 | DEBUG | connecting PhaseShifter_phaseShifter_AutomatonExists with NETWORK__BUS____5-BUS____6-1_PS_disable_internal_tapChanger
2019-11-08 15:19:18 | DEBUG | connecting PhaseShifter_phaseShifter_iMonitored with NETWORK__BUS____5-BUS____6-1_PS_i1
2019-11-08 15:19:18 | DEBUG | connecting PhaseShifter_phaseShifter_tap with NETWORK__BUS____5-BUS____6-1_PS_step
2019-11-08 15:19:18 | DEBUG | connecting _LOAD___5_EC_load_terminal with NETWORK__BUS____5_TN_ACPIN
2019-11-08 15:19:18 | DEBUG | connecting _LOAD___6_EC_load_terminal with NETWORK__BUS____6_TN_ACPIN
2019-11-08 15:19:18 | DEBUG | connecting _LOAD___9_EC_load_terminal with NETWORK__BUS____9_TN_ACPIN
2019-11-08 15:19:18 | INFO | adding curve : Id: NETWORK; output: _BUS____9-BUS___10-1_AC_iSide2 found.( _BUS____9-BUS___10-1_AC_iSide2_value )
2019-11-08 15:19:18 | INFO | adding curve : Id: NETWORK; output: _BUS____5-BUS____6-1_PS_iSide2 found.( _BUS____5-BUS____6-1_PS_iSide2_value )
2019-11-08 15:19:18 | INFO | adding curve : Id: NETWORK; output: _BUS____5-BUS____6-1_PS_step found.( _BUS____5-BUS____6-1_PS_step_value )
2019-11-08 15:19:18 | INFO | adding curve : Id: NETWORK; output: _BUS____5-BUS____6-1_PS_i1 found.( _BUS____5-BUS____6-1_PS_i1_value )
2019-11-08 15:19:18 | INFO | adding curve : Id: PhaseShifter; curve: phaseShifter_state found. (exact name)
2019-11-08 15:19:18 | INFO | adding parameter curve: Id: PhaseShifter; parameter curve: phaseShifter_iMax found. (exact name)
2019-11-08 15:19:18 | INFO | adding parameter curve: Id: PhaseShifter; parameter curve: phaseShifter_iStop found. (exact name)
2019-11-08 15:19:18 | INFO | adding curve : Id: PhaseShifter; output: phaseShifter_iMonitored found.( phaseShifter_iMonitored_value )
2019-11-08 15:19:18 | DEBUG | nbSubNetwork = 1 nbsub = 1
2019-11-08 15:19:18 | DEBUG | subNetwork[0] nbBus = 14
2019-11-08 15:19:18 | DEBUG | keep SubNetworks num : 0
2019-11-08 15:19:18 | DEBUG | generator_Cm0Pu same value as Pm_Value0
2019-11-08 15:19:18 | DEBUG | generator_Pm0Pu same value as Pm_Value0
2019-11-08 15:19:18 | DEBUG | governor_Pm0Pu same value as Pm_Value0
2019-11-08 15:19:18 | DEBUG | voltageRegulator_UsRef0Pu same value as URef_Value0
2019-11-08 15:19:18 | DEBUG | generator_LambdaQ10Pu same value as generator_LambdaQ20Pu
2019-11-08 15:19:18 | DEBUG | generator_sStator0Pu_im opposite value of generator_QStator0Pu
2019-11-08 15:19:18 | DEBUG | generator_Theta0 same value as generator_ThetaInternal0
2019-11-08 15:19:18 | DEBUG | voltageRegulator_u0_im same value as generator_uStator0Pu_im
2019-11-08 15:19:18 | DEBUG | voltageRegulator_u0_re same value as generator_uStator0Pu_re
2019-11-08 15:19:18 | DEBUG | voltageRegulator_limiterWithLag_y0 same value as voltageRegulator_Efd0Pu
2019-11-08 15:19:18 | DEBUG | generator_Efd0Pu same value as voltageRegulator_Efd0PuLF
2019-11-08 15:19:18 | DEBUG | voltageRegulator_limiterWithLag_u0 same value as voltageRegulator_Efd0PuLF
2019-11-08 15:19:18 | DEBUG | voltageRegulator_limiterWithLag_y0LF same value as voltageRegulator_Efd0PuLF
2019-11-08 15:19:18 | DEBUG | voltageRegulator_tEfdMaxReached0 same value as voltageRegulator_limiterWithLag_tUMaxReached0
2019-11-08 15:19:18 | DEBUG | voltageRegulator_tEfdMinReached0 same value as voltageRegulator_limiterWithLag_tUMinReached0
2019-11-08 15:19:18 | DEBUG | generator_Cm0Pu same value as Pm_Value0
2019-11-08 15:19:18 | DEBUG | generator_Pm0Pu same value as Pm_Value0
2019-11-08 15:19:18 | DEBUG | governor_Pm0Pu same value as Pm_Value0
2019-11-08 15:19:18 | DEBUG | voltageRegulator_UsRef0Pu same value as URef_Value0
2019-11-08 15:19:18 | DEBUG | generator_LambdaQ10Pu same value as generator_LambdaQ20Pu
2019-11-08 15:19:18 | DEBUG | generator_sStator0Pu_im opposite value of generator_QStator0Pu
2019-11-08 15:19:18 | DEBUG | generator_Theta0 same value as generator_ThetaInternal0
2019-11-08 15:19:18 | DEBUG | voltageRegulator_u0_im same value as generator_uStator0Pu_im
2019-11-08 15:19:18 | DEBUG | voltageRegulator_u0_re same value as generator_uStator0Pu_re
2019-11-08 15:19:18 | DEBUG | voltageRegulator_limiterWithLag_y0 same value as voltageRegulator_Efd0Pu
2019-11-08 15:19:18 | DEBUG | generator_Efd0Pu same value as voltageRegulator_Efd0PuLF
2019-11-08 15:19:18 | DEBUG | voltageRegulator_limiterWithLag_u0 same value as voltageRegulator_Efd0PuLF
2019-11-08 15:19:18 | DEBUG | voltageRegulator_limiterWithLag_y0LF same value as voltageRegulator_Efd0PuLF
2019-11-08 15:19:18 | DEBUG | voltageRegulator_tEfdMaxReached0 same value as voltageRegulator_limiterWithLag_tUMaxReached0
2019-11-08 15:19:18 | DEBUG | voltageRegulator_tEfdMinReached0 same value as voltageRegulator_limiterWithLag_tUMinReached0
2019-11-08 15:19:18 | DEBUG | generator_Cm0Pu same value as Pm_Value0
2019-11-08 15:19:18 | DEBUG | generator_Pm0Pu same value as Pm_Value0
2019-11-08 15:19:18 | DEBUG | governor_Pm0Pu same value as Pm_Value0
2019-11-08 15:19:18 | DEBUG | voltageRegulator_UsRef0Pu same value as URef_Value0
2019-11-08 15:19:18 | DEBUG | generator_LambdaQ10Pu same value as generator_LambdaQ20Pu
2019-11-08 15:19:18 | DEBUG | generator_sStator0Pu_im opposite value of generator_QStator0Pu
2019-11-08 15:19:18 | DEBUG | generator_Theta0 same value as generator_ThetaInternal0
2019-11-08 15:19:18 | DEBUG | voltageRegulator_u0_im same value as generator_uStator0Pu_im
2019-11-08 15:19:18 | DEBUG | voltageRegulator_u0_re same value as generator_uStator0Pu_re
2019-11-08 15:19:18 | DEBUG | voltageRegulator_limiterWithLag_y0 same value as voltageRegulator_Efd0Pu
2019-11-08 15:19:18 | DEBUG | generator_Efd0Pu same value as voltageRegulator_Efd0PuLF
2019-11-08 15:19:18 | DEBUG | voltageRegulator_limiterWithLag_u0 same value as voltageRegulator_Efd0PuLF
2019-11-08 15:19:18 | DEBUG | voltageRegulator_limiterWithLag_y0LF same value as voltageRegulator_Efd0PuLF
2019-11-08 15:19:18 | DEBUG | voltageRegulator_tEfdMaxReached0 same value as voltageRegulator_limiterWithLag_tUMaxReached0
2019-11-08 15:19:18 | DEBUG | voltageRegulator_tEfdMinReached0 same value as voltageRegulator_limiterWithLag_tUMinReached0
2019-11-08 15:19:18 | DEBUG | generator_Cm0Pu same value as Pm_Value0
2019-11-08 15:19:18 | DEBUG | generator_Pm0Pu same value as Pm_Value0
2019-11-08 15:19:18 | DEBUG | governor_Pm0Pu same value as Pm_Value0
2019-11-08 15:19:18 | DEBUG | voltageRegulator_UsRef0Pu same value as URef_Value0
2019-11-08 15:19:18 | DEBUG | generator_LambdaQ10Pu same value as generator_LambdaQ20Pu
2019-11-08 15:19:18 | DEBUG | generator_sStator0Pu_im opposite value of generator_QStator0Pu
2019-11-08 15:19:18 | DEBUG | generator_Theta0 same value as generator_ThetaInternal0
2019-11-08 15:19:18 | DEBUG | voltageRegulator_u0_im same value as generator_uStator0Pu_im
2019-11-08 15:19:18 | DEBUG | voltageRegulator_u0_re same value as generator_uStator0Pu_re
2019-11-08 15:19:18 | DEBUG | voltageRegulator_limiterWithLag_y0 same value as voltageRegulator_Efd0Pu
2019-11-08 15:19:18 | DEBUG | generator_Efd0Pu same value as voltageRegulator_Efd0PuLF
2019-11-08 15:19:18 | DEBUG | voltageRegulator_limiterWithLag_u0 same value as voltageRegulator_Efd0PuLF
2019-11-08 15:19:18 | DEBUG | voltageRegulator_limiterWithLag_y0LF same value as voltageRegulator_Efd0PuLF
2019-11-08 15:19:18 | DEBUG | voltageRegulator_tEfdMaxReached0 same value as voltageRegulator_limiterWithLag_tUMaxReached0
2019-11-08 15:19:18 | DEBUG | voltageRegulator_tEfdMinReached0 same value as voltageRegulator_limiterWithLag_tUMinReached0
2019-11-08 15:19:18 | DEBUG | generator_Cm0Pu same value as Pm_Value0
2019-11-08 15:19:18 | DEBUG | generator_Pm0Pu same value as Pm_Value0
2019-11-08 15:19:18 | DEBUG | governor_Pm0Pu same value as Pm_Value0
2019-11-08 15:19:18 | DEBUG | voltageRegulator_UsRef0Pu same value as URef_Value0
2019-11-08 15:19:18 | DEBUG | generator_LambdaQ10Pu same value as generator_LambdaQ20Pu
2019-11-08 15:19:18 | DEBUG | generator_sStator0Pu_im opposite value of generator_QStator0Pu
2019-11-08 15:19:18 | DEBUG | generator_Theta0 same value as generator_ThetaInternal0
2019-11-08 15:19:18 | DEBUG | voltageRegulator_u0_im same value as generator_uStator0Pu_im
2019-11-08 15:19:18 | DEBUG | voltageRegulator_u0_re same value as generator_uStator0Pu_re
2019-11-08 15:19:18 | DEBUG | voltageRegulator_limiterWithLag_y0 same value as voltageRegulator_Efd0Pu
2019-11-08 15:19:18 | DEBUG | generator_Efd0Pu same value as voltageRegulator_Efd0PuLF
2019-11-08 15:19:18 | DEBUG | voltageRegulator_limiterWithLag_u0 same value as voltageRegulator_Efd0PuLF
2019-11-08 15:19:18 | DEBUG | voltageRegulator_limiterWithLag_y0LF same value as voltageRegulator_Efd0PuLF
2019-11-08 15:19:18 | DEBUG | voltageRegulator_tEfdMaxReached0 same value as voltageRegulator_limiterWithLag_tUMaxReached0
2019-11-08 15:19:18 | DEBUG | voltageRegulator_tEfdMinReached0 same value as voltageRegulator_limiterWithLag_tUMinReached0
2019-11-08 15:19:18 | DEBUG | _BUS____5-BUS____6-1_PS disable internal tap changer, use external automaton
2019-11-08 15:19:18 | DEBUG | call of SolverReInit ie a new symbolic and numerical factorization will be performed
2019-11-08 15:19:18 | DEBUG | -----------------------------------------------------------------------
2019-11-08 15:19:18 | DEBUG | number of continuous variables : 407 (display limited to 4 variables)
2019-11-08 15:19:18 | DEBUG | number of discrete variables : 245
2019-11-08 15:19:18 | DEBUG | -----------------------------------------------------------------------
2019-11-08 15:19:18 | DEBUG |     t              y1            y2            y3            y4      | nst k      h
2019-11-08 15:19:18 | DEBUG | -----------------------------------------------------------------------
2019-11-08 15:19:18 | DEBUG |        0.000  1.014792e+00 -2.737274e-01 -6.830820e-02  7.559011e-02 |   0 0 3.189828e-04 
2019-11-08 15:19:18 | DEBUG |        0.000  1.014792e+00 -2.737274e-01 -6.830820e-02  7.559011e-02 |   1 1 1.000000e-06 
2019-11-08 15:19:18 | DEBUG |        0.000  1.014792e+00 -2.737274e-01 -6.830820e-02  7.559011e-02 |   1 1 1.000000e-06 
2019-11-08 15:19:18 | DEBUG |        0.000  1.014792e+00 -2.737274e-01 -6.830820e-02  7.559011e-02 |   2 1 1.000000e-06 
2019-11-08 15:19:18 | DEBUG |        0.000  1.014792e+00 -2.737274e-01 -6.830820e-02  7.559011e-02 |   3 2 2.000000e-06 
2019-11-08 15:19:18 | DEBUG |        0.000  1.014792e+00 -2.737274e-01 -6.830820e-02  7.559011e-02 |   4 2 4.000000e-06 
2019-11-08 15:19:18 | DEBUG |        0.000  1.014792e+00 -2.737274e-01 -6.830820e-02  7.559011e-02 |   5 2 8.000000e-06 
2019-11-08 15:19:18 | DEBUG |        0.000  1.014792e+00 -2.737274e-01 -6.830820e-02  7.559011e-02 |   6 2 1.600000e-05 
2019-11-08 15:19:18 | DEBUG |        0.000  1.014792e+00 -2.737274e-01 -6.830820e-02  7.559011e-02 |   7 2 3.200000e-05 
2019-11-08 15:19:18 | DEBUG |        0.000  1.014792e+00 -2.737274e-01 -6.830820e-02  7.559010e-02 |   8 2 6.400000e-05 
2019-11-08 15:19:18 | DEBUG |        0.000  1.014792e+00 -2.737274e-01 -6.830819e-02  7.559010e-02 |   9 2 1.280000e-04 
2019-11-08 15:19:18 | DEBUG |        0.001  1.014791e+00 -2.737274e-01 -6.830819e-02  7.559009e-02 |  10 2 2.560000e-04 
2019-11-08 15:19:18 | DEBUG |        0.001  1.014791e+00 -2.737274e-01 -6.830819e-02  7.559008e-02 |  11 2 5.120000e-04 
2019-11-08 15:19:18 | DEBUG |        0.002  1.014791e+00 -2.737273e-01 -6.830817e-02  7.559006e-02 |  12 2 1.024000e-03 
2019-11-08 15:19:18 | DEBUG |        0.004  1.014790e+00 -2.737273e-01 -6.830815e-02  7.559002e-02 |  13 2 2.048000e-03 
2019-11-08 15:19:18 | DEBUG |        0.008  1.014789e+00 -2.737273e-01 -6.830812e-02  7.558995e-02 |  14 2 4.096000e-03 
2019-11-08 15:19:18 | DEBUG |        0.016  1.014788e+00 -2.737273e-01 -6.830806e-02  7.558986e-02 |  15 2 8.192000e-03 
2019-11-08 15:19:18 | DEBUG |        0.033  1.014787e+00 -2.737276e-01 -6.830800e-02  7.558979e-02 |  16 2 1.638400e-02 
2019-11-08 15:19:18 | DEBUG | Algebraic mode change for model GEN____3_SM
2019-11-08 15:19:18 | DEBUG |        0.037  1.014787e+00 -2.737277e-01 -6.830799e-02  7.558979e-02 |  17 2 3.276800e-02 
2019-11-08 15:19:18 | DEBUG | calculation of the new starting point of the simulation.
2019-11-08 15:19:18 | DEBUG |        0.037  1.014787e+00 -2.737277e-01 -6.830799e-02  7.558979e-02 |   0 0 0.000000e+00 
2019-11-08 15:19:18 | DEBUG |        0.037  1.014787e+00 -2.737277e-01 -6.830799e-02  7.558979e-02 |   1 1 1.000000e-06 
2019-11-08 15:19:18 | DEBUG |        0.037  1.014787e+00 -2.737277e-01 -6.830799e-02  7.558979e-02 |   2 1 1.000000e-06 
2019-11-08 15:19:18 | DEBUG |        0.037  1.014787e+00 -2.737277e-01 -6.830799e-02  7.558979e-02 |   3 2 2.000000e-06 
2019-11-08 15:19:18 | DEBUG |        0.037  1.014787e+00 -2.737277e-01 -6.830799e-02  7.558979e-02 |   4 2 4.000000e-06 
2019-11-08 15:19:18 | DEBUG |        0.037  1.014787e+00 -2.737277e-01 -6.830799e-02  7.558979e-02 |   5 2 8.000000e-06 
2019-11-08 15:19:18 | DEBUG |        0.037  1.014787e+00 -2.737277e-01 -6.830799e-02  7.558979e-02 |   6 2 1.600000e-05 
2019-11-08 15:19:18 | DEBUG |        0.037  1.014787e+00 -2.737277e-01 -6.830799e-02  7.558979e-02 |   7 2 3.200000e-05 
2019-11-08 15:19:18 | DEBUG |        0.037  1.014787e+00 -2.737277e-01 -6.830799e-02  7.558979e-02 |   8 2 6.400000e-05 
2019-11-08 15:19:18 | DEBUG |        0.037  1.014787e+00 -2.737277e-01 -6.830799e-02  7.558979e-02 |   9 2 1.280000e-04 
2019-11-08 15:19:18 | DEBUG |        0.037  1.014787e+00 -2.737277e-01 -6.830799e-02  7.558979e-02 |  10 2 2.560000e-04 
2019-11-08 15:19:18 | DEBUG |        0.038  1.014787e+00 -2.737277e-01 -6.830799e-02  7.558980e-02 |  11 2 5.120000e-04 
2019-11-08 15:19:18 | DEBUG |        0.039  1.014787e+00 -2.737277e-01 -6.830799e-02  7.558980e-02 |  12 2 1.024000e-03 
2019-11-08 15:19:18 | DEBUG |        0.041  1.014787e+00 -2.737278e-01 -6.830798e-02  7.558981e-02 |  13 2 2.048000e-03 
2019-11-08 15:19:18 | DEBUG |        0.045  1.014787e+00 -2.737279e-01 -6.830798e-02  7.558983e-02 |  14 2 4.096000e-03 
2019-11-08 15:19:18 | DEBUG |        0.053  1.014787e+00 -2.737282e-01 -6.830798e-02  7.558989e-02 |  15 2 8.192000e-03 
2019-11-08 15:19:18 | DEBUG |        0.069  1.014789e+00 -2.737290e-01 -6.830798e-02  7.559004e-02 |  16 2 1.638400e-02 
2019-11-08 15:19:18 | DEBUG |        0.102  1.014792e+00 -2.737306e-01 -6.830800e-02  7.559041e-02 |  17 2 3.276800e-02 
2019-11-08 15:19:18 | DEBUG |        0.168  1.014799e+00 -2.737344e-01 -6.830803e-02  7.559122e-02 |  18 2 6.553600e-02 
2019-11-08 15:19:18 | DEBUG |        0.299  1.014811e+00 -2.737421e-01 -6.830795e-02  7.559264e-02 |  19 2 1.310720e-01 
2019-11-08 15:19:18 | DEBUG |        0.561  1.014817e+00 -2.737529e-01 -6.830748e-02  7.559397e-02 |  20 1 2.621440e-01 
2019-11-08 15:19:18 | DEBUG | Algebraic mode change for model GEN____3_SM
2019-11-08 15:19:18 | DEBUG |        0.994  1.014819e+00 -2.737566e-01 -6.830732e-02  7.559443e-02 |  21 1 5.242880e-01 
2019-11-08 15:19:18 | DEBUG | calculation of the new starting point of the simulation.
2019-11-08 15:19:18 | DEBUG |        0.994  1.014819e+00 -2.737566e-01 -6.830732e-02  7.559443e-02 |   0 0 0.000000e+00 
2019-11-08 15:19:18 | DEBUG |        0.994  1.014819e+00 -2.737566e-01 -6.830732e-02  7.559443e-02 |   1 1 1.000000e-06 
2019-11-08 15:19:18 | DEBUG |        0.994  1.014819e+00 -2.737566e-01 -6.830732e-02  7.559443e-02 |   2 1 1.000000e-06 
2019-11-08 15:19:18 | DEBUG |        0.994  1.014819e+00 -2.737566e-01 -6.830732e-02  7.559443e-02 |   3 2 2.000000e-06 
2019-11-08 15:19:18 | DEBUG |        0.994  1.014819e+00 -2.737566e-01 -6.830732e-02  7.559443e-02 |   4 2 4.000000e-06 
2019-11-08 15:19:18 | DEBUG |        0.994  1.014819e+00 -2.737566e-01 -6.830732e-02  7.559443e-02 |   5 2 8.000000e-06 
2019-11-08 15:19:18 | DEBUG |        0.994  1.014819e+00 -2.737566e-01 -6.830732e-02  7.559443e-02 |   6 2 1.600000e-05 
2019-11-08 15:19:18 | DEBUG |        0.994  1.014819e+00 -2.737566e-01 -6.830732e-02  7.559443e-02 |   7 2 3.200000e-05 
2019-11-08 15:19:18 | DEBUG |        0.994  1.014819e+00 -2.737566e-01 -6.830732e-02  7.559443e-02 |   8 2 6.400000e-05 
2019-11-08 15:19:18 | DEBUG |        0.995  1.014819e+00 -2.737566e-01 -6.830732e-02  7.559443e-02 |   9 2 1.280000e-04 
2019-11-08 15:19:18 | DEBUG |        0.995  1.014819e+00 -2.737566e-01 -6.830732e-02  7.559443e-02 |  10 2 2.560000e-04 
2019-11-08 15:19:18 | DEBUG |        0.995  1.014819e+00 -2.737566e-01 -6.830732e-02  7.559443e-02 |  11 2 5.120000e-04 
2019-11-08 15:19:18 | DEBUG |        0.996  1.014819e+00 -2.737566e-01 -6.830732e-02  7.559443e-02 |  12 2 1.024000e-03 
2019-11-08 15:19:18 | DEBUG |        0.998  1.014819e+00 -2.737566e-01 -6.830732e-02  7.559443e-02 |  13 2 2.048000e-03 
2019-11-08 15:19:18 | DEBUG |        1.003  1.014819e+00 -2.737567e-01 -6.830732e-02  7.559444e-02 |  14 2 4.096000e-03 
2019-11-08 15:19:18 | DEBUG |        1.011  1.014819e+00 -2.737568e-01 -6.830731e-02  7.559446e-02 |  15 2 8.192000e-03 
2019-11-08 15:19:18 | DEBUG |        1.027  1.014819e+00 -2.737570e-01 -6.830730e-02  7.559448e-02 |  16 2 1.638400e-02 
2019-11-08 15:19:18 | DEBUG |        1.060  1.014819e+00 -2.737574e-01 -6.830729e-02  7.559452e-02 |  17 2 3.276800e-02 
2019-11-08 15:19:18 | DEBUG |        1.125  1.014820e+00 -2.737579e-01 -6.830726e-02  7.559459e-02 |  18 2 6.553600e-02 
2019-11-08 15:19:18 | DEBUG |        1.256  1.014820e+00 -2.737583e-01 -6.830725e-02  7.559464e-02 |  19 2 1.310720e-01 
2019-11-08 15:19:18 | DEBUG |        1.519  1.014821e+00 -2.737573e-01 -6.830733e-02  7.559459e-02 |  20 2 2.621440e-01 
2019-11-08 15:19:18 | DEBUG |        2.043  1.014821e+00 -2.737558e-01 -6.830744e-02  7.559448e-02 |  21 2 5.242880e-01 
2019-11-08 15:19:18 | DEBUG |        3.091  1.014820e+00 -2.737585e-01 -6.830724e-02  7.559466e-02 |  22 1 1.048576e+00 
2019-11-08 15:19:18 | DEBUG |        5.189  1.014819e+00 -2.737606e-01 -6.830708e-02  7.559480e-02 |  23 1 2.097152e+00 
2019-11-08 15:19:18 | DEBUG |        9.383  1.014819e+00 -2.737617e-01 -6.830700e-02  7.559487e-02 |  24 1 4.194304e+00 
2019-11-08 15:19:18 | DEBUG |       17.772  1.014819e+00 -2.737621e-01 -6.830696e-02  7.559490e-02 |  25 1 8.388608e+00 
2019-11-08 15:19:18 | DEBUG | state of Line _BUS____9-BUS___10-1_AC change from 2 to 3
2019-11-08 15:19:18 | DEBUG | nbSubNetwork = 1 nbsub = 1
2019-11-08 15:19:18 | DEBUG | subNetwork[0] nbBus = 14
2019-11-08 15:19:18 | DEBUG | keep SubNetworks num : 0
2019-11-08 15:19:18 | DEBUG | Algebraic mode (with J recalculation) change for model NETWORK
2019-11-08 15:19:18 | DEBUG |       20.000  1.014819e+00 -2.737621e-01 -6.830696e-02  7.559490e-02 |  26 1 1.000000e+01 
2019-11-08 15:19:18 | DEBUG | calculation of the new starting point of the simulation.
2019-11-08 15:19:18 | DEBUG | call of SolverReInit ie a new symbolic and numerical factorization will be performed
2019-11-08 15:19:18 | DEBUG |       20.000  9.846887e-01 -2.815836e-01 -6.668030e-02  7.428282e-02 |   0 0 0.000000e+00 
2019-11-08 15:19:18 | DEBUG |       20.000  9.846886e-01 -2.815836e-01 -6.668030e-02  7.428282e-02 |   1 1 1.000000e-06 
2019-11-08 15:19:18 | DEBUG |       20.000  9.846886e-01 -2.815837e-01 -6.668029e-02  7.428283e-02 |   2 1 1.000000e-06 
2019-11-08 15:19:18 | DEBUG |       20.000  9.846885e-01 -2.815838e-01 -6.668028e-02  7.428283e-02 |   3 2 2.000000e-06 
2019-11-08 15:19:18 | DEBUG |       20.000  9.846884e-01 -2.815840e-01 -6.668027e-02  7.428284e-02 |   4 2 4.000000e-06 
2019-11-08 15:19:18 | DEBUG |       20.000  9.846881e-01 -2.815843e-01 -6.668023e-02  7.428285e-02 |   5 2 8.000000e-06 
2019-11-08 15:19:18 | DEBUG |       20.000  9.846875e-01 -2.815851e-01 -6.668016e-02  7.428287e-02 |   6 2 1.600000e-05 
2019-11-08 15:19:18 | DEBUG |       20.000  9.846863e-01 -2.815865e-01 -6.668002e-02  7.428293e-02 |   7 2 3.200000e-05 
2019-11-08 15:19:18 | DEBUG |       20.000  9.846840e-01 -2.815895e-01 -6.667974e-02  7.428303e-02 |   8 2 6.400000e-05 
2019-11-08 15:19:18 | DEBUG |       20.000  9.846794e-01 -2.815954e-01 -6.667919e-02  7.428324e-02 |   9 2 1.280000e-04 
2019-11-08 15:19:18 | DEBUG |       20.001  9.846702e-01 -2.816070e-01 -6.667809e-02  7.428365e-02 |  10 2 2.560000e-04 
2019-11-08 15:19:18 | DEBUG |       20.001  9.846521e-01 -2.816300e-01 -6.667592e-02  7.428446e-02 |  11 2 5.120000e-04 
2019-11-08 15:19:18 | DEBUG |       20.002  9.846170e-01 -2.816749e-01 -6.667170e-02  7.428606e-02 |  12 2 1.024000e-03 
2019-11-08 15:19:18 | DEBUG |       20.004  9.845510e-01 -2.817603e-01 -6.666370e-02  7.428914e-02 |  13 2 2.048000e-03 
2019-11-08 15:19:18 | DEBUG | Algebraic mode change for model GEN____8_SM
2019-11-08 15:19:18 | DEBUG |       20.006  9.844987e-01 -2.818291e-01 -6.665728e-02  7.429168e-02 |  14 2 4.096000e-03 
2019-11-08 15:19:18 | DEBUG | calculation of the new starting point of the simulation.
2019-11-08 15:19:18 | DEBUG |       20.006  9.844987e-01 -2.818291e-01 -6.665728e-02  7.429168e-02 |   0 0 0.000000e+00 
2019-11-08 15:19:18 | DEBUG |       20.006  9.844986e-01 -2.818291e-01 -6.665728e-02  7.429168e-02 |   1 1 1.000000e-06 
2019-11-08 15:19:18 | DEBUG |       20.006  9.844986e-01 -2.818292e-01 -6.665727e-02  7.429168e-02 |   2 1 1.000000e-06 
2019-11-08 15:19:18 | DEBUG |       20.006  9.844986e-01 -2.818292e-01 -6.665727e-02  7.429168e-02 |   3 2 2.000000e-06 
2019-11-08 15:19:18 | DEBUG |       20.006  9.844984e-01 -2.818294e-01 -6.665725e-02  7.429169e-02 |   4 2 4.000000e-06 
2019-11-08 15:19:18 | DEBUG |       20.006  9.844982e-01 -2.818297e-01 -6.665722e-02  7.429170e-02 |   5 2 8.000000e-06 
2019-11-08 15:19:18 | DEBUG |       20.006  9.844977e-01 -2.818303e-01 -6.665717e-02  7.429172e-02 |   6 2 1.600000e-05 
2019-11-08 15:19:18 | DEBUG |       20.006  9.844968e-01 -2.818315e-01 -6.665706e-02  7.429177e-02 |   7 2 3.200000e-05 
2019-11-08 15:19:18 | DEBUG |       20.006  9.844950e-01 -2.818340e-01 -6.665683e-02  7.429186e-02 |   8 2 6.400000e-05 
2019-11-08 15:19:18 | DEBUG |       20.006  9.844913e-01 -2.818388e-01 -6.665638e-02  7.429204e-02 |   9 2 1.280000e-04 
2019-11-08 15:19:18 | DEBUG |       20.006  9.844841e-01 -2.818484e-01 -6.665548e-02  7.429240e-02 |  10 2 2.560000e-04 
2019-11-08 15:19:18 | DEBUG |       20.007  9.844698e-01 -2.818674e-01 -6.665372e-02  7.429311e-02 |  11 2 5.120000e-04 
2019-11-08 15:19:18 | DEBUG |       20.008  9.844422e-01 -2.819046e-01 -6.665028e-02  7.429453e-02 |  12 2 1.024000e-03 
2019-11-08 15:19:18 | DEBUG | Algebraic mode change for model GEN____3_SM
2019-11-08 15:19:18 | DEBUG |       20.010  9.844001e-01 -2.819619e-01 -6.664499e-02  7.429674e-02 |  13 2 2.048000e-03 
2019-11-08 15:19:18 | DEBUG | calculation of the new starting point of the simulation.
2019-11-08 15:19:18 | DEBUG |       20.010  9.844001e-01 -2.819619e-01 -6.664499e-02  7.429674e-02 |   0 0 0.000000e+00 
2019-11-08 15:19:18 | DEBUG |       20.010  9.844001e-01 -2.819619e-01 -6.664498e-02  7.429674e-02 |   1 1 1.000000e-06 
2019-11-08 15:19:18 | DEBUG |       20.010  9.844000e-01 -2.819620e-01 -6.664498e-02  7.429674e-02 |   2 1 1.000000e-06 
2019-11-08 15:19:18 | DEBUG |       20.010  9.844000e-01 -2.819620e-01 -6.664497e-02  7.429675e-02 |   3 2 2.000000e-06 
2019-11-08 15:19:18 | DEBUG |       20.010  9.843999e-01 -2.819622e-01 -6.664496e-02  7.429675e-02 |   4 2 4.000000e-06 
2019-11-08 15:19:18 | DEBUG |       20.010  9.843997e-01 -2.819624e-01 -6.664494e-02  7.429676e-02 |   5 2 8.000000e-06 
2019-11-08 15:19:18 | DEBUG |       20.010  9.843993e-01 -2.819630e-01 -6.664489e-02  7.429678e-02 |   6 2 1.600000e-05 
2019-11-08 15:19:18 | DEBUG |       20.010  9.843985e-01 -2.819641e-01 -6.664479e-02  7.429683e-02 |   7 2 3.200000e-05 
2019-11-08 15:19:18 | DEBUG |       20.010  9.843969e-01 -2.819662e-01 -6.664459e-02  7.429691e-02 |   8 2 6.400000e-05 
2019-11-08 15:19:18 | DEBUG |       20.010  9.843938e-01 -2.819706e-01 -6.664419e-02  7.429708e-02 |   9 2 1.280000e-04 
2019-11-08 15:19:18 | DEBUG |       20.010  9.843876e-01 -2.819791e-01 -6.664340e-02  7.429742e-02 |  10 2 2.560000e-04 
2019-11-08 15:19:18 | DEBUG |       20.011  9.843754e-01 -2.819961e-01 -6.664184e-02  7.429809e-02 |  11 2 5.120000e-04 
2019-11-08 15:19:18 | DEBUG |       20.012  9.843516e-01 -2.820293e-01 -6.663880e-02  7.429942e-02 |  12 2 1.024000e-03 
2019-11-08 15:19:18 | DEBUG |       20.014  9.843072e-01 -2.820930e-01 -6.663301e-02  7.430203e-02 |  13 2 2.048000e-03 
2019-11-08 15:19:18 | DEBUG |       20.018  9.842288e-01 -2.822104e-01 -6.662247e-02  7.430708e-02 |  14 2 4.096000e-03 
2019-11-08 15:19:18 | DEBUG |       20.026  9.841071e-01 -2.824145e-01 -6.660469e-02  7.431680e-02 |  15 2 8.192000e-03 
2019-11-08 15:19:18 | DEBUG |       20.042  9.839613e-01 -2.827472e-01 -6.657767e-02  7.433605e-02 |  16 2 1.638400e-02 
2019-11-08 15:19:18 | DEBUG |       20.059  9.839056e-01 -2.830195e-01 -6.655795e-02  7.435594e-02 |  17 2 1.638400e-02 
2019-11-08 15:19:18 | DEBUG |       20.091  9.838931e-01 -2.835196e-01 -6.652508e-02  7.439827e-02 |  18 2 3.276800e-02 
2019-11-08 15:19:18 | DEBUG |       20.091  9.838931e-01 -2.835196e-01 -6.652508e-02  7.439827e-02 |  18 2 3.276800e-02 
2019-11-08 15:19:18 | DEBUG |       20.091  9.838945e-01 -2.835323e-01 -6.652430e-02  7.439947e-02 |  18 2 3.276800e-02 
2019-11-08 15:19:18 | DEBUG |       20.124  9.839453e-01 -2.840439e-01 -6.649306e-02  7.444689e-02 |  19 2 3.276800e-02 
2019-11-08 15:19:18 | DEBUG |       20.190  9.840269e-01 -2.850869e-01 -6.642848e-02  7.454215e-02 |  20 2 6.553600e-02 
2019-11-08 15:19:18 | DEBUG |       20.255  9.841151e-01 -2.859067e-01 -6.637858e-02  7.461857e-02 |  21 1 6.553600e-02 
2019-11-08 15:19:18 | DEBUG |       20.331  9.842867e-01 -2.864193e-01 -6.635174e-02  7.467388e-02 |  22 1 7.522492e-02 
2019-11-08 15:19:18 | DEBUG |       20.406  9.845335e-01 -2.865342e-01 -6.635353e-02  7.469975e-02 |  23 1 7.522492e-02 
2019-11-08 15:19:18 | DEBUG | Algebraic mode change for model GEN____8_SM
2019-11-08 15:19:18 | DEBUG |       20.466  9.847629e-01 -2.864013e-01 -6.637077e-02  7.470314e-02 |  24 1 7.522492e-02 
2019-11-08 15:19:18 | DEBUG | calculation of the new starting point of the simulation.
2019-11-08 15:19:18 | DEBUG |       20.466  9.847628e-01 -2.864010e-01 -6.637078e-02  7.470311e-02 |   0 0 0.000000e+00 
2019-11-08 15:19:18 | DEBUG |       20.466  9.847628e-01 -2.864010e-01 -6.637078e-02  7.470312e-02 |   1 1 1.000000e-06 
2019-11-08 15:19:18 | DEBUG |       20.466  9.847628e-01 -2.864010e-01 -6.637078e-02  7.470312e-02 |   2 1 1.000000e-06 
2019-11-08 15:19:18 | DEBUG |       20.466  9.847628e-01 -2.864010e-01 -6.637078e-02  7.470312e-02 |   3 2 2.000000e-06 
2019-11-08 15:19:18 | DEBUG |       20.466  9.847629e-01 -2.864010e-01 -6.637078e-02  7.470312e-02 |   4 2 4.000000e-06 
2019-11-08 15:19:18 | DEBUG |       20.466  9.847629e-01 -2.864010e-01 -6.637079e-02  7.470312e-02 |   5 2 8.000000e-06 
2019-11-08 15:19:18 | DEBUG |       20.466  9.847630e-01 -2.864010e-01 -6.637079e-02  7.470312e-02 |   6 2 1.600000e-05 
2019-11-08 15:19:18 | DEBUG |       20.466  9.847631e-01 -2.864009e-01 -6.637080e-02  7.470312e-02 |   7 2 3.200000e-05 
2019-11-08 15:19:18 | DEBUG |       20.466  9.847633e-01 -2.864008e-01 -6.637081e-02  7.470313e-02 |   8 2 6.400000e-05 
2019-11-08 15:19:18 | DEBUG |       20.466  9.847638e-01 -2.864006e-01 -6.637084e-02  7.470314e-02 |   9 2 1.280000e-04 
2019-11-08 15:19:18 | DEBUG | Algebraic mode change for model GEN____6_SM
2019-11-08 15:19:18 | DEBUG |       20.467  9.847645e-01 -2.864003e-01 -6.637089e-02  7.470317e-02 |  10 2 2.560000e-04 
2019-11-08 15:19:18 | DEBUG | calculation of the new starting point of the simulation.
2019-11-08 15:19:18 | DEBUG |       20.467  9.847645e-01 -2.864003e-01 -6.637089e-02  7.470317e-02 |   0 0 0.000000e+00 
2019-11-08 15:19:18 | DEBUG |       20.467  9.847645e-01 -2.864003e-01 -6.637089e-02  7.470317e-02 |   1 1 1.000000e-06 
2019-11-08 15:19:18 | DEBUG |       20.467  9.847645e-01 -2.864003e-01 -6.637089e-02  7.470317e-02 |   2 1 1.000000e-06 
2019-11-08 15:19:18 | DEBUG |       20.467  9.847645e-01 -2.864003e-01 -6.637089e-02  7.470317e-02 |   3 2 2.000000e-06 
2019-11-08 15:19:18 | DEBUG |       20.467  9.847646e-01 -2.864003e-01 -6.637089e-02  7.470317e-02 |   4 2 4.000000e-06 
2019-11-08 15:19:18 | DEBUG |       20.467  9.847646e-01 -2.864003e-01 -6.637089e-02  7.470317e-02 |   5 2 8.000000e-06 
2019-11-08 15:19:18 | DEBUG |       20.467  9.847646e-01 -2.864003e-01 -6.637090e-02  7.470317e-02 |   6 2 1.600000e-05 
2019-11-08 15:19:18 | DEBUG |       20.467  9.847648e-01 -2.864002e-01 -6.637090e-02  7.470317e-02 |   7 2 3.200000e-05 
2019-11-08 15:19:18 | DEBUG |       20.467  9.847650e-01 -2.864001e-01 -6.637092e-02  7.470318e-02 |   8 2 6.400000e-05 
2019-11-08 15:19:18 | DEBUG |       20.467  9.847655e-01 -2.863999e-01 -6.637095e-02  7.470319e-02 |   9 2 1.280000e-04 
2019-11-08 15:19:18 | DEBUG |       20.467  9.847664e-01 -2.863996e-01 -6.637101e-02  7.470322e-02 |  10 2 2.560000e-04 
2019-11-08 15:19:18 | DEBUG |       20.468  9.847683e-01 -2.863988e-01 -6.637113e-02  7.470328e-02 |  11 2 5.120000e-04 
2019-11-08 15:19:18 | DEBUG |       20.469  9.847721e-01 -2.863972e-01 -6.637138e-02  7.470338e-02 |  12 2 1.024000e-03 
2019-11-08 15:19:18 | DEBUG |       20.471  9.847797e-01 -2.863938e-01 -6.637189e-02  7.470358e-02 |  13 2 2.048000e-03 
2019-11-08 15:19:18 | DEBUG |       20.475  9.847951e-01 -2.863863e-01 -6.637295e-02  7.470393e-02 |  14 2 4.096000e-03 
2019-11-08 15:19:18 | DEBUG |       20.483  9.848261e-01 -2.863688e-01 -6.637524e-02  7.470444e-02 |  15 2 8.192000e-03 
2019-11-08 15:19:18 | DEBUG |       20.499  9.848895e-01 -2.863243e-01 -6.638051e-02  7.470470e-02 |  16 2 1.638400e-02 
2019-11-08 15:19:18 | DEBUG |       20.532  9.850195e-01 -2.862026e-01 -6.639329e-02  7.470263e-02 |  17 2 3.276800e-02 
2019-11-08 15:19:18 | DEBUG |       20.598  9.852741e-01 -2.858837e-01 -6.642355e-02  7.469162e-02 |  18 2 6.553600e-02 
2019-11-08 15:19:18 | DEBUG |       20.663  9.854978e-01 -2.855364e-01 -6.645448e-02  7.467617e-02 |  19 2 6.553600e-02 
2019-11-08 15:19:18 | DEBUG | Algebraic mode change for model GEN____3_SM
2019-11-08 15:19:18 | DEBUG |       20.694  9.855800e-01 -2.854079e-01 -6.646590e-02  7.467042e-02 |  20 2 1.310720e-01 
2019-11-08 15:19:18 | DEBUG | calculation of the new starting point of the simulation.
2019-11-08 15:19:18 | DEBUG | Algebraic mode change for model GEN____3_SM
2019-11-08 15:19:18 | DEBUG |       20.694  9.855800e-01 -2.854079e-01 -6.646590e-02  7.467042e-02 |   0 0 0.000000e+00 
2019-11-08 15:19:18 | DEBUG | Algebraic mode change for model GEN____3_SM
2019-11-08 15:19:18 | DEBUG |       20.694  9.855800e-01 -2.854079e-01 -6.646590e-02  7.467042e-02 |   1 1 1.000000e-06 
2019-11-08 15:19:18 | DEBUG | calculation of the new starting point of the simulation.
2019-11-08 15:19:18 | DEBUG |       20.694  9.855800e-01 -2.854079e-01 -6.646590e-02  7.467042e-02 |   0 0 0.000000e+00 
2019-11-08 15:19:18 | DEBUG |       20.694  9.855800e-01 -2.854079e-01 -6.646590e-02  7.467042e-02 |   1 1 1.000000e-06 
2019-11-08 15:19:18 | DEBUG |       20.694  9.855800e-01 -2.854079e-01 -6.646591e-02  7.467042e-02 |   2 1 1.000000e-06 
2019-11-08 15:19:18 | DEBUG |       20.694  9.855800e-01 -2.854079e-01 -6.646591e-02  7.467041e-02 |   3 2 2.000000e-06 
2019-11-08 15:19:18 | DEBUG |       20.694  9.855800e-01 -2.854078e-01 -6.646591e-02  7.467041e-02 |   4 2 4.000000e-06 
2019-11-08 15:19:18 | DEBUG |       20.694  9.855800e-01 -2.854078e-01 -6.646591e-02  7.467041e-02 |   5 2 8.000000e-06 
2019-11-08 15:19:18 | DEBUG |       20.694  9.855801e-01 -2.854077e-01 -6.646592e-02  7.467041e-02 |   6 2 1.600000e-05 
2019-11-08 15:19:18 | DEBUG |       20.694  9.855802e-01 -2.854076e-01 -6.646593e-02  7.467040e-02 |   7 2 3.200000e-05 
2019-11-08 15:19:18 | DEBUG |       20.694  9.855803e-01 -2.854072e-01 -6.646596e-02  7.467038e-02 |   8 2 6.400000e-05 
2019-11-08 15:19:18 | DEBUG |       20.694  9.855807e-01 -2.854066e-01 -6.646601e-02  7.467035e-02 |   9 2 1.280000e-04 
2019-11-08 15:19:18 | DEBUG |       20.695  9.855814e-01 -2.854053e-01 -6.646612e-02  7.467029e-02 |  10 2 2.560000e-04 
2019-11-08 15:19:18 | DEBUG |       20.695  9.855828e-01 -2.854027e-01 -6.646634e-02  7.467015e-02 |  11 2 5.120000e-04 
2019-11-08 15:19:18 | DEBUG |       20.696  9.855856e-01 -2.853976e-01 -6.646678e-02  7.466989e-02 |  12 2 1.024000e-03 
2019-11-08 15:19:18 | DEBUG |       20.698  9.855911e-01 -2.853874e-01 -6.646765e-02  7.466938e-02 |  13 2 2.048000e-03 
2019-11-08 15:19:18 | DEBUG |       20.702  9.856020e-01 -2.853675e-01 -6.646935e-02  7.466836e-02 |  14 2 4.096000e-03 
2019-11-08 15:19:18 | DEBUG |       20.710  9.856228e-01 -2.853290e-01 -6.647263e-02  7.466639e-02 |  15 2 8.192000e-03 
2019-11-08 15:19:18 | DEBUG |       20.727  9.856606e-01 -2.852587e-01 -6.647861e-02  7.466278e-02 |  16 2 1.638400e-02 
2019-11-08 15:19:18 | DEBUG |       20.760  9.857194e-01 -2.851489e-01 -6.648794e-02  7.465713e-02 |  17 2 3.276800e-02 
2019-11-08 15:19:18 | DEBUG | Algebraic mode change for model GEN____6_SM
2019-11-08 15:19:18 | DEBUG |       20.803  9.857633e-01 -2.850750e-01 -6.649438e-02  7.465360e-02 |  18 2 6.553600e-02 
2019-11-08 15:19:18 | DEBUG | calculation of the new starting point of the simulation.
2019-11-08 15:19:18 | DEBUG |       20.803  9.857633e-01 -2.850750e-01 -6.649438e-02  7.465360e-02 |   0 0 0.000000e+00 
2019-11-08 15:19:18 | DEBUG |       20.803  9.857633e-01 -2.850750e-01 -6.649438e-02  7.465360e-02 |   1 1 1.000000e-06 
2019-11-08 15:19:18 | DEBUG |       20.803  9.857633e-01 -2.850750e-01 -6.649438e-02  7.465360e-02 |   2 1 1.000000e-06 
2019-11-08 15:19:18 | DEBUG |       20.803  9.857633e-01 -2.850750e-01 -6.649438e-02  7.465360e-02 |   3 2 2.000000e-06 
2019-11-08 15:19:18 | DEBUG |       20.803  9.857633e-01 -2.850750e-01 -6.649438e-02  7.465360e-02 |   4 2 4.000000e-06 
2019-11-08 15:19:18 | DEBUG |       20.803  9.857633e-01 -2.850750e-01 -6.649438e-02  7.465360e-02 |   5 2 8.000000e-06 
2019-11-08 15:19:18 | DEBUG |       20.803  9.857633e-01 -2.850750e-01 -6.649438e-02  7.465360e-02 |   6 2 1.600000e-05 
2019-11-08 15:19:18 | DEBUG |       20.803  9.857633e-01 -2.850749e-01 -6.649439e-02  7.465360e-02 |   7 2 3.200000e-05 
2019-11-08 15:19:18 | DEBUG |       20.803  9.857633e-01 -2.850749e-01 -6.649439e-02  7.465359e-02 |   8 2 6.400000e-05 
2019-11-08 15:19:18 | DEBUG |       20.804  9.857634e-01 -2.850748e-01 -6.649440e-02  7.465359e-02 |   9 2 1.280000e-04 
2019-11-08 15:19:18 | DEBUG |       20.804  9.857635e-01 -2.850746e-01 -6.649442e-02  7.465358e-02 |  10 2 2.560000e-04 
2019-11-08 15:19:18 | DEBUG |       20.804  9.857638e-01 -2.850741e-01 -6.649446e-02  7.465356e-02 |  11 2 5.120000e-04 
2019-11-08 15:19:18 | DEBUG |       20.805  9.857644e-01 -2.850733e-01 -6.649453e-02  7.465353e-02 |  12 2 1.024000e-03 
2019-11-08 15:19:18 | DEBUG |       20.807  9.857654e-01 -2.850719e-01 -6.649466e-02  7.465347e-02 |  13 2 2.048000e-03 
2019-11-08 15:19:18 | DEBUG |       20.811  9.857671e-01 -2.850696e-01 -6.649487e-02  7.465338e-02 |  14 2 4.096000e-03 
2019-11-08 15:19:18 | DEBUG |       20.820  9.857694e-01 -2.850675e-01 -6.649510e-02  7.465335e-02 |  15 2 8.192000e-03 
2019-11-08 15:19:18 | DEBUG |       20.836  9.857699e-01 -2.850729e-01 -6.649477e-02  7.465385e-02 |  16 2 1.638400e-02 
2019-11-08 15:19:18 | DEBUG |       20.869  9.857556e-01 -2.851205e-01 -6.649114e-02  7.465703e-02 |  17 2 3.276800e-02 
2019-11-08 15:19:18 | DEBUG |       20.934  9.856807e-01 -2.853337e-01 -6.647450e-02  7.467055e-02 |  18 2 6.553600e-02 
2019-11-08 15:19:18 | DEBUG | Algebraic mode change for model GEN____8_SM
2019-11-08 15:19:18 | DEBUG |       21.000  9.855889e-01 -2.856022e-01 -6.645363e-02  7.468774e-02 |  19 2 1.310720e-01 
2019-11-08 15:19:18 | DEBUG | calculation of the new starting point of the simulation.
2019-11-08 15:19:18 | DEBUG | Algebraic mode change for model GEN____8_SM
2019-11-08 15:19:18 | DEBUG |       21.000  9.855889e-01 -2.856022e-01 -6.645363e-02  7.468774e-02 |   0 0 0.000000e+00 
2019-11-08 15:19:18 | DEBUG | Algebraic mode change for model GEN____8_SM
2019-11-08 15:19:18 | DEBUG |       21.000  9.855889e-01 -2.856022e-01 -6.645363e-02  7.468774e-02 |   1 1 1.000000e-06 
2019-11-08 15:19:18 | DEBUG | calculation of the new starting point of the simulation.
2019-11-08 15:19:18 | DEBUG |       21.000  9.855889e-01 -2.856022e-01 -6.645363e-02  7.468774e-02 |   0 0 0.000000e+00 
2019-11-08 15:19:18 | DEBUG |       21.000  9.855889e-01 -2.856022e-01 -6.645363e-02  7.468774e-02 |   1 1 1.000000e-06 
2019-11-08 15:19:18 | DEBUG |       21.000  9.855889e-01 -2.856022e-01 -6.645363e-02  7.468774e-02 |   2 1 1.000000e-06 
2019-11-08 15:19:18 | DEBUG |       21.000  9.855889e-01 -2.856022e-01 -6.645363e-02  7.468774e-02 |   3 2 2.000000e-06 
2019-11-08 15:19:18 | DEBUG |       21.000  9.855889e-01 -2.856022e-01 -6.645363e-02  7.468775e-02 |   4 2 4.000000e-06 
2019-11-08 15:19:18 | DEBUG |       21.000  9.855889e-01 -2.856023e-01 -6.645362e-02  7.468775e-02 |   5 2 8.000000e-06 
2019-11-08 15:19:18 | DEBUG |       21.000  9.855889e-01 -2.856023e-01 -6.645362e-02  7.468775e-02 |   6 2 1.600000e-05 
2019-11-08 15:19:18 | DEBUG |       21.000  9.855888e-01 -2.856025e-01 -6.645360e-02  7.468777e-02 |   7 2 3.200000e-05 
2019-11-08 15:19:18 | DEBUG |       21.000  9.855887e-01 -2.856029e-01 -6.645357e-02  7.468779e-02 |   8 2 6.400000e-05 
2019-11-08 15:19:18 | DEBUG |       21.000  9.855884e-01 -2.856036e-01 -6.645352e-02  7.468783e-02 |   9 2 1.280000e-04 
2019-11-08 15:19:18 | DEBUG |       21.000  9.855879e-01 -2.856051e-01 -6.645340e-02  7.468793e-02 |  10 2 2.560000e-04 
2019-11-08 15:19:18 | DEBUG |       21.001  9.855868e-01 -2.856080e-01 -6.645317e-02  7.468811e-02 |  11 2 5.120000e-04 
2019-11-08 15:19:18 | DEBUG |       21.002  9.855847e-01 -2.856139e-01 -6.645271e-02  7.468848e-02 |  12 2 1.024000e-03 
2019-11-08 15:19:18 | DEBUG |       21.004  9.855805e-01 -2.856257e-01 -6.645179e-02  7.468922e-02 |  13 2 2.048000e-03 
2019-11-08 15:19:18 | DEBUG |       21.008  9.855720e-01 -2.856493e-01 -6.644993e-02  7.469072e-02 |  14 2 4.096000e-03 
2019-11-08 15:19:18 | DEBUG |       21.016  9.855550e-01 -2.856972e-01 -6.644619e-02  7.469373e-02 |  15 2 8.192000e-03 
2019-11-08 15:19:18 | DEBUG |       21.033  9.855211e-01 -2.857937e-01 -6.643865e-02  7.469986e-02 |  16 2 1.638400e-02 
2019-11-08 15:19:18 | DEBUG |       21.065  9.854561e-01 -2.859841e-01 -6.642386e-02  7.471206e-02 |  17 2 3.276800e-02 
2019-11-08 15:19:18 | DEBUG |       21.131  9.853536e-01 -2.863108e-01 -6.639879e-02  7.473358e-02 |  18 2 6.553600e-02 
2019-11-08 15:19:18 | DEBUG |       21.262  9.853024e-01 -2.865923e-01 -6.637858e-02  7.475453e-02 |  19 2 1.310720e-01 
2019-11-08 15:19:18 | DEBUG | Algebraic mode change for model GEN____6_SM
2019-11-08 15:19:18 | DEBUG |       21.372  9.853958e-01 -2.864616e-01 -6.639058e-02  7.474931e-02 |  20 2 1.310720e-01 
2019-11-08 15:19:18 | DEBUG | calculation of the new starting point of the simulation.
2019-11-08 15:19:18 | DEBUG | Algebraic mode change for model GEN____6_SM
2019-11-08 15:19:18 | DEBUG |       21.372  9.853958e-01 -2.864616e-01 -6.639058e-02  7.474932e-02 |   0 0 0.000000e+00 
2019-11-08 15:19:18 | DEBUG | Algebraic mode change for model GEN____6_SM
2019-11-08 15:19:18 | DEBUG |       21.372  9.853958e-01 -2.864616e-01 -6.639058e-02  7.474932e-02 |   1 1 1.000000e-06 
2019-11-08 15:19:18 | DEBUG | calculation of the new starting point of the simulation.
2019-11-08 15:19:18 | DEBUG |       21.372  9.853958e-01 -2.864616e-01 -6.639058e-02  7.474932e-02 |   0 0 0.000000e+00 
2019-11-08 15:19:18 | DEBUG |       21.372  9.853958e-01 -2.864616e-01 -6.639058e-02  7.474932e-02 |   1 1 1.000000e-06 
2019-11-08 15:19:18 | DEBUG |       21.372  9.853958e-01 -2.864616e-01 -6.639058e-02  7.474932e-02 |   2 1 1.000000e-06 
2019-11-08 15:19:18 | DEBUG |       21.372  9.853958e-01 -2.864616e-01 -6.639058e-02  7.474932e-02 |   3 2 2.000000e-06 
2019-11-08 15:19:18 | DEBUG |       21.372  9.853958e-01 -2.864616e-01 -6.639058e-02  7.474931e-02 |   4 2 4.000000e-06 
2019-11-08 15:19:18 | DEBUG |       21.372  9.853958e-01 -2.864616e-01 -6.639058e-02  7.474931e-02 |   5 2 8.000000e-06 
2019-11-08 15:19:18 | DEBUG |       21.373  9.853958e-01 -2.864615e-01 -6.639059e-02  7.474931e-02 |   6 2 1.600000e-05 
2019-11-08 15:19:18 | DEBUG |       21.373  9.853959e-01 -2.864614e-01 -6.639059e-02  7.474931e-02 |   7 2 3.200000e-05 
2019-11-08 15:19:18 | DEBUG |       21.373  9.853960e-01 -2.864612e-01 -6.639061e-02  7.474930e-02 |   8 2 6.400000e-05 
2019-11-08 15:19:18 | DEBUG |       21.373  9.853962e-01 -2.864609e-01 -6.639064e-02  7.474928e-02 |   9 2 1.280000e-04 
2019-11-08 15:19:18 | DEBUG |       21.373  9.853965e-01 -2.864602e-01 -6.639070e-02  7.474924e-02 |  10 2 2.560000e-04 
2019-11-08 15:19:18 | DEBUG |       21.374  9.853973e-01 -2.864588e-01 -6.639082e-02  7.474917e-02 |  11 2 5.120000e-04 
2019-11-08 15:19:18 | DEBUG |       21.375  9.853988e-01 -2.864560e-01 -6.639106e-02  7.474902e-02 |  12 2 1.024000e-03 
2019-11-08 15:19:18 | DEBUG |       21.377  9.854018e-01 -2.864502e-01 -6.639154e-02  7.474872e-02 |  13 2 2.048000e-03 
2019-11-08 15:19:18 | DEBUG |       21.381  9.854080e-01 -2.864383e-01 -6.639255e-02  7.474810e-02 |  14 2 4.096000e-03 
2019-11-08 15:19:18 | DEBUG |       21.389  9.854208e-01 -2.864131e-01 -6.639467e-02  7.474675e-02 |  15 2 8.192000e-03 
2019-11-08 15:19:18 | DEBUG |       21.405  9.854480e-01 -2.863573e-01 -6.639932e-02  7.474370e-02 |  16 2 1.638400e-02 
2019-11-08 15:19:18 | DEBUG | Algebraic mode change for model GEN____8_SM
2019-11-08 15:19:18 | DEBUG |       21.434  9.854993e-01 -2.862462e-01 -6.640845e-02  7.473745e-02 |  17 2 3.276800e-02 
2019-11-08 15:19:18 | DEBUG | calculation of the new starting point of the simulation.
2019-11-08 15:19:18 | DEBUG |       21.434  9.854993e-01 -2.862462e-01 -6.640845e-02  7.473745e-02 |   0 0 0.000000e+00 
2019-11-08 15:19:18 | DEBUG |       21.434  9.854993e-01 -2.862462e-01 -6.640845e-02  7.473745e-02 |   1 1 1.000000e-06 
2019-11-08 15:19:18 | DEBUG |       21.434  9.854993e-01 -2.862462e-01 -6.640845e-02  7.473745e-02 |   2 1 1.000000e-06 
2019-11-08 15:19:18 | DEBUG |       21.434  9.854993e-01 -2.862462e-01 -6.640845e-02  7.473745e-02 |   3 2 2.000000e-06 
2019-11-08 15:19:18 | DEBUG |       21.434  9.854993e-01 -2.862462e-01 -6.640845e-02  7.473745e-02 |   4 2 4.000000e-06 
2019-11-08 15:19:18 | DEBUG |       21.434  9.854993e-01 -2.862461e-01 -6.640846e-02  7.473745e-02 |   5 2 8.000000e-06 
2019-11-08 15:19:18 | DEBUG |       21.434  9.854994e-01 -2.862461e-01 -6.640846e-02  7.473745e-02 |   6 2 1.600000e-05 
2019-11-08 15:19:18 | DEBUG |       21.434  9.854994e-01 -2.862459e-01 -6.640847e-02  7.473744e-02 |   7 2 3.200000e-05 
2019-11-08 15:19:18 | DEBUG |       21.434  9.854996e-01 -2.862457e-01 -6.640850e-02  7.473742e-02 |   8 2 6.400000e-05 
2019-11-08 15:19:18 | DEBUG |       21.434  9.854998e-01 -2.862451e-01 -6.640854e-02  7.473739e-02 |   9 2 1.280000e-04 
2019-11-08 15:19:18 | DEBUG |       21.434  9.855003e-01 -2.862440e-01 -6.640863e-02  7.473733e-02 |  10 2 2.560000e-04 
2019-11-08 15:19:18 | DEBUG |       21.435  9.855013e-01 -2.862419e-01 -6.640881e-02  7.473720e-02 |  11 2 5.120000e-04 
2019-11-08 15:19:18 | DEBUG |       21.436  9.855032e-01 -2.862375e-01 -6.640916e-02  7.473696e-02 |  12 2 1.024000e-03 
2019-11-08 15:19:18 | DEBUG |       21.438  9.855071e-01 -2.862287e-01 -6.640988e-02  7.473645e-02 |  13 2 2.048000e-03 
2019-11-08 15:19:18 | DEBUG |       21.442  9.855150e-01 -2.862110e-01 -6.641133e-02  7.473543e-02 |  14 2 4.096000e-03 
2019-11-08 15:19:18 | DEBUG |       21.450  9.855309e-01 -2.861747e-01 -6.641428e-02  7.473333e-02 |  15 2 8.192000e-03 
2019-11-08 15:19:18 | DEBUG |       21.467  9.855629e-01 -2.860999e-01 -6.642034e-02  7.472896e-02 |  16 2 1.638400e-02 
2019-11-08 15:19:18 | DEBUG |       21.499  9.856264e-01 -2.859462e-01 -6.643270e-02  7.471982e-02 |  17 2 3.276800e-02 
2019-11-08 15:19:18 | DEBUG |       21.565  9.857360e-01 -2.856609e-01 -6.645533e-02  7.470234e-02 |  18 2 6.553600e-02 
2019-11-08 15:19:18 | DEBUG | Algebraic mode change for model GEN____6_SM
2019-11-08 15:19:18 | DEBUG |       21.660  9.857552e-01 -2.855640e-01 -6.646234e-02  7.469523e-02 |  19 1 1.310720e-01 
2019-11-08 15:19:18 | DEBUG | calculation of the new starting point of the simulation.
2019-11-08 15:19:18 | DEBUG |       21.660  9.857552e-01 -2.855640e-01 -6.646234e-02  7.469523e-02 |   0 0 0.000000e+00 
2019-11-08 15:19:18 | DEBUG |       21.660  9.857552e-01 -2.855640e-01 -6.646234e-02  7.469523e-02 |   1 1 1.000000e-06 
2019-11-08 15:19:18 | DEBUG |       21.660  9.857552e-01 -2.855640e-01 -6.646234e-02  7.469523e-02 |   2 1 1.000000e-06 
2019-11-08 15:19:18 | DEBUG |       21.660  9.857552e-01 -2.855640e-01 -6.646234e-02  7.469523e-02 |   3 2 2.000000e-06 
2019-11-08 15:19:18 | DEBUG |       21.660  9.857552e-01 -2.855640e-01 -6.646234e-02  7.469523e-02 |   4 2 4.000000e-06 
2019-11-08 15:19:18 | DEBUG |       21.660  9.857552e-01 -2.855640e-01 -6.646234e-02  7.469523e-02 |   5 2 8.000000e-06 
2019-11-08 15:19:18 | DEBUG |       21.660  9.857552e-01 -2.855640e-01 -6.646234e-02  7.469522e-02 |   6 2 1.600000e-05 
2019-11-08 15:19:18 | DEBUG |       21.660  9.857552e-01 -2.855639e-01 -6.646235e-02  7.469522e-02 |   7 2 3.200000e-05 
2019-11-08 15:19:18 | DEBUG |       21.660  9.857552e-01 -2.855638e-01 -6.646236e-02  7.469521e-02 |   8 2 6.400000e-05 
2019-11-08 15:19:18 | DEBUG |       21.660  9.857553e-01 -2.855635e-01 -6.646237e-02  7.469519e-02 |   9 2 1.280000e-04 
2019-11-08 15:19:18 | DEBUG |       21.660  9.857554e-01 -2.855631e-01 -6.646241e-02  7.469516e-02 |  10 2 2.560000e-04 
2019-11-08 15:19:18 | DEBUG |       21.661  9.857557e-01 -2.855621e-01 -6.646248e-02  7.469510e-02 |  11 2 5.120000e-04 
2019-11-08 15:19:18 | DEBUG |       21.662  9.857563e-01 -2.855602e-01 -6.646263e-02  7.469497e-02 |  12 2 1.024000e-03 
2019-11-08 15:19:18 | DEBUG |       21.664  9.857574e-01 -2.855564e-01 -6.646292e-02  7.469471e-02 |  13 2 2.048000e-03 
2019-11-08 15:19:18 | DEBUG |       21.668  9.857595e-01 -2.855491e-01 -6.646347e-02  7.469422e-02 |  14 2 4.096000e-03 
2019-11-08 15:19:18 | DEBUG |       21.676  9.857632e-01 -2.855358e-01 -6.646447e-02  7.469331e-02 |  15 2 8.192000e-03 
2019-11-08 15:19:18 | DEBUG |       21.692  9.857685e-01 -2.855139e-01 -6.646609e-02  7.469177e-02 |  16 2 1.638400e-02 
2019-11-08 15:19:18 | DEBUG |       21.725  9.857710e-01 -2.854902e-01 -6.646772e-02  7.468989e-02 |  17 2 3.276800e-02 
2019-11-08 15:19:18 | DEBUG |       21.791  9.857471e-01 -2.855183e-01 -6.646500e-02  7.469076e-02 |  18 2 6.553600e-02 
2019-11-08 15:19:18 | DEBUG |       21.922  9.856386e-01 -2.857596e-01 -6.644527e-02  7.470453e-02 |  19 2 1.310720e-01 
2019-11-08 15:19:18 | DEBUG |       22.053  9.855209e-01 -2.860719e-01 -6.642058e-02  7.472382e-02 |  20 2 1.310720e-01 
2019-11-08 15:19:18 | DEBUG |       22.184  9.854654e-01 -2.862601e-01 -6.640627e-02  7.473646e-02 |  21 2 1.310720e-01 
2019-11-08 15:19:18 | DEBUG |       22.315  9.854923e-01 -2.862439e-01 -6.640834e-02  7.473680e-02 |  22 2 1.310720e-01 
2019-11-08 15:19:18 | DEBUG |       22.577  9.856068e-01 -2.859820e-01 -6.642964e-02  7.472164e-02 |  23 2 2.621440e-01 
2019-11-08 15:19:18 | DEBUG |       22.839  9.856594e-01 -2.858132e-01 -6.644257e-02  7.471050e-02 |  24 2 2.621440e-01 
2019-11-08 15:19:18 | DEBUG |       23.363  9.855997e-01 -2.859433e-01 -6.643189e-02  7.471785e-02 |  25 1 5.242880e-01 
2019-11-08 15:19:18 | DEBUG |       23.888  9.855869e-01 -2.859820e-01 -6.642889e-02  7.472035e-02 |  26 1 5.242880e-01 
2019-11-08 15:19:18 | DEBUG |       24.936  9.855873e-01 -2.859855e-01 -6.642868e-02  7.472068e-02 |  27 1 1.048576e+00 
2019-11-08 15:19:18 | DEBUG |       27.033  9.855863e-01 -2.859893e-01 -6.642840e-02  7.472094e-02 |  28 1 2.097152e+00 
2019-11-08 15:19:18 | DEBUG | tap of Transformer _BUS____5-BUS____6-1_PS change from 7 to 8
2019-11-08 15:19:18 | DEBUG | Algebraic mode change for model NETWORK
2019-11-08 15:19:18 | DEBUG |       30.091  9.855858e-01 -2.859913e-01 -6.642825e-02  7.472108e-02 |  29 1 4.194304e+00 
2019-11-08 15:19:18 | DEBUG | calculation of the new starting point of the simulation.
2019-11-08 15:19:18 | DEBUG |       30.091  9.847925e-01 -2.893296e-01 -6.618145e-02  7.495751e-02 |   0 0 0.000000e+00 
2019-11-08 15:19:18 | DEBUG |       30.091  9.847925e-01 -2.893297e-01 -6.618145e-02  7.495750e-02 |   1 1 1.000000e-06 
2019-11-08 15:19:18 | DEBUG |       30.091  9.847925e-01 -2.893297e-01 -6.618145e-02  7.495750e-02 |   2 1 1.000000e-06 
2019-11-08 15:19:18 | DEBUG |       30.091  9.847924e-01 -2.893298e-01 -6.618144e-02  7.495751e-02 |   3 2 2.000000e-06 
2019-11-08 15:19:18 | DEBUG |       30.091  9.847924e-01 -2.893300e-01 -6.618142e-02  7.495752e-02 |   4 2 4.000000e-06 
2019-11-08 15:19:18 | DEBUG |       30.091  9.847922e-01 -2.893304e-01 -6.618139e-02  7.495755e-02 |   5 2 8.000000e-06 
2019-11-08 15:19:18 | DEBUG |       30.091  9.847919e-01 -2.893312e-01 -6.618133e-02  7.495760e-02 |   6 2 1.600000e-05 
2019-11-08 15:19:18 | DEBUG |       30.091  9.847913e-01 -2.893328e-01 -6.618120e-02  7.495769e-02 |   7 2 3.200000e-05 
2019-11-08 15:19:18 | DEBUG |       30.091  9.847901e-01 -2.893359e-01 -6.618095e-02  7.495789e-02 |   8 2 6.400000e-05 
2019-11-08 15:19:18 | DEBUG |       30.091  9.847876e-01 -2.893422e-01 -6.618045e-02  7.495827e-02 |   9 2 1.280000e-04 
2019-11-08 15:19:18 | DEBUG |       30.091  9.847828e-01 -2.893548e-01 -6.617945e-02  7.495904e-02 |  10 2 2.560000e-04 
2019-11-08 15:19:18 | DEBUG |       30.092  9.847732e-01 -2.893795e-01 -6.617749e-02  7.496055e-02 |  11 2 5.120000e-04 
2019-11-08 15:19:18 | DEBUG |       30.093  9.847546e-01 -2.894276e-01 -6.617366e-02  7.496349e-02 |  12 2 1.024000e-03 
2019-11-08 15:19:18 | DEBUG |       30.095  9.847190e-01 -2.895189e-01 -6.616637e-02  7.496906e-02 |  13 2 2.048000e-03 
2019-11-08 15:19:18 | DEBUG |       30.099  9.846539e-01 -2.896843e-01 -6.615316e-02  7.497912e-02 |  14 2 4.096000e-03 
2019-11-08 15:19:18 | DEBUG |       30.107  9.845433e-01 -2.899599e-01 -6.613107e-02  7.499572e-02 |  15 2 8.192000e-03 
2019-11-08 15:19:18 | DEBUG |       30.123  9.843737e-01 -2.903671e-01 -6.609819e-02  7.501987e-02 |  16 2 1.638400e-02 
2019-11-08 15:19:18 | DEBUG |       30.140  9.842491e-01 -2.906507e-01 -6.607503e-02  7.503627e-02 |  17 2 1.638400e-02 
2019-11-08 15:19:18 | DEBUG |       30.173  9.840409e-01 -2.911148e-01 -6.603698e-02  7.506284e-02 |  18 2 3.276800e-02 
2019-11-08 15:19:18 | DEBUG |       30.205  9.838555e-01 -2.915334e-01 -6.600274e-02  7.508696e-02 |  19 2 3.276800e-02 
2019-11-08 15:19:18 | DEBUG |       30.238  9.836690e-01 -2.919742e-01 -6.596700e-02  7.511293e-02 |  20 2 3.276800e-02 
2019-11-08 15:19:18 | DEBUG |       30.304  9.833119e-01 -2.928757e-01 -6.589478e-02  7.516762e-02 |  21 2 6.553600e-02 
2019-11-08 15:19:18 | DEBUG |       30.387  9.831657e-01 -2.933763e-01 -6.585662e-02  7.520135e-02 |  22 1 1.310720e-01 
2019-11-08 15:19:18 | DEBUG |       30.435  9.830832e-01 -2.936587e-01 -6.583508e-02  7.522039e-02 |  22 1 1.310720e-01 
2019-11-08 15:19:18 | DEBUG |       30.530  9.831288e-01 -2.936928e-01 -6.583457e-02  7.522626e-02 |  23 1 9.557209e-02 
2019-11-08 15:19:18 | DEBUG |       30.607  9.832504e-01 -2.934693e-01 -6.585372e-02  7.521483e-02 |  24 1 9.557209e-02 
2019-11-08 15:19:18 | DEBUG |       30.626  9.832809e-01 -2.934131e-01 -6.585853e-02  7.521195e-02 |  24 1 9.557209e-02 
2019-11-08 15:19:18 | DEBUG | Algebraic mode change for model GEN____6_SM
2019-11-08 15:19:18 | DEBUG |       30.635  9.832974e-01 -2.933764e-01 -6.586155e-02  7.520984e-02 |  25 1 9.557209e-02 
2019-11-08 15:19:18 | DEBUG | calculation of the new starting point of the simulation.
2019-11-08 15:19:18 | DEBUG |       30.635  9.832974e-01 -2.933764e-01 -6.586155e-02  7.520984e-02 |   0 0 0.000000e+00 
2019-11-08 15:19:18 | DEBUG |       30.635  9.832974e-01 -2.933764e-01 -6.586155e-02  7.520984e-02 |   1 1 1.000000e-06 
2019-11-08 15:19:18 | DEBUG |       30.635  9.832974e-01 -2.933764e-01 -6.586155e-02  7.520984e-02 |   2 1 1.000000e-06 
2019-11-08 15:19:18 | DEBUG |       30.635  9.832974e-01 -2.933764e-01 -6.586155e-02  7.520984e-02 |   3 2 2.000000e-06 
2019-11-08 15:19:18 | DEBUG |       30.635  9.832974e-01 -2.933763e-01 -6.586155e-02  7.520984e-02 |   4 2 4.000000e-06 
2019-11-08 15:19:18 | DEBUG |       30.635  9.832974e-01 -2.933763e-01 -6.586155e-02  7.520984e-02 |   5 2 8.000000e-06 
2019-11-08 15:19:18 | DEBUG |       30.635  9.832974e-01 -2.933763e-01 -6.586156e-02  7.520984e-02 |   6 2 1.600000e-05 
2019-11-08 15:19:18 | DEBUG |       30.635  9.832975e-01 -2.933762e-01 -6.586157e-02  7.520983e-02 |   7 2 3.200000e-05 
2019-11-08 15:19:18 | DEBUG |       30.635  9.832976e-01 -2.933760e-01 -6.586158e-02  7.520982e-02 |   8 2 6.400000e-05 
2019-11-08 15:19:18 | DEBUG |       30.635  9.832978e-01 -2.933756e-01 -6.586162e-02  7.520980e-02 |   9 2 1.280000e-04 
2019-11-08 15:19:18 | DEBUG |       30.635  9.832982e-01 -2.933748e-01 -6.586168e-02  7.520976e-02 |  10 2 2.560000e-04 
2019-11-08 15:19:18 | DEBUG |       30.636  9.832990e-01 -2.933732e-01 -6.586182e-02  7.520968e-02 |  11 2 5.120000e-04 
2019-11-08 15:19:18 | DEBUG |       30.637  9.833007e-01 -2.933701e-01 -6.586208e-02  7.520951e-02 |  12 2 1.024000e-03 
2019-11-08 15:19:18 | DEBUG |       30.639  9.833041e-01 -2.933637e-01 -6.586263e-02  7.520918e-02 |  13 2 2.048000e-03 
2019-11-08 15:19:18 | DEBUG |       30.643  9.833109e-01 -2.933505e-01 -6.586375e-02  7.520848e-02 |  14 2 4.096000e-03 
2019-11-08 15:19:18 | DEBUG |       30.651  9.833252e-01 -2.933225e-01 -6.586611e-02  7.520699e-02 |  15 2 8.192000e-03 
2019-11-08 15:19:18 | DEBUG |       30.668  9.833554e-01 -2.932609e-01 -6.587127e-02  7.520363e-02 |  16 2 1.638400e-02 
2019-11-08 15:19:18 | DEBUG |       30.701  9.834209e-01 -2.931202e-01 -6.588291e-02  7.519572e-02 |  17 2 3.276800e-02 
2019-11-08 15:19:18 | DEBUG |       30.766  9.835543e-01 -2.928103e-01 -6.590814e-02  7.517760e-02 |  18 2 6.553600e-02 
2019-11-08 15:19:18 | DEBUG |       30.897  9.837381e-01 -2.923275e-01 -6.594654e-02  7.514783e-02 |  19 2 1.310720e-01 
2019-11-08 15:19:18 | DEBUG | Algebraic mode change for model GEN____6_SM
2019-11-08 15:19:18 | DEBUG |       30.922  9.837325e-01 -2.923279e-01 -6.594630e-02  7.514751e-02 |  20 1 1.310720e-01 
2019-11-08 15:19:18 | DEBUG | calculation of the new starting point of the simulation.
2019-11-08 15:19:18 | DEBUG |       30.922  9.837325e-01 -2.923279e-01 -6.594630e-02  7.514751e-02 |   0 0 0.000000e+00 
2019-11-08 15:19:18 | DEBUG |       30.922  9.837325e-01 -2.923279e-01 -6.594630e-02  7.514751e-02 |   1 1 1.000000e-06 
2019-11-08 15:19:18 | DEBUG |       30.922  9.837325e-01 -2.923279e-01 -6.594630e-02  7.514751e-02 |   2 1 1.000000e-06 
2019-11-08 15:19:18 | DEBUG |       30.922  9.837325e-01 -2.923279e-01 -6.594630e-02  7.514751e-02 |   3 2 2.000000e-06 
2019-11-08 15:19:18 | DEBUG |       30.922  9.837326e-01 -2.923279e-01 -6.594630e-02  7.514751e-02 |   4 2 4.000000e-06 
2019-11-08 15:19:18 | DEBUG |       30.922  9.837326e-01 -2.923279e-01 -6.594631e-02  7.514751e-02 |   5 2 8.000000e-06 
2019-11-08 15:19:18 | DEBUG |       30.922  9.837326e-01 -2.923278e-01 -6.594631e-02  7.514751e-02 |   6 2 1.600000e-05 
2019-11-08 15:19:18 | DEBUG |       30.922  9.837326e-01 -2.923278e-01 -6.594632e-02  7.514750e-02 |   7 2 3.200000e-05 
2019-11-08 15:19:18 | DEBUG |       30.922  9.837327e-01 -2.923276e-01 -6.594633e-02  7.514749e-02 |   8 2 6.400000e-05 
2019-11-08 15:19:18 | DEBUG |       30.922  9.837328e-01 -2.923272e-01 -6.594636e-02  7.514747e-02 |   9 2 1.280000e-04 
2019-11-08 15:19:18 | DEBUG |       30.922  9.837330e-01 -2.923266e-01 -6.594641e-02  7.514742e-02 |  10 2 2.560000e-04 
2019-11-08 15:19:18 | DEBUG |       30.923  9.837334e-01 -2.923252e-01 -6.594651e-02  7.514733e-02 |  11 2 5.120000e-04 
2019-11-08 15:19:18 | DEBUG |       30.924  9.837343e-01 -2.923225e-01 -6.594672e-02  7.514716e-02 |  12 2 1.024000e-03 
2019-11-08 15:19:18 | DEBUG |       30.926  9.837359e-01 -2.923172e-01 -6.594713e-02  7.514680e-02 |  13 2 2.048000e-03 
2019-11-08 15:19:18 | DEBUG |       30.930  9.837391e-01 -2.923069e-01 -6.594792e-02  7.514612e-02 |  14 2 4.096000e-03 
2019-11-08 15:19:18 | DEBUG |       30.938  9.837448e-01 -2.922878e-01 -6.594938e-02  7.514484e-02 |  15 2 8.192000e-03 
2019-11-08 15:19:18 | DEBUG |       30.955  9.837535e-01 -2.922557e-01 -6.595180e-02  7.514264e-02 |  16 2 1.638400e-02 
2019-11-08 15:19:18 | DEBUG |       30.987  9.837607e-01 -2.922162e-01 -6.595465e-02  7.513970e-02 |  17 2 3.276800e-02 
2019-11-08 15:19:18 | DEBUG |       31.053  9.837384e-01 -2.922298e-01 -6.595293e-02  7.513943e-02 |  18 2 6.553600e-02 
2019-11-08 15:19:18 | DEBUG |       31.184  9.836161e-01 -2.924826e-01 -6.593184e-02  7.515334e-02 |  19 2 1.310720e-01 
2019-11-08 15:19:18 | DEBUG |       31.315  9.834771e-01 -2.928278e-01 -6.590410e-02  7.517414e-02 |  20 2 1.310720e-01 
2019-11-08 15:19:18 | DEBUG |       31.446  9.834072e-01 -2.930397e-01 -6.588764e-02  7.518790e-02 |  21 2 1.310720e-01 
2019-11-08 15:19:18 | DEBUG |       31.577  9.834299e-01 -2.930296e-01 -6.588916e-02  7.518849e-02 |  22 2 1.310720e-01 
2019-11-08 15:19:18 | DEBUG |       31.839  9.835479e-01 -2.927653e-01 -6.591084e-02  7.517331e-02 |  23 2 2.621440e-01 
2019-11-08 15:19:18 | DEBUG |       32.101  9.835800e-01 -2.926569e-01 -6.591911e-02  7.516604e-02 |  24 1 2.621440e-01 
2019-11-08 15:19:18 | DEBUG |       32.364  9.835594e-01 -2.926957e-01 -6.591581e-02  7.516805e-02 |  25 1 2.621440e-01 
2019-11-08 15:19:18 | DEBUG |       32.888  9.835428e-01 -2.927377e-01 -6.591245e-02  7.517060e-02 |  26 1 5.242880e-01 
2019-11-08 15:19:18 | DEBUG |       33.936  9.835422e-01 -2.927410e-01 -6.591221e-02  7.517084e-02 |  27 1 1.048576e+00 
2019-11-08 15:19:18 | DEBUG | tap of Transformer _BUS____5-BUS____6-1_PS change from 8 to 9
2019-11-08 15:19:18 | DEBUG | Algebraic mode change for model NETWORK
2019-11-08 15:19:18 | DEBUG |       35.091  9.835422e-01 -2.927411e-01 -6.591221e-02  7.517085e-02 |  28 1 2.097152e+00 
2019-11-08 15:19:18 | DEBUG | calculation of the new starting point of the simulation.
2019-11-08 15:19:18 | DEBUG |       35.091  9.827191e-01 -2.960726e-01 -6.566362e-02  7.540506e-02 |   0 0 0.000000e+00 
2019-11-08 15:19:18 | DEBUG |       35.091  9.827191e-01 -2.960726e-01 -6.566362e-02  7.540503e-02 |   1 1 1.000000e-06 
2019-11-08 15:19:18 | DEBUG |       35.091  9.827191e-01 -2.960727e-01 -6.566362e-02  7.540503e-02 |   2 1 1.000000e-06 
2019-11-08 15:19:18 | DEBUG |       35.091  9.827190e-01 -2.960728e-01 -6.566361e-02  7.540504e-02 |   3 2 2.000000e-06 
2019-11-08 15:19:18 | DEBUG |       35.091  9.827190e-01 -2.960730e-01 -6.566359e-02  7.540505e-02 |   4 2 4.000000e-06 
2019-11-08 15:19:18 | DEBUG |       35.091  9.827188e-01 -2.960734e-01 -6.566356e-02  7.540507e-02 |   5 2 8.000000e-06 
2019-11-08 15:19:18 | DEBUG |       35.091  9.827185e-01 -2.960741e-01 -6.566350e-02  7.540512e-02 |   6 2 1.600000e-05 
2019-11-08 15:19:18 | DEBUG |       35.091  9.827179e-01 -2.960757e-01 -6.566337e-02  7.540522e-02 |   7 2 3.200000e-05 
2019-11-08 15:19:18 | DEBUG |       35.091  9.827166e-01 -2.960789e-01 -6.566312e-02  7.540541e-02 |   8 2 6.400000e-05 
2019-11-08 15:19:18 | DEBUG |       35.091  9.827142e-01 -2.960852e-01 -6.566261e-02  7.540579e-02 |   9 2 1.280000e-04 
2019-11-08 15:19:18 | DEBUG |       35.091  9.827092e-01 -2.960976e-01 -6.566161e-02  7.540655e-02 |  10 2 2.560000e-04 
2019-11-08 15:19:18 | DEBUG |       35.092  9.826995e-01 -2.961223e-01 -6.565964e-02  7.540805e-02 |  11 2 5.120000e-04 
2019-11-08 15:19:18 | DEBUG |       35.093  9.826805e-01 -2.961703e-01 -6.565578e-02  7.541096e-02 |  12 2 1.024000e-03 
2019-11-08 15:19:18 | DEBUG |       35.095  9.826442e-01 -2.962614e-01 -6.564846e-02  7.541648e-02 |  13 2 2.048000e-03 
2019-11-08 15:19:18 | DEBUG |       35.099  9.825778e-01 -2.964263e-01 -6.563517e-02  7.542643e-02 |  14 2 4.096000e-03 
2019-11-08 15:19:18 | DEBUG |       35.107  9.824651e-01 -2.967012e-01 -6.561296e-02  7.544288e-02 |  15 2 8.192000e-03 
2019-11-08 15:19:18 | DEBUG |       35.123  9.822926e-01 -2.971073e-01 -6.557990e-02  7.546680e-02 |  16 2 1.638400e-02 
2019-11-08 15:19:18 | DEBUG |       35.140  9.821660e-01 -2.973902e-01 -6.555662e-02  7.548305e-02 |  17 2 1.638400e-02 
2019-11-08 15:19:18 | DEBUG |       35.173  9.819548e-01 -2.978534e-01 -6.551836e-02  7.550941e-02 |  18 2 3.276800e-02 
2019-11-08 15:19:18 | DEBUG |       35.205  9.817668e-01 -2.982713e-01 -6.548392e-02  7.553337e-02 |  19 2 3.276800e-02 
2019-11-08 15:19:18 | DEBUG |       35.238  9.815775e-01 -2.987115e-01 -6.544797e-02  7.555917e-02 |  20 2 3.276800e-02 
2019-11-08 15:19:18 | DEBUG |       35.304  9.812147e-01 -2.996120e-01 -6.537530e-02  7.561352e-02 |  21 2 6.553600e-02 
2019-11-08 15:19:18 | DEBUG |       35.435  9.809813e-01 -3.003947e-01 -6.531518e-02  7.566604e-02 |  22 1 1.310720e-01 
2019-11-08 15:19:18 | DEBUG |       35.530  9.810275e-01 -3.004289e-01 -6.531467e-02  7.567194e-02 |  23 1 9.574428e-02 
2019-11-08 15:19:18 | DEBUG |       35.626  9.811825e-01 -3.001491e-01 -6.533884e-02  7.565776e-02 |  24 1 9.574428e-02 
2019-11-08 15:19:18 | DEBUG | Algebraic mode change for model GEN____6_SM
2019-11-08 15:19:18 | DEBUG |       35.648  9.812218e-01 -3.000627e-01 -6.534599e-02  7.565284e-02 |  25 1 9.574428e-02 
2019-11-08 15:19:18 | DEBUG | calculation of the new starting point of the simulation.
2019-11-08 15:19:18 | DEBUG |       35.648  9.812218e-01 -3.000627e-01 -6.534599e-02  7.565284e-02 |   0 0 0.000000e+00 
2019-11-08 15:19:18 | DEBUG |       35.648  9.812218e-01 -3.000627e-01 -6.534599e-02  7.565284e-02 |   1 1 1.000000e-06 
2019-11-08 15:19:18 | DEBUG |       35.648  9.812219e-01 -3.000627e-01 -6.534599e-02  7.565284e-02 |   2 1 1.000000e-06 
2019-11-08 15:19:18 | DEBUG |       35.648  9.812219e-01 -3.000627e-01 -6.534599e-02  7.565284e-02 |   3 2 2.000000e-06 
2019-11-08 15:19:18 | DEBUG |       35.648  9.812219e-01 -3.000627e-01 -6.534599e-02  7.565283e-02 |   4 2 4.000000e-06 
2019-11-08 15:19:18 | DEBUG |       35.648  9.812219e-01 -3.000627e-01 -6.534599e-02  7.565283e-02 |   5 2 8.000000e-06 
2019-11-08 15:19:18 | DEBUG |       35.648  9.812219e-01 -3.000626e-01 -6.534600e-02  7.565283e-02 |   6 2 1.600000e-05 
2019-11-08 15:19:18 | DEBUG |       35.648  9.812220e-01 -3.000625e-01 -6.534601e-02  7.565283e-02 |   7 2 3.200000e-05 
2019-11-08 15:19:18 | DEBUG |       35.648  9.812221e-01 -3.000623e-01 -6.534602e-02  7.565282e-02 |   8 2 6.400000e-05 
2019-11-08 15:19:18 | DEBUG |       35.648  9.812223e-01 -3.000619e-01 -6.534606e-02  7.565279e-02 |   9 2 1.280000e-04 
2019-11-08 15:19:18 | DEBUG |       35.648  9.812227e-01 -3.000611e-01 -6.534613e-02  7.565275e-02 |  10 2 2.560000e-04 
2019-11-08 15:19:18 | DEBUG |       35.649  9.812236e-01 -3.000595e-01 -6.534627e-02  7.565267e-02 |  11 2 5.120000e-04 
2019-11-08 15:19:18 | DEBUG |       35.650  9.812253e-01 -3.000562e-01 -6.534655e-02  7.565249e-02 |  12 2 1.024000e-03 
2019-11-08 15:19:18 | DEBUG |       35.652  9.812287e-01 -3.000495e-01 -6.534711e-02  7.565214e-02 |  13 2 2.048000e-03 
2019-11-08 15:19:18 | DEBUG |       35.656  9.812358e-01 -3.000359e-01 -6.534828e-02  7.565141e-02 |  14 2 4.096000e-03 
2019-11-08 15:19:18 | DEBUG |       35.664  9.812504e-01 -3.000071e-01 -6.535071e-02  7.564987e-02 |  15 2 8.192000e-03 
2019-11-08 15:19:18 | DEBUG |       35.681  9.812810e-01 -2.999447e-01 -6.535596e-02  7.564645e-02 |  16 2 1.638400e-02 
2019-11-08 15:19:18 | DEBUG |       35.713  9.813463e-01 -2.998048e-01 -6.536758e-02  7.563859e-02 |  17 2 3.276800e-02 
2019-11-08 15:19:18 | DEBUG |       35.779  9.814763e-01 -2.995055e-01 -6.539210e-02  7.562111e-02 |  18 2 6.553600e-02 
2019-11-08 15:19:18 | DEBUG |       35.910  9.816473e-01 -2.990599e-01 -6.542774e-02  7.559367e-02 |  19 2 1.310720e-01 
2019-11-08 15:19:18 | DEBUG | Algebraic mode change for model GEN____6_SM
2019-11-08 15:19:18 | DEBUG |       35.913  9.816463e-01 -2.990606e-01 -6.542766e-02  7.559367e-02 |  20 1 1.310720e-01 
2019-11-08 15:19:18 | DEBUG | calculation of the new starting point of the simulation.
2019-11-08 15:19:18 | DEBUG |       35.913  9.816463e-01 -2.990606e-01 -6.542766e-02  7.559367e-02 |   0 0 0.000000e+00 
2019-11-08 15:19:18 | DEBUG |       35.913  9.816463e-01 -2.990606e-01 -6.542766e-02  7.559367e-02 |   1 1 1.000000e-06 
2019-11-08 15:19:18 | DEBUG |       35.913  9.816463e-01 -2.990606e-01 -6.542766e-02  7.559367e-02 |   2 1 1.000000e-06 
2019-11-08 15:19:18 | DEBUG |       35.913  9.816463e-01 -2.990606e-01 -6.542766e-02  7.559367e-02 |   3 2 2.000000e-06 
2019-11-08 15:19:18 | DEBUG |       35.913  9.816463e-01 -2.990606e-01 -6.542766e-02  7.559367e-02 |   4 2 4.000000e-06 
2019-11-08 15:19:18 | DEBUG |       35.913  9.816463e-01 -2.990606e-01 -6.542766e-02  7.559367e-02 |   5 2 8.000000e-06 
2019-11-08 15:19:18 | DEBUG |       35.913  9.816463e-01 -2.990605e-01 -6.542766e-02  7.559366e-02 |   6 2 1.600000e-05 
2019-11-08 15:19:18 | DEBUG |       35.913  9.816464e-01 -2.990604e-01 -6.542767e-02  7.559366e-02 |   7 2 3.200000e-05 
2019-11-08 15:19:18 | DEBUG |       35.913  9.816464e-01 -2.990602e-01 -6.542768e-02  7.559365e-02 |   8 2 6.400000e-05 
2019-11-08 15:19:18 | DEBUG |       35.913  9.816465e-01 -2.990599e-01 -6.542771e-02  7.559362e-02 |   9 2 1.280000e-04 
2019-11-08 15:19:18 | DEBUG |       35.914  9.816468e-01 -2.990591e-01 -6.542777e-02  7.559358e-02 |  10 2 2.560000e-04 
2019-11-08 15:19:18 | DEBUG |       35.914  9.816472e-01 -2.990577e-01 -6.542788e-02  7.559348e-02 |  11 2 5.120000e-04 
2019-11-08 15:19:18 | DEBUG |       35.915  9.816482e-01 -2.990548e-01 -6.542810e-02  7.559329e-02 |  12 2 1.024000e-03 
2019-11-08 15:19:18 | DEBUG |       35.917  9.816500e-01 -2.990492e-01 -6.542854e-02  7.559293e-02 |  13 2 2.048000e-03 
2019-11-08 15:19:18 | DEBUG |       35.921  9.816535e-01 -2.990383e-01 -6.542939e-02  7.559221e-02 |  14 2 4.096000e-03 
2019-11-08 15:19:18 | DEBUG |       35.929  9.816598e-01 -2.990180e-01 -6.543095e-02  7.559087e-02 |  15 2 8.192000e-03 
2019-11-08 15:19:18 | DEBUG |       35.946  9.816696e-01 -2.989837e-01 -6.543357e-02  7.558854e-02 |  16 2 1.638400e-02 
2019-11-08 15:19:18 | DEBUG |       35.979  9.816783e-01 -2.989405e-01 -6.543673e-02  7.558537e-02 |  17 2 3.276800e-02 
2019-11-08 15:19:18 | DEBUG |       36.044  9.816569e-01 -2.989500e-01 -6.543530e-02  7.558482e-02 |  18 2 6.553600e-02 
2019-11-08 15:19:18 | DEBUG |       36.175  9.815302e-01 -2.992060e-01 -6.541377e-02  7.559876e-02 |  19 2 1.310720e-01 
2019-11-08 15:19:18 | DEBUG |       36.306  9.813833e-01 -2.995629e-01 -6.538484e-02  7.562010e-02 |  20 2 1.310720e-01 
2019-11-08 15:19:18 | DEBUG |       36.437  9.813074e-01 -2.997860e-01 -6.536735e-02  7.563447e-02 |  21 2 1.310720e-01 
2019-11-08 15:19:18 | DEBUG |       36.568  9.813292e-01 -2.997803e-01 -6.536855e-02  7.563537e-02 |  22 2 1.310720e-01 
2019-11-08 15:19:18 | DEBUG |       36.831  9.814527e-01 -2.995097e-01 -6.539094e-02  7.561996e-02 |  23 2 2.621440e-01 
2019-11-08 15:19:18 | DEBUG |       37.093  9.814881e-01 -2.993945e-01 -6.539982e-02  7.561231e-02 |  24 1 2.621440e-01 
2019-11-08 15:19:18 | DEBUG |       37.355  9.814669e-01 -2.994333e-01 -6.539648e-02  7.561429e-02 |  25 1 2.621440e-01 
2019-11-08 15:19:18 | DEBUG |       37.617  9.814509e-01 -2.994717e-01 -6.539336e-02  7.561657e-02 |  26 1 2.621440e-01 
2019-11-08 15:19:18 | DEBUG |       38.141  9.814479e-01 -2.994816e-01 -6.539260e-02  7.561723e-02 |  27 1 5.242880e-01 
2019-11-08 15:19:18 | DEBUG |       39.190  9.814489e-01 -2.994799e-01 -6.539275e-02  7.561715e-02 |  28 1 1.048576e+00 
2019-11-08 15:19:18 | DEBUG | tap of Transformer _BUS____5-BUS____6-1_PS change from 9 to 10
2019-11-08 15:19:18 | DEBUG | Algebraic mode change for model NETWORK
2019-11-08 15:19:18 | DEBUG |       40.091  9.814488e-01 -2.994801e-01 -6.539273e-02  7.561717e-02 |  29 1 2.097152e+00 
2019-11-08 15:19:18 | DEBUG | calculation of the new starting point of the simulation.
2019-11-08 15:19:18 | DEBUG |       40.091  9.805959e-01 -3.028046e-01 -6.514238e-02  7.584915e-02 |   0 0 0.000000e+00 
2019-11-08 15:19:18 | DEBUG |       40.091  9.805959e-01 -3.028046e-01 -6.514237e-02  7.584908e-02 |   1 1 1.000000e-06 
2019-11-08 15:19:18 | DEBUG |       40.091  9.805959e-01 -3.028047e-01 -6.514237e-02  7.584908e-02 |   2 1 1.000000e-06 
2019-11-08 15:19:18 | DEBUG |       40.091  9.805958e-01 -3.028048e-01 -6.514236e-02  7.584909e-02 |   3 2 2.000000e-06 
2019-11-08 15:19:18 | DEBUG |       40.091  9.805958e-01 -3.028049e-01 -6.514235e-02  7.584910e-02 |   4 2 4.000000e-06 
2019-11-08 15:19:18 | DEBUG |       40.091  9.805956e-01 -3.028053e-01 -6.514231e-02  7.584912e-02 |   5 2 8.000000e-06 
2019-11-08 15:19:18 | DEBUG |       40.091  9.805953e-01 -3.028061e-01 -6.514225e-02  7.584917e-02 |   6 2 1.600000e-05 
2019-11-08 15:19:18 | DEBUG |       40.091  9.805947e-01 -3.028077e-01 -6.514212e-02  7.584926e-02 |   7 2 3.200000e-05 
2019-11-08 15:19:18 | DEBUG |       40.091  9.805934e-01 -3.028108e-01 -6.514187e-02  7.584945e-02 |   8 2 6.400000e-05 
2019-11-08 15:19:18 | DEBUG |       40.091  9.805909e-01 -3.028171e-01 -6.514136e-02  7.584983e-02 |   9 2 1.280000e-04 
2019-11-08 15:19:18 | DEBUG |       40.091  9.805858e-01 -3.028296e-01 -6.514035e-02  7.585058e-02 |  10 2 2.560000e-04 
2019-11-08 15:19:18 | DEBUG |       40.092  9.805759e-01 -3.028541e-01 -6.513837e-02  7.585206e-02 |  11 2 5.120000e-04 
2019-11-08 15:19:18 | DEBUG |       40.093  9.805565e-01 -3.029020e-01 -6.513449e-02  7.585495e-02 |  12 2 1.024000e-03 
2019-11-08 15:19:18 | DEBUG |       40.095  9.805195e-01 -3.029928e-01 -6.512713e-02  7.586041e-02 |  13 2 2.048000e-03 
2019-11-08 15:19:18 | DEBUG |       40.099  9.804519e-01 -3.031573e-01 -6.511377e-02  7.587027e-02 |  14 2 4.096000e-03 
2019-11-08 15:19:18 | DEBUG |       40.107  9.803372e-01 -3.034314e-01 -6.509144e-02  7.588655e-02 |  15 2 8.192000e-03 
2019-11-08 15:19:18 | DEBUG |       40.120  9.801895e-01 -3.037741e-01 -6.506335e-02  7.590665e-02 |  16 2 1.638400e-02 
2019-11-08 15:19:18 | DEBUG |       40.123  9.801617e-01 -3.038364e-01 -6.505820e-02  7.591024e-02 |  16 2 1.638400e-02 
2019-11-08 15:19:18 | DEBUG |       40.140  9.800331e-01 -3.041187e-01 -6.503480e-02  7.592635e-02 |  17 2 1.638400e-02 
2019-11-08 15:19:18 | DEBUG |       40.173  9.798189e-01 -3.045808e-01 -6.499633e-02  7.595250e-02 |  18 2 3.276800e-02 
2019-11-08 15:19:18 | DEBUG |       40.205  9.796282e-01 -3.049982e-01 -6.496169e-02  7.597630e-02 |  19 2 3.276800e-02 
2019-11-08 15:19:18 | DEBUG |       40.238  9.794361e-01 -3.054380e-01 -6.492551e-02  7.600194e-02 |  20 2 3.276800e-02 
2019-11-08 15:19:18 | DEBUG |       40.304  9.790673e-01 -3.063376e-01 -6.485236e-02  7.605596e-02 |  21 2 6.553600e-02 
2019-11-08 15:19:18 | DEBUG |       40.435  9.788292e-01 -3.071205e-01 -6.479179e-02  7.610826e-02 |  22 1 1.310720e-01 
2019-11-08 15:19:18 | DEBUG |       40.531  9.788759e-01 -3.071550e-01 -6.479127e-02  7.611420e-02 |  23 1 9.590392e-02 
2019-11-08 15:19:18 | DEBUG |       40.626  9.790337e-01 -3.068753e-01 -6.481564e-02  7.610015e-02 |  24 1 9.590392e-02 
2019-11-08 15:19:18 | DEBUG | Algebraic mode change for model GEN____6_SM
2019-11-08 15:19:18 | DEBUG |       40.661  9.790977e-01 -3.067374e-01 -6.482713e-02  7.609235e-02 |  25 1 9.590392e-02 
2019-11-08 15:19:18 | DEBUG | calculation of the new starting point of the simulation.
2019-11-08 15:19:18 | DEBUG |       40.661  9.790977e-01 -3.067374e-01 -6.482713e-02  7.609235e-02 |   0 0 0.000000e+00 
2019-11-08 15:19:18 | DEBUG |       40.661  9.790977e-01 -3.067374e-01 -6.482714e-02  7.609235e-02 |   1 1 1.000000e-06 
2019-11-08 15:19:18 | DEBUG |       40.661  9.790977e-01 -3.067374e-01 -6.482714e-02  7.609235e-02 |   2 1 1.000000e-06 
2019-11-08 15:19:18 | DEBUG |       40.661  9.790977e-01 -3.067374e-01 -6.482714e-02  7.609235e-02 |   3 2 2.000000e-06 
2019-11-08 15:19:18 | DEBUG |       40.661  9.790977e-01 -3.067374e-01 -6.482714e-02  7.609235e-02 |   4 2 4.000000e-06 
2019-11-08 15:19:18 | DEBUG |       40.661  9.790977e-01 -3.067374e-01 -6.482714e-02  7.609235e-02 |   5 2 8.000000e-06 
2019-11-08 15:19:18 | DEBUG |       40.661  9.790977e-01 -3.067373e-01 -6.482714e-02  7.609235e-02 |   6 2 1.600000e-05 
2019-11-08 15:19:18 | DEBUG |       40.661  9.790978e-01 -3.067372e-01 -6.482715e-02  7.609234e-02 |   7 2 3.200000e-05 
2019-11-08 15:19:18 | DEBUG |       40.661  9.790979e-01 -3.067370e-01 -6.482717e-02  7.609233e-02 |   8 2 6.400000e-05 
2019-11-08 15:19:18 | DEBUG |       40.661  9.790981e-01 -3.067366e-01 -6.482721e-02  7.609231e-02 |   9 2 1.280000e-04 
2019-11-08 15:19:18 | DEBUG |       40.662  9.790986e-01 -3.067357e-01 -6.482728e-02  7.609226e-02 |  10 2 2.560000e-04 
2019-11-08 15:19:18 | DEBUG |       40.662  9.790994e-01 -3.067340e-01 -6.482743e-02  7.609217e-02 |  11 2 5.120000e-04 
2019-11-08 15:19:18 | DEBUG |       40.663  9.791012e-01 -3.067306e-01 -6.482772e-02  7.609199e-02 |  12 2 1.024000e-03 
2019-11-08 15:19:18 | DEBUG |       40.665  9.791048e-01 -3.067237e-01 -6.482831e-02  7.609162e-02 |  13 2 2.048000e-03 
2019-11-08 15:19:18 | DEBUG |       40.669  9.791120e-01 -3.067095e-01 -6.482951e-02  7.609086e-02 |  14 2 4.096000e-03 
2019-11-08 15:19:18 | DEBUG |       40.677  9.791269e-01 -3.066800e-01 -6.483202e-02  7.608927e-02 |  15 2 8.192000e-03 
2019-11-08 15:19:18 | DEBUG |       40.694  9.791580e-01 -3.066167e-01 -6.483736e-02  7.608579e-02 |  16 2 1.638400e-02 
2019-11-08 15:19:18 | DEBUG |       40.727  9.792231e-01 -3.064778e-01 -6.484896e-02  7.607797e-02 |  17 2 3.276800e-02 
2019-11-08 15:19:18 | DEBUG |       40.792  9.793492e-01 -3.061894e-01 -6.487271e-02  7.606115e-02 |  18 2 6.553600e-02 
2019-11-08 15:19:18 | DEBUG | Algebraic mode change for model GEN____6_SM
2019-11-08 15:19:18 | DEBUG |       40.869  9.794023e-01 -3.060346e-01 -6.488491e-02  7.605121e-02 |  19 1 1.310720e-01 
2019-11-08 15:19:18 | DEBUG | calculation of the new starting point of the simulation.
2019-11-08 15:19:18 | DEBUG |       40.869  9.794023e-01 -3.060346e-01 -6.488491e-02  7.605121e-02 |   0 0 0.000000e+00 
2019-11-08 15:19:18 | DEBUG |       40.869  9.794023e-01 -3.060346e-01 -6.488491e-02  7.605121e-02 |   1 1 1.000000e-06 
2019-11-08 15:19:18 | DEBUG |       40.869  9.794023e-01 -3.060346e-01 -6.488491e-02  7.605121e-02 |   2 1 1.000000e-06 
2019-11-08 15:19:18 | DEBUG |       40.869  9.794023e-01 -3.060346e-01 -6.488491e-02  7.605121e-02 |   3 2 2.000000e-06 
2019-11-08 15:19:18 | DEBUG |       40.869  9.794023e-01 -3.060346e-01 -6.488491e-02  7.605121e-02 |   4 2 4.000000e-06 
2019-11-08 15:19:18 | DEBUG |       40.869  9.794024e-01 -3.060346e-01 -6.488491e-02  7.605121e-02 |   5 2 8.000000e-06 
2019-11-08 15:19:18 | DEBUG |       40.869  9.794024e-01 -3.060345e-01 -6.488492e-02  7.605120e-02 |   6 2 1.600000e-05 
2019-11-08 15:19:18 | DEBUG |       40.869  9.794024e-01 -3.060344e-01 -6.488493e-02  7.605120e-02 |   7 2 3.200000e-05 
2019-11-08 15:19:18 | DEBUG |       40.869  9.794025e-01 -3.060343e-01 -6.488494e-02  7.605119e-02 |   8 2 6.400000e-05 
2019-11-08 15:19:18 | DEBUG |       40.869  9.794026e-01 -3.060339e-01 -6.488497e-02  7.605116e-02 |   9 2 1.280000e-04 
2019-11-08 15:19:18 | DEBUG |       40.870  9.794029e-01 -3.060331e-01 -6.488504e-02  7.605111e-02 |  10 2 2.560000e-04 
2019-11-08 15:19:18 | DEBUG |       40.870  9.794036e-01 -3.060315e-01 -6.488516e-02  7.605102e-02 |  11 2 5.120000e-04 
2019-11-08 15:19:18 | DEBUG |       40.871  9.794048e-01 -3.060284e-01 -6.488542e-02  7.605082e-02 |  12 2 1.024000e-03 
2019-11-08 15:19:18 | DEBUG |       40.873  9.794072e-01 -3.060222e-01 -6.488591e-02  7.605044e-02 |  13 2 2.048000e-03 
2019-11-08 15:19:18 | DEBUG |       40.877  9.794119e-01 -3.060099e-01 -6.488690e-02  7.604969e-02 |  14 2 4.096000e-03 
2019-11-08 15:19:18 | DEBUG |       40.886  9.794209e-01 -3.059863e-01 -6.488879e-02  7.604822e-02 |  15 2 8.192000e-03 
2019-11-08 15:19:18 | DEBUG |       40.902  9.794371e-01 -3.059426e-01 -6.489228e-02  7.604549e-02 |  16 2 1.638400e-02 
2019-11-08 15:19:18 | DEBUG |       40.935  9.794617e-01 -3.058713e-01 -6.489790e-02  7.604092e-02 |  17 2 3.276800e-02 
2019-11-08 15:19:18 | DEBUG |       41.000  9.794794e-01 -3.057996e-01 -6.490329e-02  7.603588e-02 |  18 2 6.553600e-02 
2019-11-08 15:19:18 | DEBUG |       41.131  9.794237e-01 -3.058838e-01 -6.489566e-02  7.603957e-02 |  19 2 1.310720e-01 
2019-11-08 15:19:18 | DEBUG |       41.262  9.793107e-01 -3.061349e-01 -6.487486e-02  7.605401e-02 |  20 2 1.310720e-01 
2019-11-08 15:19:18 | DEBUG |       41.393  9.792214e-01 -3.063638e-01 -6.485641e-02  7.606804e-02 |  21 2 1.310720e-01 
2019-11-08 15:19:18 | DEBUG |       41.656  9.792558e-01 -3.063237e-01 -6.486036e-02  7.606678e-02 |  22 1 2.621440e-01 
2019-11-08 15:19:18 | DEBUG |       41.891  9.792969e-01 -3.062337e-01 -6.486783e-02  7.606164e-02 |  23 1 2.359296e-01 
2019-11-08 15:19:18 | DEBUG |       42.363  9.793103e-01 -3.061975e-01 -6.487072e-02  7.605937e-02 |  24 1 4.718592e-01 
2019-11-08 15:19:18 | DEBUG |       42.835  9.793073e-01 -3.062031e-01 -6.487024e-02  7.605967e-02 |  25 1 4.718592e-01 
2019-11-08 15:19:18 | DEBUG |       43.779  9.793054e-01 -3.062081e-01 -6.486984e-02  7.605998e-02 |  26 1 9.437184e-01 
2019-11-08 15:19:18 | DEBUG |       45.666  9.793050e-01 -3.062096e-01 -6.486972e-02  7.606008e-02 |  27 1 1.887437e+00 
2019-11-08 15:19:18 | DEBUG |       49.441  9.793047e-01 -3.062104e-01 -6.486966e-02  7.606013e-02 |  28 1 3.774874e+00 
2019-11-08 15:19:18 | DEBUG |       56.991  9.793046e-01 -3.062107e-01 -6.486964e-02  7.606015e-02 |  29 1 7.549747e+00 
2019-11-08 15:19:18 | DEBUG |       66.991  9.793046e-01 -3.062108e-01 -6.486963e-02  7.606016e-02 |  30 1 1.000000e+01 
2019-11-08 15:19:18 | DEBUG |       76.991  9.793046e-01 -3.062108e-01 -6.486963e-02  7.606016e-02 |  31 1 1.000000e+01 
2019-11-08 15:19:18 | DEBUG |       86.991  9.793046e-01 -3.062108e-01 -6.486963e-02  7.606016e-02 |  32 1 1.000000e+01 
2019-11-08 15:19:18 | DEBUG |       96.991  9.793046e-01 -3.062108e-01 -6.486963e-02  7.606016e-02 |  33 1 1.000000e+01 
2019-11-08 15:19:18 | DEBUG |      100.000  9.793046e-01 -3.062108e-01 -6.486963e-02  7.606016e-02 |  34 1 3.009011e+00 
2019-11-08 15:19:18 | DEBUG | get parameter value in model multi : phaseShifter_iMax value: 0.475 in submodel: PhaseShifter
2019-11-08 15:19:18 | INFO | parameter curve:PhaseShifter curve variable:phaseShifter_iMax updated.
2019-11-08 15:19:18 | DEBUG | get parameter value in model multi : phaseShifter_iStop value: 0.45 in submodel: PhaseShifter
2019-11-08 15:19:18 | INFO | parameter curve:PhaseShifter curve variable:phaseShifter_iStop updated.
2019-11-08 15:19:18 | DEBUG | 
2019-11-08 15:19:18 | DEBUG | execution Stats :
2019-11-08 15:19:18 | DEBUG | 
2019-11-08 15:19:18 | DEBUG | number of iterations                     = 495
2019-11-08 15:19:18 | DEBUG | number of Residual evaluations           = 663
2019-11-08 15:19:18 | DEBUG | number of Jacobian evaluations           = 401
2019-11-08 15:19:18 | DEBUG | number of Nonlinear iterations           = 661
2019-11-08 15:19:18 | DEBUG | number of error test failures            = 1
2019-11-08 15:19:18 | DEBUG | number of Nonlinear convergence failures = 0
2019-11-08 15:19:18 | DEBUG | number of root functions evaluations     = 1799
2019-11-08 15:19:18 | DEBUG | end of job 'IEEE14 - PhaseShifterI'
