INFO |  ============================================================ 
INFO | DYNAWO VERSION  :     1.8.0
INFO | DYNAWO REVISION :  master-18-475edf01e10
INFO |  ============================================================ 
INFO | 
INFO | -----------------------------------------------------------------------
INFO | building model from input files
INFO | -----------------------------------------------------------------------
INFO | model was built successfully
INFO | -----------------------------------------------------------------------
INFO | 
INFO | -----------------------------------------------------------------------
INFO | starting local initialization
INFO | -----------------------------------------------------------------------
INFO | end of local initialization
INFO | -----------------------------------------------------------------------
INFO | 
INFO | -----------------------------------------------------------------------
INFO | starting global initialization
INFO | -----------------------------------------------------------------------
INFO | end of global initialization
INFO | -----------------------------------------------------------------------
INFO | 
INFO | -----------------------------------------------------------------------
INFO | starting curve initialization
INFO | -----------------------------------------------------------------------
INFO | end of curve initialization, added 18 curves
INFO | -----------------------------------------------------------------------
INFO | 
INFO | -----------------------------------------------------------------------
INFO | starting simulation with solver IDASolver
INFO | -----------------------------------------------------------------------
INFO | -----------------------------------------------------------------------
INFO | number of continuous variables : 77
INFO | number of discrete variables : 20
INFO | number of root functions : 25
INFO | -----------------------------------------------------------------------
INFO |         time ¦ iter num   order (k)      time step (h)
INFO | -----------------------------------------------------------------------
INFO |        0.000 ¦        0           0              0.005 
INFO |        0.000 ¦        1           1              0.000 
INFO |        0.000 ¦        2           1              0.000 
INFO |        0.000 ¦        3           2              0.000 
INFO |        0.000 ¦        4           2              0.000 
INFO |        0.000 ¦        5           2              0.000 
INFO |        0.000 ¦        6           2              0.000 
INFO |        0.000 ¦        7           2              0.000 
INFO |        0.000 ¦        8           2              0.000 
INFO |        0.000 ¦        9           2              0.000 
INFO |        0.001 ¦       10           2              0.000 
INFO |        0.001 ¦       11           2              0.001 
INFO |        0.002 ¦       12           2              0.001 
INFO |        0.004 ¦       13           2              0.002 
INFO |        0.008 ¦       14           2              0.004 
INFO |        0.016 ¦       15           2              0.008 
INFO |        0.033 ¦       16           2              0.016 
INFO |        0.066 ¦       17           2              0.033 
INFO |        0.131 ¦       18           2              0.066 
INFO |        0.262 ¦       19           1              0.131 
INFO |        0.524 ¦       20           1              0.262 
INFO | Algebraic mode (with J recalculation) change at t = 1
INFO |        1.000 ¦       21           1              0.524 
INFO | calculation of the new starting point of the simulation.
INFO |        1.000 ¦        0           0              0.000 
INFO |        1.000 ¦        1           1              0.000 
INFO |        1.000 ¦        2           1              0.000 
INFO |        1.000 ¦        3           2              0.000 
INFO |        1.000 ¦        4           2              0.000 
INFO |        1.000 ¦        5           2              0.000 
INFO |        1.000 ¦        6           2              0.000 
INFO |        1.000 ¦        7           2              0.000 
INFO |        1.000 ¦        8           2              0.000 
INFO |        1.000 ¦        9           2              0.000 
INFO |        1.001 ¦       10           2              0.000 
INFO | Algebraic mode change at t = 1.00062
INFO |        1.001 ¦       11           2              0.001 
INFO | calculation of the new starting point of the simulation.
INFO |        1.001 ¦        0           0              0.000 
INFO |        1.001 ¦        1           1              0.000 
INFO |        1.001 ¦        2           1              0.000 
INFO |        1.001 ¦        3           2              0.000 
INFO |        1.001 ¦        4           2              0.000 
INFO |        1.001 ¦        5           2              0.000 
INFO |        1.001 ¦        6           2              0.000 
INFO |        1.001 ¦        7           2              0.000 
INFO |        1.001 ¦        8           2              0.000 
INFO |        1.001 ¦        9           2              0.000 
INFO |        1.001 ¦       10           2              0.000 
INFO |        1.002 ¦       11           2              0.001 
INFO |        1.003 ¦       12           2              0.001 
INFO |        1.005 ¦       13           2              0.002 
INFO |        1.007 ¦       14           2              0.002 
INFO |        1.009 ¦       15           2              0.002 
INFO |        1.011 ¦       16           2              0.002 
INFO |        1.013 ¦       17           2              0.002 
INFO |        1.015 ¦       18           2              0.002 
INFO |        1.017 ¦       19           2              0.002 
INFO |        1.019 ¦       20           2              0.002 
INFO |        1.021 ¦       21           2              0.002 
INFO |        1.023 ¦       22           2              0.002 
INFO |        1.025 ¦       23           2              0.002 
INFO |        1.027 ¦       24           2              0.002 
INFO |        1.029 ¦       25           2              0.002 
INFO |        1.033 ¦       26           2              0.004 
INFO |        1.037 ¦       27           2              0.004 
INFO |        1.041 ¦       28           2              0.004 
INFO |        1.044 ¦       29           2              0.004 
INFO |        1.048 ¦       30           2              0.004 
INFO |        1.052 ¦       31           2              0.004 
INFO |        1.056 ¦       32           2              0.004 
INFO |        1.059 ¦       33           2              0.004 
INFO |        1.063 ¦       34           2              0.004 
INFO |        1.067 ¦       35           2              0.004 
INFO | Algebraic mode (with J recalculation) change at t = 1.07
INFO |        1.070 ¦       36           2              0.007 
INFO | calculation of the new starting point of the simulation.
INFO |        1.070 ¦        0           0              0.000 
INFO |        1.070 ¦        1           1              0.000 
INFO |        1.070 ¦        2           1              0.000 
INFO |        1.070 ¦        3           2              0.000 
INFO |        1.070 ¦        4           2              0.000 
INFO |        1.070 ¦        5           2              0.000 
INFO |        1.070 ¦        6           2              0.000 
INFO |        1.070 ¦        7           2              0.000 
INFO |        1.070 ¦        8           2              0.000 
INFO |        1.070 ¦        9           2              0.000 
INFO |        1.071 ¦       10           2              0.000 
INFO |        1.071 ¦       11           2              0.001 
INFO |        1.072 ¦       12           2              0.001 
INFO |        1.074 ¦       13           2              0.002 
INFO |        1.076 ¦       14           2              0.002 
INFO |        1.078 ¦       15           2              0.002 
INFO |        1.080 ¦       16           2              0.002 
INFO |        1.082 ¦       17           2              0.002 
INFO |        1.084 ¦       18           2              0.002 
INFO |        1.086 ¦       19           2              0.002 
INFO |        1.088 ¦       20           2              0.002 
INFO |        1.090 ¦       21           2              0.002 
INFO |        1.093 ¦       22           2              0.002 
INFO |        1.097 ¦       23           2              0.004 
INFO |        1.100 ¦       24           2              0.004 
INFO |        1.104 ¦       25           2              0.004 
INFO |        1.108 ¦       26           2              0.004 
INFO |        1.111 ¦       27           2              0.004 
INFO |        1.115 ¦       28           2              0.004 
INFO |        1.119 ¦       29           2              0.004 
INFO |        1.122 ¦       30           2              0.004 
INFO |        1.126 ¦       31           2              0.004 
INFO |        1.133 ¦       32           2              0.007 
INFO |        1.141 ¦       33           2              0.007 
INFO |        1.148 ¦       34           2              0.007 
INFO |        1.156 ¦       35           2              0.007 
INFO |        1.163 ¦       36           2              0.007 
INFO |        1.170 ¦       37           2              0.007 
INFO |        1.178 ¦       38           2              0.007 
INFO |        1.185 ¦       39           2              0.007 
INFO |        1.200 ¦       40           2              0.015 
INFO |        1.215 ¦       41           2              0.015 
INFO |        1.229 ¦       42           2              0.015 
INFO |        1.244 ¦       43           2              0.015 
INFO |        1.259 ¦       44           2              0.015 
INFO |        1.274 ¦       45           2              0.015 
INFO |        1.288 ¦       46           2              0.015 
INFO |        1.303 ¦       47           2              0.015 
INFO |        1.333 ¦       48           2              0.029 
INFO |        1.362 ¦       49           2              0.029 
INFO |        1.392 ¦       50           2              0.029 
INFO |        1.421 ¦       51           2              0.029 
INFO |        1.451 ¦       52           2              0.029 
INFO | Algebraic mode change at t = 1.47885
INFO |        1.479 ¦       53           2              0.029 
INFO | calculation of the new starting point of the simulation.
INFO |        1.479 ¦        0           0              0.000 
INFO |        1.479 ¦        1           1              0.000 
INFO |        1.479 ¦        2           1              0.000 
INFO |        1.479 ¦        3           2              0.000 
INFO |        1.479 ¦        4           2              0.000 
INFO |        1.479 ¦        5           2              0.000 
INFO |        1.479 ¦        6           2              0.000 
INFO |        1.479 ¦        7           2              0.000 
INFO |        1.479 ¦        8           2              0.000 
INFO |        1.479 ¦        9           2              0.000 
INFO |        1.479 ¦       10           2              0.000 
INFO |        1.480 ¦       11           2              0.001 
INFO |        1.481 ¦       12           2              0.001 
INFO |        1.483 ¦       13           2              0.002 
INFO |        1.487 ¦       14           2              0.004 
INFO |        1.495 ¦       15           2              0.008 
INFO |        1.512 ¦       16           2              0.016 
INFO |        1.528 ¦       17           2              0.016 
INFO |        1.544 ¦       18           2              0.016 
INFO |        1.561 ¦       19           2              0.016 
INFO |        1.577 ¦       20           2              0.016 
INFO |        1.594 ¦       21           2              0.016 
INFO |        1.610 ¦       22           2              0.016 
INFO |        1.626 ¦       23           2              0.016 
INFO | Algebraic mode change at t = 1.64215
INFO |        1.642 ¦       24           2              0.016 
INFO | calculation of the new starting point of the simulation.
INFO |        1.642 ¦        0           0              0.000 
INFO |        1.642 ¦        1           1              0.000 
INFO |        1.642 ¦        2           1              0.000 
INFO |        1.642 ¦        3           2              0.000 
INFO |        1.642 ¦        4           2              0.000 
INFO |        1.642 ¦        5           2              0.000 
INFO |        1.642 ¦        6           2              0.000 
INFO |        1.642 ¦        7           2              0.000 
INFO |        1.642 ¦        8           2              0.000 
INFO |        1.642 ¦        9           2              0.000 
INFO |        1.643 ¦       10           2              0.000 
INFO |        1.643 ¦       11           2              0.001 
INFO |        1.644 ¦       12           2              0.001 
INFO |        1.646 ¦       13           2              0.002 
INFO |        1.650 ¦       14           2              0.004 
INFO |        1.659 ¦       15           2              0.008 
INFO |        1.675 ¦       16           2              0.016 
INFO |        1.691 ¦       17           2              0.016 
INFO |        1.708 ¦       18           2              0.016 
INFO |        1.724 ¦       19           2              0.016 
INFO | Algebraic mode change at t = 1.72735
INFO |        1.727 ¦       20           2              0.016 
INFO | calculation of the new starting point of the simulation.
INFO |        1.727 ¦        0           0              0.000 
INFO |        1.727 ¦        1           1              0.000 
INFO |        1.727 ¦        2           1              0.000 
INFO |        1.727 ¦        3           2              0.000 
INFO |        1.727 ¦        4           2              0.000 
INFO |        1.727 ¦        5           2              0.000 
INFO |        1.727 ¦        6           2              0.000 
INFO |        1.727 ¦        7           2              0.000 
INFO |        1.727 ¦        8           2              0.000 
INFO |        1.728 ¦        9           2              0.000 
INFO |        1.728 ¦       10           2              0.000 
INFO |        1.728 ¦       11           2              0.001 
INFO |        1.729 ¦       12           2              0.001 
INFO |        1.731 ¦       13           2              0.002 
INFO |        1.736 ¦       14           2              0.004 
INFO |        1.744 ¦       15           2              0.008 
INFO |        1.760 ¦       16           2              0.016 
INFO |        1.777 ¦       17           2              0.016 
INFO |        1.793 ¦       18           2              0.016 
INFO |        1.809 ¦       19           2              0.016 
INFO |        1.826 ¦       20           2              0.016 
INFO |        1.842 ¦       21           2              0.016 
INFO |        1.858 ¦       22           2              0.016 
INFO |        1.875 ¦       23           2              0.016 
INFO |        1.891 ¦       24           2              0.016 
INFO |        1.908 ¦       25           2              0.016 
INFO |        1.924 ¦       26           2              0.016 
INFO |        1.957 ¦       27           2              0.033 
INFO |        1.986 ¦       28           2              0.029 
INFO |        2.016 ¦       29           2              0.029 
INFO |        2.045 ¦       30           2              0.029 
INFO |        2.072 ¦       31           2              0.027 
INFO |        2.098 ¦       32           2              0.027 
INFO |        2.125 ¦       33           2              0.027 
INFO | Algebraic mode change at t = 2.14042
INFO |        2.140 ¦       34           2              0.027 
INFO | calculation of the new starting point of the simulation.
INFO |        2.140 ¦        0           0              0.000 
INFO |        2.140 ¦        1           1              0.000 
INFO |        2.140 ¦        2           1              0.000 
INFO |        2.140 ¦        3           2              0.000 
INFO |        2.140 ¦        4           2              0.000 
INFO |        2.140 ¦        5           2              0.000 
INFO |        2.140 ¦        6           2              0.000 
INFO |        2.140 ¦        7           2              0.000 
INFO |        2.141 ¦        8           2              0.000 
INFO |        2.141 ¦        9           2              0.000 
INFO |        2.141 ¦       10           2              0.000 
INFO |        2.141 ¦       11           2              0.001 
INFO |        2.142 ¦       12           2              0.001 
INFO |        2.145 ¦       13           2              0.002 
INFO |        2.149 ¦       14           2              0.004 
INFO |        2.157 ¦       15           2              0.008 
INFO |        2.173 ¦       16           2              0.016 
INFO |        2.190 ¦       17           2              0.016 
INFO |        2.206 ¦       18           2              0.016 
INFO |        2.222 ¦       19           2              0.016 
INFO |        2.255 ¦       20           2              0.033 
INFO |        2.285 ¦       21           2              0.029 
INFO |        2.314 ¦       22           2              0.029 
INFO |        2.344 ¦       23           2              0.029 
INFO |        2.373 ¦       24           2              0.029 
INFO |        2.403 ¦       25           2              0.029 
INFO |        2.432 ¦       26           2              0.029 
INFO |        2.462 ¦       27           2              0.029 
INFO |        2.491 ¦       28           2              0.029 
INFO |        2.521 ¦       29           2              0.029 
INFO |        2.550 ¦       30           2              0.029 
INFO |        2.580 ¦       31           2              0.029 
INFO |        2.609 ¦       32           2              0.029 
INFO |        2.638 ¦       33           2              0.029 
INFO |        2.668 ¦       34           2              0.029 
INFO |        2.697 ¦       35           2              0.029 
INFO |        2.727 ¦       36           2              0.029 
INFO |        2.756 ¦       37           2              0.029 
INFO | Algebraic mode change at t = 2.77697
INFO |        2.777 ¦       38           2              0.029 
INFO | calculation of the new starting point of the simulation.
INFO |        2.777 ¦        0           0              0.000 
INFO |        2.777 ¦        1           1              0.000 
INFO |        2.777 ¦        2           1              0.000 
INFO |        2.777 ¦        3           2              0.000 
INFO |        2.777 ¦        4           2              0.000 
INFO |        2.777 ¦        5           2              0.000 
INFO |        2.777 ¦        6           2              0.000 
INFO |        2.777 ¦        7           2              0.000 
INFO |        2.777 ¦        8           2              0.000 
INFO |        2.777 ¦        9           2              0.000 
INFO |        2.777 ¦       10           2              0.000 
INFO |        2.778 ¦       11           2              0.001 
INFO |        2.779 ¦       12           2              0.001 
INFO |        2.781 ¦       13           2              0.002 
INFO |        2.785 ¦       14           2              0.004 
INFO |        2.793 ¦       15           2              0.008 
INFO |        2.802 ¦       16           2              0.008 
INFO |        2.818 ¦       17           2              0.016 
INFO |        2.834 ¦       18           2              0.016 
INFO | Algebraic mode change at t = 2.84384
INFO |        2.844 ¦       19           2              0.016 
INFO | calculation of the new starting point of the simulation.
INFO |        2.844 ¦        0           0              0.000 
INFO |        2.844 ¦        1           1              0.000 
INFO |        2.844 ¦        2           1              0.000 
INFO |        2.844 ¦        3           2              0.000 
INFO |        2.844 ¦        4           2              0.000 
INFO |        2.844 ¦        5           2              0.000 
INFO |        2.844 ¦        6           2              0.000 
INFO |        2.844 ¦        7           2              0.000 
INFO |        2.844 ¦        8           2              0.000 
INFO |        2.844 ¦        9           2              0.000 
INFO |        2.844 ¦       10           2              0.000 
INFO |        2.845 ¦       11           2              0.001 
INFO |        2.846 ¦       12           2              0.001 
INFO |        2.848 ¦       13           2              0.002 
INFO |        2.852 ¦       14           2              0.004 
INFO |        2.860 ¦       15           2              0.008 
INFO |        2.877 ¦       16           2              0.016 
INFO |        2.893 ¦       17           2              0.016 
INFO |        2.909 ¦       18           2              0.016 
INFO |        2.926 ¦       19           2              0.016 
INFO |        2.942 ¦       20           2              0.016 
INFO |        2.959 ¦       21           2              0.016 
INFO |        2.975 ¦       22           2              0.016 
INFO |        2.991 ¦       23           2              0.016 
INFO |        3.008 ¦       24           2              0.016 
INFO |        3.024 ¦       25           2              0.016 
INFO |        3.040 ¦       26           2              0.016 
INFO |        3.057 ¦       27           2              0.016 
INFO | Algebraic mode change at t = 3.07025
INFO |        3.070 ¦       28           2              0.016 
INFO | calculation of the new starting point of the simulation.
INFO |        3.070 ¦        0           0              0.000 
INFO |        3.070 ¦        1           1              0.000 
INFO |        3.070 ¦        2           1              0.000 
INFO |        3.070 ¦        3           2              0.000 
INFO |        3.070 ¦        4           2              0.000 
INFO |        3.070 ¦        5           2              0.000 
INFO |        3.070 ¦        6           2              0.000 
INFO |        3.070 ¦        7           2              0.000 
INFO |        3.070 ¦        8           2              0.000 
INFO |        3.071 ¦        9           2              0.000 
INFO |        3.071 ¦       10           2              0.000 
INFO |        3.071 ¦       11           2              0.001 
INFO |        3.072 ¦       12           2              0.001 
INFO |        3.074 ¦       13           2              0.002 
INFO |        3.078 ¦       14           2              0.004 
INFO |        3.087 ¦       15           2              0.008 
INFO |        3.103 ¦       16           2              0.016 
INFO |        3.119 ¦       17           2              0.016 
INFO |        3.136 ¦       18           2              0.016 
INFO |        3.152 ¦       19           2              0.016 
INFO |        3.169 ¦       20           2              0.016 
INFO |        3.185 ¦       21           2              0.016 
INFO |        3.201 ¦       22           2              0.016 
INFO |        3.218 ¦       23           2              0.016 
INFO |        3.234 ¦       24           2              0.016 
INFO |        3.250 ¦       25           2              0.016 
INFO |        3.267 ¦       26           2              0.016 
INFO |        3.283 ¦       27           2              0.016 
INFO |        3.300 ¦       28           2              0.016 
INFO |        3.316 ¦       29           2              0.016 
INFO |        3.332 ¦       30           2              0.016 
INFO |        3.349 ¦       31           2              0.016 
INFO |        3.365 ¦       32           2              0.016 
INFO | Algebraic mode change at t = 3.37468
INFO |        3.375 ¦       33           2              0.016 
INFO | calculation of the new starting point of the simulation.
INFO |        3.375 ¦        0           0              0.000 
INFO |        3.375 ¦        1           1              0.000 
INFO |        3.375 ¦        2           1              0.000 
INFO |        3.375 ¦        3           2              0.000 
INFO |        3.375 ¦        4           2              0.000 
INFO |        3.375 ¦        5           2              0.000 
INFO |        3.375 ¦        6           2              0.000 
INFO |        3.375 ¦        7           2              0.000 
INFO |        3.375 ¦        8           2              0.000 
INFO |        3.375 ¦        9           2              0.000 
INFO |        3.375 ¦       10           2              0.000 
INFO |        3.376 ¦       11           2              0.001 
INFO |        3.377 ¦       12           2              0.001 
INFO |        3.379 ¦       13           2              0.002 
INFO |        3.383 ¦       14           2              0.004 
INFO |        3.391 ¦       15           2              0.008 
INFO |        3.407 ¦       16           2              0.016 
INFO |        3.424 ¦       17           2              0.016 
INFO |        3.440 ¦       18           2              0.016 
INFO |        3.457 ¦       19           2              0.016 
INFO |        3.473 ¦       20           2              0.016 
INFO |        3.489 ¦       21           2              0.016 
INFO |        3.506 ¦       22           2              0.016 
INFO |        3.539 ¦       23           2              0.033 
INFO |        3.568 ¦       24           2              0.029 
INFO |        3.598 ¦       25           2              0.029 
INFO |        3.627 ¦       26           2              0.029 
INFO |        3.656 ¦       27           2              0.029 
INFO |        3.686 ¦       28           2              0.029 
INFO |        3.715 ¦       29           2              0.029 
INFO |        3.745 ¦       30           2              0.029 
INFO |        3.774 ¦       31           2              0.029 
INFO |        3.801 ¦       32           2              0.027 
INFO |        3.828 ¦       33           2              0.027 
INFO |        3.851 ¦       34           2              0.023 
INFO |        3.871 ¦       35           2              0.021 
INFO |        3.890 ¦       36           2              0.018 
INFO |        3.906 ¦       37           2              0.017 
INFO |        3.921 ¦       38           2              0.015 
INFO |        3.936 ¦       39           2              0.015 
INFO |        3.951 ¦       40           2              0.015 
INFO |        3.966 ¦       41           2              0.015 
INFO |        3.980 ¦       42           2              0.013 
INFO |        3.992 ¦       43           2              0.012 
INFO |        4.003 ¦       44           2              0.011 
INFO |        4.014 ¦       45           2              0.011 
INFO | Algebraic mode change at t = 4.01542
INFO |        4.015 ¦       46           2              0.010 
INFO | calculation of the new starting point of the simulation.
INFO |        4.015 ¦        0           0              0.000 
INFO |        4.015 ¦        1           1              0.000 
INFO |        4.015 ¦        2           1              0.000 
INFO |        4.015 ¦        3           2              0.000 
INFO |        4.015 ¦        4           2              0.000 
INFO |        4.015 ¦        5           2              0.000 
INFO |        4.015 ¦        6           2              0.000 
INFO |        4.015 ¦        7           2              0.000 
INFO |        4.016 ¦        8           2              0.000 
INFO |        4.016 ¦        9           2              0.000 
INFO |        4.016 ¦       10           2              0.000 
INFO |        4.016 ¦       11           2              0.001 
INFO |        4.017 ¦       12           2              0.001 
INFO |        4.020 ¦       13           2              0.002 
INFO |        4.024 ¦       14           2              0.004 
INFO |        4.028 ¦       15           2              0.004 
INFO | Algebraic mode change at t = 4.03029
INFO |        4.030 ¦       16           2              0.008 
INFO | calculation of the new starting point of the simulation.
INFO |        4.030 ¦        0           0              0.000 
INFO |        4.030 ¦        1           1              0.000 
INFO |        4.030 ¦        2           1              0.000 
INFO |        4.030 ¦        3           2              0.000 
INFO |        4.030 ¦        4           2              0.000 
INFO |        4.030 ¦        5           2              0.000 
INFO |        4.030 ¦        6           2              0.000 
INFO |        4.030 ¦        7           2              0.000 
INFO |        4.030 ¦        8           2              0.000 
INFO |        4.031 ¦        9           2              0.000 
INFO |        4.031 ¦       10           2              0.000 
INFO |        4.031 ¦       11           2              0.001 
INFO |        4.032 ¦       12           2              0.001 
INFO |        4.034 ¦       13           2              0.002 
INFO |        4.038 ¦       14           2              0.004 
INFO |        4.047 ¦       15           2              0.008 
INFO |        4.055 ¦       16           2              0.008 
INFO |        4.071 ¦       17           2              0.016 
INFO |        4.085 ¦       18           2              0.014 
INFO |        4.097 ¦       19           2              0.012 
INFO |        4.108 ¦       20           2              0.010 
INFO |        4.117 ¦       21           2              0.009 
INFO |        4.126 ¦       22           2              0.008 
INFO |        4.134 ¦       23           2              0.008 
INFO | Algebraic mode change at t = 4.13669
INFO |        4.137 ¦       24           2              0.008 
INFO | calculation of the new starting point of the simulation.
INFO |        4.137 ¦        0           0              0.000 
INFO |        4.137 ¦        1           1              0.000 
INFO |        4.137 ¦        2           1              0.000 
INFO |        4.137 ¦        3           2              0.000 
INFO |        4.137 ¦        4           2              0.000 
INFO |        4.137 ¦        5           2              0.000 
INFO |        4.137 ¦        6           2              0.000 
INFO |        4.137 ¦        7           2              0.000 
INFO |        4.137 ¦        8           2              0.000 
INFO |        4.137 ¦        9           2              0.000 
INFO |        4.137 ¦       10           2              0.000 
INFO |        4.138 ¦       11           2              0.001 
INFO |        4.139 ¦       12           2              0.001 
INFO |        4.141 ¦       13           2              0.002 
INFO |        4.145 ¦       14           2              0.004 
INFO |        4.149 ¦       15           2              0.004 
INFO | Algebraic mode change at t = 4.15244
INFO |        4.152 ¦       16           2              0.008 
INFO | calculation of the new starting point of the simulation.
INFO |        4.152 ¦        0           0              0.000 
INFO |        4.152 ¦        1           1              0.000 
INFO |        4.152 ¦        2           1              0.000 
INFO |        4.152 ¦        3           2              0.000 
INFO |        4.152 ¦        4           2              0.000 
INFO |        4.152 ¦        5           2              0.000 
INFO |        4.152 ¦        6           2              0.000 
INFO |        4.153 ¦        7           2              0.000 
INFO |        4.153 ¦        8           2              0.000 
INFO |        4.153 ¦        9           2              0.000 
INFO |        4.153 ¦       10           2              0.000 
INFO |        4.153 ¦       11           2              0.001 
INFO |        4.154 ¦       12           2              0.001 
INFO |        4.157 ¦       13           2              0.002 
INFO |        4.161 ¦       14           2              0.004 
INFO |        4.169 ¦       15           2              0.008 
INFO |        4.177 ¦       16           2              0.008 
INFO |        4.185 ¦       17           2              0.008 
INFO |        4.193 ¦       18           2              0.008 
INFO |        4.202 ¦       19           2              0.008 
INFO |        4.210 ¦       20           2              0.008 
INFO |        4.218 ¦       21           2              0.008 
INFO |        4.225 ¦       22           2              0.007 
INFO |        4.233 ¦       23           2              0.007 
INFO |        4.239 ¦       24           2              0.006 
INFO |        4.244 ¦       25           2              0.006 
INFO |        4.250 ¦       26           2              0.006 
INFO |        4.256 ¦       27           2              0.006 
INFO |        4.262 ¦       28           2              0.006 
INFO |        4.268 ¦       29           2              0.006 
INFO |        4.274 ¦       30           2              0.006 
INFO |        4.280 ¦       31           2              0.006 
INFO |        4.286 ¦       32           2              0.006 
INFO |        4.291 ¦       33           2              0.005 
INFO |        4.296 ¦       34           2              0.005 
INFO |        4.300 ¦       35           2              0.005 
INFO |        4.305 ¦       36           2              0.005 
INFO |        4.310 ¦       37           2              0.005 
INFO | Algebraic mode change at t = 4.31279
INFO |        4.313 ¦       38           2              0.005 
INFO | calculation of the new starting point of the simulation.
INFO |        4.313 ¦        0           0              0.000 
INFO |        4.313 ¦        1           1              0.000 
INFO |        4.313 ¦        2           1              0.000 
INFO |        4.313 ¦        3           2              0.000 
INFO |        4.313 ¦        4           2              0.000 
INFO |        4.313 ¦        5           2              0.000 
INFO |        4.313 ¦        6           2              0.000 
INFO |        4.313 ¦        7           2              0.000 
INFO |        4.313 ¦        8           2              0.000 
INFO |        4.313 ¦        9           2              0.000 
INFO |        4.313 ¦       10           2              0.000 
INFO |        4.314 ¦       11           2              0.001 
INFO |        4.315 ¦       12           2              0.001 
INFO |        4.317 ¦       13           2              0.002 
INFO |        4.321 ¦       14           2              0.004 
INFO | Algebraic mode change at t = 4.32366
INFO |        4.324 ¦       15           2              0.004 
INFO | calculation of the new starting point of the simulation.
INFO |        4.324 ¦        0           0              0.000 
INFO |        4.324 ¦        1           1              0.000 
INFO |        4.324 ¦        2           1              0.000 
INFO |        4.324 ¦        3           2              0.000 
INFO |        4.324 ¦        4           2              0.000 
INFO |        4.324 ¦        5           2              0.000 
INFO |        4.324 ¦        6           2              0.000 
INFO |        4.324 ¦        7           2              0.000 
INFO |        4.324 ¦        8           2              0.000 
INFO |        4.324 ¦        9           2              0.000 
INFO |        4.324 ¦       10           2              0.000 
INFO |        4.325 ¦       11           2              0.001 
INFO |        4.326 ¦       12           2              0.001 
INFO |        4.328 ¦       13           2              0.002 
INFO |        4.332 ¦       14           2              0.004 
INFO |        4.340 ¦       15           2              0.008 
INFO |        4.348 ¦       16           2              0.008 
INFO |        4.356 ¦       17           2              0.008 
INFO |        4.364 ¦       18           2              0.007 
INFO |        4.370 ¦       19           2              0.007 
INFO |        4.377 ¦       20           2              0.007 
INFO |        4.383 ¦       21           2              0.006 
INFO | Algebraic mode change at t = 4.38816
INFO |        4.388 ¦       22           2              0.006 
INFO | calculation of the new starting point of the simulation.
INFO |        4.388 ¦        0           0              0.000 
INFO |        4.388 ¦        1           1              0.000 
INFO |        4.388 ¦        2           1              0.000 
INFO |        4.388 ¦        3           2              0.000 
INFO |        4.388 ¦        4           2              0.000 
INFO |        4.388 ¦        5           2              0.000 
INFO |        4.388 ¦        6           2              0.000 
INFO |        4.388 ¦        7           2              0.000 
INFO |        4.388 ¦        8           2              0.000 
INFO |        4.388 ¦        9           2              0.000 
INFO |        4.389 ¦       10           2              0.000 
INFO |        4.389 ¦       11           2              0.001 
INFO |        4.390 ¦       12           2              0.001 
INFO |        4.392 ¦       13           2              0.002 
INFO |        4.396 ¦       14           2              0.004 
INFO | Algebraic mode change at t = 4.40026
INFO |        4.400 ¦       15           2              0.004 
INFO | calculation of the new starting point of the simulation.
INFO |        4.400 ¦        0           0              0.000 
INFO |        4.400 ¦        1           1              0.000 
INFO |        4.400 ¦        2           1              0.000 
INFO |        4.400 ¦        3           2              0.000 
INFO |        4.400 ¦        4           2              0.000 
INFO |        4.400 ¦        5           2              0.000 
INFO |        4.400 ¦        6           2              0.000 
INFO |        4.400 ¦        7           2              0.000 
INFO |        4.400 ¦        8           2              0.000 
INFO |        4.401 ¦        9           2              0.000 
INFO |        4.401 ¦       10           2              0.000 
INFO |        4.401 ¦       11           2              0.001 
INFO |        4.402 ¦       12           2              0.001 
INFO |        4.404 ¦       13           2              0.002 
INFO |        4.408 ¦       14           2              0.004 
INFO |        4.413 ¦       15           2              0.004 
INFO |        4.421 ¦       16           2              0.008 
INFO |        4.428 ¦       17           2              0.007 
INFO |        4.435 ¦       18           2              0.007 
INFO |        4.442 ¦       19           2              0.007 
INFO |        4.448 ¦       20           2              0.006 
INFO |        4.453 ¦       21           2              0.005 
INFO |        4.459 ¦       22           2              0.005 
INFO |        4.464 ¦       23           2              0.005 
INFO |        4.470 ¦       24           2              0.005 
INFO |        4.475 ¦       25           2              0.005 
INFO |        4.480 ¦       26           2              0.005 
INFO |        4.486 ¦       27           2              0.005 
INFO |        4.491 ¦       28           2              0.005 
INFO |        4.496 ¦       29           2              0.005 
INFO |        4.501 ¦       30           2              0.005 
INFO |        4.506 ¦       31           2              0.004 
INFO |        4.510 ¦       32           2              0.004 
INFO |        4.514 ¦       33           2              0.004 
INFO |        4.519 ¦       34           2              0.004 
INFO | Algebraic mode change at t = 4.52292
INFO |        4.523 ¦       35           2              0.004 
INFO | calculation of the new starting point of the simulation.
INFO |        4.523 ¦        0           0              0.000 
INFO |        4.523 ¦        1           1              0.000 
INFO |        4.523 ¦        2           1              0.000 
INFO |        4.523 ¦        3           2              0.000 
INFO |        4.523 ¦        4           2              0.000 
INFO |        4.523 ¦        5           2              0.000 
INFO |        4.523 ¦        6           2              0.000 
INFO |        4.523 ¦        7           2              0.000 
INFO |        4.523 ¦        8           2              0.000 
INFO |        4.523 ¦        9           2              0.000 
INFO |        4.523 ¦       10           2              0.000 
INFO |        4.524 ¦       11           2              0.001 
INFO |        4.525 ¦       12           2              0.001 
INFO |        4.527 ¦       13           2              0.002 
INFO |        4.531 ¦       14           2              0.004 
INFO | Algebraic mode change at t = 4.53255
INFO |        4.533 ¦       15           2              0.004 
INFO | calculation of the new starting point of the simulation.
INFO |        4.533 ¦        0           0              0.000 
INFO |        4.533 ¦        1           1              0.000 
INFO |        4.533 ¦        2           1              0.000 
INFO |        4.533 ¦        3           2              0.000 
INFO |        4.533 ¦        4           2              0.000 
INFO |        4.533 ¦        5           2              0.000 
INFO |        4.533 ¦        6           2              0.000 
INFO |        4.533 ¦        7           2              0.000 
INFO |        4.533 ¦        8           2              0.000 
INFO |        4.533 ¦        9           2              0.000 
INFO |        4.533 ¦       10           2              0.000 
INFO |        4.534 ¦       11           2              0.001 
INFO |        4.535 ¦       12           2              0.001 
INFO |        4.537 ¦       13           2              0.002 
INFO |        4.541 ¦       14           2              0.004 
INFO |        4.545 ¦       15           2              0.004 
INFO |        4.549 ¦       16           2              0.004 
INFO |        4.553 ¦       17           2              0.004 
INFO |        4.557 ¦       18           2              0.004 
INFO |        4.561 ¦       19           2              0.004 
INFO |        4.565 ¦       20           2              0.004 
INFO |        4.569 ¦       21           2              0.004 
INFO |        4.574 ¦       22           2              0.004 
INFO |        4.578 ¦       23           2              0.004 
INFO |        4.580 ¦       24           2              0.003 
INFO | Algebraic mode change at t = 4.58146
INFO |        4.581 ¦       25           2              0.003 
INFO | calculation of the new starting point of the simulation.
INFO |        4.581 ¦        0           0              0.000 
INFO |        4.581 ¦        1           1              0.000 
INFO |        4.581 ¦        2           1              0.000 
INFO |        4.581 ¦        3           2              0.000 
INFO |        4.581 ¦        4           2              0.000 
INFO |        4.581 ¦        5           2              0.000 
INFO |        4.581 ¦        6           2              0.000 
INFO |        4.582 ¦        7           2              0.000 
INFO |        4.582 ¦        8           2              0.000 
INFO |        4.582 ¦        9           2              0.000 
INFO |        4.582 ¦       10           2              0.000 
INFO |        4.582 ¦       11           2              0.001 
INFO |        4.584 ¦       12           2              0.001 
INFO |        4.586 ¦       13           2              0.002 
INFO |        4.590 ¦       14           2              0.004 
INFO | Algebraic mode change at t = 4.59191
INFO |        4.592 ¦       15           2              0.004 
INFO | calculation of the new starting point of the simulation.
INFO |        4.592 ¦        0           0              0.000 
INFO |        4.592 ¦        1           1              0.000 
INFO |        4.592 ¦        2           1              0.000 
INFO |        4.592 ¦        3           2              0.000 
INFO |        4.592 ¦        4           2              0.000 
INFO |        4.592 ¦        5           2              0.000 
INFO |        4.592 ¦        6           2              0.000 
INFO |        4.592 ¦        7           2              0.000 
INFO |        4.592 ¦        8           2              0.000 
INFO |        4.592 ¦        9           2              0.000 
INFO |        4.592 ¦       10           2              0.000 
INFO |        4.593 ¦       11           2              0.001 
INFO |        4.594 ¦       12           2              0.001 
INFO |        4.596 ¦       13           2              0.002 
INFO |        4.600 ¦       14           2              0.004 
INFO |        4.604 ¦       15           2              0.004 
INFO |        4.608 ¦       16           2              0.004 
INFO |        4.612 ¦       17           2              0.004 
INFO |        4.616 ¦       18           2              0.004 
INFO |        4.621 ¦       19           2              0.004 
INFO |        4.625 ¦       20           2              0.004 
INFO |        4.629 ¦       21           2              0.004 
INFO |        4.633 ¦       22           2              0.004 
INFO |        4.637 ¦       23           2              0.004 
INFO |        4.641 ¦       24           2              0.004 
INFO |        4.644 ¦       25           2              0.003 
INFO |        4.647 ¦       26           2              0.003 
INFO |        4.651 ¦       27           2              0.003 
INFO |        4.654 ¦       28           2              0.003 
INFO |        4.657 ¦       29           2              0.003 
INFO |        4.661 ¦       30           2              0.003 
INFO |        4.664 ¦       31           2              0.003 
INFO |        4.667 ¦       32           2              0.003 
INFO |        4.671 ¦       33           2              0.003 
INFO |        4.674 ¦       34           2              0.003 
INFO |        4.677 ¦       35           2              0.003 
INFO |        4.680 ¦       36           2              0.003 
INFO |        4.683 ¦       37           2              0.002 
INFO |        4.685 ¦       38           2              0.002 
INFO |        4.690 ¦       39           2              0.005 
INFO |        4.693 ¦       40           2              0.004 
INFO | Algebraic mode change at t = 4.69565
INFO |        4.696 ¦       41           2              0.004 
INFO | calculation of the new starting point of the simulation.
INFO |        4.696 ¦        0           0              0.000 
INFO |        4.696 ¦        1           1              0.000 
INFO |        4.696 ¦        2           1              0.000 
INFO |        4.696 ¦        3           2              0.000 
INFO |        4.696 ¦        4           2              0.000 
INFO |        4.696 ¦        5           2              0.000 
INFO |        4.696 ¦        6           2              0.000 
INFO |        4.696 ¦        7           2              0.000 
INFO |        4.696 ¦        8           2              0.000 
INFO |        4.696 ¦        9           2              0.000 
INFO |        4.696 ¦       10           2              0.000 
INFO |        4.697 ¦       11           2              0.001 
INFO |        4.698 ¦       12           2              0.001 
INFO |        4.700 ¦       13           2              0.002 
INFO |        4.704 ¦       14           2              0.004 
INFO | Algebraic mode change at t = 4.7046
INFO |        4.705 ¦       15           2              0.004 
INFO | calculation of the new starting point of the simulation.
INFO |        4.705 ¦        0           0              0.000 
INFO |        4.705 ¦        1           1              0.000 
INFO |        4.705 ¦        2           1              0.000 
INFO |        4.705 ¦        3           2              0.000 
INFO |        4.705 ¦        4           2              0.000 
INFO |        4.705 ¦        5           2              0.000 
INFO |        4.705 ¦        6           2              0.000 
INFO |        4.705 ¦        7           2              0.000 
INFO |        4.705 ¦        8           2              0.000 
INFO |        4.705 ¦        9           2              0.000 
INFO |        4.705 ¦       10           2              0.000 
INFO |        4.706 ¦       11           2              0.001 
INFO |        4.707 ¦       12           2              0.001 
INFO |        4.709 ¦       13           2              0.002 
INFO |        4.713 ¦       14           2              0.004 
INFO |        4.717 ¦       15           2              0.004 
INFO |        4.721 ¦       16           2              0.004 
INFO |        4.725 ¦       17           2              0.004 
INFO |        4.729 ¦       18           2              0.004 
INFO |        4.733 ¦       19           2              0.004 
INFO |        4.737 ¦       20           2              0.004 
INFO |        4.741 ¦       21           2              0.004 
INFO | Algebraic mode change at t = 4.74501
INFO |        4.745 ¦       22           2              0.004 
INFO | calculation of the new starting point of the simulation.
INFO |        4.745 ¦        0           0              0.000 
INFO |        4.745 ¦        1           1              0.000 
INFO |        4.745 ¦        2           1              0.000 
INFO |        4.745 ¦        3           2              0.000 
INFO |        4.745 ¦        4           2              0.000 
INFO |        4.745 ¦        5           2              0.000 
INFO |        4.745 ¦        6           2              0.000 
INFO |        4.745 ¦        7           2              0.000 
INFO |        4.745 ¦        8           2              0.000 
INFO |        4.745 ¦        9           2              0.000 
INFO |        4.746 ¦       10           2              0.000 
INFO |        4.746 ¦       11           2              0.001 
INFO |        4.747 ¦       12           2              0.001 
INFO |        4.749 ¦       13           2              0.002 
INFO |        4.753 ¦       14           2              0.004 
INFO | Algebraic mode change at t = 4.75437
INFO |        4.754 ¦       15           2              0.004 
INFO | calculation of the new starting point of the simulation.
INFO |        4.754 ¦        0           0              0.000 
INFO |        4.754 ¦        1           1              0.000 
INFO |        4.754 ¦        2           1              0.000 
INFO |        4.754 ¦        3           2              0.000 
INFO |        4.754 ¦        4           2              0.000 
INFO |        4.754 ¦        5           2              0.000 
INFO |        4.754 ¦        6           2              0.000 
INFO |        4.754 ¦        7           2              0.000 
INFO |        4.754 ¦        8           2              0.000 
INFO |        4.755 ¦        9           2              0.000 
INFO |        4.755 ¦       10           2              0.000 
INFO |        4.755 ¦       11           2              0.001 
INFO |        4.756 ¦       12           2              0.001 
INFO |        4.758 ¦       13           2              0.002 
INFO |        4.763 ¦       14           2              0.004 
INFO |        4.767 ¦       15           2              0.004 
INFO |        4.771 ¦       16           2              0.004 
INFO |        4.775 ¦       17           2              0.004 
INFO |        4.779 ¦       18           2              0.004 
INFO |        4.783 ¦       19           2              0.004 
INFO |        4.787 ¦       20           2              0.004 
INFO |        4.791 ¦       21           2              0.004 
INFO |        4.795 ¦       22           2              0.004 
INFO |        4.799 ¦       23           2              0.004 
INFO |        4.802 ¦       24           2              0.004 
INFO |        4.806 ¦       25           2              0.004 
INFO |        4.810 ¦       26           2              0.004 
INFO |        4.812 ¦       27           2              0.002 
INFO |        4.814 ¦       28           2              0.002 
INFO |        4.819 ¦       29           2              0.005 
INFO |        4.824 ¦       30           2              0.004 
INFO |        4.828 ¦       31           2              0.004 
INFO |        4.832 ¦       32           2              0.004 
INFO |        4.836 ¦       33           2              0.004 
INFO |        4.839 ¦       34           2              0.004 
INFO |        4.843 ¦       35           2              0.004 
INFO | Algebraic mode change at t = 4.84614
INFO |        4.846 ¦       36           2              0.004 
INFO | calculation of the new starting point of the simulation.
INFO |        4.846 ¦        0           0              0.000 
INFO |        4.846 ¦        1           1              0.000 
INFO |        4.846 ¦        2           1              0.000 
INFO |        4.846 ¦        3           2              0.000 
INFO |        4.846 ¦        4           2              0.000 
INFO |        4.846 ¦        5           2              0.000 
INFO |        4.846 ¦        6           2              0.000 
INFO |        4.846 ¦        7           2              0.000 
INFO |        4.846 ¦        8           2              0.000 
INFO |        4.846 ¦        9           2              0.000 
INFO |        4.847 ¦       10           2              0.000 
INFO |        4.847 ¦       11           2              0.001 
INFO |        4.848 ¦       12           2              0.001 
INFO |        4.850 ¦       13           2              0.002 
INFO |        4.854 ¦       14           2              0.004 
INFO | Algebraic mode change at t = 4.85462
INFO |        4.855 ¦       15           2              0.004 
INFO | calculation of the new starting point of the simulation.
INFO |        4.855 ¦        0           0              0.000 
INFO |        4.855 ¦        1           1              0.000 
INFO |        4.855 ¦        2           1              0.000 
INFO |        4.855 ¦        3           2              0.000 
INFO |        4.855 ¦        4           2              0.000 
INFO |        4.855 ¦        5           2              0.000 
INFO |        4.855 ¦        6           2              0.000 
INFO |        4.855 ¦        7           2              0.000 
INFO |        4.855 ¦        8           2              0.000 
INFO |        4.855 ¦        9           2              0.000 
INFO |        4.855 ¦       10           2              0.000 
INFO |        4.856 ¦       11           2              0.001 
INFO |        4.857 ¦       12           2              0.001 
INFO |        4.859 ¦       13           2              0.002 
INFO |        4.863 ¦       14           2              0.004 
INFO |        4.867 ¦       15           2              0.004 
INFO |        4.871 ¦       16           2              0.004 
INFO |        4.875 ¦       17           2              0.004 
INFO |        4.879 ¦       18           2              0.004 
INFO |        4.883 ¦       19           2              0.004 
INFO |        4.887 ¦       20           2              0.004 
INFO | Algebraic mode change at t = 4.88947
INFO |        4.889 ¦       21           2              0.004 
INFO | calculation of the new starting point of the simulation.
INFO |        4.889 ¦        0           0              0.000 
INFO |        4.889 ¦        1           1              0.000 
INFO |        4.889 ¦        2           1              0.000 
INFO |        4.889 ¦        3           2              0.000 
INFO |        4.889 ¦        4           2              0.000 
INFO |        4.889 ¦        5           2              0.000 
INFO |        4.889 ¦        6           2              0.000 
INFO |        4.890 ¦        7           2              0.000 
INFO |        4.890 ¦        8           2              0.000 
INFO |        4.890 ¦        9           2              0.000 
INFO |        4.890 ¦       10           2              0.000 
INFO |        4.890 ¦       11           2              0.001 
INFO |        4.892 ¦       12           2              0.001 
INFO |        4.894 ¦       13           2              0.002 
INFO |        4.898 ¦       14           2              0.004 
INFO | Algebraic mode change at t = 4.89812
INFO |        4.898 ¦       15           2              0.004 
INFO | calculation of the new starting point of the simulation.
INFO |        4.898 ¦        0           0              0.000 
INFO |        4.898 ¦        1           1              0.000 
INFO |        4.898 ¦        2           1              0.000 
INFO |        4.898 ¦        3           2              0.000 
INFO |        4.898 ¦        4           2              0.000 
INFO |        4.898 ¦        5           2              0.000 
INFO |        4.898 ¦        6           2              0.000 
INFO |        4.898 ¦        7           2              0.000 
INFO |        4.898 ¦        8           2              0.000 
INFO |        4.898 ¦        9           2              0.000 
INFO |        4.899 ¦       10           2              0.000 
INFO |        4.899 ¦       11           2              0.001 
INFO |        4.900 ¦       12           2              0.001 
INFO |        4.902 ¦       13           2              0.002 
INFO |        4.906 ¦       14           2              0.004 
INFO |        4.910 ¦       15           2              0.004 
INFO |        4.915 ¦       16           2              0.004 
INFO |        4.919 ¦       17           2              0.004 
INFO |        4.923 ¦       18           2              0.004 
INFO |        4.927 ¦       19           2              0.004 
INFO |        4.931 ¦       20           2              0.004 
INFO |        4.935 ¦       21           2              0.004 
INFO |        4.938 ¦       22           2              0.004 
INFO |        4.942 ¦       23           2              0.003 
INFO |        4.945 ¦       24           2              0.003 
INFO |        4.948 ¦       25           2              0.003 
INFO |        4.952 ¦       26           2              0.003 
INFO |        4.955 ¦       27           2              0.003 
INFO |        4.958 ¦       28           2              0.003 
INFO |        4.961 ¦       29           2              0.003 
INFO |        4.963 ¦       30           2              0.002 
INFO |        4.965 ¦       31           2              0.002 
INFO |        4.969 ¦       32           2              0.004 
INFO |        4.972 ¦       33           2              0.003 
INFO |        4.975 ¦       34           2              0.003 
INFO |        4.978 ¦       35           2              0.003 
INFO |        4.981 ¦       36           2              0.003 
INFO | Algebraic mode change at t = 4.98118
INFO |        4.981 ¦       37           2              0.003 
INFO | calculation of the new starting point of the simulation.
INFO |        4.981 ¦        0           0              0.000 
INFO |        4.981 ¦        1           1              0.000 
INFO |        4.981 ¦        2           1              0.000 
INFO |        4.981 ¦        3           2              0.000 
INFO |        4.981 ¦        4           2              0.000 
INFO |        4.981 ¦        5           2              0.000 
INFO |        4.981 ¦        6           2              0.000 
INFO |        4.981 ¦        7           2              0.000 
INFO |        4.981 ¦        8           2              0.000 
INFO |        4.981 ¦        9           2              0.000 
INFO |        4.982 ¦       10           2              0.000 
INFO |        4.982 ¦       11           2              0.001 
INFO |        4.983 ¦       12           2              0.001 
INFO |        4.985 ¦       13           2              0.002 
INFO | Algebraic mode change at t = 4.9893
INFO |        4.989 ¦       14           2              0.004 
INFO | calculation of the new starting point of the simulation.
INFO |        4.989 ¦        0           0              0.000 
INFO |        4.989 ¦        1           1              0.000 
INFO |        4.989 ¦        2           1              0.000 
INFO |        4.989 ¦        3           2              0.000 
INFO |        4.989 ¦        4           2              0.000 
INFO |        4.989 ¦        5           2              0.000 
INFO |        4.989 ¦        6           2              0.000 
INFO |        4.989 ¦        7           2              0.000 
INFO |        4.989 ¦        8           2              0.000 
INFO |        4.990 ¦        9           2              0.000 
INFO |        4.990 ¦       10           2              0.000 
INFO |        4.990 ¦       11           2              0.001 
INFO |        4.991 ¦       12           2              0.001 
INFO |        4.993 ¦       13           2              0.002 
INFO |        4.997 ¦       14           2              0.004 
INFO |        5.000 ¦       15           2              0.003 
INFO | 
INFO | execution statistics :
INFO | 
INFO | number of time iterations                  = 845
INFO | number of residual evaluations             = 1545
INFO | number of Jacobian evaluations             = 514
INFO | number of nonlinear iterations             = 1477
INFO | number of error test failures              = 4
INFO | number of nonlinear convergence failures   = 30
INFO | number of root functions evaluations       = 2238
INFO | number of discrete variables evaluations   = 69
INFO | number of mode evaluations                 = 67
INFO | end of job 'Kundur Example 13 - VRKundur and no Pss case'
