2020-03-03 10:03:23 | DEBUG |  ============================================================ 
2020-03-03 10:03:23 | DEBUG | DYNAWO VERSION  :     1.0.1
2020-03-03 10:03:23 | DEBUG | DYNAWO REVISION :  ModifySVarCRegulationImplementation-c2b463d1
2020-03-03 10:03:23 | DEBUG |  ============================================================ 
2020-03-03 10:03:42 | DEBUG | connecting Fault_fault_terminal with Network_line_terminal2
2020-03-03 10:03:42 | DEBUG | connecting Network_line_terminal2 with SVarC_injector_terminal
2020-03-03 10:03:42 | DEBUG | injector_B0Pu same value as control_B0Pu
2020-03-03 10:03:42 | DEBUG | injector_G0Pu same value as control_G0Pu
2020-03-03 10:03:42 | DEBUG | Differential mode change for model SVarC
2020-03-03 10:03:42 | DEBUG | call of SolverReInit ie a new symbolic and numerical factorization will be performed
2020-03-03 10:03:42 | DEBUG | call of SolverReInit ie a new symbolic and numerical factorization will be performed
2020-03-03 10:03:42 | DEBUG | call of SolverReInit ie a new symbolic and numerical factorization will be performed
2020-03-03 10:03:42 | INFO | adding curve : Id: SVarC; curve: injector_UPu found. (exact name)
2020-03-03 10:03:42 | INFO | adding curve : Id: SVarC; curve: injector_BPu found. (exact name)
2020-03-03 10:03:42 | INFO | adding curve : Id: SVarC; curve: injector_GPu found. (exact name)
2020-03-03 10:03:42 | INFO | adding curve : Id: SVarC; curve: injector_PInjPu found. (exact name)
2020-03-03 10:03:42 | INFO | adding curve : Id: SVarC; curve: injector_QInjPu found. (exact name)
2020-03-03 10:03:42 | INFO | adding curve : Id: SVarC; curve: control_regulation_limitations_BVarMaxPu found. (exact name)
2020-03-03 10:03:42 | INFO | adding curve : Id: SVarC; curve: control_regulation_limitations_BVarMinPu found. (exact name)
2020-03-03 10:03:42 | DEBUG | -----------------------------------------------------------------------
2020-03-03 10:03:42 | DEBUG | number of continuous variables : 38 (display limited to 4 variables)
2020-03-03 10:03:42 | DEBUG | number of discrete variables : 17
2020-03-03 10:03:42 | DEBUG | -----------------------------------------------------------------------
2020-03-03 10:03:42 | DEBUG |     t              y1            y2            y3            y4      | nst k      h
2020-03-03 10:03:42 | DEBUG | -----------------------------------------------------------------------
2020-03-03 10:03:42 | DEBUG |        0.000  0.000000e+00  1.000000e+00  0.000000e+00  0.000000e+00 |   0 0 1.000000e-02 
2020-03-03 10:03:42 | DEBUG | call of SolverReInit ie a new symbolic and numerical factorization will be performed
2020-03-03 10:03:42 | DEBUG | Differential mode change for model SVarC
2020-03-03 10:03:42 | DEBUG |        0.000  0.000000e+00  1.000000e+00  0.000000e+00  0.000000e+00 |   1 1 1.000000e-06 
2020-03-03 10:03:42 | DEBUG | calculation of the new starting point of the simulation.
2020-03-03 10:03:42 | DEBUG |        0.000  0.000000e+00  1.000000e+00  0.000000e+00  0.000000e+00 |   0 0 0.000000e+00 
2020-03-03 10:03:42 | DEBUG | call of SolverReInit ie a new symbolic and numerical factorization will be performed
2020-03-03 10:03:42 | DEBUG | Differential mode change for model SVarC
2020-03-03 10:03:42 | DEBUG |        0.000  0.000000e+00  1.000000e+00  0.000000e+00  0.000000e+00 |   1 1 1.000000e-06 
2020-03-03 10:03:42 | DEBUG | calculation of the new starting point of the simulation.
2020-03-03 10:03:42 | DEBUG |        0.000  0.000000e+00  1.000000e+00  0.000000e+00  0.000000e+00 |   0 0 0.000000e+00 
2020-03-03 10:03:42 | DEBUG | call of SolverReInit ie a new symbolic and numerical factorization will be performed
2020-03-03 10:03:42 | DEBUG |        0.000  0.000000e+00  1.000000e+00  0.000000e+00  0.000000e+00 |   1 1 1.000000e-06 
2020-03-03 10:03:42 | DEBUG |        0.000  0.000000e+00  1.000000e+00  0.000000e+00  0.000000e+00 |   2 1 1.000000e-06 
2020-03-03 10:03:42 | DEBUG |        0.000  0.000000e+00  1.000000e+00  0.000000e+00  0.000000e+00 |   3 2 2.000000e-06 
2020-03-03 10:03:42 | DEBUG | call of SolverReInit ie a new symbolic and numerical factorization will be performed
2020-03-03 10:03:42 | DEBUG |        0.000  0.000000e+00  1.000000e+00  0.000000e+00  0.000000e+00 |   4 1 4.000000e-06 
2020-03-03 10:03:42 | DEBUG | call of SolverReInit ie a new symbolic and numerical factorization will be performed
2020-03-03 10:03:42 | DEBUG |        0.000  0.000000e+00  1.000000e+00  0.000000e+00  0.000000e+00 |   5 1 8.000000e-06 
2020-03-03 10:03:42 | DEBUG | call of SolverReInit ie a new symbolic and numerical factorization will be performed
2020-03-03 10:03:42 | DEBUG |        0.000  0.000000e+00  1.000000e+00  0.000000e+00  0.000000e+00 |   6 1 1.600000e-05 
2020-03-03 10:03:42 | DEBUG | call of SolverReInit ie a new symbolic and numerical factorization will be performed
2020-03-03 10:03:42 | DEBUG |        0.000  0.000000e+00  1.000000e+00  0.000000e+00  0.000000e+00 |   7 1 3.200000e-05 
2020-03-03 10:03:42 | DEBUG | call of SolverReInit ie a new symbolic and numerical factorization will be performed
2020-03-03 10:03:42 | DEBUG |        0.000  0.000000e+00  1.000000e+00  0.000000e+00  0.000000e+00 |   8 1 6.400000e-05 
2020-03-03 10:03:42 | DEBUG | call of SolverReInit ie a new symbolic and numerical factorization will be performed
2020-03-03 10:03:42 | DEBUG |        0.000  0.000000e+00  1.000000e+00  0.000000e+00  0.000000e+00 |   9 1 1.280000e-04 
2020-03-03 10:03:42 | DEBUG | call of SolverReInit ie a new symbolic and numerical factorization will be performed
2020-03-03 10:03:42 | DEBUG |        0.001  0.000000e+00  1.000000e+00  0.000000e+00  0.000000e+00 |  10 1 2.560000e-04 
2020-03-03 10:03:42 | DEBUG | call of SolverReInit ie a new symbolic and numerical factorization will be performed
2020-03-03 10:03:42 | DEBUG |        0.001  0.000000e+00  1.000000e+00  0.000000e+00  0.000000e+00 |  11 1 5.120000e-04 
2020-03-03 10:03:42 | DEBUG | call of SolverReInit ie a new symbolic and numerical factorization will be performed
2020-03-03 10:03:42 | DEBUG |        0.002  0.000000e+00  1.000000e+00  0.000000e+00  0.000000e+00 |  12 1 1.024000e-03 
2020-03-03 10:03:42 | DEBUG | call of SolverReInit ie a new symbolic and numerical factorization will be performed
2020-03-03 10:03:42 | DEBUG |        0.004  0.000000e+00  1.000000e+00  0.000000e+00  0.000000e+00 |  13 1 2.048000e-03 
2020-03-03 10:03:42 | DEBUG | call of SolverReInit ie a new symbolic and numerical factorization will be performed
2020-03-03 10:03:42 | DEBUG |        0.008  0.000000e+00  1.000000e+00  0.000000e+00  0.000000e+00 |  14 1 4.096000e-03 
2020-03-03 10:03:42 | DEBUG | call of SolverReInit ie a new symbolic and numerical factorization will be performed
2020-03-03 10:03:42 | DEBUG |        0.016  0.000000e+00  1.000000e+00  0.000000e+00  0.000000e+00 |  15 1 8.192000e-03 
2020-03-03 10:03:42 | DEBUG | call of SolverReInit ie a new symbolic and numerical factorization will be performed
2020-03-03 10:03:42 | DEBUG |        0.033  0.000000e+00  1.000000e+00  0.000000e+00  0.000000e+00 |  16 1 1.638400e-02 
2020-03-03 10:03:42 | DEBUG | call of SolverReInit ie a new symbolic and numerical factorization will be performed
2020-03-03 10:03:42 | DEBUG |        0.066  0.000000e+00  1.000000e+00  0.000000e+00  0.000000e+00 |  17 1 3.276800e-02 
2020-03-03 10:03:42 | DEBUG | call of SolverReInit ie a new symbolic and numerical factorization will be performed
2020-03-03 10:03:42 | DEBUG |        0.131  0.000000e+00  1.000000e+00  0.000000e+00  0.000000e+00 |  18 1 6.553600e-02 
2020-03-03 10:03:42 | DEBUG | call of SolverReInit ie a new symbolic and numerical factorization will be performed
2020-03-03 10:03:42 | DEBUG |        0.262  0.000000e+00  1.000000e+00  0.000000e+00  0.000000e+00 |  19 1 1.310720e-01 
2020-03-03 10:03:42 | DEBUG | call of SolverReInit ie a new symbolic and numerical factorization will be performed
2020-03-03 10:03:42 | DEBUG |        0.524  0.000000e+00  1.000000e+00  0.000000e+00  0.000000e+00 |  20 1 2.621440e-01 
2020-03-03 10:03:42 | DEBUG | call of SolverReInit ie a new symbolic and numerical factorization will be performed
2020-03-03 10:03:42 | DEBUG | Algebraic mode (with J recalculation) change for model Fault
2020-03-03 10:03:42 | DEBUG |        1.000  0.000000e+00  1.000000e+00  0.000000e+00  0.000000e+00 |  21 1 5.242880e-01 
2020-03-03 10:03:42 | DEBUG | calculation of the new starting point of the simulation.
2020-03-03 10:03:42 | DEBUG | call of SolverReInit ie a new symbolic and numerical factorization will be performed
2020-03-03 10:03:42 | DEBUG | call of SolverReInit ie a new symbolic and numerical factorization will be performed
2020-03-03 10:03:42 | DEBUG | call of SolverReInit ie a new symbolic and numerical factorization will be performed
2020-03-03 10:03:42 | DEBUG | call of SolverReInit ie a new symbolic and numerical factorization will be performed
2020-03-03 10:03:42 | DEBUG |        1.000 -4.908376e-01  3.377326e-01 -2.454188e+01  1.688663e+01 |   0 0 0.000000e+00 
2020-03-03 10:03:42 | DEBUG | call of SolverReInit ie a new symbolic and numerical factorization will be performed
2020-03-03 10:03:42 | DEBUG |        1.000 -4.908402e-01  3.377316e-01 -2.454201e+01  1.688658e+01 |   1 1 1.000000e-06 
2020-03-03 10:03:42 | DEBUG |        1.000 -4.908428e-01  3.377306e-01 -2.454214e+01  1.688653e+01 |   2 1 1.000000e-06 
2020-03-03 10:03:42 | DEBUG |        1.000 -4.908480e-01  3.377286e-01 -2.454240e+01  1.688643e+01 |   3 2 2.000000e-06 
2020-03-03 10:03:42 | DEBUG | call of SolverReInit ie a new symbolic and numerical factorization will be performed
2020-03-03 10:03:42 | DEBUG |        1.000 -4.908585e-01  3.377247e-01 -2.454292e+01  1.688623e+01 |   4 2 4.000000e-06 
2020-03-03 10:03:42 | DEBUG | call of SolverReInit ie a new symbolic and numerical factorization will be performed
2020-03-03 10:03:42 | DEBUG |        1.000 -4.908793e-01  3.377167e-01 -2.454397e+01  1.688583e+01 |   5 2 8.000000e-06 
2020-03-03 10:03:42 | DEBUG | call of SolverReInit ie a new symbolic and numerical factorization will be performed
2020-03-03 10:03:42 | DEBUG |        1.000 -4.909210e-01  3.377007e-01 -2.454605e+01  1.688504e+01 |   6 2 1.600000e-05 
2020-03-03 10:03:42 | DEBUG | call of SolverReInit ie a new symbolic and numerical factorization will be performed
2020-03-03 10:03:42 | DEBUG |        1.000 -4.910044e-01  3.376688e-01 -2.455022e+01  1.688344e+01 |   7 2 3.200000e-05 
2020-03-03 10:03:42 | DEBUG | call of SolverReInit ie a new symbolic and numerical factorization will be performed
2020-03-03 10:03:42 | DEBUG |        1.000 -4.911711e-01  3.376048e-01 -2.455855e+01  1.688024e+01 |   8 2 6.400000e-05 
2020-03-03 10:03:42 | DEBUG | call of SolverReInit ie a new symbolic and numerical factorization will be performed
2020-03-03 10:03:42 | DEBUG |        1.000 -4.915045e-01  3.374767e-01 -2.457522e+01  1.687384e+01 |   9 2 1.280000e-04 
2020-03-03 10:03:42 | DEBUG | call of SolverReInit ie a new symbolic and numerical factorization will be performed
2020-03-03 10:03:42 | DEBUG |        1.001 -4.921709e-01  3.372195e-01 -2.460854e+01  1.686097e+01 |  10 2 2.560000e-04 
2020-03-03 10:03:42 | DEBUG | call of SolverReInit ie a new symbolic and numerical factorization will be performed
2020-03-03 10:03:42 | DEBUG |        1.001 -4.935022e-01  3.367010e-01 -2.467511e+01  1.683505e+01 |  11 2 5.120000e-04 
2020-03-03 10:03:42 | DEBUG | call of SolverReInit ie a new symbolic and numerical factorization will be performed
2020-03-03 10:03:42 | DEBUG |        1.002 -4.961593e-01  3.356481e-01 -2.480796e+01  1.678240e+01 |  12 2 1.024000e-03 
2020-03-03 10:03:42 | DEBUG | call of SolverReInit ie a new symbolic and numerical factorization will be performed
2020-03-03 10:03:42 | DEBUG | Algebraic mode change for model SVarC
2020-03-03 10:03:42 | DEBUG |        1.003 -4.992301e-01  3.344007e-01 -2.496150e+01  1.672004e+01 |  13 2 2.048000e-03 
2020-03-03 10:03:42 | DEBUG | calculation of the new starting point of the simulation.
2020-03-03 10:03:42 | DEBUG |        1.003 -4.992301e-01  3.344007e-01 -2.496150e+01  1.672004e+01 |   0 0 0.000000e+00 
2020-03-03 10:03:42 | DEBUG | call of SolverReInit ie a new symbolic and numerical factorization will be performed
2020-03-03 10:03:42 | DEBUG |        1.003 -4.992302e-01  3.344007e-01 -2.496151e+01  1.672003e+01 |   1 1 1.000000e-06 
2020-03-03 10:03:42 | DEBUG |        1.003 -4.992302e-01  3.344007e-01 -2.496151e+01  1.672003e+01 |   2 1 1.000000e-06 
2020-03-03 10:03:42 | DEBUG |        1.003 -4.992302e-01  3.344007e-01 -2.496151e+01  1.672003e+01 |   3 2 2.000000e-06 
2020-03-03 10:03:42 | DEBUG | call of SolverReInit ie a new symbolic and numerical factorization will be performed
2020-03-03 10:03:42 | DEBUG |        1.003 -4.992302e-01  3.344007e-01 -2.496151e+01  1.672003e+01 |   4 2 4.000000e-06 
2020-03-03 10:03:42 | DEBUG | call of SolverReInit ie a new symbolic and numerical factorization will be performed
2020-03-03 10:03:42 | DEBUG |        1.003 -4.992302e-01  3.344007e-01 -2.496151e+01  1.672003e+01 |   5 2 8.000000e-06 
2020-03-03 10:03:42 | DEBUG | call of SolverReInit ie a new symbolic and numerical factorization will be performed
2020-03-03 10:03:42 | DEBUG |        1.003 -4.992302e-01  3.344007e-01 -2.496151e+01  1.672003e+01 |   6 2 1.600000e-05 
2020-03-03 10:03:42 | DEBUG | call of SolverReInit ie a new symbolic and numerical factorization will be performed
2020-03-03 10:03:42 | DEBUG |        1.003 -4.992302e-01  3.344007e-01 -2.496151e+01  1.672003e+01 |   7 2 3.200000e-05 
2020-03-03 10:03:42 | DEBUG | call of SolverReInit ie a new symbolic and numerical factorization will be performed
2020-03-03 10:03:42 | DEBUG |        1.003 -4.992302e-01  3.344007e-01 -2.496151e+01  1.672003e+01 |   8 2 6.400000e-05 
2020-03-03 10:03:42 | DEBUG | call of SolverReInit ie a new symbolic and numerical factorization will be performed
2020-03-03 10:03:42 | DEBUG |        1.003 -4.992302e-01  3.344007e-01 -2.496151e+01  1.672003e+01 |   9 2 1.280000e-04 
2020-03-03 10:03:42 | DEBUG | call of SolverReInit ie a new symbolic and numerical factorization will be performed
2020-03-03 10:03:42 | DEBUG |        1.004 -4.992302e-01  3.344007e-01 -2.496151e+01  1.672003e+01 |  10 2 2.560000e-04 
2020-03-03 10:03:42 | DEBUG |        1.004 -4.992302e-01  3.344007e-01 -2.496151e+01  1.672003e+01 |  11 2 2.560000e-04 
2020-03-03 10:03:42 | DEBUG | call of SolverReInit ie a new symbolic and numerical factorization will be performed
2020-03-03 10:03:42 | DEBUG |        1.005 -4.992302e-01  3.344007e-01 -2.496151e+01  1.672003e+01 |  12 2 5.120000e-04 
2020-03-03 10:03:42 | DEBUG |        1.005 -4.992302e-01  3.344007e-01 -2.496151e+01  1.672003e+01 |  13 2 5.120000e-04 
2020-03-03 10:03:42 | DEBUG |        1.006 -4.992302e-01  3.344007e-01 -2.496151e+01  1.672003e+01 |  14 2 5.120000e-04 
2020-03-03 10:03:42 | DEBUG |        1.006 -4.992302e-01  3.344007e-01 -2.496151e+01  1.672003e+01 |  15 2 5.120000e-04 
2020-03-03 10:03:42 | DEBUG |        1.007 -4.992302e-01  3.344007e-01 -2.496151e+01  1.672003e+01 |  16 2 5.120000e-04 
2020-03-03 10:03:42 | DEBUG |        1.007 -4.992302e-01  3.344007e-01 -2.496151e+01  1.672003e+01 |  17 2 5.120000e-04 
2020-03-03 10:03:42 | DEBUG |        1.008 -4.992302e-01  3.344007e-01 -2.496151e+01  1.672003e+01 |  18 2 5.120000e-04 
2020-03-03 10:03:42 | DEBUG |        1.008 -4.992302e-01  3.344007e-01 -2.496151e+01  1.672003e+01 |  19 2 5.120000e-04 
2020-03-03 10:03:42 | DEBUG |        1.009 -4.992302e-01  3.344007e-01 -2.496151e+01  1.672003e+01 |  20 2 5.120000e-04 
2020-03-03 10:03:42 | DEBUG |        1.009 -4.992302e-01  3.344007e-01 -2.496151e+01  1.672003e+01 |  21 2 5.120000e-04 
2020-03-03 10:03:42 | DEBUG |        1.010 -4.992302e-01  3.344007e-01 -2.496151e+01  1.672003e+01 |  22 2 5.120000e-04 
2020-03-03 10:03:42 | DEBUG |        1.010 -4.992302e-01  3.344007e-01 -2.496151e+01  1.672003e+01 |  23 2 5.120000e-04 
2020-03-03 10:03:42 | DEBUG |        1.011 -4.992302e-01  3.344007e-01 -2.496151e+01  1.672003e+01 |  24 2 5.120000e-04 
2020-03-03 10:03:42 | DEBUG | call of SolverReInit ie a new symbolic and numerical factorization will be performed
2020-03-03 10:03:42 | DEBUG |        1.012 -4.992302e-01  3.344007e-01 -2.496151e+01  1.672003e+01 |  25 2 1.024000e-03 
2020-03-03 10:03:42 | DEBUG |        1.013 -4.992302e-01  3.344007e-01 -2.496151e+01  1.672003e+01 |  26 2 9.216000e-04 
2020-03-03 10:03:42 | DEBUG |        1.014 -4.992302e-01  3.344007e-01 -2.496151e+01  1.672003e+01 |  27 2 9.216000e-04 
2020-03-03 10:03:42 | DEBUG |        1.014 -4.992302e-01  3.344007e-01 -2.496151e+01  1.672003e+01 |  28 2 9.216000e-04 
2020-03-03 10:03:42 | DEBUG |        1.015 -4.992302e-01  3.344007e-01 -2.496151e+01  1.672003e+01 |  29 2 9.216000e-04 
2020-03-03 10:03:42 | DEBUG |        1.016 -4.992302e-01  3.344007e-01 -2.496151e+01  1.672003e+01 |  30 2 9.216000e-04 
2020-03-03 10:03:42 | DEBUG |        1.017 -4.992302e-01  3.344007e-01 -2.496151e+01  1.672003e+01 |  31 2 9.216000e-04 
2020-03-03 10:03:42 | DEBUG |        1.018 -4.992302e-01  3.344007e-01 -2.496151e+01  1.672003e+01 |  32 2 9.216000e-04 
2020-03-03 10:03:42 | DEBUG | call of SolverReInit ie a new symbolic and numerical factorization will be performed
2020-03-03 10:03:42 | DEBUG |        1.020 -4.992302e-01  3.344007e-01 -2.496151e+01  1.672003e+01 |  33 2 1.843200e-03 
2020-03-03 10:03:42 | DEBUG |        1.022 -4.992302e-01  3.344007e-01 -2.496151e+01  1.672003e+01 |  34 2 1.843200e-03 
2020-03-03 10:03:42 | DEBUG |        1.024 -4.992302e-01  3.344007e-01 -2.496151e+01  1.672003e+01 |  35 2 1.843200e-03 
2020-03-03 10:03:42 | DEBUG |        1.026 -4.992302e-01  3.344007e-01 -2.496151e+01  1.672003e+01 |  36 2 1.843200e-03 
2020-03-03 10:03:42 | DEBUG |        1.027 -4.992302e-01  3.344007e-01 -2.496151e+01  1.672003e+01 |  37 2 1.843200e-03 
2020-03-03 10:03:42 | DEBUG | call of SolverReInit ie a new symbolic and numerical factorization will be performed
2020-03-03 10:03:42 | DEBUG |        1.031 -4.992302e-01  3.344007e-01 -2.496151e+01  1.672003e+01 |  38 2 3.686400e-03 
2020-03-03 10:03:42 | DEBUG | call of SolverReInit ie a new symbolic and numerical factorization will be performed
2020-03-03 10:03:42 | DEBUG |        1.038 -4.992302e-01  3.344007e-01 -2.496151e+01  1.672003e+01 |  39 1 7.372800e-03 
2020-03-03 10:03:42 | DEBUG |        1.046 -4.992302e-01  3.344007e-01 -2.496151e+01  1.672003e+01 |  40 1 7.372800e-03 
2020-03-03 10:03:42 | DEBUG | call of SolverReInit ie a new symbolic and numerical factorization will be performed
2020-03-03 10:03:42 | DEBUG |        1.061 -4.992302e-01  3.344007e-01 -2.496151e+01  1.672003e+01 |  41 1 1.474560e-02 
2020-03-03 10:03:42 | DEBUG | call of SolverReInit ie a new symbolic and numerical factorization will be performed
2020-03-03 10:03:42 | DEBUG |        1.090 -4.992302e-01  3.344007e-01 -2.496151e+01  1.672003e+01 |  42 1 2.949120e-02 
2020-03-03 10:03:42 | DEBUG | call of SolverReInit ie a new symbolic and numerical factorization will be performed
2020-03-03 10:03:42 | DEBUG | Algebraic mode (with J recalculation) change for model Fault
2020-03-03 10:03:42 | DEBUG |        1.100 -4.992302e-01  3.344007e-01 -2.496151e+01  1.672003e+01 |  43 1 5.898240e-02 
2020-03-03 10:03:42 | DEBUG | calculation of the new starting point of the simulation.
2020-03-03 10:03:42 | DEBUG | call of SolverReInit ie a new symbolic and numerical factorization will be performed
2020-03-03 10:03:42 | DEBUG | call of SolverReInit ie a new symbolic and numerical factorization will be performed
2020-03-03 10:03:42 | DEBUG | call of SolverReInit ie a new symbolic and numerical factorization will be performed
2020-03-03 10:03:42 | DEBUG | call of SolverReInit ie a new symbolic and numerical factorization will be performed
2020-03-03 10:03:42 | DEBUG | Algebraic mode change for model SVarC
2020-03-03 10:03:42 | DEBUG | call of SolverReInit ie a new symbolic and numerical factorization will be performed
2020-03-03 10:03:42 | DEBUG | Differential mode change for model SVarC
2020-03-03 10:03:42 | DEBUG |        1.100  0.000000e+00  1.048798e+00  0.000000e+00  0.000000e+00 |   0 0 0.000000e+00 
2020-03-03 10:03:42 | DEBUG | call of SolverReInit ie a new symbolic and numerical factorization will be performed
2020-03-03 10:03:42 | DEBUG |        1.100  0.000000e+00  1.048797e+00  0.000000e+00  0.000000e+00 |   1 1 1.000000e-06 
2020-03-03 10:03:42 | DEBUG |        1.100  0.000000e+00  1.048796e+00  0.000000e+00  0.000000e+00 |   2 1 1.000000e-06 
2020-03-03 10:03:42 | DEBUG |        1.100  0.000000e+00  1.048794e+00  0.000000e+00  0.000000e+00 |   3 2 2.000000e-06 
2020-03-03 10:03:42 | DEBUG | call of SolverReInit ie a new symbolic and numerical factorization will be performed
2020-03-03 10:03:42 | DEBUG |        1.100  0.000000e+00  1.048790e+00  0.000000e+00  0.000000e+00 |   4 2 4.000000e-06 
2020-03-03 10:03:42 | DEBUG | call of SolverReInit ie a new symbolic and numerical factorization will be performed
2020-03-03 10:03:42 | DEBUG |        1.100  0.000000e+00  1.048781e+00  0.000000e+00  0.000000e+00 |   5 2 8.000000e-06 
2020-03-03 10:03:42 | DEBUG | call of SolverReInit ie a new symbolic and numerical factorization will be performed
2020-03-03 10:03:42 | DEBUG |        1.100  0.000000e+00  1.048764e+00  0.000000e+00  0.000000e+00 |   6 2 1.600000e-05 
2020-03-03 10:03:42 | DEBUG | call of SolverReInit ie a new symbolic and numerical factorization will be performed
2020-03-03 10:03:42 | DEBUG |        1.100  0.000000e+00  1.048729e+00  0.000000e+00  0.000000e+00 |   7 2 3.200000e-05 
2020-03-03 10:03:42 | DEBUG | call of SolverReInit ie a new symbolic and numerical factorization will be performed
2020-03-03 10:03:42 | DEBUG |        1.100  0.000000e+00  1.048660e+00  0.000000e+00  0.000000e+00 |   8 2 6.400000e-05 
2020-03-03 10:03:42 | DEBUG | call of SolverReInit ie a new symbolic and numerical factorization will be performed
2020-03-03 10:03:42 | DEBUG |        1.100  0.000000e+00  1.048523e+00  0.000000e+00  0.000000e+00 |   9 2 1.280000e-04 
2020-03-03 10:03:42 | DEBUG | call of SolverReInit ie a new symbolic and numerical factorization will be performed
2020-03-03 10:03:42 | DEBUG |        1.101  0.000000e+00  1.048249e+00  0.000000e+00  0.000000e+00 |  10 2 2.560000e-04 
2020-03-03 10:03:42 | DEBUG | call of SolverReInit ie a new symbolic and numerical factorization will be performed
2020-03-03 10:03:42 | DEBUG |        1.101  0.000000e+00  1.047706e+00  0.000000e+00  0.000000e+00 |  11 2 5.120000e-04 
2020-03-03 10:03:42 | DEBUG | call of SolverReInit ie a new symbolic and numerical factorization will be performed
2020-03-03 10:03:42 | DEBUG |        1.102  0.000000e+00  1.046639e+00  0.000000e+00  0.000000e+00 |  12 2 1.024000e-03 
2020-03-03 10:03:42 | DEBUG | call of SolverReInit ie a new symbolic and numerical factorization will be performed
2020-03-03 10:03:42 | DEBUG |        1.104  0.000000e+00  1.044582e+00  0.000000e+00  0.000000e+00 |  13 2 2.048000e-03 
2020-03-03 10:03:42 | DEBUG | call of SolverReInit ie a new symbolic and numerical factorization will be performed
2020-03-03 10:03:42 | DEBUG |        1.108  0.000000e+00  1.040750e+00  0.000000e+00  0.000000e+00 |  14 2 4.096000e-03 
2020-03-03 10:03:42 | DEBUG |        1.112  0.000000e+00  1.037267e+00  0.000000e+00  0.000000e+00 |  15 2 4.096000e-03 
2020-03-03 10:03:42 | DEBUG |        1.116  0.000000e+00  1.034098e+00  0.000000e+00  0.000000e+00 |  16 2 4.096000e-03 
2020-03-03 10:03:42 | DEBUG |        1.120  0.000000e+00  1.031213e+00  0.000000e+00  0.000000e+00 |  17 2 4.096000e-03 
2020-03-03 10:03:42 | DEBUG |        1.125  0.000000e+00  1.028585e+00  0.000000e+00  0.000000e+00 |  18 2 4.096000e-03 
2020-03-03 10:03:42 | DEBUG |        1.129  0.000000e+00  1.026189e+00  0.000000e+00  0.000000e+00 |  19 2 4.096000e-03 
2020-03-03 10:03:42 | DEBUG |        1.133  0.000000e+00  1.024002e+00  0.000000e+00  0.000000e+00 |  20 2 4.096000e-03 
2020-03-03 10:03:42 | DEBUG |        1.137  0.000000e+00  1.022005e+00  0.000000e+00  0.000000e+00 |  21 2 4.096000e-03 
2020-03-03 10:03:42 | DEBUG |        1.141  0.000000e+00  1.020181e+00  0.000000e+00  0.000000e+00 |  22 2 4.096000e-03 
2020-03-03 10:03:42 | DEBUG |        1.145  0.000000e+00  1.018512e+00  0.000000e+00  0.000000e+00 |  23 2 4.096000e-03 
2020-03-03 10:03:42 | DEBUG |        1.149  0.000000e+00  1.016986e+00  0.000000e+00  0.000000e+00 |  24 2 4.096000e-03 
2020-03-03 10:03:42 | DEBUG |        1.153  0.000000e+00  1.015590e+00  0.000000e+00  0.000000e+00 |  25 2 4.096000e-03 
2020-03-03 10:03:42 | DEBUG |        1.157  0.000000e+00  1.014311e+00  0.000000e+00  0.000000e+00 |  26 2 4.096000e-03 
2020-03-03 10:03:42 | DEBUG |        1.161  0.000000e+00  1.013139e+00  0.000000e+00  0.000000e+00 |  27 2 4.096000e-03 
2020-03-03 10:03:42 | DEBUG |        1.166  0.000000e+00  1.012066e+00  0.000000e+00  0.000000e+00 |  28 2 4.096000e-03 
2020-03-03 10:03:42 | DEBUG |        1.170  0.000000e+00  1.011082e+00  0.000000e+00  0.000000e+00 |  29 2 4.096000e-03 
2020-03-03 10:03:42 | DEBUG | call of SolverReInit ie a new symbolic and numerical factorization will be performed
2020-03-03 10:03:42 | DEBUG |        1.178  0.000000e+00  1.009345e+00  0.000000e+00  0.000000e+00 |  30 2 8.192000e-03 
2020-03-03 10:03:42 | DEBUG |        1.185  0.000000e+00  1.008017e+00  0.000000e+00  0.000000e+00 |  31 2 7.372800e-03 
2020-03-03 10:03:42 | DEBUG |        1.193  0.000000e+00  1.006879e+00  0.000000e+00  0.000000e+00 |  32 2 7.372800e-03 
2020-03-03 10:03:42 | DEBUG |        1.200  0.000000e+00  1.005904e+00  0.000000e+00  0.000000e+00 |  33 2 7.372800e-03 
2020-03-03 10:03:42 | DEBUG |        1.207  0.000000e+00  1.005068e+00  0.000000e+00  0.000000e+00 |  34 2 7.372800e-03 
2020-03-03 10:03:42 | DEBUG |        1.215  0.000000e+00  1.004352e+00  0.000000e+00  0.000000e+00 |  35 2 7.372800e-03 
2020-03-03 10:03:42 | DEBUG |        1.222  0.000000e+00  1.003737e+00  0.000000e+00  0.000000e+00 |  36 2 7.372800e-03 
2020-03-03 10:03:42 | DEBUG |        1.229  0.000000e+00  1.003210e+00  0.000000e+00  0.000000e+00 |  37 2 7.372800e-03 
2020-03-03 10:03:42 | DEBUG |        1.237  0.000000e+00  1.002757e+00  0.000000e+00  0.000000e+00 |  38 2 7.372800e-03 
2020-03-03 10:03:42 | DEBUG |        1.244  0.000000e+00  1.002369e+00  0.000000e+00  0.000000e+00 |  39 2 7.372800e-03 
2020-03-03 10:03:42 | DEBUG |        1.252  0.000000e+00  1.002035e+00  0.000000e+00  0.000000e+00 |  40 2 7.372800e-03 
2020-03-03 10:03:42 | DEBUG |        1.259  0.000000e+00  1.001749e+00  0.000000e+00  0.000000e+00 |  41 2 7.372800e-03 
2020-03-03 10:03:42 | DEBUG |        1.266  0.000000e+00  1.001503e+00  0.000000e+00  0.000000e+00 |  42 2 7.372800e-03 
2020-03-03 10:03:42 | DEBUG | call of SolverReInit ie a new symbolic and numerical factorization will be performed
2020-03-03 10:03:42 | DEBUG |        1.281  0.000000e+00  1.001105e+00  0.000000e+00  0.000000e+00 |  43 2 1.474560e-02 
2020-03-03 10:03:42 | DEBUG |        1.296  0.000000e+00  1.000811e+00  0.000000e+00  0.000000e+00 |  44 2 1.474560e-02 
2020-03-03 10:03:42 | DEBUG |        1.311  0.000000e+00  1.000594e+00  0.000000e+00  0.000000e+00 |  45 2 1.474560e-02 
2020-03-03 10:03:42 | DEBUG |        1.325  0.000000e+00  1.000435e+00  0.000000e+00  0.000000e+00 |  46 2 1.474560e-02 
2020-03-03 10:03:42 | DEBUG |        1.340  0.000000e+00  1.000318e+00  0.000000e+00  0.000000e+00 |  47 2 1.474560e-02 
2020-03-03 10:03:42 | DEBUG |        1.355  0.000000e+00  1.000233e+00  0.000000e+00  0.000000e+00 |  48 2 1.474560e-02 
2020-03-03 10:03:42 | DEBUG |        1.370  0.000000e+00  1.000171e+00  0.000000e+00  0.000000e+00 |  49 2 1.474560e-02 
2020-03-03 10:03:42 | DEBUG |        1.384  0.000000e+00  1.000125e+00  0.000000e+00  0.000000e+00 |  50 2 1.474560e-02 
2020-03-03 10:03:42 | DEBUG | call of SolverReInit ie a new symbolic and numerical factorization will be performed
2020-03-03 10:03:42 | DEBUG |        1.414  0.000000e+00  1.000064e+00  0.000000e+00  0.000000e+00 |  51 2 2.949120e-02 
2020-03-03 10:03:42 | DEBUG |        1.443  0.000000e+00  1.000031e+00  0.000000e+00  0.000000e+00 |  52 2 2.949120e-02 
2020-03-03 10:03:42 | DEBUG |        1.473  0.000000e+00  1.000014e+00  0.000000e+00  0.000000e+00 |  53 2 2.949120e-02 
2020-03-03 10:03:42 | DEBUG |        1.502  0.000000e+00  1.000006e+00  0.000000e+00  0.000000e+00 |  54 2 2.949120e-02 
2020-03-03 10:03:42 | DEBUG |        1.532  0.000000e+00  1.000003e+00  0.000000e+00  0.000000e+00 |  55 2 2.949120e-02 
2020-03-03 10:03:42 | DEBUG | call of SolverReInit ie a new symbolic and numerical factorization will be performed
2020-03-03 10:03:42 | DEBUG |        1.591  0.000000e+00  9.999992e-01  0.000000e+00  0.000000e+00 |  56 2 5.898240e-02 
2020-03-03 10:03:42 | DEBUG | call of SolverReInit ie a new symbolic and numerical factorization will be performed
2020-03-03 10:03:42 | DEBUG |        1.709  0.000000e+00  9.999998e-01  0.000000e+00  0.000000e+00 |  57 1 1.179648e-01 
2020-03-03 10:03:42 | DEBUG |        1.827  0.000000e+00  9.999999e-01  0.000000e+00  0.000000e+00 |  58 1 1.179648e-01 
2020-03-03 10:03:42 | DEBUG | call of SolverReInit ie a new symbolic and numerical factorization will be performed
2020-03-03 10:03:42 | DEBUG |        2.063  0.000000e+00  1.000000e+00  0.000000e+00  0.000000e+00 |  59 1 2.359296e-01 
2020-03-03 10:03:42 | DEBUG | call of SolverReInit ie a new symbolic and numerical factorization will be performed
2020-03-03 10:03:42 | DEBUG |        2.534  0.000000e+00  1.000000e+00  0.000000e+00  0.000000e+00 |  60 1 4.718592e-01 
2020-03-03 10:03:42 | DEBUG |        3.000  0.000000e+00  1.000000e+00  0.000000e+00  0.000000e+00 |  61 1 4.655810e-01 
2020-03-03 10:03:42 | DEBUG | 
2020-03-03 10:03:42 | DEBUG | execution Stats :
2020-03-03 10:03:42 | DEBUG | 
2020-03-03 10:03:42 | DEBUG | number of iterations                     = 138
2020-03-03 10:03:42 | DEBUG | number of Residual evaluations           = 165
2020-03-03 10:03:42 | DEBUG | number of Jacobian evaluations           = 65
2020-03-03 10:03:42 | DEBUG | number of Nonlinear iterations           = 165
2020-03-03 10:03:42 | DEBUG | number of error test failures            = 0
2020-03-03 10:03:42 | DEBUG | number of Nonlinear convergence failures = 0
2020-03-03 10:03:42 | DEBUG | number of root functions evaluations     = 299
2020-03-03 10:03:42 | DEBUG | end of job 'SVarC - Impedent three phase fault'
