2021-04-14 11:59:10 | INFO |  ============================================================ 
2021-04-14 11:59:10 | INFO | DYNAWO VERSION  :     1.3.0
2021-04-14 11:59:10 | INFO | DYNAWO REVISION :  964_external_variables-cbe03798
2021-04-14 11:59:10 | INFO |  ============================================================ 
2021-04-14 11:59:10 | INFO | 
2021-04-14 11:59:10 | INFO | -----------------------------------------------------------------------
2021-04-14 11:59:10 | INFO | building model from input files
2021-04-14 11:59:10 | INFO | -----------------------------------------------------------------------
2021-04-14 11:59:10 | INFO | model was built successfully
2021-04-14 11:59:10 | INFO | -----------------------------------------------------------------------
2021-04-14 11:59:10 | INFO | 
2021-04-14 11:59:10 | INFO | -----------------------------------------------------------------------
2021-04-14 11:59:10 | INFO | starting local initialization
2021-04-14 11:59:10 | INFO | -----------------------------------------------------------------------
2021-04-14 11:59:10 | INFO | end of local initialization
2021-04-14 11:59:10 | INFO | -----------------------------------------------------------------------
2021-04-14 11:59:10 | INFO | 
2021-04-14 11:59:10 | INFO | -----------------------------------------------------------------------
2021-04-14 11:59:10 | INFO | starting global initialization
2021-04-14 11:59:10 | INFO | -----------------------------------------------------------------------
2021-04-14 11:59:10 | INFO | end of global initialization
2021-04-14 11:59:10 | INFO | -----------------------------------------------------------------------
2021-04-14 11:59:10 | INFO | 
2021-04-14 11:59:10 | INFO | -----------------------------------------------------------------------
2021-04-14 11:59:10 | INFO | starting curve initialization
2021-04-14 11:59:10 | INFO | -----------------------------------------------------------------------
2021-04-14 11:59:10 | INFO | end of curve initialization, added 39 curves
2021-04-14 11:59:10 | INFO | -----------------------------------------------------------------------
2021-04-14 11:59:10 | INFO | 
2021-04-14 11:59:10 | INFO | -----------------------------------------------------------------------
2021-04-14 11:59:10 | INFO | starting simulation with solver IDASolver
2021-04-14 11:59:10 | INFO | -----------------------------------------------------------------------
2021-04-14 11:59:10 | INFO | -----------------------------------------------------------------------
2021-04-14 11:59:10 | INFO | number of continuous variables : 325
2021-04-14 11:59:10 | INFO | number of discrete variables : 262
2021-04-14 11:59:10 | INFO | number of root functions : 218
2021-04-14 11:59:10 | INFO | -----------------------------------------------------------------------
2021-04-14 11:59:10 | INFO |         time | iter num   order (k)      time step (h)
2021-04-14 11:59:10 | INFO | -----------------------------------------------------------------------
2021-04-14 11:59:10 | INFO |        0.000 |        0           0              0.010 
2021-04-14 11:59:10 | INFO |        0.000 |        1           1              0.000 
2021-04-14 11:59:10 | INFO |        0.000 |        2           1              0.000 
2021-04-14 11:59:10 | INFO |        0.000 |        3           2              0.000 
2021-04-14 11:59:10 | INFO |        0.000 |        4           2              0.000 
2021-04-14 11:59:10 | INFO |        0.000 |        5           2              0.000 
2021-04-14 11:59:10 | INFO |        0.000 |        6           2              0.000 
2021-04-14 11:59:10 | INFO |        0.000 |        7           2              0.000 
2021-04-14 11:59:10 | INFO |        0.000 |        8           2              0.000 
2021-04-14 11:59:10 | INFO |        0.000 |        9           2              0.000 
2021-04-14 11:59:10 | INFO |        0.001 |       10           2              0.000 
2021-04-14 11:59:10 | INFO |        0.001 |       11           2              0.001 
2021-04-14 11:59:10 | INFO |        0.002 |       12           2              0.001 
2021-04-14 11:59:10 | INFO |        0.004 |       13           2              0.002 
2021-04-14 11:59:10 | INFO |        0.008 |       14           2              0.004 
2021-04-14 11:59:10 | INFO |        0.016 |       15           2              0.008 
2021-04-14 11:59:10 | INFO | Algebraic mode change at t = 0.0270356
2021-04-14 11:59:10 | INFO |        0.027 |       16           2              0.016 
2021-04-14 11:59:10 | INFO | calculation of the new starting point of the simulation.
2021-04-14 11:59:10 | INFO |        0.027 |        0           0              0.000 
2021-04-14 11:59:10 | INFO |        0.027 |        1           1              0.000 
2021-04-14 11:59:10 | INFO |        0.027 |        2           1              0.000 
2021-04-14 11:59:10 | INFO |        0.027 |        3           2              0.000 
2021-04-14 11:59:10 | INFO |        0.027 |        4           2              0.000 
2021-04-14 11:59:10 | INFO |        0.027 |        5           2              0.000 
2021-04-14 11:59:10 | INFO |        0.027 |        6           2              0.000 
2021-04-14 11:59:10 | INFO |        0.027 |        7           2              0.000 
2021-04-14 11:59:10 | INFO |        0.027 |        8           2              0.000 
2021-04-14 11:59:10 | INFO |        0.027 |        9           2              0.000 
2021-04-14 11:59:10 | INFO |        0.028 |       10           2              0.000 
2021-04-14 11:59:10 | INFO |        0.028 |       11           2              0.001 
2021-04-14 11:59:10 | INFO |        0.029 |       12           2              0.001 
2021-04-14 11:59:10 | INFO |        0.031 |       13           2              0.002 
2021-04-14 11:59:10 | INFO |        0.031 |       13           2              0.002 
2021-04-14 11:59:10 | INFO |        0.031 |       13           2              0.002 
2021-04-14 11:59:10 | INFO |        0.035 |       14           2              0.004 
2021-04-14 11:59:10 | INFO |        0.043 |       15           2              0.008 
2021-04-14 11:59:10 | INFO | Algebraic mode change at t = 0.0528342
2021-04-14 11:59:10 | INFO |        0.053 |       16           2              0.016 
2021-04-14 11:59:10 | INFO | calculation of the new starting point of the simulation.
2021-04-14 11:59:10 | INFO |        0.053 |        0           0              0.000 
2021-04-14 11:59:10 | INFO |        0.053 |        1           1              0.000 
2021-04-14 11:59:10 | INFO |        0.053 |        2           1              0.000 
2021-04-14 11:59:10 | INFO |        0.053 |        3           2              0.000 
2021-04-14 11:59:10 | INFO |        0.053 |        4           2              0.000 
2021-04-14 11:59:10 | INFO |        0.053 |        5           2              0.000 
2021-04-14 11:59:10 | INFO |        0.053 |        6           2              0.000 
2021-04-14 11:59:10 | INFO |        0.053 |        7           2              0.000 
2021-04-14 11:59:10 | INFO |        0.053 |        8           2              0.000 
2021-04-14 11:59:10 | INFO |        0.053 |        9           2              0.000 
2021-04-14 11:59:10 | INFO |        0.053 |       10           2              0.000 
2021-04-14 11:59:10 | INFO |        0.054 |       11           2              0.001 
2021-04-14 11:59:10 | INFO |        0.055 |       12           2              0.001 
2021-04-14 11:59:10 | INFO |        0.057 |       13           2              0.002 
2021-04-14 11:59:10 | INFO |        0.061 |       14           2              0.004 
2021-04-14 11:59:10 | INFO |        0.069 |       15           2              0.008 
2021-04-14 11:59:11 | INFO |        0.086 |       16           2              0.016 
2021-04-14 11:59:11 | INFO |        0.118 |       17           2              0.033 
2021-04-14 11:59:11 | INFO |        0.184 |       18           2              0.066 
2021-04-14 11:59:11 | INFO | Algebraic mode change at t = 0.294755
2021-04-14 11:59:11 | INFO |        0.295 |       19           2              0.131 
2021-04-14 11:59:11 | INFO | calculation of the new starting point of the simulation.
2021-04-14 11:59:11 | INFO |        0.295 |        0           0              0.000 
2021-04-14 11:59:11 | INFO |        0.295 |        1           1              0.000 
2021-04-14 11:59:11 | INFO |        0.295 |        2           1              0.000 
2021-04-14 11:59:11 | INFO |        0.295 |        3           2              0.000 
2021-04-14 11:59:11 | INFO |        0.295 |        4           2              0.000 
2021-04-14 11:59:11 | INFO |        0.295 |        5           2              0.000 
2021-04-14 11:59:11 | INFO |        0.295 |        6           2              0.000 
2021-04-14 11:59:11 | INFO |        0.295 |        7           2              0.000 
2021-04-14 11:59:11 | INFO |        0.295 |        8           2              0.000 
2021-04-14 11:59:11 | INFO |        0.295 |        9           2              0.000 
2021-04-14 11:59:11 | INFO |        0.295 |       10           2              0.000 
2021-04-14 11:59:11 | INFO |        0.296 |       11           2              0.001 
2021-04-14 11:59:11 | INFO |        0.297 |       12           2              0.001 
2021-04-14 11:59:11 | INFO |        0.299 |       13           2              0.002 
2021-04-14 11:59:11 | INFO |        0.303 |       14           2              0.004 
2021-04-14 11:59:11 | INFO |        0.311 |       15           2              0.008 
2021-04-14 11:59:11 | INFO |        0.328 |       16           2              0.016 
2021-04-14 11:59:11 | INFO |        0.348 |       17           2              0.033 
2021-04-14 11:59:11 | INFO |        0.348 |       17           2              0.033 
2021-04-14 11:59:11 | INFO |        0.360 |       17           2              0.033 
2021-04-14 11:59:11 | INFO |        0.426 |       18           2              0.066 
2021-04-14 11:59:11 | INFO |        0.557 |       19           2              0.131 
2021-04-14 11:59:11 | INFO | Algebraic mode change at t = 0.793974
2021-04-14 11:59:11 | INFO |        0.794 |       20           2              0.262 
2021-04-14 11:59:11 | INFO | calculation of the new starting point of the simulation.
2021-04-14 11:59:11 | INFO |        0.794 |        0           0              0.000 
2021-04-14 11:59:11 | INFO |        0.794 |        1           1              0.000 
2021-04-14 11:59:11 | INFO |        0.794 |        2           1              0.000 
2021-04-14 11:59:11 | INFO |        0.794 |        3           2              0.000 
2021-04-14 11:59:11 | INFO |        0.794 |        4           2              0.000 
2021-04-14 11:59:11 | INFO |        0.794 |        5           2              0.000 
2021-04-14 11:59:11 | INFO |        0.794 |        6           2              0.000 
2021-04-14 11:59:11 | INFO |        0.794 |        7           2              0.000 
2021-04-14 11:59:11 | INFO |        0.794 |        8           2              0.000 
2021-04-14 11:59:11 | INFO |        0.794 |        9           2              0.000 
2021-04-14 11:59:11 | INFO |        0.794 |       10           2              0.000 
2021-04-14 11:59:11 | INFO |        0.795 |       11           2              0.001 
2021-04-14 11:59:11 | INFO |        0.796 |       12           2              0.001 
2021-04-14 11:59:11 | INFO |        0.798 |       13           2              0.002 
2021-04-14 11:59:11 | INFO |        0.802 |       14           2              0.004 
2021-04-14 11:59:11 | INFO |        0.810 |       15           2              0.008 
2021-04-14 11:59:11 | INFO |        0.827 |       16           2              0.016 
2021-04-14 11:59:11 | INFO |        0.829 |       17           2              0.033 
2021-04-14 11:59:11 | INFO |        0.829 |       17           2              0.033 
2021-04-14 11:59:11 | INFO |        0.835 |       17           2              0.033 
2021-04-14 11:59:11 | INFO |        0.835 |       17           2              0.033 
2021-04-14 11:59:11 | INFO |        0.860 |       17           2              0.033 
2021-04-14 11:59:11 | INFO | Algebraic mode change at t = 0.882399
2021-04-14 11:59:11 | INFO |        0.882 |       18           2              0.066 
2021-04-14 11:59:11 | INFO | calculation of the new starting point of the simulation.
2021-04-14 11:59:11 | INFO |        0.882 |        0           0              0.000 
2021-04-14 11:59:11 | INFO |        0.882 |        1           1              0.000 
2021-04-14 11:59:11 | INFO |        0.882 |        2           1              0.000 
2021-04-14 11:59:11 | INFO |        0.882 |        3           2              0.000 
2021-04-14 11:59:11 | INFO |        0.882 |        4           2              0.000 
2021-04-14 11:59:11 | INFO |        0.882 |        5           2              0.000 
2021-04-14 11:59:11 | INFO |        0.882 |        6           2              0.000 
2021-04-14 11:59:11 | INFO |        0.882 |        7           2              0.000 
2021-04-14 11:59:11 | INFO |        0.883 |        8           2              0.000 
2021-04-14 11:59:11 | INFO |        0.883 |        9           2              0.000 
2021-04-14 11:59:11 | INFO |        0.883 |       10           2              0.000 
2021-04-14 11:59:11 | INFO |        0.883 |       11           2              0.001 
2021-04-14 11:59:11 | INFO |        0.884 |       12           2              0.001 
2021-04-14 11:59:11 | INFO |        0.886 |       13           2              0.002 
2021-04-14 11:59:11 | INFO |        0.891 |       14           2              0.004 
2021-04-14 11:59:11 | INFO |        0.899 |       15           2              0.008 
2021-04-14 11:59:11 | INFO |        0.915 |       16           2              0.016 
2021-04-14 11:59:11 | INFO |        0.948 |       17           2              0.033 
2021-04-14 11:59:11 | INFO | Algebraic mode (with J recalculation) change at t = 1
2021-04-14 11:59:11 | INFO |        1.000 |       18           2              0.066 
2021-04-14 11:59:11 | INFO | calculation of the new starting point of the simulation.
2021-04-14 11:59:11 | INFO | Algebraic mode change at t = 1
2021-04-14 11:59:11 | INFO |        1.000 |        0           0              0.000 
2021-04-14 11:59:11 | INFO |        1.000 |        1           1              0.000 
2021-04-14 11:59:11 | INFO |        1.000 |        2           1              0.000 
2021-04-14 11:59:11 | INFO |        1.000 |        3           2              0.000 
2021-04-14 11:59:11 | INFO |        1.000 |        4           2              0.000 
2021-04-14 11:59:11 | INFO | Algebraic mode change at t = 1.00001
2021-04-14 11:59:11 | INFO |        1.000 |        5           2              0.000 
2021-04-14 11:59:11 | INFO | calculation of the new starting point of the simulation.
2021-04-14 11:59:11 | INFO |        1.000 |        0           0              0.000 
2021-04-14 11:59:11 | INFO |        1.000 |        1           1              0.000 
2021-04-14 11:59:11 | INFO |        1.000 |        2           1              0.000 
2021-04-14 11:59:11 | INFO |        1.000 |        3           2              0.000 
2021-04-14 11:59:11 | INFO |        1.000 |        4           2              0.000 
2021-04-14 11:59:11 | INFO |        1.000 |        4           2              0.000 
2021-04-14 11:59:11 | INFO |        1.000 |        4           2              0.000 
2021-04-14 11:59:11 | INFO |        1.000 |        5           2              0.000 
2021-04-14 11:59:11 | INFO |        1.000 |        6           2              0.000 
2021-04-14 11:59:11 | INFO |        1.000 |        7           2              0.000 
2021-04-14 11:59:11 | INFO |        1.000 |        8           2              0.000 
2021-04-14 11:59:11 | INFO |        1.000 |        9           2              0.000 
2021-04-14 11:59:11 | INFO |        1.001 |       10           2              0.000 
2021-04-14 11:59:11 | INFO |        1.001 |       11           2              0.001 
2021-04-14 11:59:11 | INFO |        1.002 |       12           2              0.001 
2021-04-14 11:59:11 | INFO |        1.004 |       13           2              0.002 
2021-04-14 11:59:11 | INFO |        1.008 |       14           2              0.004 
2021-04-14 11:59:11 | INFO |        1.012 |       15           2              0.004 
2021-04-14 11:59:11 | INFO |        1.020 |       16           2              0.008 
2021-04-14 11:59:11 | INFO |        1.028 |       17           2              0.007 
2021-04-14 11:59:11 | INFO |        1.035 |       18           2              0.007 
2021-04-14 11:59:11 | INFO |        1.043 |       19           2              0.007 
2021-04-14 11:59:11 | INFO |        1.050 |       20           2              0.007 
2021-04-14 11:59:11 | INFO |        1.057 |       21           2              0.007 
2021-04-14 11:59:11 | INFO |        1.065 |       22           2              0.007 
2021-04-14 11:59:11 | INFO |        1.072 |       23           2              0.007 
2021-04-14 11:59:11 | INFO |        1.079 |       24           2              0.007 
2021-04-14 11:59:11 | INFO |        1.094 |       25           2              0.015 
2021-04-14 11:59:11 | INFO | Algebraic mode (with J recalculation) change at t = 1.1
2021-04-14 11:59:11 | INFO |        1.100 |       26           2              0.015 
2021-04-14 11:59:11 | INFO | calculation of the new starting point of the simulation.
2021-04-14 11:59:11 | INFO | Algebraic mode change at t = 1.1
2021-04-14 11:59:11 | INFO |        1.100 |        0           0              0.000 
2021-04-14 11:59:11 | INFO |        1.100 |        1           1              0.000 
2021-04-14 11:59:11 | INFO |        1.100 |        2           1              0.000 
2021-04-14 11:59:11 | INFO |        1.100 |        3           2              0.000 
2021-04-14 11:59:11 | INFO |        1.100 |        4           2              0.000 
2021-04-14 11:59:11 | INFO |        1.100 |        5           2              0.000 
2021-04-14 11:59:11 | INFO |        1.100 |        6           2              0.000 
2021-04-14 11:59:11 | INFO |        1.100 |        7           2              0.000 
2021-04-14 11:59:11 | INFO |        1.100 |        8           2              0.000 
2021-04-14 11:59:11 | INFO |        1.100 |        9           2              0.000 
2021-04-14 11:59:11 | INFO |        1.101 |       10           2              0.000 
2021-04-14 11:59:11 | INFO |        1.101 |       11           2              0.001 
2021-04-14 11:59:11 | INFO |        1.102 |       12           2              0.001 
2021-04-14 11:59:11 | INFO |        1.104 |       13           2              0.002 
2021-04-14 11:59:11 | INFO |        1.108 |       14           2              0.004 
2021-04-14 11:59:11 | INFO |        1.112 |       15           2              0.004 
2021-04-14 11:59:11 | INFO |        1.120 |       16           2              0.008 
2021-04-14 11:59:11 | INFO |        1.128 |       17           2              0.007 
2021-04-14 11:59:11 | INFO |        1.135 |       18           2              0.007 
2021-04-14 11:59:11 | INFO |        1.143 |       19           2              0.007 
2021-04-14 11:59:11 | INFO |        1.150 |       20           2              0.007 
2021-04-14 11:59:11 | INFO |        1.157 |       21           2              0.007 
2021-04-14 11:59:11 | INFO |        1.165 |       22           2              0.007 
2021-04-14 11:59:11 | INFO |        1.172 |       23           2              0.007 
2021-04-14 11:59:11 | INFO |        1.187 |       24           2              0.015 
2021-04-14 11:59:11 | INFO |        1.202 |       25           2              0.015 
2021-04-14 11:59:11 | INFO |        1.216 |       26           2              0.015 
2021-04-14 11:59:11 | INFO |        1.231 |       27           2              0.015 
2021-04-14 11:59:11 | INFO |        1.239 |       28           2              0.015 
2021-04-14 11:59:11 | INFO |        1.239 |       28           2              0.015 
2021-04-14 11:59:11 | INFO | Algebraic mode change at t = 1.23939
2021-04-14 11:59:11 | INFO |        1.239 |       28           2              0.015 
2021-04-14 11:59:11 | INFO | calculation of the new starting point of the simulation.
2021-04-14 11:59:11 | INFO |        1.239 |        0           0              0.000 
2021-04-14 11:59:11 | INFO |        1.239 |        1           1              0.000 
2021-04-14 11:59:11 | INFO |        1.239 |        2           1              0.000 
2021-04-14 11:59:11 | INFO |        1.239 |        3           2              0.000 
2021-04-14 11:59:11 | INFO |        1.239 |        4           2              0.000 
2021-04-14 11:59:11 | INFO |        1.239 |        5           2              0.000 
2021-04-14 11:59:11 | INFO |        1.239 |        6           2              0.000 
2021-04-14 11:59:11 | INFO |        1.239 |        7           2              0.000 
2021-04-14 11:59:11 | INFO |        1.240 |        8           2              0.000 
2021-04-14 11:59:11 | INFO |        1.240 |        9           2              0.000 
2021-04-14 11:59:11 | INFO |        1.240 |       10           2              0.000 
2021-04-14 11:59:11 | INFO |        1.240 |       11           2              0.001 
2021-04-14 11:59:11 | INFO |        1.241 |       12           2              0.001 
2021-04-14 11:59:11 | INFO |        1.243 |       13           2              0.002 
2021-04-14 11:59:11 | INFO |        1.248 |       14           2              0.004 
2021-04-14 11:59:11 | INFO |        1.256 |       15           2              0.008 
2021-04-14 11:59:11 | INFO |        1.272 |       16           2              0.016 
2021-04-14 11:59:11 | INFO |        1.289 |       17           2              0.016 
2021-04-14 11:59:11 | INFO |        1.321 |       18           2              0.033 
2021-04-14 11:59:11 | INFO |        1.351 |       19           2              0.029 
2021-04-14 11:59:11 | INFO |        1.380 |       20           2              0.029 
2021-04-14 11:59:11 | INFO |        1.392 |       21           2              0.029 
2021-04-14 11:59:11 | INFO |        1.392 |       21           2              0.029 
2021-04-14 11:59:11 | INFO | Algebraic mode change at t = 1.39202
2021-04-14 11:59:11 | INFO |        1.392 |       21           2              0.029 
2021-04-14 11:59:11 | INFO | calculation of the new starting point of the simulation.
2021-04-14 11:59:11 | INFO |        1.392 |        0           0              0.000 
2021-04-14 11:59:11 | INFO |        1.392 |        1           1              0.000 
2021-04-14 11:59:11 | INFO |        1.392 |        2           1              0.000 
2021-04-14 11:59:11 | INFO |        1.392 |        3           2              0.000 
2021-04-14 11:59:11 | INFO |        1.392 |        4           2              0.000 
2021-04-14 11:59:11 | INFO |        1.392 |        5           2              0.000 
2021-04-14 11:59:11 | INFO |        1.392 |        6           2              0.000 
2021-04-14 11:59:11 | INFO |        1.392 |        7           2              0.000 
2021-04-14 11:59:11 | INFO |        1.392 |        8           2              0.000 
2021-04-14 11:59:11 | INFO |        1.392 |        9           2              0.000 
2021-04-14 11:59:11 | INFO |        1.393 |       10           2              0.000 
2021-04-14 11:59:11 | INFO |        1.393 |       11           2              0.001 
2021-04-14 11:59:11 | INFO |        1.394 |       12           2              0.001 
2021-04-14 11:59:11 | INFO |        1.396 |       13           2              0.002 
2021-04-14 11:59:11 | INFO |        1.400 |       14           2              0.004 
2021-04-14 11:59:11 | INFO |        1.408 |       15           2              0.008 
2021-04-14 11:59:11 | INFO |        1.425 |       16           2              0.016 
2021-04-14 11:59:11 | INFO |        1.441 |       17           2              0.016 
2021-04-14 11:59:11 | INFO |        1.474 |       18           2              0.033 
2021-04-14 11:59:11 | INFO |        1.503 |       19           2              0.029 
2021-04-14 11:59:11 | INFO |        1.533 |       20           2              0.029 
2021-04-14 11:59:11 | INFO | Algebraic mode change at t = 1.55298
2021-04-14 11:59:11 | INFO |        1.553 |       21           2              0.029 
2021-04-14 11:59:11 | INFO | calculation of the new starting point of the simulation.
2021-04-14 11:59:11 | INFO |        1.553 |        0           0              0.000 
2021-04-14 11:59:11 | INFO |        1.553 |        1           1              0.000 
2021-04-14 11:59:11 | INFO |        1.553 |        2           1              0.000 
2021-04-14 11:59:11 | INFO |        1.553 |        3           2              0.000 
2021-04-14 11:59:11 | INFO |        1.553 |        3           2              0.000 
2021-04-14 11:59:11 | INFO |        1.553 |        3           2              0.000 
2021-04-14 11:59:11 | INFO |        1.553 |        4           2              0.000 
2021-04-14 11:59:11 | INFO |        1.553 |        5           2              0.000 
2021-04-14 11:59:11 | INFO |        1.553 |        6           2              0.000 
2021-04-14 11:59:11 | INFO |        1.553 |        7           2              0.000 
2021-04-14 11:59:11 | INFO |        1.553 |        8           2              0.000 
2021-04-14 11:59:11 | INFO |        1.553 |        9           2              0.000 
2021-04-14 11:59:11 | INFO |        1.553 |       10           2              0.000 
2021-04-14 11:59:11 | INFO |        1.554 |       11           2              0.001 
2021-04-14 11:59:11 | INFO |        1.555 |       12           2              0.001 
2021-04-14 11:59:11 | INFO |        1.557 |       13           2              0.002 
2021-04-14 11:59:11 | INFO |        1.561 |       14           2              0.004 
2021-04-14 11:59:11 | INFO |        1.569 |       15           2              0.008 
2021-04-14 11:59:11 | INFO |        1.586 |       16           2              0.016 
2021-04-14 11:59:11 | INFO |        1.619 |       17           2              0.033 
2021-04-14 11:59:11 | INFO |        1.651 |       18           2              0.033 
2021-04-14 11:59:11 | INFO |        1.684 |       19           2              0.033 
2021-04-14 11:59:11 | INFO |        1.717 |       20           2              0.033 
2021-04-14 11:59:11 | INFO | Algebraic mode change at t = 1.73998
2021-04-14 11:59:11 | INFO |        1.740 |       21           2              0.033 
2021-04-14 11:59:11 | INFO | calculation of the new starting point of the simulation.
2021-04-14 11:59:11 | INFO |        1.740 |        0           0              0.000 
2021-04-14 11:59:11 | INFO |        1.740 |        1           1              0.000 
2021-04-14 11:59:11 | INFO |        1.740 |        2           1              0.000 
2021-04-14 11:59:11 | INFO |        1.740 |        3           2              0.000 
2021-04-14 11:59:11 | INFO |        1.740 |        4           2              0.000 
2021-04-14 11:59:11 | INFO |        1.740 |        5           2              0.000 
2021-04-14 11:59:11 | INFO |        1.740 |        5           2              0.000 
2021-04-14 11:59:11 | INFO |        1.740 |        5           2              0.000 
2021-04-14 11:59:11 | INFO |        1.740 |        6           2              0.000 
2021-04-14 11:59:11 | INFO |        1.740 |        7           2              0.000 
2021-04-14 11:59:11 | INFO |        1.740 |        8           2              0.000 
2021-04-14 11:59:11 | INFO |        1.740 |        9           2              0.000 
2021-04-14 11:59:11 | INFO |        1.740 |       10           2              0.000 
2021-04-14 11:59:11 | INFO |        1.741 |       11           2              0.001 
2021-04-14 11:59:11 | INFO |        1.742 |       12           2              0.001 
2021-04-14 11:59:11 | INFO |        1.744 |       13           2              0.002 
2021-04-14 11:59:11 | INFO |        1.748 |       14           2              0.004 
2021-04-14 11:59:11 | INFO |        1.756 |       15           2              0.008 
2021-04-14 11:59:11 | INFO |        1.773 |       16           2              0.016 
2021-04-14 11:59:11 | INFO |        1.806 |       17           2              0.033 
2021-04-14 11:59:11 | INFO |        1.838 |       18           2              0.033 
2021-04-14 11:59:11 | INFO |        1.871 |       19           2              0.033 
2021-04-14 11:59:11 | INFO |        1.904 |       20           2              0.033 
2021-04-14 11:59:11 | INFO |        1.937 |       21           2              0.033 
2021-04-14 11:59:11 | INFO |        1.969 |       22           2              0.033 
2021-04-14 11:59:11 | INFO |        1.971 |       23           2              0.033 
2021-04-14 11:59:11 | INFO |        1.971 |       23           2              0.033 
2021-04-14 11:59:11 | INFO | Algebraic mode change at t = 1.97108
2021-04-14 11:59:11 | INFO |        1.971 |       23           2              0.033 
2021-04-14 11:59:11 | INFO | calculation of the new starting point of the simulation.
2021-04-14 11:59:11 | INFO |        1.971 |        0           0              0.000 
2021-04-14 11:59:11 | INFO |        1.971 |        1           1              0.000 
2021-04-14 11:59:11 | INFO |        1.971 |        2           1              0.000 
2021-04-14 11:59:11 | INFO |        1.971 |        3           2              0.000 
2021-04-14 11:59:11 | INFO |        1.971 |        4           2              0.000 
2021-04-14 11:59:11 | INFO |        1.971 |        5           2              0.000 
2021-04-14 11:59:11 | INFO |        1.971 |        6           2              0.000 
2021-04-14 11:59:11 | INFO |        1.971 |        7           2              0.000 
2021-04-14 11:59:11 | INFO |        1.971 |        8           2              0.000 
2021-04-14 11:59:11 | INFO |        1.971 |        9           2              0.000 
2021-04-14 11:59:11 | INFO |        1.972 |       10           2              0.000 
2021-04-14 11:59:11 | INFO |        1.972 |       11           2              0.001 
2021-04-14 11:59:11 | INFO |        1.973 |       12           2              0.001 
2021-04-14 11:59:11 | INFO |        1.975 |       13           2              0.002 
2021-04-14 11:59:11 | INFO |        1.979 |       14           2              0.004 
2021-04-14 11:59:11 | INFO |        1.987 |       15           2              0.008 
2021-04-14 11:59:11 | INFO |        2.004 |       16           2              0.016 
2021-04-14 11:59:11 | INFO |        2.037 |       17           2              0.033 
2021-04-14 11:59:11 | INFO |        2.069 |       18           2              0.033 
2021-04-14 11:59:11 | INFO |        2.102 |       19           2              0.033 
2021-04-14 11:59:11 | INFO |        2.135 |       20           2              0.033 
2021-04-14 11:59:11 | INFO |        2.168 |       21           2              0.033 
2021-04-14 11:59:11 | INFO |        2.200 |       22           2              0.033 
2021-04-14 11:59:11 | INFO |        2.233 |       23           2              0.033 
2021-04-14 11:59:11 | INFO | Algebraic mode change at t = 2.25781
2021-04-14 11:59:11 | INFO |        2.258 |       24           2              0.033 
2021-04-14 11:59:11 | INFO | calculation of the new starting point of the simulation.
2021-04-14 11:59:11 | INFO |        2.258 |        0           0              0.000 
2021-04-14 11:59:11 | INFO |        2.258 |        1           1              0.000 
2021-04-14 11:59:11 | INFO |        2.258 |        2           1              0.000 
2021-04-14 11:59:11 | INFO |        2.258 |        3           2              0.000 
2021-04-14 11:59:11 | INFO |        2.258 |        4           2              0.000 
2021-04-14 11:59:11 | INFO |        2.258 |        4           2              0.000 
2021-04-14 11:59:11 | INFO |        2.258 |        4           2              0.000 
2021-04-14 11:59:11 | INFO |        2.258 |        5           2              0.000 
2021-04-14 11:59:11 | INFO |        2.258 |        6           2              0.000 
2021-04-14 11:59:11 | INFO |        2.258 |        7           2              0.000 
2021-04-14 11:59:11 | INFO |        2.258 |        8           2              0.000 
2021-04-14 11:59:11 | INFO |        2.258 |        9           2              0.000 
2021-04-14 11:59:11 | INFO |        2.258 |       10           2              0.000 
2021-04-14 11:59:11 | INFO |        2.259 |       11           2              0.001 
2021-04-14 11:59:11 | INFO |        2.260 |       12           2              0.001 
2021-04-14 11:59:11 | INFO |        2.262 |       13           2              0.002 
2021-04-14 11:59:11 | INFO |        2.266 |       14           2              0.004 
2021-04-14 11:59:11 | INFO |        2.274 |       15           2              0.008 
2021-04-14 11:59:11 | INFO |        2.291 |       16           2              0.016 
2021-04-14 11:59:11 | INFO |        2.303 |       17           2              0.033 
2021-04-14 11:59:11 | INFO |        2.303 |       17           2              0.033 
2021-04-14 11:59:11 | INFO | Algebraic mode change at t = 2.30295
2021-04-14 11:59:11 | INFO |        2.303 |       17           2              0.033 
2021-04-14 11:59:11 | INFO | calculation of the new starting point of the simulation.
2021-04-14 11:59:11 | INFO |        2.303 |        0           0              0.000 
2021-04-14 11:59:11 | INFO |        2.303 |        1           1              0.000 
2021-04-14 11:59:11 | INFO |        2.303 |        2           1              0.000 
2021-04-14 11:59:11 | INFO |        2.303 |        3           2              0.000 
2021-04-14 11:59:11 | INFO |        2.303 |        4           2              0.000 
2021-04-14 11:59:11 | INFO |        2.303 |        5           2              0.000 
2021-04-14 11:59:11 | INFO |        2.303 |        6           2              0.000 
2021-04-14 11:59:11 | INFO |        2.303 |        7           2              0.000 
2021-04-14 11:59:11 | INFO |        2.303 |        8           2              0.000 
2021-04-14 11:59:11 | INFO |        2.303 |        9           2              0.000 
2021-04-14 11:59:11 | INFO |        2.303 |       10           2              0.000 
2021-04-14 11:59:11 | INFO |        2.304 |       11           2              0.001 
2021-04-14 11:59:11 | INFO |        2.305 |       12           2              0.001 
2021-04-14 11:59:11 | INFO |        2.307 |       13           2              0.002 
2021-04-14 11:59:11 | INFO |        2.311 |       14           2              0.004 
2021-04-14 11:59:11 | INFO |        2.319 |       15           2              0.008 
2021-04-14 11:59:11 | INFO |        2.336 |       16           2              0.016 
2021-04-14 11:59:11 | INFO |        2.368 |       17           2              0.033 
2021-04-14 11:59:11 | INFO |        2.401 |       18           2              0.033 
2021-04-14 11:59:11 | INFO |        2.434 |       19           2              0.033 
2021-04-14 11:59:11 | INFO |        2.467 |       20           2              0.033 
2021-04-14 11:59:11 | INFO |        2.500 |       21           2              0.033 
2021-04-14 11:59:11 | INFO |        2.532 |       22           2              0.033 
2021-04-14 11:59:11 | INFO |        2.565 |       23           2              0.033 
2021-04-14 11:59:11 | INFO |        2.598 |       24           2              0.033 
2021-04-14 11:59:11 | INFO |        2.631 |       25           2              0.033 
2021-04-14 11:59:11 | INFO |        2.656 |       26           2              0.033 
2021-04-14 11:59:11 | INFO |        2.656 |       26           2              0.033 
2021-04-14 11:59:11 | INFO | Algebraic mode change at t = 2.65639
2021-04-14 11:59:11 | INFO |        2.656 |       26           2              0.033 
2021-04-14 11:59:11 | INFO | calculation of the new starting point of the simulation.
2021-04-14 11:59:11 | INFO |        2.656 |        0           0              0.000 
2021-04-14 11:59:11 | INFO |        2.656 |        1           1              0.000 
2021-04-14 11:59:11 | INFO |        2.656 |        2           1              0.000 
2021-04-14 11:59:11 | INFO |        2.656 |        3           2              0.000 
2021-04-14 11:59:11 | INFO |        2.656 |        4           2              0.000 
2021-04-14 11:59:11 | INFO |        2.656 |        5           2              0.000 
2021-04-14 11:59:11 | INFO |        2.656 |        6           2              0.000 
2021-04-14 11:59:11 | INFO |        2.656 |        7           2              0.000 
2021-04-14 11:59:11 | INFO |        2.657 |        8           2              0.000 
2021-04-14 11:59:11 | INFO |        2.657 |        9           2              0.000 
2021-04-14 11:59:11 | INFO |        2.657 |       10           2              0.000 
2021-04-14 11:59:11 | INFO |        2.657 |       11           2              0.001 
2021-04-14 11:59:11 | INFO |        2.658 |       12           2              0.001 
2021-04-14 11:59:11 | INFO |        2.660 |       13           2              0.002 
2021-04-14 11:59:11 | INFO |        2.665 |       14           2              0.004 
2021-04-14 11:59:11 | INFO |        2.673 |       15           2              0.008 
2021-04-14 11:59:11 | INFO | Algebraic mode change at t = 2.67663
2021-04-14 11:59:11 | INFO |        2.677 |       16           2              0.016 
2021-04-14 11:59:11 | INFO | calculation of the new starting point of the simulation.
2021-04-14 11:59:11 | INFO |        2.677 |        0           0              0.000 
2021-04-14 11:59:11 | INFO |        2.677 |        1           1              0.000 
2021-04-14 11:59:11 | INFO |        2.677 |        2           1              0.000 
2021-04-14 11:59:11 | INFO |        2.677 |        3           2              0.000 
2021-04-14 11:59:11 | INFO |        2.677 |        4           2              0.000 
2021-04-14 11:59:11 | INFO |        2.677 |        5           2              0.000 
2021-04-14 11:59:11 | INFO |        2.677 |        5           2              0.000 
2021-04-14 11:59:11 | INFO |        2.677 |        5           2              0.000 
2021-04-14 11:59:11 | INFO |        2.677 |        6           2              0.000 
2021-04-14 11:59:11 | INFO |        2.677 |        7           2              0.000 
2021-04-14 11:59:11 | INFO |        2.677 |        8           2              0.000 
2021-04-14 11:59:11 | INFO |        2.677 |        9           2              0.000 
2021-04-14 11:59:11 | INFO |        2.677 |       10           2              0.000 
2021-04-14 11:59:11 | INFO |        2.678 |       11           2              0.001 
2021-04-14 11:59:11 | INFO |        2.679 |       12           2              0.001 
2021-04-14 11:59:11 | INFO |        2.681 |       13           2              0.002 
2021-04-14 11:59:11 | INFO |        2.685 |       14           2              0.004 
2021-04-14 11:59:11 | INFO |        2.693 |       15           2              0.008 
2021-04-14 11:59:11 | INFO |        2.709 |       16           2              0.016 
2021-04-14 11:59:11 | INFO |        2.742 |       17           2              0.033 
2021-04-14 11:59:11 | INFO |        2.775 |       18           2              0.033 
2021-04-14 11:59:11 | INFO |        2.808 |       19           2              0.033 
2021-04-14 11:59:11 | INFO |        2.840 |       20           2              0.033 
2021-04-14 11:59:11 | INFO |        2.873 |       21           2              0.033 
2021-04-14 11:59:11 | INFO |        2.906 |       22           2              0.033 
2021-04-14 11:59:11 | INFO |        2.939 |       23           2              0.033 
2021-04-14 11:59:11 | INFO | Algebraic mode change at t = 2.95085
2021-04-14 11:59:11 | INFO |        2.951 |       24           2              0.033 
2021-04-14 11:59:11 | INFO | calculation of the new starting point of the simulation.
2021-04-14 11:59:11 | INFO |        2.951 |        0           0              0.000 
2021-04-14 11:59:11 | INFO |        2.951 |        1           1              0.000 
2021-04-14 11:59:11 | INFO |        2.951 |        2           1              0.000 
2021-04-14 11:59:11 | INFO |        2.951 |        3           2              0.000 
2021-04-14 11:59:11 | INFO |        2.951 |        4           2              0.000 
2021-04-14 11:59:11 | INFO |        2.951 |        4           2              0.000 
2021-04-14 11:59:11 | INFO |        2.951 |        4           2              0.000 
2021-04-14 11:59:11 | INFO |        2.951 |        5           2              0.000 
2021-04-14 11:59:11 | INFO |        2.951 |        6           2              0.000 
2021-04-14 11:59:11 | INFO |        2.951 |        7           2              0.000 
2021-04-14 11:59:11 | INFO |        2.951 |        8           2              0.000 
2021-04-14 11:59:11 | INFO |        2.951 |        9           2              0.000 
2021-04-14 11:59:11 | INFO |        2.951 |       10           2              0.000 
2021-04-14 11:59:11 | INFO |        2.952 |       11           2              0.001 
2021-04-14 11:59:11 | INFO |        2.953 |       12           2              0.001 
2021-04-14 11:59:11 | INFO |        2.955 |       13           2              0.002 
2021-04-14 11:59:11 | INFO |        2.959 |       14           2              0.004 
2021-04-14 11:59:11 | INFO |        2.967 |       15           2              0.008 
2021-04-14 11:59:11 | INFO |        2.984 |       16           2              0.016 
2021-04-14 11:59:11 | INFO |        3.016 |       17           2              0.033 
2021-04-14 11:59:11 | INFO |        3.049 |       18           2              0.033 
2021-04-14 11:59:11 | INFO |        3.093 |       19           2              0.044 
2021-04-14 11:59:11 | INFO |        3.137 |       20           2              0.044 
2021-04-14 11:59:11 | INFO |        3.181 |       21           2              0.044 
2021-04-14 11:59:11 | INFO |        3.225 |       22           2              0.044 
2021-04-14 11:59:11 | INFO |        3.269 |       23           2              0.044 
2021-04-14 11:59:11 | INFO |        3.313 |       24           2              0.044 
2021-04-14 11:59:11 | INFO |        3.334 |       25           2              0.044 
2021-04-14 11:59:11 | INFO |        3.334 |       25           2              0.044 
2021-04-14 11:59:11 | INFO | Algebraic mode change at t = 3.33435
2021-04-14 11:59:11 | INFO |        3.334 |       25           2              0.044 
2021-04-14 11:59:11 | INFO | calculation of the new starting point of the simulation.
2021-04-14 11:59:11 | INFO | Algebraic mode change at t = 3.33435
2021-04-14 11:59:11 | INFO |        3.334 |        0           0              0.000 
2021-04-14 11:59:11 | INFO | Algebraic mode change at t = 3.33435
2021-04-14 11:59:11 | INFO |        3.334 |        1           1              0.000 
2021-04-14 11:59:11 | INFO | calculation of the new starting point of the simulation.
2021-04-14 11:59:11 | INFO |        3.334 |        0           0              0.000 
2021-04-14 11:59:11 | INFO |        3.334 |        1           1              0.000 
2021-04-14 11:59:11 | INFO |        3.334 |        2           1              0.000 
2021-04-14 11:59:11 | INFO |        3.334 |        3           2              0.000 
2021-04-14 11:59:11 | INFO |        3.334 |        4           2              0.000 
2021-04-14 11:59:11 | INFO |        3.334 |        5           2              0.000 
2021-04-14 11:59:11 | INFO |        3.334 |        6           2              0.000 
2021-04-14 11:59:11 | INFO |        3.334 |        7           2              0.000 
2021-04-14 11:59:11 | INFO |        3.334 |        8           2              0.000 
2021-04-14 11:59:11 | INFO |        3.335 |        9           2              0.000 
2021-04-14 11:59:11 | INFO |        3.335 |       10           2              0.000 
2021-04-14 11:59:11 | INFO |        3.335 |       11           2              0.001 
2021-04-14 11:59:11 | INFO |        3.336 |       12           2              0.001 
2021-04-14 11:59:11 | INFO |        3.338 |       13           2              0.002 
2021-04-14 11:59:11 | INFO |        3.343 |       14           2              0.004 
2021-04-14 11:59:11 | INFO |        3.351 |       15           2              0.008 
2021-04-14 11:59:11 | INFO |        3.367 |       16           2              0.016 
2021-04-14 11:59:11 | INFO |        3.391 |       17           2              0.033 
2021-04-14 11:59:11 | INFO |        3.391 |       17           2              0.033 
2021-04-14 11:59:11 | INFO | Algebraic mode change at t = 3.39103
2021-04-14 11:59:11 | INFO |        3.391 |       17           2              0.033 
2021-04-14 11:59:11 | INFO | calculation of the new starting point of the simulation.
2021-04-14 11:59:11 | INFO |        3.391 |        0           0              0.000 
2021-04-14 11:59:11 | INFO |        3.391 |        1           1              0.000 
2021-04-14 11:59:11 | INFO |        3.391 |        2           1              0.000 
2021-04-14 11:59:11 | INFO |        3.391 |        3           2              0.000 
2021-04-14 11:59:11 | INFO |        3.391 |        4           2              0.000 
2021-04-14 11:59:11 | INFO |        3.391 |        5           2              0.000 
2021-04-14 11:59:11 | INFO |        3.391 |        6           2              0.000 
2021-04-14 11:59:11 | INFO |        3.391 |        7           2              0.000 
2021-04-14 11:59:11 | INFO |        3.391 |        8           2              0.000 
2021-04-14 11:59:11 | INFO |        3.391 |        9           2              0.000 
2021-04-14 11:59:11 | INFO |        3.392 |       10           2              0.000 
2021-04-14 11:59:11 | INFO |        3.392 |       11           2              0.001 
2021-04-14 11:59:11 | INFO |        3.393 |       12           2              0.001 
2021-04-14 11:59:11 | INFO |        3.395 |       13           2              0.002 
2021-04-14 11:59:11 | INFO |        3.399 |       14           2              0.004 
2021-04-14 11:59:11 | INFO |        3.407 |       15           2              0.008 
2021-04-14 11:59:11 | INFO |        3.424 |       16           2              0.016 
2021-04-14 11:59:11 | INFO |        3.457 |       17           2              0.033 
2021-04-14 11:59:11 | INFO |        3.489 |       18           2              0.033 
2021-04-14 11:59:11 | INFO |        3.522 |       19           2              0.033 
2021-04-14 11:59:11 | INFO |        3.555 |       20           2              0.033 
2021-04-14 11:59:11 | INFO |        3.588 |       21           2              0.033 
2021-04-14 11:59:11 | INFO | Algebraic mode change at t = 3.59941
2021-04-14 11:59:11 | INFO |        3.599 |       22           2              0.033 
2021-04-14 11:59:11 | INFO | calculation of the new starting point of the simulation.
2021-04-14 11:59:11 | INFO |        3.599 |        0           0              0.000 
2021-04-14 11:59:11 | INFO |        3.599 |        1           1              0.000 
2021-04-14 11:59:11 | INFO |        3.599 |        2           1              0.000 
2021-04-14 11:59:11 | INFO |        3.599 |        3           2              0.000 
2021-04-14 11:59:11 | INFO |        3.599 |        4           2              0.000 
2021-04-14 11:59:11 | INFO |        3.599 |        5           2              0.000 
2021-04-14 11:59:11 | INFO |        3.599 |        6           2              0.000 
2021-04-14 11:59:11 | INFO |        3.599 |        7           2              0.000 
2021-04-14 11:59:11 | INFO |        3.599 |        8           2              0.000 
2021-04-14 11:59:11 | INFO |        3.599 |        8           2              0.000 
2021-04-14 11:59:11 | INFO |        3.600 |        8           2              0.000 
2021-04-14 11:59:11 | INFO |        3.600 |        9           2              0.000 
2021-04-14 11:59:11 | INFO |        3.600 |       10           2              0.000 
2021-04-14 11:59:11 | INFO |        3.600 |       11           2              0.001 
2021-04-14 11:59:11 | INFO |        3.601 |       12           2              0.001 
2021-04-14 11:59:11 | INFO |        3.604 |       13           2              0.002 
2021-04-14 11:59:11 | INFO |        3.608 |       14           2              0.004 
2021-04-14 11:59:11 | INFO |        3.616 |       15           2              0.008 
2021-04-14 11:59:11 | INFO |        3.632 |       16           2              0.016 
2021-04-14 11:59:11 | INFO |        3.665 |       17           2              0.033 
2021-04-14 11:59:11 | INFO |        3.698 |       18           2              0.033 
2021-04-14 11:59:11 | INFO | Algebraic mode change at t = 3.70034
2021-04-14 11:59:11 | INFO |        3.700 |       19           2              0.066 
2021-04-14 11:59:11 | INFO | calculation of the new starting point of the simulation.
2021-04-14 11:59:11 | INFO |        3.700 |        0           0              0.000 
2021-04-14 11:59:11 | INFO |        3.700 |        1           1              0.000 
2021-04-14 11:59:11 | INFO |        3.700 |        2           1              0.000 
2021-04-14 11:59:11 | INFO |        3.700 |        3           2              0.000 
2021-04-14 11:59:11 | INFO |        3.700 |        4           2              0.000 
2021-04-14 11:59:11 | INFO |        3.700 |        5           2              0.000 
2021-04-14 11:59:11 | INFO |        3.700 |        5           2              0.000 
2021-04-14 11:59:11 | INFO |        3.700 |        5           2              0.000 
2021-04-14 11:59:11 | INFO |        3.700 |        6           2              0.000 
2021-04-14 11:59:11 | INFO |        3.700 |        7           2              0.000 
2021-04-14 11:59:11 | INFO |        3.700 |        8           2              0.000 
2021-04-14 11:59:11 | INFO |        3.701 |        9           2              0.000 
2021-04-14 11:59:11 | INFO |        3.701 |       10           2              0.000 
2021-04-14 11:59:11 | INFO |        3.701 |       11           2              0.001 
2021-04-14 11:59:11 | INFO |        3.702 |       12           2              0.001 
2021-04-14 11:59:11 | INFO |        3.704 |       13           2              0.002 
2021-04-14 11:59:11 | INFO |        3.709 |       14           2              0.004 
2021-04-14 11:59:11 | INFO |        3.717 |       15           2              0.008 
2021-04-14 11:59:11 | INFO |        3.733 |       16           2              0.016 
2021-04-14 11:59:11 | INFO |        3.766 |       17           2              0.033 
2021-04-14 11:59:11 | INFO |        3.831 |       18           2              0.066 
2021-04-14 11:59:11 | INFO |        3.889 |       19           2              0.058 
2021-04-14 11:59:11 | INFO |        3.947 |       20           2              0.058 
2021-04-14 11:59:11 | INFO |        3.999 |       21           2              0.052 
2021-04-14 11:59:11 | INFO |        4.051 |       22           2              0.052 
2021-04-14 11:59:11 | INFO |        4.103 |       23           2              0.052 
2021-04-14 11:59:11 | INFO |        4.150 |       24           2              0.052 
2021-04-14 11:59:11 | INFO |        4.150 |       24           2              0.052 
2021-04-14 11:59:11 | INFO | Algebraic mode change at t = 4.14975
2021-04-14 11:59:11 | INFO |        4.150 |       24           2              0.052 
2021-04-14 11:59:11 | INFO | calculation of the new starting point of the simulation.
2021-04-14 11:59:11 | INFO |        4.150 |        0           0              0.000 
2021-04-14 11:59:11 | INFO |        4.150 |        1           1              0.000 
2021-04-14 11:59:11 | INFO |        4.150 |        2           1              0.000 
2021-04-14 11:59:11 | INFO |        4.150 |        3           2              0.000 
2021-04-14 11:59:11 | INFO |        4.150 |        4           2              0.000 
2021-04-14 11:59:11 | INFO |        4.150 |        5           2              0.000 
2021-04-14 11:59:11 | INFO |        4.150 |        6           2              0.000 
2021-04-14 11:59:11 | INFO |        4.150 |        7           2              0.000 
2021-04-14 11:59:11 | INFO |        4.150 |        8           2              0.000 
2021-04-14 11:59:11 | INFO |        4.150 |        9           2              0.000 
2021-04-14 11:59:11 | INFO |        4.150 |       10           2              0.000 
2021-04-14 11:59:11 | INFO |        4.151 |       11           2              0.001 
2021-04-14 11:59:11 | INFO |        4.152 |       12           2              0.001 
2021-04-14 11:59:11 | INFO |        4.154 |       13           2              0.002 
2021-04-14 11:59:11 | INFO |        4.158 |       14           2              0.004 
2021-04-14 11:59:11 | INFO |        4.166 |       15           2              0.008 
2021-04-14 11:59:11 | INFO |        4.183 |       16           2              0.016 
2021-04-14 11:59:11 | INFO |        4.215 |       17           2              0.033 
2021-04-14 11:59:11 | INFO |        4.248 |       18           2              0.033 
2021-04-14 11:59:11 | INFO |        4.281 |       19           2              0.033 
2021-04-14 11:59:11 | INFO |        4.314 |       20           2              0.033 
2021-04-14 11:59:11 | INFO |        4.346 |       21           2              0.033 
2021-04-14 11:59:11 | INFO |        4.379 |       22           2              0.033 
2021-04-14 11:59:11 | INFO |        4.390 |       23           2              0.033 
2021-04-14 11:59:11 | INFO |        4.390 |       23           2              0.033 
2021-04-14 11:59:11 | INFO | Algebraic mode change at t = 4.38973
2021-04-14 11:59:11 | INFO |        4.390 |       23           2              0.033 
2021-04-14 11:59:11 | INFO | calculation of the new starting point of the simulation.
2021-04-14 11:59:11 | INFO | Algebraic mode change at t = 4.38973
2021-04-14 11:59:11 | INFO |        4.390 |        0           0              0.000 
2021-04-14 11:59:11 | INFO | Algebraic mode change at t = 4.38973
2021-04-14 11:59:11 | INFO |        4.390 |        1           1              0.000 
2021-04-14 11:59:11 | INFO | calculation of the new starting point of the simulation.
2021-04-14 11:59:11 | INFO |        4.390 |        0           0              0.000 
2021-04-14 11:59:11 | INFO |        4.390 |        1           1              0.000 
2021-04-14 11:59:11 | INFO |        4.390 |        2           1              0.000 
2021-04-14 11:59:11 | INFO |        4.390 |        3           2              0.000 
2021-04-14 11:59:11 | INFO |        4.390 |        4           2              0.000 
2021-04-14 11:59:11 | INFO |        4.390 |        5           2              0.000 
2021-04-14 11:59:11 | INFO |        4.390 |        6           2              0.000 
2021-04-14 11:59:11 | INFO |        4.390 |        7           2              0.000 
2021-04-14 11:59:11 | INFO |        4.390 |        8           2              0.000 
2021-04-14 11:59:11 | INFO |        4.390 |        9           2              0.000 
2021-04-14 11:59:11 | INFO |        4.390 |       10           2              0.000 
2021-04-14 11:59:11 | INFO |        4.391 |       11           2              0.001 
2021-04-14 11:59:11 | INFO |        4.392 |       12           2              0.001 
2021-04-14 11:59:11 | INFO |        4.394 |       13           2              0.002 
2021-04-14 11:59:11 | INFO |        4.398 |       14           2              0.004 
2021-04-14 11:59:11 | INFO |        4.406 |       15           2              0.008 
2021-04-14 11:59:11 | INFO |        4.423 |       16           2              0.016 
2021-04-14 11:59:11 | INFO | Algebraic mode change at t = 4.44938
2021-04-14 11:59:11 | INFO |        4.449 |       17           2              0.033 
2021-04-14 11:59:11 | INFO | calculation of the new starting point of the simulation.
2021-04-14 11:59:11 | INFO |        4.449 |        0           0              0.000 
2021-04-14 11:59:11 | INFO |        4.449 |        1           1              0.000 
2021-04-14 11:59:11 | INFO |        4.449 |        2           1              0.000 
2021-04-14 11:59:11 | INFO |        4.449 |        3           2              0.000 
2021-04-14 11:59:11 | INFO |        4.449 |        4           2              0.000 
2021-04-14 11:59:11 | INFO |        4.449 |        5           2              0.000 
2021-04-14 11:59:11 | INFO |        4.449 |        5           2              0.000 
2021-04-14 11:59:11 | INFO |        4.449 |        5           2              0.000 
2021-04-14 11:59:11 | INFO |        4.449 |        6           2              0.000 
2021-04-14 11:59:11 | INFO |        4.449 |        7           2              0.000 
2021-04-14 11:59:11 | INFO |        4.450 |        8           2              0.000 
2021-04-14 11:59:11 | INFO |        4.450 |        9           2              0.000 
2021-04-14 11:59:11 | INFO |        4.450 |       10           2              0.000 
2021-04-14 11:59:11 | INFO |        4.450 |       11           2              0.001 
2021-04-14 11:59:11 | INFO |        4.451 |       12           2              0.001 
2021-04-14 11:59:11 | INFO |        4.453 |       13           2              0.002 
2021-04-14 11:59:11 | INFO |        4.458 |       14           2              0.004 
2021-04-14 11:59:11 | INFO |        4.466 |       15           2              0.008 
2021-04-14 11:59:11 | INFO |        4.482 |       16           2              0.016 
2021-04-14 11:59:11 | INFO |        4.515 |       17           2              0.033 
2021-04-14 11:59:11 | INFO |        4.580 |       18           2              0.066 
2021-04-14 11:59:11 | INFO |        4.639 |       19           2              0.059 
2021-04-14 11:59:11 | INFO |        4.698 |       20           2              0.059 
2021-04-14 11:59:11 | INFO | Algebraic mode change at t = 4.70981
2021-04-14 11:59:11 | INFO |        4.710 |       21           2              0.059 
2021-04-14 11:59:11 | INFO | calculation of the new starting point of the simulation.
2021-04-14 11:59:11 | INFO |        4.710 |        0           0              0.000 
2021-04-14 11:59:11 | INFO |        4.710 |        1           1              0.000 
2021-04-14 11:59:11 | INFO |        4.710 |        2           1              0.000 
2021-04-14 11:59:11 | INFO |        4.710 |        3           2              0.000 
2021-04-14 11:59:11 | INFO |        4.710 |        4           2              0.000 
2021-04-14 11:59:11 | INFO |        4.710 |        5           2              0.000 
2021-04-14 11:59:11 | INFO |        4.710 |        6           2              0.000 
2021-04-14 11:59:11 | INFO |        4.710 |        7           2              0.000 
2021-04-14 11:59:11 | INFO |        4.710 |        7           2              0.000 
2021-04-14 11:59:11 | INFO |        4.710 |        7           2              0.000 
2021-04-14 11:59:11 | INFO |        4.710 |        8           2              0.000 
2021-04-14 11:59:11 | INFO |        4.710 |        9           2              0.000 
2021-04-14 11:59:11 | INFO |        4.710 |       10           2              0.000 
2021-04-14 11:59:11 | INFO |        4.711 |       11           2              0.001 
2021-04-14 11:59:11 | INFO |        4.712 |       12           2              0.001 
2021-04-14 11:59:11 | INFO |        4.714 |       13           2              0.002 
2021-04-14 11:59:11 | INFO |        4.718 |       14           2              0.004 
2021-04-14 11:59:11 | INFO |        4.726 |       15           2              0.008 
2021-04-14 11:59:11 | INFO |        4.743 |       16           2              0.016 
2021-04-14 11:59:11 | INFO |        4.775 |       17           2              0.033 
2021-04-14 11:59:11 | INFO |        4.841 |       18           2              0.066 
2021-04-14 11:59:11 | INFO |        4.906 |       19           2              0.066 
2021-04-14 11:59:11 | INFO |        4.909 |       20           2              0.066 
2021-04-14 11:59:11 | INFO |        4.909 |       20           2              0.066 
2021-04-14 11:59:11 | INFO | Algebraic mode change at t = 4.90948
2021-04-14 11:59:11 | INFO |        4.909 |       20           2              0.066 
2021-04-14 11:59:11 | INFO | calculation of the new starting point of the simulation.
2021-04-14 11:59:11 | INFO |        4.909 |        0           0              0.000 
2021-04-14 11:59:11 | INFO |        4.909 |        1           1              0.000 
2021-04-14 11:59:11 | INFO |        4.909 |        2           1              0.000 
2021-04-14 11:59:11 | INFO |        4.909 |        3           2              0.000 
2021-04-14 11:59:11 | INFO |        4.909 |        4           2              0.000 
2021-04-14 11:59:11 | INFO |        4.909 |        5           2              0.000 
2021-04-14 11:59:11 | INFO |        4.910 |        6           2              0.000 
2021-04-14 11:59:11 | INFO |        4.910 |        7           2              0.000 
2021-04-14 11:59:11 | INFO |        4.910 |        8           2              0.000 
2021-04-14 11:59:11 | INFO |        4.910 |        9           2              0.000 
2021-04-14 11:59:11 | INFO |        4.910 |       10           2              0.000 
2021-04-14 11:59:11 | INFO |        4.911 |       11           2              0.001 
2021-04-14 11:59:11 | INFO |        4.912 |       12           2              0.001 
2021-04-14 11:59:11 | INFO |        4.914 |       13           2              0.002 
2021-04-14 11:59:11 | INFO |        4.918 |       14           2              0.004 
2021-04-14 11:59:11 | INFO |        4.926 |       15           2              0.008 
2021-04-14 11:59:11 | INFO |        4.942 |       16           2              0.016 
2021-04-14 11:59:11 | INFO |        4.975 |       17           2              0.033 
2021-04-14 11:59:11 | INFO |        5.008 |       18           2              0.033 
2021-04-14 11:59:11 | INFO |        5.073 |       19           2              0.066 
2021-04-14 11:59:11 | INFO |        5.139 |       20           1              0.066 
2021-04-14 11:59:11 | INFO | Algebraic mode change at t = 5.15079
2021-04-14 11:59:11 | INFO |        5.151 |       21           1              0.047 
2021-04-14 11:59:11 | INFO | calculation of the new starting point of the simulation.
2021-04-14 11:59:11 | INFO |        5.151 |        0           0              0.000 
2021-04-14 11:59:11 | INFO |        5.151 |        1           1              0.000 
2021-04-14 11:59:11 | INFO |        5.151 |        2           1              0.000 
2021-04-14 11:59:11 | INFO |        5.151 |        3           2              0.000 
2021-04-14 11:59:11 | INFO |        5.151 |        4           2              0.000 
2021-04-14 11:59:11 | INFO |        5.151 |        5           2              0.000 
2021-04-14 11:59:11 | INFO |        5.151 |        6           2              0.000 
2021-04-14 11:59:11 | INFO |        5.151 |        7           2              0.000 
2021-04-14 11:59:11 | INFO |        5.151 |        7           2              0.000 
2021-04-14 11:59:11 | INFO |        5.151 |        7           2              0.000 
2021-04-14 11:59:11 | INFO |        5.151 |        8           2              0.000 
2021-04-14 11:59:11 | INFO |        5.151 |        9           2              0.000 
2021-04-14 11:59:11 | INFO |        5.151 |       10           2              0.000 
2021-04-14 11:59:11 | INFO |        5.152 |       11           2              0.001 
2021-04-14 11:59:11 | INFO |        5.153 |       12           2              0.001 
2021-04-14 11:59:11 | INFO |        5.155 |       13           2              0.002 
2021-04-14 11:59:11 | INFO |        5.159 |       14           2              0.004 
2021-04-14 11:59:11 | INFO |        5.167 |       15           2              0.008 
2021-04-14 11:59:11 | INFO |        5.184 |       16           2              0.016 
2021-04-14 11:59:11 | INFO |        5.216 |       17           2              0.033 
2021-04-14 11:59:11 | INFO |        5.282 |       18           2              0.066 
2021-04-14 11:59:11 | INFO |        5.336 |       19           2              0.066 
2021-04-14 11:59:11 | INFO |        5.336 |       19           2              0.066 
2021-04-14 11:59:11 | INFO | Algebraic mode change at t = 5.33629
2021-04-14 11:59:11 | INFO |        5.336 |       19           2              0.066 
2021-04-14 11:59:11 | INFO | calculation of the new starting point of the simulation.
2021-04-14 11:59:11 | INFO | Algebraic mode change at t = 5.33629
2021-04-14 11:59:11 | INFO |        5.336 |        0           0              0.000 
2021-04-14 11:59:11 | INFO | Algebraic mode change at t = 5.33629
2021-04-14 11:59:11 | INFO |        5.336 |        1           1              0.000 
2021-04-14 11:59:11 | INFO | calculation of the new starting point of the simulation.
2021-04-14 11:59:11 | INFO |        5.336 |        0           0              0.000 
2021-04-14 11:59:11 | INFO |        5.336 |        1           1              0.000 
2021-04-14 11:59:11 | INFO |        5.336 |        2           1              0.000 
2021-04-14 11:59:11 | INFO |        5.336 |        3           2              0.000 
2021-04-14 11:59:11 | INFO |        5.336 |        4           2              0.000 
2021-04-14 11:59:11 | INFO |        5.336 |        5           2              0.000 
2021-04-14 11:59:11 | INFO |        5.336 |        6           2              0.000 
2021-04-14 11:59:11 | INFO |        5.336 |        7           2              0.000 
2021-04-14 11:59:11 | INFO |        5.336 |        8           2              0.000 
2021-04-14 11:59:11 | INFO |        5.337 |        9           2              0.000 
2021-04-14 11:59:11 | INFO |        5.337 |       10           2              0.000 
2021-04-14 11:59:11 | INFO |        5.337 |       11           2              0.001 
2021-04-14 11:59:11 | INFO |        5.338 |       12           2              0.001 
2021-04-14 11:59:11 | INFO |        5.340 |       13           2              0.002 
2021-04-14 11:59:11 | INFO |        5.344 |       14           2              0.004 
2021-04-14 11:59:11 | INFO |        5.353 |       15           2              0.008 
2021-04-14 11:59:11 | INFO |        5.369 |       16           2              0.016 
2021-04-14 11:59:11 | INFO |        5.402 |       17           2              0.033 
2021-04-14 11:59:11 | INFO |        5.467 |       18           2              0.066 
2021-04-14 11:59:11 | INFO |        5.533 |       19           2              0.066 
2021-04-14 11:59:11 | INFO |        5.598 |       20           2              0.066 
2021-04-14 11:59:11 | INFO |        5.633 |       21           2              0.066 
2021-04-14 11:59:11 | INFO |        5.633 |       21           2              0.066 
2021-04-14 11:59:11 | INFO | Algebraic mode change at t = 5.63294
2021-04-14 11:59:11 | INFO |        5.633 |       21           2              0.066 
2021-04-14 11:59:11 | INFO | calculation of the new starting point of the simulation.
2021-04-14 11:59:11 | INFO | Algebraic mode change at t = 5.63294
2021-04-14 11:59:11 | INFO |        5.633 |        0           0              0.000 
2021-04-14 11:59:11 | INFO | Algebraic mode change at t = 5.63294
2021-04-14 11:59:11 | INFO |        5.633 |        1           1              0.000 
2021-04-14 11:59:11 | INFO | calculation of the new starting point of the simulation.
2021-04-14 11:59:11 | INFO |        5.633 |        0           0              0.000 
2021-04-14 11:59:11 | INFO |        5.633 |        1           1              0.000 
2021-04-14 11:59:11 | INFO |        5.633 |        2           1              0.000 
2021-04-14 11:59:11 | INFO |        5.633 |        3           2              0.000 
2021-04-14 11:59:11 | INFO |        5.633 |        4           2              0.000 
2021-04-14 11:59:11 | INFO |        5.633 |        5           2              0.000 
2021-04-14 11:59:11 | INFO |        5.633 |        6           2              0.000 
2021-04-14 11:59:11 | INFO |        5.633 |        7           2              0.000 
2021-04-14 11:59:11 | INFO |        5.633 |        8           2              0.000 
2021-04-14 11:59:11 | INFO |        5.633 |        9           2              0.000 
2021-04-14 11:59:11 | INFO |        5.633 |       10           2              0.000 
2021-04-14 11:59:11 | INFO |        5.634 |       11           2              0.001 
2021-04-14 11:59:11 | INFO |        5.635 |       12           2              0.001 
2021-04-14 11:59:11 | INFO |        5.637 |       13           2              0.002 
2021-04-14 11:59:11 | INFO |        5.641 |       14           2              0.004 
2021-04-14 11:59:11 | INFO | Algebraic mode change at t = 5.64688
2021-04-14 11:59:11 | INFO |        5.647 |       15           2              0.008 
2021-04-14 11:59:11 | INFO | calculation of the new starting point of the simulation.
2021-04-14 11:59:11 | INFO |        5.647 |        0           0              0.000 
2021-04-14 11:59:11 | INFO |        5.647 |        1           1              0.000 
2021-04-14 11:59:11 | INFO |        5.647 |        2           1              0.000 
2021-04-14 11:59:11 | INFO |        5.647 |        3           2              0.000 
2021-04-14 11:59:11 | INFO |        5.647 |        4           2              0.000 
2021-04-14 11:59:11 | INFO |        5.647 |        5           2              0.000 
2021-04-14 11:59:11 | INFO |        5.647 |        6           2              0.000 
2021-04-14 11:59:11 | INFO |        5.647 |        7           2              0.000 
2021-04-14 11:59:11 | INFO |        5.647 |        8           2              0.000 
2021-04-14 11:59:11 | INFO |        5.647 |        8           2              0.000 
2021-04-14 11:59:11 | INFO |        5.647 |        8           2              0.000 
2021-04-14 11:59:11 | INFO |        5.647 |        9           2              0.000 
2021-04-14 11:59:11 | INFO |        5.647 |       10           2              0.000 
2021-04-14 11:59:11 | INFO |        5.648 |       11           2              0.001 
2021-04-14 11:59:11 | INFO |        5.649 |       12           2              0.001 
2021-04-14 11:59:11 | INFO |        5.651 |       13           2              0.002 
2021-04-14 11:59:11 | INFO |        5.655 |       14           2              0.004 
2021-04-14 11:59:11 | INFO |        5.663 |       15           2              0.008 
2021-04-14 11:59:11 | INFO |        5.680 |       16           2              0.016 
2021-04-14 11:59:11 | INFO |        5.712 |       17           2              0.033 
2021-04-14 11:59:11 | INFO |        5.778 |       18           2              0.066 
2021-04-14 11:59:11 | INFO |        5.843 |       19           2              0.066 
2021-04-14 11:59:11 | INFO | Algebraic mode change at t = 5.90122
2021-04-14 11:59:11 | INFO |        5.901 |       20           2              0.066 
2021-04-14 11:59:11 | INFO | calculation of the new starting point of the simulation.
2021-04-14 11:59:11 | INFO | Algebraic mode change at t = 5.90122
2021-04-14 11:59:11 | INFO |        5.901 |        0           0              0.000 
2021-04-14 11:59:11 | INFO | Algebraic mode change at t = 5.90122
2021-04-14 11:59:11 | INFO |        5.901 |        1           1              0.000 
2021-04-14 11:59:11 | INFO | calculation of the new starting point of the simulation.
2021-04-14 11:59:11 | INFO |        5.901 |        0           0              0.000 
2021-04-14 11:59:11 | INFO |        5.901 |        1           1              0.000 
2021-04-14 11:59:11 | INFO |        5.901 |        2           1              0.000 
2021-04-14 11:59:11 | INFO |        5.901 |        3           2              0.000 
2021-04-14 11:59:11 | INFO |        5.901 |        4           2              0.000 
2021-04-14 11:59:11 | INFO |        5.901 |        5           2              0.000 
2021-04-14 11:59:11 | INFO |        5.901 |        6           2              0.000 
2021-04-14 11:59:11 | INFO |        5.901 |        7           2              0.000 
2021-04-14 11:59:11 | INFO |        5.901 |        7           2              0.000 
2021-04-14 11:59:11 | INFO |        5.901 |        7           2              0.000 
2021-04-14 11:59:11 | INFO |        5.901 |        8           2              0.000 
2021-04-14 11:59:11 | INFO |        5.901 |        9           2              0.000 
2021-04-14 11:59:11 | INFO |        5.902 |       10           2              0.000 
2021-04-14 11:59:11 | INFO |        5.902 |       11           2              0.001 
2021-04-14 11:59:11 | INFO |        5.903 |       12           2              0.001 
2021-04-14 11:59:11 | INFO |        5.905 |       13           2              0.002 
2021-04-14 11:59:11 | INFO |        5.909 |       14           2              0.004 
2021-04-14 11:59:11 | INFO |        5.918 |       15           2              0.008 
2021-04-14 11:59:11 | INFO |        5.934 |       16           2              0.016 
2021-04-14 11:59:11 | INFO |        5.967 |       17           2              0.033 
2021-04-14 11:59:11 | INFO |        6.032 |       18           2              0.066 
2021-04-14 11:59:11 | INFO |        6.098 |       19           2              0.066 
2021-04-14 11:59:11 | INFO |        6.163 |       20           2              0.066 
2021-04-14 11:59:11 | INFO |        6.229 |       21           2              0.066 
2021-04-14 11:59:11 | INFO |        6.294 |       22           2              0.066 
2021-04-14 11:59:11 | INFO |        6.360 |       23           2              0.066 
2021-04-14 11:59:11 | INFO |        6.420 |       24           2              0.066 
2021-04-14 11:59:11 | INFO |        6.420 |       24           2              0.066 
2021-04-14 11:59:11 | INFO | Algebraic mode change at t = 6.42039
2021-04-14 11:59:11 | INFO |        6.420 |       24           2              0.066 
2021-04-14 11:59:11 | INFO | calculation of the new starting point of the simulation.
2021-04-14 11:59:11 | INFO |        6.420 |        0           0              0.000 
2021-04-14 11:59:11 | INFO |        6.420 |        1           1              0.000 
2021-04-14 11:59:11 | INFO |        6.420 |        2           1              0.000 
2021-04-14 11:59:11 | INFO |        6.420 |        3           2              0.000 
2021-04-14 11:59:11 | INFO |        6.420 |        4           2              0.000 
2021-04-14 11:59:11 | INFO |        6.420 |        5           2              0.000 
2021-04-14 11:59:11 | INFO |        6.420 |        6           2              0.000 
2021-04-14 11:59:11 | INFO |        6.420 |        7           2              0.000 
2021-04-14 11:59:11 | INFO |        6.421 |        8           2              0.000 
2021-04-14 11:59:11 | INFO |        6.421 |        9           2              0.000 
2021-04-14 11:59:11 | INFO |        6.421 |       10           2              0.000 
2021-04-14 11:59:11 | INFO |        6.421 |       11           2              0.001 
2021-04-14 11:59:11 | INFO |        6.422 |       12           2              0.001 
2021-04-14 11:59:11 | INFO |        6.424 |       13           2              0.002 
2021-04-14 11:59:11 | INFO |        6.429 |       14           2              0.004 
2021-04-14 11:59:11 | INFO |        6.437 |       15           2              0.008 
2021-04-14 11:59:11 | INFO |        6.453 |       16           2              0.016 
2021-04-14 11:59:11 | INFO |        6.486 |       17           2              0.033 
2021-04-14 11:59:11 | INFO |        6.551 |       18           2              0.066 
2021-04-14 11:59:11 | INFO |        6.617 |       19           1              0.066 
2021-04-14 11:59:11 | INFO | Algebraic mode change at t = 6.6553
2021-04-14 11:59:11 | INFO |        6.655 |       20           1              0.066 
2021-04-14 11:59:11 | INFO | calculation of the new starting point of the simulation.
2021-04-14 11:59:11 | INFO |        6.655 |        0           0              0.000 
2021-04-14 11:59:11 | INFO |        6.655 |        1           1              0.000 
2021-04-14 11:59:11 | INFO |        6.655 |        2           1              0.000 
2021-04-14 11:59:11 | INFO |        6.655 |        3           2              0.000 
2021-04-14 11:59:11 | INFO |        6.655 |        4           2              0.000 
2021-04-14 11:59:11 | INFO |        6.655 |        5           2              0.000 
2021-04-14 11:59:11 | INFO |        6.655 |        6           2              0.000 
2021-04-14 11:59:11 | INFO |        6.655 |        7           2              0.000 
2021-04-14 11:59:11 | INFO |        6.655 |        8           2              0.000 
2021-04-14 11:59:11 | INFO |        6.655 |        8           2              0.000 
2021-04-14 11:59:11 | INFO |        6.655 |        8           2              0.000 
2021-04-14 11:59:11 | INFO |        6.656 |        9           2              0.000 
2021-04-14 11:59:11 | INFO |        6.656 |       10           2              0.000 
2021-04-14 11:59:11 | INFO |        6.656 |       11           2              0.001 
2021-04-14 11:59:11 | INFO |        6.657 |       12           2              0.001 
2021-04-14 11:59:11 | INFO |        6.659 |       13           2              0.002 
2021-04-14 11:59:11 | INFO |        6.663 |       14           2              0.004 
2021-04-14 11:59:11 | INFO |        6.672 |       15           2              0.008 
2021-04-14 11:59:11 | INFO |        6.688 |       16           2              0.016 
2021-04-14 11:59:11 | INFO |        6.721 |       17           2              0.033 
2021-04-14 11:59:11 | INFO |        6.786 |       18           2              0.066 
2021-04-14 11:59:11 | INFO |        6.917 |       19           2              0.131 
2021-04-14 11:59:11 | INFO |        7.034 |       20           2              0.116 
2021-04-14 11:59:11 | INFO |        7.150 |       21           2              0.116 
2021-04-14 11:59:11 | INFO |        7.266 |       22           2              0.116 
2021-04-14 11:59:11 | INFO |        7.375 |       23           2              0.116 
2021-04-14 11:59:11 | INFO |        7.375 |       23           2              0.116 
2021-04-14 11:59:11 | INFO | Algebraic mode change at t = 7.37557
2021-04-14 11:59:11 | INFO |        7.376 |       23           2              0.116 
2021-04-14 11:59:11 | INFO | calculation of the new starting point of the simulation.
2021-04-14 11:59:11 | INFO |        7.376 |        0           0              0.000 
2021-04-14 11:59:11 | INFO |        7.376 |        1           1              0.000 
2021-04-14 11:59:11 | INFO |        7.376 |        2           1              0.000 
2021-04-14 11:59:11 | INFO |        7.376 |        3           2              0.000 
2021-04-14 11:59:11 | INFO |        7.376 |        4           2              0.000 
2021-04-14 11:59:11 | INFO |        7.376 |        5           2              0.000 
2021-04-14 11:59:11 | INFO |        7.376 |        6           2              0.000 
2021-04-14 11:59:11 | INFO |        7.376 |        7           2              0.000 
2021-04-14 11:59:11 | INFO |        7.376 |        8           2              0.000 
2021-04-14 11:59:11 | INFO |        7.376 |        9           2              0.000 
2021-04-14 11:59:11 | INFO |        7.376 |       10           2              0.000 
2021-04-14 11:59:11 | INFO |        7.377 |       11           2              0.001 
2021-04-14 11:59:11 | INFO |        7.378 |       12           2              0.001 
2021-04-14 11:59:11 | INFO |        7.380 |       13           2              0.002 
2021-04-14 11:59:11 | INFO |        7.384 |       14           2              0.004 
2021-04-14 11:59:11 | INFO |        7.392 |       15           2              0.008 
2021-04-14 11:59:11 | INFO |        7.408 |       16           2              0.016 
2021-04-14 11:59:11 | INFO |        7.441 |       17           2              0.033 
2021-04-14 11:59:11 | INFO | Algebraic mode change at t = 7.45284
2021-04-14 11:59:11 | INFO |        7.453 |       18           2              0.066 
2021-04-14 11:59:11 | INFO | calculation of the new starting point of the simulation.
2021-04-14 11:59:11 | INFO |        7.453 |        0           0              0.000 
2021-04-14 11:59:11 | INFO |        7.453 |        1           1              0.000 
2021-04-14 11:59:11 | INFO |        7.453 |        2           1              0.000 
2021-04-14 11:59:11 | INFO |        7.453 |        3           2              0.000 
2021-04-14 11:59:11 | INFO |        7.453 |        4           2              0.000 
2021-04-14 11:59:11 | INFO |        7.453 |        5           2              0.000 
2021-04-14 11:59:11 | INFO |        7.453 |        6           2              0.000 
2021-04-14 11:59:11 | INFO |        7.453 |        7           2              0.000 
2021-04-14 11:59:11 | INFO |        7.453 |        8           2              0.000 
2021-04-14 11:59:11 | INFO |        7.453 |        9           2              0.000 
2021-04-14 11:59:11 | INFO |        7.453 |       10           2              0.000 
2021-04-14 11:59:11 | INFO |        7.453 |       10           2              0.000 
2021-04-14 11:59:11 | INFO |        7.453 |       10           2              0.000 
2021-04-14 11:59:11 | INFO |        7.454 |       11           2              0.001 
2021-04-14 11:59:11 | INFO |        7.455 |       12           2              0.001 
2021-04-14 11:59:11 | INFO |        7.457 |       13           2              0.002 
2021-04-14 11:59:11 | INFO |        7.461 |       14           2              0.004 
2021-04-14 11:59:11 | INFO |        7.469 |       15           2              0.008 
2021-04-14 11:59:11 | INFO |        7.486 |       16           2              0.016 
2021-04-14 11:59:11 | INFO |        7.518 |       17           2              0.033 
2021-04-14 11:59:11 | INFO |        7.584 |       18           2              0.066 
2021-04-14 11:59:11 | INFO |        7.715 |       19           2              0.131 
2021-04-14 11:59:11 | INFO |        7.846 |       20           2              0.131 
2021-04-14 11:59:11 | INFO |        7.977 |       21           2              0.131 
2021-04-14 11:59:11 | INFO |        8.108 |       22           2              0.131 
2021-04-14 11:59:11 | INFO |        8.239 |       23           2              0.131 
2021-04-14 11:59:11 | INFO |        8.370 |       24           2              0.131 
2021-04-14 11:59:11 | INFO |        8.632 |       25           1              0.262 
2021-04-14 11:59:11 | INFO |        8.823 |       26           1              0.191 
2021-04-14 11:59:11 | INFO |        9.204 |       27           1              0.381 
2021-04-14 11:59:11 | INFO |        9.585 |       28           1              0.381 
2021-04-14 11:59:11 | INFO |       10.347 |       29           1              0.762 
2021-04-14 11:59:11 | INFO |       11.109 |       30           1              0.762 
2021-04-14 11:59:11 | INFO |       12.634 |       31           1              1.524 
2021-04-14 11:59:11 | INFO |       15.682 |       32           1              3.048 
2021-04-14 11:59:11 | INFO |       20.000 |       33           1              4.318 
2021-04-14 11:59:11 | INFO | 
2021-04-14 11:59:11 | INFO | execution statistics :
2021-04-14 11:59:11 | INFO | 
2021-04-14 11:59:11 | INFO | number of time iterations                  = 766
2021-04-14 11:59:11 | INFO | number of residual evaluations             = 1107
2021-04-14 11:59:11 | INFO | number of Jacobian evaluations             = 584
2021-04-14 11:59:11 | INFO | number of nonlinear iterations             = 1009
2021-04-14 11:59:11 | INFO | number of error test failures              = 1
2021-04-14 11:59:11 | INFO | number of nonlinear convergence failures   = 0
2021-04-14 11:59:11 | INFO | number of root functions evaluations       = 4207
2021-04-14 11:59:11 | INFO | number of discrete variables evaluations   = 177
2021-04-14 11:59:11 | INFO | number of mode evaluations                 = 139
2021-04-14 11:59:11 | INFO | end of job 'IEEE14 - Fault'
