2024-04-18 15:42:17 | INFO |  ============================================================ 
2024-04-18 15:42:17 | INFO | DYNAWO VERSION  :     1.7.0
2024-04-18 15:42:17 | INFO | DYNAWO REVISION :  master-18-cf2130ea6f
2024-04-18 15:42:17 | INFO |  ============================================================ 
2024-04-18 15:42:17 | DEBUG | This file is organized as follows: 
2024-04-18 15:42:17 | DEBUG |   -- For each model, initial and dynamic models parameters values before local initialization
2024-04-18 15:42:17 | DEBUG |   -- For each model, dynamic models parameters values after local initialization
2024-04-18 15:42:17 | DEBUG | caption: 
2024-04-18 15:42:17 | DEBUG |   -- "modelica file"  -> default value specified in modelica model
2024-04-18 15:42:17 | DEBUG |   -- "parameters"     -> value read from parameter file
2024-04-18 15:42:17 | DEBUG |   -- "IIDM"           -> value read from iidm file
2024-04-18 15:42:17 | DEBUG |   -- "loaded dump"    -> value read from initial state file
2024-04-18 15:42:17 | DEBUG |   -- "initialization" -> value computed by local initialization
2024-04-18 15:42:17 | DEBUG | ------------------------------
2024-04-18 15:42:17 | DEBUG | SubModel NETWORK parameters before local initialization
2024-04-18 15:42:17 | DEBUG | ------------------------------
2024-04-18 15:42:17 | DEBUG | parameter capacitor_no_reclosing_delay has value 300 (coming from origin parameters)
2024-04-18 15:42:17 | DEBUG | parameter dangling_line_currentLimit_maxTimeOperation has value 90 (coming from origin parameters)
2024-04-18 15:42:17 | DEBUG | parameter line_currentLimit_maxTimeOperation has value 90 (coming from origin parameters)
2024-04-18 15:42:17 | DEBUG | parameter load_Tp has value 90 (coming from origin parameters)
2024-04-18 15:42:17 | DEBUG | parameter load_Tq has value 90 (coming from origin parameters)
2024-04-18 15:42:17 | DEBUG | parameter load_alpha has value 1 (coming from origin parameters)
2024-04-18 15:42:17 | DEBUG | parameter load_alphaLong has value 0 (coming from origin parameters)
2024-04-18 15:42:17 | DEBUG | parameter load_beta has value 2 (coming from origin parameters)
2024-04-18 15:42:17 | DEBUG | parameter load_betaLong has value 0 (coming from origin parameters)
2024-04-18 15:42:17 | DEBUG | parameter load_isControllable has value 0 (coming from origin parameters)
2024-04-18 15:42:17 | DEBUG | parameter load_isRestorative has value 1 (coming from origin parameters)
2024-04-18 15:42:17 | DEBUG | parameter load_zPMax has value 100 (coming from origin parameters)
2024-04-18 15:42:17 | DEBUG | parameter load_zQMax has value 100 (coming from origin parameters)
2024-04-18 15:42:17 | DEBUG | parameter reactance_no_reclosing_delay has value 0 (coming from origin parameters)
2024-04-18 15:42:17 | DEBUG | parameter transformer_currentLimit_maxTimeOperation has value 90 (coming from origin parameters)
2024-04-18 15:42:17 | DEBUG | parameter transformer_t1st_HT has value 60 (coming from origin parameters)
2024-04-18 15:42:17 | DEBUG | parameter transformer_t1st_THT has value 30 (coming from origin parameters)
2024-04-18 15:42:17 | DEBUG | parameter transformer_tNext_HT has value 10 (coming from origin parameters)
2024-04-18 15:42:17 | DEBUG | parameter transformer_tNext_THT has value 10 (coming from origin parameters)
2024-04-18 15:42:17 | DEBUG | parameter transformer_tolV has value 0.015 (coming from origin parameters)
2024-04-18 15:42:17 | DEBUG | ------------------------------
2024-04-18 15:42:17 | DEBUG | SubModel Disconnect_Load parameters before local initialization
2024-04-18 15:42:17 | DEBUG | ------------------------------
2024-04-18 15:42:17 | DEBUG | parameter event_nbEventVariables has value 1 (coming from origin modelica file)
2024-04-18 15:42:17 | DEBUG | parameter event_open has value 1 (coming from origin parameters)
2024-04-18 15:42:17 | DEBUG | parameter event_tEvent has value 10 (coming from origin parameters)
2024-04-18 15:42:17 | DEBUG | parameter event_stateEvent1 was computed internally
2024-04-18 15:42:17 | DEBUG | ------------------------------
2024-04-18 15:42:17 | DEBUG | SubModel Generator initial parameters before local initialization
2024-04-18 15:42:17 | DEBUG | ------------------------------
2024-04-18 15:42:17 | DEBUG | parameter generator_P0Pu has value -0.08 (coming from origin IIDM)
2024-04-18 15:42:17 | DEBUG | parameter generator_Q0Pu has value -0.06 (coming from origin IIDM)
2024-04-18 15:42:17 | DEBUG | parameter generator_U0Pu has value 1.06818 (coming from origin IIDM)
2024-04-18 15:42:17 | DEBUG | parameter generator_UPhase0 has value 0.00639581 (coming from origin IIDM)
2024-04-18 15:42:17 | DEBUG | parameter generator_iStart0Pu_im has value 0 (coming from origin modelica file)
2024-04-18 15:42:17 | DEBUG | parameter generator_iStart0Pu_re has value 0 (coming from origin modelica file)
2024-04-18 15:42:17 | DEBUG | ------------------------------
2024-04-18 15:42:17 | DEBUG | SubModel Generator parameters before local initialization
2024-04-18 15:42:17 | DEBUG | ------------------------------
2024-04-18 15:42:17 | DEBUG | parameter generator_AlphaPuPNom has value 100 (coming from origin parameters)
2024-04-18 15:42:17 | DEBUG | parameter generator_NbSwitchOffSignals has value 3 (coming from origin modelica file)
2024-04-18 15:42:17 | DEBUG | parameter generator_PMax has value 10000 (coming from origin parameters)
2024-04-18 15:42:17 | DEBUG | parameter generator_PMin has value 0 (coming from origin parameters)
2024-04-18 15:42:17 | DEBUG | parameter generator_PNom has value 10000 (coming from origin parameters)
2024-04-18 15:42:17 | DEBUG | parameter generator_State0 has value 2 (coming from origin modelica file)
2024-04-18 15:42:17 | DEBUG | parameter generator_SwitchOffSignal10 has value 0 (coming from origin modelica file)
2024-04-18 15:42:17 | DEBUG | parameter generator_SwitchOffSignal20 has value 0 (coming from origin modelica file)
2024-04-18 15:42:17 | DEBUG | parameter generator_SwitchOffSignal30 has value 0 (coming from origin modelica file)
2024-04-18 15:42:17 | DEBUG | parameter generator_U0Pu has value 1.06818 (coming from origin IIDM)
2024-04-18 15:42:17 | DEBUG | parameter generator_AlphaPu was computed internally
2024-04-18 15:42:17 | DEBUG | parameter generator_PMaxPu was computed internally
2024-04-18 15:42:17 | DEBUG | parameter generator_PMinPu was computed internally
2024-04-18 15:42:17 | DEBUG | parameter generator_Running0 was computed internally
2024-04-18 15:42:17 | DEBUG | ------------------------------
2024-04-18 15:42:17 | DEBUG | SubModel InfiniteBus parameters before local initialization
2024-04-18 15:42:17 | DEBUG | ------------------------------
2024-04-18 15:42:17 | DEBUG | parameter infiniteBus_UNom has value 1 (coming from origin modelica file)
2024-04-18 15:42:17 | DEBUG | parameter infiniteBus_UPhase has value 0 (coming from origin IIDM)
2024-04-18 15:42:17 | DEBUG | parameter infiniteBus_UPu has value 1 (coming from origin IIDM)
2024-04-18 15:42:17 | DEBUG | ------------------------------
2024-04-18 15:42:17 | DEBUG | SubModel Load2 initial parameters before local initialization
2024-04-18 15:42:17 | DEBUG | ------------------------------
2024-04-18 15:42:17 | DEBUG | parameter load_P0Pu has value 0.019478 (coming from origin IIDM)
2024-04-18 15:42:17 | DEBUG | parameter load_Q0Pu has value 0.009709 (coming from origin IIDM)
2024-04-18 15:42:17 | DEBUG | parameter load_U0Pu has value 1.06818 (coming from origin IIDM)
2024-04-18 15:42:17 | DEBUG | parameter load_UPhase0 has value 0.00639581 (coming from origin IIDM)
2024-04-18 15:42:17 | DEBUG | ------------------------------
2024-04-18 15:42:17 | DEBUG | SubModel Load2 parameters before local initialization
2024-04-18 15:42:17 | DEBUG | ------------------------------
2024-04-18 15:42:17 | DEBUG | parameter load_NbSwitchOffSignals has value 2 (coming from origin modelica file)
2024-04-18 15:42:17 | DEBUG | parameter load_State0 has value 2 (coming from origin modelica file)
2024-04-18 15:42:17 | DEBUG | parameter load_SwitchOffSignal10 has value 0 (coming from origin modelica file)
2024-04-18 15:42:17 | DEBUG | parameter load_SwitchOffSignal20 has value 0 (coming from origin modelica file)
2024-04-18 15:42:17 | DEBUG | parameter load_SwitchOffSignal30 has value 0 (coming from origin modelica file)
2024-04-18 15:42:17 | DEBUG | parameter load_Tp has value 90 (coming from origin parameters)
2024-04-18 15:42:17 | DEBUG | parameter load_Tq has value 90 (coming from origin parameters)
2024-04-18 15:42:17 | DEBUG | parameter load_alpha has value 1 (coming from origin parameters)
2024-04-18 15:42:17 | DEBUG | parameter load_alphaLong has value 0 (coming from origin parameters)
2024-04-18 15:42:17 | DEBUG | parameter load_beta has value 2 (coming from origin parameters)
2024-04-18 15:42:17 | DEBUG | parameter load_betaLong has value 0 (coming from origin parameters)
2024-04-18 15:42:17 | DEBUG | parameter load_zPMax has value 100 (coming from origin parameters)
2024-04-18 15:42:17 | DEBUG | parameter load_zQMax has value 100 (coming from origin parameters)
2024-04-18 15:42:17 | DEBUG | parameter load_Running0 was computed internally
2024-04-18 15:42:17 | DEBUG | ------------------------------
2024-04-18 15:42:17 | DEBUG | SubModel OmegaRef parameters before local initialization
2024-04-18 15:42:17 | DEBUG | ------------------------------
2024-04-18 15:42:17 | DEBUG | parameter setPoint_Value0 has value 1 (coming from origin parameters)
2024-04-18 15:42:17 | DEBUG | ------------------------------
2024-04-18 15:42:17 | DEBUG | SimplifiedSolver parameters initial parameters
2024-04-18 15:42:17 | DEBUG | ------------------------------
2024-04-18 15:42:17 | DEBUG | parameter enableSilentZ has value 0 (coming from origin parameters)
2024-04-18 15:42:17 | DEBUG | parameter fnormtol has value 0.001 (coming from origin parameters)
2024-04-18 15:42:17 | DEBUG | no value found for parameter fnormtolAlg
2024-04-18 15:42:17 | DEBUG | no value found for parameter fnormtolAlgInit
2024-04-18 15:42:17 | DEBUG | no value found for parameter fnormtolAlgJ
2024-04-18 15:42:17 | DEBUG | parameter hMax has value 0.1 (coming from origin parameters)
2024-04-18 15:42:17 | DEBUG | parameter hMin has value 0.0001 (coming from origin parameters)
2024-04-18 15:42:17 | DEBUG | no value found for parameter initialaddtol
2024-04-18 15:42:17 | DEBUG | no value found for parameter initialaddtolAlg
2024-04-18 15:42:17 | DEBUG | no value found for parameter initialaddtolAlgInit
2024-04-18 15:42:17 | DEBUG | no value found for parameter initialaddtolAlgJ
2024-04-18 15:42:17 | DEBUG | parameter kReduceStep has value 0.5 (coming from origin parameters)
2024-04-18 15:42:17 | DEBUG | parameter maxNewtonTry has value 10 (coming from origin parameters)
2024-04-18 15:42:17 | DEBUG | no value found for parameter maximumNumberSlowStepIncrease
2024-04-18 15:42:17 | DEBUG | parameter minimalAcceptableStep has value 0.001 (coming from origin parameters)
2024-04-18 15:42:17 | DEBUG | parameter minimumModeChangeTypeForAlgebraicRestoration has value ALGEBRAIC (coming from origin parameters)
2024-04-18 15:42:17 | DEBUG | no value found for parameter minimumModeChangeTypeForAlgebraicRestorationInit
2024-04-18 15:42:17 | DEBUG | no value found for parameter msbset
2024-04-18 15:42:17 | DEBUG | no value found for parameter msbsetAlg
2024-04-18 15:42:17 | DEBUG | no value found for parameter msbsetAlgInit
2024-04-18 15:42:17 | DEBUG | no value found for parameter msbsetAlgJ
2024-04-18 15:42:17 | DEBUG | no value found for parameter mxiter
2024-04-18 15:42:17 | DEBUG | no value found for parameter mxiterAlg
2024-04-18 15:42:17 | DEBUG | no value found for parameter mxiterAlgInit
2024-04-18 15:42:17 | DEBUG | no value found for parameter mxiterAlgJ
2024-04-18 15:42:17 | DEBUG | no value found for parameter mxnewtstep
2024-04-18 15:42:17 | DEBUG | no value found for parameter mxnewtstepAlg
2024-04-18 15:42:17 | DEBUG | no value found for parameter mxnewtstepAlgInit
2024-04-18 15:42:17 | DEBUG | no value found for parameter mxnewtstepAlgJ
2024-04-18 15:42:17 | DEBUG | parameter optimizeAlgebraicResidualsEvaluations has value 0 (coming from origin parameters)
2024-04-18 15:42:17 | DEBUG | parameter optimizeReinitAlgebraicResidualsEvaluations has value 0 (coming from origin parameters)
2024-04-18 15:42:17 | DEBUG | no value found for parameter printfl
2024-04-18 15:42:17 | DEBUG | no value found for parameter printflAlg
2024-04-18 15:42:17 | DEBUG | no value found for parameter printflAlgInit
2024-04-18 15:42:17 | DEBUG | no value found for parameter printflAlgJ
2024-04-18 15:42:17 | DEBUG | no value found for parameter scsteptol
2024-04-18 15:42:17 | DEBUG | no value found for parameter scsteptolAlg
2024-04-18 15:42:17 | DEBUG | no value found for parameter scsteptolAlgInit
2024-04-18 15:42:17 | DEBUG | no value found for parameter scsteptolAlgJ
2024-04-18 15:42:17 | DEBUG | parameter skipNRIfInitialGuessOK has value 0 (coming from origin parameters)
2024-04-18 15:42:17 | DEBUG | ------------------------------
2024-04-18 15:42:17 | DEBUG | SubModel NETWORK parameters after local initialization
2024-04-18 15:42:17 | DEBUG | ------------------------------
2024-04-18 15:42:17 | DEBUG | no value found for parameter Load_Tp
2024-04-18 15:42:17 | DEBUG | no value found for parameter Load_Tq
2024-04-18 15:42:17 | DEBUG | no value found for parameter Load_alpha
2024-04-18 15:42:17 | DEBUG | no value found for parameter Load_alphaLong
2024-04-18 15:42:17 | DEBUG | no value found for parameter Load_beta
2024-04-18 15:42:17 | DEBUG | no value found for parameter Load_betaLong
2024-04-18 15:42:17 | DEBUG | no value found for parameter Load_isControllable
2024-04-18 15:42:17 | DEBUG | no value found for parameter Load_isPControllable
2024-04-18 15:42:17 | DEBUG | no value found for parameter Load_isQControllable
2024-04-18 15:42:17 | DEBUG | no value found for parameter Load_isRestorative
2024-04-18 15:42:17 | DEBUG | no value found for parameter Load_zPMax
2024-04-18 15:42:17 | DEBUG | no value found for parameter Load_zQMax
2024-04-18 15:42:17 | DEBUG | no value found for parameter VL1_BUS1_hasShortCircuitCapabilities
2024-04-18 15:42:17 | DEBUG | no value found for parameter VL2_BUS1_hasShortCircuitCapabilities
2024-04-18 15:42:17 | DEBUG | no value found for parameter bus_hasShortCircuitCapabilities
2024-04-18 15:42:17 | DEBUG | no value found for parameter bus_uMax
2024-04-18 15:42:17 | DEBUG | no value found for parameter bus_uMin
2024-04-18 15:42:17 | DEBUG | no value found for parameter line_isDynamic
2024-04-18 15:42:17 | DEBUG | no value found for parameter load_isPControllable
2024-04-18 15:42:17 | DEBUG | no value found for parameter load_isQControllable
2024-04-18 15:42:17 | DEBUG | no value found for parameter startingPointMode
2024-04-18 15:42:17 | DEBUG | ------------------------------
2024-04-18 15:42:17 | DEBUG | SubModel Disconnect_Load parameters after local initialization
2024-04-18 15:42:17 | DEBUG | ------------------------------
2024-04-18 15:42:17 | DEBUG | ------------------------------
2024-04-18 15:42:17 | DEBUG | SubModel Generator parameters after local initialization
2024-04-18 15:42:17 | DEBUG | ------------------------------
2024-04-18 15:42:17 | DEBUG | parameter generator_PGen0Pu has value 0.08 (coming from origin initialization)
2024-04-18 15:42:17 | DEBUG | parameter generator_QGen0Pu has value 0.06 (coming from origin initialization)
2024-04-18 15:42:17 | DEBUG | parameter generator_U0Pu has value 1.06818 (coming from origin initialization)
2024-04-18 15:42:17 | DEBUG | parameter generator_i0Pu_im has value 0.0556899 (coming from origin initialization)
2024-04-18 15:42:17 | DEBUG | parameter generator_i0Pu_re has value -0.0752511 (coming from origin initialization)
2024-04-18 15:42:17 | DEBUG | parameter generator_u0Pu_im has value 0.00683186 (coming from origin initialization)
2024-04-18 15:42:17 | DEBUG | parameter generator_u0Pu_re has value 1.06816 (coming from origin initialization)
2024-04-18 15:42:17 | DEBUG | ------------------------------
2024-04-18 15:42:17 | DEBUG | SubModel InfiniteBus parameters after local initialization
2024-04-18 15:42:17 | DEBUG | ------------------------------
2024-04-18 15:42:17 | DEBUG | ------------------------------
2024-04-18 15:42:17 | DEBUG | SubModel Load2 parameters after local initialization
2024-04-18 15:42:17 | DEBUG | ------------------------------
2024-04-18 15:42:17 | DEBUG | parameter load_i0Pu_im has value -0.00897244 (coming from origin initialization)
2024-04-18 15:42:17 | DEBUG | parameter load_i0Pu_re has value 0.0182924 (coming from origin initialization)
2024-04-18 15:42:17 | DEBUG | parameter load_s0Pu_im has value 0.009709 (coming from origin initialization)
2024-04-18 15:42:17 | DEBUG | parameter load_s0Pu_re has value 0.019478 (coming from origin initialization)
2024-04-18 15:42:17 | DEBUG | parameter load_u0Pu_im has value 0.00683186 (coming from origin initialization)
2024-04-18 15:42:17 | DEBUG | parameter load_u0Pu_re has value 1.06816 (coming from origin initialization)
2024-04-18 15:42:17 | DEBUG | ------------------------------
2024-04-18 15:42:17 | DEBUG | SubModel OmegaRef parameters after local initialization
2024-04-18 15:42:17 | DEBUG | ------------------------------
