2024-04-18 15:42:17 | INFO |  ============================================================ 
2024-04-18 15:42:17 | INFO | DYNAWO VERSION  :     1.7.0
2024-04-18 15:42:17 | INFO | DYNAWO REVISION :  master-18-cf2130ea6f
2024-04-18 15:42:17 | INFO |  ============================================================ 
2024-04-18 15:42:17 | INFO | Model Templates : 
2024-04-18 15:42:17 | INFO | DDB Dir : /home/bureaugau/Projects/dynamo/dynawo-18/install/gcc9/master-18/Debug/shared/dynawo/ddb/
2024-04-18 15:42:17 | DEBUG | /home/bureaugau/Projects/dynamo/dynawo-18/install/gcc9/master-18/Debug/shared/dynawo/ddb/EventSetPointBoolean.so
2024-04-18 15:42:17 | DEBUG | /home/bureaugau/Projects/dynamo/dynawo-18/install/gcc9/master-18/Debug/shared/dynawo/ddb/Line.so
2024-04-18 15:42:17 | DEBUG | /home/bureaugau/Projects/dynamo/dynawo-18/install/gcc9/master-18/Debug/shared/dynawo/ddb/InfiniteBus.so
2024-04-18 15:42:17 | DEBUG | /home/bureaugau/Projects/dynamo/dynawo-18/install/gcc9/master-18/Debug/shared/dynawo/ddb/EventConnectedStatus.so
2024-04-18 15:42:17 | DEBUG | /home/bureaugau/Projects/dynamo/dynawo-18/install/gcc9/master-18/Debug/shared/dynawo/ddb/Bus.so
2024-04-18 15:42:17 | DEBUG | /home/bureaugau/Projects/dynamo/dynawo-18/install/gcc9/master-18/Debug/shared/dynawo/ddb/LoadAlphaBetaRestorativeNetwork.so
2024-04-18 15:42:17 | DEBUG | /home/bureaugau/Projects/dynamo/dynawo-18/install/gcc9/master-18/Debug/shared/dynawo/ddb/GeneratorPQ.so
2024-04-18 15:42:17 | DEBUG | /home/bureaugau/Projects/dynamo/dynawo-18/install/gcc9/master-18/Debug/shared/dynawo/ddb/DYNModelVoltageMeasurementsUtilities.so
2024-04-18 15:42:17 | DEBUG | /home/bureaugau/Projects/dynamo/dynawo-18/install/gcc9/master-18/Debug/shared/dynawo/ddb/LoadAlphaBeta.so
2024-04-18 15:42:17 | DEBUG | /home/bureaugau/Projects/dynamo/dynawo-18/install/gcc9/master-18/Debug/shared/dynawo/ddb/SetPoint.so
2024-04-18 15:42:17 | DEBUG | /home/bureaugau/Projects/dynamo/dynawo-18/install/gcc9/master-18/Debug/shared/dynawo/ddb/DYNModelVariationArea.so
2024-04-18 15:42:17 | DEBUG | /home/bureaugau/Projects/dynamo/dynawo-18/install/gcc9/master-18/Debug/shared/dynawo/ddb/NodeFault.so
2024-04-18 15:42:17 | DEBUG | /home/bureaugau/Projects/dynamo/dynawo-18/install/gcc9/master-18/Debug/shared/dynawo/ddb/DYNModelLoadRestorativeWithLimits.so
2024-04-18 15:42:17 | DEBUG | /home/bureaugau/Projects/dynamo/dynawo-18/install/gcc9/master-18/Debug/shared/dynawo/ddb/DYNModelNetwork.so
2024-04-18 15:42:17 | DEBUG | /home/bureaugau/Projects/dynamo/dynawo-18/install/gcc9/master-18/Debug/shared/dynawo/ddb/DYNModelAreaShedding.so
2024-04-18 15:42:17 | DEBUG | /home/bureaugau/Projects/dynamo/dynawo-18/install/gcc9/master-18/Debug/shared/dynawo/ddb/Step.so
2024-04-18 15:42:17 | DEBUG | /home/bureaugau/Projects/dynamo/dynawo-18/install/gcc9/master-18/Debug/shared/dynawo/ddb/DYNModelCentralizedShuntsSectionControl.so
2024-04-18 15:42:17 | DEBUG | /home/bureaugau/Projects/dynamo/dynawo-18/install/gcc9/master-18/Debug/shared/dynawo/ddb/DYNModelVoltageSetPointChange.so
2024-04-18 15:42:17 | DEBUG | /home/bureaugau/Projects/dynamo/dynawo-18/install/gcc9/master-18/Debug/shared/dynawo/ddb/DYNModelOmegaRef.so
2024-04-18 15:42:17 | DEBUG | /home/bureaugau/Projects/dynamo/dynawo-18/install/gcc9/master-18/Debug/shared/dynawo/ddb/TransformerFixedRatio.so
2024-04-18 15:42:17 | DEBUG | 
2024-04-18 15:42:17 | DEBUG | compilation files (and packages)
2024-04-18 15:42:17 | DEBUG | /home/bureaugau/Projects/dynamo/dynawo-18/install/gcc9/master-18/Debug/shared/dynawo/ddb/Dynawo/package.mo
2024-04-18 15:42:17 | DEBUG | 
2024-04-18 15:42:17 | DEBUG | External variable files
2024-04-18 15:42:17 | DEBUG | /home/bureaugau/Projects/dynamo/dynawo-18/install/gcc9/master-18/Debug/shared/dynawo/ddb/Bus.extvar
2024-04-18 15:42:17 | DEBUG | /home/bureaugau/Projects/dynamo/dynawo-18/install/gcc9/master-18/Debug/shared/dynawo/ddb/Dynawo/Electrical/Buses/Bus.extvar
2024-04-18 15:42:17 | DEBUG | /home/bureaugau/Projects/dynamo/dynawo-18/install/gcc9/master-18/Debug/shared/dynawo/ddb/Dynawo/Electrical/Buses/BusWithInit.extvar
2024-04-18 15:42:17 | DEBUG | /home/bureaugau/Projects/dynamo/dynawo-18/install/gcc9/master-18/Debug/shared/dynawo/ddb/Dynawo/Electrical/Buses/InfiniteBus.extvar
2024-04-18 15:42:17 | DEBUG | /home/bureaugau/Projects/dynamo/dynawo-18/install/gcc9/master-18/Debug/shared/dynawo/ddb/Dynawo/Electrical/Buses/InfiniteBusFromTable.extvar
2024-04-18 15:42:17 | DEBUG | /home/bureaugau/Projects/dynamo/dynawo-18/install/gcc9/master-18/Debug/shared/dynawo/ddb/Dynawo/Electrical/Buses/InfiniteBusWithImpedance.extvar
2024-04-18 15:42:17 | DEBUG | /home/bureaugau/Projects/dynamo/dynawo-18/install/gcc9/master-18/Debug/shared/dynawo/ddb/Dynawo/Electrical/Buses/InfiniteBusWithVariations.extvar
2024-04-18 15:42:17 | DEBUG | /home/bureaugau/Projects/dynamo/dynawo-18/install/gcc9/master-18/Debug/shared/dynawo/ddb/Dynawo/Electrical/Controls/Converters/GridFormingControlDispatchableVirtualOscillatorControl.extvar
2024-04-18 15:42:17 | DEBUG | /home/bureaugau/Projects/dynamo/dynawo-18/install/gcc9/master-18/Debug/shared/dynawo/ddb/Dynawo/Electrical/Controls/Converters/GridFormingControlDroopControl.extvar
2024-04-18 15:42:17 | DEBUG | /home/bureaugau/Projects/dynamo/dynawo-18/install/gcc9/master-18/Debug/shared/dynawo/ddb/Dynawo/Electrical/Controls/Converters/GridFormingControlMatchingControl.extvar
2024-04-18 15:42:17 | DEBUG | /home/bureaugau/Projects/dynamo/dynawo-18/install/gcc9/master-18/Debug/shared/dynawo/ddb/Dynawo/Electrical/Controls/Current/CurrentLimitAutomaton.extvar
2024-04-18 15:42:17 | DEBUG | /home/bureaugau/Projects/dynamo/dynawo-18/install/gcc9/master-18/Debug/shared/dynawo/ddb/Dynawo/Electrical/Controls/Current/CurrentLimitAutomatonTwoLevels.extvar
2024-04-18 15:42:17 | DEBUG | /home/bureaugau/Projects/dynamo/dynawo-18/install/gcc9/master-18/Debug/shared/dynawo/ddb/Dynawo/Electrical/Controls/Current/PhaseShifterBlockingI.extvar
2024-04-18 15:42:17 | DEBUG | /home/bureaugau/Projects/dynamo/dynawo-18/install/gcc9/master-18/Debug/shared/dynawo/ddb/Dynawo/Electrical/Controls/Frequency/SecondaryFrequencyRegulation.extvar
2024-04-18 15:42:17 | DEBUG | /home/bureaugau/Projects/dynamo/dynawo-18/install/gcc9/master-18/Debug/shared/dynawo/ddb/Dynawo/Electrical/Controls/Frequency/SignalN.extvar
2024-04-18 15:42:17 | DEBUG | /home/bureaugau/Projects/dynamo/dynawo-18/install/gcc9/master-18/Debug/shared/dynawo/ddb/Dynawo/Electrical/Controls/Generic/GenericAutomaton.extvar
2024-04-18 15:42:17 | DEBUG | /home/bureaugau/Projects/dynamo/dynawo-18/install/gcc9/master-18/Debug/shared/dynawo/ddb/Dynawo/Electrical/Controls/HVDC/PowerTransferHVDC.extvar
2024-04-18 15:42:17 | DEBUG | /home/bureaugau/Projects/dynamo/dynawo-18/install/gcc9/master-18/Debug/shared/dynawo/ddb/Dynawo/Electrical/Controls/HVDC/PowerTransferHVDCEmulation.extvar
2024-04-18 15:42:17 | DEBUG | /home/bureaugau/Projects/dynamo/dynawo-18/install/gcc9/master-18/Debug/shared/dynawo/ddb/Dynawo/Electrical/Controls/Loads/LoadShedding.extvar
2024-04-18 15:42:17 | DEBUG | /home/bureaugau/Projects/dynamo/dynawo-18/install/gcc9/master-18/Debug/shared/dynawo/ddb/Dynawo/Electrical/Controls/Machines/Governors/Simplified/GoverNordic.extvar
2024-04-18 15:42:17 | DEBUG | /home/bureaugau/Projects/dynamo/dynawo-18/install/gcc9/master-18/Debug/shared/dynawo/ddb/Dynawo/Electrical/Controls/Machines/Governors/Simplified/GoverProportional.extvar
2024-04-18 15:42:17 | DEBUG | /home/bureaugau/Projects/dynamo/dynawo-18/install/gcc9/master-18/Debug/shared/dynawo/ddb/Dynawo/Electrical/Controls/Machines/Governors/Standard/Hydraulic/HYGOV1.extvar
2024-04-18 15:42:17 | DEBUG | /home/bureaugau/Projects/dynamo/dynawo-18/install/gcc9/master-18/Debug/shared/dynawo/ddb/Dynawo/Electrical/Controls/Machines/Governors/Standard/Hydraulic/HyGov.extvar
2024-04-18 15:42:17 | DEBUG | /home/bureaugau/Projects/dynamo/dynawo-18/install/gcc9/master-18/Debug/shared/dynawo/ddb/Dynawo/Electrical/Controls/Machines/Governors/Standard/Steam/Gast.extvar
2024-04-18 15:42:17 | DEBUG | /home/bureaugau/Projects/dynamo/dynawo-18/install/gcc9/master-18/Debug/shared/dynawo/ddb/Dynawo/Electrical/Controls/Machines/Governors/Standard/Steam/GovSteam1.extvar
2024-04-18 15:42:17 | DEBUG | /home/bureaugau/Projects/dynamo/dynawo-18/install/gcc9/master-18/Debug/shared/dynawo/ddb/Dynawo/Electrical/Controls/Machines/Governors/Standard/Steam/IEEEG1.extvar
2024-04-18 15:42:17 | DEBUG | /home/bureaugau/Projects/dynamo/dynawo-18/install/gcc9/master-18/Debug/shared/dynawo/ddb/Dynawo/Electrical/Controls/Machines/Governors/Standard/Steam/IEEEG11.extvar
2024-04-18 15:42:17 | DEBUG | /home/bureaugau/Projects/dynamo/dynawo-18/install/gcc9/master-18/Debug/shared/dynawo/ddb/Dynawo/Electrical/Controls/Machines/Governors/Standard/Steam/IEEEG2.extvar
2024-04-18 15:42:17 | DEBUG | /home/bureaugau/Projects/dynamo/dynawo-18/install/gcc9/master-18/Debug/shared/dynawo/ddb/Dynawo/Electrical/Controls/Machines/Governors/Standard/Steam/TGOV11.extvar
2024-04-18 15:42:17 | DEBUG | /home/bureaugau/Projects/dynamo/dynawo-18/install/gcc9/master-18/Debug/shared/dynawo/ddb/Dynawo/Electrical/Controls/Machines/Governors/Standard/Steam/TGov1.extvar
2024-04-18 15:42:17 | DEBUG | /home/bureaugau/Projects/dynamo/dynawo-18/install/gcc9/master-18/Debug/shared/dynawo/ddb/Dynawo/Electrical/Controls/Machines/Governors/Standard/Steam/TGov3.extvar
2024-04-18 15:42:17 | DEBUG | /home/bureaugau/Projects/dynamo/dynawo-18/install/gcc9/master-18/Debug/shared/dynawo/ddb/Dynawo/Electrical/Controls/Machines/PowerSystemStabilizers/Standard/PSS2A1.extvar
2024-04-18 15:42:17 | DEBUG | /home/bureaugau/Projects/dynamo/dynawo-18/install/gcc9/master-18/Debug/shared/dynawo/ddb/Dynawo/Electrical/Controls/Machines/PowerSystemStabilizers/Standard/Pss1aOmega.extvar
2024-04-18 15:42:17 | DEBUG | /home/bureaugau/Projects/dynamo/dynawo-18/install/gcc9/master-18/Debug/shared/dynawo/ddb/Dynawo/Electrical/Controls/Machines/PowerSystemStabilizers/Standard/Pss1aPGen.extvar
2024-04-18 15:42:17 | DEBUG | /home/bureaugau/Projects/dynamo/dynawo-18/install/gcc9/master-18/Debug/shared/dynawo/ddb/Dynawo/Electrical/Controls/Machines/PowerSystemStabilizers/Standard/Pss2a.extvar
2024-04-18 15:42:17 | DEBUG | /home/bureaugau/Projects/dynamo/dynawo-18/install/gcc9/master-18/Debug/shared/dynawo/ddb/Dynawo/Electrical/Controls/Machines/PowerSystemStabilizers/Standard/Pss2c.extvar
2024-04-18 15:42:17 | DEBUG | /home/bureaugau/Projects/dynamo/dynawo-18/install/gcc9/master-18/Debug/shared/dynawo/ddb/Dynawo/Electrical/Controls/Machines/PowerSystemStabilizers/Standard/PssIEEE2B.extvar
2024-04-18 15:42:17 | DEBUG | /home/bureaugau/Projects/dynamo/dynawo-18/install/gcc9/master-18/Debug/shared/dynawo/ddb/Dynawo/Electrical/Controls/Machines/PowerSystemStabilizers/Standard/PssKundur.extvar
2024-04-18 15:42:17 | DEBUG | /home/bureaugau/Projects/dynamo/dynawo-18/install/gcc9/master-18/Debug/shared/dynawo/ddb/Dynawo/Electrical/Controls/Machines/Protections/LVRT10Points.extvar
2024-04-18 15:42:17 | DEBUG | /home/bureaugau/Projects/dynamo/dynawo-18/install/gcc9/master-18/Debug/shared/dynawo/ddb/Dynawo/Electrical/Controls/Machines/Protections/LVRT4Points.extvar
2024-04-18 15:42:17 | DEBUG | /home/bureaugau/Projects/dynamo/dynawo-18/install/gcc9/master-18/Debug/shared/dynawo/ddb/Dynawo/Electrical/Controls/Machines/Protections/LossOfSynchronismProtection.extvar
2024-04-18 15:42:17 | DEBUG | /home/bureaugau/Projects/dynamo/dynawo-18/install/gcc9/master-18/Debug/shared/dynawo/ddb/Dynawo/Electrical/Controls/Machines/Protections/SpeedProtection.extvar
2024-04-18 15:42:17 | DEBUG | /home/bureaugau/Projects/dynamo/dynawo-18/install/gcc9/master-18/Debug/shared/dynawo/ddb/Dynawo/Electrical/Controls/Machines/Protections/UVA.extvar
2024-04-18 15:42:17 | DEBUG | /home/bureaugau/Projects/dynamo/dynawo-18/install/gcc9/master-18/Debug/shared/dynawo/ddb/Dynawo/Electrical/Controls/Machines/ReactivePowerControlLoops/ReactivePowerControlLoop.extvar
2024-04-18 15:42:17 | DEBUG | /home/bureaugau/Projects/dynamo/dynawo-18/install/gcc9/master-18/Debug/shared/dynawo/ddb/Dynawo/Electrical/Controls/Machines/ReactivePowerControlLoops/ReactivePowerControlLoop2.extvar
2024-04-18 15:42:17 | DEBUG | /home/bureaugau/Projects/dynamo/dynawo-18/install/gcc9/master-18/Debug/shared/dynawo/ddb/Dynawo/Electrical/Controls/Machines/VoltageRegulators/Simplified/VRNordic.extvar
2024-04-18 15:42:17 | DEBUG | /home/bureaugau/Projects/dynamo/dynawo-18/install/gcc9/master-18/Debug/shared/dynawo/ddb/Dynawo/Electrical/Controls/Machines/VoltageRegulators/Simplified/VRProportional.extvar
2024-04-18 15:42:17 | DEBUG | /home/bureaugau/Projects/dynamo/dynawo-18/install/gcc9/master-18/Debug/shared/dynawo/ddb/Dynawo/Electrical/Controls/Machines/VoltageRegulators/Simplified/VRProportionalIntegral.extvar
2024-04-18 15:42:17 | DEBUG | /home/bureaugau/Projects/dynamo/dynawo-18/install/gcc9/master-18/Debug/shared/dynawo/ddb/Dynawo/Electrical/Controls/Machines/VoltageRegulators/Simplified/VRProportionalReactiveFeedback.extvar
2024-04-18 15:42:17 | DEBUG | /home/bureaugau/Projects/dynamo/dynawo-18/install/gcc9/master-18/Debug/shared/dynawo/ddb/Dynawo/Electrical/Controls/Machines/VoltageRegulators/Standard/Ac1a.extvar
2024-04-18 15:42:17 | DEBUG | /home/bureaugau/Projects/dynamo/dynawo-18/install/gcc9/master-18/Debug/shared/dynawo/ddb/Dynawo/Electrical/Controls/Machines/VoltageRegulators/Standard/Ac1c.extvar
2024-04-18 15:42:17 | DEBUG | /home/bureaugau/Projects/dynamo/dynawo-18/install/gcc9/master-18/Debug/shared/dynawo/ddb/Dynawo/Electrical/Controls/Machines/VoltageRegulators/Standard/BbSex1.extvar
2024-04-18 15:42:17 | DEBUG | /home/bureaugau/Projects/dynamo/dynawo-18/install/gcc9/master-18/Debug/shared/dynawo/ddb/Dynawo/Electrical/Controls/Machines/VoltageRegulators/Standard/Dc1a.extvar
2024-04-18 15:42:17 | DEBUG | /home/bureaugau/Projects/dynamo/dynawo-18/install/gcc9/master-18/Debug/shared/dynawo/ddb/Dynawo/Electrical/Controls/Machines/VoltageRegulators/Standard/Dc1c.extvar
2024-04-18 15:42:17 | DEBUG | /home/bureaugau/Projects/dynamo/dynawo-18/install/gcc9/master-18/Debug/shared/dynawo/ddb/Dynawo/Electrical/Controls/Machines/VoltageRegulators/Standard/ExcIEEEAC1A.extvar
2024-04-18 15:42:17 | DEBUG | /home/bureaugau/Projects/dynamo/dynawo-18/install/gcc9/master-18/Debug/shared/dynawo/ddb/Dynawo/Electrical/Controls/Machines/VoltageRegulators/Standard/ExcIEEEST4B.extvar
2024-04-18 15:42:17 | DEBUG | /home/bureaugau/Projects/dynamo/dynawo-18/install/gcc9/master-18/Debug/shared/dynawo/ddb/Dynawo/Electrical/Controls/Machines/VoltageRegulators/Standard/IEEET1.extvar
2024-04-18 15:42:17 | DEBUG | /home/bureaugau/Projects/dynamo/dynawo-18/install/gcc9/master-18/Debug/shared/dynawo/ddb/Dynawo/Electrical/Controls/Machines/VoltageRegulators/Standard/IEEEX2.extvar
2024-04-18 15:42:17 | DEBUG | /home/bureaugau/Projects/dynamo/dynawo-18/install/gcc9/master-18/Debug/shared/dynawo/ddb/Dynawo/Electrical/Controls/Machines/VoltageRegulators/Standard/IEEX2A.extvar
2024-04-18 15:42:17 | DEBUG | /home/bureaugau/Projects/dynamo/dynawo-18/install/gcc9/master-18/Debug/shared/dynawo/ddb/Dynawo/Electrical/Controls/Machines/VoltageRegulators/Standard/MAXEX2.extvar
2024-04-18 15:42:17 | DEBUG | /home/bureaugau/Projects/dynamo/dynawo-18/install/gcc9/master-18/Debug/shared/dynawo/ddb/Dynawo/Electrical/Controls/Machines/VoltageRegulators/Standard/SCRX1.extvar
2024-04-18 15:42:17 | DEBUG | /home/bureaugau/Projects/dynamo/dynawo-18/install/gcc9/master-18/Debug/shared/dynawo/ddb/Dynawo/Electrical/Controls/Machines/VoltageRegulators/Standard/SEXS.extvar
2024-04-18 15:42:17 | DEBUG | /home/bureaugau/Projects/dynamo/dynawo-18/install/gcc9/master-18/Debug/shared/dynawo/ddb/Dynawo/Electrical/Controls/Machines/VoltageRegulators/Standard/Scrx.extvar
2024-04-18 15:42:17 | DEBUG | /home/bureaugau/Projects/dynamo/dynawo-18/install/gcc9/master-18/Debug/shared/dynawo/ddb/Dynawo/Electrical/Controls/Machines/VoltageRegulators/Standard/St1a.extvar
2024-04-18 15:42:17 | DEBUG | /home/bureaugau/Projects/dynamo/dynawo-18/install/gcc9/master-18/Debug/shared/dynawo/ddb/Dynawo/Electrical/Controls/Machines/VoltageRegulators/Standard/St1c.extvar
2024-04-18 15:42:17 | DEBUG | /home/bureaugau/Projects/dynamo/dynawo-18/install/gcc9/master-18/Debug/shared/dynawo/ddb/Dynawo/Electrical/Controls/Machines/VoltageRegulators/Standard/St4b.extvar
2024-04-18 15:42:17 | DEBUG | /home/bureaugau/Projects/dynamo/dynawo-18/install/gcc9/master-18/Debug/shared/dynawo/ddb/Dynawo/Electrical/Controls/Machines/VoltageRegulators/Standard/St4c.extvar
2024-04-18 15:42:17 | DEBUG | /home/bureaugau/Projects/dynamo/dynawo-18/install/gcc9/master-18/Debug/shared/dynawo/ddb/Dynawo/Electrical/Controls/Machines/VoltageRegulators/Standard/VRKundur.extvar
2024-04-18 15:42:17 | DEBUG | /home/bureaugau/Projects/dynamo/dynawo-18/install/gcc9/master-18/Debug/shared/dynawo/ddb/Dynawo/Electrical/Controls/PLL/PLL.extvar
2024-04-18 15:42:17 | DEBUG | /home/bureaugau/Projects/dynamo/dynawo-18/install/gcc9/master-18/Debug/shared/dynawo/ddb/Dynawo/Electrical/Controls/Protections/DistanceProtectionLineFourZones.extvar
2024-04-18 15:42:17 | DEBUG | /home/bureaugau/Projects/dynamo/dynawo-18/install/gcc9/master-18/Debug/shared/dynawo/ddb/Dynawo/Electrical/Controls/Protections/DistanceProtectionLineFourZonesWithBlinder.extvar
2024-04-18 15:42:17 | DEBUG | /home/bureaugau/Projects/dynamo/dynawo-18/install/gcc9/master-18/Debug/shared/dynawo/ddb/Dynawo/Electrical/Controls/Protections/DistanceProtectionLineTwoZones.extvar
2024-04-18 15:42:17 | DEBUG | /home/bureaugau/Projects/dynamo/dynawo-18/install/gcc9/master-18/Debug/shared/dynawo/ddb/Dynawo/Electrical/Controls/Protections/DistanceProtectionLineTwoZonesWithBlinder.extvar
2024-04-18 15:42:17 | DEBUG | /home/bureaugau/Projects/dynamo/dynawo-18/install/gcc9/master-18/Debug/shared/dynawo/ddb/Dynawo/Electrical/Controls/Protections/UFLS10Steps.extvar
2024-04-18 15:42:17 | DEBUG | /home/bureaugau/Projects/dynamo/dynawo-18/install/gcc9/master-18/Debug/shared/dynawo/ddb/Dynawo/Electrical/Controls/Protections/UFLS3Steps.extvar
2024-04-18 15:42:17 | DEBUG | /home/bureaugau/Projects/dynamo/dynawo-18/install/gcc9/master-18/Debug/shared/dynawo/ddb/Dynawo/Electrical/Controls/Transformers/PhaseShifterI.extvar
2024-04-18 15:42:17 | DEBUG | /home/bureaugau/Projects/dynamo/dynawo-18/install/gcc9/master-18/Debug/shared/dynawo/ddb/Dynawo/Electrical/Controls/Transformers/PhaseShifterP.extvar
2024-04-18 15:42:17 | DEBUG | /home/bureaugau/Projects/dynamo/dynawo-18/install/gcc9/master-18/Debug/shared/dynawo/ddb/Dynawo/Electrical/Controls/Transformers/TapChanger.extvar
2024-04-18 15:42:17 | DEBUG | /home/bureaugau/Projects/dynamo/dynawo-18/install/gcc9/master-18/Debug/shared/dynawo/ddb/Dynawo/Electrical/Controls/Utilities/Measurements.extvar
2024-04-18 15:42:17 | DEBUG | /home/bureaugau/Projects/dynamo/dynawo-18/install/gcc9/master-18/Debug/shared/dynawo/ddb/Dynawo/Electrical/Controls/Voltage/SecondaryVoltageControl/Simplified/SecondaryVoltageControl.extvar
2024-04-18 15:42:17 | DEBUG | /home/bureaugau/Projects/dynamo/dynawo-18/install/gcc9/master-18/Debug/shared/dynawo/ddb/Dynawo/Electrical/Controls/Voltage/TapChangerBlocking1.extvar
2024-04-18 15:42:17 | DEBUG | /home/bureaugau/Projects/dynamo/dynawo-18/install/gcc9/master-18/Debug/shared/dynawo/ddb/Dynawo/Electrical/Controls/Voltage/TapChangerBlocking2.extvar
2024-04-18 15:42:17 | DEBUG | /home/bureaugau/Projects/dynamo/dynawo-18/install/gcc9/master-18/Debug/shared/dynawo/ddb/Dynawo/Electrical/Controls/Voltage/TapChangerBlocking3.extvar
2024-04-18 15:42:17 | DEBUG | /home/bureaugau/Projects/dynamo/dynawo-18/install/gcc9/master-18/Debug/shared/dynawo/ddb/Dynawo/Electrical/Controls/Voltage/TapChangerBlocking4.extvar
2024-04-18 15:42:17 | DEBUG | /home/bureaugau/Projects/dynamo/dynawo-18/install/gcc9/master-18/Debug/shared/dynawo/ddb/Dynawo/Electrical/Controls/Voltage/TapChangerBlocking5.extvar
2024-04-18 15:42:17 | DEBUG | /home/bureaugau/Projects/dynamo/dynawo-18/install/gcc9/master-18/Debug/shared/dynawo/ddb/Dynawo/Electrical/Controls/Voltage/VRRemote.extvar
2024-04-18 15:42:17 | DEBUG | /home/bureaugau/Projects/dynamo/dynawo-18/install/gcc9/master-18/Debug/shared/dynawo/ddb/Dynawo/Electrical/Events/NodeFault.extvar
2024-04-18 15:42:17 | DEBUG | /home/bureaugau/Projects/dynamo/dynawo-18/install/gcc9/master-18/Debug/shared/dynawo/ddb/Dynawo/Electrical/HVDC/BaseControls/ACEmulation.extvar
2024-04-18 15:42:17 | DEBUG | /home/bureaugau/Projects/dynamo/dynawo-18/install/gcc9/master-18/Debug/shared/dynawo/ddb/Dynawo/Electrical/HVDC/BaseControls/ACEmulationVariableK.extvar
2024-04-18 15:42:17 | DEBUG | /home/bureaugau/Projects/dynamo/dynawo-18/install/gcc9/master-18/Debug/shared/dynawo/ddb/Dynawo/Electrical/HVDC/HvdcPQProp/HvdcPQProp.extvar
2024-04-18 15:42:17 | DEBUG | /home/bureaugau/Projects/dynamo/dynawo-18/install/gcc9/master-18/Debug/shared/dynawo/ddb/Dynawo/Electrical/HVDC/HvdcPQProp/HvdcPQPropDangling.extvar
2024-04-18 15:42:17 | DEBUG | /home/bureaugau/Projects/dynamo/dynawo-18/install/gcc9/master-18/Debug/shared/dynawo/ddb/Dynawo/Electrical/HVDC/HvdcPQProp/HvdcPQPropDanglingDiagramPQ.extvar
2024-04-18 15:42:17 | DEBUG | /home/bureaugau/Projects/dynamo/dynawo-18/install/gcc9/master-18/Debug/shared/dynawo/ddb/Dynawo/Electrical/HVDC/HvdcPQProp/HvdcPQPropDiagramPQ.extvar
2024-04-18 15:42:17 | DEBUG | /home/bureaugau/Projects/dynamo/dynawo-18/install/gcc9/master-18/Debug/shared/dynawo/ddb/Dynawo/Electrical/HVDC/HvdcPTanPhi/HvdcPTanPhi.extvar
2024-04-18 15:42:17 | DEBUG | /home/bureaugau/Projects/dynamo/dynawo-18/install/gcc9/master-18/Debug/shared/dynawo/ddb/Dynawo/Electrical/HVDC/HvdcPTanPhi/HvdcPTanPhiDangling.extvar
2024-04-18 15:42:17 | DEBUG | /home/bureaugau/Projects/dynamo/dynawo-18/install/gcc9/master-18/Debug/shared/dynawo/ddb/Dynawo/Electrical/HVDC/HvdcPTanPhi/HvdcPTanPhiDanglingDiagramPQ.extvar
2024-04-18 15:42:17 | DEBUG | /home/bureaugau/Projects/dynamo/dynawo-18/install/gcc9/master-18/Debug/shared/dynawo/ddb/Dynawo/Electrical/HVDC/HvdcPTanPhi/HvdcPTanPhiDiagramPQ.extvar
2024-04-18 15:42:17 | DEBUG | /home/bureaugau/Projects/dynamo/dynawo-18/install/gcc9/master-18/Debug/shared/dynawo/ddb/Dynawo/Electrical/HVDC/HvdcPV/HvdcPV.extvar
2024-04-18 15:42:17 | DEBUG | /home/bureaugau/Projects/dynamo/dynawo-18/install/gcc9/master-18/Debug/shared/dynawo/ddb/Dynawo/Electrical/HVDC/HvdcPV/HvdcPVDangling.extvar
2024-04-18 15:42:17 | DEBUG | /home/bureaugau/Projects/dynamo/dynawo-18/install/gcc9/master-18/Debug/shared/dynawo/ddb/Dynawo/Electrical/HVDC/HvdcPV/HvdcPVDanglingDiagramPQ.extvar
2024-04-18 15:42:17 | DEBUG | /home/bureaugau/Projects/dynamo/dynawo-18/install/gcc9/master-18/Debug/shared/dynawo/ddb/Dynawo/Electrical/HVDC/HvdcPV/HvdcPVDiagramPQ.extvar
2024-04-18 15:42:17 | DEBUG | /home/bureaugau/Projects/dynamo/dynawo-18/install/gcc9/master-18/Debug/shared/dynawo/ddb/Dynawo/Electrical/HVDC/HvdcVsc/HvdcVsc.extvar
2024-04-18 15:42:17 | DEBUG | /home/bureaugau/Projects/dynamo/dynawo-18/install/gcc9/master-18/Debug/shared/dynawo/ddb/Dynawo/Electrical/HVDC/HvdcVsc/HvdcVscDanglingP.extvar
2024-04-18 15:42:17 | DEBUG | /home/bureaugau/Projects/dynamo/dynawo-18/install/gcc9/master-18/Debug/shared/dynawo/ddb/Dynawo/Electrical/HVDC/HvdcVsc/HvdcVscDanglingUDc.extvar
2024-04-18 15:42:17 | DEBUG | /home/bureaugau/Projects/dynamo/dynawo-18/install/gcc9/master-18/Debug/shared/dynawo/ddb/Dynawo/Electrical/Lines/Line.extvar
2024-04-18 15:42:17 | DEBUG | /home/bureaugau/Projects/dynamo/dynawo-18/install/gcc9/master-18/Debug/shared/dynawo/ddb/Dynawo/Electrical/Loads/LoadAlphaBeta.extvar
2024-04-18 15:42:17 | DEBUG | /home/bureaugau/Projects/dynamo/dynawo-18/install/gcc9/master-18/Debug/shared/dynawo/ddb/Dynawo/Electrical/Loads/LoadAlphaBetaMotor.extvar
2024-04-18 15:42:17 | DEBUG | /home/bureaugau/Projects/dynamo/dynawo-18/install/gcc9/master-18/Debug/shared/dynawo/ddb/Dynawo/Electrical/Loads/LoadAlphaBetaRestorative.extvar
2024-04-18 15:42:17 | DEBUG | /home/bureaugau/Projects/dynamo/dynawo-18/install/gcc9/master-18/Debug/shared/dynawo/ddb/Dynawo/Electrical/Loads/LoadAlphaBetaRestorativeNetwork.extvar
2024-04-18 15:42:17 | DEBUG | /home/bureaugau/Projects/dynamo/dynawo-18/install/gcc9/master-18/Debug/shared/dynawo/ddb/Dynawo/Electrical/Loads/LoadAlphaBetaRestorativeReset.extvar
2024-04-18 15:42:17 | DEBUG | /home/bureaugau/Projects/dynamo/dynawo-18/install/gcc9/master-18/Debug/shared/dynawo/ddb/Dynawo/Electrical/Loads/LoadPQ.extvar
2024-04-18 15:42:17 | DEBUG | /home/bureaugau/Projects/dynamo/dynawo-18/install/gcc9/master-18/Debug/shared/dynawo/ddb/Dynawo/Electrical/Loads/LoadZIP.extvar
2024-04-18 15:42:17 | DEBUG | /home/bureaugau/Projects/dynamo/dynawo-18/install/gcc9/master-18/Debug/shared/dynawo/ddb/Dynawo/Electrical/Loads/SwitchOffLoad.extvar
2024-04-18 15:42:17 | DEBUG | /home/bureaugau/Projects/dynamo/dynawo-18/install/gcc9/master-18/Debug/shared/dynawo/ddb/Dynawo/Electrical/Machines/OmegaRef/GeneratorPQ.extvar
2024-04-18 15:42:17 | DEBUG | /home/bureaugau/Projects/dynamo/dynawo-18/install/gcc9/master-18/Debug/shared/dynawo/ddb/Dynawo/Electrical/Machines/OmegaRef/GeneratorPV.extvar
2024-04-18 15:42:17 | DEBUG | /home/bureaugau/Projects/dynamo/dynawo-18/install/gcc9/master-18/Debug/shared/dynawo/ddb/Dynawo/Electrical/Machines/OmegaRef/GeneratorPVDiagramPQ.extvar
2024-04-18 15:42:17 | DEBUG | /home/bureaugau/Projects/dynamo/dynawo-18/install/gcc9/master-18/Debug/shared/dynawo/ddb/Dynawo/Electrical/Machines/OmegaRef/GeneratorSynchronous.extvar
2024-04-18 15:42:17 | DEBUG | /home/bureaugau/Projects/dynamo/dynawo-18/install/gcc9/master-18/Debug/shared/dynawo/ddb/Dynawo/Electrical/Machines/SignalN/GeneratorPQProp.extvar
2024-04-18 15:42:17 | DEBUG | /home/bureaugau/Projects/dynamo/dynawo-18/install/gcc9/master-18/Debug/shared/dynawo/ddb/Dynawo/Electrical/Machines/SignalN/GeneratorPQPropDiagramPQ.extvar
2024-04-18 15:42:17 | DEBUG | /home/bureaugau/Projects/dynamo/dynawo-18/install/gcc9/master-18/Debug/shared/dynawo/ddb/Dynawo/Electrical/Machines/SignalN/GeneratorPQPropDiagramPQSFR.extvar
2024-04-18 15:42:17 | DEBUG | /home/bureaugau/Projects/dynamo/dynawo-18/install/gcc9/master-18/Debug/shared/dynawo/ddb/Dynawo/Electrical/Machines/SignalN/GeneratorPQPropSFR.extvar
2024-04-18 15:42:17 | DEBUG | /home/bureaugau/Projects/dynamo/dynawo-18/install/gcc9/master-18/Debug/shared/dynawo/ddb/Dynawo/Electrical/Machines/SignalN/GeneratorPV.extvar
2024-04-18 15:42:17 | DEBUG | /home/bureaugau/Projects/dynamo/dynawo-18/install/gcc9/master-18/Debug/shared/dynawo/ddb/Dynawo/Electrical/Machines/SignalN/GeneratorPVDiagramPQ.extvar
2024-04-18 15:42:17 | DEBUG | /home/bureaugau/Projects/dynamo/dynawo-18/install/gcc9/master-18/Debug/shared/dynawo/ddb/Dynawo/Electrical/Machines/SignalN/GeneratorPVDiagramPQSFR.extvar
2024-04-18 15:42:17 | DEBUG | /home/bureaugau/Projects/dynamo/dynawo-18/install/gcc9/master-18/Debug/shared/dynawo/ddb/Dynawo/Electrical/Machines/SignalN/GeneratorPVProp.extvar
2024-04-18 15:42:17 | DEBUG | /home/bureaugau/Projects/dynamo/dynawo-18/install/gcc9/master-18/Debug/shared/dynawo/ddb/Dynawo/Electrical/Machines/SignalN/GeneratorPVPropSFR.extvar
2024-04-18 15:42:17 | DEBUG | /home/bureaugau/Projects/dynamo/dynawo-18/install/gcc9/master-18/Debug/shared/dynawo/ddb/Dynawo/Electrical/Machines/SignalN/GeneratorPVRemote.extvar
2024-04-18 15:42:17 | DEBUG | /home/bureaugau/Projects/dynamo/dynawo-18/install/gcc9/master-18/Debug/shared/dynawo/ddb/Dynawo/Electrical/Machines/SignalN/GeneratorPVRemoteDiagramPQ.extvar
2024-04-18 15:42:17 | DEBUG | /home/bureaugau/Projects/dynamo/dynawo-18/install/gcc9/master-18/Debug/shared/dynawo/ddb/Dynawo/Electrical/Machines/SignalN/GeneratorPVRemoteDiagramPQSFR.extvar
2024-04-18 15:42:17 | DEBUG | /home/bureaugau/Projects/dynamo/dynawo-18/install/gcc9/master-18/Debug/shared/dynawo/ddb/Dynawo/Electrical/Machines/SignalN/GeneratorPVRemoteSFR.extvar
2024-04-18 15:42:17 | DEBUG | /home/bureaugau/Projects/dynamo/dynawo-18/install/gcc9/master-18/Debug/shared/dynawo/ddb/Dynawo/Electrical/Machines/SignalN/GeneratorPVSFR.extvar
2024-04-18 15:42:17 | DEBUG | /home/bureaugau/Projects/dynamo/dynawo-18/install/gcc9/master-18/Debug/shared/dynawo/ddb/Dynawo/Electrical/Machines/SignalN/GeneratorPVTfo.extvar
2024-04-18 15:42:17 | DEBUG | /home/bureaugau/Projects/dynamo/dynawo-18/install/gcc9/master-18/Debug/shared/dynawo/ddb/Dynawo/Electrical/Machines/SignalN/GeneratorPVTfoDiagramPQ.extvar
2024-04-18 15:42:17 | DEBUG | /home/bureaugau/Projects/dynamo/dynawo-18/install/gcc9/master-18/Debug/shared/dynawo/ddb/Dynawo/Electrical/Machines/Simplified/GeneratorFictitious.extvar
2024-04-18 15:42:17 | DEBUG | /home/bureaugau/Projects/dynamo/dynawo-18/install/gcc9/master-18/Debug/shared/dynawo/ddb/Dynawo/Electrical/Machines/Simplified/GeneratorPVFixed.extvar
2024-04-18 15:42:17 | DEBUG | /home/bureaugau/Projects/dynamo/dynawo-18/install/gcc9/master-18/Debug/shared/dynawo/ddb/Dynawo/Electrical/Machines/SwitchOffGenerator.extvar
2024-04-18 15:42:17 | DEBUG | /home/bureaugau/Projects/dynamo/dynawo-18/install/gcc9/master-18/Debug/shared/dynawo/ddb/Dynawo/Electrical/Photovoltaics/WECC/PVCurrentSource.extvar
2024-04-18 15:42:17 | DEBUG | /home/bureaugau/Projects/dynamo/dynawo-18/install/gcc9/master-18/Debug/shared/dynawo/ddb/Dynawo/Electrical/Photovoltaics/WECC/PVVoltageSource.extvar
2024-04-18 15:42:17 | DEBUG | /home/bureaugau/Projects/dynamo/dynawo-18/install/gcc9/master-18/Debug/shared/dynawo/ddb/Dynawo/Electrical/Shunts/ShuntB.extvar
2024-04-18 15:42:17 | DEBUG | /home/bureaugau/Projects/dynamo/dynawo-18/install/gcc9/master-18/Debug/shared/dynawo/ddb/Dynawo/Electrical/Shunts/ShuntBWithSections.extvar
2024-04-18 15:42:17 | DEBUG | /home/bureaugau/Projects/dynamo/dynawo-18/install/gcc9/master-18/Debug/shared/dynawo/ddb/Dynawo/Electrical/Sources/Converter.extvar
2024-04-18 15:42:17 | DEBUG | /home/bureaugau/Projects/dynamo/dynawo-18/install/gcc9/master-18/Debug/shared/dynawo/ddb/Dynawo/Electrical/Sources/InjectorBG.extvar
2024-04-18 15:42:17 | DEBUG | /home/bureaugau/Projects/dynamo/dynawo-18/install/gcc9/master-18/Debug/shared/dynawo/ddb/Dynawo/Electrical/Sources/InjectorIDQ.extvar
2024-04-18 15:42:17 | DEBUG | /home/bureaugau/Projects/dynamo/dynawo-18/install/gcc9/master-18/Debug/shared/dynawo/ddb/Dynawo/Electrical/Sources/InjectorURI.extvar
2024-04-18 15:42:17 | DEBUG | /home/bureaugau/Projects/dynamo/dynawo-18/install/gcc9/master-18/Debug/shared/dynawo/ddb/Dynawo/Electrical/StaticVarCompensators/SVarCPV.extvar
2024-04-18 15:42:17 | DEBUG | /home/bureaugau/Projects/dynamo/dynawo-18/install/gcc9/master-18/Debug/shared/dynawo/ddb/Dynawo/Electrical/StaticVarCompensators/SVarCPVModeHandling.extvar
2024-04-18 15:42:17 | DEBUG | /home/bureaugau/Projects/dynamo/dynawo-18/install/gcc9/master-18/Debug/shared/dynawo/ddb/Dynawo/Electrical/StaticVarCompensators/SVarCPVNoLimits.extvar
2024-04-18 15:42:17 | DEBUG | /home/bureaugau/Projects/dynamo/dynawo-18/install/gcc9/master-18/Debug/shared/dynawo/ddb/Dynawo/Electrical/StaticVarCompensators/SVarCPVProp.extvar
2024-04-18 15:42:17 | DEBUG | /home/bureaugau/Projects/dynamo/dynawo-18/install/gcc9/master-18/Debug/shared/dynawo/ddb/Dynawo/Electrical/StaticVarCompensators/SVarCPVPropModeHandling.extvar
2024-04-18 15:42:17 | DEBUG | /home/bureaugau/Projects/dynamo/dynawo-18/install/gcc9/master-18/Debug/shared/dynawo/ddb/Dynawo/Electrical/StaticVarCompensators/SVarCPVPropRemote.extvar
2024-04-18 15:42:17 | DEBUG | /home/bureaugau/Projects/dynamo/dynawo-18/install/gcc9/master-18/Debug/shared/dynawo/ddb/Dynawo/Electrical/StaticVarCompensators/SVarCPVPropRemoteModeHandling.extvar
2024-04-18 15:42:17 | DEBUG | /home/bureaugau/Projects/dynamo/dynawo-18/install/gcc9/master-18/Debug/shared/dynawo/ddb/Dynawo/Electrical/StaticVarCompensators/SVarCPVRemote.extvar
2024-04-18 15:42:17 | DEBUG | /home/bureaugau/Projects/dynamo/dynawo-18/install/gcc9/master-18/Debug/shared/dynawo/ddb/Dynawo/Electrical/StaticVarCompensators/SVarCPVRemoteModeHandling.extvar
2024-04-18 15:42:17 | DEBUG | /home/bureaugau/Projects/dynamo/dynawo-18/install/gcc9/master-18/Debug/shared/dynawo/ddb/Dynawo/Electrical/StaticVarCompensators/SVarCStandard.extvar
2024-04-18 15:42:17 | DEBUG | /home/bureaugau/Projects/dynamo/dynawo-18/install/gcc9/master-18/Debug/shared/dynawo/ddb/Dynawo/Electrical/Switches/IdealSwitch.extvar
2024-04-18 15:42:17 | DEBUG | /home/bureaugau/Projects/dynamo/dynawo-18/install/gcc9/master-18/Debug/shared/dynawo/ddb/Dynawo/Electrical/Transformers/GeneratorTransformer.extvar
2024-04-18 15:42:17 | DEBUG | /home/bureaugau/Projects/dynamo/dynawo-18/install/gcc9/master-18/Debug/shared/dynawo/ddb/Dynawo/Electrical/Transformers/IdealTransformerVariableTap.extvar
2024-04-18 15:42:17 | DEBUG | /home/bureaugau/Projects/dynamo/dynawo-18/install/gcc9/master-18/Debug/shared/dynawo/ddb/Dynawo/Electrical/Transformers/NetworkTransformer.extvar
2024-04-18 15:42:17 | DEBUG | /home/bureaugau/Projects/dynamo/dynawo-18/install/gcc9/master-18/Debug/shared/dynawo/ddb/Dynawo/Electrical/Transformers/TransformerFixedRatio.extvar
2024-04-18 15:42:17 | DEBUG | /home/bureaugau/Projects/dynamo/dynawo-18/install/gcc9/master-18/Debug/shared/dynawo/ddb/Dynawo/Electrical/Transformers/TransformerVariableTap.extvar
2024-04-18 15:42:17 | DEBUG | /home/bureaugau/Projects/dynamo/dynawo-18/install/gcc9/master-18/Debug/shared/dynawo/ddb/Dynawo/Electrical/Transformers/TransformerVariableTapXtdPu.extvar
2024-04-18 15:42:17 | DEBUG | /home/bureaugau/Projects/dynamo/dynawo-18/install/gcc9/master-18/Debug/shared/dynawo/ddb/Dynawo/Electrical/Wind/IEC/WPP/WPP4ACurrentSource.extvar
2024-04-18 15:42:17 | DEBUG | /home/bureaugau/Projects/dynamo/dynawo-18/install/gcc9/master-18/Debug/shared/dynawo/ddb/Dynawo/Electrical/Wind/IEC/WPP/WPP4BCurrentSource.extvar
2024-04-18 15:42:17 | DEBUG | /home/bureaugau/Projects/dynamo/dynawo-18/install/gcc9/master-18/Debug/shared/dynawo/ddb/Dynawo/Electrical/Wind/IEC/WT/WT4ACurrentSource.extvar
2024-04-18 15:42:17 | DEBUG | /home/bureaugau/Projects/dynamo/dynawo-18/install/gcc9/master-18/Debug/shared/dynawo/ddb/Dynawo/Electrical/Wind/IEC/WT/WT4BCurrentSource.extvar
2024-04-18 15:42:17 | DEBUG | /home/bureaugau/Projects/dynamo/dynawo-18/install/gcc9/master-18/Debug/shared/dynawo/ddb/Dynawo/Electrical/Wind/WECC/WT4ACurrentSource.extvar
2024-04-18 15:42:17 | DEBUG | /home/bureaugau/Projects/dynamo/dynawo-18/install/gcc9/master-18/Debug/shared/dynawo/ddb/Dynawo/Electrical/Wind/WECC/WT4BCurrentSource.extvar
2024-04-18 15:42:17 | DEBUG | /home/bureaugau/Projects/dynamo/dynawo-18/install/gcc9/master-18/Debug/shared/dynawo/ddb/Dynawo/Electrical/Wind/WECC/WTG4ACurrentSource.extvar
2024-04-18 15:42:17 | DEBUG | /home/bureaugau/Projects/dynamo/dynawo-18/install/gcc9/master-18/Debug/shared/dynawo/ddb/Dynawo/Electrical/Wind/WECC/WTG4BCurrentSource.extvar
2024-04-18 15:42:17 | DEBUG | /home/bureaugau/Projects/dynamo/dynawo-18/install/gcc9/master-18/Debug/shared/dynawo/ddb/Dynawo/NonElectrical/Blocks/Continuous/DiscreteIntegrator.extvar
2024-04-18 15:42:17 | DEBUG | /home/bureaugau/Projects/dynamo/dynawo-18/install/gcc9/master-18/Debug/shared/dynawo/ddb/Dynawo/NonElectrical/Blocks/Continuous/WeightedDifference.extvar
2024-04-18 15:42:17 | DEBUG | /home/bureaugau/Projects/dynamo/dynawo-18/install/gcc9/master-18/Debug/shared/dynawo/ddb/Dynawo/NonElectrical/Blocks/NonLinear/ConditionalForward.extvar
2024-04-18 15:42:17 | DEBUG | /home/bureaugau/Projects/dynamo/dynawo-18/install/gcc9/master-18/Debug/shared/dynawo/ddb/Dynawo/NonElectrical/Blocks/NonLinear/PIAntiWindUpTable.extvar
2024-04-18 15:42:17 | DEBUG | /home/bureaugau/Projects/dynamo/dynawo-18/install/gcc9/master-18/Debug/shared/dynawo/ddb/GeneratorPQ.extvar
2024-04-18 15:42:17 | DEBUG | /home/bureaugau/Projects/dynamo/dynawo-18/install/gcc9/master-18/Debug/shared/dynawo/ddb/InfiniteBus.extvar
2024-04-18 15:42:17 | DEBUG | /home/bureaugau/Projects/dynamo/dynawo-18/install/gcc9/master-18/Debug/shared/dynawo/ddb/Line.extvar
2024-04-18 15:42:17 | DEBUG | /home/bureaugau/Projects/dynamo/dynawo-18/install/gcc9/master-18/Debug/shared/dynawo/ddb/LoadAlphaBeta.extvar
2024-04-18 15:42:17 | DEBUG | /home/bureaugau/Projects/dynamo/dynawo-18/install/gcc9/master-18/Debug/shared/dynawo/ddb/LoadAlphaBetaRestorativeNetwork.extvar
2024-04-18 15:42:17 | DEBUG | /home/bureaugau/Projects/dynamo/dynawo-18/install/gcc9/master-18/Debug/shared/dynawo/ddb/NodeFault.extvar
2024-04-18 15:42:17 | DEBUG | /home/bureaugau/Projects/dynamo/dynawo-18/install/gcc9/master-18/Debug/shared/dynawo/ddb/TransformerFixedRatio.extvar
2024-04-18 15:42:17 | DEBUG | 
2024-04-18 15:42:17 | INFO | ====================================================================================================
2024-04-18 15:42:17 | INFO | |                                                                                                  |
2024-04-18 15:42:17 | INFO | |                                     compiling Disconnect_Load                                    |
2024-04-18 15:42:17 | INFO | |                                                                                                  |
2024-04-18 15:42:17 | INFO | ====================================================================================================
2024-04-18 15:42:17 | INFO | setlib: EventConnectedStatus : 
2024-04-18 15:42:17 | INFO | blackBox Model: Disconnect_Load. Compilation succeed.
2024-04-18 15:42:17 | INFO | compiled model ID: Disconnect_Load
2024-04-18 15:42:17 | INFO | ====================================================================================================
2024-04-18 15:42:17 | INFO | |                                                                                                  |
2024-04-18 15:42:17 | INFO | |                                        compiling Generator                                       |
2024-04-18 15:42:17 | INFO | |                                                                                                  |
2024-04-18 15:42:17 | INFO | ====================================================================================================
2024-04-18 15:42:17 | INFO | setlib: GeneratorPQ : 
2024-04-18 15:42:17 | INFO | blackBox Model: Generator. Compilation succeed.
2024-04-18 15:42:17 | INFO | compiled model ID: Generator
2024-04-18 15:42:17 | INFO | ====================================================================================================
2024-04-18 15:42:17 | INFO | |                                                                                                  |
2024-04-18 15:42:17 | INFO | |                                       compiling InfiniteBus                                      |
2024-04-18 15:42:17 | INFO | |                                                                                                  |
2024-04-18 15:42:17 | INFO | ====================================================================================================
2024-04-18 15:42:17 | INFO | setlib: InfiniteBus : 
2024-04-18 15:42:17 | INFO | blackBox Model: InfiniteBus. Compilation succeed.
2024-04-18 15:42:17 | INFO | compiled model ID: InfiniteBus
2024-04-18 15:42:17 | INFO | ====================================================================================================
2024-04-18 15:42:17 | INFO | |                                                                                                  |
2024-04-18 15:42:17 | INFO | |                                          compiling Load2                                         |
2024-04-18 15:42:17 | INFO | |                                                                                                  |
2024-04-18 15:42:17 | INFO | ====================================================================================================
2024-04-18 15:42:17 | INFO | setlib: LoadAlphaBetaRestorativeNetwork : 
2024-04-18 15:42:17 | INFO | blackBox Model: Load2. Compilation succeed.
2024-04-18 15:42:17 | INFO | compiled model ID: Load2
2024-04-18 15:42:17 | INFO | ====================================================================================================
2024-04-18 15:42:17 | INFO | |                                                                                                  |
2024-04-18 15:42:17 | INFO | |                                         compiling OmegaRef                                       |
2024-04-18 15:42:17 | INFO | |                                                                                                  |
2024-04-18 15:42:17 | INFO | ====================================================================================================
2024-04-18 15:42:17 | INFO | setlib: SetPoint : 
2024-04-18 15:42:17 | INFO | blackBox Model: OmegaRef. Compilation succeed.
2024-04-18 15:42:17 | INFO | compiled model ID: OmegaRef
2024-04-18 15:42:17 | INFO | COMPILATION ACCOMPLISHED.
