2024-04-18 15:42:17 | INFO |  ============================================================ 
2024-04-18 15:42:17 | INFO | DYNAWO VERSION  :     1.7.0
2024-04-18 15:42:17 | INFO | DYNAWO REVISION :  master-18-cf2130ea6f
2024-04-18 15:42:17 | INFO |  ============================================================ 
2024-04-18 15:42:17 | DEBUG | ------------------------------
2024-04-18 15:42:17 | DEBUG | connection list
2024-04-18 15:42:17 | DEBUG | ------------------------------
2024-04-18 15:42:17 | DEBUG | connecting Disconnect_Load_event_state1_value with NETWORK_Load_state_value
2024-04-18 15:42:17 | DEBUG | connecting OmegaRef_setPoint_setPoint with Generator_generator_omegaRefPu
2024-04-18 15:42:17 | DEBUG | connecting Generator_generator_terminal with NETWORK_VL2_BUS1_ACPIN
2024-04-18 15:42:17 | DEBUG | connecting InfiniteBus_infiniteBus_terminal with NETWORK_VL1_BUS1_ACPIN
2024-04-18 15:42:17 | DEBUG | connecting Load2_load_terminal with NETWORK_VL2_BUS1_ACPIN
2024-04-18 15:42:17 | DEBUG | ------------------------------
2024-04-18 15:42:17 | DEBUG | model :NETWORK                  =>NETWORK
2024-04-18 15:42:17 | DEBUG |          Y : [     0 ;     10[
2024-04-18 15:42:17 | DEBUG |            VL1    Y[     0 ;      4[
2024-04-18 15:42:17 | DEBUG |            VL2    Y[     4 ;     10[
2024-04-18 15:42:17 | DEBUG |          F : [     0 ;      6[
2024-04-18 15:42:17 | DEBUG |            VL1    F[     0 ;      2[
2024-04-18 15:42:17 | DEBUG |            VL2    F[     2 ;      6[
2024-04-18 15:42:17 | DEBUG |          Z : [     0 ;      9[
2024-04-18 15:42:17 | DEBUG |       mode : [     0 ;      3[
2024-04-18 15:42:17 | DEBUG | 
2024-04-18 15:42:17 | DEBUG | model :EventConnectedStatus     =>Disconnect_Load
2024-04-18 15:42:17 | DEBUG |          Y : [    10 ;     10[
2024-04-18 15:42:17 | DEBUG |          F : [     6 ;      6[
2024-04-18 15:42:17 | DEBUG |          Z : [     9 ;     10[
2024-04-18 15:42:17 | DEBUG |          G : [     0 ;      1[
2024-04-18 15:42:17 | DEBUG | 
2024-04-18 15:42:17 | DEBUG | model :GeneratorPQ              =>Generator
2024-04-18 15:42:17 | DEBUG |          Y : [    10 ;     19[
2024-04-18 15:42:17 | DEBUG |          F : [     6 ;     11[
2024-04-18 15:42:17 | DEBUG |          Z : [    10 ;     17[
2024-04-18 15:42:17 | DEBUG |       mode : [     3 ;      5[
2024-04-18 15:42:17 | DEBUG |          G : [     1 ;      9[
2024-04-18 15:42:17 | DEBUG | 
2024-04-18 15:42:17 | DEBUG | model :InfiniteBus              =>InfiniteBus
2024-04-18 15:42:17 | DEBUG |          Y : [    19 ;     21[
2024-04-18 15:42:17 | DEBUG |          F : [    11 ;     11[
2024-04-18 15:42:17 | DEBUG |       mode : [     5 ;      7[
2024-04-18 15:42:17 | DEBUG | 
2024-04-18 15:42:17 | DEBUG | model :LoadAlphaBetaRestorativeNetwork=>Load2
2024-04-18 15:42:17 | DEBUG |          Y : [    21 ;     35[
2024-04-18 15:42:17 | DEBUG |          F : [    11 ;     19[
2024-04-18 15:42:17 | DEBUG |          Z : [    17 ;     21[
2024-04-18 15:42:17 | DEBUG |       mode : [     7 ;     12[
2024-04-18 15:42:17 | DEBUG |          G : [     9 ;     17[
2024-04-18 15:42:17 | DEBUG | 
2024-04-18 15:42:17 | DEBUG | model :SetPoint                 =>OmegaRef
2024-04-18 15:42:17 | DEBUG |          Y : [    35 ;     35[
2024-04-18 15:42:17 | DEBUG |          F : [    19 ;     19[
2024-04-18 15:42:17 | DEBUG |       mode : [    12 ;     13[
2024-04-18 15:42:17 | DEBUG | 
2024-04-18 15:42:17 | DEBUG | model :ConnectorCalculatedVariable=>OmegaRef_setPoint_setPoint_value
2024-04-18 15:42:17 | DEBUG |          Y : [    35 ;     36[
2024-04-18 15:42:17 | DEBUG |          F : [    19 ;     20[
2024-04-18 15:42:17 | DEBUG | 
2024-04-18 15:42:17 | DEBUG | model :ConnectorCalculatedVariable=>InfiniteBus_infiniteBus_terminal_V_im
2024-04-18 15:42:17 | DEBUG |          Y : [    36 ;     37[
2024-04-18 15:42:17 | DEBUG |          F : [    20 ;     21[
2024-04-18 15:42:17 | DEBUG | 
2024-04-18 15:42:17 | DEBUG | model :ConnectorCalculatedVariable=>InfiniteBus_infiniteBus_terminal_V_re
2024-04-18 15:42:17 | DEBUG |          Y : [    37 ;     38[
2024-04-18 15:42:17 | DEBUG |          F : [    21 ;     22[
2024-04-18 15:42:17 | DEBUG | 
2024-04-18 15:42:17 | DEBUG | model connectors (Y,Flow) NB = 11
2024-04-18 15:42:17 | DEBUG |          F : [    22 ;     33[
2024-04-18 15:42:17 | DEBUG | 
2024-04-18 15:42:17 | DEBUG |  ====== connectors list ===== 
2024-04-18 15:42:17 | DEBUG |          Yconnector Y[    35] = Y[    11]      F = F[    22] / model OmegaRef_setPoint_setPoint_value to model Generator
2024-04-18 15:42:17 | DEBUG |          Yconnector Y[     5] = Y[    12]      F = F[    23] / model NETWORK to model Generator
2024-04-18 15:42:17 | DEBUG |          Yconnector Y[    25] = Y[    12]      F = F[    24] / model Load2 to model Generator
2024-04-18 15:42:17 | DEBUG |          Yconnector Y[     4] = Y[    13]      F = F[    25] / model NETWORK to model Generator
2024-04-18 15:42:17 | DEBUG |          Yconnector Y[    26] = Y[    13]      F = F[    26] / model Load2 to model Generator
2024-04-18 15:42:17 | DEBUG |          Yconnector Y[    36] = Y[     1]      F = F[    27] / model InfiniteBus_infiniteBus_terminal_V_im to model NETWORK
2024-04-18 15:42:17 | DEBUG |          Yconnector Y[    37] = Y[     0]      F = F[    28] / model InfiniteBus_infiniteBus_terminal_V_re to model NETWORK
2024-04-18 15:42:17 | DEBUG |          flowConnector : Y[    17] +Y[     7] +Y[    31]  = 0      F = F[    27]
2024-04-18 15:42:17 | DEBUG |          flowConnector : Y[    18] +Y[     6] +Y[    32]  = 0      F = F[    28]
2024-04-18 15:42:17 | DEBUG |          flowConnector : Y[    19] +Y[     3]  = 0      F = F[    29]
2024-04-18 15:42:17 | DEBUG |          flowConnector : Y[    20] +Y[     2]  = 0      F = F[    30]
2024-04-18 15:42:17 | DEBUG |          Zconnector Z[     6] = Z[     9] / model NETWORK to model Disconnect_Load
