NETWORK__BEAV___6_TN_PWPIN_vr
NETWORK__BEAV___6_TN_PWPIN_vi
NETWORK__BEAV___6_TN_PWPIN_ir
NETWORK__BEAV___6_TN_PWPIN_ii
NETWORK__BUS___51_TN_PWPIN_vr
NETWORK__BUS___51_TN_PWPIN_vi
NETWORK__BUS___51_TN_PWPIN_ir
NETWORK__BUS___51_TN_PWPIN_ii
NETWORK__BUS___10_TN_PWPIN_vr
NETWORK__BUS___10_TN_PWPIN_vi
NETWORK__BUS___10_TN_PWPIN_ir
NETWORK__BUS___10_TN_PWPIN_ii
NETWORK__BUS___49_TN_PWPIN_vr
NETWORK__BUS___49_TN_PWPIN_vi
NETWORK__BUS___49_TN_PWPIN_ir
NETWORK__BUS___49_TN_PWPIN_ii
NETWORK__BUS___13_TN_PWPIN_vr
NETWORK__BUS___13_TN_PWPIN_vi
NETWORK__BUS___13_TN_PWPIN_ir
NETWORK__BUS___13_TN_PWPIN_ii
NETWORK__BUS___46_TN_PWPIN_vr
NETWORK__BUS___46_TN_PWPIN_vi
NETWORK__BUS___14_TN_PWPIN_vr
NETWORK__BUS___14_TN_PWPIN_vi
NETWORK__BUS___14_TN_PWPIN_ir
NETWORK__BUS___14_TN_PWPIN_ii
NETWORK__BUS___45_TN_PWPIN_vr
NETWORK__BUS___45_TN_PWPIN_vi
NETWORK__BUS___15_TN_PWPIN_vr
NETWORK__BUS___15_TN_PWPIN_vi
NETWORK__BUS___15_TN_PWPIN_ir
NETWORK__BUS___15_TN_PWPIN_ii
NETWORK__BUS___16_TN_PWPIN_vr
NETWORK__BUS___16_TN_PWPIN_vi
NETWORK__BUS___16_TN_PWPIN_ir
NETWORK__BUS___16_TN_PWPIN_ii
NETWORK__BUS___17_TN_PWPIN_vr
NETWORK__BUS___17_TN_PWPIN_vi
NETWORK__BUS___17_TN_PWPIN_ir
NETWORK__BUS___17_TN_PWPIN_ii
NETWORK__BUS___19_TN_PWPIN_vr
NETWORK__BUS___19_TN_PWPIN_vi
NETWORK__BUS___19_TN_PWPIN_ir
NETWORK__BUS___19_TN_PWPIN_ii
NETWORK__BUS___21_TN_PWPIN_vr
NETWORK__BUS___21_TN_PWPIN_vi
NETWORK__BUS___20_TN_PWPIN_vr
NETWORK__BUS___20_TN_PWPIN_vi
NETWORK__BUS___20_TN_PWPIN_ir
NETWORK__BUS___20_TN_PWPIN_ii
NETWORK__BUS___22_TN_PWPIN_vr
NETWORK__BUS___22_TN_PWPIN_vi
NETWORK__BUS___23_TN_PWPIN_vr
NETWORK__BUS___23_TN_PWPIN_vi
NETWORK__BUS___23_TN_PWPIN_ir
NETWORK__BUS___23_TN_PWPIN_ii
NETWORK__BUS___26_TN_PWPIN_vr
NETWORK__BUS___26_TN_PWPIN_vi
NETWORK__BUS___25_TN_PWPIN_vr
NETWORK__BUS___25_TN_PWPIN_vi
NETWORK__BUS___25_TN_PWPIN_ir
NETWORK__BUS___25_TN_PWPIN_ii
NETWORK__BUS___24_TN_PWPIN_vr
NETWORK__BUS___24_TN_PWPIN_vi
NETWORK__BUS___27_TN_PWPIN_vr
NETWORK__BUS___27_TN_PWPIN_vi
NETWORK__BUS___27_TN_PWPIN_ir
NETWORK__BUS___27_TN_PWPIN_ii
NETWORK__BUS___28_TN_PWPIN_vr
NETWORK__BUS___28_TN_PWPIN_vi
NETWORK__BUS___28_TN_PWPIN_ir
NETWORK__BUS___28_TN_PWPIN_ii
NETWORK__BUS___30_TN_PWPIN_vr
NETWORK__BUS___30_TN_PWPIN_vi
NETWORK__BUS___30_TN_PWPIN_ir
NETWORK__BUS___30_TN_PWPIN_ii
NETWORK__BUS___31_TN_PWPIN_vr
NETWORK__BUS___31_TN_PWPIN_vi
NETWORK__BUS___31_TN_PWPIN_ir
NETWORK__BUS___31_TN_PWPIN_ii
NETWORK__BUS___33_TN_PWPIN_vr
NETWORK__BUS___33_TN_PWPIN_vi
NETWORK__BUS___33_TN_PWPIN_ir
NETWORK__BUS___33_TN_PWPIN_ii
NETWORK__BUS___34_TN_PWPIN_vr
NETWORK__BUS___34_TN_PWPIN_vi
NETWORK__BUS___32_TN_PWPIN_vr
NETWORK__BUS___32_TN_PWPIN_vi
NETWORK__BUS___32_TN_PWPIN_ir
NETWORK__BUS___32_TN_PWPIN_ii
NETWORK__BUS___35_TN_PWPIN_vr
NETWORK__BUS___35_TN_PWPIN_vi
NETWORK__BUS___35_TN_PWPIN_ir
NETWORK__BUS___35_TN_PWPIN_ii
NETWORK__BUS___36_TN_PWPIN_vr
NETWORK__BUS___36_TN_PWPIN_vi
NETWORK__BUS___37_TN_PWPIN_vr
NETWORK__BUS___37_TN_PWPIN_vi
NETWORK__BUS___38_TN_PWPIN_vr
NETWORK__BUS___38_TN_PWPIN_vi
NETWORK__BUS___38_TN_PWPIN_ir
NETWORK__BUS___38_TN_PWPIN_ii
NETWORK__BUS___57_TN_PWPIN_vr
NETWORK__BUS___57_TN_PWPIN_vi
NETWORK__BUS___57_TN_PWPIN_ir
NETWORK__BUS___57_TN_PWPIN_ii
NETWORK__BUS___39_TN_PWPIN_vr
NETWORK__BUS___39_TN_PWPIN_vi
NETWORK__BUS___56_TN_PWPIN_vr
NETWORK__BUS___56_TN_PWPIN_vi
NETWORK__BUS___56_TN_PWPIN_ir
NETWORK__BUS___56_TN_PWPIN_ii
NETWORK__BUS___40_TN_PWPIN_vr
NETWORK__BUS___40_TN_PWPIN_vi
NETWORK__BUS___42_TN_PWPIN_vr
NETWORK__BUS___42_TN_PWPIN_vi
NETWORK__BUS___42_TN_PWPIN_ir
NETWORK__BUS___42_TN_PWPIN_ii
NETWORK__BUS___44_TN_PWPIN_vr
NETWORK__BUS___44_TN_PWPIN_vi
NETWORK__BUS___44_TN_PWPIN_ir
NETWORK__BUS___44_TN_PWPIN_ii
NETWORK__BUS___47_TN_PWPIN_vr
NETWORK__BUS___47_TN_PWPIN_vi
NETWORK__BUS___47_TN_PWPIN_ir
NETWORK__BUS___47_TN_PWPIN_ii
NETWORK__BUS___48_TN_PWPIN_vr
NETWORK__BUS___48_TN_PWPIN_vi
NETWORK__BUS___50_TN_PWPIN_vr
NETWORK__BUS___50_TN_PWPIN_vi
NETWORK__BUS___50_TN_PWPIN_ir
NETWORK__BUS___50_TN_PWPIN_ii
NETWORK__BUS___52_TN_PWPIN_vr
NETWORK__BUS___52_TN_PWPIN_vi
NETWORK__BUS___52_TN_PWPIN_ir
NETWORK__BUS___52_TN_PWPIN_ii
NETWORK__BUS___53_TN_PWPIN_vr
NETWORK__BUS___53_TN_PWPIN_vi
NETWORK__BUS___53_TN_PWPIN_ir
NETWORK__BUS___53_TN_PWPIN_ii
NETWORK__BUS___54_TN_PWPIN_vr
NETWORK__BUS___54_TN_PWPIN_vi
NETWORK__BUS___54_TN_PWPIN_ir
NETWORK__BUS___54_TN_PWPIN_ii
NETWORK__BUS____5_TN_PWPIN_vr
NETWORK__BUS____5_TN_PWPIN_vi
NETWORK__BUS____5_TN_PWPIN_ir
NETWORK__BUS____5_TN_PWPIN_ii
NETWORK__BUS____7_TN_PWPIN_vr
NETWORK__BUS____7_TN_PWPIN_vi
NETWORK__BUS___29_TN_PWPIN_vr
NETWORK__BUS___29_TN_PWPIN_vi
NETWORK__BUS___29_TN_PWPIN_ir
NETWORK__BUS___29_TN_PWPIN_ii
NETWORK__CLIN___8_TN_PWPIN_vr
NETWORK__CLIN___8_TN_PWPIN_vi
NETWORK__CLIN___8_TN_PWPIN_ir
NETWORK__CLIN___8_TN_PWPIN_ii
NETWORK__GLEN__12_TN_PWPIN_vr
NETWORK__GLEN__12_TN_PWPIN_vi
NETWORK__GLEN__12_TN_PWPIN_ir
NETWORK__GLEN__12_TN_PWPIN_ii
NETWORK__KANA___1_TN_PWPIN_vr
NETWORK__KANA___1_TN_PWPIN_vi
NETWORK__KANA___1_TN_PWPIN_ir
NETWORK__KANA___1_TN_PWPIN_ii
NETWORK__LOGA___3_TN_PWPIN_vr
NETWORK__LOGA___3_TN_PWPIN_vi
NETWORK__LOGA___3_TN_PWPIN_ir
NETWORK__LOGA___3_TN_PWPIN_ii
NETWORK__SALT___9_TN_PWPIN_vr
NETWORK__SALT___9_TN_PWPIN_vi
NETWORK__SALT___9_TN_PWPIN_ir
NETWORK__SALT___9_TN_PWPIN_ii
NETWORK__SALT__55_TN_PWPIN_vr
NETWORK__SALT__55_TN_PWPIN_vi
NETWORK__SALT__55_TN_PWPIN_ir
NETWORK__SALT__55_TN_PWPIN_ii
NETWORK__SPRI___4_TN_PWPIN_vr
NETWORK__SPRI___4_TN_PWPIN_vi
NETWORK__SPRI__18_TN_PWPIN_vr
NETWORK__SPRI__18_TN_PWPIN_vi
NETWORK__SPRI__18_TN_PWPIN_ir
NETWORK__SPRI__18_TN_PWPIN_ii
NETWORK__TAZE__43_TN_PWPIN_vr
NETWORK__TAZE__43_TN_PWPIN_vi
NETWORK__TAZE__43_TN_PWPIN_ir
NETWORK__TAZE__43_TN_PWPIN_ii
NETWORK__TAZE__41_TN_PWPIN_vr
NETWORK__TAZE__41_TN_PWPIN_vi
NETWORK__TAZE__41_TN_PWPIN_ir
NETWORK__TAZE__41_TN_PWPIN_ii
NETWORK__TAZE__11_TN_PWPIN_vr
NETWORK__TAZE__11_TN_PWPIN_vi
NETWORK__TURN___2_TN_PWPIN_vr
NETWORK__TURN___2_TN_PWPIN_vi
NETWORK__TURN___2_TN_PWPIN_ir
NETWORK__TURN___2_TN_PWPIN_ii
GEN___12_SM_generator_omegaRefPu_value
GEN___12_SM_generator_terminal_V_im
GEN___12_SM_generator_terminal_V_re
GEN___12_SM_generator_MdSatPPu
GEN___12_SM_generator_MqSatPPu
GEN___12_SM_generator_cePu
GEN___12_SM_generator_cmPu
GEN___12_SM_generator_cos2Eta
GEN___12_SM_generator_iDPu
GEN___12_SM_generator_iQ1Pu
GEN___12_SM_generator_iQ2Pu
GEN___12_SM_generator_idPu
GEN___12_SM_generator_ifPu
GEN___12_SM_generator_iqPu
GEN___12_SM_generator_lambdaADPu
GEN___12_SM_generator_lambdaAQPu
GEN___12_SM_generator_lambdaAirGapPu
GEN___12_SM_generator_lambdadPu
GEN___12_SM_generator_lambdaqPu
GEN___12_SM_generator_mdsPu
GEN___12_SM_generator_miPu
GEN___12_SM_generator_mqsPu
GEN___12_SM_generator_sin2Eta
GEN___12_SM_generator_terminal_i_im
GEN___12_SM_generator_terminal_i_re
GEN___12_SM_generator_uStatorPu_im
GEN___12_SM_generator_uStatorPu_re
GEN___12_SM_generator_udPu
GEN___12_SM_generator_ufPu
GEN___12_SM_generator_uqPu
GEN___12_SM_governor_PmRawPu_u2
GEN___12_SM_governor_PmRawPu_y
GEN___12_SM_governor_feedback_y
GEN___12_SM_governor_limiter_y
GEN___12_SM_governor_switch_y
GEN___12_SM_voltageRegulator_EfdPu
GEN___12_SM_voltageRegulator_UsPu
GEN___12_SM_voltageRegulator_UsRefPu
GEN___12_SM_voltageRegulator_feedback_u1
GEN___12_SM_voltageRegulator_feedback_y
GEN___12_SM_voltageRegulator_gain_y
GEN____1_SM_generator_omegaRefPu_value
GEN____1_SM_generator_terminal_V_im
GEN____1_SM_generator_terminal_V_re
GEN____1_SM_generator_MdSatPPu
GEN____1_SM_generator_MqSatPPu
GEN____1_SM_generator_cePu
GEN____1_SM_generator_cmPu
GEN____1_SM_generator_cos2Eta
GEN____1_SM_generator_iDPu
GEN____1_SM_generator_iQ1Pu
GEN____1_SM_generator_iQ2Pu
GEN____1_SM_generator_idPu
GEN____1_SM_generator_ifPu
GEN____1_SM_generator_iqPu
GEN____1_SM_generator_lambdaADPu
GEN____1_SM_generator_lambdaAQPu
GEN____1_SM_generator_lambdaAirGapPu
GEN____1_SM_generator_lambdadPu
GEN____1_SM_generator_lambdaqPu
GEN____1_SM_generator_mdsPu
GEN____1_SM_generator_miPu
GEN____1_SM_generator_mqsPu
GEN____1_SM_generator_sin2Eta
GEN____1_SM_generator_terminal_i_im
GEN____1_SM_generator_terminal_i_re
GEN____1_SM_generator_uStatorPu_im
GEN____1_SM_generator_uStatorPu_re
GEN____1_SM_generator_udPu
GEN____1_SM_generator_ufPu
GEN____1_SM_generator_uqPu
GEN____1_SM_governor_PmRawPu_u2
GEN____1_SM_governor_PmRawPu_y
GEN____1_SM_governor_feedback_y
GEN____1_SM_governor_limiter_y
GEN____1_SM_governor_switch_y
GEN____1_SM_voltageRegulator_EfdPu
GEN____1_SM_voltageRegulator_UsPu
GEN____1_SM_voltageRegulator_UsRefPu
GEN____1_SM_voltageRegulator_feedback_u1
GEN____1_SM_voltageRegulator_feedback_y
GEN____1_SM_voltageRegulator_gain_y
GEN____2_SM_generator_omegaRefPu_value
GEN____2_SM_generator_terminal_V_im
GEN____2_SM_generator_terminal_V_re
GEN____2_SM_generator_MdSatPPu
GEN____2_SM_generator_MqSatPPu
GEN____2_SM_generator_cePu
GEN____2_SM_generator_cmPu
GEN____2_SM_generator_cos2Eta
GEN____2_SM_generator_iDPu
GEN____2_SM_generator_iQ1Pu
GEN____2_SM_generator_iQ2Pu
GEN____2_SM_generator_idPu
GEN____2_SM_generator_ifPu
GEN____2_SM_generator_iqPu
GEN____2_SM_generator_lambdaADPu
GEN____2_SM_generator_lambdaAQPu
GEN____2_SM_generator_lambdaAirGapPu
GEN____2_SM_generator_lambdadPu
GEN____2_SM_generator_lambdaqPu
GEN____2_SM_generator_mdsPu
GEN____2_SM_generator_miPu
GEN____2_SM_generator_mqsPu
GEN____2_SM_generator_sin2Eta
GEN____2_SM_generator_terminal_i_im
GEN____2_SM_generator_terminal_i_re
GEN____2_SM_generator_uStatorPu_im
GEN____2_SM_generator_uStatorPu_re
GEN____2_SM_generator_udPu
GEN____2_SM_generator_ufPu
GEN____2_SM_generator_uqPu
GEN____2_SM_governor_PmRawPu_u2
GEN____2_SM_governor_PmRawPu_y
GEN____2_SM_governor_feedback_y
GEN____2_SM_governor_limiter_y
GEN____2_SM_governor_switch_y
GEN____2_SM_voltageRegulator_EfdPu
GEN____2_SM_voltageRegulator_UsPu
GEN____2_SM_voltageRegulator_UsRefPu
GEN____2_SM_voltageRegulator_feedback_u1
GEN____2_SM_voltageRegulator_feedback_y
GEN____2_SM_voltageRegulator_gain_y
GEN____3_SM_generator_omegaRefPu_value
GEN____3_SM_generator_terminal_V_im
GEN____3_SM_generator_terminal_V_re
GEN____3_SM_generator_MdSatPPu
GEN____3_SM_generator_MqSatPPu
GEN____3_SM_generator_cePu
GEN____3_SM_generator_cmPu
GEN____3_SM_generator_cos2Eta
GEN____3_SM_generator_iDPu
GEN____3_SM_generator_iQ1Pu
GEN____3_SM_generator_iQ2Pu
GEN____3_SM_generator_idPu
GEN____3_SM_generator_ifPu
GEN____3_SM_generator_iqPu
GEN____3_SM_generator_lambdaADPu
GEN____3_SM_generator_lambdaAQPu
GEN____3_SM_generator_lambdaAirGapPu
GEN____3_SM_generator_lambdadPu
GEN____3_SM_generator_lambdaqPu
GEN____3_SM_generator_mdsPu
GEN____3_SM_generator_miPu
GEN____3_SM_generator_mqsPu
GEN____3_SM_generator_sin2Eta
GEN____3_SM_generator_terminal_i_im
GEN____3_SM_generator_terminal_i_re
GEN____3_SM_generator_uStatorPu_im
GEN____3_SM_generator_uStatorPu_re
GEN____3_SM_generator_udPu
GEN____3_SM_generator_ufPu
GEN____3_SM_generator_uqPu
GEN____3_SM_governor_PmRawPu_u2
GEN____3_SM_governor_PmRawPu_y
GEN____3_SM_governor_feedback_y
GEN____3_SM_governor_limiter_y
GEN____3_SM_governor_switch_y
GEN____3_SM_voltageRegulator_EfdPu
GEN____3_SM_voltageRegulator_UsPu
GEN____3_SM_voltageRegulator_UsRefPu
GEN____3_SM_voltageRegulator_feedback_u1
GEN____3_SM_voltageRegulator_feedback_y
GEN____3_SM_voltageRegulator_gain_y
GEN____6_SM_generator_omegaRefPu_value
GEN____6_SM_generator_terminal_V_im
GEN____6_SM_generator_terminal_V_re
GEN____6_SM_generator_MdSatPPu
GEN____6_SM_generator_MqSatPPu
GEN____6_SM_generator_cePu
GEN____6_SM_generator_cmPu
GEN____6_SM_generator_cos2Eta
GEN____6_SM_generator_iDPu
GEN____6_SM_generator_iQ1Pu
GEN____6_SM_generator_iQ2Pu
GEN____6_SM_generator_idPu
GEN____6_SM_generator_ifPu
GEN____6_SM_generator_iqPu
GEN____6_SM_generator_lambdaADPu
GEN____6_SM_generator_lambdaAQPu
GEN____6_SM_generator_lambdaAirGapPu
GEN____6_SM_generator_lambdadPu
GEN____6_SM_generator_lambdaqPu
GEN____6_SM_generator_mdsPu
GEN____6_SM_generator_miPu
GEN____6_SM_generator_mqsPu
GEN____6_SM_generator_sin2Eta
GEN____6_SM_generator_terminal_i_im
GEN____6_SM_generator_terminal_i_re
GEN____6_SM_generator_uStatorPu_im
GEN____6_SM_generator_uStatorPu_re
GEN____6_SM_generator_udPu
GEN____6_SM_generator_ufPu
GEN____6_SM_generator_uqPu
GEN____6_SM_governor_PmRawPu_u2
GEN____6_SM_governor_PmRawPu_y
GEN____6_SM_governor_feedback_y
GEN____6_SM_governor_limiter_y
GEN____6_SM_governor_switch_y
GEN____6_SM_voltageRegulator_EfdPu
GEN____6_SM_voltageRegulator_UsPu
GEN____6_SM_voltageRegulator_UsRefPu
GEN____6_SM_voltageRegulator_feedback_u1
GEN____6_SM_voltageRegulator_feedback_y
GEN____6_SM_voltageRegulator_gain_y
GEN____8_SM_generator_omegaRefPu_value
GEN____8_SM_generator_terminal_V_im
GEN____8_SM_generator_terminal_V_re
GEN____8_SM_generator_MdSatPPu
GEN____8_SM_generator_MqSatPPu
GEN____8_SM_generator_cePu
GEN____8_SM_generator_cmPu
GEN____8_SM_generator_cos2Eta
GEN____8_SM_generator_iDPu
GEN____8_SM_generator_iQ1Pu
GEN____8_SM_generator_iQ2Pu
GEN____8_SM_generator_idPu
GEN____8_SM_generator_ifPu
GEN____8_SM_generator_iqPu
GEN____8_SM_generator_lambdaADPu
GEN____8_SM_generator_lambdaAQPu
GEN____8_SM_generator_lambdaAirGapPu
GEN____8_SM_generator_lambdadPu
GEN____8_SM_generator_lambdaqPu
GEN____8_SM_generator_mdsPu
GEN____8_SM_generator_miPu
GEN____8_SM_generator_mqsPu
GEN____8_SM_generator_sin2Eta
GEN____8_SM_generator_terminal_i_im
GEN____8_SM_generator_terminal_i_re
GEN____8_SM_generator_uStatorPu_im
GEN____8_SM_generator_uStatorPu_re
GEN____8_SM_generator_udPu
GEN____8_SM_generator_ufPu
GEN____8_SM_generator_uqPu
GEN____8_SM_governor_PmRawPu_u2
GEN____8_SM_governor_PmRawPu_y
GEN____8_SM_governor_feedback_y
GEN____8_SM_governor_limiter_y
GEN____8_SM_governor_switch_y
GEN____8_SM_voltageRegulator_EfdPu
GEN____8_SM_voltageRegulator_UsPu
GEN____8_SM_voltageRegulator_UsRefPu
GEN____8_SM_voltageRegulator_feedback_u1
GEN____8_SM_voltageRegulator_feedback_y
GEN____8_SM_voltageRegulator_gain_y
GEN____9_SM_generator_omegaRefPu_value
GEN____9_SM_generator_terminal_V_im
GEN____9_SM_generator_terminal_V_re
GEN____9_SM_generator_MdSatPPu
GEN____9_SM_generator_MqSatPPu
GEN____9_SM_generator_cePu
GEN____9_SM_generator_cmPu
GEN____9_SM_generator_cos2Eta
GEN____9_SM_generator_iDPu
GEN____9_SM_generator_iQ1Pu
GEN____9_SM_generator_iQ2Pu
GEN____9_SM_generator_idPu
GEN____9_SM_generator_ifPu
GEN____9_SM_generator_iqPu
GEN____9_SM_generator_lambdaADPu
GEN____9_SM_generator_lambdaAQPu
GEN____9_SM_generator_lambdaAirGapPu
GEN____9_SM_generator_lambdadPu
GEN____9_SM_generator_lambdaqPu
GEN____9_SM_generator_mdsPu
GEN____9_SM_generator_miPu
GEN____9_SM_generator_mqsPu
GEN____9_SM_generator_sin2Eta
GEN____9_SM_generator_terminal_i_im
GEN____9_SM_generator_terminal_i_re
GEN____9_SM_generator_uStatorPu_im
GEN____9_SM_generator_uStatorPu_re
GEN____9_SM_generator_udPu
GEN____9_SM_generator_ufPu
GEN____9_SM_generator_uqPu
GEN____9_SM_governor_PmRawPu_u2
GEN____9_SM_governor_PmRawPu_y
GEN____9_SM_governor_feedback_y
GEN____9_SM_governor_limiter_y
GEN____9_SM_governor_switch_y
GEN____9_SM_voltageRegulator_EfdPu
GEN____9_SM_voltageRegulator_UsPu
GEN____9_SM_voltageRegulator_UsRefPu
GEN____9_SM_voltageRegulator_feedback_u1
GEN____9_SM_voltageRegulator_feedback_y
GEN____9_SM_voltageRegulator_gain_y
OMEGA_REF_omegaRef_0_value
OMEGA_REF_omegaRef_1_value
OMEGA_REF_omegaRef_2_value
OMEGA_REF_omegaRef_3_value
OMEGA_REF_omegaRef_4_value
OMEGA_REF_omegaRef_5_value
OMEGA_REF_omegaRef_6_value
OMEGA_REF_omegaRef_7_value
OMEGA_REF_omegaRef_8_value
OMEGA_REF_omegaRef_9_value
OMEGA_REF_omega_grp_0_value
OMEGA_REF_omega_grp_1_value
OMEGA_REF_omega_grp_2_value
OMEGA_REF_omega_grp_3_value
OMEGA_REF_omega_grp_4_value
OMEGA_REF_omega_grp_5_value
OMEGA_REF_omega_grp_6_value
OMEGA_REF_omegaRef_grp_0_value
OMEGA_REF_omegaRef_grp_1_value
OMEGA_REF_omegaRef_grp_2_value
OMEGA_REF_omegaRef_grp_3_value
OMEGA_REF_omegaRef_grp_4_value
OMEGA_REF_omegaRef_grp_5_value
OMEGA_REF_omegaRef_grp_6_value
_LOAD___10_EC_load_terminal_V_im
_LOAD___10_EC_load_terminal_V_re
_LOAD___10_EC_load_PPu
_LOAD___10_EC_load_QPu
_LOAD___10_EC_load_terminal_i_im
_LOAD___10_EC_load_terminal_i_re
_LOAD___12_EC_load_terminal_V_im
_LOAD___12_EC_load_terminal_V_re
_LOAD___12_EC_load_PPu
_LOAD___12_EC_load_QPu
_LOAD___12_EC_load_terminal_i_im
_LOAD___12_EC_load_terminal_i_re
_LOAD___13_EC_load_terminal_V_im
_LOAD___13_EC_load_terminal_V_re
_LOAD___13_EC_load_PPu
_LOAD___13_EC_load_QPu
_LOAD___13_EC_load_terminal_i_im
_LOAD___13_EC_load_terminal_i_re
_LOAD___14_EC_load_terminal_V_im
_LOAD___14_EC_load_terminal_V_re
_LOAD___14_EC_load_PPu
_LOAD___14_EC_load_QPu
_LOAD___14_EC_load_terminal_i_im
_LOAD___14_EC_load_terminal_i_re
_LOAD___15_EC_load_terminal_V_im
_LOAD___15_EC_load_terminal_V_re
_LOAD___15_EC_load_PPu
_LOAD___15_EC_load_QPu
_LOAD___15_EC_load_terminal_i_im
_LOAD___15_EC_load_terminal_i_re
_LOAD___16_EC_load_terminal_V_im
_LOAD___16_EC_load_terminal_V_re
_LOAD___16_EC_load_PPu
_LOAD___16_EC_load_QPu
_LOAD___16_EC_load_terminal_i_im
_LOAD___16_EC_load_terminal_i_re
_LOAD___17_EC_load_terminal_V_im
_LOAD___17_EC_load_terminal_V_re
_LOAD___17_EC_load_PPu
_LOAD___17_EC_load_QPu
_LOAD___17_EC_load_terminal_i_im
_LOAD___17_EC_load_terminal_i_re
_LOAD___18_EC_load_terminal_V_im
_LOAD___18_EC_load_terminal_V_re
_LOAD___18_EC_load_PPu
_LOAD___18_EC_load_QPu
_LOAD___18_EC_load_terminal_i_im
_LOAD___18_EC_load_terminal_i_re
_LOAD___19_EC_load_terminal_V_im
_LOAD___19_EC_load_terminal_V_re
_LOAD___19_EC_load_PPu
_LOAD___19_EC_load_QPu
_LOAD___19_EC_load_terminal_i_im
_LOAD___19_EC_load_terminal_i_re
_LOAD___20_EC_load_terminal_V_im
_LOAD___20_EC_load_terminal_V_re
_LOAD___20_EC_load_PPu
_LOAD___20_EC_load_QPu
_LOAD___20_EC_load_terminal_i_im
_LOAD___20_EC_load_terminal_i_re
_LOAD___23_EC_load_terminal_V_im
_LOAD___23_EC_load_terminal_V_re
_LOAD___23_EC_load_PPu
_LOAD___23_EC_load_QPu
_LOAD___23_EC_load_terminal_i_im
_LOAD___23_EC_load_terminal_i_re
_LOAD___25_EC_load_terminal_V_im
_LOAD___25_EC_load_terminal_V_re
_LOAD___25_EC_load_PPu
_LOAD___25_EC_load_QPu
_LOAD___25_EC_load_terminal_i_im
_LOAD___25_EC_load_terminal_i_re
_LOAD___27_EC_load_terminal_V_im
_LOAD___27_EC_load_terminal_V_re
_LOAD___27_EC_load_PPu
_LOAD___27_EC_load_QPu
_LOAD___27_EC_load_terminal_i_im
_LOAD___27_EC_load_terminal_i_re
_LOAD___28_EC_load_terminal_V_im
_LOAD___28_EC_load_terminal_V_re
_LOAD___28_EC_load_PPu
_LOAD___28_EC_load_QPu
_LOAD___28_EC_load_terminal_i_im
_LOAD___28_EC_load_terminal_i_re
_LOAD___29_EC_load_terminal_V_im
_LOAD___29_EC_load_terminal_V_re
_LOAD___29_EC_load_PPu
_LOAD___29_EC_load_QPu
_LOAD___29_EC_load_terminal_i_im
_LOAD___29_EC_load_terminal_i_re
_LOAD___30_EC_load_terminal_V_im
_LOAD___30_EC_load_terminal_V_re
_LOAD___30_EC_load_PPu
_LOAD___30_EC_load_QPu
_LOAD___30_EC_load_terminal_i_im
_LOAD___30_EC_load_terminal_i_re
_LOAD___31_EC_load_terminal_V_im
_LOAD___31_EC_load_terminal_V_re
_LOAD___31_EC_load_PPu
_LOAD___31_EC_load_QPu
_LOAD___31_EC_load_terminal_i_im
_LOAD___31_EC_load_terminal_i_re
_LOAD___32_EC_load_terminal_V_im
_LOAD___32_EC_load_terminal_V_re
_LOAD___32_EC_load_PPu
_LOAD___32_EC_load_QPu
_LOAD___32_EC_load_terminal_i_im
_LOAD___32_EC_load_terminal_i_re
_LOAD___33_EC_load_terminal_V_im
_LOAD___33_EC_load_terminal_V_re
_LOAD___33_EC_load_PPu
_LOAD___33_EC_load_QPu
_LOAD___33_EC_load_terminal_i_im
_LOAD___33_EC_load_terminal_i_re
_LOAD___35_EC_load_terminal_V_im
_LOAD___35_EC_load_terminal_V_re
_LOAD___35_EC_load_PPu
_LOAD___35_EC_load_QPu
_LOAD___35_EC_load_terminal_i_im
_LOAD___35_EC_load_terminal_i_re
_LOAD___38_EC_load_terminal_V_im
_LOAD___38_EC_load_terminal_V_re
_LOAD___38_EC_load_PPu
_LOAD___38_EC_load_QPu
_LOAD___38_EC_load_terminal_i_im
_LOAD___38_EC_load_terminal_i_re
_LOAD___41_EC_load_terminal_V_im
_LOAD___41_EC_load_terminal_V_re
_LOAD___41_EC_load_PPu
_LOAD___41_EC_load_QPu
_LOAD___41_EC_load_terminal_i_im
_LOAD___41_EC_load_terminal_i_re
_LOAD___42_EC_load_terminal_V_im
_LOAD___42_EC_load_terminal_V_re
_LOAD___42_EC_load_PPu
_LOAD___42_EC_load_QPu
_LOAD___42_EC_load_terminal_i_im
_LOAD___42_EC_load_terminal_i_re
_LOAD___43_EC_load_terminal_V_im
_LOAD___43_EC_load_terminal_V_re
_LOAD___43_EC_load_PPu
_LOAD___43_EC_load_QPu
_LOAD___43_EC_load_terminal_i_im
_LOAD___43_EC_load_terminal_i_re
_LOAD___44_EC_load_terminal_V_im
_LOAD___44_EC_load_terminal_V_re
_LOAD___44_EC_load_PPu
_LOAD___44_EC_load_QPu
_LOAD___44_EC_load_terminal_i_im
_LOAD___44_EC_load_terminal_i_re
_LOAD___47_EC_load_terminal_V_im
_LOAD___47_EC_load_terminal_V_re
_LOAD___47_EC_load_PPu
_LOAD___47_EC_load_QPu
_LOAD___47_EC_load_terminal_i_im
_LOAD___47_EC_load_terminal_i_re
_LOAD___49_EC_load_terminal_V_im
_LOAD___49_EC_load_terminal_V_re
_LOAD___49_EC_load_PPu
_LOAD___49_EC_load_QPu
_LOAD___49_EC_load_terminal_i_im
_LOAD___49_EC_load_terminal_i_re
_LOAD___50_EC_load_terminal_V_im
_LOAD___50_EC_load_terminal_V_re
_LOAD___50_EC_load_PPu
_LOAD___50_EC_load_QPu
_LOAD___50_EC_load_terminal_i_im
_LOAD___50_EC_load_terminal_i_re
_LOAD___51_EC_load_terminal_V_im
_LOAD___51_EC_load_terminal_V_re
_LOAD___51_EC_load_PPu
_LOAD___51_EC_load_QPu
_LOAD___51_EC_load_terminal_i_im
_LOAD___51_EC_load_terminal_i_re
_LOAD___52_EC_load_terminal_V_im
_LOAD___52_EC_load_terminal_V_re
_LOAD___52_EC_load_PPu
_LOAD___52_EC_load_QPu
_LOAD___52_EC_load_terminal_i_im
_LOAD___52_EC_load_terminal_i_re
_LOAD___53_EC_load_terminal_V_im
_LOAD___53_EC_load_terminal_V_re
_LOAD___53_EC_load_PPu
_LOAD___53_EC_load_QPu
_LOAD___53_EC_load_terminal_i_im
_LOAD___53_EC_load_terminal_i_re
_LOAD___54_EC_load_terminal_V_im
_LOAD___54_EC_load_terminal_V_re
_LOAD___54_EC_load_PPu
_LOAD___54_EC_load_QPu
_LOAD___54_EC_load_terminal_i_im
_LOAD___54_EC_load_terminal_i_re
_LOAD___55_EC_load_terminal_V_im
_LOAD___55_EC_load_terminal_V_re
_LOAD___55_EC_load_PPu
_LOAD___55_EC_load_QPu
_LOAD___55_EC_load_terminal_i_im
_LOAD___55_EC_load_terminal_i_re
_LOAD___56_EC_load_terminal_V_im
_LOAD___56_EC_load_terminal_V_re
_LOAD___56_EC_load_PPu
_LOAD___56_EC_load_QPu
_LOAD___56_EC_load_terminal_i_im
_LOAD___56_EC_load_terminal_i_re
_LOAD___57_EC_load_terminal_V_im
_LOAD___57_EC_load_terminal_V_re
_LOAD___57_EC_load_PPu
_LOAD___57_EC_load_QPu
_LOAD___57_EC_load_terminal_i_im
_LOAD___57_EC_load_terminal_i_re
_LOAD____1_EC_load_terminal_V_im
_LOAD____1_EC_load_terminal_V_re
_LOAD____1_EC_load_PPu
_LOAD____1_EC_load_QPu
_LOAD____1_EC_load_terminal_i_im
_LOAD____1_EC_load_terminal_i_re
_LOAD____2_EC_load_terminal_V_im
_LOAD____2_EC_load_terminal_V_re
_LOAD____2_EC_load_PPu
_LOAD____2_EC_load_QPu
_LOAD____2_EC_load_terminal_i_im
_LOAD____2_EC_load_terminal_i_re
_LOAD____3_EC_load_terminal_V_im
_LOAD____3_EC_load_terminal_V_re
_LOAD____3_EC_load_PPu
_LOAD____3_EC_load_QPu
_LOAD____3_EC_load_terminal_i_im
_LOAD____3_EC_load_terminal_i_re
_LOAD____5_EC_load_terminal_V_im
_LOAD____5_EC_load_terminal_V_re
_LOAD____5_EC_load_PPu
_LOAD____5_EC_load_QPu
_LOAD____5_EC_load_terminal_i_im
_LOAD____5_EC_load_terminal_i_re
_LOAD____6_EC_load_terminal_V_im
_LOAD____6_EC_load_terminal_V_re
_LOAD____6_EC_load_PPu
_LOAD____6_EC_load_QPu
_LOAD____6_EC_load_terminal_i_im
_LOAD____6_EC_load_terminal_i_re
_LOAD____8_EC_load_terminal_V_im
_LOAD____8_EC_load_terminal_V_re
_LOAD____8_EC_load_PPu
_LOAD____8_EC_load_QPu
_LOAD____8_EC_load_terminal_i_im
_LOAD____8_EC_load_terminal_i_re
_LOAD____9_EC_load_terminal_V_im
_LOAD____9_EC_load_terminal_V_re
_LOAD____9_EC_load_PPu
_LOAD____9_EC_load_QPu
_LOAD____9_EC_load_terminal_i_im
_LOAD____9_EC_load_terminal_i_re
