Network_tfo_terminal2_V_im
Network_tfo_terminal2_V_re
Network_busInf_terminal_i_im
Network_busInf_terminal_i_re
Network_line1_terminal1_i_im
Network_line1_terminal1_i_re
Network_line1_terminal2_V_im
Network_line1_terminal2_V_re
Network_line1_terminal2_i_im
Network_line1_terminal2_i_re
Network_line2_terminal1_i_im
Network_line2_terminal1_i_re
Network_line2_terminal2_i_im
Network_line2_terminal2_i_re
Network_tfo_terminal1_i_im
Network_tfo_terminal1_i_re
Network_tfo_terminal2_i_im
Network_tfo_terminal2_i_re
SM_gen_terminal_V_im
SM_gen_terminal_V_re
SM_avr_EfdPu
SM_avr_UsPu
SM_avr_UsRefPu
SM_avr_feedback_u1
SM_avr_feedback_y
SM_avr_gain_y
SM_gen_MdSatPPu
SM_gen_MqSatPPu
SM_gen_cePu
SM_gen_cmPu
SM_gen_cos2Eta
SM_gen_iDPu
SM_gen_iQ1Pu
SM_gen_iQ2Pu
SM_gen_idPu
SM_gen_ifPu
SM_gen_iqPu
SM_gen_lambdaADPu
SM_gen_lambdaAQPu
SM_gen_lambdaAirGapPu
SM_gen_lambdadPu
SM_gen_lambdaqPu
SM_gen_mdsPu
SM_gen_miPu
SM_gen_mqsPu
SM_gen_sin2Eta
SM_gen_terminal_i_im
SM_gen_terminal_i_re
SM_gen_uStatorPu_im
SM_gen_uStatorPu_re
SM_gen_udPu
SM_gen_ufPu
SM_gen_uqPu
SM_gover_PmRawPu_u1
SM_gover_PmRawPu_u2
SM_gover_PmRawPu_y
SM_gover_feedback_y
SM_gover_limiter_y
SM_gover_switch_y
