INFO |  ============================================================ 
INFO | DYNAWO VERSION  :     1.8.0
INFO | DYNAWO REVISION :  4116_Remove_WECCA41-c0d4f9a6652
INFO |  ============================================================ 
INFO | 
INFO | -----------------------------------------------------------------------
INFO | building model from input files
INFO | -----------------------------------------------------------------------
INFO | model was built successfully
INFO | -----------------------------------------------------------------------
INFO | 
INFO | -----------------------------------------------------------------------
INFO | starting local initialization
INFO | -----------------------------------------------------------------------
INFO | end of local initialization
INFO | -----------------------------------------------------------------------
INFO | 
INFO | -----------------------------------------------------------------------
INFO | starting global initialization
INFO | -----------------------------------------------------------------------
INFO | Algebraic mode change at t = 0
INFO | Algebraic mode change at t = 0
INFO | end of global initialization
INFO | -----------------------------------------------------------------------
INFO | 
INFO | -----------------------------------------------------------------------
INFO | starting curve initialization
INFO | -----------------------------------------------------------------------
INFO | end of curve initialization, added 25 curves
INFO | -----------------------------------------------------------------------
INFO | 
INFO | -----------------------------------------------------------------------
INFO | starting simulation with solver SimplifiedSolver
INFO | -----------------------------------------------------------------------
INFO | -----------------------------------------------------------------------
INFO | number of continuous variables : 713
INFO | number of discrete variables : 314
INFO | number of root functions : 233
INFO | -----------------------------------------------------------------------
INFO |         time ¦ iter num   Nonlinear iter   jac eval      time step (h)
INFO | -----------------------------------------------------------------------
INFO |        0.000 ¦        0                0          0              0.003 
INFO |        0.003 ¦        1                1          1              0.003 
INFO |        0.006 ¦        2                2          1              0.003 
INFO |        0.009 ¦        3                3          1              0.003 
INFO |        0.012 ¦        4                4          1              0.003 
INFO |        0.015 ¦        5                5          1              0.003 
INFO |        0.018 ¦        6                6          1              0.003 
INFO |        0.021 ¦        7                7          1              0.003 
INFO |        0.024 ¦        8                8          1              0.003 
INFO |        0.027 ¦        9                9          1              0.003 
INFO |        0.030 ¦       10               10          1              0.003 
INFO |        0.033 ¦       11               11          1              0.003 
INFO |        0.036 ¦       12               12          1              0.003 
INFO |        0.039 ¦       13               13          1              0.003 
INFO |        0.042 ¦       14               14          1              0.003 
INFO |        0.045 ¦       15               15          1              0.003 
INFO |        0.048 ¦       16               16          1              0.003 
INFO |        0.051 ¦       17               17          1              0.003 
INFO |        0.054 ¦       18               18          1              0.003 
INFO |        0.057 ¦       19               19          1              0.003 
INFO |        0.060 ¦       20               20          1              0.003 
INFO |        0.063 ¦       21               21          1              0.003 
INFO |        0.066 ¦       22               22          1              0.003 
INFO |        0.069 ¦       23               23          1              0.003 
INFO |        0.072 ¦       24               24          1              0.003 
INFO |        0.075 ¦       25               25          1              0.003 
INFO |        0.078 ¦       26               26          1              0.003 
INFO |        0.081 ¦       27               27          1              0.003 
INFO |        0.084 ¦       28               28          1              0.003 
INFO |        0.087 ¦       29               29          1              0.003 
INFO |        0.090 ¦       30               30          1              0.003 
INFO |        0.093 ¦       31               31          1              0.003 
INFO |        0.096 ¦       32               32          1              0.003 
INFO |        0.099 ¦       33               33          1              0.003 
INFO |        0.102 ¦       34               34          1              0.003 
INFO |        0.105 ¦       35               35          1              0.003 
INFO |        0.108 ¦       36               36          1              0.003 
INFO |        0.111 ¦       37               37          1              0.003 
INFO |        0.114 ¦       38               38          1              0.003 
INFO |        0.117 ¦       39               39          1              0.003 
INFO |        0.120 ¦       40               40          1              0.003 
INFO |        0.123 ¦       41               41          1              0.003 
INFO |        0.126 ¦       42               42          1              0.003 
INFO |        0.129 ¦       43               43          1              0.003 
INFO |        0.132 ¦       44               44          1              0.003 
INFO |        0.135 ¦       45               45          1              0.003 
INFO |        0.138 ¦       46               46          1              0.003 
INFO |        0.141 ¦       47               47          1              0.003 
INFO |        0.144 ¦       48               48          1              0.003 
INFO |        0.147 ¦       49               49          1              0.003 
INFO |        0.150 ¦       50               50          1              0.003 
INFO |        0.153 ¦       51               51          1              0.003 
INFO |        0.156 ¦       52               52          1              0.003 
INFO |        0.159 ¦       53               53          1              0.003 
INFO |        0.162 ¦       54               54          1              0.003 
INFO |        0.165 ¦       55               55          1              0.003 
INFO |        0.168 ¦       56               56          1              0.003 
INFO |        0.171 ¦       57               57          1              0.003 
INFO |        0.174 ¦       58               58          1              0.003 
INFO |        0.177 ¦       59               59          1              0.003 
INFO |        0.180 ¦       60               60          1              0.003 
INFO |        0.183 ¦       61               61          1              0.003 
INFO |        0.186 ¦       62               62          1              0.003 
INFO |        0.189 ¦       63               63          1              0.003 
INFO |        0.192 ¦       64               64          1              0.003 
INFO |        0.195 ¦       65               65          1              0.003 
INFO |        0.198 ¦       66               66          1              0.003 
INFO |        0.201 ¦       67               67          1              0.003 
INFO |        0.204 ¦       68               68          1              0.003 
INFO |        0.207 ¦       69               69          1              0.003 
INFO |        0.210 ¦       70               70          1              0.003 
INFO |        0.213 ¦       71               71          1              0.003 
INFO |        0.216 ¦       72               72          1              0.003 
INFO |        0.219 ¦       73               73          1              0.003 
INFO |        0.222 ¦       74               74          1              0.003 
INFO |        0.225 ¦       75               75          1              0.003 
INFO |        0.228 ¦       76               76          1              0.003 
INFO |        0.231 ¦       77               77          1              0.003 
INFO |        0.234 ¦       78               78          1              0.003 
INFO |        0.237 ¦       79               79          1              0.003 
INFO |        0.240 ¦       80               80          1              0.003 
INFO |        0.243 ¦       81               81          1              0.003 
INFO |        0.246 ¦       82               82          1              0.003 
INFO |        0.249 ¦       83               83          1              0.003 
INFO |        0.252 ¦       84               84          1              0.003 
INFO |        0.255 ¦       85               85          1              0.003 
INFO |        0.258 ¦       86               86          1              0.003 
INFO |        0.261 ¦       87               87          1              0.003 
INFO |        0.264 ¦       88               88          1              0.003 
INFO |        0.267 ¦       89               89          1              0.003 
INFO |        0.270 ¦       90               90          1              0.003 
INFO |        0.273 ¦       91               91          1              0.003 
INFO |        0.276 ¦       92               92          1              0.003 
INFO |        0.279 ¦       93               93          1              0.003 
INFO |        0.282 ¦       94               94          1              0.003 
INFO |        0.285 ¦       95               95          1              0.003 
INFO |        0.288 ¦       96               96          1              0.003 
INFO |        0.291 ¦       97               97          1              0.003 
INFO |        0.294 ¦       98               98          1              0.003 
INFO |        0.297 ¦       99               99          1              0.003 
INFO |        0.300 ¦      100              100          1              0.003 
INFO |        0.303 ¦      101              101          1              0.003 
INFO |        0.306 ¦      102              102          1              0.003 
INFO |        0.309 ¦      103              103          1              0.003 
INFO |        0.312 ¦      104              104          1              0.003 
INFO |        0.315 ¦      105              105          1              0.003 
INFO |        0.318 ¦      106              106          1              0.003 
INFO |        0.321 ¦      107              107          1              0.003 
INFO |        0.324 ¦      108              108          1              0.003 
INFO |        0.327 ¦      109              109          1              0.003 
INFO |        0.330 ¦      110              110          1              0.003 
INFO |        0.333 ¦      111              111          1              0.003 
INFO |        0.336 ¦      112              112          1              0.003 
INFO |        0.339 ¦      113              113          1              0.003 
INFO |        0.342 ¦      114              114          1              0.003 
INFO |        0.345 ¦      115              115          1              0.003 
INFO |        0.348 ¦      116              116          1              0.003 
INFO |        0.351 ¦      117              117          1              0.003 
INFO |        0.354 ¦      118              118          1              0.003 
INFO |        0.357 ¦      119              119          1              0.003 
INFO |        0.360 ¦      120              120          1              0.003 
INFO |        0.363 ¦      121              121          1              0.003 
INFO |        0.366 ¦      122              122          1              0.003 
INFO |        0.369 ¦      123              123          1              0.003 
INFO |        0.372 ¦      124              124          1              0.003 
INFO |        0.375 ¦      125              125          1              0.003 
INFO |        0.378 ¦      126              126          1              0.003 
INFO |        0.381 ¦      127              127          1              0.003 
INFO |        0.384 ¦      128              128          1              0.003 
INFO |        0.387 ¦      129              129          1              0.003 
INFO |        0.390 ¦      130              130          1              0.003 
INFO |        0.393 ¦      131              131          1              0.003 
INFO |        0.396 ¦      132              132          1              0.003 
INFO |        0.399 ¦      133              133          1              0.003 
INFO |        0.402 ¦      134              134          1              0.003 
INFO |        0.405 ¦      135              135          1              0.003 
INFO |        0.408 ¦      136              136          1              0.003 
INFO |        0.411 ¦      137              137          1              0.003 
INFO |        0.414 ¦      138              138          1              0.003 
INFO |        0.417 ¦      139              139          1              0.003 
INFO |        0.420 ¦      140              140          1              0.003 
INFO |        0.423 ¦      141              141          1              0.003 
INFO |        0.426 ¦      142              142          1              0.003 
INFO |        0.429 ¦      143              143          1              0.003 
INFO |        0.432 ¦      144              144          1              0.003 
INFO |        0.435 ¦      145              145          1              0.003 
INFO |        0.438 ¦      146              146          1              0.003 
INFO |        0.441 ¦      147              147          1              0.003 
INFO |        0.444 ¦      148              148          1              0.003 
INFO |        0.447 ¦      149              149          1              0.003 
INFO |        0.450 ¦      150              150          1              0.003 
INFO |        0.453 ¦      151              151          1              0.003 
INFO |        0.456 ¦      152              152          1              0.003 
INFO |        0.459 ¦      153              153          1              0.003 
INFO |        0.462 ¦      154              154          1              0.003 
INFO |        0.465 ¦      155              155          1              0.003 
INFO |        0.468 ¦      156              156          1              0.003 
INFO |        0.471 ¦      157              157          1              0.003 
INFO |        0.474 ¦      158              158          1              0.003 
INFO |        0.477 ¦      159              159          1              0.003 
INFO |        0.480 ¦      160              160          1              0.003 
INFO |        0.483 ¦      161              161          1              0.003 
INFO |        0.486 ¦      162              162          1              0.003 
INFO |        0.489 ¦      163              163          1              0.003 
INFO |        0.492 ¦      164              164          1              0.003 
INFO |        0.495 ¦      165              165          1              0.003 
INFO |        0.498 ¦      166              166          1              0.003 
INFO |        0.501 ¦      167              167          1              0.003 
INFO |        0.504 ¦      168              168          1              0.003 
INFO |        0.507 ¦      169              169          1              0.003 
INFO |        0.510 ¦      170              170          1              0.003 
INFO |        0.513 ¦      171              171          1              0.003 
INFO |        0.516 ¦      172              172          1              0.003 
INFO |        0.519 ¦      173              173          1              0.003 
INFO |        0.522 ¦      174              174          1              0.003 
INFO |        0.525 ¦      175              175          1              0.003 
INFO |        0.528 ¦      176              176          1              0.003 
INFO |        0.531 ¦      177              177          1              0.003 
INFO |        0.534 ¦      178              178          1              0.003 
INFO |        0.537 ¦      179              179          1              0.003 
INFO |        0.540 ¦      180              180          1              0.003 
INFO |        0.543 ¦      181              181          1              0.003 
INFO |        0.546 ¦      182              182          1              0.003 
INFO |        0.549 ¦      183              183          1              0.003 
INFO |        0.552 ¦      184              184          1              0.003 
INFO |        0.555 ¦      185              185          1              0.003 
INFO |        0.558 ¦      186              186          1              0.003 
INFO |        0.561 ¦      187              187          1              0.003 
INFO |        0.564 ¦      188              188          1              0.003 
INFO |        0.567 ¦      189              189          1              0.003 
INFO |        0.570 ¦      190              190          1              0.003 
INFO |        0.573 ¦      191              191          1              0.003 
INFO |        0.576 ¦      192              192          1              0.003 
INFO |        0.579 ¦      193              193          1              0.003 
INFO |        0.582 ¦      194              194          1              0.003 
INFO |        0.585 ¦      195              195          1              0.003 
INFO |        0.588 ¦      196              196          1              0.003 
INFO |        0.591 ¦      197              197          1              0.003 
INFO |        0.594 ¦      198              198          1              0.003 
INFO |        0.597 ¦      199              199          1              0.003 
INFO |        0.600 ¦      200              200          1              0.003 
INFO |        0.603 ¦      201              201          1              0.003 
INFO |        0.606 ¦      202              202          1              0.003 
INFO |        0.609 ¦      203              203          1              0.003 
INFO |        0.612 ¦      204              204          1              0.003 
INFO |        0.615 ¦      205              205          1              0.003 
INFO |        0.618 ¦      206              206          1              0.003 
INFO |        0.621 ¦      207              207          1              0.003 
INFO |        0.624 ¦      208              208          1              0.003 
INFO |        0.627 ¦      209              209          1              0.003 
INFO |        0.630 ¦      210              210          1              0.003 
INFO |        0.633 ¦      211              211          1              0.003 
INFO |        0.636 ¦      212              212          1              0.003 
INFO |        0.639 ¦      213              213          1              0.003 
INFO |        0.642 ¦      214              214          1              0.003 
INFO |        0.645 ¦      215              215          1              0.003 
INFO |        0.648 ¦      216              216          1              0.003 
INFO |        0.651 ¦      217              217          1              0.003 
INFO |        0.654 ¦      218              218          1              0.003 
INFO |        0.657 ¦      219              219          1              0.003 
INFO |        0.660 ¦      220              220          1              0.003 
INFO |        0.663 ¦      221              221          1              0.003 
INFO |        0.666 ¦      222              222          1              0.003 
INFO |        0.669 ¦      223              223          1              0.003 
INFO |        0.672 ¦      224              224          1              0.003 
INFO |        0.675 ¦      225              225          1              0.003 
INFO |        0.678 ¦      226              226          1              0.003 
INFO |        0.681 ¦      227              227          1              0.003 
INFO |        0.684 ¦      228              228          1              0.003 
INFO |        0.687 ¦      229              229          1              0.003 
INFO |        0.690 ¦      230              230          1              0.003 
INFO |        0.693 ¦      231              231          1              0.003 
INFO |        0.696 ¦      232              232          1              0.003 
INFO |        0.699 ¦      233              233          1              0.003 
INFO |        0.702 ¦      234              234          1              0.003 
INFO |        0.705 ¦      235              235          1              0.003 
INFO |        0.708 ¦      236              236          1              0.003 
INFO |        0.711 ¦      237              237          1              0.003 
INFO |        0.714 ¦      238              238          1              0.003 
INFO |        0.717 ¦      239              239          1              0.003 
INFO |        0.720 ¦      240              240          1              0.003 
INFO |        0.723 ¦      241              241          1              0.003 
INFO |        0.726 ¦      242              242          1              0.003 
INFO |        0.729 ¦      243              243          1              0.003 
INFO |        0.732 ¦      244              244          1              0.003 
INFO |        0.735 ¦      245              245          1              0.003 
INFO |        0.738 ¦      246              246          1              0.003 
INFO |        0.741 ¦      247              247          1              0.003 
INFO |        0.744 ¦      248              248          1              0.003 
INFO |        0.747 ¦      249              249          1              0.003 
INFO |        0.750 ¦      250              250          1              0.003 
INFO |        0.753 ¦      251              251          1              0.003 
INFO |        0.756 ¦      252              252          1              0.003 
INFO |        0.759 ¦      253              253          1              0.003 
INFO |        0.762 ¦      254              254          1              0.003 
INFO |        0.765 ¦      255              255          1              0.003 
INFO |        0.768 ¦      256              256          1              0.003 
INFO |        0.771 ¦      257              257          1              0.003 
INFO |        0.774 ¦      258              258          1              0.003 
INFO |        0.777 ¦      259              259          1              0.003 
INFO |        0.780 ¦      260              260          1              0.003 
INFO |        0.783 ¦      261              261          1              0.003 
INFO |        0.786 ¦      262              262          1              0.003 
INFO |        0.789 ¦      263              263          1              0.003 
INFO |        0.792 ¦      264              264          1              0.003 
INFO |        0.795 ¦      265              265          1              0.003 
INFO |        0.798 ¦      266              266          1              0.003 
INFO |        0.801 ¦      267              267          1              0.003 
INFO |        0.804 ¦      268              268          1              0.003 
INFO |        0.807 ¦      269              269          1              0.003 
INFO |        0.810 ¦      270              270          1              0.003 
INFO | initial guess of the algebraic solver is accurate, following SimplifiedSolver iterations will be skipped until the next mode change
INFO |        0.813 ¦      271              270          1              0.003 
INFO |        0.816 ¦      272              270          1              0.003 
INFO |        0.819 ¦      273              270          1              0.003 
INFO |        0.822 ¦      274              270          1              0.003 
INFO |        0.825 ¦      275              270          1              0.003 
INFO |        0.828 ¦      276              270          1              0.003 
INFO |        0.831 ¦      277              270          1              0.003 
INFO |        0.834 ¦      278              270          1              0.003 
INFO |        0.837 ¦      279              270          1              0.003 
INFO |        0.840 ¦      280              270          1              0.003 
INFO |        0.843 ¦      281              270          1              0.003 
INFO |        0.846 ¦      282              270          1              0.003 
INFO |        0.849 ¦      283              270          1              0.003 
INFO |        0.852 ¦      284              270          1              0.003 
INFO |        0.855 ¦      285              270          1              0.003 
INFO |        0.858 ¦      286              270          1              0.003 
INFO |        0.861 ¦      287              270          1              0.003 
INFO |        0.864 ¦      288              270          1              0.003 
INFO |        0.867 ¦      289              270          1              0.003 
INFO |        0.870 ¦      290              270          1              0.003 
INFO |        0.873 ¦      291              270          1              0.003 
INFO |        0.876 ¦      292              270          1              0.003 
INFO |        0.879 ¦      293              270          1              0.003 
INFO |        0.882 ¦      294              270          1              0.003 
INFO |        0.885 ¦      295              270          1              0.003 
INFO |        0.888 ¦      296              270          1              0.003 
INFO |        0.891 ¦      297              270          1              0.003 
INFO |        0.894 ¦      298              270          1              0.003 
INFO |        0.897 ¦      299              270          1              0.003 
INFO |        0.900 ¦      300              270          1              0.003 
INFO |        0.903 ¦      301              270          1              0.003 
INFO |        0.906 ¦      302              270          1              0.003 
INFO |        0.909 ¦      303              270          1              0.003 
INFO |        0.912 ¦      304              270          1              0.003 
INFO |        0.915 ¦      305              270          1              0.003 
INFO |        0.918 ¦      306              270          1              0.003 
INFO |        0.921 ¦      307              270          1              0.003 
INFO |        0.924 ¦      308              270          1              0.003 
INFO |        0.927 ¦      309              270          1              0.003 
INFO |        0.930 ¦      310              270          1              0.003 
INFO |        0.933 ¦      311              270          1              0.003 
INFO |        0.936 ¦      312              270          1              0.003 
INFO |        0.939 ¦      313              270          1              0.003 
INFO |        0.942 ¦      314              270          1              0.003 
INFO |        0.945 ¦      315              270          1              0.003 
INFO |        0.948 ¦      316              270          1              0.003 
INFO |        0.951 ¦      317              270          1              0.003 
INFO |        0.954 ¦      318              270          1              0.003 
INFO |        0.957 ¦      319              270          1              0.003 
INFO |        0.960 ¦      320              270          1              0.003 
INFO |        0.963 ¦      321              270          1              0.003 
INFO |        0.966 ¦      322              270          1              0.003 
INFO |        0.969 ¦      323              270          1              0.003 
INFO |        0.972 ¦      324              270          1              0.003 
INFO |        0.975 ¦      325              270          1              0.003 
INFO |        0.978 ¦      326              270          1              0.003 
INFO |        0.981 ¦      327              270          1              0.003 
INFO |        0.984 ¦      328              270          1              0.003 
INFO |        0.987 ¦      329              270          1              0.003 
INFO |        0.990 ¦      330              270          1              0.003 
INFO |        0.993 ¦      331              270          1              0.003 
INFO |        0.996 ¦      332              270          1              0.003 
INFO |        0.999 ¦      333              270          1              0.003 
INFO | Algebraic mode (with J recalculation) change at t = 1.002
INFO |        1.002 ¦      334              270          1              0.003 
INFO | calculation of the new starting point of the simulation.
INFO | Algebraic mode (with J recalculation) change at t = 1.002
INFO | Algebraic mode change at t = 1.002
INFO | Algebraic mode change at t = 1.002
INFO |        1.002 ¦      334              277          5              0.003 
INFO | Algebraic mode (with J recalculation) change at t = 1.005
INFO |        1.005 ¦      335              288          7              0.003 
INFO | calculation of the new starting point of the simulation.
INFO | Algebraic mode change at t = 1.005
INFO | Algebraic mode change at t = 1.005
INFO |        1.005 ¦      335              292          8              0.003 
INFO | Algebraic mode change at t = 1.008
INFO |        1.008 ¦      336              295          9              0.003 
INFO | calculation of the new starting point of the simulation.
INFO |        1.008 ¦      336              298          9              0.003 
INFO | Algebraic mode change at t = 1.011
INFO |        1.011 ¦      337              303          9              0.003 
INFO | calculation of the new starting point of the simulation.
INFO |        1.011 ¦      337              304          9              0.003 
INFO | Algebraic mode change at t = 1.014
INFO |        1.014 ¦      338              307          9              0.003 
INFO | calculation of the new starting point of the simulation.
INFO |        1.014 ¦      338              308          9              0.003 
INFO | Algebraic mode change at t = 1.017
INFO |        1.017 ¦      339              312          9              0.003 
INFO | calculation of the new starting point of the simulation.
INFO |        1.017 ¦      339              313          9              0.003 
INFO |        1.020 ¦      340              315          9              0.003 
INFO |        1.023 ¦      341              317          9              0.003 
INFO |        1.026 ¦      342              319          9              0.003 
INFO |        1.029 ¦      343              321          9              0.003 
INFO | Algebraic mode change at t = 1.032
INFO |        1.032 ¦      344              323          9              0.003 
INFO | calculation of the new starting point of the simulation.
INFO | Algebraic mode change at t = 1.032
INFO |        1.032 ¦      344              329         10              0.003 
INFO | Algebraic mode change at t = 1.035
INFO |        1.035 ¦      345              331         10              0.003 
INFO | calculation of the new starting point of the simulation.
INFO |        1.035 ¦      345              333         10              0.003 
INFO |        1.038 ¦      346              335         10              0.003 
INFO |        1.041 ¦      347              337         10              0.003 
INFO |        1.044 ¦      348              339         10              0.003 
INFO |        1.047 ¦      349              341         10              0.003 
INFO |        1.050 ¦      350              343         10              0.003 
INFO |        1.053 ¦      351              345         10              0.003 
INFO | Algebraic mode (with J recalculation) change at t = 1.056
INFO |        1.056 ¦      352              347         10              0.003 
INFO | calculation of the new starting point of the simulation.
INFO |        1.056 ¦      352              348         11              0.003 
INFO |        1.059 ¦      353              349         12              0.003 
INFO |        1.062 ¦      354              350         12              0.003 
INFO |        1.065 ¦      355              351         12              0.003 
INFO |        1.068 ¦      356              352         12              0.003 
INFO |        1.071 ¦      357              354         12              0.003 
INFO |        1.074 ¦      358              356         12              0.003 
INFO |        1.077 ¦      359              358         12              0.003 
INFO |        1.080 ¦      360              360         12              0.003 
INFO |        1.083 ¦      361              362         12              0.003 
INFO |        1.086 ¦      362              364         12              0.003 
INFO |        1.089 ¦      363              366         12              0.003 
INFO |        1.092 ¦      364              368         12              0.003 
INFO |        1.095 ¦      365              370         12              0.003 
INFO |        1.098 ¦      366              372         12              0.003 
INFO | Algebraic mode (with J recalculation) change at t = 1.101
INFO |        1.101 ¦      367              374         12              0.003 
INFO | calculation of the new starting point of the simulation.
INFO | Algebraic mode (with J recalculation) change at t = 1.101
INFO | Algebraic mode change at t = 1.101
INFO |        1.101 ¦      367              379         16              0.003 
INFO | Algebraic mode (with J recalculation) change at t = 1.104
INFO |        1.104 ¦      368              390         18              0.003 
INFO | calculation of the new starting point of the simulation.
INFO | Algebraic mode change at t = 1.104
INFO | Algebraic mode change at t = 1.104
INFO |        1.104 ¦      368              394         19              0.003 
INFO | Algebraic mode change at t = 1.107
INFO |        1.107 ¦      369              397         20              0.003 
INFO | calculation of the new starting point of the simulation.
INFO | Algebraic mode change at t = 1.107
INFO |        1.107 ¦      369              400         20              0.003 
INFO | Differential mode change at t = 1.11
INFO |        1.110 ¦      370              403         20              0.003 
INFO | calculation of the new starting point of the simulation.
INFO |        1.110 ¦      370              403         20              0.003 
INFO | Algebraic mode change at t = 1.113
INFO |        1.113 ¦      371              410         21              0.003 
INFO | calculation of the new starting point of the simulation.
INFO | Algebraic mode change at t = 1.113
INFO |        1.113 ¦      371              411         21              0.003 
INFO |        1.116 ¦      372              413         21              0.003 
INFO |        1.119 ¦      373              415         21              0.003 
INFO |        1.122 ¦      374              417         21              0.003 
INFO |        1.125 ¦      375              419         21              0.003 
INFO |        1.128 ¦      376              421         21              0.003 
INFO |        1.131 ¦      377              423         21              0.003 
INFO | Algebraic mode change at t = 1.134
INFO |        1.134 ¦      378              426         21              0.003 
INFO | calculation of the new starting point of the simulation.
INFO |        1.134 ¦      378              427         21              0.003 
INFO |        1.137 ¦      379              430         21              0.003 
INFO |        1.140 ¦      380              435         21              0.003 
INFO |        1.143 ¦      381              438         21              0.003 
INFO |        1.146 ¦      382              443         21              0.003 
INFO |        1.149 ¦      383              446         21              0.003 
INFO | Algebraic mode change at t = 1.152
INFO |        1.152 ¦      384              451         21              0.003 
INFO | calculation of the new starting point of the simulation.
INFO |        1.152 ¦      384              452         21              0.003 
INFO | Algebraic mode (with J recalculation) change at t = 1.155
INFO |        1.155 ¦      385              455         21              0.003 
INFO | calculation of the new starting point of the simulation.
INFO |        1.155 ¦      385              456         22              0.003 
INFO |        1.158 ¦      386              458         23              0.003 
INFO |        1.161 ¦      387              460         23              0.003 
INFO |        1.164 ¦      388              462         23              0.003 
INFO |        1.167 ¦      389              464         23              0.003 
INFO |        1.170 ¦      390              466         23              0.003 
INFO |        1.173 ¦      391              468         23              0.003 
INFO |        1.176 ¦      392              470         23              0.003 
INFO |        1.179 ¦      393              472         23              0.003 
INFO |        1.182 ¦      394              474         23              0.003 
INFO |        1.185 ¦      395              476         23              0.003 
INFO |        1.188 ¦      396              478         23              0.003 
INFO |        1.191 ¦      397              480         23              0.003 
INFO |        1.194 ¦      398              482         23              0.003 
INFO |        1.197 ¦      399              484         23              0.003 
INFO |        1.200 ¦      400              487         23              0.003 
INFO |        1.203 ¦      401              490         23              0.003 
INFO |        1.206 ¦      402              493         23              0.003 
INFO | Algebraic mode change at t = 1.209
INFO |        1.209 ¦      403              496         23              0.003 
INFO | calculation of the new starting point of the simulation.
INFO |        1.209 ¦      403              497         23              0.003 
INFO | Algebraic mode change at t = 1.212
INFO |        1.212 ¦      404              500         23              0.003 
INFO | calculation of the new starting point of the simulation.
INFO |        1.212 ¦      404              501         23              0.003 
INFO |        1.215 ¦      405              504         23              0.003 
INFO |        1.218 ¦      406              507         23              0.003 
INFO |        1.221 ¦      407              510         23              0.003 
INFO |        1.224 ¦      408              513         23              0.003 
INFO |        1.227 ¦      409              516         23              0.003 
INFO |        1.230 ¦      410              519         23              0.003 
INFO |        1.233 ¦      411              522         23              0.003 
INFO |        1.236 ¦      412              525         23              0.003 
INFO |        1.239 ¦      413              528         23              0.003 
INFO |        1.242 ¦      414              531         23              0.003 
INFO |        1.245 ¦      415              534         23              0.003 
INFO |        1.248 ¦      416              537         23              0.003 
INFO |        1.251 ¦      417              540         23              0.003 
INFO |        1.254 ¦      418              543         23              0.003 
INFO |        1.257 ¦      419              546         23              0.003 
INFO |        1.260 ¦      420              549         23              0.003 
INFO |        1.263 ¦      421              552         23              0.003 
INFO |        1.266 ¦      422              555         23              0.003 
INFO |        1.269 ¦      423              558         23              0.003 
INFO |        1.272 ¦      424              561         23              0.003 
INFO |        1.275 ¦      425              564         23              0.003 
INFO |        1.278 ¦      426              567         23              0.003 
INFO |        1.281 ¦      427              570         23              0.003 
INFO |        1.284 ¦      428              573         23              0.003 
INFO |        1.287 ¦      429              576         23              0.003 
INFO |        1.290 ¦      430              579         23              0.003 
INFO |        1.293 ¦      431              582         23              0.003 
INFO |        1.296 ¦      432              585         23              0.003 
INFO |        1.299 ¦      433              588         23              0.003 
INFO |        1.302 ¦      434              591         23              0.003 
INFO |        1.305 ¦      435              594         23              0.003 
INFO |        1.308 ¦      436              597         23              0.003 
INFO |        1.311 ¦      437              600         23              0.003 
INFO |        1.314 ¦      438              603         23              0.003 
INFO |        1.317 ¦      439              606         23              0.003 
INFO |        1.320 ¦      440              609         23              0.003 
INFO |        1.323 ¦      441              612         23              0.003 
INFO |        1.326 ¦      442              615         23              0.003 
INFO |        1.329 ¦      443              618         23              0.003 
INFO |        1.332 ¦      444              621         23              0.003 
INFO |        1.335 ¦      445              624         23              0.003 
INFO |        1.338 ¦      446              627         23              0.003 
INFO |        1.341 ¦      447              630         23              0.003 
INFO |        1.344 ¦      448              633         23              0.003 
INFO |        1.347 ¦      449              636         23              0.003 
INFO |        1.350 ¦      450              638         23              0.003 
INFO |        1.353 ¦      451              640         23              0.003 
INFO |        1.356 ¦      452              642         23              0.003 
INFO |        1.359 ¦      453              644         23              0.003 
INFO |        1.362 ¦      454              646         23              0.003 
INFO |        1.365 ¦      455              648         23              0.003 
INFO |        1.368 ¦      456              650         23              0.003 
INFO |        1.371 ¦      457              652         23              0.003 
INFO |        1.374 ¦      458              654         23              0.003 
INFO |        1.377 ¦      459              656         23              0.003 
INFO |        1.380 ¦      460              658         23              0.003 
INFO |        1.383 ¦      461              660         23              0.003 
INFO |        1.386 ¦      462              662         23              0.003 
INFO |        1.389 ¦      463              664         23              0.003 
INFO |        1.392 ¦      464              666         23              0.003 
INFO |        1.395 ¦      465              668         23              0.003 
INFO |        1.398 ¦      466              670         23              0.003 
INFO |        1.401 ¦      467              672         23              0.003 
INFO |        1.404 ¦      468              674         23              0.003 
INFO |        1.407 ¦      469              676         23              0.003 
INFO |        1.410 ¦      470              678         23              0.003 
INFO |        1.413 ¦      471              680         23              0.003 
INFO |        1.416 ¦      472              682         23              0.003 
INFO |        1.419 ¦      473              684         23              0.003 
INFO |        1.422 ¦      474              686         23              0.003 
INFO |        1.425 ¦      475              688         23              0.003 
INFO |        1.428 ¦      476              690         23              0.003 
INFO |        1.431 ¦      477              692         23              0.003 
INFO |        1.434 ¦      478              694         23              0.003 
INFO |        1.437 ¦      479              696         23              0.003 
INFO |        1.440 ¦      480              698         23              0.003 
INFO |        1.443 ¦      481              700         23              0.003 
INFO |        1.446 ¦      482              702         23              0.003 
INFO |        1.449 ¦      483              704         23              0.003 
INFO |        1.452 ¦      484              706         23              0.003 
INFO |        1.455 ¦      485              708         23              0.003 
INFO |        1.458 ¦      486              710         23              0.003 
INFO |        1.461 ¦      487              712         23              0.003 
INFO |        1.464 ¦      488              714         23              0.003 
INFO |        1.467 ¦      489              716         23              0.003 
INFO |        1.470 ¦      490              718         23              0.003 
INFO |        1.473 ¦      491              720         23              0.003 
INFO |        1.476 ¦      492              722         23              0.003 
INFO |        1.479 ¦      493              724         23              0.003 
INFO |        1.482 ¦      494              726         23              0.003 
INFO |        1.485 ¦      495              728         23              0.003 
INFO |        1.488 ¦      496              730         23              0.003 
INFO |        1.491 ¦      497              732         23              0.003 
INFO |        1.494 ¦      498              734         23              0.003 
INFO |        1.497 ¦      499              736         23              0.003 
INFO |        1.500 ¦      500              738         23              0.003 
INFO |        1.503 ¦      501              740         23              0.003 
INFO |        1.506 ¦      502              742         23              0.003 
INFO |        1.509 ¦      503              744         23              0.003 
INFO |        1.512 ¦      504              746         23              0.003 
INFO |        1.515 ¦      505              748         23              0.003 
INFO |        1.518 ¦      506              750         23              0.003 
INFO |        1.521 ¦      507              752         23              0.003 
INFO |        1.524 ¦      508              754         23              0.003 
INFO |        1.527 ¦      509              756         23              0.003 
INFO |        1.530 ¦      510              758         23              0.003 
INFO |        1.533 ¦      511              760         23              0.003 
INFO |        1.536 ¦      512              762         23              0.003 
INFO |        1.539 ¦      513              764         23              0.003 
INFO |        1.542 ¦      514              766         23              0.003 
INFO |        1.545 ¦      515              768         23              0.003 
INFO |        1.548 ¦      516              770         23              0.003 
INFO |        1.551 ¦      517              772         23              0.003 
INFO |        1.554 ¦      518              774         23              0.003 
INFO |        1.557 ¦      519              776         23              0.003 
INFO |        1.560 ¦      520              778         23              0.003 
INFO |        1.563 ¦      521              780         23              0.003 
INFO |        1.566 ¦      522              782         23              0.003 
INFO |        1.569 ¦      523              784         23              0.003 
INFO |        1.572 ¦      524              786         23              0.003 
INFO |        1.575 ¦      525              788         23              0.003 
INFO |        1.578 ¦      526              790         23              0.003 
INFO |        1.581 ¦      527              792         23              0.003 
INFO |        1.584 ¦      528              794         23              0.003 
INFO |        1.587 ¦      529              796         23              0.003 
INFO |        1.590 ¦      530              798         23              0.003 
INFO |        1.593 ¦      531              800         23              0.003 
INFO |        1.596 ¦      532              802         23              0.003 
INFO |        1.599 ¦      533              804         23              0.003 
INFO |        1.602 ¦      534              806         23              0.003 
INFO |        1.605 ¦      535              808         23              0.003 
INFO |        1.608 ¦      536              810         23              0.003 
INFO |        1.611 ¦      537              812         23              0.003 
INFO |        1.614 ¦      538              814         23              0.003 
INFO |        1.617 ¦      539              816         23              0.003 
INFO |        1.620 ¦      540              818         23              0.003 
INFO |        1.623 ¦      541              820         23              0.003 
INFO |        1.626 ¦      542              822         23              0.003 
INFO |        1.629 ¦      543              824         23              0.003 
INFO |        1.632 ¦      544              826         23              0.003 
INFO |        1.635 ¦      545              828         23              0.003 
INFO |        1.638 ¦      546              830         23              0.003 
INFO |        1.641 ¦      547              832         23              0.003 
INFO |        1.644 ¦      548              834         23              0.003 
INFO |        1.647 ¦      549              836         23              0.003 
INFO |        1.650 ¦      550              838         23              0.003 
INFO |        1.653 ¦      551              840         23              0.003 
INFO |        1.656 ¦      552              842         23              0.003 
INFO |        1.659 ¦      553              844         23              0.003 
INFO |        1.662 ¦      554              846         23              0.003 
INFO |        1.665 ¦      555              848         23              0.003 
INFO |        1.668 ¦      556              850         23              0.003 
INFO |        1.671 ¦      557              852         23              0.003 
INFO |        1.674 ¦      558              854         23              0.003 
INFO |        1.677 ¦      559              856         23              0.003 
INFO |        1.680 ¦      560              858         23              0.003 
INFO |        1.683 ¦      561              860         23              0.003 
INFO |        1.686 ¦      562              862         23              0.003 
INFO |        1.689 ¦      563              864         23              0.003 
INFO |        1.692 ¦      564              866         23              0.003 
INFO |        1.695 ¦      565              868         23              0.003 
INFO |        1.698 ¦      566              870         23              0.003 
INFO |        1.701 ¦      567              872         23              0.003 
INFO |        1.704 ¦      568              874         23              0.003 
INFO |        1.707 ¦      569              876         23              0.003 
INFO |        1.710 ¦      570              878         23              0.003 
INFO |        1.713 ¦      571              880         23              0.003 
INFO |        1.716 ¦      572              882         23              0.003 
INFO |        1.719 ¦      573              884         23              0.003 
INFO |        1.722 ¦      574              886         23              0.003 
INFO |        1.725 ¦      575              888         23              0.003 
INFO |        1.728 ¦      576              890         23              0.003 
INFO |        1.731 ¦      577              892         23              0.003 
INFO |        1.734 ¦      578              894         23              0.003 
INFO |        1.737 ¦      579              896         23              0.003 
INFO |        1.740 ¦      580              898         23              0.003 
INFO |        1.743 ¦      581              900         23              0.003 
INFO |        1.746 ¦      582              902         23              0.003 
INFO |        1.749 ¦      583              904         23              0.003 
INFO |        1.752 ¦      584              906         23              0.003 
INFO |        1.755 ¦      585              908         23              0.003 
INFO |        1.758 ¦      586              910         23              0.003 
INFO |        1.761 ¦      587              912         23              0.003 
INFO |        1.764 ¦      588              914         23              0.003 
INFO |        1.767 ¦      589              916         23              0.003 
INFO |        1.770 ¦      590              918         23              0.003 
INFO |        1.773 ¦      591              920         23              0.003 
INFO |        1.776 ¦      592              922         23              0.003 
INFO |        1.779 ¦      593              924         23              0.003 
INFO |        1.782 ¦      594              926         23              0.003 
INFO |        1.785 ¦      595              928         23              0.003 
INFO |        1.788 ¦      596              930         23              0.003 
INFO |        1.791 ¦      597              932         23              0.003 
INFO |        1.794 ¦      598              934         23              0.003 
INFO |        1.797 ¦      599              936         23              0.003 
INFO |        1.800 ¦      600              938         23              0.003 
INFO |        1.803 ¦      601              940         23              0.003 
INFO |        1.806 ¦      602              942         23              0.003 
INFO |        1.809 ¦      603              944         23              0.003 
INFO |        1.812 ¦      604              946         23              0.003 
INFO |        1.815 ¦      605              948         23              0.003 
INFO |        1.818 ¦      606              950         23              0.003 
INFO |        1.821 ¦      607              952         23              0.003 
INFO |        1.824 ¦      608              954         23              0.003 
INFO |        1.827 ¦      609              956         23              0.003 
INFO |        1.830 ¦      610              958         23              0.003 
INFO |        1.833 ¦      611              960         23              0.003 
INFO |        1.836 ¦      612              962         23              0.003 
INFO |        1.839 ¦      613              964         23              0.003 
INFO |        1.842 ¦      614              966         23              0.003 
INFO |        1.845 ¦      615              968         23              0.003 
INFO |        1.848 ¦      616              970         23              0.003 
INFO |        1.851 ¦      617              972         23              0.003 
INFO |        1.854 ¦      618              974         23              0.003 
INFO |        1.857 ¦      619              976         23              0.003 
INFO |        1.860 ¦      620              978         23              0.003 
INFO |        1.863 ¦      621              980         23              0.003 
INFO |        1.866 ¦      622              982         23              0.003 
INFO |        1.869 ¦      623              984         23              0.003 
INFO |        1.872 ¦      624              986         23              0.003 
INFO |        1.875 ¦      625              988         23              0.003 
INFO |        1.878 ¦      626              990         23              0.003 
INFO |        1.881 ¦      627              992         23              0.003 
INFO |        1.884 ¦      628              994         23              0.003 
INFO |        1.887 ¦      629              996         23              0.003 
INFO |        1.890 ¦      630              998         23              0.003 
INFO |        1.893 ¦      631             1000         23              0.003 
INFO |        1.896 ¦      632             1002         23              0.003 
INFO |        1.899 ¦      633             1004         23              0.003 
INFO |        1.902 ¦      634             1006         23              0.003 
INFO |        1.905 ¦      635             1008         23              0.003 
INFO |        1.908 ¦      636             1010         23              0.003 
INFO |        1.911 ¦      637             1012         23              0.003 
INFO | Algebraic mode change at t = 1.914
INFO |        1.914 ¦      638             1014         23              0.003 
INFO | calculation of the new starting point of the simulation.
INFO |        1.914 ¦      638             1015         23              0.003 
INFO | Algebraic mode change at t = 1.917
INFO |        1.917 ¦      639             1017         23              0.003 
INFO | calculation of the new starting point of the simulation.
INFO |        1.917 ¦      639             1018         23              0.003 
INFO |        1.920 ¦      640             1020         23              0.003 
INFO |        1.923 ¦      641             1022         23              0.003 
INFO |        1.926 ¦      642             1024         23              0.003 
INFO |        1.929 ¦      643             1026         23              0.003 
INFO |        1.932 ¦      644             1028         23              0.003 
INFO |        1.935 ¦      645             1030         23              0.003 
INFO |        1.938 ¦      646             1032         23              0.003 
INFO |        1.941 ¦      647             1034         23              0.003 
INFO |        1.944 ¦      648             1036         23              0.003 
INFO |        1.947 ¦      649             1038         23              0.003 
INFO |        1.950 ¦      650             1040         23              0.003 
INFO |        1.953 ¦      651             1042         23              0.003 
INFO |        1.956 ¦      652             1044         23              0.003 
INFO |        1.959 ¦      653             1046         23              0.003 
INFO |        1.962 ¦      654             1048         23              0.003 
INFO |        1.965 ¦      655             1050         23              0.003 
INFO |        1.968 ¦      656             1052         23              0.003 
INFO |        1.971 ¦      657             1054         23              0.003 
INFO |        1.974 ¦      658             1056         23              0.003 
INFO |        1.977 ¦      659             1058         23              0.003 
INFO |        1.980 ¦      660             1060         23              0.003 
INFO |        1.983 ¦      661             1062         23              0.003 
INFO |        1.986 ¦      662             1064         23              0.003 
INFO |        1.989 ¦      663             1066         23              0.003 
INFO |        1.992 ¦      664             1068         23              0.003 
INFO |        1.995 ¦      665             1070         23              0.003 
INFO |        1.998 ¦      666             1072         23              0.003 
INFO |        2.001 ¦      667             1074         23              0.003 
INFO |        2.004 ¦      668             1076         23              0.003 
INFO |        2.007 ¦      669             1078         23              0.003 
INFO |        2.010 ¦      670             1080         23              0.003 
INFO |        2.013 ¦      671             1082         23              0.003 
INFO |        2.016 ¦      672             1084         23              0.003 
INFO |        2.019 ¦      673             1086         23              0.003 
INFO |        2.022 ¦      674             1088         23              0.003 
INFO |        2.025 ¦      675             1090         23              0.003 
INFO |        2.028 ¦      676             1092         23              0.003 
INFO |        2.031 ¦      677             1094         23              0.003 
INFO |        2.034 ¦      678             1096         23              0.003 
INFO |        2.037 ¦      679             1098         23              0.003 
INFO |        2.040 ¦      680             1100         23              0.003 
INFO |        2.043 ¦      681             1102         23              0.003 
INFO |        2.046 ¦      682             1104         23              0.003 
INFO |        2.049 ¦      683             1106         23              0.003 
INFO |        2.052 ¦      684             1108         23              0.003 
INFO |        2.055 ¦      685             1110         23              0.003 
INFO |        2.058 ¦      686             1112         23              0.003 
INFO |        2.061 ¦      687             1114         23              0.003 
INFO |        2.064 ¦      688             1116         23              0.003 
INFO |        2.067 ¦      689             1118         23              0.003 
INFO |        2.070 ¦      690             1120         23              0.003 
INFO |        2.073 ¦      691             1122         23              0.003 
INFO |        2.076 ¦      692             1124         23              0.003 
INFO |        2.079 ¦      693             1126         23              0.003 
INFO |        2.082 ¦      694             1128         23              0.003 
INFO |        2.085 ¦      695             1130         23              0.003 
INFO |        2.088 ¦      696             1132         23              0.003 
INFO |        2.091 ¦      697             1134         23              0.003 
INFO |        2.094 ¦      698             1136         23              0.003 
INFO |        2.097 ¦      699             1138         23              0.003 
INFO |        2.100 ¦      700             1140         23              0.003 
INFO |        2.103 ¦      701             1142         23              0.003 
INFO |        2.106 ¦      702             1144         23              0.003 
INFO |        2.109 ¦      703             1146         23              0.003 
INFO |        2.112 ¦      704             1148         23              0.003 
INFO |        2.115 ¦      705             1150         23              0.003 
INFO |        2.118 ¦      706             1152         23              0.003 
INFO |        2.121 ¦      707             1154         23              0.003 
INFO |        2.124 ¦      708             1156         23              0.003 
INFO |        2.127 ¦      709             1158         23              0.003 
INFO |        2.130 ¦      710             1160         23              0.003 
INFO |        2.133 ¦      711             1162         23              0.003 
INFO |        2.136 ¦      712             1164         23              0.003 
INFO |        2.139 ¦      713             1166         23              0.003 
INFO |        2.142 ¦      714             1168         23              0.003 
INFO |        2.145 ¦      715             1170         23              0.003 
INFO |        2.148 ¦      716             1172         23              0.003 
INFO |        2.151 ¦      717             1174         23              0.003 
INFO |        2.154 ¦      718             1176         23              0.003 
INFO |        2.157 ¦      719             1178         23              0.003 
INFO |        2.160 ¦      720             1180         23              0.003 
INFO |        2.163 ¦      721             1182         23              0.003 
INFO |        2.166 ¦      722             1184         23              0.003 
INFO |        2.169 ¦      723             1186         23              0.003 
INFO |        2.172 ¦      724             1188         23              0.003 
INFO |        2.175 ¦      725             1190         23              0.003 
INFO |        2.178 ¦      726             1192         23              0.003 
INFO |        2.181 ¦      727             1194         23              0.003 
INFO |        2.184 ¦      728             1196         23              0.003 
INFO |        2.187 ¦      729             1198         23              0.003 
INFO |        2.190 ¦      730             1200         23              0.003 
INFO |        2.193 ¦      731             1202         23              0.003 
INFO |        2.196 ¦      732             1204         23              0.003 
INFO |        2.199 ¦      733             1206         23              0.003 
INFO |        2.202 ¦      734             1208         23              0.003 
INFO |        2.205 ¦      735             1210         23              0.003 
INFO |        2.208 ¦      736             1212         23              0.003 
INFO |        2.211 ¦      737             1214         23              0.003 
INFO |        2.214 ¦      738             1216         23              0.003 
INFO |        2.217 ¦      739             1218         23              0.003 
INFO |        2.220 ¦      740             1220         23              0.003 
INFO |        2.223 ¦      741             1222         23              0.003 
INFO |        2.226 ¦      742             1224         23              0.003 
INFO |        2.229 ¦      743             1226         23              0.003 
INFO |        2.232 ¦      744             1228         23              0.003 
INFO |        2.235 ¦      745             1230         23              0.003 
INFO |        2.238 ¦      746             1232         23              0.003 
INFO |        2.241 ¦      747             1234         23              0.003 
INFO |        2.244 ¦      748             1236         23              0.003 
INFO |        2.247 ¦      749             1238         23              0.003 
INFO |        2.250 ¦      750             1240         23              0.003 
INFO |        2.253 ¦      751             1242         23              0.003 
INFO |        2.256 ¦      752             1244         23              0.003 
INFO |        2.259 ¦      753             1246         23              0.003 
INFO |        2.262 ¦      754             1248         23              0.003 
INFO |        2.265 ¦      755             1250         23              0.003 
INFO |        2.268 ¦      756             1252         23              0.003 
INFO |        2.271 ¦      757             1254         23              0.003 
INFO |        2.274 ¦      758             1256         23              0.003 
INFO |        2.277 ¦      759             1258         23              0.003 
INFO |        2.280 ¦      760             1260         23              0.003 
INFO |        2.283 ¦      761             1262         23              0.003 
INFO |        2.286 ¦      762             1264         23              0.003 
INFO |        2.289 ¦      763             1266         23              0.003 
INFO |        2.292 ¦      764             1268         23              0.003 
INFO |        2.295 ¦      765             1270         23              0.003 
INFO |        2.298 ¦      766             1272         23              0.003 
INFO |        2.301 ¦      767             1274         23              0.003 
INFO |        2.304 ¦      768             1276         23              0.003 
INFO |        2.307 ¦      769             1278         23              0.003 
INFO |        2.310 ¦      770             1280         23              0.003 
INFO |        2.313 ¦      771             1282         23              0.003 
INFO |        2.316 ¦      772             1284         23              0.003 
INFO |        2.319 ¦      773             1286         23              0.003 
INFO |        2.322 ¦      774             1288         23              0.003 
INFO |        2.325 ¦      775             1290         23              0.003 
INFO |        2.328 ¦      776             1292         23              0.003 
INFO |        2.331 ¦      777             1294         23              0.003 
INFO |        2.334 ¦      778             1296         23              0.003 
INFO |        2.337 ¦      779             1298         23              0.003 
INFO |        2.340 ¦      780             1300         23              0.003 
INFO |        2.343 ¦      781             1302         23              0.003 
INFO |        2.346 ¦      782             1304         23              0.003 
INFO |        2.349 ¦      783             1306         23              0.003 
INFO |        2.352 ¦      784             1308         23              0.003 
INFO |        2.355 ¦      785             1310         23              0.003 
INFO |        2.358 ¦      786             1312         23              0.003 
INFO |        2.361 ¦      787             1314         23              0.003 
INFO |        2.364 ¦      788             1316         23              0.003 
INFO |        2.367 ¦      789             1318         23              0.003 
INFO |        2.370 ¦      790             1320         23              0.003 
INFO |        2.373 ¦      791             1322         23              0.003 
INFO |        2.376 ¦      792             1324         23              0.003 
INFO |        2.379 ¦      793             1326         23              0.003 
INFO |        2.382 ¦      794             1328         23              0.003 
INFO |        2.385 ¦      795             1330         23              0.003 
INFO |        2.388 ¦      796             1332         23              0.003 
INFO |        2.391 ¦      797             1334         23              0.003 
INFO |        2.394 ¦      798             1336         23              0.003 
INFO |        2.397 ¦      799             1338         23              0.003 
INFO |        2.400 ¦      800             1340         23              0.003 
INFO |        2.403 ¦      801             1342         23              0.003 
INFO |        2.406 ¦      802             1344         23              0.003 
INFO |        2.409 ¦      803             1346         23              0.003 
INFO |        2.412 ¦      804             1348         23              0.003 
INFO |        2.415 ¦      805             1350         23              0.003 
INFO |        2.418 ¦      806             1352         23              0.003 
INFO |        2.421 ¦      807             1354         23              0.003 
INFO |        2.424 ¦      808             1356         23              0.003 
INFO |        2.427 ¦      809             1358         23              0.003 
INFO |        2.430 ¦      810             1360         23              0.003 
INFO |        2.433 ¦      811             1362         23              0.003 
INFO |        2.436 ¦      812             1364         23              0.003 
INFO |        2.439 ¦      813             1366         23              0.003 
INFO |        2.442 ¦      814             1368         23              0.003 
INFO |        2.445 ¦      815             1370         23              0.003 
INFO |        2.448 ¦      816             1372         23              0.003 
INFO |        2.451 ¦      817             1374         23              0.003 
INFO |        2.454 ¦      818             1376         23              0.003 
INFO |        2.457 ¦      819             1378         23              0.003 
INFO |        2.460 ¦      820             1380         23              0.003 
INFO |        2.463 ¦      821             1382         23              0.003 
INFO | Algebraic mode change at t = 2.466
INFO |        2.466 ¦      822             1384         23              0.003 
INFO | calculation of the new starting point of the simulation.
INFO |        2.466 ¦      822             1385         23              0.003 
INFO |        2.469 ¦      823             1387         23              0.003 
INFO |        2.472 ¦      824             1389         23              0.003 
INFO |        2.475 ¦      825             1391         23              0.003 
INFO |        2.478 ¦      826             1393         23              0.003 
INFO |        2.481 ¦      827             1395         23              0.003 
INFO |        2.484 ¦      828             1397         23              0.003 
INFO |        2.487 ¦      829             1399         23              0.003 
INFO | Algebraic mode change at t = 2.49
INFO |        2.490 ¦      830             1401         23              0.003 
INFO | calculation of the new starting point of the simulation.
INFO |        2.490 ¦      830             1402         23              0.003 
INFO |        2.493 ¦      831             1404         23              0.003 
INFO |        2.496 ¦      832             1406         23              0.003 
INFO |        2.499 ¦      833             1407         23              0.003 
INFO |        2.502 ¦      834             1408         23              0.003 
INFO |        2.505 ¦      835             1409         23              0.003 
INFO |        2.508 ¦      836             1410         23              0.003 
INFO |        2.511 ¦      837             1411         23              0.003 
INFO |        2.514 ¦      838             1412         23              0.003 
INFO |        2.517 ¦      839             1413         23              0.003 
INFO |        2.520 ¦      840             1414         23              0.003 
INFO |        2.523 ¦      841             1415         23              0.003 
INFO |        2.526 ¦      842             1416         23              0.003 
INFO |        2.529 ¦      843             1417         23              0.003 
INFO |        2.532 ¦      844             1418         23              0.003 
INFO |        2.535 ¦      845             1419         23              0.003 
INFO |        2.538 ¦      846             1420         23              0.003 
INFO |        2.541 ¦      847             1421         23              0.003 
INFO |        2.544 ¦      848             1422         23              0.003 
INFO |        2.547 ¦      849             1423         23              0.003 
INFO |        2.550 ¦      850             1424         23              0.003 
INFO |        2.553 ¦      851             1425         23              0.003 
INFO |        2.556 ¦      852             1426         23              0.003 
INFO |        2.559 ¦      853             1427         23              0.003 
INFO |        2.562 ¦      854             1428         23              0.003 
INFO |        2.565 ¦      855             1429         23              0.003 
INFO |        2.568 ¦      856             1430         23              0.003 
INFO |        2.571 ¦      857             1431         23              0.003 
INFO |        2.574 ¦      858             1432         23              0.003 
INFO |        2.577 ¦      859             1433         23              0.003 
INFO |        2.580 ¦      860             1434         23              0.003 
INFO |        2.583 ¦      861             1435         23              0.003 
INFO |        2.586 ¦      862             1436         23              0.003 
INFO |        2.589 ¦      863             1437         23              0.003 
INFO |        2.592 ¦      864             1438         23              0.003 
INFO |        2.595 ¦      865             1439         23              0.003 
INFO |        2.598 ¦      866             1440         23              0.003 
INFO |        2.601 ¦      867             1441         23              0.003 
INFO |        2.604 ¦      868             1442         23              0.003 
INFO |        2.607 ¦      869             1443         23              0.003 
INFO |        2.610 ¦      870             1444         23              0.003 
INFO |        2.613 ¦      871             1445         23              0.003 
INFO |        2.616 ¦      872             1446         23              0.003 
INFO |        2.619 ¦      873             1447         23              0.003 
INFO |        2.622 ¦      874             1448         23              0.003 
INFO |        2.625 ¦      875             1449         23              0.003 
INFO |        2.628 ¦      876             1450         23              0.003 
INFO |        2.631 ¦      877             1451         23              0.003 
INFO |        2.634 ¦      878             1452         23              0.003 
INFO |        2.637 ¦      879             1453         23              0.003 
INFO |        2.640 ¦      880             1454         23              0.003 
INFO |        2.643 ¦      881             1455         23              0.003 
INFO |        2.646 ¦      882             1456         23              0.003 
INFO |        2.649 ¦      883             1457         23              0.003 
INFO |        2.652 ¦      884             1458         23              0.003 
INFO |        2.655 ¦      885             1459         23              0.003 
INFO |        2.658 ¦      886             1460         23              0.003 
INFO |        2.661 ¦      887             1461         23              0.003 
INFO |        2.664 ¦      888             1462         23              0.003 
INFO |        2.667 ¦      889             1463         23              0.003 
INFO |        2.670 ¦      890             1464         23              0.003 
INFO |        2.673 ¦      891             1465         23              0.003 
INFO |        2.676 ¦      892             1466         23              0.003 
INFO |        2.679 ¦      893             1467         23              0.003 
INFO |        2.682 ¦      894             1468         23              0.003 
INFO |        2.685 ¦      895             1469         23              0.003 
INFO |        2.688 ¦      896             1470         23              0.003 
INFO |        2.691 ¦      897             1471         23              0.003 
INFO |        2.694 ¦      898             1472         23              0.003 
INFO |        2.697 ¦      899             1473         23              0.003 
INFO |        2.700 ¦      900             1474         23              0.003 
INFO |        2.703 ¦      901             1475         23              0.003 
INFO |        2.706 ¦      902             1476         23              0.003 
INFO |        2.709 ¦      903             1477         23              0.003 
INFO |        2.712 ¦      904             1478         23              0.003 
INFO |        2.715 ¦      905             1479         23              0.003 
INFO |        2.718 ¦      906             1480         23              0.003 
INFO |        2.721 ¦      907             1481         23              0.003 
INFO |        2.724 ¦      908             1482         23              0.003 
INFO |        2.727 ¦      909             1483         23              0.003 
INFO |        2.730 ¦      910             1484         23              0.003 
INFO |        2.733 ¦      911             1485         23              0.003 
INFO |        2.736 ¦      912             1486         23              0.003 
INFO |        2.739 ¦      913             1487         23              0.003 
INFO |        2.742 ¦      914             1488         23              0.003 
INFO |        2.745 ¦      915             1489         23              0.003 
INFO |        2.748 ¦      916             1490         23              0.003 
INFO |        2.751 ¦      917             1491         23              0.003 
INFO |        2.754 ¦      918             1492         23              0.003 
INFO |        2.757 ¦      919             1493         23              0.003 
INFO |        2.760 ¦      920             1494         23              0.003 
INFO |        2.763 ¦      921             1495         23              0.003 
INFO |        2.766 ¦      922             1496         23              0.003 
INFO |        2.769 ¦      923             1497         23              0.003 
INFO |        2.772 ¦      924             1498         23              0.003 
INFO |        2.775 ¦      925             1499         23              0.003 
INFO |        2.778 ¦      926             1500         23              0.003 
INFO |        2.781 ¦      927             1501         23              0.003 
INFO |        2.784 ¦      928             1502         23              0.003 
INFO |        2.787 ¦      929             1503         23              0.003 
INFO |        2.790 ¦      930             1504         23              0.003 
INFO |        2.793 ¦      931             1505         23              0.003 
INFO |        2.796 ¦      932             1506         23              0.003 
INFO |        2.799 ¦      933             1507         23              0.003 
INFO |        2.802 ¦      934             1508         23              0.003 
INFO |        2.805 ¦      935             1509         23              0.003 
INFO |        2.808 ¦      936             1510         23              0.003 
INFO |        2.811 ¦      937             1511         23              0.003 
INFO |        2.814 ¦      938             1512         23              0.003 
INFO |        2.817 ¦      939             1513         23              0.003 
INFO |        2.820 ¦      940             1514         23              0.003 
INFO |        2.823 ¦      941             1515         23              0.003 
INFO |        2.826 ¦      942             1516         23              0.003 
INFO |        2.829 ¦      943             1517         23              0.003 
INFO |        2.832 ¦      944             1518         23              0.003 
INFO |        2.835 ¦      945             1519         23              0.003 
INFO |        2.838 ¦      946             1520         23              0.003 
INFO |        2.841 ¦      947             1521         23              0.003 
INFO |        2.844 ¦      948             1522         23              0.003 
INFO |        2.847 ¦      949             1523         23              0.003 
INFO |        2.850 ¦      950             1524         23              0.003 
INFO |        2.853 ¦      951             1525         23              0.003 
INFO |        2.856 ¦      952             1526         23              0.003 
INFO |        2.859 ¦      953             1527         23              0.003 
INFO |        2.862 ¦      954             1528         23              0.003 
INFO |        2.865 ¦      955             1529         23              0.003 
INFO |        2.868 ¦      956             1530         23              0.003 
INFO |        2.871 ¦      957             1531         23              0.003 
INFO |        2.874 ¦      958             1532         23              0.003 
INFO |        2.877 ¦      959             1533         23              0.003 
INFO |        2.880 ¦      960             1534         23              0.003 
INFO |        2.883 ¦      961             1535         23              0.003 
INFO |        2.886 ¦      962             1536         23              0.003 
INFO |        2.889 ¦      963             1537         23              0.003 
INFO |        2.892 ¦      964             1538         23              0.003 
INFO |        2.895 ¦      965             1539         23              0.003 
INFO |        2.898 ¦      966             1540         23              0.003 
INFO |        2.901 ¦      967             1541         23              0.003 
INFO |        2.904 ¦      968             1542         23              0.003 
INFO |        2.907 ¦      969             1543         23              0.003 
INFO |        2.910 ¦      970             1544         23              0.003 
INFO |        2.913 ¦      971             1545         23              0.003 
INFO |        2.916 ¦      972             1546         23              0.003 
INFO |        2.919 ¦      973             1547         23              0.003 
INFO |        2.922 ¦      974             1548         23              0.003 
INFO |        2.925 ¦      975             1549         23              0.003 
INFO |        2.928 ¦      976             1550         23              0.003 
INFO |        2.931 ¦      977             1551         23              0.003 
INFO |        2.934 ¦      978             1552         23              0.003 
INFO |        2.937 ¦      979             1553         23              0.003 
INFO |        2.940 ¦      980             1554         23              0.003 
INFO |        2.943 ¦      981             1555         23              0.003 
INFO |        2.946 ¦      982             1556         23              0.003 
INFO |        2.949 ¦      983             1557         23              0.003 
INFO |        2.952 ¦      984             1558         23              0.003 
INFO |        2.955 ¦      985             1559         23              0.003 
INFO |        2.958 ¦      986             1560         23              0.003 
INFO |        2.961 ¦      987             1561         23              0.003 
INFO |        2.964 ¦      988             1562         23              0.003 
INFO |        2.967 ¦      989             1563         23              0.003 
INFO |        2.970 ¦      990             1564         23              0.003 
INFO |        2.973 ¦      991             1565         23              0.003 
INFO |        2.976 ¦      992             1566         23              0.003 
INFO |        2.979 ¦      993             1567         23              0.003 
INFO |        2.982 ¦      994             1568         23              0.003 
INFO |        2.985 ¦      995             1569         23              0.003 
INFO |        2.988 ¦      996             1570         23              0.003 
INFO |        2.991 ¦      997             1571         23              0.003 
INFO |        2.994 ¦      998             1572         23              0.003 
INFO |        2.997 ¦      999             1573         23              0.003 
INFO |        3.000 ¦     1000             1574         23              0.003 
INFO | 
INFO | execution statistics :
INFO | 
INFO | number of time iterations                                  = 1000
INFO | number of residual evaluations                             = 2465
INFO | number of Jacobian evaluations                             = 10
INFO | number of nonlinear iterations                             = 1527
INFO | number of error test failures                              = 0
INFO | number of nonlinear convergence failures                   = 0
INFO | number of solver root functions evaluations                = 0
INFO | number of internal root functions evaluations              = 1046
INFO | number of discrete variables evaluations                   = 69
INFO | number of mode evaluations                                 = 55
INFO | number of differential mode                                = 0
INFO | number of algebraic mode                                   = 0
INFO | number of algebraic J update mode                          = 0
INFO | number of algebraic restoration residual evaluations       = 82
INFO | number of algebraic restoration Jacobian evaluations       = 13
INFO | number of algebraic prim restoration residual evaluations  = 0
INFO | number of algebraic prim restoration Jacobian evaluations  = 0
INFO | end of job 'All converter-interfaced 5-machine system (3 GFM + 2 GFL) - Fault'
