2020-08-31 17:03:29 | INFO |  ============================================================
2020-08-31 17:03:29 | INFO | DYNAWO VERSION  :     1.1.0
2020-08-31 17:03:29 | INFO | DYNAWO REVISION :  ModalAnalysis-3a330ea9
2020-08-31 17:03:29 | INFO |  ============================================================
2020-08-31 17:03:29 | INFO | DDB Dir : /home/koukimohamed/dynawo/install/gcc6.3.0/ModalAnalysis/Release-cxx11/shared/dynawo/ddb/
2020-08-31 17:03:29 | DEBUG | /home/koukimohamed/dynawo/install/gcc6.3.0/ModalAnalysis/Release-cxx11/shared/dynawo/ddb/Line.so
2020-08-31 17:03:29 | DEBUG | /home/koukimohamed/dynawo/install/gcc6.3.0/ModalAnalysis/Release-cxx11/shared/dynawo/ddb/TapChangerBlockingArea.so
2020-08-31 17:03:29 | DEBUG | /home/koukimohamed/dynawo/install/gcc6.3.0/ModalAnalysis/Release-cxx11/shared/dynawo/ddb/EventSetPointBoolean.so
2020-08-31 17:03:29 | DEBUG | /home/koukimohamed/dynawo/install/gcc6.3.0/ModalAnalysis/Release-cxx11/shared/dynawo/ddb/GeneratorSynchronousFourWindingsProportionalRegulations.so
2020-08-31 17:03:29 | DEBUG | /home/koukimohamed/dynawo/install/gcc6.3.0/ModalAnalysis/Release-cxx11/shared/dynawo/ddb/DYNModelOmegaRef.so
2020-08-31 17:03:29 | DEBUG | /home/koukimohamed/dynawo/install/gcc6.3.0/ModalAnalysis/Release-cxx11/shared/dynawo/ddb/GeneratorPQ.so
2020-08-31 17:03:29 | DEBUG | /home/koukimohamed/dynawo/install/gcc6.3.0/ModalAnalysis/Release-cxx11/shared/dynawo/ddb/EventQuadripoleConnection.so
2020-08-31 17:03:29 | DEBUG | /home/koukimohamed/dynawo/install/gcc6.3.0/ModalAnalysis/Release-cxx11/shared/dynawo/ddb/LoadTwoTransformersTapChangers.so
2020-08-31 17:03:29 | DEBUG | /home/koukimohamed/dynawo/install/gcc6.3.0/ModalAnalysis/Release-cxx11/shared/dynawo/ddb/GeneratorSynchronousThreeWindingsProportionalRegulations.so
2020-08-31 17:03:29 | DEBUG | /home/koukimohamed/dynawo/install/gcc6.3.0/ModalAnalysis/Release-cxx11/shared/dynawo/ddb/GeneratorSynchronousThreeWindingsGoverPropVRPropInt.so
2020-08-31 17:03:29 | DEBUG | /home/koukimohamed/dynawo/install/gcc6.3.0/ModalAnalysis/Release-cxx11/shared/dynawo/ddb/GeneratorSynchronousFourWindings.so
2020-08-31 17:03:29 | DEBUG | /home/koukimohamed/dynawo/install/gcc6.3.0/ModalAnalysis/Release-cxx11/shared/dynawo/ddb/EventSetPointDoubleReal.so
2020-08-31 17:03:29 | DEBUG | /home/koukimohamed/dynawo/install/gcc6.3.0/ModalAnalysis/Release-cxx11/shared/dynawo/ddb/DYNModelNetwork.so
2020-08-31 17:03:29 | DEBUG | /home/koukimohamed/dynawo/install/gcc6.3.0/ModalAnalysis/Release-cxx11/shared/dynawo/ddb/EventQuadripoleDisconnection.so
2020-08-31 17:03:29 | DEBUG | /home/koukimohamed/dynawo/install/gcc6.3.0/ModalAnalysis/Release-cxx11/shared/dynawo/ddb/TransformerFixedRatio.so
2020-08-31 17:03:29 | DEBUG | /home/koukimohamed/dynawo/install/gcc6.3.0/ModalAnalysis/Release-cxx11/shared/dynawo/ddb/PhaseShifterI.so
2020-08-31 17:03:29 | DEBUG | /home/koukimohamed/dynawo/install/gcc6.3.0/ModalAnalysis/Release-cxx11/shared/dynawo/ddb/Step.so
2020-08-31 17:03:29 | DEBUG | /home/koukimohamed/dynawo/install/gcc6.3.0/ModalAnalysis/Release-cxx11/shared/dynawo/ddb/TapChangerAutomaton.so
2020-08-31 17:03:29 | DEBUG | /home/koukimohamed/dynawo/install/gcc6.3.0/ModalAnalysis/Release-cxx11/shared/dynawo/ddb/GridFormingConverterDispatchableVirtualOscillatorControl.so
2020-08-31 17:03:29 | DEBUG | /home/koukimohamed/dynawo/install/gcc6.3.0/ModalAnalysis/Release-cxx11/shared/dynawo/ddb/GeneratorFictitious.so
2020-08-31 17:03:29 | DEBUG | /home/koukimohamed/dynawo/install/gcc6.3.0/ModalAnalysis/Release-cxx11/shared/dynawo/ddb/LoadOneTransformer.so
2020-08-31 17:03:29 | DEBUG | /home/koukimohamed/dynawo/install/gcc6.3.0/ModalAnalysis/Release-cxx11/shared/dynawo/ddb/DYNModelVariationArea.so
2020-08-31 17:03:29 | DEBUG | /home/koukimohamed/dynawo/install/gcc6.3.0/ModalAnalysis/Release-cxx11/shared/dynawo/ddb/GenericAutomaton.so
2020-08-31 17:03:29 | DEBUG | /home/koukimohamed/dynawo/install/gcc6.3.0/ModalAnalysis/Release-cxx11/shared/dynawo/ddb/GridFormingConverterDroopControl.so
2020-08-31 17:03:29 | DEBUG | /home/koukimohamed/dynawo/install/gcc6.3.0/ModalAnalysis/Release-cxx11/shared/dynawo/ddb/LoadAlphaBeta.so
2020-08-31 17:03:29 | DEBUG | /home/koukimohamed/dynawo/install/gcc6.3.0/ModalAnalysis/Release-cxx11/shared/dynawo/ddb/LoadTwoTransformers.so
2020-08-31 17:03:29 | DEBUG | /home/koukimohamed/dynawo/install/gcc6.3.0/ModalAnalysis/Release-cxx11/shared/dynawo/ddb/GeneratorSynchronousThreeWindings.so
2020-08-31 17:03:29 | DEBUG | /home/koukimohamed/dynawo/install/gcc6.3.0/ModalAnalysis/Release-cxx11/shared/dynawo/ddb/EventSetPointReal.so
2020-08-31 17:03:29 | DEBUG | /home/koukimohamed/dynawo/install/gcc6.3.0/ModalAnalysis/Release-cxx11/shared/dynawo/ddb/GridFormingConverterMatchingControl.so
2020-08-31 17:03:29 | DEBUG | /home/koukimohamed/dynawo/install/gcc6.3.0/ModalAnalysis/Release-cxx11/shared/dynawo/ddb/GeneratorSynchronousFourWindingsGoverPropVRPropInt.so
2020-08-31 17:03:29 | DEBUG | /home/koukimohamed/dynawo/install/gcc6.3.0/ModalAnalysis/Release-cxx11/shared/dynawo/ddb/StaticVarCompensator.so
2020-08-31 17:03:29 | DEBUG | /home/koukimohamed/dynawo/install/gcc6.3.0/ModalAnalysis/Release-cxx11/shared/dynawo/ddb/EventConnectedStatus.so
2020-08-31 17:03:29 | DEBUG | /home/koukimohamed/dynawo/install/gcc6.3.0/ModalAnalysis/Release-cxx11/shared/dynawo/ddb/InfiniteBus.so
2020-08-31 17:03:29 | DEBUG | /home/koukimohamed/dynawo/install/gcc6.3.0/ModalAnalysis/Release-cxx11/shared/dynawo/ddb/HVDCStandard.so
2020-08-31 17:03:29 | DEBUG | /home/koukimohamed/dynawo/install/gcc6.3.0/ModalAnalysis/Release-cxx11/shared/dynawo/ddb/PhaseShifterP.so
2020-08-31 17:03:29 | DEBUG | /home/koukimohamed/dynawo/install/gcc6.3.0/ModalAnalysis/Release-cxx11/shared/dynawo/ddb/NodeFault.so
2020-08-31 17:03:29 | DEBUG | /home/koukimohamed/dynawo/install/gcc6.3.0/ModalAnalysis/Release-cxx11/shared/dynawo/ddb/InjectorBG.so
2020-08-31 17:03:29 | DEBUG | /home/koukimohamed/dynawo/install/gcc6.3.0/ModalAnalysis/Release-cxx11/shared/dynawo/ddb/UnderVoltageAutomaton.so
2020-08-31 17:03:29 | DEBUG | /home/koukimohamed/dynawo/install/gcc6.3.0/ModalAnalysis/Release-cxx11/shared/dynawo/ddb/LoadOneTransformerTapChanger.so
2020-08-31 17:03:29 | DEBUG | /home/koukimohamed/dynawo/install/gcc6.3.0/ModalAnalysis/Release-cxx11/shared/dynawo/ddb/LoadPQ.so
2020-08-31 17:03:29 | DEBUG | /home/koukimohamed/dynawo/install/gcc6.3.0/ModalAnalysis/Release-cxx11/shared/dynawo/ddb/GeneratorPV.so
2020-08-31 17:03:29 | DEBUG | /home/koukimohamed/dynawo/install/gcc6.3.0/ModalAnalysis/Release-cxx11/shared/dynawo/ddb/SetPoint.so
2020-08-31 17:03:29 | DEBUG | /home/koukimohamed/dynawo/install/gcc6.3.0/ModalAnalysis/Release-cxx11/shared/dynawo/ddb/CurrentLimitAutomaton.so
2020-08-31 17:03:29 | DEBUG |
2020-08-31 17:03:29 | DEBUG | compilation files (and packages)
2020-08-31 17:03:29 | DEBUG | /home/koukimohamed/dynawo/install/gcc6.3.0/ModalAnalysis/Release-cxx11/shared/dynawo/ddb/Dynawo/package.mo
2020-08-31 17:03:29 | DEBUG |
2020-08-31 17:03:29 | DEBUG | External variable files
2020-08-31 17:03:29 | DEBUG | /home/koukimohamed/dynawo/install/gcc6.3.0/ModalAnalysis/Release-cxx11/shared/dynawo/ddb/CurrentLimitAutomaton.extvar
2020-08-31 17:03:29 | DEBUG | /home/koukimohamed/dynawo/install/gcc6.3.0/ModalAnalysis/Release-cxx11/shared/dynawo/ddb/Dynawo/Electrical/Buses/Bus.extvar
2020-08-31 17:03:29 | DEBUG | /home/koukimohamed/dynawo/install/gcc6.3.0/ModalAnalysis/Release-cxx11/shared/dynawo/ddb/Dynawo/Electrical/Buses/InfiniteBus.extvar
2020-08-31 17:03:29 | DEBUG | /home/koukimohamed/dynawo/install/gcc6.3.0/ModalAnalysis/Release-cxx11/shared/dynawo/ddb/Dynawo/Electrical/Controls/Converters/BaseControls/CurrentLoop.extvar
2020-08-31 17:03:29 | DEBUG | /home/koukimohamed/dynawo/install/gcc6.3.0/ModalAnalysis/Release-cxx11/shared/dynawo/ddb/Dynawo/Electrical/Controls/Converters/BaseControls/DCVoltageControl.extvar
2020-08-31 17:03:29 | DEBUG | /home/koukimohamed/dynawo/install/gcc6.3.0/ModalAnalysis/Release-cxx11/shared/dynawo/ddb/Dynawo/Electrical/Controls/Converters/BaseControls/DispatchableVirtualOscillatorControl.extvar
2020-08-31 17:03:29 | DEBUG | /home/koukimohamed/dynawo/install/gcc6.3.0/ModalAnalysis/Release-cxx11/shared/dynawo/ddb/Dynawo/Electrical/Controls/Converters/BaseControls/DroopControl.extvar
2020-08-31 17:03:29 | DEBUG | /home/koukimohamed/dynawo/install/gcc6.3.0/ModalAnalysis/Release-cxx11/shared/dynawo/ddb/Dynawo/Electrical/Controls/Converters/BaseControls/MatchingControl.extvar
2020-08-31 17:03:29 | DEBUG | /home/koukimohamed/dynawo/install/gcc6.3.0/ModalAnalysis/Release-cxx11/shared/dynawo/ddb/Dynawo/Electrical/Controls/Converters/BaseControls/VirtualImpedance.extvar
2020-08-31 17:03:29 | DEBUG | /home/koukimohamed/dynawo/install/gcc6.3.0/ModalAnalysis/Release-cxx11/shared/dynawo/ddb/Dynawo/Electrical/Controls/Converters/BaseControls/VoltageLoop.extvar
2020-08-31 17:03:29 | DEBUG | /home/koukimohamed/dynawo/install/gcc6.3.0/ModalAnalysis/Release-cxx11/shared/dynawo/ddb/Dynawo/Electrical/Controls/Converters/GridFormingControlDispatchableVirtualOscillatorControl.extvar
2020-08-31 17:03:29 | DEBUG | /home/koukimohamed/dynawo/install/gcc6.3.0/ModalAnalysis/Release-cxx11/shared/dynawo/ddb/Dynawo/Electrical/Controls/Converters/GridFormingControlDroopControl.extvar
2020-08-31 17:03:29 | DEBUG | /home/koukimohamed/dynawo/install/gcc6.3.0/ModalAnalysis/Release-cxx11/shared/dynawo/ddb/Dynawo/Electrical/Controls/Converters/GridFormingControlMatchingControl.extvar
2020-08-31 17:03:29 | DEBUG | /home/koukimohamed/dynawo/install/gcc6.3.0/ModalAnalysis/Release-cxx11/shared/dynawo/ddb/Dynawo/Electrical/Controls/Current/CurrentLimitAutomaton.extvar
2020-08-31 17:03:29 | DEBUG | /home/koukimohamed/dynawo/install/gcc6.3.0/ModalAnalysis/Release-cxx11/shared/dynawo/ddb/Dynawo/Electrical/Controls/Generic/GenericAutomaton.extvar
2020-08-31 17:03:29 | DEBUG | /home/koukimohamed/dynawo/install/gcc6.3.0/ModalAnalysis/Release-cxx11/shared/dynawo/ddb/Dynawo/Electrical/Controls/Machines/Governors/GoverProportional.extvar
2020-08-31 17:03:29 | DEBUG | /home/koukimohamed/dynawo/install/gcc6.3.0/ModalAnalysis/Release-cxx11/shared/dynawo/ddb/Dynawo/Electrical/Controls/Machines/Protections/UVA.extvar
2020-08-31 17:03:29 | DEBUG | /home/koukimohamed/dynawo/install/gcc6.3.0/ModalAnalysis/Release-cxx11/shared/dynawo/ddb/Dynawo/Electrical/Controls/Machines/VoltageRegulators/VRProportional.extvar
2020-08-31 17:03:29 | DEBUG | /home/koukimohamed/dynawo/install/gcc6.3.0/ModalAnalysis/Release-cxx11/shared/dynawo/ddb/Dynawo/Electrical/Controls/Machines/VoltageRegulators/VRProportionalIntegral.extvar
2020-08-31 17:03:29 | DEBUG | /home/koukimohamed/dynawo/install/gcc6.3.0/ModalAnalysis/Release-cxx11/shared/dynawo/ddb/Dynawo/Electrical/Controls/Machines/VoltageRegulators/VRProportionalReactiveFeedback.extvar
2020-08-31 17:03:29 | DEBUG | /home/koukimohamed/dynawo/install/gcc6.3.0/ModalAnalysis/Release-cxx11/shared/dynawo/ddb/Dynawo/Electrical/Controls/PLL/PLL.extvar
2020-08-31 17:03:29 | DEBUG | /home/koukimohamed/dynawo/install/gcc6.3.0/ModalAnalysis/Release-cxx11/shared/dynawo/ddb/Dynawo/Electrical/Controls/Transformers/PhaseShifterI.extvar
2020-08-31 17:03:29 | DEBUG | /home/koukimohamed/dynawo/install/gcc6.3.0/ModalAnalysis/Release-cxx11/shared/dynawo/ddb/Dynawo/Electrical/Controls/Transformers/PhaseShifterP.extvar
2020-08-31 17:03:29 | DEBUG | /home/koukimohamed/dynawo/install/gcc6.3.0/ModalAnalysis/Release-cxx11/shared/dynawo/ddb/Dynawo/Electrical/Controls/Transformers/TapChanger.extvar
2020-08-31 17:03:29 | DEBUG | /home/koukimohamed/dynawo/install/gcc6.3.0/ModalAnalysis/Release-cxx11/shared/dynawo/ddb/Dynawo/Electrical/Controls/Voltage/TCL.extvar
2020-08-31 17:03:29 | DEBUG | /home/koukimohamed/dynawo/install/gcc6.3.0/ModalAnalysis/Release-cxx11/shared/dynawo/ddb/Dynawo/Electrical/Events/NodeFault.extvar
2020-08-31 17:03:29 | DEBUG | /home/koukimohamed/dynawo/install/gcc6.3.0/ModalAnalysis/Release-cxx11/shared/dynawo/ddb/Dynawo/Electrical/HVDC/Standard/HVDCStandard.extvar
2020-08-31 17:03:29 | DEBUG | /home/koukimohamed/dynawo/install/gcc6.3.0/ModalAnalysis/Release-cxx11/shared/dynawo/ddb/Dynawo/Electrical/Lines/Line.extvar
2020-08-31 17:03:29 | DEBUG | /home/koukimohamed/dynawo/install/gcc6.3.0/ModalAnalysis/Release-cxx11/shared/dynawo/ddb/Dynawo/Electrical/Loads/LoadAlphaBeta.extvar
2020-08-31 17:03:29 | DEBUG | /home/koukimohamed/dynawo/install/gcc6.3.0/ModalAnalysis/Release-cxx11/shared/dynawo/ddb/Dynawo/Electrical/Loads/LoadPQ.extvar
2020-08-31 17:03:29 | DEBUG | /home/koukimohamed/dynawo/install/gcc6.3.0/ModalAnalysis/Release-cxx11/shared/dynawo/ddb/Dynawo/Electrical/Loads/SwitchOffLoad.extvar
2020-08-31 17:03:29 | DEBUG | /home/koukimohamed/dynawo/install/gcc6.3.0/ModalAnalysis/Release-cxx11/shared/dynawo/ddb/Dynawo/Electrical/Machines/GeneratorFictitious.extvar
2020-08-31 17:03:29 | DEBUG | /home/koukimohamed/dynawo/install/gcc6.3.0/ModalAnalysis/Release-cxx11/shared/dynawo/ddb/Dynawo/Electrical/Machines/GeneratorPQ.extvar
2020-08-31 17:03:29 | DEBUG | /home/koukimohamed/dynawo/install/gcc6.3.0/ModalAnalysis/Release-cxx11/shared/dynawo/ddb/Dynawo/Electrical/Machines/GeneratorPV.extvar
2020-08-31 17:03:29 | DEBUG | /home/koukimohamed/dynawo/install/gcc6.3.0/ModalAnalysis/Release-cxx11/shared/dynawo/ddb/Dynawo/Electrical/Machines/GeneratorSynchronous.extvar
2020-08-31 17:03:29 | DEBUG | /home/koukimohamed/dynawo/install/gcc6.3.0/ModalAnalysis/Release-cxx11/shared/dynawo/ddb/Dynawo/Electrical/Machines/SwitchOffGenerator.extvar
2020-08-31 17:03:29 | DEBUG | /home/koukimohamed/dynawo/install/gcc6.3.0/ModalAnalysis/Release-cxx11/shared/dynawo/ddb/Dynawo/Electrical/Sources/Converter.extvar
2020-08-31 17:03:29 | DEBUG | /home/koukimohamed/dynawo/install/gcc6.3.0/ModalAnalysis/Release-cxx11/shared/dynawo/ddb/Dynawo/Electrical/Sources/InjectorBG.extvar
2020-08-31 17:03:29 | DEBUG | /home/koukimohamed/dynawo/install/gcc6.3.0/ModalAnalysis/Release-cxx11/shared/dynawo/ddb/Dynawo/Electrical/Sources/InjectorIDQ.extvar
2020-08-31 17:03:29 | DEBUG | /home/koukimohamed/dynawo/install/gcc6.3.0/ModalAnalysis/Release-cxx11/shared/dynawo/ddb/Dynawo/Electrical/StaticVarCompensators/SVarCStandard.extvar
2020-08-31 17:03:29 | DEBUG | /home/koukimohamed/dynawo/install/gcc6.3.0/ModalAnalysis/Release-cxx11/shared/dynawo/ddb/Dynawo/Electrical/Switches/IdealSwitch.extvar
2020-08-31 17:03:29 | DEBUG | /home/koukimohamed/dynawo/install/gcc6.3.0/ModalAnalysis/Release-cxx11/shared/dynawo/ddb/Dynawo/Electrical/Transformers/GeneratorTransformer.extvar
2020-08-31 17:03:29 | DEBUG | /home/koukimohamed/dynawo/install/gcc6.3.0/ModalAnalysis/Release-cxx11/shared/dynawo/ddb/Dynawo/Electrical/Transformers/IdealTransformerVariableTap.extvar
2020-08-31 17:03:29 | DEBUG | /home/koukimohamed/dynawo/install/gcc6.3.0/ModalAnalysis/Release-cxx11/shared/dynawo/ddb/Dynawo/Electrical/Transformers/TransformerFixedRatio.extvar
2020-08-31 17:03:29 | DEBUG | /home/koukimohamed/dynawo/install/gcc6.3.0/ModalAnalysis/Release-cxx11/shared/dynawo/ddb/Dynawo/Electrical/Transformers/TransformerVariableTap.extvar
2020-08-31 17:03:29 | DEBUG | /home/koukimohamed/dynawo/install/gcc6.3.0/ModalAnalysis/Release-cxx11/shared/dynawo/ddb/GeneratorFictitious.extvar
2020-08-31 17:03:29 | DEBUG | /home/koukimohamed/dynawo/install/gcc6.3.0/ModalAnalysis/Release-cxx11/shared/dynawo/ddb/GeneratorPQ.extvar
2020-08-31 17:03:29 | DEBUG | /home/koukimohamed/dynawo/install/gcc6.3.0/ModalAnalysis/Release-cxx11/shared/dynawo/ddb/GeneratorPV.extvar
2020-08-31 17:03:29 | DEBUG | /home/koukimohamed/dynawo/install/gcc6.3.0/ModalAnalysis/Release-cxx11/shared/dynawo/ddb/GeneratorSynchronousFourWindings.extvar
2020-08-31 17:03:29 | DEBUG | /home/koukimohamed/dynawo/install/gcc6.3.0/ModalAnalysis/Release-cxx11/shared/dynawo/ddb/GeneratorSynchronousFourWindingsGoverPropVRPropInt.extvar
2020-08-31 17:03:29 | DEBUG | /home/koukimohamed/dynawo/install/gcc6.3.0/ModalAnalysis/Release-cxx11/shared/dynawo/ddb/GeneratorSynchronousFourWindingsProportionalRegulations.extvar
2020-08-31 17:03:29 | DEBUG | /home/koukimohamed/dynawo/install/gcc6.3.0/ModalAnalysis/Release-cxx11/shared/dynawo/ddb/GeneratorSynchronousThreeWindings.extvar
2020-08-31 17:03:29 | DEBUG | /home/koukimohamed/dynawo/install/gcc6.3.0/ModalAnalysis/Release-cxx11/shared/dynawo/ddb/GeneratorSynchronousThreeWindingsGoverPropVRPropInt.extvar
2020-08-31 17:03:29 | DEBUG | /home/koukimohamed/dynawo/install/gcc6.3.0/ModalAnalysis/Release-cxx11/shared/dynawo/ddb/GeneratorSynchronousThreeWindingsProportionalRegulations.extvar
2020-08-31 17:03:29 | DEBUG | /home/koukimohamed/dynawo/install/gcc6.3.0/ModalAnalysis/Release-cxx11/shared/dynawo/ddb/GenericAutomaton.extvar
2020-08-31 17:03:29 | DEBUG | /home/koukimohamed/dynawo/install/gcc6.3.0/ModalAnalysis/Release-cxx11/shared/dynawo/ddb/GridFormingConverterDispatchableVirtualOscillatorControl.extvar
2020-08-31 17:03:29 | DEBUG | /home/koukimohamed/dynawo/install/gcc6.3.0/ModalAnalysis/Release-cxx11/shared/dynawo/ddb/GridFormingConverterDroopControl.extvar
2020-08-31 17:03:29 | DEBUG | /home/koukimohamed/dynawo/install/gcc6.3.0/ModalAnalysis/Release-cxx11/shared/dynawo/ddb/GridFormingConverterMatchingControl.extvar
2020-08-31 17:03:29 | DEBUG | /home/koukimohamed/dynawo/install/gcc6.3.0/ModalAnalysis/Release-cxx11/shared/dynawo/ddb/HVDCStandard.extvar
2020-08-31 17:03:29 | DEBUG | /home/koukimohamed/dynawo/install/gcc6.3.0/ModalAnalysis/Release-cxx11/shared/dynawo/ddb/InfiniteBus.extvar
2020-08-31 17:03:29 | DEBUG | /home/koukimohamed/dynawo/install/gcc6.3.0/ModalAnalysis/Release-cxx11/shared/dynawo/ddb/InjectorBG.extvar
2020-08-31 17:03:29 | DEBUG | /home/koukimohamed/dynawo/install/gcc6.3.0/ModalAnalysis/Release-cxx11/shared/dynawo/ddb/Line.extvar
2020-08-31 17:03:29 | DEBUG | /home/koukimohamed/dynawo/install/gcc6.3.0/ModalAnalysis/Release-cxx11/shared/dynawo/ddb/LoadAlphaBeta.extvar
2020-08-31 17:03:29 | DEBUG | /home/koukimohamed/dynawo/install/gcc6.3.0/ModalAnalysis/Release-cxx11/shared/dynawo/ddb/LoadOneTransformer.extvar
2020-08-31 17:03:29 | DEBUG | /home/koukimohamed/dynawo/install/gcc6.3.0/ModalAnalysis/Release-cxx11/shared/dynawo/ddb/LoadOneTransformerTapChanger.extvar
2020-08-31 17:03:29 | DEBUG | /home/koukimohamed/dynawo/install/gcc6.3.0/ModalAnalysis/Release-cxx11/shared/dynawo/ddb/LoadPQ.extvar
2020-08-31 17:03:29 | DEBUG | /home/koukimohamed/dynawo/install/gcc6.3.0/ModalAnalysis/Release-cxx11/shared/dynawo/ddb/LoadTwoTransformers.extvar
2020-08-31 17:03:29 | DEBUG | /home/koukimohamed/dynawo/install/gcc6.3.0/ModalAnalysis/Release-cxx11/shared/dynawo/ddb/LoadTwoTransformersTapChangers.extvar
2020-08-31 17:03:29 | DEBUG | /home/koukimohamed/dynawo/install/gcc6.3.0/ModalAnalysis/Release-cxx11/shared/dynawo/ddb/NodeFault.extvar
2020-08-31 17:03:29 | DEBUG | /home/koukimohamed/dynawo/install/gcc6.3.0/ModalAnalysis/Release-cxx11/shared/dynawo/ddb/PhaseShifterI.extvar
2020-08-31 17:03:29 | DEBUG | /home/koukimohamed/dynawo/install/gcc6.3.0/ModalAnalysis/Release-cxx11/shared/dynawo/ddb/PhaseShifterP.extvar
2020-08-31 17:03:29 | DEBUG | /home/koukimohamed/dynawo/install/gcc6.3.0/ModalAnalysis/Release-cxx11/shared/dynawo/ddb/StaticVarCompensator.extvar
2020-08-31 17:03:29 | DEBUG | /home/koukimohamed/dynawo/install/gcc6.3.0/ModalAnalysis/Release-cxx11/shared/dynawo/ddb/TapChangerAutomaton.extvar
2020-08-31 17:03:29 | DEBUG | /home/koukimohamed/dynawo/install/gcc6.3.0/ModalAnalysis/Release-cxx11/shared/dynawo/ddb/TapChangerBlockingArea.extvar
2020-08-31 17:03:29 | DEBUG | /home/koukimohamed/dynawo/install/gcc6.3.0/ModalAnalysis/Release-cxx11/shared/dynawo/ddb/TransformerFixedRatio.extvar
2020-08-31 17:03:29 | DEBUG | /home/koukimohamed/dynawo/install/gcc6.3.0/ModalAnalysis/Release-cxx11/shared/dynawo/ddb/UnderVoltageAutomaton.extvar
2020-08-31 17:03:29 | DEBUG |
2020-08-31 17:03:29 | INFO | ====================================================================================================
2020-08-31 17:03:29 | INFO | |                                                                                                  |
2020-08-31 17:03:29 | INFO | |                                       compiling GEN___12_SM                                      |
2020-08-31 17:03:29 | INFO | |                                                                                                  |
2020-08-31 17:03:29 | INFO | ====================================================================================================
2020-08-31 17:03:29 | INFO | setlib: GeneratorSynchronousFourWindingsProportionalRegulations :
2020-08-31 17:03:29 | INFO | blackBox Model: GEN___12_SM. Compilation succeed.
2020-08-31 17:03:29 | INFO | compiled model ID: GEN___12_SM
2020-08-31 17:03:29 | INFO | ====================================================================================================
2020-08-31 17:03:29 | INFO | |                                                                                                  |
2020-08-31 17:03:29 | INFO | |                                       compiling GEN____1_SM                                      |
2020-08-31 17:03:29 | INFO | |                                                                                                  |
2020-08-31 17:03:29 | INFO | ====================================================================================================
2020-08-31 17:03:29 | INFO | setlib: GeneratorSynchronousFourWindingsProportionalRegulations :
2020-08-31 17:03:29 | INFO | blackBox Model: GEN____1_SM. Compilation succeed.
2020-08-31 17:03:29 | INFO | compiled model ID: GEN____1_SM
2020-08-31 17:03:29 | INFO | ====================================================================================================
2020-08-31 17:03:29 | INFO | |                                                                                                  |
2020-08-31 17:03:29 | INFO | |                                       compiling GEN____2_SM                                      |
2020-08-31 17:03:29 | INFO | |                                                                                                  |
2020-08-31 17:03:29 | INFO | ====================================================================================================
2020-08-31 17:03:29 | INFO | setlib: GeneratorSynchronousFourWindingsProportionalRegulations :
2020-08-31 17:03:29 | INFO | blackBox Model: GEN____2_SM. Compilation succeed.
2020-08-31 17:03:29 | INFO | compiled model ID: GEN____2_SM
2020-08-31 17:03:29 | INFO | ====================================================================================================
2020-08-31 17:03:29 | INFO | |                                                                                                  |
2020-08-31 17:03:29 | INFO | |                                       compiling GEN____3_SM                                      |
2020-08-31 17:03:29 | INFO | |                                                                                                  |
2020-08-31 17:03:29 | INFO | ====================================================================================================
2020-08-31 17:03:29 | INFO | setlib: GeneratorSynchronousFourWindingsProportionalRegulations :
2020-08-31 17:03:29 | INFO | blackBox Model: GEN____3_SM. Compilation succeed.
2020-08-31 17:03:29 | INFO | compiled model ID: GEN____3_SM
2020-08-31 17:03:29 | INFO | ====================================================================================================
2020-08-31 17:03:29 | INFO | |                                                                                                  |
2020-08-31 17:03:29 | INFO | |                                       compiling GEN____6_SM                                      |
2020-08-31 17:03:29 | INFO | |                                                                                                  |
2020-08-31 17:03:29 | INFO | ====================================================================================================
2020-08-31 17:03:29 | INFO | setlib: GeneratorSynchronousFourWindingsProportionalRegulations :
2020-08-31 17:03:29 | INFO | blackBox Model: GEN____6_SM. Compilation succeed.
2020-08-31 17:03:29 | INFO | compiled model ID: GEN____6_SM
2020-08-31 17:03:29 | INFO | ====================================================================================================
2020-08-31 17:03:29 | INFO | |                                                                                                  |
2020-08-31 17:03:29 | INFO | |                                       compiling GEN____8_SM                                      |
2020-08-31 17:03:29 | INFO | |                                                                                                  |
2020-08-31 17:03:29 | INFO | ====================================================================================================
2020-08-31 17:03:29 | INFO | setlib: GeneratorSynchronousFourWindingsProportionalRegulations :
2020-08-31 17:03:29 | INFO | blackBox Model: GEN____8_SM. Compilation succeed.
2020-08-31 17:03:29 | INFO | compiled model ID: GEN____8_SM
2020-08-31 17:03:29 | INFO | ====================================================================================================
2020-08-31 17:03:29 | INFO | |                                                                                                  |
2020-08-31 17:03:29 | INFO | |                                       compiling GEN____9_SM                                      |
2020-08-31 17:03:29 | INFO | |                                                                                                  |
2020-08-31 17:03:29 | INFO | ====================================================================================================
2020-08-31 17:03:29 | INFO | setlib: GeneratorSynchronousFourWindingsProportionalRegulations :
2020-08-31 17:03:29 | INFO | blackBox Model: GEN____9_SM. Compilation succeed.
2020-08-31 17:03:29 | INFO | compiled model ID: GEN____9_SM
2020-08-31 17:03:29 | INFO | ====================================================================================================
2020-08-31 17:03:29 | INFO | |                                                                                                  |
2020-08-31 17:03:29 | INFO | |                                        compiling OMEGA_REF                                       |
2020-08-31 17:03:29 | INFO | |                                                                                                  |
2020-08-31 17:03:29 | INFO | ====================================================================================================
2020-08-31 17:03:29 | INFO | setlib: DYNModelOmegaRef :
2020-08-31 17:03:29 | INFO | blackBox Model: OMEGA_REF. Compilation succeed.
2020-08-31 17:03:29 | INFO | compiled model ID: OMEGA_REF
2020-08-31 17:03:29 | INFO | ====================================================================================================
2020-08-31 17:03:29 | INFO | |                                                                                                  |
2020-08-31 17:03:29 | INFO | |                                      compiling _LOAD___10_EC                                     |
2020-08-31 17:03:29 | INFO | |                                                                                                  |
2020-08-31 17:03:29 | INFO | ====================================================================================================
2020-08-31 17:03:29 | INFO | setlib: LoadAlphaBeta :
2020-08-31 17:03:29 | INFO | blackBox Model: _LOAD___10_EC. Compilation succeed.
2020-08-31 17:03:29 | INFO | compiled model ID: _LOAD___10_EC
2020-08-31 17:03:29 | INFO | ====================================================================================================
2020-08-31 17:03:29 | INFO | |                                                                                                  |
2020-08-31 17:03:29 | INFO | |                                      compiling _LOAD___12_EC                                     |
2020-08-31 17:03:29 | INFO | |                                                                                                  |
2020-08-31 17:03:29 | INFO | ====================================================================================================
2020-08-31 17:03:29 | INFO | setlib: LoadAlphaBeta :
2020-08-31 17:03:29 | INFO | blackBox Model: _LOAD___12_EC. Compilation succeed.
2020-08-31 17:03:29 | INFO | compiled model ID: _LOAD___12_EC
2020-08-31 17:03:29 | INFO | ====================================================================================================
2020-08-31 17:03:29 | INFO | |                                                                                                  |
2020-08-31 17:03:29 | INFO | |                                      compiling _LOAD___13_EC                                     |
2020-08-31 17:03:29 | INFO | |                                                                                                  |
2020-08-31 17:03:29 | INFO | ====================================================================================================
2020-08-31 17:03:29 | INFO | setlib: LoadAlphaBeta :
2020-08-31 17:03:29 | INFO | blackBox Model: _LOAD___13_EC. Compilation succeed.
2020-08-31 17:03:29 | INFO | compiled model ID: _LOAD___13_EC
2020-08-31 17:03:29 | INFO | ====================================================================================================
2020-08-31 17:03:29 | INFO | |                                                                                                  |
2020-08-31 17:03:29 | INFO | |                                      compiling _LOAD___14_EC                                     |
2020-08-31 17:03:29 | INFO | |                                                                                                  |
2020-08-31 17:03:29 | INFO | ====================================================================================================
2020-08-31 17:03:29 | INFO | setlib: LoadAlphaBeta :
2020-08-31 17:03:29 | INFO | blackBox Model: _LOAD___14_EC. Compilation succeed.
2020-08-31 17:03:29 | INFO | compiled model ID: _LOAD___14_EC
2020-08-31 17:03:29 | INFO | ====================================================================================================
2020-08-31 17:03:29 | INFO | |                                                                                                  |
2020-08-31 17:03:29 | INFO | |                                      compiling _LOAD___15_EC                                     |
2020-08-31 17:03:29 | INFO | |                                                                                                  |
2020-08-31 17:03:29 | INFO | ====================================================================================================
2020-08-31 17:03:29 | INFO | setlib: LoadAlphaBeta :
2020-08-31 17:03:29 | INFO | blackBox Model: _LOAD___15_EC. Compilation succeed.
2020-08-31 17:03:29 | INFO | compiled model ID: _LOAD___15_EC
2020-08-31 17:03:29 | INFO | ====================================================================================================
2020-08-31 17:03:29 | INFO | |                                                                                                  |
2020-08-31 17:03:29 | INFO | |                                      compiling _LOAD___16_EC                                     |
2020-08-31 17:03:29 | INFO | |                                                                                                  |
2020-08-31 17:03:29 | INFO | ====================================================================================================
2020-08-31 17:03:29 | INFO | setlib: LoadAlphaBeta :
2020-08-31 17:03:29 | INFO | blackBox Model: _LOAD___16_EC. Compilation succeed.
2020-08-31 17:03:29 | INFO | compiled model ID: _LOAD___16_EC
2020-08-31 17:03:29 | INFO | ====================================================================================================
2020-08-31 17:03:29 | INFO | |                                                                                                  |
2020-08-31 17:03:29 | INFO | |                                      compiling _LOAD___17_EC                                     |
2020-08-31 17:03:29 | INFO | |                                                                                                  |
2020-08-31 17:03:29 | INFO | ====================================================================================================
2020-08-31 17:03:29 | INFO | setlib: LoadAlphaBeta :
2020-08-31 17:03:29 | INFO | blackBox Model: _LOAD___17_EC. Compilation succeed.
2020-08-31 17:03:29 | INFO | compiled model ID: _LOAD___17_EC
2020-08-31 17:03:29 | INFO | ====================================================================================================
2020-08-31 17:03:29 | INFO | |                                                                                                  |
2020-08-31 17:03:29 | INFO | |                                      compiling _LOAD___18_EC                                     |
2020-08-31 17:03:29 | INFO | |                                                                                                  |
2020-08-31 17:03:29 | INFO | ====================================================================================================
2020-08-31 17:03:29 | INFO | setlib: LoadAlphaBeta :
2020-08-31 17:03:29 | INFO | blackBox Model: _LOAD___18_EC. Compilation succeed.
2020-08-31 17:03:29 | INFO | compiled model ID: _LOAD___18_EC
2020-08-31 17:03:29 | INFO | ====================================================================================================
2020-08-31 17:03:29 | INFO | |                                                                                                  |
2020-08-31 17:03:29 | INFO | |                                      compiling _LOAD___19_EC                                     |
2020-08-31 17:03:29 | INFO | |                                                                                                  |
2020-08-31 17:03:29 | INFO | ====================================================================================================
2020-08-31 17:03:29 | INFO | setlib: LoadAlphaBeta :
2020-08-31 17:03:29 | INFO | blackBox Model: _LOAD___19_EC. Compilation succeed.
2020-08-31 17:03:29 | INFO | compiled model ID: _LOAD___19_EC
2020-08-31 17:03:29 | INFO | ====================================================================================================
2020-08-31 17:03:29 | INFO | |                                                                                                  |
2020-08-31 17:03:29 | INFO | |                                      compiling _LOAD___20_EC                                     |
2020-08-31 17:03:29 | INFO | |                                                                                                  |
2020-08-31 17:03:29 | INFO | ====================================================================================================
2020-08-31 17:03:29 | INFO | setlib: LoadAlphaBeta :
2020-08-31 17:03:29 | INFO | blackBox Model: _LOAD___20_EC. Compilation succeed.
2020-08-31 17:03:29 | INFO | compiled model ID: _LOAD___20_EC
2020-08-31 17:03:29 | INFO | ====================================================================================================
2020-08-31 17:03:29 | INFO | |                                                                                                  |
2020-08-31 17:03:29 | INFO | |                                      compiling _LOAD___23_EC                                     |
2020-08-31 17:03:29 | INFO | |                                                                                                  |
2020-08-31 17:03:29 | INFO | ====================================================================================================
2020-08-31 17:03:29 | INFO | setlib: LoadAlphaBeta :
2020-08-31 17:03:29 | INFO | blackBox Model: _LOAD___23_EC. Compilation succeed.
2020-08-31 17:03:29 | INFO | compiled model ID: _LOAD___23_EC
2020-08-31 17:03:29 | INFO | ====================================================================================================
2020-08-31 17:03:29 | INFO | |                                                                                                  |
2020-08-31 17:03:29 | INFO | |                                      compiling _LOAD___25_EC                                     |
2020-08-31 17:03:29 | INFO | |                                                                                                  |
2020-08-31 17:03:29 | INFO | ====================================================================================================
2020-08-31 17:03:29 | INFO | setlib: LoadAlphaBeta :
2020-08-31 17:03:29 | INFO | blackBox Model: _LOAD___25_EC. Compilation succeed.
2020-08-31 17:03:29 | INFO | compiled model ID: _LOAD___25_EC
2020-08-31 17:03:29 | INFO | ====================================================================================================
2020-08-31 17:03:29 | INFO | |                                                                                                  |
2020-08-31 17:03:29 | INFO | |                                      compiling _LOAD___27_EC                                     |
2020-08-31 17:03:29 | INFO | |                                                                                                  |
2020-08-31 17:03:29 | INFO | ====================================================================================================
2020-08-31 17:03:29 | INFO | setlib: LoadAlphaBeta :
2020-08-31 17:03:29 | INFO | blackBox Model: _LOAD___27_EC. Compilation succeed.
2020-08-31 17:03:29 | INFO | compiled model ID: _LOAD___27_EC
2020-08-31 17:03:29 | INFO | ====================================================================================================
2020-08-31 17:03:29 | INFO | |                                                                                                  |
2020-08-31 17:03:29 | INFO | |                                      compiling _LOAD___28_EC                                     |
2020-08-31 17:03:29 | INFO | |                                                                                                  |
2020-08-31 17:03:29 | INFO | ====================================================================================================
2020-08-31 17:03:29 | INFO | setlib: LoadAlphaBeta :
2020-08-31 17:03:29 | INFO | blackBox Model: _LOAD___28_EC. Compilation succeed.
2020-08-31 17:03:29 | INFO | compiled model ID: _LOAD___28_EC
2020-08-31 17:03:29 | INFO | ====================================================================================================
2020-08-31 17:03:29 | INFO | |                                                                                                  |
2020-08-31 17:03:29 | INFO | |                                      compiling _LOAD___29_EC                                     |
2020-08-31 17:03:29 | INFO | |                                                                                                  |
2020-08-31 17:03:29 | INFO | ====================================================================================================
2020-08-31 17:03:29 | INFO | setlib: LoadAlphaBeta :
2020-08-31 17:03:29 | INFO | blackBox Model: _LOAD___29_EC. Compilation succeed.
2020-08-31 17:03:29 | INFO | compiled model ID: _LOAD___29_EC
2020-08-31 17:03:29 | INFO | ====================================================================================================
2020-08-31 17:03:29 | INFO | |                                                                                                  |
2020-08-31 17:03:29 | INFO | |                                      compiling _LOAD___30_EC                                     |
2020-08-31 17:03:29 | INFO | |                                                                                                  |
2020-08-31 17:03:29 | INFO | ====================================================================================================
2020-08-31 17:03:29 | INFO | setlib: LoadAlphaBeta :
2020-08-31 17:03:29 | INFO | blackBox Model: _LOAD___30_EC. Compilation succeed.
2020-08-31 17:03:29 | INFO | compiled model ID: _LOAD___30_EC
2020-08-31 17:03:29 | INFO | ====================================================================================================
2020-08-31 17:03:29 | INFO | |                                                                                                  |
2020-08-31 17:03:29 | INFO | |                                      compiling _LOAD___31_EC                                     |
2020-08-31 17:03:29 | INFO | |                                                                                                  |
2020-08-31 17:03:29 | INFO | ====================================================================================================
2020-08-31 17:03:29 | INFO | setlib: LoadAlphaBeta :
2020-08-31 17:03:29 | INFO | blackBox Model: _LOAD___31_EC. Compilation succeed.
2020-08-31 17:03:29 | INFO | compiled model ID: _LOAD___31_EC
2020-08-31 17:03:29 | INFO | ====================================================================================================
2020-08-31 17:03:29 | INFO | |                                                                                                  |
2020-08-31 17:03:29 | INFO | |                                      compiling _LOAD___32_EC                                     |
2020-08-31 17:03:29 | INFO | |                                                                                                  |
2020-08-31 17:03:29 | INFO | ====================================================================================================
2020-08-31 17:03:29 | INFO | setlib: LoadAlphaBeta :
2020-08-31 17:03:29 | INFO | blackBox Model: _LOAD___32_EC. Compilation succeed.
2020-08-31 17:03:29 | INFO | compiled model ID: _LOAD___32_EC
2020-08-31 17:03:29 | INFO | ====================================================================================================
2020-08-31 17:03:29 | INFO | |                                                                                                  |
2020-08-31 17:03:29 | INFO | |                                      compiling _LOAD___33_EC                                     |
2020-08-31 17:03:29 | INFO | |                                                                                                  |
2020-08-31 17:03:29 | INFO | ====================================================================================================
2020-08-31 17:03:29 | INFO | setlib: LoadAlphaBeta :
2020-08-31 17:03:29 | INFO | blackBox Model: _LOAD___33_EC. Compilation succeed.
2020-08-31 17:03:29 | INFO | compiled model ID: _LOAD___33_EC
2020-08-31 17:03:29 | INFO | ====================================================================================================
2020-08-31 17:03:29 | INFO | |                                                                                                  |
2020-08-31 17:03:29 | INFO | |                                      compiling _LOAD___35_EC                                     |
2020-08-31 17:03:29 | INFO | |                                                                                                  |
2020-08-31 17:03:29 | INFO | ====================================================================================================
2020-08-31 17:03:29 | INFO | setlib: LoadAlphaBeta :
2020-08-31 17:03:29 | INFO | blackBox Model: _LOAD___35_EC. Compilation succeed.
2020-08-31 17:03:29 | INFO | compiled model ID: _LOAD___35_EC
2020-08-31 17:03:29 | INFO | ====================================================================================================
2020-08-31 17:03:29 | INFO | |                                                                                                  |
2020-08-31 17:03:29 | INFO | |                                      compiling _LOAD___38_EC                                     |
2020-08-31 17:03:29 | INFO | |                                                                                                  |
2020-08-31 17:03:29 | INFO | ====================================================================================================
2020-08-31 17:03:29 | INFO | setlib: LoadAlphaBeta :
2020-08-31 17:03:29 | INFO | blackBox Model: _LOAD___38_EC. Compilation succeed.
2020-08-31 17:03:29 | INFO | compiled model ID: _LOAD___38_EC
2020-08-31 17:03:29 | INFO | ====================================================================================================
2020-08-31 17:03:29 | INFO | |                                                                                                  |
2020-08-31 17:03:29 | INFO | |                                      compiling _LOAD___41_EC                                     |
2020-08-31 17:03:29 | INFO | |                                                                                                  |
2020-08-31 17:03:29 | INFO | ====================================================================================================
2020-08-31 17:03:29 | INFO | setlib: LoadAlphaBeta :
2020-08-31 17:03:29 | INFO | blackBox Model: _LOAD___41_EC. Compilation succeed.
2020-08-31 17:03:29 | INFO | compiled model ID: _LOAD___41_EC
2020-08-31 17:03:29 | INFO | ====================================================================================================
2020-08-31 17:03:29 | INFO | |                                                                                                  |
2020-08-31 17:03:29 | INFO | |                                      compiling _LOAD___42_EC                                     |
2020-08-31 17:03:29 | INFO | |                                                                                                  |
2020-08-31 17:03:29 | INFO | ====================================================================================================
2020-08-31 17:03:29 | INFO | setlib: LoadAlphaBeta :
2020-08-31 17:03:29 | INFO | blackBox Model: _LOAD___42_EC. Compilation succeed.
2020-08-31 17:03:29 | INFO | compiled model ID: _LOAD___42_EC
2020-08-31 17:03:29 | INFO | ====================================================================================================
2020-08-31 17:03:29 | INFO | |                                                                                                  |
2020-08-31 17:03:29 | INFO | |                                      compiling _LOAD___43_EC                                     |
2020-08-31 17:03:29 | INFO | |                                                                                                  |
2020-08-31 17:03:29 | INFO | ====================================================================================================
2020-08-31 17:03:29 | INFO | setlib: LoadAlphaBeta :
2020-08-31 17:03:29 | INFO | blackBox Model: _LOAD___43_EC. Compilation succeed.
2020-08-31 17:03:29 | INFO | compiled model ID: _LOAD___43_EC
2020-08-31 17:03:29 | INFO | ====================================================================================================
2020-08-31 17:03:29 | INFO | |                                                                                                  |
2020-08-31 17:03:29 | INFO | |                                      compiling _LOAD___44_EC                                     |
2020-08-31 17:03:29 | INFO | |                                                                                                  |
2020-08-31 17:03:29 | INFO | ====================================================================================================
2020-08-31 17:03:29 | INFO | setlib: LoadAlphaBeta :
2020-08-31 17:03:29 | INFO | blackBox Model: _LOAD___44_EC. Compilation succeed.
2020-08-31 17:03:29 | INFO | compiled model ID: _LOAD___44_EC
2020-08-31 17:03:29 | INFO | ====================================================================================================
2020-08-31 17:03:29 | INFO | |                                                                                                  |
2020-08-31 17:03:29 | INFO | |                                      compiling _LOAD___47_EC                                     |
2020-08-31 17:03:29 | INFO | |                                                                                                  |
2020-08-31 17:03:29 | INFO | ====================================================================================================
2020-08-31 17:03:29 | INFO | setlib: LoadAlphaBeta :
2020-08-31 17:03:29 | INFO | blackBox Model: _LOAD___47_EC. Compilation succeed.
2020-08-31 17:03:29 | INFO | compiled model ID: _LOAD___47_EC
2020-08-31 17:03:29 | INFO | ====================================================================================================
2020-08-31 17:03:29 | INFO | |                                                                                                  |
2020-08-31 17:03:29 | INFO | |                                      compiling _LOAD___49_EC                                     |
2020-08-31 17:03:29 | INFO | |                                                                                                  |
2020-08-31 17:03:29 | INFO | ====================================================================================================
2020-08-31 17:03:29 | INFO | setlib: LoadAlphaBeta :
2020-08-31 17:03:29 | INFO | blackBox Model: _LOAD___49_EC. Compilation succeed.
2020-08-31 17:03:29 | INFO | compiled model ID: _LOAD___49_EC
2020-08-31 17:03:29 | INFO | ====================================================================================================
2020-08-31 17:03:29 | INFO | |                                                                                                  |
2020-08-31 17:03:29 | INFO | |                                      compiling _LOAD___50_EC                                     |
2020-08-31 17:03:29 | INFO | |                                                                                                  |
2020-08-31 17:03:29 | INFO | ====================================================================================================
2020-08-31 17:03:29 | INFO | setlib: LoadAlphaBeta :
2020-08-31 17:03:29 | INFO | blackBox Model: _LOAD___50_EC. Compilation succeed.
2020-08-31 17:03:29 | INFO | compiled model ID: _LOAD___50_EC
2020-08-31 17:03:29 | INFO | ====================================================================================================
2020-08-31 17:03:29 | INFO | |                                                                                                  |
2020-08-31 17:03:29 | INFO | |                                      compiling _LOAD___51_EC                                     |
2020-08-31 17:03:29 | INFO | |                                                                                                  |
2020-08-31 17:03:29 | INFO | ====================================================================================================
2020-08-31 17:03:29 | INFO | setlib: LoadAlphaBeta :
2020-08-31 17:03:29 | INFO | blackBox Model: _LOAD___51_EC. Compilation succeed.
2020-08-31 17:03:29 | INFO | compiled model ID: _LOAD___51_EC
2020-08-31 17:03:29 | INFO | ====================================================================================================
2020-08-31 17:03:29 | INFO | |                                                                                                  |
2020-08-31 17:03:29 | INFO | |                                      compiling _LOAD___52_EC                                     |
2020-08-31 17:03:29 | INFO | |                                                                                                  |
2020-08-31 17:03:29 | INFO | ====================================================================================================
2020-08-31 17:03:29 | INFO | setlib: LoadAlphaBeta :
2020-08-31 17:03:29 | INFO | blackBox Model: _LOAD___52_EC. Compilation succeed.
2020-08-31 17:03:29 | INFO | compiled model ID: _LOAD___52_EC
2020-08-31 17:03:29 | INFO | ====================================================================================================
2020-08-31 17:03:29 | INFO | |                                                                                                  |
2020-08-31 17:03:29 | INFO | |                                      compiling _LOAD___53_EC                                     |
2020-08-31 17:03:29 | INFO | |                                                                                                  |
2020-08-31 17:03:29 | INFO | ====================================================================================================
2020-08-31 17:03:29 | INFO | setlib: LoadAlphaBeta :
2020-08-31 17:03:29 | INFO | blackBox Model: _LOAD___53_EC. Compilation succeed.
2020-08-31 17:03:29 | INFO | compiled model ID: _LOAD___53_EC
2020-08-31 17:03:29 | INFO | ====================================================================================================
2020-08-31 17:03:29 | INFO | |                                                                                                  |
2020-08-31 17:03:29 | INFO | |                                      compiling _LOAD___54_EC                                     |
2020-08-31 17:03:29 | INFO | |                                                                                                  |
2020-08-31 17:03:29 | INFO | ====================================================================================================
2020-08-31 17:03:29 | INFO | setlib: LoadAlphaBeta :
2020-08-31 17:03:29 | INFO | blackBox Model: _LOAD___54_EC. Compilation succeed.
2020-08-31 17:03:29 | INFO | compiled model ID: _LOAD___54_EC
2020-08-31 17:03:29 | INFO | ====================================================================================================
2020-08-31 17:03:29 | INFO | |                                                                                                  |
2020-08-31 17:03:29 | INFO | |                                      compiling _LOAD___55_EC                                     |
2020-08-31 17:03:29 | INFO | |                                                                                                  |
2020-08-31 17:03:29 | INFO | ====================================================================================================
2020-08-31 17:03:29 | INFO | setlib: LoadAlphaBeta :
2020-08-31 17:03:29 | INFO | blackBox Model: _LOAD___55_EC. Compilation succeed.
2020-08-31 17:03:29 | INFO | compiled model ID: _LOAD___55_EC
2020-08-31 17:03:29 | INFO | ====================================================================================================
2020-08-31 17:03:29 | INFO | |                                                                                                  |
2020-08-31 17:03:29 | INFO | |                                      compiling _LOAD___56_EC                                     |
2020-08-31 17:03:29 | INFO | |                                                                                                  |
2020-08-31 17:03:29 | INFO | ====================================================================================================
2020-08-31 17:03:29 | INFO | setlib: LoadAlphaBeta :
2020-08-31 17:03:29 | INFO | blackBox Model: _LOAD___56_EC. Compilation succeed.
2020-08-31 17:03:29 | INFO | compiled model ID: _LOAD___56_EC
2020-08-31 17:03:29 | INFO | ====================================================================================================
2020-08-31 17:03:29 | INFO | |                                                                                                  |
2020-08-31 17:03:29 | INFO | |                                      compiling _LOAD___57_EC                                     |
2020-08-31 17:03:29 | INFO | |                                                                                                  |
2020-08-31 17:03:29 | INFO | ====================================================================================================
2020-08-31 17:03:29 | INFO | setlib: LoadAlphaBeta :
2020-08-31 17:03:29 | INFO | blackBox Model: _LOAD___57_EC. Compilation succeed.
2020-08-31 17:03:29 | INFO | compiled model ID: _LOAD___57_EC
2020-08-31 17:03:29 | INFO | ====================================================================================================
2020-08-31 17:03:29 | INFO | |                                                                                                  |
2020-08-31 17:03:29 | INFO | |                                      compiling _LOAD____1_EC                                     |
2020-08-31 17:03:29 | INFO | |                                                                                                  |
2020-08-31 17:03:29 | INFO | ====================================================================================================
2020-08-31 17:03:29 | INFO | setlib: LoadAlphaBeta :
2020-08-31 17:03:29 | INFO | blackBox Model: _LOAD____1_EC. Compilation succeed.
2020-08-31 17:03:29 | INFO | compiled model ID: _LOAD____1_EC
2020-08-31 17:03:29 | INFO | ====================================================================================================
2020-08-31 17:03:29 | INFO | |                                                                                                  |
2020-08-31 17:03:29 | INFO | |                                      compiling _LOAD____2_EC                                     |
2020-08-31 17:03:29 | INFO | |                                                                                                  |
2020-08-31 17:03:29 | INFO | ====================================================================================================
2020-08-31 17:03:29 | INFO | setlib: LoadAlphaBeta :
2020-08-31 17:03:29 | INFO | blackBox Model: _LOAD____2_EC. Compilation succeed.
2020-08-31 17:03:29 | INFO | compiled model ID: _LOAD____2_EC
2020-08-31 17:03:29 | INFO | ====================================================================================================
2020-08-31 17:03:29 | INFO | |                                                                                                  |
2020-08-31 17:03:29 | INFO | |                                      compiling _LOAD____3_EC                                     |
2020-08-31 17:03:29 | INFO | |                                                                                                  |
2020-08-31 17:03:29 | INFO | ====================================================================================================
2020-08-31 17:03:29 | INFO | setlib: LoadAlphaBeta :
2020-08-31 17:03:29 | INFO | blackBox Model: _LOAD____3_EC. Compilation succeed.
2020-08-31 17:03:29 | INFO | compiled model ID: _LOAD____3_EC
2020-08-31 17:03:29 | INFO | ====================================================================================================
2020-08-31 17:03:29 | INFO | |                                                                                                  |
2020-08-31 17:03:29 | INFO | |                                      compiling _LOAD____5_EC                                     |
2020-08-31 17:03:29 | INFO | |                                                                                                  |
2020-08-31 17:03:29 | INFO | ====================================================================================================
2020-08-31 17:03:29 | INFO | setlib: LoadAlphaBeta :
2020-08-31 17:03:29 | INFO | blackBox Model: _LOAD____5_EC. Compilation succeed.
2020-08-31 17:03:29 | INFO | compiled model ID: _LOAD____5_EC
2020-08-31 17:03:29 | INFO | ====================================================================================================
2020-08-31 17:03:29 | INFO | |                                                                                                  |
2020-08-31 17:03:29 | INFO | |                                      compiling _LOAD____6_EC                                     |
2020-08-31 17:03:29 | INFO | |                                                                                                  |
2020-08-31 17:03:29 | INFO | ====================================================================================================
2020-08-31 17:03:29 | INFO | setlib: LoadAlphaBeta :
2020-08-31 17:03:29 | INFO | blackBox Model: _LOAD____6_EC. Compilation succeed.
2020-08-31 17:03:29 | INFO | compiled model ID: _LOAD____6_EC
2020-08-31 17:03:29 | INFO | ====================================================================================================
2020-08-31 17:03:29 | INFO | |                                                                                                  |
2020-08-31 17:03:29 | INFO | |                                      compiling _LOAD____8_EC                                     |
2020-08-31 17:03:29 | INFO | |                                                                                                  |
2020-08-31 17:03:29 | INFO | ====================================================================================================
2020-08-31 17:03:29 | INFO | setlib: LoadAlphaBeta :
2020-08-31 17:03:29 | INFO | blackBox Model: _LOAD____8_EC. Compilation succeed.
2020-08-31 17:03:29 | INFO | compiled model ID: _LOAD____8_EC
2020-08-31 17:03:29 | INFO | ====================================================================================================
2020-08-31 17:03:29 | INFO | |                                                                                                  |
2020-08-31 17:03:29 | INFO | |                                      compiling _LOAD____9_EC                                     |
2020-08-31 17:03:29 | INFO | |                                                                                                  |
2020-08-31 17:03:29 | INFO | ====================================================================================================
2020-08-31 17:03:29 | INFO | setlib: LoadAlphaBeta :
2020-08-31 17:03:29 | INFO | blackBox Model: _LOAD____9_EC. Compilation succeed.
2020-08-31 17:03:29 | INFO | compiled model ID: _LOAD____9_EC
2020-08-31 17:03:29 | INFO | COMPILATION ACCOMPLISHED.
