2020-06-29 16:37:32 | INFO |  ============================================================
2020-06-29 16:37:32 | INFO | DYNAWO VERSION  :     1.1.0
2020-06-29 16:37:32 | INFO | DYNAWO REVISION :  ModalAnalysis-3a330ea9
2020-06-29 16:37:32 | INFO |  ============================================================
2020-06-29 16:37:32 | DEBUG | ------------------------------
2020-06-29 16:37:32 | DEBUG | connection list
2020-06-29 16:37:32 | DEBUG | ------------------------------
2020-06-29 16:37:32 | DEBUG | connecting OMEGA_REF_omega_grp_3 with GEN___12_SM_generator_omegaPu
2020-06-29 16:37:32 | DEBUG | connecting OMEGA_REF_omegaRef_grp_3 with GEN___12_SM_generator_omegaRefPu
2020-06-29 16:37:32 | DEBUG | connecting OMEGA_REF_running_grp_3 with GEN___12_SM_generator_running
2020-06-29 16:37:32 | DEBUG | connecting GEN___12_SM_generator_switchOffSignal1 with NETWORK__GLEN__12_TN_switchOff
2020-06-29 16:37:32 | DEBUG | connecting GEN___12_SM_generator_terminal with NETWORK__GLEN__12_TN_ACPIN
2020-06-29 16:37:32 | DEBUG | connecting OMEGA_REF_omega_grp_2 with GEN____1_SM_generator_omegaPu
2020-06-29 16:37:32 | DEBUG | connecting OMEGA_REF_omegaRef_grp_2 with GEN____1_SM_generator_omegaRefPu
2020-06-29 16:37:32 | DEBUG | connecting OMEGA_REF_running_grp_2 with GEN____1_SM_generator_running
2020-06-29 16:37:32 | DEBUG | connecting GEN____1_SM_generator_switchOffSignal1 with NETWORK__KANA___1_TN_switchOff
2020-06-29 16:37:32 | DEBUG | connecting GEN____1_SM_generator_terminal with NETWORK__KANA___1_TN_ACPIN
2020-06-29 16:37:32 | DEBUG | connecting OMEGA_REF_omega_grp_6 with GEN____2_SM_generator_omegaPu
2020-06-29 16:37:32 | DEBUG | connecting OMEGA_REF_omegaRef_grp_6 with GEN____2_SM_generator_omegaRefPu
2020-06-29 16:37:32 | DEBUG | connecting OMEGA_REF_running_grp_6 with GEN____2_SM_generator_running
2020-06-29 16:37:32 | DEBUG | connecting GEN____2_SM_generator_switchOffSignal1 with NETWORK__TURN___2_TN_switchOff
2020-06-29 16:37:32 | DEBUG | connecting GEN____2_SM_generator_terminal with NETWORK__TURN___2_TN_ACPIN
2020-06-29 16:37:32 | DEBUG | connecting OMEGA_REF_omega_grp_4 with GEN____3_SM_generator_omegaPu
2020-06-29 16:37:32 | DEBUG | connecting OMEGA_REF_omegaRef_grp_4 with GEN____3_SM_generator_omegaRefPu
2020-06-29 16:37:32 | DEBUG | connecting OMEGA_REF_running_grp_4 with GEN____3_SM_generator_running
2020-06-29 16:37:32 | DEBUG | connecting GEN____3_SM_generator_switchOffSignal1 with NETWORK__LOGA___3_TN_switchOff
2020-06-29 16:37:32 | DEBUG | connecting GEN____3_SM_generator_terminal with NETWORK__LOGA___3_TN_ACPIN
2020-06-29 16:37:32 | DEBUG | connecting OMEGA_REF_omega_grp_0 with GEN____6_SM_generator_omegaPu
2020-06-29 16:37:32 | DEBUG | connecting OMEGA_REF_omegaRef_grp_0 with GEN____6_SM_generator_omegaRefPu
2020-06-29 16:37:32 | DEBUG | connecting OMEGA_REF_running_grp_0 with GEN____6_SM_generator_running
2020-06-29 16:37:32 | DEBUG | connecting GEN____6_SM_generator_switchOffSignal1 with NETWORK__BEAV___6_TN_switchOff
2020-06-29 16:37:32 | DEBUG | connecting GEN____6_SM_generator_terminal with NETWORK__BEAV___6_TN_ACPIN
2020-06-29 16:37:32 | DEBUG | connecting OMEGA_REF_omega_grp_5 with GEN____8_SM_generator_omegaPu
2020-06-29 16:37:32 | DEBUG | connecting OMEGA_REF_omegaRef_grp_5 with GEN____8_SM_generator_omegaRefPu
2020-06-29 16:37:32 | DEBUG | connecting OMEGA_REF_running_grp_5 with GEN____8_SM_generator_running
2020-06-29 16:37:32 | DEBUG | connecting GEN____8_SM_generator_switchOffSignal1 with NETWORK__CLIN___8_TN_switchOff
2020-06-29 16:37:32 | DEBUG | connecting GEN____8_SM_generator_terminal with NETWORK__CLIN___8_TN_ACPIN
2020-06-29 16:37:32 | DEBUG | connecting OMEGA_REF_omega_grp_1 with GEN____9_SM_generator_omegaPu
2020-06-29 16:37:32 | DEBUG | connecting OMEGA_REF_omegaRef_grp_1 with GEN____9_SM_generator_omegaRefPu
2020-06-29 16:37:32 | DEBUG | connecting OMEGA_REF_running_grp_1 with GEN____9_SM_generator_running
2020-06-29 16:37:32 | DEBUG | connecting GEN____9_SM_generator_switchOffSignal1 with NETWORK__SALT___9_TN_switchOff
2020-06-29 16:37:32 | DEBUG | connecting GEN____9_SM_generator_terminal with NETWORK__SALT___9_TN_ACPIN
2020-06-29 16:37:32 | DEBUG | connecting OMEGA_REF_numcc_node_3 with NETWORK__GLEN__12_TN_numcc
2020-06-29 16:37:32 | DEBUG | connecting OMEGA_REF_numcc_node_2 with NETWORK__KANA___1_TN_numcc
2020-06-29 16:37:32 | DEBUG | connecting OMEGA_REF_numcc_node_6 with NETWORK__TURN___2_TN_numcc
2020-06-29 16:37:32 | DEBUG | connecting OMEGA_REF_numcc_node_4 with NETWORK__LOGA___3_TN_numcc
2020-06-29 16:37:32 | DEBUG | connecting OMEGA_REF_numcc_node_0 with NETWORK__BEAV___6_TN_numcc
2020-06-29 16:37:32 | DEBUG | connecting OMEGA_REF_numcc_node_5 with NETWORK__CLIN___8_TN_numcc
2020-06-29 16:37:32 | DEBUG | connecting OMEGA_REF_numcc_node_1 with NETWORK__SALT___9_TN_numcc
2020-06-29 16:37:32 | DEBUG | connecting _LOAD____6_EC_load_terminal with NETWORK__BEAV___6_TN_ACPIN
2020-06-29 16:37:32 | DEBUG | connecting _LOAD___10_EC_load_terminal with NETWORK__BUS___10_TN_ACPIN
2020-06-29 16:37:32 | DEBUG | connecting _LOAD___13_EC_load_terminal with NETWORK__BUS___13_TN_ACPIN
2020-06-29 16:37:32 | DEBUG | connecting _LOAD___14_EC_load_terminal with NETWORK__BUS___14_TN_ACPIN
2020-06-29 16:37:32 | DEBUG | connecting _LOAD___15_EC_load_terminal with NETWORK__BUS___15_TN_ACPIN
2020-06-29 16:37:32 | DEBUG | connecting _LOAD___16_EC_load_terminal with NETWORK__BUS___16_TN_ACPIN
2020-06-29 16:37:32 | DEBUG | connecting _LOAD___17_EC_load_terminal with NETWORK__BUS___17_TN_ACPIN
2020-06-29 16:37:32 | DEBUG | connecting _LOAD___19_EC_load_terminal with NETWORK__BUS___19_TN_ACPIN
2020-06-29 16:37:32 | DEBUG | connecting _LOAD___20_EC_load_terminal with NETWORK__BUS___20_TN_ACPIN
2020-06-29 16:37:32 | DEBUG | connecting _LOAD___23_EC_load_terminal with NETWORK__BUS___23_TN_ACPIN
2020-06-29 16:37:32 | DEBUG | connecting _LOAD___25_EC_load_terminal with NETWORK__BUS___25_TN_ACPIN
2020-06-29 16:37:32 | DEBUG | connecting _LOAD___27_EC_load_terminal with NETWORK__BUS___27_TN_ACPIN
2020-06-29 16:37:32 | DEBUG | connecting _LOAD___28_EC_load_terminal with NETWORK__BUS___28_TN_ACPIN
2020-06-29 16:37:32 | DEBUG | connecting _LOAD___29_EC_load_terminal with NETWORK__BUS___29_TN_ACPIN
2020-06-29 16:37:32 | DEBUG | connecting _LOAD___30_EC_load_terminal with NETWORK__BUS___30_TN_ACPIN
2020-06-29 16:37:32 | DEBUG | connecting _LOAD___31_EC_load_terminal with NETWORK__BUS___31_TN_ACPIN
2020-06-29 16:37:32 | DEBUG | connecting _LOAD___32_EC_load_terminal with NETWORK__BUS___32_TN_ACPIN
2020-06-29 16:37:32 | DEBUG | connecting _LOAD___33_EC_load_terminal with NETWORK__BUS___33_TN_ACPIN
2020-06-29 16:37:32 | DEBUG | connecting _LOAD___35_EC_load_terminal with NETWORK__BUS___35_TN_ACPIN
2020-06-29 16:37:32 | DEBUG | connecting _LOAD___38_EC_load_terminal with NETWORK__BUS___38_TN_ACPIN
2020-06-29 16:37:32 | DEBUG | connecting _LOAD___42_EC_load_terminal with NETWORK__BUS___42_TN_ACPIN
2020-06-29 16:37:32 | DEBUG | connecting _LOAD___44_EC_load_terminal with NETWORK__BUS___44_TN_ACPIN
2020-06-29 16:37:32 | DEBUG | connecting _LOAD___47_EC_load_terminal with NETWORK__BUS___47_TN_ACPIN
2020-06-29 16:37:32 | DEBUG | connecting _LOAD___49_EC_load_terminal with NETWORK__BUS___49_TN_ACPIN
2020-06-29 16:37:32 | DEBUG | connecting _LOAD___50_EC_load_terminal with NETWORK__BUS___50_TN_ACPIN
2020-06-29 16:37:32 | DEBUG | connecting _LOAD___51_EC_load_terminal with NETWORK__BUS___51_TN_ACPIN
2020-06-29 16:37:32 | DEBUG | connecting _LOAD___52_EC_load_terminal with NETWORK__BUS___52_TN_ACPIN
2020-06-29 16:37:32 | DEBUG | connecting _LOAD___53_EC_load_terminal with NETWORK__BUS___53_TN_ACPIN
2020-06-29 16:37:32 | DEBUG | connecting _LOAD___54_EC_load_terminal with NETWORK__BUS___54_TN_ACPIN
2020-06-29 16:37:32 | DEBUG | connecting _LOAD___56_EC_load_terminal with NETWORK__BUS___56_TN_ACPIN
2020-06-29 16:37:32 | DEBUG | connecting _LOAD___57_EC_load_terminal with NETWORK__BUS___57_TN_ACPIN
2020-06-29 16:37:32 | DEBUG | connecting _LOAD____5_EC_load_terminal with NETWORK__BUS____5_TN_ACPIN
2020-06-29 16:37:32 | DEBUG | connecting _LOAD____8_EC_load_terminal with NETWORK__CLIN___8_TN_ACPIN
2020-06-29 16:37:32 | DEBUG | connecting _LOAD___12_EC_load_terminal with NETWORK__GLEN__12_TN_ACPIN
2020-06-29 16:37:32 | DEBUG | connecting _LOAD____1_EC_load_terminal with NETWORK__KANA___1_TN_ACPIN
2020-06-29 16:37:32 | DEBUG | connecting _LOAD____3_EC_load_terminal with NETWORK__LOGA___3_TN_ACPIN
2020-06-29 16:37:32 | DEBUG | connecting _LOAD___55_EC_load_terminal with NETWORK__SALT__55_TN_ACPIN
2020-06-29 16:37:32 | DEBUG | connecting _LOAD____9_EC_load_terminal with NETWORK__SALT___9_TN_ACPIN
2020-06-29 16:37:32 | DEBUG | connecting _LOAD___18_EC_load_terminal with NETWORK__SPRI__18_TN_ACPIN
2020-06-29 16:37:32 | DEBUG | connecting _LOAD___41_EC_load_terminal with NETWORK__TAZE__41_TN_ACPIN
2020-06-29 16:37:32 | DEBUG | connecting _LOAD___43_EC_load_terminal with NETWORK__TAZE__43_TN_ACPIN
2020-06-29 16:37:32 | DEBUG | connecting _LOAD____2_EC_load_terminal with NETWORK__TURN___2_TN_ACPIN
2020-06-29 16:37:32 | DEBUG | ------------------------------
2020-06-29 16:37:32 | DEBUG | model :NETWORK                  =>NETWORK
2020-06-29 16:37:32 | DEBUG |          Y : [     0 ;    198[
2020-06-29 16:37:32 | DEBUG |            _BEAV___6_VL    Y[     0 ;      4[
2020-06-29 16:37:32 | DEBUG |            _BUS___51_VL    Y[     4 ;      8[
2020-06-29 16:37:32 | DEBUG |            _BUS___10_VL    Y[     8 ;     12[
2020-06-29 16:37:32 | DEBUG |            _BUS___49_VL    Y[    12 ;     16[
2020-06-29 16:37:32 | DEBUG |            _BUS___13_VL    Y[    16 ;     20[
2020-06-29 16:37:32 | DEBUG |            _BUS___46_VL    Y[    20 ;     22[
2020-06-29 16:37:32 | DEBUG |            _BUS___14_VL    Y[    22 ;     26[
2020-06-29 16:37:32 | DEBUG |            _BUS___45_VL    Y[    26 ;     28[
2020-06-29 16:37:32 | DEBUG |            _BUS___15_VL    Y[    28 ;     32[
2020-06-29 16:37:32 | DEBUG |            _BUS___16_VL    Y[    32 ;     36[
2020-06-29 16:37:32 | DEBUG |            _BUS___17_VL    Y[    36 ;     40[
2020-06-29 16:37:32 | DEBUG |            _BUS___19_VL    Y[    40 ;     44[
2020-06-29 16:37:32 | DEBUG |            _BUS___21_VL    Y[    44 ;     46[
2020-06-29 16:37:32 | DEBUG |            _BUS___20_VL    Y[    46 ;     50[
2020-06-29 16:37:32 | DEBUG |            _BUS___22_VL    Y[    50 ;     52[
2020-06-29 16:37:32 | DEBUG |            _BUS___23_VL    Y[    52 ;     56[
2020-06-29 16:37:32 | DEBUG |            _BUS___26_VL    Y[    56 ;     58[
2020-06-29 16:37:32 | DEBUG |            _BUS___25_VL    Y[    58 ;     62[
2020-06-29 16:37:32 | DEBUG |            _BUS___24_VL    Y[    62 ;     64[
2020-06-29 16:37:32 | DEBUG |            _BUS___27_VL    Y[    64 ;     68[
2020-06-29 16:37:32 | DEBUG |            _BUS___28_VL    Y[    68 ;     72[
2020-06-29 16:37:32 | DEBUG |            _BUS___30_VL    Y[    72 ;     76[
2020-06-29 16:37:32 | DEBUG |            _BUS___31_VL    Y[    76 ;     80[
2020-06-29 16:37:32 | DEBUG |            _BUS___33_VL    Y[    80 ;     84[
2020-06-29 16:37:32 | DEBUG |            _BUS___34_VL    Y[    84 ;     86[
2020-06-29 16:37:32 | DEBUG |            _BUS___32_VL    Y[    86 ;     90[
2020-06-29 16:37:32 | DEBUG |            _BUS___35_VL    Y[    90 ;     94[
2020-06-29 16:37:32 | DEBUG |            _BUS___36_VL    Y[    94 ;     96[
2020-06-29 16:37:32 | DEBUG |            _BUS___37_VL    Y[    96 ;     98[
2020-06-29 16:37:32 | DEBUG |            _BUS___38_VL    Y[    98 ;    102[
2020-06-29 16:37:32 | DEBUG |            _BUS___57_VL    Y[   102 ;    106[
2020-06-29 16:37:32 | DEBUG |            _BUS___39_VL    Y[   106 ;    108[
2020-06-29 16:37:32 | DEBUG |            _BUS___56_VL    Y[   108 ;    112[
2020-06-29 16:37:32 | DEBUG |            _BUS___40_VL    Y[   112 ;    114[
2020-06-29 16:37:32 | DEBUG |            _BUS___42_VL    Y[   114 ;    118[
2020-06-29 16:37:32 | DEBUG |            _BUS___44_VL    Y[   118 ;    122[
2020-06-29 16:37:32 | DEBUG |            _BUS___47_VL    Y[   122 ;    126[
2020-06-29 16:37:32 | DEBUG |            _BUS___48_VL    Y[   126 ;    128[
2020-06-29 16:37:32 | DEBUG |            _BUS___50_VL    Y[   128 ;    132[
2020-06-29 16:37:32 | DEBUG |            _BUS___52_VL    Y[   132 ;    136[
2020-06-29 16:37:32 | DEBUG |            _BUS___53_VL    Y[   136 ;    140[
2020-06-29 16:37:32 | DEBUG |            _BUS___54_VL    Y[   140 ;    144[
2020-06-29 16:37:32 | DEBUG |            _BUS____5_VL    Y[   144 ;    148[
2020-06-29 16:37:32 | DEBUG |            _BUS____7_VL    Y[   148 ;    150[
2020-06-29 16:37:32 | DEBUG |            _BUS___29_VL    Y[   150 ;    154[
2020-06-29 16:37:32 | DEBUG |            _CLIN___8_VL    Y[   154 ;    158[
2020-06-29 16:37:32 | DEBUG |            _GLEN__12_VL    Y[   158 ;    162[
2020-06-29 16:37:32 | DEBUG |            _KANA___1_VL    Y[   162 ;    166[
2020-06-29 16:37:32 | DEBUG |            _LOGA___3_VL    Y[   166 ;    170[
2020-06-29 16:37:32 | DEBUG |            _SALT___9_VL    Y[   170 ;    174[
2020-06-29 16:37:32 | DEBUG |            _SALT__55_VL    Y[   174 ;    178[
2020-06-29 16:37:32 | DEBUG |            _SPRI___4_VL    Y[   178 ;    180[
2020-06-29 16:37:32 | DEBUG |            _SPRI__18_VL    Y[   180 ;    184[
2020-06-29 16:37:32 | DEBUG |            _TAZE__43_VL    Y[   184 ;    188[
2020-06-29 16:37:32 | DEBUG |            _TAZE__41_VL    Y[   188 ;    192[
2020-06-29 16:37:32 | DEBUG |            _TAZE__11_VL    Y[   192 ;    194[
2020-06-29 16:37:32 | DEBUG |            _TURN___2_VL    Y[   194 ;    198[
2020-06-29 16:37:32 | DEBUG |          F : [     0 ;    114[
2020-06-29 16:37:32 | DEBUG |            _BEAV___6_VL    F[     0 ;      2[
2020-06-29 16:37:32 | DEBUG |            _BUS___51_VL    F[     2 ;      4[
2020-06-29 16:37:32 | DEBUG |            _BUS___10_VL    F[     4 ;      6[
2020-06-29 16:37:32 | DEBUG |            _BUS___49_VL    F[     6 ;      8[
2020-06-29 16:37:32 | DEBUG |            _BUS___13_VL    F[     8 ;     10[
2020-06-29 16:37:32 | DEBUG |            _BUS___46_VL    F[    10 ;     12[
2020-06-29 16:37:32 | DEBUG |            _BUS___14_VL    F[    12 ;     14[
2020-06-29 16:37:32 | DEBUG |            _BUS___45_VL    F[    14 ;     16[
2020-06-29 16:37:32 | DEBUG |            _BUS___15_VL    F[    16 ;     18[
2020-06-29 16:37:32 | DEBUG |            _BUS___16_VL    F[    18 ;     20[
2020-06-29 16:37:32 | DEBUG |            _BUS___17_VL    F[    20 ;     22[
2020-06-29 16:37:32 | DEBUG |            _BUS___19_VL    F[    22 ;     24[
2020-06-29 16:37:32 | DEBUG |            _BUS___21_VL    F[    24 ;     26[
2020-06-29 16:37:32 | DEBUG |            _BUS___20_VL    F[    26 ;     28[
2020-06-29 16:37:32 | DEBUG |            _BUS___22_VL    F[    28 ;     30[
2020-06-29 16:37:32 | DEBUG |            _BUS___23_VL    F[    30 ;     32[
2020-06-29 16:37:32 | DEBUG |            _BUS___26_VL    F[    32 ;     34[
2020-06-29 16:37:32 | DEBUG |            _BUS___25_VL    F[    34 ;     36[
2020-06-29 16:37:32 | DEBUG |            _BUS___24_VL    F[    36 ;     38[
2020-06-29 16:37:32 | DEBUG |            _BUS___27_VL    F[    38 ;     40[
2020-06-29 16:37:32 | DEBUG |            _BUS___28_VL    F[    40 ;     42[
2020-06-29 16:37:32 | DEBUG |            _BUS___30_VL    F[    42 ;     44[
2020-06-29 16:37:32 | DEBUG |            _BUS___31_VL    F[    44 ;     46[
2020-06-29 16:37:32 | DEBUG |            _BUS___33_VL    F[    46 ;     48[
2020-06-29 16:37:32 | DEBUG |            _BUS___34_VL    F[    48 ;     50[
2020-06-29 16:37:32 | DEBUG |            _BUS___32_VL    F[    50 ;     52[
2020-06-29 16:37:32 | DEBUG |            _BUS___35_VL    F[    52 ;     54[
2020-06-29 16:37:32 | DEBUG |            _BUS___36_VL    F[    54 ;     56[
2020-06-29 16:37:32 | DEBUG |            _BUS___37_VL    F[    56 ;     58[
2020-06-29 16:37:32 | DEBUG |            _BUS___38_VL    F[    58 ;     60[
2020-06-29 16:37:32 | DEBUG |            _BUS___57_VL    F[    60 ;     62[
2020-06-29 16:37:32 | DEBUG |            _BUS___39_VL    F[    62 ;     64[
2020-06-29 16:37:32 | DEBUG |            _BUS___56_VL    F[    64 ;     66[
2020-06-29 16:37:32 | DEBUG |            _BUS___40_VL    F[    66 ;     68[
2020-06-29 16:37:32 | DEBUG |            _BUS___42_VL    F[    68 ;     70[
2020-06-29 16:37:32 | DEBUG |            _BUS___44_VL    F[    70 ;     72[
2020-06-29 16:37:32 | DEBUG |            _BUS___47_VL    F[    72 ;     74[
2020-06-29 16:37:32 | DEBUG |            _BUS___48_VL    F[    74 ;     76[
2020-06-29 16:37:32 | DEBUG |            _BUS___50_VL    F[    76 ;     78[
2020-06-29 16:37:32 | DEBUG |            _BUS___52_VL    F[    78 ;     80[
2020-06-29 16:37:32 | DEBUG |            _BUS___53_VL    F[    80 ;     82[
2020-06-29 16:37:32 | DEBUG |            _BUS___54_VL    F[    82 ;     84[
2020-06-29 16:37:32 | DEBUG |            _BUS____5_VL    F[    84 ;     86[
2020-06-29 16:37:32 | DEBUG |            _BUS____7_VL    F[    86 ;     88[
2020-06-29 16:37:32 | DEBUG |            _BUS___29_VL    F[    88 ;     90[
2020-06-29 16:37:32 | DEBUG |            _CLIN___8_VL    F[    90 ;     92[
2020-06-29 16:37:32 | DEBUG |            _GLEN__12_VL    F[    92 ;     94[
2020-06-29 16:37:32 | DEBUG |            _KANA___1_VL    F[    94 ;     96[
2020-06-29 16:37:32 | DEBUG |            _LOGA___3_VL    F[    96 ;     98[
2020-06-29 16:37:32 | DEBUG |            _SALT___9_VL    F[    98 ;    100[
2020-06-29 16:37:32 | DEBUG |            _SALT__55_VL    F[   100 ;    102[
2020-06-29 16:37:32 | DEBUG |            _SPRI___4_VL    F[   102 ;    104[
2020-06-29 16:37:32 | DEBUG |            _SPRI__18_VL    F[   104 ;    106[
2020-06-29 16:37:32 | DEBUG |            _TAZE__43_VL    F[   106 ;    108[
2020-06-29 16:37:32 | DEBUG |            _TAZE__41_VL    F[   108 ;    110[
2020-06-29 16:37:32 | DEBUG |            _TAZE__11_VL    F[   110 ;    112[
2020-06-29 16:37:32 | DEBUG |            _TURN___2_VL    F[   112 ;    114[
2020-06-29 16:37:32 | DEBUG |          Z : [     0 ;    394[
2020-06-29 16:37:32 | DEBUG |       mode : [     0 ;    180[
2020-06-29 16:37:32 | DEBUG |          G : [     0 ;    522[
2020-06-29 16:37:32 | DEBUG |
2020-06-29 16:37:32 | DEBUG | model :GeneratorSynchronousFourWindingsProportionalRegulations=>GEN___12_SM
2020-06-29 16:37:32 | DEBUG |          Y : [   198 ;    252[
2020-06-29 16:37:32 | DEBUG |          F : [   114 ;    165[
2020-06-29 16:37:32 | DEBUG |          Z : [   394 ;    412[
2020-06-29 16:37:32 | DEBUG |       mode : [   180 ;    193[
2020-06-29 16:37:32 | DEBUG |          G : [   522 ;    549[
2020-06-29 16:37:32 | DEBUG |
2020-06-29 16:37:32 | DEBUG | model :GeneratorSynchronousFourWindingsProportionalRegulations=>GEN____1_SM
2020-06-29 16:37:32 | DEBUG |          Y : [   252 ;    306[
2020-06-29 16:37:32 | DEBUG |          F : [   165 ;    216[
2020-06-29 16:37:32 | DEBUG |          Z : [   412 ;    430[
2020-06-29 16:37:32 | DEBUG |       mode : [   193 ;    206[
2020-06-29 16:37:32 | DEBUG |          G : [   549 ;    576[
2020-06-29 16:37:32 | DEBUG |
2020-06-29 16:37:32 | DEBUG | model :GeneratorSynchronousFourWindingsProportionalRegulations=>GEN____2_SM
2020-06-29 16:37:32 | DEBUG |          Y : [   306 ;    360[
2020-06-29 16:37:32 | DEBUG |          F : [   216 ;    267[
2020-06-29 16:37:32 | DEBUG |          Z : [   430 ;    448[
2020-06-29 16:37:32 | DEBUG |       mode : [   206 ;    219[
2020-06-29 16:37:32 | DEBUG |          G : [   576 ;    603[
2020-06-29 16:37:32 | DEBUG |
2020-06-29 16:37:32 | DEBUG | model :GeneratorSynchronousFourWindingsProportionalRegulations=>GEN____3_SM
2020-06-29 16:37:32 | DEBUG |          Y : [   360 ;    414[
2020-06-29 16:37:32 | DEBUG |          F : [   267 ;    318[
2020-06-29 16:37:32 | DEBUG |          Z : [   448 ;    466[
2020-06-29 16:37:32 | DEBUG |       mode : [   219 ;    232[
2020-06-29 16:37:32 | DEBUG |          G : [   603 ;    630[
2020-06-29 16:37:32 | DEBUG |
2020-06-29 16:37:32 | DEBUG | model :GeneratorSynchronousFourWindingsProportionalRegulations=>GEN____6_SM
2020-06-29 16:37:32 | DEBUG |          Y : [   414 ;    468[
2020-06-29 16:37:32 | DEBUG |          F : [   318 ;    369[
2020-06-29 16:37:32 | DEBUG |          Z : [   466 ;    484[
2020-06-29 16:37:32 | DEBUG |       mode : [   232 ;    245[
2020-06-29 16:37:32 | DEBUG |          G : [   630 ;    657[
2020-06-29 16:37:32 | DEBUG |
2020-06-29 16:37:32 | DEBUG | model :GeneratorSynchronousFourWindingsProportionalRegulations=>GEN____8_SM
2020-06-29 16:37:32 | DEBUG |          Y : [   468 ;    522[
2020-06-29 16:37:32 | DEBUG |          F : [   369 ;    420[
2020-06-29 16:37:32 | DEBUG |          Z : [   484 ;    502[
2020-06-29 16:37:32 | DEBUG |       mode : [   245 ;    258[
2020-06-29 16:37:32 | DEBUG |          G : [   657 ;    684[
2020-06-29 16:37:32 | DEBUG |
2020-06-29 16:37:32 | DEBUG | model :GeneratorSynchronousFourWindingsProportionalRegulations=>GEN____9_SM
2020-06-29 16:37:32 | DEBUG |          Y : [   522 ;    576[
2020-06-29 16:37:32 | DEBUG |          F : [   420 ;    471[
2020-06-29 16:37:32 | DEBUG |          Z : [   502 ;    520[
2020-06-29 16:37:32 | DEBUG |       mode : [   258 ;    271[
2020-06-29 16:37:32 | DEBUG |          G : [   684 ;    711[
2020-06-29 16:37:32 | DEBUG |
2020-06-29 16:37:32 | DEBUG | model :omegaRef                 =>OMEGA_REF
2020-06-29 16:37:32 | DEBUG |          Y : [   576 ;    600[
2020-06-29 16:37:32 | DEBUG |          F : [   471 ;    488[
2020-06-29 16:37:32 | DEBUG |          Z : [   520 ;    534[
2020-06-29 16:37:32 | DEBUG |       mode : [   271 ;    272[
2020-06-29 16:37:32 | DEBUG |
2020-06-29 16:37:32 | DEBUG | model :LoadAlphaBeta            =>_LOAD___10_EC
2020-06-29 16:37:32 | DEBUG |          Y : [   600 ;    606[
2020-06-29 16:37:32 | DEBUG |          F : [   488 ;    492[
2020-06-29 16:37:32 | DEBUG |          Z : [   534 ;    540[
2020-06-29 16:37:32 | DEBUG |       mode : [   272 ;    275[
2020-06-29 16:37:32 | DEBUG |          G : [   711 ;    713[
2020-06-29 16:37:32 | DEBUG |
2020-06-29 16:37:32 | DEBUG | model :LoadAlphaBeta            =>_LOAD___12_EC
2020-06-29 16:37:32 | DEBUG |          Y : [   606 ;    612[
2020-06-29 16:37:32 | DEBUG |          F : [   492 ;    496[
2020-06-29 16:37:32 | DEBUG |          Z : [   540 ;    546[
2020-06-29 16:37:32 | DEBUG |       mode : [   275 ;    278[
2020-06-29 16:37:32 | DEBUG |          G : [   713 ;    715[
2020-06-29 16:37:32 | DEBUG |
2020-06-29 16:37:32 | DEBUG | model :LoadAlphaBeta            =>_LOAD___13_EC
2020-06-29 16:37:32 | DEBUG |          Y : [   612 ;    618[
2020-06-29 16:37:32 | DEBUG |          F : [   496 ;    500[
2020-06-29 16:37:32 | DEBUG |          Z : [   546 ;    552[
2020-06-29 16:37:32 | DEBUG |       mode : [   278 ;    281[
2020-06-29 16:37:32 | DEBUG |          G : [   715 ;    717[
2020-06-29 16:37:32 | DEBUG |
2020-06-29 16:37:32 | DEBUG | model :LoadAlphaBeta            =>_LOAD___14_EC
2020-06-29 16:37:32 | DEBUG |          Y : [   618 ;    624[
2020-06-29 16:37:32 | DEBUG |          F : [   500 ;    504[
2020-06-29 16:37:32 | DEBUG |          Z : [   552 ;    558[
2020-06-29 16:37:32 | DEBUG |       mode : [   281 ;    284[
2020-06-29 16:37:32 | DEBUG |          G : [   717 ;    719[
2020-06-29 16:37:32 | DEBUG |
2020-06-29 16:37:32 | DEBUG | model :LoadAlphaBeta            =>_LOAD___15_EC
2020-06-29 16:37:32 | DEBUG |          Y : [   624 ;    630[
2020-06-29 16:37:32 | DEBUG |          F : [   504 ;    508[
2020-06-29 16:37:32 | DEBUG |          Z : [   558 ;    564[
2020-06-29 16:37:32 | DEBUG |       mode : [   284 ;    287[
2020-06-29 16:37:32 | DEBUG |          G : [   719 ;    721[
2020-06-29 16:37:32 | DEBUG |
2020-06-29 16:37:32 | DEBUG | model :LoadAlphaBeta            =>_LOAD___16_EC
2020-06-29 16:37:32 | DEBUG |          Y : [   630 ;    636[
2020-06-29 16:37:32 | DEBUG |          F : [   508 ;    512[
2020-06-29 16:37:32 | DEBUG |          Z : [   564 ;    570[
2020-06-29 16:37:32 | DEBUG |       mode : [   287 ;    290[
2020-06-29 16:37:32 | DEBUG |          G : [   721 ;    723[
2020-06-29 16:37:32 | DEBUG |
2020-06-29 16:37:32 | DEBUG | model :LoadAlphaBeta            =>_LOAD___17_EC
2020-06-29 16:37:32 | DEBUG |          Y : [   636 ;    642[
2020-06-29 16:37:32 | DEBUG |          F : [   512 ;    516[
2020-06-29 16:37:32 | DEBUG |          Z : [   570 ;    576[
2020-06-29 16:37:32 | DEBUG |       mode : [   290 ;    293[
2020-06-29 16:37:32 | DEBUG |          G : [   723 ;    725[
2020-06-29 16:37:32 | DEBUG |
2020-06-29 16:37:32 | DEBUG | model :LoadAlphaBeta            =>_LOAD___18_EC
2020-06-29 16:37:32 | DEBUG |          Y : [   642 ;    648[
2020-06-29 16:37:32 | DEBUG |          F : [   516 ;    520[
2020-06-29 16:37:32 | DEBUG |          Z : [   576 ;    582[
2020-06-29 16:37:32 | DEBUG |       mode : [   293 ;    296[
2020-06-29 16:37:32 | DEBUG |          G : [   725 ;    727[
2020-06-29 16:37:32 | DEBUG |
2020-06-29 16:37:32 | DEBUG | model :LoadAlphaBeta            =>_LOAD___19_EC
2020-06-29 16:37:32 | DEBUG |          Y : [   648 ;    654[
2020-06-29 16:37:32 | DEBUG |          F : [   520 ;    524[
2020-06-29 16:37:32 | DEBUG |          Z : [   582 ;    588[
2020-06-29 16:37:32 | DEBUG |       mode : [   296 ;    299[
2020-06-29 16:37:32 | DEBUG |          G : [   727 ;    729[
2020-06-29 16:37:32 | DEBUG |
2020-06-29 16:37:32 | DEBUG | model :LoadAlphaBeta            =>_LOAD___20_EC
2020-06-29 16:37:32 | DEBUG |          Y : [   654 ;    660[
2020-06-29 16:37:32 | DEBUG |          F : [   524 ;    528[
2020-06-29 16:37:32 | DEBUG |          Z : [   588 ;    594[
2020-06-29 16:37:32 | DEBUG |       mode : [   299 ;    302[
2020-06-29 16:37:32 | DEBUG |          G : [   729 ;    731[
2020-06-29 16:37:32 | DEBUG |
2020-06-29 16:37:32 | DEBUG | model :LoadAlphaBeta            =>_LOAD___23_EC
2020-06-29 16:37:32 | DEBUG |          Y : [   660 ;    666[
2020-06-29 16:37:32 | DEBUG |          F : [   528 ;    532[
2020-06-29 16:37:32 | DEBUG |          Z : [   594 ;    600[
2020-06-29 16:37:32 | DEBUG |       mode : [   302 ;    305[
2020-06-29 16:37:32 | DEBUG |          G : [   731 ;    733[
2020-06-29 16:37:32 | DEBUG |
2020-06-29 16:37:32 | DEBUG | model :LoadAlphaBeta            =>_LOAD___25_EC
2020-06-29 16:37:32 | DEBUG |          Y : [   666 ;    672[
2020-06-29 16:37:32 | DEBUG |          F : [   532 ;    536[
2020-06-29 16:37:32 | DEBUG |          Z : [   600 ;    606[
2020-06-29 16:37:32 | DEBUG |       mode : [   305 ;    308[
2020-06-29 16:37:32 | DEBUG |          G : [   733 ;    735[
2020-06-29 16:37:32 | DEBUG |
2020-06-29 16:37:32 | DEBUG | model :LoadAlphaBeta            =>_LOAD___27_EC
2020-06-29 16:37:32 | DEBUG |          Y : [   672 ;    678[
2020-06-29 16:37:32 | DEBUG |          F : [   536 ;    540[
2020-06-29 16:37:32 | DEBUG |          Z : [   606 ;    612[
2020-06-29 16:37:32 | DEBUG |       mode : [   308 ;    311[
2020-06-29 16:37:32 | DEBUG |          G : [   735 ;    737[
2020-06-29 16:37:32 | DEBUG |
2020-06-29 16:37:32 | DEBUG | model :LoadAlphaBeta            =>_LOAD___28_EC
2020-06-29 16:37:32 | DEBUG |          Y : [   678 ;    684[
2020-06-29 16:37:32 | DEBUG |          F : [   540 ;    544[
2020-06-29 16:37:32 | DEBUG |          Z : [   612 ;    618[
2020-06-29 16:37:32 | DEBUG |       mode : [   311 ;    314[
2020-06-29 16:37:32 | DEBUG |          G : [   737 ;    739[
2020-06-29 16:37:32 | DEBUG |
2020-06-29 16:37:32 | DEBUG | model :LoadAlphaBeta            =>_LOAD___29_EC
2020-06-29 16:37:32 | DEBUG |          Y : [   684 ;    690[
2020-06-29 16:37:32 | DEBUG |          F : [   544 ;    548[
2020-06-29 16:37:32 | DEBUG |          Z : [   618 ;    624[
2020-06-29 16:37:32 | DEBUG |       mode : [   314 ;    317[
2020-06-29 16:37:32 | DEBUG |          G : [   739 ;    741[
2020-06-29 16:37:32 | DEBUG |
2020-06-29 16:37:32 | DEBUG | model :LoadAlphaBeta            =>_LOAD___30_EC
2020-06-29 16:37:32 | DEBUG |          Y : [   690 ;    696[
2020-06-29 16:37:32 | DEBUG |          F : [   548 ;    552[
2020-06-29 16:37:32 | DEBUG |          Z : [   624 ;    630[
2020-06-29 16:37:32 | DEBUG |       mode : [   317 ;    320[
2020-06-29 16:37:32 | DEBUG |          G : [   741 ;    743[
2020-06-29 16:37:32 | DEBUG |
2020-06-29 16:37:32 | DEBUG | model :LoadAlphaBeta            =>_LOAD___31_EC
2020-06-29 16:37:32 | DEBUG |          Y : [   696 ;    702[
2020-06-29 16:37:32 | DEBUG |          F : [   552 ;    556[
2020-06-29 16:37:32 | DEBUG |          Z : [   630 ;    636[
2020-06-29 16:37:32 | DEBUG |       mode : [   320 ;    323[
2020-06-29 16:37:32 | DEBUG |          G : [   743 ;    745[
2020-06-29 16:37:32 | DEBUG |
2020-06-29 16:37:32 | DEBUG | model :LoadAlphaBeta            =>_LOAD___32_EC
2020-06-29 16:37:32 | DEBUG |          Y : [   702 ;    708[
2020-06-29 16:37:32 | DEBUG |          F : [   556 ;    560[
2020-06-29 16:37:32 | DEBUG |          Z : [   636 ;    642[
2020-06-29 16:37:32 | DEBUG |       mode : [   323 ;    326[
2020-06-29 16:37:32 | DEBUG |          G : [   745 ;    747[
2020-06-29 16:37:32 | DEBUG |
2020-06-29 16:37:32 | DEBUG | model :LoadAlphaBeta            =>_LOAD___33_EC
2020-06-29 16:37:32 | DEBUG |          Y : [   708 ;    714[
2020-06-29 16:37:32 | DEBUG |          F : [   560 ;    564[
2020-06-29 16:37:32 | DEBUG |          Z : [   642 ;    648[
2020-06-29 16:37:32 | DEBUG |       mode : [   326 ;    329[
2020-06-29 16:37:32 | DEBUG |          G : [   747 ;    749[
2020-06-29 16:37:32 | DEBUG |
2020-06-29 16:37:32 | DEBUG | model :LoadAlphaBeta            =>_LOAD___35_EC
2020-06-29 16:37:32 | DEBUG |          Y : [   714 ;    720[
2020-06-29 16:37:32 | DEBUG |          F : [   564 ;    568[
2020-06-29 16:37:32 | DEBUG |          Z : [   648 ;    654[
2020-06-29 16:37:32 | DEBUG |       mode : [   329 ;    332[
2020-06-29 16:37:32 | DEBUG |          G : [   749 ;    751[
2020-06-29 16:37:32 | DEBUG |
2020-06-29 16:37:32 | DEBUG | model :LoadAlphaBeta            =>_LOAD___38_EC
2020-06-29 16:37:32 | DEBUG |          Y : [   720 ;    726[
2020-06-29 16:37:32 | DEBUG |          F : [   568 ;    572[
2020-06-29 16:37:32 | DEBUG |          Z : [   654 ;    660[
2020-06-29 16:37:32 | DEBUG |       mode : [   332 ;    335[
2020-06-29 16:37:32 | DEBUG |          G : [   751 ;    753[
2020-06-29 16:37:32 | DEBUG |
2020-06-29 16:37:32 | DEBUG | model :LoadAlphaBeta            =>_LOAD___41_EC
2020-06-29 16:37:32 | DEBUG |          Y : [   726 ;    732[
2020-06-29 16:37:32 | DEBUG |          F : [   572 ;    576[
2020-06-29 16:37:32 | DEBUG |          Z : [   660 ;    666[
2020-06-29 16:37:32 | DEBUG |       mode : [   335 ;    338[
2020-06-29 16:37:32 | DEBUG |          G : [   753 ;    755[
2020-06-29 16:37:32 | DEBUG |
2020-06-29 16:37:32 | DEBUG | model :LoadAlphaBeta            =>_LOAD___42_EC
2020-06-29 16:37:32 | DEBUG |          Y : [   732 ;    738[
2020-06-29 16:37:32 | DEBUG |          F : [   576 ;    580[
2020-06-29 16:37:32 | DEBUG |          Z : [   666 ;    672[
2020-06-29 16:37:32 | DEBUG |       mode : [   338 ;    341[
2020-06-29 16:37:32 | DEBUG |          G : [   755 ;    757[
2020-06-29 16:37:32 | DEBUG |
2020-06-29 16:37:32 | DEBUG | model :LoadAlphaBeta            =>_LOAD___43_EC
2020-06-29 16:37:32 | DEBUG |          Y : [   738 ;    744[
2020-06-29 16:37:32 | DEBUG |          F : [   580 ;    584[
2020-06-29 16:37:32 | DEBUG |          Z : [   672 ;    678[
2020-06-29 16:37:32 | DEBUG |       mode : [   341 ;    344[
2020-06-29 16:37:32 | DEBUG |          G : [   757 ;    759[
2020-06-29 16:37:32 | DEBUG |
2020-06-29 16:37:32 | DEBUG | model :LoadAlphaBeta            =>_LOAD___44_EC
2020-06-29 16:37:32 | DEBUG |          Y : [   744 ;    750[
2020-06-29 16:37:32 | DEBUG |          F : [   584 ;    588[
2020-06-29 16:37:32 | DEBUG |          Z : [   678 ;    684[
2020-06-29 16:37:32 | DEBUG |       mode : [   344 ;    347[
2020-06-29 16:37:32 | DEBUG |          G : [   759 ;    761[
2020-06-29 16:37:32 | DEBUG |
2020-06-29 16:37:32 | DEBUG | model :LoadAlphaBeta            =>_LOAD___47_EC
2020-06-29 16:37:32 | DEBUG |          Y : [   750 ;    756[
2020-06-29 16:37:32 | DEBUG |          F : [   588 ;    592[
2020-06-29 16:37:32 | DEBUG |          Z : [   684 ;    690[
2020-06-29 16:37:32 | DEBUG |       mode : [   347 ;    350[
2020-06-29 16:37:32 | DEBUG |          G : [   761 ;    763[
2020-06-29 16:37:32 | DEBUG |
2020-06-29 16:37:32 | DEBUG | model :LoadAlphaBeta            =>_LOAD___49_EC
2020-06-29 16:37:32 | DEBUG |          Y : [   756 ;    762[
2020-06-29 16:37:32 | DEBUG |          F : [   592 ;    596[
2020-06-29 16:37:32 | DEBUG |          Z : [   690 ;    696[
2020-06-29 16:37:32 | DEBUG |       mode : [   350 ;    353[
2020-06-29 16:37:32 | DEBUG |          G : [   763 ;    765[
2020-06-29 16:37:32 | DEBUG |
2020-06-29 16:37:32 | DEBUG | model :LoadAlphaBeta            =>_LOAD___50_EC
2020-06-29 16:37:32 | DEBUG |          Y : [   762 ;    768[
2020-06-29 16:37:32 | DEBUG |          F : [   596 ;    600[
2020-06-29 16:37:32 | DEBUG |          Z : [   696 ;    702[
2020-06-29 16:37:32 | DEBUG |       mode : [   353 ;    356[
2020-06-29 16:37:32 | DEBUG |          G : [   765 ;    767[
2020-06-29 16:37:32 | DEBUG |
2020-06-29 16:37:32 | DEBUG | model :LoadAlphaBeta            =>_LOAD___51_EC
2020-06-29 16:37:32 | DEBUG |          Y : [   768 ;    774[
2020-06-29 16:37:32 | DEBUG |          F : [   600 ;    604[
2020-06-29 16:37:32 | DEBUG |          Z : [   702 ;    708[
2020-06-29 16:37:32 | DEBUG |       mode : [   356 ;    359[
2020-06-29 16:37:32 | DEBUG |          G : [   767 ;    769[
2020-06-29 16:37:32 | DEBUG |
2020-06-29 16:37:32 | DEBUG | model :LoadAlphaBeta            =>_LOAD___52_EC
2020-06-29 16:37:32 | DEBUG |          Y : [   774 ;    780[
2020-06-29 16:37:32 | DEBUG |          F : [   604 ;    608[
2020-06-29 16:37:32 | DEBUG |          Z : [   708 ;    714[
2020-06-29 16:37:32 | DEBUG |       mode : [   359 ;    362[
2020-06-29 16:37:32 | DEBUG |          G : [   769 ;    771[
2020-06-29 16:37:32 | DEBUG |
2020-06-29 16:37:32 | DEBUG | model :LoadAlphaBeta            =>_LOAD___53_EC
2020-06-29 16:37:32 | DEBUG |          Y : [   780 ;    786[
2020-06-29 16:37:32 | DEBUG |          F : [   608 ;    612[
2020-06-29 16:37:32 | DEBUG |          Z : [   714 ;    720[
2020-06-29 16:37:32 | DEBUG |       mode : [   362 ;    365[
2020-06-29 16:37:32 | DEBUG |          G : [   771 ;    773[
2020-06-29 16:37:32 | DEBUG |
2020-06-29 16:37:32 | DEBUG | model :LoadAlphaBeta            =>_LOAD___54_EC
2020-06-29 16:37:32 | DEBUG |          Y : [   786 ;    792[
2020-06-29 16:37:32 | DEBUG |          F : [   612 ;    616[
2020-06-29 16:37:32 | DEBUG |          Z : [   720 ;    726[
2020-06-29 16:37:32 | DEBUG |       mode : [   365 ;    368[
2020-06-29 16:37:32 | DEBUG |          G : [   773 ;    775[
2020-06-29 16:37:32 | DEBUG |
2020-06-29 16:37:32 | DEBUG | model :LoadAlphaBeta            =>_LOAD___55_EC
2020-06-29 16:37:32 | DEBUG |          Y : [   792 ;    798[
2020-06-29 16:37:32 | DEBUG |          F : [   616 ;    620[
2020-06-29 16:37:32 | DEBUG |          Z : [   726 ;    732[
2020-06-29 16:37:32 | DEBUG |       mode : [   368 ;    371[
2020-06-29 16:37:32 | DEBUG |          G : [   775 ;    777[
2020-06-29 16:37:32 | DEBUG |
2020-06-29 16:37:32 | DEBUG | model :LoadAlphaBeta            =>_LOAD___56_EC
2020-06-29 16:37:32 | DEBUG |          Y : [   798 ;    804[
2020-06-29 16:37:32 | DEBUG |          F : [   620 ;    624[
2020-06-29 16:37:32 | DEBUG |          Z : [   732 ;    738[
2020-06-29 16:37:32 | DEBUG |       mode : [   371 ;    374[
2020-06-29 16:37:32 | DEBUG |          G : [   777 ;    779[
2020-06-29 16:37:32 | DEBUG |
2020-06-29 16:37:32 | DEBUG | model :LoadAlphaBeta            =>_LOAD___57_EC
2020-06-29 16:37:32 | DEBUG |          Y : [   804 ;    810[
2020-06-29 16:37:32 | DEBUG |          F : [   624 ;    628[
2020-06-29 16:37:32 | DEBUG |          Z : [   738 ;    744[
2020-06-29 16:37:32 | DEBUG |       mode : [   374 ;    377[
2020-06-29 16:37:32 | DEBUG |          G : [   779 ;    781[
2020-06-29 16:37:32 | DEBUG |
2020-06-29 16:37:32 | DEBUG | model :LoadAlphaBeta            =>_LOAD____1_EC
2020-06-29 16:37:32 | DEBUG |          Y : [   810 ;    816[
2020-06-29 16:37:32 | DEBUG |          F : [   628 ;    632[
2020-06-29 16:37:32 | DEBUG |          Z : [   744 ;    750[
2020-06-29 16:37:32 | DEBUG |       mode : [   377 ;    380[
2020-06-29 16:37:32 | DEBUG |          G : [   781 ;    783[
2020-06-29 16:37:32 | DEBUG |
2020-06-29 16:37:32 | DEBUG | model :LoadAlphaBeta            =>_LOAD____2_EC
2020-06-29 16:37:32 | DEBUG |          Y : [   816 ;    822[
2020-06-29 16:37:32 | DEBUG |          F : [   632 ;    636[
2020-06-29 16:37:32 | DEBUG |          Z : [   750 ;    756[
2020-06-29 16:37:32 | DEBUG |       mode : [   380 ;    383[
2020-06-29 16:37:32 | DEBUG |          G : [   783 ;    785[
2020-06-29 16:37:32 | DEBUG |
2020-06-29 16:37:32 | DEBUG | model :LoadAlphaBeta            =>_LOAD____3_EC
2020-06-29 16:37:32 | DEBUG |          Y : [   822 ;    828[
2020-06-29 16:37:32 | DEBUG |          F : [   636 ;    640[
2020-06-29 16:37:32 | DEBUG |          Z : [   756 ;    762[
2020-06-29 16:37:32 | DEBUG |       mode : [   383 ;    386[
2020-06-29 16:37:32 | DEBUG |          G : [   785 ;    787[
2020-06-29 16:37:32 | DEBUG |
2020-06-29 16:37:32 | DEBUG | model :LoadAlphaBeta            =>_LOAD____5_EC
2020-06-29 16:37:32 | DEBUG |          Y : [   828 ;    834[
2020-06-29 16:37:32 | DEBUG |          F : [   640 ;    644[
2020-06-29 16:37:32 | DEBUG |          Z : [   762 ;    768[
2020-06-29 16:37:32 | DEBUG |       mode : [   386 ;    389[
2020-06-29 16:37:32 | DEBUG |          G : [   787 ;    789[
2020-06-29 16:37:32 | DEBUG |
2020-06-29 16:37:32 | DEBUG | model :LoadAlphaBeta            =>_LOAD____6_EC
2020-06-29 16:37:32 | DEBUG |          Y : [   834 ;    840[
2020-06-29 16:37:32 | DEBUG |          F : [   644 ;    648[
2020-06-29 16:37:32 | DEBUG |          Z : [   768 ;    774[
2020-06-29 16:37:32 | DEBUG |       mode : [   389 ;    392[
2020-06-29 16:37:32 | DEBUG |          G : [   789 ;    791[
2020-06-29 16:37:32 | DEBUG |
2020-06-29 16:37:32 | DEBUG | model :LoadAlphaBeta            =>_LOAD____8_EC
2020-06-29 16:37:32 | DEBUG |          Y : [   840 ;    846[
2020-06-29 16:37:32 | DEBUG |          F : [   648 ;    652[
2020-06-29 16:37:32 | DEBUG |          Z : [   774 ;    780[
2020-06-29 16:37:32 | DEBUG |       mode : [   392 ;    395[
2020-06-29 16:37:32 | DEBUG |          G : [   791 ;    793[
2020-06-29 16:37:32 | DEBUG |
2020-06-29 16:37:32 | DEBUG | model :LoadAlphaBeta            =>_LOAD____9_EC
2020-06-29 16:37:32 | DEBUG |          Y : [   846 ;    852[
2020-06-29 16:37:32 | DEBUG |          F : [   652 ;    656[
2020-06-29 16:37:32 | DEBUG |          Z : [   780 ;    786[
2020-06-29 16:37:32 | DEBUG |       mode : [   395 ;    398[
2020-06-29 16:37:32 | DEBUG |          G : [   793 ;    795[
2020-06-29 16:37:32 | DEBUG |
2020-06-29 16:37:32 | DEBUG | model connectors (Y,Flow) NB = 196
2020-06-29 16:37:32 | DEBUG |          F : [   656 ;    852[
2020-06-29 16:37:32 | DEBUG |
2020-06-29 16:37:32 | DEBUG |  ====== connectors list =====
2020-06-29 16:37:32 | DEBUG |          Yconnector Y[   202] = Y[   589]      F = F[   656] / model GEN___12_SM to model OMEGA_REF
2020-06-29 16:37:32 | DEBUG |          Yconnector Y[   203] = Y[   596]      F = F[   657] / model GEN___12_SM to model OMEGA_REF
2020-06-29 16:37:32 | DEBUG |          Yconnector Y[   159] = Y[   204]      F = F[   658] / model NETWORK to model GEN___12_SM
2020-06-29 16:37:32 | DEBUG |          Yconnector Y[   606] = Y[   204]      F = F[   659] / model _LOAD___12_EC to model GEN___12_SM
2020-06-29 16:37:32 | DEBUG |          Yconnector Y[   158] = Y[   205]      F = F[   660] / model NETWORK to model GEN___12_SM
2020-06-29 16:37:32 | DEBUG |          Yconnector Y[   607] = Y[   205]      F = F[   661] / model _LOAD___12_EC to model GEN___12_SM
2020-06-29 16:37:32 | DEBUG |          Yconnector Y[   256] = Y[   588]      F = F[   662] / model GEN____1_SM to model OMEGA_REF
2020-06-29 16:37:32 | DEBUG |          Yconnector Y[   257] = Y[   595]      F = F[   663] / model GEN____1_SM to model OMEGA_REF
2020-06-29 16:37:32 | DEBUG |          Yconnector Y[   163] = Y[   258]      F = F[   664] / model NETWORK to model GEN____1_SM
2020-06-29 16:37:32 | DEBUG |          Yconnector Y[   810] = Y[   258]      F = F[   665] / model _LOAD____1_EC to model GEN____1_SM
2020-06-29 16:37:32 | DEBUG |          Yconnector Y[   162] = Y[   259]      F = F[   666] / model NETWORK to model GEN____1_SM
2020-06-29 16:37:32 | DEBUG |          Yconnector Y[   811] = Y[   259]      F = F[   667] / model _LOAD____1_EC to model GEN____1_SM
2020-06-29 16:37:32 | DEBUG |          Yconnector Y[   310] = Y[   592]      F = F[   668] / model GEN____2_SM to model OMEGA_REF
2020-06-29 16:37:32 | DEBUG |          Yconnector Y[   311] = Y[   599]      F = F[   669] / model GEN____2_SM to model OMEGA_REF
2020-06-29 16:37:32 | DEBUG |          Yconnector Y[   195] = Y[   312]      F = F[   670] / model NETWORK to model GEN____2_SM
2020-06-29 16:37:32 | DEBUG |          Yconnector Y[   816] = Y[   312]      F = F[   671] / model _LOAD____2_EC to model GEN____2_SM
2020-06-29 16:37:32 | DEBUG |          Yconnector Y[   194] = Y[   313]      F = F[   672] / model NETWORK to model GEN____2_SM
2020-06-29 16:37:32 | DEBUG |          Yconnector Y[   817] = Y[   313]      F = F[   673] / model _LOAD____2_EC to model GEN____2_SM
2020-06-29 16:37:32 | DEBUG |          Yconnector Y[   364] = Y[   590]      F = F[   674] / model GEN____3_SM to model OMEGA_REF
2020-06-29 16:37:32 | DEBUG |          Yconnector Y[   365] = Y[   597]      F = F[   675] / model GEN____3_SM to model OMEGA_REF
2020-06-29 16:37:32 | DEBUG |          Yconnector Y[   167] = Y[   366]      F = F[   676] / model NETWORK to model GEN____3_SM
2020-06-29 16:37:32 | DEBUG |          Yconnector Y[   822] = Y[   366]      F = F[   677] / model _LOAD____3_EC to model GEN____3_SM
2020-06-29 16:37:32 | DEBUG |          Yconnector Y[   166] = Y[   367]      F = F[   678] / model NETWORK to model GEN____3_SM
2020-06-29 16:37:32 | DEBUG |          Yconnector Y[   823] = Y[   367]      F = F[   679] / model _LOAD____3_EC to model GEN____3_SM
2020-06-29 16:37:32 | DEBUG |          Yconnector Y[   418] = Y[   586]      F = F[   680] / model GEN____6_SM to model OMEGA_REF
2020-06-29 16:37:32 | DEBUG |          Yconnector Y[   419] = Y[   593]      F = F[   681] / model GEN____6_SM to model OMEGA_REF
2020-06-29 16:37:32 | DEBUG |          Yconnector Y[     1] = Y[   420]      F = F[   682] / model NETWORK to model GEN____6_SM
2020-06-29 16:37:32 | DEBUG |          Yconnector Y[   834] = Y[   420]      F = F[   683] / model _LOAD____6_EC to model GEN____6_SM
2020-06-29 16:37:32 | DEBUG |          Yconnector Y[     0] = Y[   421]      F = F[   684] / model NETWORK to model GEN____6_SM
2020-06-29 16:37:32 | DEBUG |          Yconnector Y[   835] = Y[   421]      F = F[   685] / model _LOAD____6_EC to model GEN____6_SM
2020-06-29 16:37:32 | DEBUG |          Yconnector Y[   472] = Y[   591]      F = F[   686] / model GEN____8_SM to model OMEGA_REF
2020-06-29 16:37:32 | DEBUG |          Yconnector Y[   473] = Y[   598]      F = F[   687] / model GEN____8_SM to model OMEGA_REF
2020-06-29 16:37:32 | DEBUG |          Yconnector Y[   155] = Y[   474]      F = F[   688] / model NETWORK to model GEN____8_SM
2020-06-29 16:37:32 | DEBUG |          Yconnector Y[   840] = Y[   474]      F = F[   689] / model _LOAD____8_EC to model GEN____8_SM
2020-06-29 16:37:32 | DEBUG |          Yconnector Y[   154] = Y[   475]      F = F[   690] / model NETWORK to model GEN____8_SM
2020-06-29 16:37:32 | DEBUG |          Yconnector Y[   841] = Y[   475]      F = F[   691] / model _LOAD____8_EC to model GEN____8_SM
2020-06-29 16:37:32 | DEBUG |          Yconnector Y[   526] = Y[   587]      F = F[   692] / model GEN____9_SM to model OMEGA_REF
2020-06-29 16:37:32 | DEBUG |          Yconnector Y[   527] = Y[   594]      F = F[   693] / model GEN____9_SM to model OMEGA_REF
2020-06-29 16:37:32 | DEBUG |          Yconnector Y[   171] = Y[   528]      F = F[   694] / model NETWORK to model GEN____9_SM
2020-06-29 16:37:32 | DEBUG |          Yconnector Y[   846] = Y[   528]      F = F[   695] / model _LOAD____9_EC to model GEN____9_SM
2020-06-29 16:37:32 | DEBUG |          Yconnector Y[   170] = Y[   529]      F = F[   696] / model NETWORK to model GEN____9_SM
2020-06-29 16:37:32 | DEBUG |          Yconnector Y[   847] = Y[   529]      F = F[   697] / model _LOAD____9_EC to model GEN____9_SM
2020-06-29 16:37:32 | DEBUG |          Yconnector Y[     9] = Y[   600]      F = F[   698] / model NETWORK to model _LOAD___10_EC
2020-06-29 16:37:32 | DEBUG |          Yconnector Y[     8] = Y[   601]      F = F[   699] / model NETWORK to model _LOAD___10_EC
2020-06-29 16:37:32 | DEBUG |          Yconnector Y[    17] = Y[   612]      F = F[   700] / model NETWORK to model _LOAD___13_EC
2020-06-29 16:37:32 | DEBUG |          Yconnector Y[    16] = Y[   613]      F = F[   701] / model NETWORK to model _LOAD___13_EC
2020-06-29 16:37:32 | DEBUG |          Yconnector Y[    23] = Y[   618]      F = F[   702] / model NETWORK to model _LOAD___14_EC
2020-06-29 16:37:32 | DEBUG |          Yconnector Y[    22] = Y[   619]      F = F[   703] / model NETWORK to model _LOAD___14_EC
2020-06-29 16:37:32 | DEBUG |          Yconnector Y[    29] = Y[   624]      F = F[   704] / model NETWORK to model _LOAD___15_EC
2020-06-29 16:37:32 | DEBUG |          Yconnector Y[    28] = Y[   625]      F = F[   705] / model NETWORK to model _LOAD___15_EC
2020-06-29 16:37:32 | DEBUG |          Yconnector Y[    33] = Y[   630]      F = F[   706] / model NETWORK to model _LOAD___16_EC
2020-06-29 16:37:32 | DEBUG |          Yconnector Y[    32] = Y[   631]      F = F[   707] / model NETWORK to model _LOAD___16_EC
2020-06-29 16:37:32 | DEBUG |          Yconnector Y[    37] = Y[   636]      F = F[   708] / model NETWORK to model _LOAD___17_EC
2020-06-29 16:37:32 | DEBUG |          Yconnector Y[    36] = Y[   637]      F = F[   709] / model NETWORK to model _LOAD___17_EC
2020-06-29 16:37:32 | DEBUG |          Yconnector Y[    41] = Y[   648]      F = F[   710] / model NETWORK to model _LOAD___19_EC
2020-06-29 16:37:32 | DEBUG |          Yconnector Y[    40] = Y[   649]      F = F[   711] / model NETWORK to model _LOAD___19_EC
2020-06-29 16:37:32 | DEBUG |          Yconnector Y[    47] = Y[   654]      F = F[   712] / model NETWORK to model _LOAD___20_EC
2020-06-29 16:37:32 | DEBUG |          Yconnector Y[    46] = Y[   655]      F = F[   713] / model NETWORK to model _LOAD___20_EC
2020-06-29 16:37:32 | DEBUG |          Yconnector Y[    53] = Y[   660]      F = F[   714] / model NETWORK to model _LOAD___23_EC
2020-06-29 16:37:32 | DEBUG |          Yconnector Y[    52] = Y[   661]      F = F[   715] / model NETWORK to model _LOAD___23_EC
2020-06-29 16:37:32 | DEBUG |          Yconnector Y[    59] = Y[   666]      F = F[   716] / model NETWORK to model _LOAD___25_EC
2020-06-29 16:37:32 | DEBUG |          Yconnector Y[    58] = Y[   667]      F = F[   717] / model NETWORK to model _LOAD___25_EC
2020-06-29 16:37:32 | DEBUG |          Yconnector Y[    65] = Y[   672]      F = F[   718] / model NETWORK to model _LOAD___27_EC
2020-06-29 16:37:32 | DEBUG |          Yconnector Y[    64] = Y[   673]      F = F[   719] / model NETWORK to model _LOAD___27_EC
2020-06-29 16:37:32 | DEBUG |          Yconnector Y[    69] = Y[   678]      F = F[   720] / model NETWORK to model _LOAD___28_EC
2020-06-29 16:37:32 | DEBUG |          Yconnector Y[    68] = Y[   679]      F = F[   721] / model NETWORK to model _LOAD___28_EC
2020-06-29 16:37:32 | DEBUG |          Yconnector Y[   151] = Y[   684]      F = F[   722] / model NETWORK to model _LOAD___29_EC
2020-06-29 16:37:32 | DEBUG |          Yconnector Y[   150] = Y[   685]      F = F[   723] / model NETWORK to model _LOAD___29_EC
2020-06-29 16:37:32 | DEBUG |          Yconnector Y[    73] = Y[   690]      F = F[   724] / model NETWORK to model _LOAD___30_EC
2020-06-29 16:37:32 | DEBUG |          Yconnector Y[    72] = Y[   691]      F = F[   725] / model NETWORK to model _LOAD___30_EC
2020-06-29 16:37:32 | DEBUG |          Yconnector Y[    77] = Y[   696]      F = F[   726] / model NETWORK to model _LOAD___31_EC
2020-06-29 16:37:32 | DEBUG |          Yconnector Y[    76] = Y[   697]      F = F[   727] / model NETWORK to model _LOAD___31_EC
2020-06-29 16:37:32 | DEBUG |          Yconnector Y[    87] = Y[   702]      F = F[   728] / model NETWORK to model _LOAD___32_EC
2020-06-29 16:37:32 | DEBUG |          Yconnector Y[    86] = Y[   703]      F = F[   729] / model NETWORK to model _LOAD___32_EC
2020-06-29 16:37:32 | DEBUG |          Yconnector Y[    81] = Y[   708]      F = F[   730] / model NETWORK to model _LOAD___33_EC
2020-06-29 16:37:32 | DEBUG |          Yconnector Y[    80] = Y[   709]      F = F[   731] / model NETWORK to model _LOAD___33_EC
2020-06-29 16:37:32 | DEBUG |          Yconnector Y[    91] = Y[   714]      F = F[   732] / model NETWORK to model _LOAD___35_EC
2020-06-29 16:37:32 | DEBUG |          Yconnector Y[    90] = Y[   715]      F = F[   733] / model NETWORK to model _LOAD___35_EC
2020-06-29 16:37:32 | DEBUG |          Yconnector Y[    99] = Y[   720]      F = F[   734] / model NETWORK to model _LOAD___38_EC
2020-06-29 16:37:32 | DEBUG |          Yconnector Y[    98] = Y[   721]      F = F[   735] / model NETWORK to model _LOAD___38_EC
2020-06-29 16:37:32 | DEBUG |          Yconnector Y[   115] = Y[   732]      F = F[   736] / model NETWORK to model _LOAD___42_EC
2020-06-29 16:37:32 | DEBUG |          Yconnector Y[   114] = Y[   733]      F = F[   737] / model NETWORK to model _LOAD___42_EC
2020-06-29 16:37:32 | DEBUG |          Yconnector Y[   119] = Y[   744]      F = F[   738] / model NETWORK to model _LOAD___44_EC
2020-06-29 16:37:32 | DEBUG |          Yconnector Y[   118] = Y[   745]      F = F[   739] / model NETWORK to model _LOAD___44_EC
2020-06-29 16:37:32 | DEBUG |          Yconnector Y[   123] = Y[   750]      F = F[   740] / model NETWORK to model _LOAD___47_EC
2020-06-29 16:37:32 | DEBUG |          Yconnector Y[   122] = Y[   751]      F = F[   741] / model NETWORK to model _LOAD___47_EC
2020-06-29 16:37:32 | DEBUG |          Yconnector Y[    13] = Y[   756]      F = F[   742] / model NETWORK to model _LOAD___49_EC
2020-06-29 16:37:32 | DEBUG |          Yconnector Y[    12] = Y[   757]      F = F[   743] / model NETWORK to model _LOAD___49_EC
2020-06-29 16:37:32 | DEBUG |          Yconnector Y[   129] = Y[   762]      F = F[   744] / model NETWORK to model _LOAD___50_EC
2020-06-29 16:37:32 | DEBUG |          Yconnector Y[   128] = Y[   763]      F = F[   745] / model NETWORK to model _LOAD___50_EC
2020-06-29 16:37:32 | DEBUG |          Yconnector Y[     5] = Y[   768]      F = F[   746] / model NETWORK to model _LOAD___51_EC
2020-06-29 16:37:32 | DEBUG |          Yconnector Y[     4] = Y[   769]      F = F[   747] / model NETWORK to model _LOAD___51_EC
2020-06-29 16:37:32 | DEBUG |          Yconnector Y[   133] = Y[   774]      F = F[   748] / model NETWORK to model _LOAD___52_EC
2020-06-29 16:37:32 | DEBUG |          Yconnector Y[   132] = Y[   775]      F = F[   749] / model NETWORK to model _LOAD___52_EC
2020-06-29 16:37:32 | DEBUG |          Yconnector Y[   137] = Y[   780]      F = F[   750] / model NETWORK to model _LOAD___53_EC
2020-06-29 16:37:32 | DEBUG |          Yconnector Y[   136] = Y[   781]      F = F[   751] / model NETWORK to model _LOAD___53_EC
2020-06-29 16:37:32 | DEBUG |          Yconnector Y[   141] = Y[   786]      F = F[   752] / model NETWORK to model _LOAD___54_EC
2020-06-29 16:37:32 | DEBUG |          Yconnector Y[   140] = Y[   787]      F = F[   753] / model NETWORK to model _LOAD___54_EC
2020-06-29 16:37:32 | DEBUG |          Yconnector Y[   109] = Y[   798]      F = F[   754] / model NETWORK to model _LOAD___56_EC
2020-06-29 16:37:32 | DEBUG |          Yconnector Y[   108] = Y[   799]      F = F[   755] / model NETWORK to model _LOAD___56_EC
2020-06-29 16:37:32 | DEBUG |          Yconnector Y[   103] = Y[   804]      F = F[   756] / model NETWORK to model _LOAD___57_EC
2020-06-29 16:37:32 | DEBUG |          Yconnector Y[   102] = Y[   805]      F = F[   757] / model NETWORK to model _LOAD___57_EC
2020-06-29 16:37:32 | DEBUG |          Yconnector Y[   145] = Y[   828]      F = F[   758] / model NETWORK to model _LOAD____5_EC
2020-06-29 16:37:32 | DEBUG |          Yconnector Y[   144] = Y[   829]      F = F[   759] / model NETWORK to model _LOAD____5_EC
2020-06-29 16:37:32 | DEBUG |          Yconnector Y[   175] = Y[   792]      F = F[   760] / model NETWORK to model _LOAD___55_EC
2020-06-29 16:37:32 | DEBUG |          Yconnector Y[   174] = Y[   793]      F = F[   761] / model NETWORK to model _LOAD___55_EC
2020-06-29 16:37:32 | DEBUG |          Yconnector Y[   181] = Y[   642]      F = F[   762] / model NETWORK to model _LOAD___18_EC
2020-06-29 16:37:32 | DEBUG |          Yconnector Y[   180] = Y[   643]      F = F[   763] / model NETWORK to model _LOAD___18_EC
2020-06-29 16:37:32 | DEBUG |          Yconnector Y[   189] = Y[   726]      F = F[   764] / model NETWORK to model _LOAD___41_EC
2020-06-29 16:37:32 | DEBUG |          Yconnector Y[   188] = Y[   727]      F = F[   765] / model NETWORK to model _LOAD___41_EC
2020-06-29 16:37:32 | DEBUG |          Yconnector Y[   185] = Y[   738]      F = F[   766] / model NETWORK to model _LOAD___43_EC
2020-06-29 16:37:32 | DEBUG |          Yconnector Y[   184] = Y[   739]      F = F[   767] / model NETWORK to model _LOAD___43_EC
2020-06-29 16:37:32 | DEBUG |          flowConnector : Y[   233] +Y[   161] +Y[   610]  = 0      F = F[   754]
2020-06-29 16:37:32 | DEBUG |          flowConnector : Y[   234] +Y[   160] +Y[   611]  = 0      F = F[   755]
2020-06-29 16:37:32 | DEBUG |          flowConnector : Y[   287] +Y[   165] +Y[   814]  = 0      F = F[   756]
2020-06-29 16:37:32 | DEBUG |          flowConnector : Y[   288] +Y[   164] +Y[   815]  = 0      F = F[   757]
2020-06-29 16:37:32 | DEBUG |          flowConnector : Y[   341] +Y[   197] +Y[   820]  = 0      F = F[   758]
2020-06-29 16:37:32 | DEBUG |          flowConnector : Y[   342] +Y[   196] +Y[   821]  = 0      F = F[   759]
2020-06-29 16:37:32 | DEBUG |          flowConnector : Y[   395] +Y[   169] +Y[   826]  = 0      F = F[   760]
2020-06-29 16:37:32 | DEBUG |          flowConnector : Y[   396] +Y[   168] +Y[   827]  = 0      F = F[   761]
2020-06-29 16:37:32 | DEBUG |          flowConnector : Y[   449] +Y[     3] +Y[   838]  = 0      F = F[   762]
2020-06-29 16:37:32 | DEBUG |          flowConnector : Y[   450] +Y[     2] +Y[   839]  = 0      F = F[   763]
2020-06-29 16:37:32 | DEBUG |          flowConnector : Y[   503] +Y[   157] +Y[   844]  = 0      F = F[   764]
2020-06-29 16:37:32 | DEBUG |          flowConnector : Y[   504] +Y[   156] +Y[   845]  = 0      F = F[   765]
2020-06-29 16:37:32 | DEBUG |          flowConnector : Y[   557] +Y[   173] +Y[   850]  = 0      F = F[   766]
2020-06-29 16:37:32 | DEBUG |          flowConnector : Y[   558] +Y[   172] +Y[   851]  = 0      F = F[   767]
2020-06-29 16:37:32 | DEBUG |          flowConnector : Y[   604] +Y[    11]  = 0      F = F[   768]
2020-06-29 16:37:32 | DEBUG |          flowConnector : Y[   605] +Y[    10]  = 0      F = F[   769]
2020-06-29 16:37:32 | DEBUG |          flowConnector : Y[   616] +Y[    19]  = 0      F = F[   770]
2020-06-29 16:37:32 | DEBUG |          flowConnector : Y[   617] +Y[    18]  = 0      F = F[   771]
2020-06-29 16:37:32 | DEBUG |          flowConnector : Y[   622] +Y[    25]  = 0      F = F[   772]
2020-06-29 16:37:32 | DEBUG |          flowConnector : Y[   623] +Y[    24]  = 0      F = F[   773]
2020-06-29 16:37:32 | DEBUG |          flowConnector : Y[   628] +Y[    31]  = 0      F = F[   774]
2020-06-29 16:37:32 | DEBUG |          flowConnector : Y[   629] +Y[    30]  = 0      F = F[   775]
2020-06-29 16:37:32 | DEBUG |          flowConnector : Y[   634] +Y[    35]  = 0      F = F[   776]
2020-06-29 16:37:32 | DEBUG |          flowConnector : Y[   635] +Y[    34]  = 0      F = F[   777]
2020-06-29 16:37:32 | DEBUG |          flowConnector : Y[   640] +Y[    39]  = 0      F = F[   778]
2020-06-29 16:37:32 | DEBUG |          flowConnector : Y[   641] +Y[    38]  = 0      F = F[   779]
2020-06-29 16:37:32 | DEBUG |          flowConnector : Y[   652] +Y[    43]  = 0      F = F[   780]
2020-06-29 16:37:32 | DEBUG |          flowConnector : Y[   653] +Y[    42]  = 0      F = F[   781]
2020-06-29 16:37:32 | DEBUG |          flowConnector : Y[   658] +Y[    49]  = 0      F = F[   782]
2020-06-29 16:37:32 | DEBUG |          flowConnector : Y[   659] +Y[    48]  = 0      F = F[   783]
2020-06-29 16:37:32 | DEBUG |          flowConnector : Y[   664] +Y[    55]  = 0      F = F[   784]
2020-06-29 16:37:32 | DEBUG |          flowConnector : Y[   665] +Y[    54]  = 0      F = F[   785]
2020-06-29 16:37:32 | DEBUG |          flowConnector : Y[   670] +Y[    61]  = 0      F = F[   786]
2020-06-29 16:37:32 | DEBUG |          flowConnector : Y[   671] +Y[    60]  = 0      F = F[   787]
2020-06-29 16:37:32 | DEBUG |          flowConnector : Y[   676] +Y[    67]  = 0      F = F[   788]
2020-06-29 16:37:32 | DEBUG |          flowConnector : Y[   677] +Y[    66]  = 0      F = F[   789]
2020-06-29 16:37:32 | DEBUG |          flowConnector : Y[   682] +Y[    71]  = 0      F = F[   790]
2020-06-29 16:37:32 | DEBUG |          flowConnector : Y[   683] +Y[    70]  = 0      F = F[   791]
2020-06-29 16:37:32 | DEBUG |          flowConnector : Y[   688] +Y[   153]  = 0      F = F[   792]
2020-06-29 16:37:32 | DEBUG |          flowConnector : Y[   689] +Y[   152]  = 0      F = F[   793]
2020-06-29 16:37:32 | DEBUG |          flowConnector : Y[   694] +Y[    75]  = 0      F = F[   794]
2020-06-29 16:37:32 | DEBUG |          flowConnector : Y[   695] +Y[    74]  = 0      F = F[   795]
2020-06-29 16:37:32 | DEBUG |          flowConnector : Y[   700] +Y[    79]  = 0      F = F[   796]
2020-06-29 16:37:32 | DEBUG |          flowConnector : Y[   701] +Y[    78]  = 0      F = F[   797]
2020-06-29 16:37:32 | DEBUG |          flowConnector : Y[   706] +Y[    89]  = 0      F = F[   798]
2020-06-29 16:37:32 | DEBUG |          flowConnector : Y[   707] +Y[    88]  = 0      F = F[   799]
2020-06-29 16:37:32 | DEBUG |          flowConnector : Y[   712] +Y[    83]  = 0      F = F[   800]
2020-06-29 16:37:32 | DEBUG |          flowConnector : Y[   713] +Y[    82]  = 0      F = F[   801]
2020-06-29 16:37:32 | DEBUG |          flowConnector : Y[   718] +Y[    93]  = 0      F = F[   802]
2020-06-29 16:37:32 | DEBUG |          flowConnector : Y[   719] +Y[    92]  = 0      F = F[   803]
2020-06-29 16:37:32 | DEBUG |          flowConnector : Y[   724] +Y[   101]  = 0      F = F[   804]
2020-06-29 16:37:32 | DEBUG |          flowConnector : Y[   725] +Y[   100]  = 0      F = F[   805]
2020-06-29 16:37:32 | DEBUG |          flowConnector : Y[   736] +Y[   117]  = 0      F = F[   806]
2020-06-29 16:37:32 | DEBUG |          flowConnector : Y[   737] +Y[   116]  = 0      F = F[   807]
2020-06-29 16:37:32 | DEBUG |          flowConnector : Y[   748] +Y[   121]  = 0      F = F[   808]
2020-06-29 16:37:32 | DEBUG |          flowConnector : Y[   749] +Y[   120]  = 0      F = F[   809]
2020-06-29 16:37:32 | DEBUG |          flowConnector : Y[   754] +Y[   125]  = 0      F = F[   810]
2020-06-29 16:37:32 | DEBUG |          flowConnector : Y[   755] +Y[   124]  = 0      F = F[   811]
2020-06-29 16:37:32 | DEBUG |          flowConnector : Y[   760] +Y[    15]  = 0      F = F[   812]
2020-06-29 16:37:32 | DEBUG |          flowConnector : Y[   761] +Y[    14]  = 0      F = F[   813]
2020-06-29 16:37:32 | DEBUG |          flowConnector : Y[   766] +Y[   131]  = 0      F = F[   814]
2020-06-29 16:37:32 | DEBUG |          flowConnector : Y[   767] +Y[   130]  = 0      F = F[   815]
2020-06-29 16:37:32 | DEBUG |          flowConnector : Y[   772] +Y[     7]  = 0      F = F[   816]
2020-06-29 16:37:32 | DEBUG |          flowConnector : Y[   773] +Y[     6]  = 0      F = F[   817]
2020-06-29 16:37:32 | DEBUG |          flowConnector : Y[   778] +Y[   135]  = 0      F = F[   818]
2020-06-29 16:37:32 | DEBUG |          flowConnector : Y[   779] +Y[   134]  = 0      F = F[   819]
2020-06-29 16:37:32 | DEBUG |          flowConnector : Y[   784] +Y[   139]  = 0      F = F[   820]
2020-06-29 16:37:32 | DEBUG |          flowConnector : Y[   785] +Y[   138]  = 0      F = F[   821]
2020-06-29 16:37:32 | DEBUG |          flowConnector : Y[   790] +Y[   143]  = 0      F = F[   822]
2020-06-29 16:37:32 | DEBUG |          flowConnector : Y[   791] +Y[   142]  = 0      F = F[   823]
2020-06-29 16:37:32 | DEBUG |          flowConnector : Y[   802] +Y[   111]  = 0      F = F[   824]
2020-06-29 16:37:32 | DEBUG |          flowConnector : Y[   803] +Y[   110]  = 0      F = F[   825]
2020-06-29 16:37:32 | DEBUG |          flowConnector : Y[   808] +Y[   105]  = 0      F = F[   826]
2020-06-29 16:37:32 | DEBUG |          flowConnector : Y[   809] +Y[   104]  = 0      F = F[   827]
2020-06-29 16:37:32 | DEBUG |          flowConnector : Y[   832] +Y[   147]  = 0      F = F[   828]
2020-06-29 16:37:32 | DEBUG |          flowConnector : Y[   833] +Y[   146]  = 0      F = F[   829]
2020-06-29 16:37:32 | DEBUG |          flowConnector : Y[   796] +Y[   177]  = 0      F = F[   830]
2020-06-29 16:37:32 | DEBUG |          flowConnector : Y[   797] +Y[   176]  = 0      F = F[   831]
2020-06-29 16:37:32 | DEBUG |          flowConnector : Y[   646] +Y[   183]  = 0      F = F[   832]
2020-06-29 16:37:32 | DEBUG |          flowConnector : Y[   647] +Y[   182]  = 0      F = F[   833]
2020-06-29 16:37:32 | DEBUG |          flowConnector : Y[   730] +Y[   191]  = 0      F = F[   834]
2020-06-29 16:37:32 | DEBUG |          flowConnector : Y[   731] +Y[   190]  = 0      F = F[   835]
2020-06-29 16:37:32 | DEBUG |          flowConnector : Y[   742] +Y[   187]  = 0      F = F[   836]
2020-06-29 16:37:32 | DEBUG |          flowConnector : Y[   743] +Y[   186]  = 0      F = F[   837]
2020-06-29 16:37:32 | DEBUG |          Zconnector Z[   396] = Z[   530] / model GEN___12_SM to model OMEGA_REF
2020-06-29 16:37:32 | DEBUG |          Zconnector Z[   147] = Z[   397] / model NETWORK to model GEN___12_SM
2020-06-29 16:37:32 | DEBUG |          Zconnector Z[   414] = Z[   529] / model GEN____1_SM to model OMEGA_REF
2020-06-29 16:37:32 | DEBUG |          Zconnector Z[   150] = Z[   415] / model NETWORK to model GEN____1_SM
2020-06-29 16:37:32 | DEBUG |          Zconnector Z[   432] = Z[   533] / model GEN____2_SM to model OMEGA_REF
2020-06-29 16:37:32 | DEBUG |          Zconnector Z[   181] = Z[   433] / model NETWORK to model GEN____2_SM
2020-06-29 16:37:32 | DEBUG |          Zconnector Z[   450] = Z[   531] / model GEN____3_SM to model OMEGA_REF
2020-06-29 16:37:32 | DEBUG |          Zconnector Z[   153] = Z[   451] / model NETWORK to model GEN____3_SM
2020-06-29 16:37:32 | DEBUG |          Zconnector Z[   468] = Z[   527] / model GEN____6_SM to model OMEGA_REF
2020-06-29 16:37:32 | DEBUG |          Zconnector Z[     1] = Z[   469] / model NETWORK to model GEN____6_SM
2020-06-29 16:37:32 | DEBUG |          Zconnector Z[   486] = Z[   532] / model GEN____8_SM to model OMEGA_REF
2020-06-29 16:37:32 | DEBUG |          Zconnector Z[   144] = Z[   487] / model NETWORK to model GEN____8_SM
2020-06-29 16:37:32 | DEBUG |          Zconnector Z[   504] = Z[   528] / model GEN____9_SM to model OMEGA_REF
2020-06-29 16:37:32 | DEBUG |          Zconnector Z[   156] = Z[   505] / model NETWORK to model GEN____9_SM
2020-06-29 16:37:32 | DEBUG |          Zconnector Z[   146] = Z[   523] / model NETWORK to model OMEGA_REF
2020-06-29 16:37:32 | DEBUG |          Zconnector Z[   149] = Z[   522] / model NETWORK to model OMEGA_REF
2020-06-29 16:37:32 | DEBUG |          Zconnector Z[   180] = Z[   526] / model NETWORK to model OMEGA_REF
2020-06-29 16:37:32 | DEBUG |          Zconnector Z[   152] = Z[   524] / model NETWORK to model OMEGA_REF
2020-06-29 16:37:32 | DEBUG |          Zconnector Z[     0] = Z[   520] / model NETWORK to model OMEGA_REF
2020-06-29 16:37:32 | DEBUG |          Zconnector Z[   143] = Z[   525] / model NETWORK to model OMEGA_REF
2020-06-29 16:37:32 | DEBUG |          Zconnector Z[   155] = Z[   521] / model NETWORK to model OMEGA_REF
