2020-08-31 17:03:29 | INFO |  ============================================================
2020-08-31 17:03:29 | INFO | DYNAWO VERSION  :     1.1.0
2020-08-31 17:03:29 | INFO | DYNAWO REVISION :  ModalAnalysis-3a330ea9
2020-08-31 17:03:29 | INFO |  ============================================================
2020-08-31 17:03:29 | DEBUG | ------------------------------
2020-08-31 17:03:29 | DEBUG | Network initialization
2020-08-31 17:03:29 | DEBUG | ------------------------------
2020-08-31 17:03:29 | DEBUG | adding voltage level _BEAV___6_VL to the Network
2020-08-31 17:03:29 | DEBUG | adding bus _BEAV___6_TN to the Network.
2020-08-31 17:03:29 | DEBUG | load _LOAD____6_EC using an external dynamic modelisation : not added to the Network.
2020-08-31 17:03:29 | DEBUG | generator _GEN____6_SM using an external dynamic modelisation : not added to the Network.
2020-08-31 17:03:29 | DEBUG | adding voltage level _BUS___51_VL to the Network
2020-08-31 17:03:29 | DEBUG | adding bus _BUS___51_TN to the Network.
2020-08-31 17:03:29 | DEBUG | load _LOAD___51_EC using an external dynamic modelisation : not added to the Network.
2020-08-31 17:03:29 | DEBUG | adding voltage level _BUS___10_VL to the Network
2020-08-31 17:03:29 | DEBUG | adding bus _BUS___10_TN to the Network.
2020-08-31 17:03:29 | DEBUG | load _LOAD___10_EC using an external dynamic modelisation : not added to the Network.
2020-08-31 17:03:29 | DEBUG | adding voltage level _BUS___49_VL to the Network
2020-08-31 17:03:29 | DEBUG | adding bus _BUS___49_TN to the Network.
2020-08-31 17:03:29 | DEBUG | load _LOAD___49_EC using an external dynamic modelisation : not added to the Network.
2020-08-31 17:03:29 | DEBUG | adding voltage level _BUS___13_VL to the Network
2020-08-31 17:03:29 | DEBUG | adding bus _BUS___13_TN to the Network.
2020-08-31 17:03:29 | DEBUG | load _LOAD___13_EC using an external dynamic modelisation : not added to the Network.
2020-08-31 17:03:29 | DEBUG | adding voltage level _BUS___46_VL to the Network
2020-08-31 17:03:29 | DEBUG | adding bus _BUS___46_TN to the Network.
2020-08-31 17:03:29 | DEBUG | adding voltage level _BUS___14_VL to the Network
2020-08-31 17:03:29 | DEBUG | adding bus _BUS___14_TN to the Network.
2020-08-31 17:03:29 | DEBUG | load _LOAD___14_EC using an external dynamic modelisation : not added to the Network.
2020-08-31 17:03:29 | DEBUG | adding voltage level _BUS___45_VL to the Network
2020-08-31 17:03:29 | DEBUG | adding bus _BUS___45_TN to the Network.
2020-08-31 17:03:29 | DEBUG | adding voltage level _BUS___15_VL to the Network
2020-08-31 17:03:29 | DEBUG | adding bus _BUS___15_TN to the Network.
2020-08-31 17:03:29 | DEBUG | load _LOAD___15_EC using an external dynamic modelisation : not added to the Network.
2020-08-31 17:03:29 | DEBUG | adding voltage level _BUS___16_VL to the Network
2020-08-31 17:03:29 | DEBUG | adding bus _BUS___16_TN to the Network.
2020-08-31 17:03:29 | DEBUG | load _LOAD___16_EC using an external dynamic modelisation : not added to the Network.
2020-08-31 17:03:29 | DEBUG | adding voltage level _BUS___17_VL to the Network
2020-08-31 17:03:29 | DEBUG | adding bus _BUS___17_TN to the Network.
2020-08-31 17:03:29 | DEBUG | load _LOAD___17_EC using an external dynamic modelisation : not added to the Network.
2020-08-31 17:03:29 | DEBUG | adding voltage level _BUS___19_VL to the Network
2020-08-31 17:03:29 | DEBUG | adding bus _BUS___19_TN to the Network.
2020-08-31 17:03:29 | DEBUG | load _LOAD___19_EC using an external dynamic modelisation : not added to the Network.
2020-08-31 17:03:29 | DEBUG | adding voltage level _BUS___21_VL to the Network
2020-08-31 17:03:29 | DEBUG | adding bus _BUS___21_TN to the Network.
2020-08-31 17:03:29 | DEBUG | adding voltage level _BUS___20_VL to the Network
2020-08-31 17:03:29 | DEBUG | adding bus _BUS___20_TN to the Network.
2020-08-31 17:03:29 | DEBUG | load _LOAD___20_EC using an external dynamic modelisation : not added to the Network.
2020-08-31 17:03:29 | DEBUG | adding voltage level _BUS___22_VL to the Network
2020-08-31 17:03:29 | DEBUG | adding bus _BUS___22_TN to the Network.
2020-08-31 17:03:29 | DEBUG | adding voltage level _BUS___23_VL to the Network
2020-08-31 17:03:29 | DEBUG | adding bus _BUS___23_TN to the Network.
2020-08-31 17:03:29 | DEBUG | load _LOAD___23_EC using an external dynamic modelisation : not added to the Network.
2020-08-31 17:03:29 | DEBUG | adding voltage level _BUS___26_VL to the Network
2020-08-31 17:03:29 | DEBUG | adding bus _BUS___26_TN to the Network.
2020-08-31 17:03:29 | DEBUG | adding voltage level _BUS___25_VL to the Network
2020-08-31 17:03:29 | DEBUG | adding bus _BUS___25_TN to the Network.
2020-08-31 17:03:29 | DEBUG | load _LOAD___25_EC using an external dynamic modelisation : not added to the Network.
2020-08-31 17:03:29 | DEBUG | adding Shunt Compensator _BUS___25_SC to the Network.
2020-08-31 17:03:29 | DEBUG | adding voltage level _BUS___24_VL to the Network
2020-08-31 17:03:29 | DEBUG | adding bus _BUS___24_TN to the Network.
2020-08-31 17:03:29 | DEBUG | adding voltage level _BUS___27_VL to the Network
2020-08-31 17:03:29 | DEBUG | adding bus _BUS___27_TN to the Network.
2020-08-31 17:03:29 | DEBUG | load _LOAD___27_EC using an external dynamic modelisation : not added to the Network.
2020-08-31 17:03:29 | DEBUG | adding voltage level _BUS___28_VL to the Network
2020-08-31 17:03:29 | DEBUG | adding bus _BUS___28_TN to the Network.
2020-08-31 17:03:29 | DEBUG | load _LOAD___28_EC using an external dynamic modelisation : not added to the Network.
2020-08-31 17:03:29 | DEBUG | adding voltage level _BUS___30_VL to the Network
2020-08-31 17:03:29 | DEBUG | adding bus _BUS___30_TN to the Network.
2020-08-31 17:03:29 | DEBUG | load _LOAD___30_EC using an external dynamic modelisation : not added to the Network.
2020-08-31 17:03:29 | DEBUG | adding voltage level _BUS___31_VL to the Network
2020-08-31 17:03:29 | DEBUG | adding bus _BUS___31_TN to the Network.
2020-08-31 17:03:29 | DEBUG | load _LOAD___31_EC using an external dynamic modelisation : not added to the Network.
2020-08-31 17:03:29 | DEBUG | adding voltage level _BUS___33_VL to the Network
2020-08-31 17:03:29 | DEBUG | adding bus _BUS___33_TN to the Network.
2020-08-31 17:03:29 | DEBUG | load _LOAD___33_EC using an external dynamic modelisation : not added to the Network.
2020-08-31 17:03:29 | DEBUG | adding voltage level _BUS___34_VL to the Network
2020-08-31 17:03:29 | DEBUG | adding bus _BUS___34_TN to the Network.
2020-08-31 17:03:29 | DEBUG | adding voltage level _BUS___32_VL to the Network
2020-08-31 17:03:29 | DEBUG | adding bus _BUS___32_TN to the Network.
2020-08-31 17:03:29 | DEBUG | load _LOAD___32_EC using an external dynamic modelisation : not added to the Network.
2020-08-31 17:03:29 | DEBUG | adding voltage level _BUS___35_VL to the Network
2020-08-31 17:03:29 | DEBUG | adding bus _BUS___35_TN to the Network.
2020-08-31 17:03:29 | DEBUG | load _LOAD___35_EC using an external dynamic modelisation : not added to the Network.
2020-08-31 17:03:29 | DEBUG | adding voltage level _BUS___36_VL to the Network
2020-08-31 17:03:29 | DEBUG | adding bus _BUS___36_TN to the Network.
2020-08-31 17:03:29 | DEBUG | adding voltage level _BUS___37_VL to the Network
2020-08-31 17:03:29 | DEBUG | adding bus _BUS___37_TN to the Network.
2020-08-31 17:03:29 | DEBUG | adding voltage level _BUS___38_VL to the Network
2020-08-31 17:03:29 | DEBUG | adding bus _BUS___38_TN to the Network.
2020-08-31 17:03:29 | DEBUG | load _LOAD___38_EC using an external dynamic modelisation : not added to the Network.
2020-08-31 17:03:29 | DEBUG | adding voltage level _BUS___57_VL to the Network
2020-08-31 17:03:29 | DEBUG | adding bus _BUS___57_TN to the Network.
2020-08-31 17:03:29 | DEBUG | load _LOAD___57_EC using an external dynamic modelisation : not added to the Network.
2020-08-31 17:03:29 | DEBUG | adding voltage level _BUS___39_VL to the Network
2020-08-31 17:03:29 | DEBUG | adding bus _BUS___39_TN to the Network.
2020-08-31 17:03:29 | DEBUG | adding voltage level _BUS___56_VL to the Network
2020-08-31 17:03:29 | DEBUG | adding bus _BUS___56_TN to the Network.
2020-08-31 17:03:29 | DEBUG | load _LOAD___56_EC using an external dynamic modelisation : not added to the Network.
2020-08-31 17:03:29 | DEBUG | adding voltage level _BUS___40_VL to the Network
2020-08-31 17:03:29 | DEBUG | adding bus _BUS___40_TN to the Network.
2020-08-31 17:03:29 | DEBUG | adding voltage level _BUS___42_VL to the Network
2020-08-31 17:03:29 | DEBUG | adding bus _BUS___42_TN to the Network.
2020-08-31 17:03:29 | DEBUG | load _LOAD___42_EC using an external dynamic modelisation : not added to the Network.
2020-08-31 17:03:29 | DEBUG | adding voltage level _BUS___44_VL to the Network
2020-08-31 17:03:29 | DEBUG | adding bus _BUS___44_TN to the Network.
2020-08-31 17:03:29 | DEBUG | load _LOAD___44_EC using an external dynamic modelisation : not added to the Network.
2020-08-31 17:03:29 | DEBUG | adding voltage level _BUS___47_VL to the Network
2020-08-31 17:03:29 | DEBUG | adding bus _BUS___47_TN to the Network.
2020-08-31 17:03:29 | DEBUG | load _LOAD___47_EC using an external dynamic modelisation : not added to the Network.
2020-08-31 17:03:29 | DEBUG | adding voltage level _BUS___48_VL to the Network
2020-08-31 17:03:29 | DEBUG | adding bus _BUS___48_TN to the Network.
2020-08-31 17:03:29 | DEBUG | adding voltage level _BUS___50_VL to the Network
2020-08-31 17:03:29 | DEBUG | adding bus _BUS___50_TN to the Network.
2020-08-31 17:03:29 | DEBUG | load _LOAD___50_EC using an external dynamic modelisation : not added to the Network.
2020-08-31 17:03:29 | DEBUG | adding voltage level _BUS___52_VL to the Network
2020-08-31 17:03:29 | DEBUG | adding bus _BUS___52_TN to the Network.
2020-08-31 17:03:29 | DEBUG | load _LOAD___52_EC using an external dynamic modelisation : not added to the Network.
2020-08-31 17:03:29 | DEBUG | adding voltage level _BUS___53_VL to the Network
2020-08-31 17:03:29 | DEBUG | adding bus _BUS___53_TN to the Network.
2020-08-31 17:03:29 | DEBUG | load _LOAD___53_EC using an external dynamic modelisation : not added to the Network.
2020-08-31 17:03:29 | DEBUG | adding Shunt Compensator _BUS___53_SC to the Network.
2020-08-31 17:03:29 | DEBUG | adding voltage level _BUS___54_VL to the Network
2020-08-31 17:03:29 | DEBUG | adding bus _BUS___54_TN to the Network.
2020-08-31 17:03:29 | DEBUG | load _LOAD___54_EC using an external dynamic modelisation : not added to the Network.
2020-08-31 17:03:29 | DEBUG | adding voltage level _BUS____5_VL to the Network
2020-08-31 17:03:29 | DEBUG | adding bus _BUS____5_TN to the Network.
2020-08-31 17:03:29 | DEBUG | load _LOAD____5_EC using an external dynamic modelisation : not added to the Network.
2020-08-31 17:03:29 | DEBUG | adding voltage level _BUS____7_VL to the Network
2020-08-31 17:03:29 | DEBUG | adding bus _BUS____7_TN to the Network.
2020-08-31 17:03:29 | DEBUG | adding voltage level _BUS___29_VL to the Network
2020-08-31 17:03:29 | DEBUG | adding bus _BUS___29_TN to the Network.
2020-08-31 17:03:29 | DEBUG | load _LOAD___29_EC using an external dynamic modelisation : not added to the Network.
2020-08-31 17:03:29 | DEBUG | adding voltage level _CLIN___8_VL to the Network
2020-08-31 17:03:29 | DEBUG | adding bus _CLIN___8_TN to the Network.
2020-08-31 17:03:29 | DEBUG | load _LOAD____8_EC using an external dynamic modelisation : not added to the Network.
2020-08-31 17:03:29 | DEBUG | generator _GEN____8_SM using an external dynamic modelisation : not added to the Network.
2020-08-31 17:03:29 | DEBUG | adding voltage level _GLEN__12_VL to the Network
2020-08-31 17:03:29 | DEBUG | adding bus _GLEN__12_TN to the Network.
2020-08-31 17:03:29 | DEBUG | load _LOAD___12_EC using an external dynamic modelisation : not added to the Network.
2020-08-31 17:03:29 | DEBUG | generator _GEN___12_SM using an external dynamic modelisation : not added to the Network.
2020-08-31 17:03:29 | DEBUG | adding voltage level _KANA___1_VL to the Network
2020-08-31 17:03:29 | DEBUG | adding bus _KANA___1_TN to the Network.
2020-08-31 17:03:29 | DEBUG | load _LOAD____1_EC using an external dynamic modelisation : not added to the Network.
2020-08-31 17:03:29 | DEBUG | generator _GEN____1_SM using an external dynamic modelisation : not added to the Network.
2020-08-31 17:03:29 | DEBUG | adding voltage level _LOGA___3_VL to the Network
2020-08-31 17:03:29 | DEBUG | adding bus _LOGA___3_TN to the Network.
2020-08-31 17:03:29 | DEBUG | load _LOAD____3_EC using an external dynamic modelisation : not added to the Network.
2020-08-31 17:03:29 | DEBUG | generator _GEN____3_SM using an external dynamic modelisation : not added to the Network.
2020-08-31 17:03:29 | DEBUG | adding voltage level _SALT___9_VL to the Network
2020-08-31 17:03:29 | DEBUG | adding bus _SALT___9_TN to the Network.
2020-08-31 17:03:29 | DEBUG | load _LOAD____9_EC using an external dynamic modelisation : not added to the Network.
2020-08-31 17:03:29 | DEBUG | generator _GEN____9_SM using an external dynamic modelisation : not added to the Network.
2020-08-31 17:03:29 | DEBUG | adding voltage level _SALT__55_VL to the Network
2020-08-31 17:03:29 | DEBUG | adding bus _SALT__55_TN to the Network.
2020-08-31 17:03:29 | DEBUG | load _LOAD___55_EC using an external dynamic modelisation : not added to the Network.
2020-08-31 17:03:29 | DEBUG | adding voltage level _SPRI___4_VL to the Network
2020-08-31 17:03:29 | DEBUG | adding bus _SPRI___4_TN to the Network.
2020-08-31 17:03:29 | DEBUG | adding voltage level _SPRI__18_VL to the Network
2020-08-31 17:03:29 | DEBUG | adding bus _SPRI__18_TN to the Network.
2020-08-31 17:03:29 | DEBUG | load _LOAD___18_EC using an external dynamic modelisation : not added to the Network.
2020-08-31 17:03:29 | DEBUG | adding Shunt Compensator _SPRI__18_SC to the Network.
2020-08-31 17:03:29 | DEBUG | adding voltage level _TAZE__43_VL to the Network
2020-08-31 17:03:29 | DEBUG | adding bus _TAZE__43_TN to the Network.
2020-08-31 17:03:29 | DEBUG | load _LOAD___43_EC using an external dynamic modelisation : not added to the Network.
2020-08-31 17:03:29 | DEBUG | adding voltage level _TAZE__41_VL to the Network
2020-08-31 17:03:29 | DEBUG | adding bus _TAZE__41_TN to the Network.
2020-08-31 17:03:29 | DEBUG | load _LOAD___41_EC using an external dynamic modelisation : not added to the Network.
2020-08-31 17:03:29 | DEBUG | adding voltage level _TAZE__11_VL to the Network
2020-08-31 17:03:29 | DEBUG | adding bus _TAZE__11_TN to the Network.
2020-08-31 17:03:29 | DEBUG | adding voltage level _TURN___2_VL to the Network
2020-08-31 17:03:29 | DEBUG | adding bus _TURN___2_TN to the Network.
2020-08-31 17:03:29 | DEBUG | load _LOAD____2_EC using an external dynamic modelisation : not added to the Network.
2020-08-31 17:03:29 | DEBUG | generator _GEN____2_SM using an external dynamic modelisation : not added to the Network.
2020-08-31 17:03:29 | DEBUG | adding Line _BEAV___6-BUS____7-1_AC to the Network.
2020-08-31 17:03:29 | DEBUG | adding Line _BEAV___6-CLIN___8-1_AC to the Network.
2020-08-31 17:03:29 | DEBUG | adding Line _BUS___10-GLEN__12-1_AC to the Network.
2020-08-31 17:03:29 | DEBUG | adding Line _BUS___13-BUS___14-1_AC to the Network.
2020-08-31 17:03:29 | DEBUG | adding Line _BUS___13-BUS___15-1_AC to the Network.
2020-08-31 17:03:29 | DEBUG | adding Line _BUS___14-BUS___15-1_AC to the Network.
2020-08-31 17:03:29 | DEBUG | adding Line _BUS___19-BUS___20-1_AC to the Network.
2020-08-31 17:03:29 | DEBUG | adding Line _BUS___21-BUS___22-1_AC to the Network.
2020-08-31 17:03:29 | DEBUG | adding Line _BUS___22-BUS___23-1_AC to the Network.
2020-08-31 17:03:29 | DEBUG | adding Line _BUS___22-BUS___38-1_AC to the Network.
2020-08-31 17:03:29 | DEBUG | adding Line _BUS___23-BUS___24-1_AC to the Network.
2020-08-31 17:03:29 | DEBUG | adding Line _BUS___25-BUS___30-1_AC to the Network.
2020-08-31 17:03:29 | DEBUG | adding Line _BUS___26-BUS___27-1_AC to the Network.
2020-08-31 17:03:29 | DEBUG | adding Line _BUS___27-BUS___28-1_AC to the Network.
2020-08-31 17:03:29 | DEBUG | adding Line _BUS___28-BUS___29-1_AC to the Network.
2020-08-31 17:03:29 | DEBUG | adding Line _BUS___29-BUS___52-1_AC to the Network.
2020-08-31 17:03:29 | DEBUG | adding Line _BUS___30-BUS___31-1_AC to the Network.
2020-08-31 17:03:29 | DEBUG | adding Line _BUS___31-BUS___32-1_AC to the Network.
2020-08-31 17:03:29 | DEBUG | adding Line _BUS___32-BUS___33-1_AC to the Network.
2020-08-31 17:03:29 | DEBUG | adding Line _BUS___34-BUS___35-1_AC to the Network.
2020-08-31 17:03:29 | DEBUG | adding Line _BUS___35-BUS___36-1_AC to the Network.
2020-08-31 17:03:29 | DEBUG | adding Line _BUS___36-BUS___37-1_AC to the Network.
2020-08-31 17:03:29 | DEBUG | adding Line _BUS___36-BUS___40-1_AC to the Network.
2020-08-31 17:03:29 | DEBUG | adding Line _BUS___37-BUS___38-1_AC to the Network.
2020-08-31 17:03:29 | DEBUG | adding Line _BUS___37-BUS___39-1_AC to the Network.
2020-08-31 17:03:29 | DEBUG | adding Line _BUS___38-BUS___44-1_AC to the Network.
2020-08-31 17:03:29 | DEBUG | adding Line _BUS___38-BUS___48-1_AC to the Network.
2020-08-31 17:03:29 | DEBUG | adding Line _BUS___38-BUS___49-1_AC to the Network.
2020-08-31 17:03:29 | DEBUG | adding Line _BUS___44-BUS___45-1_AC to the Network.
2020-08-31 17:03:29 | DEBUG | adding Line _BUS___46-BUS___47-1_AC to the Network.
2020-08-31 17:03:29 | DEBUG | adding Line _BUS___47-BUS___48-1_AC to the Network.
2020-08-31 17:03:29 | DEBUG | adding Line _BUS___48-BUS___49-1_AC to the Network.
2020-08-31 17:03:29 | DEBUG | adding Line _BUS___49-BUS___50-1_AC to the Network.
2020-08-31 17:03:29 | DEBUG | adding Line _BUS___50-BUS___51-1_AC to the Network.
2020-08-31 17:03:29 | DEBUG | adding Line _BUS___52-BUS___53-1_AC to the Network.
2020-08-31 17:03:29 | DEBUG | adding Line _BUS___53-BUS___54-1_AC to the Network.
2020-08-31 17:03:29 | DEBUG | adding Line _BUS___54-SALT__55-1_AC to the Network.
2020-08-31 17:03:29 | DEBUG | adding Line _BUS___56-BUS___42-1_AC to the Network.
2020-08-31 17:03:29 | DEBUG | adding Line _BUS___56-TAZE__41-1_AC to the Network.
2020-08-31 17:03:29 | DEBUG | adding Line _BUS___57-BUS___56-1_AC to the Network.
2020-08-31 17:03:29 | DEBUG | adding Line _BUS____5-BEAV___6-1_AC to the Network.
2020-08-31 17:03:29 | DEBUG | adding Line _BUS____7-CLIN___8-1_AC to the Network.
2020-08-31 17:03:29 | DEBUG | adding Line _CLIN___8-SALT___9-1_AC to the Network.
2020-08-31 17:03:29 | DEBUG | adding Line _GLEN__12-BUS___13-1_AC to the Network.
2020-08-31 17:03:29 | DEBUG | adding Line _GLEN__12-BUS___16-1_AC to the Network.
2020-08-31 17:03:29 | DEBUG | adding Line _GLEN__12-BUS___17-1_AC to the Network.
2020-08-31 17:03:29 | DEBUG | adding Line _KANA___1-BUS___15-1_AC to the Network.
2020-08-31 17:03:29 | DEBUG | adding Line _KANA___1-BUS___16-1_AC to the Network.
2020-08-31 17:03:29 | DEBUG | adding Line _KANA___1-BUS___17-1_AC to the Network.
2020-08-31 17:03:29 | DEBUG | adding Line _KANA___1-TURN___2-1_AC to the Network.
2020-08-31 17:03:29 | DEBUG | adding Line _LOGA___3-BUS___15-1_AC to the Network.
2020-08-31 17:03:29 | DEBUG | adding Line _LOGA___3-SPRI___4-1_AC to the Network.
2020-08-31 17:03:29 | DEBUG | adding Line _SALT___9-BUS___10-1_AC to the Network.
2020-08-31 17:03:29 | DEBUG | adding Line _SALT___9-BUS___13-1_AC to the Network.
2020-08-31 17:03:29 | DEBUG | adding Line _SALT___9-GLEN__12-1_AC to the Network.
2020-08-31 17:03:29 | DEBUG | adding Line _SALT___9-TAZE__11-1_AC to the Network.
2020-08-31 17:03:29 | DEBUG | adding Line _SPRI__18-BUS___19-1_AC to the Network.
2020-08-31 17:03:29 | DEBUG | adding Line _SPRI___4-BEAV___6-1_AC to the Network.
2020-08-31 17:03:29 | DEBUG | adding Line _SPRI___4-BUS____5-1_AC to the Network.
2020-08-31 17:03:29 | DEBUG | adding Line _TAZE__11-BUS___13-1_AC to the Network.
2020-08-31 17:03:29 | DEBUG | adding Line _TAZE__41-BUS___42-1_AC to the Network.
2020-08-31 17:03:29 | DEBUG | adding Line _TAZE__41-TAZE__43-1_AC to the Network.
2020-08-31 17:03:29 | DEBUG | adding Line _TURN___2-LOGA___3-1_AC to the Network.
2020-08-31 17:03:29 | DEBUG | adding Two Windings Transformer _BUS___10-BUS___51-1_PT to the Network.
2020-08-31 17:03:29 | DEBUG | adding Two Windings Transformer _BUS___13-BUS___49-1_PT to the Network.
2020-08-31 17:03:29 | DEBUG | adding Two Windings Transformer _BUS___14-BUS___46-1_PT to the Network.
2020-08-31 17:03:29 | DEBUG | adding Two Windings Transformer _BUS___15-BUS___45-1_PT to the Network.
2020-08-31 17:03:29 | DEBUG | adding Two Windings Transformer _BUS___21-BUS___20-1_PT to the Network.
2020-08-31 17:03:29 | DEBUG | adding Two Windings Transformer _BUS___24-BUS___26-1_PT to the Network.
2020-08-31 17:03:29 | DEBUG | adding Two Windings Transformer _BUS___24-BUS___25-1_PT to the Network.
2020-08-31 17:03:29 | DEBUG | adding Two Windings Transformer _BUS___24-BUS___25-2_PT to the Network.
2020-08-31 17:03:29 | DEBUG | adding Two Windings Transformer _BUS___34-BUS___32-1_PT to the Network.
2020-08-31 17:03:29 | DEBUG | adding Two Windings Transformer _BUS___39-BUS___57-1_PT to the Network.
2020-08-31 17:03:29 | DEBUG | adding Two Windings Transformer _BUS___40-BUS___56-1_PT to the Network.
2020-08-31 17:03:29 | DEBUG | adding Two Windings Transformer _BUS____7-BUS___29-1_PT to the Network.
2020-08-31 17:03:29 | DEBUG | adding Two Windings Transformer _SALT___9-SALT__55-1_PT to the Network.
2020-08-31 17:03:29 | DEBUG | adding Two Windings Transformer _SPRI___4-SPRI__18-1_PT to the Network.
2020-08-31 17:03:29 | DEBUG | adding Two Windings Transformer _SPRI___4-SPRI__18-2_PT to the Network.
2020-08-31 17:03:29 | DEBUG | adding Two Windings Transformer _TAZE__11-TAZE__43-1_PT to the Network.
2020-08-31 17:03:29 | DEBUG | adding Two Windings Transformer _TAZE__11-TAZE__41-1_PT to the Network.
2020-08-31 17:03:29 | DEBUG | ------------------------------
2020-08-31 17:03:29 | DEBUG | network statistics:
2020-08-31 17:03:29 | DEBUG | ------------------------------
2020-08-31 17:03:29 | DEBUG | number of voltage levels              : 57
2020-08-31 17:03:29 | DEBUG | number of buses                       : 57
2020-08-31 17:03:29 | DEBUG | number of switches                    : 0 (static: 0, dynamic: 0)
2020-08-31 17:03:29 | DEBUG | number of loads                       : 42 (static: 0, dynamic: 42)
2020-08-31 17:03:29 | DEBUG | number of generator                   : 7 (static: 0, dynamic: 7)
2020-08-31 17:03:29 | DEBUG | number of shunt compensators          : 3 (static: 3, dynamic: 0)
2020-08-31 17:03:29 | DEBUG | number of SVCs                        : 0 (static: 0, dynamic: 0)
2020-08-31 17:03:29 | DEBUG | number of dangling lines              : 0 (static: 0, dynamic: 0)
2020-08-31 17:03:29 | DEBUG | number of lines                       : 63 (static: 63, dynamic: 0)
2020-08-31 17:03:29 | DEBUG | number of two windings transformers   : 17 (static: 17, dynamic: 0)
2020-08-31 17:03:29 | DEBUG | number of three windings transformers : 0 (static: 0, dynamic: 0)
2020-08-31 17:03:29 | DEBUG | number of HVDCs                       : 0 (static: 0, dynamic: 0)
2020-08-31 17:03:29 | DEBUG | ------------------------------
2020-08-31 17:03:29 | DEBUG | SubNetworks
2020-08-31 17:03:29 | DEBUG | ------------------------------
2020-08-31 17:03:29 | DEBUG | nbSubNetwork = 1
2020-08-31 17:03:29 | DEBUG | subNetwork[0] nbBus = 57
2020-08-31 17:03:29 | DEBUG |                 _BEAV___6_TN (subNetwork 0)
2020-08-31 17:03:29 | DEBUG |                 _BUS____7_TN (subNetwork 0)
2020-08-31 17:03:29 | DEBUG |                 _CLIN___8_TN (subNetwork 0)
2020-08-31 17:03:29 | DEBUG |                 _SALT___9_TN (subNetwork 0)
2020-08-31 17:03:29 | DEBUG |                 _BUS___10_TN (subNetwork 0)
2020-08-31 17:03:29 | DEBUG |                 _GLEN__12_TN (subNetwork 0)
2020-08-31 17:03:29 | DEBUG |                 _BUS___13_TN (subNetwork 0)
2020-08-31 17:03:29 | DEBUG |                 _BUS___14_TN (subNetwork 0)
2020-08-31 17:03:29 | DEBUG |                 _BUS___15_TN (subNetwork 0)
2020-08-31 17:03:29 | DEBUG |                 _KANA___1_TN (subNetwork 0)
2020-08-31 17:03:29 | DEBUG |                 _BUS___16_TN (subNetwork 0)
2020-08-31 17:03:29 | DEBUG |                 _BUS___17_TN (subNetwork 0)
2020-08-31 17:03:29 | DEBUG |                 _TURN___2_TN (subNetwork 0)
2020-08-31 17:03:29 | DEBUG |                 _LOGA___3_TN (subNetwork 0)
2020-08-31 17:03:29 | DEBUG |                 _SPRI___4_TN (subNetwork 0)
2020-08-31 17:03:29 | DEBUG |                 _BUS____5_TN (subNetwork 0)
2020-08-31 17:03:29 | DEBUG |                 _SPRI__18_TN (subNetwork 0)
2020-08-31 17:03:29 | DEBUG |                 _BUS___19_TN (subNetwork 0)
2020-08-31 17:03:29 | DEBUG |                 _BUS___20_TN (subNetwork 0)
2020-08-31 17:03:29 | DEBUG |                 _BUS___21_TN (subNetwork 0)
2020-08-31 17:03:29 | DEBUG |                 _BUS___22_TN (subNetwork 0)
2020-08-31 17:03:29 | DEBUG |                 _BUS___23_TN (subNetwork 0)
2020-08-31 17:03:29 | DEBUG |                 _BUS___24_TN (subNetwork 0)
2020-08-31 17:03:29 | DEBUG |                 _BUS___26_TN (subNetwork 0)
2020-08-31 17:03:29 | DEBUG |                 _BUS___27_TN (subNetwork 0)
2020-08-31 17:03:29 | DEBUG |                 _BUS___28_TN (subNetwork 0)
2020-08-31 17:03:29 | DEBUG |                 _BUS___29_TN (subNetwork 0)
2020-08-31 17:03:29 | DEBUG |                 _BUS___52_TN (subNetwork 0)
2020-08-31 17:03:29 | DEBUG |                 _BUS___53_TN (subNetwork 0)
2020-08-31 17:03:29 | DEBUG |                 _BUS___54_TN (subNetwork 0)
2020-08-31 17:03:29 | DEBUG |                 _SALT__55_TN (subNetwork 0)
2020-08-31 17:03:29 | DEBUG |                 _BUS___25_TN (subNetwork 0)
2020-08-31 17:03:29 | DEBUG |                 _BUS___30_TN (subNetwork 0)
2020-08-31 17:03:29 | DEBUG |                 _BUS___31_TN (subNetwork 0)
2020-08-31 17:03:29 | DEBUG |                 _BUS___32_TN (subNetwork 0)
2020-08-31 17:03:29 | DEBUG |                 _BUS___33_TN (subNetwork 0)
2020-08-31 17:03:29 | DEBUG |                 _BUS___34_TN (subNetwork 0)
2020-08-31 17:03:29 | DEBUG |                 _BUS___35_TN (subNetwork 0)
2020-08-31 17:03:29 | DEBUG |                 _BUS___36_TN (subNetwork 0)
2020-08-31 17:03:29 | DEBUG |                 _BUS___37_TN (subNetwork 0)
2020-08-31 17:03:29 | DEBUG |                 _BUS___38_TN (subNetwork 0)
2020-08-31 17:03:29 | DEBUG |                 _BUS___44_TN (subNetwork 0)
2020-08-31 17:03:29 | DEBUG |                 _BUS___45_TN (subNetwork 0)
2020-08-31 17:03:29 | DEBUG |                 _BUS___48_TN (subNetwork 0)
2020-08-31 17:03:29 | DEBUG |                 _BUS___47_TN (subNetwork 0)
2020-08-31 17:03:29 | DEBUG |                 _BUS___46_TN (subNetwork 0)
2020-08-31 17:03:29 | DEBUG |                 _BUS___49_TN (subNetwork 0)
2020-08-31 17:03:29 | DEBUG |                 _BUS___50_TN (subNetwork 0)
2020-08-31 17:03:29 | DEBUG |                 _BUS___51_TN (subNetwork 0)
2020-08-31 17:03:29 | DEBUG |                 _BUS___39_TN (subNetwork 0)
2020-08-31 17:03:29 | DEBUG |                 _BUS___57_TN (subNetwork 0)
2020-08-31 17:03:29 | DEBUG |                 _BUS___56_TN (subNetwork 0)
2020-08-31 17:03:29 | DEBUG |                 _BUS___42_TN (subNetwork 0)
2020-08-31 17:03:29 | DEBUG |                 _TAZE__41_TN (subNetwork 0)
2020-08-31 17:03:29 | DEBUG |                 _TAZE__43_TN (subNetwork 0)
2020-08-31 17:03:29 | DEBUG |                 _TAZE__11_TN (subNetwork 0)
2020-08-31 17:03:29 | DEBUG |                 _BUS___40_TN (subNetwork 0)
