0.000000 | GEN____8_SM | PMIN : activation
1.000000 | GEN____3_SM | PMIN : activation
1.000000 | GEN____8_SM | PMIN : deactivation
2.000000 | GEN____3_SM | PMIN : deactivation
50.000000 | _BUS____1-BUS____5-1_AC | LINE : opening both sides
50.000000 | _LOAD___5_EC | Tap-changer : below minimum allowed value
50.000000 | _LOAD___9_EC | Tap-changer : below minimum allowed value
51.000000 | CLA_2_3 | CLA : arming by over-current constraint
51.000000 | GEN____3_SM | Voltage regulator : upper limit reached (Efd)
51.000000 | _LOAD___4_EC | Tap-changer : below minimum allowed value
80.000000 | _LOAD___5_EC | Tap position change (increment) - value : 69.298782kV
110.000000 | _LOAD___9_EC | Tap position change (increment) - value : 13.838747kV
111.000000 | _BUS____2-BUS____3-1_AC | LINE : opening both sides
111.000000 | CLA_2_3 | CLA : order to change topology
111.000000 | _LOAD___4_EC | Tap position change (increment) - value : 69.240674kV
112.000000 | CLA_2_4 | CLA : arming by over-current constraint
112.000000 | CLA_2_5 | CLA : arming by over-current constraint
112.000000 | _LOAD__10_EC | Tap-changer : below minimum allowed value
112.000000 | _LOAD__11_EC | Tap-changer : below minimum allowed value
112.000000 | _LOAD__14_EC | Tap-changer : below minimum allowed value
112.000000 | _LOAD___3_EC | Tap-changer : below minimum allowed value
112.000000 | _LOAD___4_EC | Tap-changer : below minimum allowed value
112.000000 | _LOAD___5_EC | Tap-changer : below minimum allowed value
112.000000 | _LOAD___6_EC | Tap-changer : below minimum allowed value
113.000000 | _LOAD___4_EC | Tap-changer : below minimum allowed value
113.000000 | _LOAD___9_EC | Tap-changer : below minimum allowed value
117.000000 | _LOAD___9_EC | Tap-changer : below minimum allowed value
142.000000 | _LOAD___3_EC | Tap position change (increment) - value : 68.072905kV
142.000000 | _LOAD___4_EC | Tap position change (increment) - value : 68.822220kV
142.000000 | _LOAD___5_EC | Tap position change (increment) - value : 69.002882kV
152.000000 | _LOAD___3_EC | Tap position change (increment) - value : 68.821595kV
152.000000 | _LOAD___4_EC | Tap position change (increment) - value : 69.615818kV
162.000000 | _LOAD___3_EC | Tap position change (increment) - value : 69.581049kV
162.000000 | _LOAD__12_EC | Tap-changer : below minimum allowed value
172.000000 | _BUS____2-BUS____4-1_AC | LINE : opening both sides
172.000000 | _BUS____2-BUS____5-1_AC | LINE : opening both sides
172.000000 | CLA_2_4 | CLA : order to change topology
172.000000 | CLA_2_5 | CLA : order to change topology
172.000000 | GEN____1_SM | GENERATOR : disconnecting
172.000000 | GEN____2_SM | GENERATOR : disconnecting
172.000000 | _LOAD__10_EC | Tap position change (increment) - value : 13.789022kV
172.000000 | _LOAD__11_EC | Tap position change (increment) - value : 13.829463kV
172.000000 | _LOAD__14_EC | Tap position change (increment) - value : 13.761486kV
172.000000 | _LOAD___2_EC | Tap-changer : switched off
172.000000 | _LOAD___2_EC | Transformer : switched off
172.000000 | _LOAD___2_EC | LOAD : disconnecting
172.000000 | _LOAD___6_EC | Tap position change (increment) - value : 13.833968kV
172.000000 | GEN____1_SM | Voltage regulator : upper limit reached (Efd)
172.000000 | GEN____2_SM | Voltage regulator : upper limit reached (Efd)
172.000000 | _LOAD___2_EC | Tap-changer : below minimum allowed value
172.000000 | _LOAD___3_EC | Tap-changer : above maximum allowed value
172.000000 | _LOAD___4_EC | Tap-changer : above maximum allowed value
173.000000 | _LOAD__10_EC | Tap-changer : below minimum allowed value
173.000000 | _LOAD__11_EC | Tap-changer : below minimum allowed value
173.000000 | _LOAD__12_EC | Tap-changer : below minimum allowed value
173.000000 | _LOAD__13_EC | Tap-changer : below minimum allowed value
173.000000 | _LOAD__14_EC | Tap-changer : below minimum allowed value
173.000000 | _LOAD___4_EC | Tap-changer : below minimum allowed value
173.000000 | _LOAD___5_EC | Tap-changer : below minimum allowed value
173.000000 | _LOAD___6_EC | Tap-changer : below minimum allowed value
177.000000 | _LOAD___9_EC | Tap position change (increment) - value : 13.674748kV
179.000000 | _LOAD___6_EC | Tap-changer : below minimum allowed value
187.000000 | _LOAD___9_EC | Tap position change (increment) - value : 13.784384kV
203.000000 | _LOAD___4_EC | Tap position change (increment) - value : 68.229791kV
203.000000 | _LOAD___5_EC | Tap position change (increment) - value : 67.558917kV
213.000000 | _LOAD___4_EC | Tap position change (increment) - value : 68.993582kV
213.000000 | _LOAD___5_EC | Tap position change (increment) - value : 68.310313kV
223.000000 | _LOAD___5_EC | Tap position change (increment) - value : 69.065493kV
233.000000 | _LOAD__10_EC | Tap position change (increment) - value : 13.732185kV
233.000000 | _LOAD__11_EC | Tap position change (increment) - value : 13.805536kV
233.000000 | _LOAD__12_EC | Tap position change (increment) - value : 13.704848kV
233.000000 | _LOAD__13_EC | Tap position change (increment) - value : 13.721332kV
233.000000 | _LOAD__14_EC | Tap position change (increment) - value : 13.711349kV
239.000000 | _LOAD___6_EC | Tap position change (increment) - value : 13.835897kV
239.000000 | _LOAD__13_EC | Tap-changer : below minimum allowed value
243.000000 | _LOAD__12_EC | Tap position change (increment) - value : 13.840452kV
243.000000 | _LOAD__14_EC | Tap position change (increment) - value : 13.838619kV
299.000000 | _LOAD__13_EC | Tap position change (increment) - value : 13.852051kV
299.000000 | _LOAD___4_EC | Tap-changer : below minimum allowed value
329.000000 | _LOAD___4_EC | Tap position change (increment) - value : 69.680377kV
