2025-06-11 11:09:34 | INFO |  ============================================================ 
2025-06-11 11:09:34 | INFO | DYNAWO VERSION  :     1.8.0
2025-06-11 11:09:34 | INFO | DYNAWO REVISION :  3585_transformers_variable_tap-43e7f2bcd08
2025-06-11 11:09:34 | INFO |  ============================================================ 
2025-06-11 11:09:34 | INFO | 
2025-06-11 11:09:34 | INFO | -----------------------------------------------------------------------
2025-06-11 11:09:34 | INFO | building model from input files
2025-06-11 11:09:34 | INFO | -----------------------------------------------------------------------
2025-06-11 11:09:34 | INFO | model was built successfully
2025-06-11 11:09:34 | INFO | -----------------------------------------------------------------------
2025-06-11 11:09:34 | INFO | 
2025-06-11 11:09:34 | INFO | -----------------------------------------------------------------------
2025-06-11 11:09:34 | INFO | starting local initialization
2025-06-11 11:09:34 | INFO | -----------------------------------------------------------------------
2025-06-11 11:09:34 | INFO | end of local initialization
2025-06-11 11:09:34 | INFO | -----------------------------------------------------------------------
2025-06-11 11:09:34 | INFO | 
2025-06-11 11:09:34 | INFO | -----------------------------------------------------------------------
2025-06-11 11:09:34 | INFO | starting global initialization
2025-06-11 11:09:34 | INFO | -----------------------------------------------------------------------
2025-06-11 11:09:34 | INFO | Algebraic mode change at t = 0
2025-06-11 11:09:34 | INFO | end of global initialization
2025-06-11 11:09:34 | INFO | -----------------------------------------------------------------------
2025-06-11 11:09:34 | INFO | 
2025-06-11 11:09:34 | INFO | -----------------------------------------------------------------------
2025-06-11 11:09:34 | INFO | starting curve initialization
2025-06-11 11:09:34 | INFO | -----------------------------------------------------------------------
2025-06-11 11:09:34 | WARN | curve not added: Id: TfoTest , name: transformer_tap
2025-06-11 11:09:34 | WARN | curve not added: Id: TfoTest , name: transformer_ratioTfoPu
2025-06-11 11:09:34 | INFO | end of curve initialization, added 4 curves
2025-06-11 11:09:34 | INFO | -----------------------------------------------------------------------
2025-06-11 11:09:34 | INFO | 
2025-06-11 11:09:34 | INFO | -----------------------------------------------------------------------
2025-06-11 11:09:34 | INFO | starting simulation with solver IDASolver
2025-06-11 11:09:34 | INFO | -----------------------------------------------------------------------
2025-06-11 11:09:34 | INFO | -----------------------------------------------------------------------
2025-06-11 11:09:34 | INFO | number of continuous variables : 451
2025-06-11 11:09:34 | INFO | number of discrete variables : 262
2025-06-11 11:09:34 | INFO | number of root functions : 281
2025-06-11 11:09:34 | INFO | -----------------------------------------------------------------------
2025-06-11 11:09:34 | INFO |         time ¦ iter num   order (k)      time step (h)
2025-06-11 11:09:34 | INFO | -----------------------------------------------------------------------
2025-06-11 11:09:34 | INFO |        0.000 ¦        0           0              0.029 
2025-06-11 11:09:34 | INFO |        0.000 ¦        1           1              0.000 
2025-06-11 11:09:34 | INFO |        0.000 ¦        2           1              0.000 
2025-06-11 11:09:34 | INFO |        0.000 ¦        3           2              0.000 
2025-06-11 11:09:34 | INFO |        0.000 ¦        4           2              0.000 
2025-06-11 11:09:34 | INFO |        0.000 ¦        5           2              0.000 
2025-06-11 11:09:34 | INFO |        0.000 ¦        6           2              0.000 
2025-06-11 11:09:34 | INFO |        0.000 ¦        7           2              0.000 
2025-06-11 11:09:34 | INFO |        0.000 ¦        8           2              0.000 
2025-06-11 11:09:34 | INFO |        0.000 ¦        9           2              0.000 
2025-06-11 11:09:34 | INFO |        0.001 ¦       10           2              0.000 
2025-06-11 11:09:34 | INFO |        0.001 ¦       11           2              0.001 
2025-06-11 11:09:34 | INFO |        0.001 ¦       12           2              0.001 
2025-06-11 11:09:34 | INFO |        0.001 ¦       12           2              0.001 
2025-06-11 11:09:34 | INFO |        0.002 ¦       12           2              0.001 
2025-06-11 11:09:34 | INFO |        0.004 ¦       13           2              0.002 
2025-06-11 11:09:34 | INFO |        0.008 ¦       14           2              0.004 
2025-06-11 11:09:34 | INFO |        0.008 ¦       14           2              0.004 
2025-06-11 11:09:34 | INFO |        0.008 ¦       14           2              0.004 
2025-06-11 11:09:34 | INFO | Algebraic mode change at t = 0.0134098
2025-06-11 11:09:34 | INFO |        0.013 ¦       15           2              0.008 
2025-06-11 11:09:34 | INFO | calculation of the new starting point of the simulation.
2025-06-11 11:09:34 | INFO |        0.013 ¦        0           0              0.000 
2025-06-11 11:09:34 | INFO |        0.013 ¦        1           1              0.000 
2025-06-11 11:09:34 | INFO |        0.013 ¦        2           1              0.000 
2025-06-11 11:09:34 | INFO |        0.013 ¦        3           2              0.000 
2025-06-11 11:09:34 | INFO |        0.013 ¦        4           2              0.000 
2025-06-11 11:09:34 | INFO |        0.013 ¦        5           2              0.000 
2025-06-11 11:09:34 | INFO |        0.013 ¦        6           2              0.000 
2025-06-11 11:09:34 | INFO |        0.013 ¦        7           2              0.000 
2025-06-11 11:09:34 | INFO |        0.014 ¦        8           2              0.000 
2025-06-11 11:09:34 | INFO |        0.014 ¦        9           2              0.000 
2025-06-11 11:09:34 | INFO |        0.014 ¦       10           2              0.000 
2025-06-11 11:09:34 | INFO |        0.014 ¦       11           2              0.001 
2025-06-11 11:09:34 | INFO |        0.015 ¦       12           2              0.001 
2025-06-11 11:09:34 | INFO |        0.018 ¦       13           2              0.002 
2025-06-11 11:09:34 | INFO |        0.022 ¦       14           2              0.004 
2025-06-11 11:09:34 | INFO |        0.030 ¦       15           2              0.008 
2025-06-11 11:09:34 | INFO |        0.046 ¦       16           2              0.016 
2025-06-11 11:09:34 | INFO |        0.079 ¦       17           2              0.033 
2025-06-11 11:09:34 | INFO |        0.144 ¦       18           2              0.066 
2025-06-11 11:09:34 | INFO |        0.276 ¦       19           1              0.131 
2025-06-11 11:09:34 | INFO |        0.407 ¦       20           1              0.131 
2025-06-11 11:09:34 | INFO |        0.669 ¦       21           1              0.262 
2025-06-11 11:09:34 | INFO |        0.790 ¦       22           1              0.262 
2025-06-11 11:09:34 | INFO |        0.790 ¦       22           1              0.262 
2025-06-11 11:09:34 | INFO | Algebraic mode change at t = 0.809326
2025-06-11 11:09:34 | INFO |        0.809 ¦       22           1              0.262 
2025-06-11 11:09:34 | INFO | calculation of the new starting point of the simulation.
2025-06-11 11:09:34 | INFO |        0.809 ¦        0           0              0.000 
2025-06-11 11:09:34 | INFO |        0.809 ¦        1           1              0.000 
2025-06-11 11:09:34 | INFO |        0.809 ¦        2           1              0.000 
2025-06-11 11:09:34 | INFO |        0.809 ¦        3           2              0.000 
2025-06-11 11:09:34 | INFO |        0.809 ¦        4           2              0.000 
2025-06-11 11:09:34 | INFO |        0.809 ¦        5           2              0.000 
2025-06-11 11:09:34 | INFO |        0.809 ¦        6           2              0.000 
2025-06-11 11:09:34 | INFO |        0.809 ¦        7           2              0.000 
2025-06-11 11:09:34 | INFO |        0.809 ¦        8           2              0.000 
2025-06-11 11:09:34 | INFO |        0.810 ¦        9           2              0.000 
2025-06-11 11:09:34 | INFO |        0.810 ¦       10           2              0.000 
2025-06-11 11:09:34 | INFO |        0.810 ¦       11           2              0.001 
2025-06-11 11:09:34 | INFO |        0.811 ¦       12           2              0.001 
2025-06-11 11:09:34 | INFO |        0.813 ¦       13           2              0.002 
2025-06-11 11:09:34 | INFO |        0.818 ¦       14           2              0.004 
2025-06-11 11:09:34 | INFO |        0.826 ¦       15           2              0.008 
2025-06-11 11:09:34 | INFO |        0.842 ¦       16           2              0.016 
2025-06-11 11:09:34 | INFO |        0.875 ¦       17           2              0.033 
2025-06-11 11:09:34 | INFO | Algebraic mode change at t = 0.938902
2025-06-11 11:09:34 | INFO |        0.939 ¦       18           2              0.066 
2025-06-11 11:09:34 | INFO | calculation of the new starting point of the simulation.
2025-06-11 11:09:34 | INFO |        0.939 ¦        0           0              0.000 
2025-06-11 11:09:34 | INFO |        0.939 ¦        1           1              0.000 
2025-06-11 11:09:34 | INFO |        0.939 ¦        2           1              0.000 
2025-06-11 11:09:34 | INFO |        0.939 ¦        3           2              0.000 
2025-06-11 11:09:34 | INFO |        0.939 ¦        4           2              0.000 
2025-06-11 11:09:34 | INFO |        0.939 ¦        5           2              0.000 
2025-06-11 11:09:34 | INFO |        0.939 ¦        6           2              0.000 
2025-06-11 11:09:34 | INFO |        0.939 ¦        7           2              0.000 
2025-06-11 11:09:34 | INFO |        0.939 ¦        8           2              0.000 
2025-06-11 11:09:34 | INFO |        0.939 ¦        9           2              0.000 
2025-06-11 11:09:34 | INFO |        0.939 ¦       10           2              0.000 
2025-06-11 11:09:34 | INFO |        0.940 ¦       11           2              0.001 
2025-06-11 11:09:34 | INFO |        0.941 ¦       12           2              0.001 
2025-06-11 11:09:34 | INFO |        0.943 ¦       13           2              0.002 
2025-06-11 11:09:34 | INFO |        0.947 ¦       14           2              0.004 
2025-06-11 11:09:34 | INFO |        0.955 ¦       15           2              0.008 
2025-06-11 11:09:34 | INFO |        0.956 ¦       16           2              0.016 
2025-06-11 11:09:34 | INFO |        0.956 ¦       16           2              0.016 
2025-06-11 11:09:34 | INFO |        0.972 ¦       16           2              0.016 
2025-06-11 11:09:34 | INFO |        1.004 ¦       17           2              0.033 
2025-06-11 11:09:34 | INFO |        1.070 ¦       18           2              0.066 
2025-06-11 11:09:34 | INFO |        1.201 ¦       19           2              0.131 
2025-06-11 11:09:34 | INFO | Algebraic mode change at t = 1.34644
2025-06-11 11:09:34 | INFO |        1.346 ¦       20           2              0.262 
2025-06-11 11:09:34 | INFO | calculation of the new starting point of the simulation.
2025-06-11 11:09:34 | INFO |        1.346 ¦        0           0              0.000 
2025-06-11 11:09:34 | INFO |        1.346 ¦        1           1              0.000 
2025-06-11 11:09:34 | INFO |        1.346 ¦        2           1              0.000 
2025-06-11 11:09:34 | INFO |        1.346 ¦        3           2              0.000 
2025-06-11 11:09:34 | INFO |        1.346 ¦        4           2              0.000 
2025-06-11 11:09:34 | INFO |        1.346 ¦        5           2              0.000 
2025-06-11 11:09:34 | INFO |        1.346 ¦        6           2              0.000 
2025-06-11 11:09:34 | INFO |        1.347 ¦        7           2              0.000 
2025-06-11 11:09:34 | INFO |        1.347 ¦        8           2              0.000 
2025-06-11 11:09:34 | INFO |        1.347 ¦        9           2              0.000 
2025-06-11 11:09:34 | INFO |        1.347 ¦       10           2              0.000 
2025-06-11 11:09:34 | INFO |        1.347 ¦       11           2              0.001 
2025-06-11 11:09:34 | INFO |        1.348 ¦       12           2              0.001 
2025-06-11 11:09:34 | INFO |        1.351 ¦       13           2              0.002 
2025-06-11 11:09:34 | INFO |        1.355 ¦       14           2              0.004 
2025-06-11 11:09:34 | INFO |        1.356 ¦       15           2              0.008 
2025-06-11 11:09:34 | INFO |        1.356 ¦       15           2              0.008 
2025-06-11 11:09:34 | INFO |        1.363 ¦       15           2              0.008 
2025-06-11 11:09:34 | INFO |        1.379 ¦       16           2              0.016 
2025-06-11 11:09:34 | INFO |        1.412 ¦       17           2              0.033 
2025-06-11 11:09:34 | INFO |        1.478 ¦       18           2              0.066 
2025-06-11 11:09:34 | INFO |        1.609 ¦       19           2              0.131 
2025-06-11 11:09:34 | INFO |        1.871 ¦       20           2              0.262 
2025-06-11 11:09:34 | INFO |        2.395 ¦       21           2              0.524 
2025-06-11 11:09:34 | INFO |        3.444 ¦       22           2              1.049 
2025-06-11 11:09:34 | INFO |        5.541 ¦       23           1              2.097 
2025-06-11 11:09:34 | INFO |        9.735 ¦       24           1              4.194 
2025-06-11 11:09:34 | INFO |       18.124 ¦       25           1              8.389 
2025-06-11 11:09:34 | INFO | Algebraic mode change at t = 20
2025-06-11 11:09:34 | INFO |       20.000 ¦       26           1             10.000 
2025-06-11 11:09:34 | INFO | calculation of the new starting point of the simulation.
2025-06-11 11:09:34 | INFO |       20.000 ¦        0           0              0.000 
2025-06-11 11:09:34 | INFO |       20.000 ¦        1           1              0.000 
2025-06-11 11:09:34 | INFO |       20.000 ¦        2           1              0.000 
2025-06-11 11:09:34 | INFO |       20.000 ¦        3           2              0.000 
2025-06-11 11:09:34 | INFO |       20.000 ¦        4           2              0.000 
2025-06-11 11:09:34 | INFO |       20.000 ¦        5           2              0.000 
2025-06-11 11:09:34 | INFO |       20.000 ¦        6           2              0.000 
2025-06-11 11:09:34 | INFO |       20.000 ¦        7           2              0.000 
2025-06-11 11:09:34 | INFO |       20.000 ¦        8           2              0.000 
2025-06-11 11:09:34 | INFO |       20.000 ¦        9           2              0.000 
2025-06-11 11:09:34 | INFO |       20.001 ¦       10           2              0.000 
2025-06-11 11:09:34 | INFO |       20.001 ¦       11           2              0.001 
2025-06-11 11:09:34 | INFO |       20.002 ¦       12           2              0.001 
2025-06-11 11:09:34 | INFO |       20.004 ¦       13           2              0.002 
2025-06-11 11:09:34 | INFO |       20.004 ¦       14           2              0.004 
2025-06-11 11:09:34 | INFO |       20.004 ¦       14           2              0.004 
2025-06-11 11:09:34 | INFO | Algebraic mode change at t = 20.0046
2025-06-11 11:09:34 | INFO |       20.005 ¦       14           2              0.004 
2025-06-11 11:09:34 | INFO | calculation of the new starting point of the simulation.
2025-06-11 11:09:34 | INFO |       20.005 ¦        0           0              0.000 
2025-06-11 11:09:34 | INFO |       20.005 ¦        1           1              0.000 
2025-06-11 11:09:34 | INFO |       20.005 ¦        2           1              0.000 
2025-06-11 11:09:34 | INFO |       20.005 ¦        3           2              0.000 
2025-06-11 11:09:34 | INFO |       20.005 ¦        4           2              0.000 
2025-06-11 11:09:34 | INFO |       20.005 ¦        5           2              0.000 
2025-06-11 11:09:34 | INFO |       20.005 ¦        6           2              0.000 
2025-06-11 11:09:34 | INFO |       20.005 ¦        7           2              0.000 
2025-06-11 11:09:34 | INFO |       20.005 ¦        8           2              0.000 
2025-06-11 11:09:34 | INFO |       20.005 ¦        9           2              0.000 
2025-06-11 11:09:34 | INFO |       20.005 ¦       10           2              0.000 
2025-06-11 11:09:34 | INFO |       20.006 ¦       11           2              0.001 
2025-06-11 11:09:34 | INFO |       20.007 ¦       12           2              0.001 
2025-06-11 11:09:34 | INFO |       20.009 ¦       13           2              0.002 
2025-06-11 11:09:34 | INFO |       20.013 ¦       14           2              0.004 
2025-06-11 11:09:34 | INFO |       20.015 ¦       15           2              0.008 
2025-06-11 11:09:34 | INFO |       20.015 ¦       15           2              0.008 
2025-06-11 11:09:34 | INFO | Algebraic mode change at t = 20.0149
2025-06-11 11:09:34 | INFO |       20.015 ¦       15           2              0.008 
2025-06-11 11:09:34 | INFO | calculation of the new starting point of the simulation.
2025-06-11 11:09:34 | INFO |       20.015 ¦        0           0              0.000 
2025-06-11 11:09:34 | INFO |       20.015 ¦        1           1              0.000 
2025-06-11 11:09:34 | INFO |       20.015 ¦        2           1              0.000 
2025-06-11 11:09:34 | INFO |       20.015 ¦        3           2              0.000 
2025-06-11 11:09:34 | INFO |       20.015 ¦        4           2              0.000 
2025-06-11 11:09:34 | INFO |       20.015 ¦        5           2              0.000 
2025-06-11 11:09:34 | INFO |       20.015 ¦        6           2              0.000 
2025-06-11 11:09:34 | INFO |       20.015 ¦        7           2              0.000 
2025-06-11 11:09:34 | INFO |       20.015 ¦        8           2              0.000 
2025-06-11 11:09:34 | INFO |       20.015 ¦        9           2              0.000 
2025-06-11 11:09:34 | INFO |       20.015 ¦       10           2              0.000 
2025-06-11 11:09:34 | INFO |       20.016 ¦       11           2              0.001 
2025-06-11 11:09:34 | INFO |       20.017 ¦       12           2              0.001 
2025-06-11 11:09:34 | INFO |       20.019 ¦       13           2              0.002 
2025-06-11 11:09:34 | INFO |       20.023 ¦       14           2              0.004 
2025-06-11 11:09:34 | INFO |       20.031 ¦       15           2              0.008 
2025-06-11 11:09:34 | INFO |       20.048 ¦       16           2              0.016 
2025-06-11 11:09:34 | INFO |       20.064 ¦       17           2              0.016 
2025-06-11 11:09:34 | INFO |       20.097 ¦       18           2              0.033 
2025-06-11 11:09:34 | INFO |       20.130 ¦       19           2              0.033 
2025-06-11 11:09:34 | INFO |       20.162 ¦       20           2              0.033 
2025-06-11 11:09:34 | INFO |       20.228 ¦       21           2              0.066 
2025-06-11 11:09:34 | INFO |       20.293 ¦       22           2              0.066 
2025-06-11 11:09:34 | INFO |       20.359 ¦       23           2              0.066 
2025-06-11 11:09:34 | INFO | Algebraic mode change at t = 20.4215
2025-06-11 11:09:34 | INFO |       20.422 ¦       24           2              0.066 
2025-06-11 11:09:34 | INFO | calculation of the new starting point of the simulation.
2025-06-11 11:09:34 | INFO |       20.422 ¦        0           0              0.000 
2025-06-11 11:09:34 | INFO |       20.422 ¦        1           1              0.000 
2025-06-11 11:09:34 | INFO |       20.422 ¦        2           1              0.000 
2025-06-11 11:09:34 | INFO |       20.422 ¦        3           2              0.000 
2025-06-11 11:09:34 | INFO |       20.422 ¦        4           2              0.000 
2025-06-11 11:09:34 | INFO |       20.422 ¦        5           2              0.000 
2025-06-11 11:09:34 | INFO |       20.422 ¦        6           2              0.000 
2025-06-11 11:09:34 | INFO |       20.422 ¦        7           2              0.000 
2025-06-11 11:09:34 | INFO |       20.422 ¦        8           2              0.000 
2025-06-11 11:09:34 | INFO |       20.422 ¦        8           2              0.000 
2025-06-11 11:09:34 | INFO |       20.422 ¦        8           2              0.000 
2025-06-11 11:09:34 | INFO |       20.422 ¦        9           2              0.000 
2025-06-11 11:09:34 | INFO |       20.422 ¦       10           2              0.000 
2025-06-11 11:09:34 | INFO |       20.423 ¦       11           2              0.001 
2025-06-11 11:09:34 | INFO |       20.424 ¦       12           2              0.001 
2025-06-11 11:09:34 | INFO |       20.426 ¦       13           2              0.002 
2025-06-11 11:09:34 | INFO |       20.430 ¦       14           2              0.004 
2025-06-11 11:09:34 | INFO |       20.438 ¦       15           2              0.008 
2025-06-11 11:09:34 | INFO |       20.449 ¦       16           2              0.016 
2025-06-11 11:09:34 | INFO |       20.449 ¦       16           2              0.016 
2025-06-11 11:09:34 | INFO | Algebraic mode change at t = 20.4498
2025-06-11 11:09:34 | INFO |       20.450 ¦       16           2              0.016 
2025-06-11 11:09:34 | INFO | calculation of the new starting point of the simulation.
2025-06-11 11:09:34 | INFO |       20.450 ¦        0           0              0.000 
2025-06-11 11:09:34 | INFO |       20.450 ¦        1           1              0.000 
2025-06-11 11:09:34 | INFO |       20.450 ¦        2           1              0.000 
2025-06-11 11:09:34 | INFO |       20.450 ¦        3           2              0.000 
2025-06-11 11:09:34 | INFO |       20.450 ¦        4           2              0.000 
2025-06-11 11:09:34 | INFO |       20.450 ¦        5           2              0.000 
2025-06-11 11:09:34 | INFO |       20.450 ¦        6           2              0.000 
2025-06-11 11:09:34 | INFO |       20.450 ¦        7           2              0.000 
2025-06-11 11:09:34 | INFO |       20.450 ¦        8           2              0.000 
2025-06-11 11:09:34 | INFO |       20.450 ¦        9           2              0.000 
2025-06-11 11:09:34 | INFO |       20.450 ¦       10           2              0.000 
2025-06-11 11:09:34 | INFO |       20.451 ¦       11           2              0.001 
2025-06-11 11:09:34 | INFO |       20.452 ¦       12           2              0.001 
2025-06-11 11:09:34 | INFO |       20.454 ¦       13           2              0.002 
2025-06-11 11:09:34 | INFO |       20.458 ¦       14           2              0.004 
2025-06-11 11:09:34 | INFO |       20.466 ¦       15           2              0.008 
2025-06-11 11:09:34 | INFO |       20.483 ¦       16           2              0.016 
2025-06-11 11:09:34 | INFO |       20.515 ¦       17           2              0.033 
2025-06-11 11:09:34 | INFO |       20.581 ¦       18           2              0.066 
2025-06-11 11:09:34 | INFO |       20.646 ¦       19           2              0.066 
2025-06-11 11:09:34 | INFO | Algebraic mode change at t = 20.6834
2025-06-11 11:09:34 | INFO |       20.683 ¦       20           2              0.131 
2025-06-11 11:09:34 | INFO | calculation of the new starting point of the simulation.
2025-06-11 11:09:34 | INFO |       20.683 ¦        0           0              0.000 
2025-06-11 11:09:34 | INFO |       20.683 ¦        1           1              0.000 
2025-06-11 11:09:34 | INFO |       20.683 ¦        2           1              0.000 
2025-06-11 11:09:34 | INFO |       20.683 ¦        3           2              0.000 
2025-06-11 11:09:34 | INFO |       20.683 ¦        4           2              0.000 
2025-06-11 11:09:34 | INFO |       20.683 ¦        5           2              0.000 
2025-06-11 11:09:34 | INFO |       20.683 ¦        6           2              0.000 
2025-06-11 11:09:34 | INFO |       20.683 ¦        7           2              0.000 
2025-06-11 11:09:34 | INFO |       20.684 ¦        8           2              0.000 
2025-06-11 11:09:34 | INFO |       20.684 ¦        9           2              0.000 
2025-06-11 11:09:34 | INFO |       20.684 ¦        9           2              0.000 
2025-06-11 11:09:34 | INFO |       20.684 ¦        9           2              0.000 
2025-06-11 11:09:34 | INFO |       20.684 ¦       10           2              0.000 
2025-06-11 11:09:34 | INFO |       20.684 ¦       11           2              0.001 
2025-06-11 11:09:34 | INFO |       20.685 ¦       12           2              0.001 
2025-06-11 11:09:34 | INFO |       20.688 ¦       13           2              0.002 
2025-06-11 11:09:34 | INFO |       20.692 ¦       14           2              0.004 
2025-06-11 11:09:34 | INFO |       20.700 ¦       15           2              0.008 
2025-06-11 11:09:34 | INFO |       20.707 ¦       16           2              0.016 
2025-06-11 11:09:34 | INFO |       20.707 ¦       16           2              0.016 
2025-06-11 11:09:34 | INFO | Algebraic mode change at t = 20.7074
2025-06-11 11:09:34 | INFO |       20.707 ¦       16           2              0.016 
2025-06-11 11:09:34 | INFO | calculation of the new starting point of the simulation.
2025-06-11 11:09:34 | INFO |       20.707 ¦        0           0              0.000 
2025-06-11 11:09:34 | INFO |       20.707 ¦        1           1              0.000 
2025-06-11 11:09:34 | INFO |       20.707 ¦        2           1              0.000 
2025-06-11 11:09:34 | INFO |       20.707 ¦        3           2              0.000 
2025-06-11 11:09:34 | INFO |       20.707 ¦        4           2              0.000 
2025-06-11 11:09:34 | INFO |       20.707 ¦        5           2              0.000 
2025-06-11 11:09:34 | INFO |       20.707 ¦        6           2              0.000 
2025-06-11 11:09:34 | INFO |       20.707 ¦        7           2              0.000 
2025-06-11 11:09:34 | INFO |       20.707 ¦        8           2              0.000 
2025-06-11 11:09:34 | INFO |       20.708 ¦        9           2              0.000 
2025-06-11 11:09:34 | INFO |       20.708 ¦       10           2              0.000 
2025-06-11 11:09:34 | INFO |       20.708 ¦       11           2              0.001 
2025-06-11 11:09:34 | INFO |       20.709 ¦       12           2              0.001 
2025-06-11 11:09:34 | INFO |       20.711 ¦       13           2              0.002 
2025-06-11 11:09:34 | INFO |       20.716 ¦       14           2              0.004 
2025-06-11 11:09:34 | INFO |       20.724 ¦       15           2              0.008 
2025-06-11 11:09:34 | INFO |       20.740 ¦       16           2              0.016 
2025-06-11 11:09:34 | INFO |       20.773 ¦       17           2              0.033 
2025-06-11 11:09:34 | INFO |       20.838 ¦       18           2              0.066 
2025-06-11 11:09:34 | INFO |       20.946 ¦       19           2              0.131 
2025-06-11 11:09:34 | INFO |       20.946 ¦       19           2              0.131 
2025-06-11 11:09:34 | INFO | Algebraic mode change at t = 20.9461
2025-06-11 11:09:34 | INFO |       20.946 ¦       19           2              0.131 
2025-06-11 11:09:34 | INFO | calculation of the new starting point of the simulation.
2025-06-11 11:09:34 | INFO |       20.946 ¦        0           0              0.000 
2025-06-11 11:09:34 | INFO |       20.946 ¦        1           1              0.000 
2025-06-11 11:09:34 | INFO |       20.946 ¦        2           1              0.000 
2025-06-11 11:09:34 | INFO |       20.946 ¦        3           2              0.000 
2025-06-11 11:09:34 | INFO |       20.946 ¦        4           2              0.000 
2025-06-11 11:09:34 | INFO |       20.946 ¦        5           2              0.000 
2025-06-11 11:09:34 | INFO |       20.946 ¦        6           2              0.000 
2025-06-11 11:09:34 | INFO |       20.946 ¦        7           2              0.000 
2025-06-11 11:09:34 | INFO |       20.946 ¦        8           2              0.000 
2025-06-11 11:09:34 | INFO |       20.946 ¦        9           2              0.000 
2025-06-11 11:09:34 | INFO |       20.947 ¦       10           2              0.000 
2025-06-11 11:09:34 | INFO |       20.947 ¦       11           2              0.001 
2025-06-11 11:09:34 | INFO |       20.948 ¦       12           2              0.001 
2025-06-11 11:09:34 | INFO |       20.950 ¦       13           2              0.002 
2025-06-11 11:09:34 | INFO |       20.954 ¦       14           2              0.004 
2025-06-11 11:09:34 | INFO |       20.963 ¦       15           2              0.008 
2025-06-11 11:09:34 | INFO |       20.979 ¦       16           2              0.016 
2025-06-11 11:09:34 | INFO |       21.012 ¦       17           2              0.033 
2025-06-11 11:09:34 | INFO |       21.077 ¦       18           2              0.066 
2025-06-11 11:09:34 | INFO |       21.208 ¦       19           2              0.131 
2025-06-11 11:09:34 | INFO |       21.339 ¦       20           2              0.131 
2025-06-11 11:09:34 | INFO |       21.470 ¦       21           2              0.131 
2025-06-11 11:09:34 | INFO |       21.602 ¦       22           1              0.131 
2025-06-11 11:09:34 | INFO |       21.719 ¦       23           1              0.118 
2025-06-11 11:09:34 | INFO |       21.837 ¦       24           1              0.118 
2025-06-11 11:09:34 | INFO |       22.073 ¦       25           1              0.236 
2025-06-11 11:09:34 | INFO |       22.309 ¦       26           1              0.236 
2025-06-11 11:09:34 | INFO |       22.545 ¦       27           1              0.236 
2025-06-11 11:09:34 | INFO |       22.781 ¦       28           1              0.236 
2025-06-11 11:09:34 | INFO |       23.253 ¦       29           1              0.472 
2025-06-11 11:09:34 | INFO |       24.197 ¦       30           1              0.944 
2025-06-11 11:09:34 | INFO |       25.140 ¦       31           1              0.944 
2025-06-11 11:09:34 | INFO |       27.028 ¦       32           1              1.887 
2025-06-11 11:09:34 | INFO |       28.915 ¦       33           1              1.887 
2025-06-11 11:09:34 | INFO |       32.690 ¦       34           1              3.775 
2025-06-11 11:09:34 | INFO |       40.240 ¦       35           1              7.550 
2025-06-11 11:09:34 | INFO |       47.790 ¦       36           1              7.550 
2025-06-11 11:09:34 | INFO |       57.790 ¦       37           1             10.000 
2025-06-11 11:09:34 | INFO | Algebraic mode change at t = 60
2025-06-11 11:09:34 | INFO |       60.000 ¦       38           1             10.000 
2025-06-11 11:09:34 | INFO | calculation of the new starting point of the simulation.
2025-06-11 11:09:34 | INFO |       60.000 ¦        0           0              0.000 
2025-06-11 11:09:34 | INFO |       60.000 ¦        1           1              0.000 
2025-06-11 11:09:34 | INFO |       60.000 ¦        2           1              0.000 
2025-06-11 11:09:34 | INFO |       60.000 ¦        3           2              0.000 
2025-06-11 11:09:34 | INFO |       60.000 ¦        4           2              0.000 
2025-06-11 11:09:34 | INFO |       60.000 ¦        5           2              0.000 
2025-06-11 11:09:34 | INFO |       60.000 ¦        6           2              0.000 
2025-06-11 11:09:34 | INFO |       60.000 ¦        7           2              0.000 
2025-06-11 11:09:34 | INFO |       60.000 ¦        8           2              0.000 
2025-06-11 11:09:34 | INFO |       60.000 ¦        9           2              0.000 
2025-06-11 11:09:34 | INFO |       60.001 ¦       10           2              0.000 
2025-06-11 11:09:34 | INFO |       60.001 ¦       11           2              0.001 
2025-06-11 11:09:34 | INFO |       60.002 ¦       12           2              0.001 
2025-06-11 11:09:34 | INFO |       60.004 ¦       13           2              0.002 
2025-06-11 11:09:34 | INFO |       60.008 ¦       14           2              0.004 
2025-06-11 11:09:34 | INFO |       60.016 ¦       15           2              0.008 
2025-06-11 11:09:34 | INFO |       60.033 ¦       16           2              0.016 
2025-06-11 11:09:34 | INFO |       60.066 ¦       17           2              0.033 
2025-06-11 11:09:34 | INFO |       60.098 ¦       18           2              0.033 
2025-06-11 11:09:34 | INFO |       60.164 ¦       19           2              0.066 
2025-06-11 11:09:34 | INFO |       60.295 ¦       20           1              0.131 
2025-06-11 11:09:34 | INFO |       60.426 ¦       21           1              0.131 
2025-06-11 11:09:34 | INFO |       60.688 ¦       22           1              0.262 
2025-06-11 11:09:34 | INFO |       60.950 ¦       23           1              0.262 
2025-06-11 11:09:34 | INFO |       61.475 ¦       24           1              0.524 
2025-06-11 11:09:34 | INFO |       61.999 ¦       25           1              0.524 
2025-06-11 11:09:34 | INFO |       63.047 ¦       26           1              1.049 
2025-06-11 11:09:34 | INFO |       65.145 ¦       27           1              2.097 
2025-06-11 11:09:34 | INFO |       69.339 ¦       28           1              4.194 
2025-06-11 11:09:34 | INFO | Algebraic mode change at t = 70
2025-06-11 11:09:34 | INFO |       70.000 ¦       29           1              8.389 
2025-06-11 11:09:34 | INFO | calculation of the new starting point of the simulation.
2025-06-11 11:09:34 | INFO |       70.000 ¦        0           0              0.000 
2025-06-11 11:09:34 | INFO |       70.000 ¦        1           1              0.000 
2025-06-11 11:09:34 | INFO |       70.000 ¦        2           1              0.000 
2025-06-11 11:09:34 | INFO |       70.000 ¦        3           2              0.000 
2025-06-11 11:09:34 | INFO |       70.000 ¦        4           2              0.000 
2025-06-11 11:09:34 | INFO |       70.000 ¦        5           2              0.000 
2025-06-11 11:09:34 | INFO |       70.000 ¦        6           2              0.000 
2025-06-11 11:09:34 | INFO |       70.000 ¦        7           2              0.000 
2025-06-11 11:09:34 | INFO |       70.000 ¦        8           2              0.000 
2025-06-11 11:09:34 | INFO |       70.000 ¦        9           2              0.000 
2025-06-11 11:09:34 | INFO |       70.000 ¦       10           2              0.000 
2025-06-11 11:09:34 | INFO |       70.001 ¦       11           2              0.001 
2025-06-11 11:09:34 | INFO |       70.002 ¦       12           2              0.001 
2025-06-11 11:09:34 | INFO |       70.004 ¦       13           2              0.002 
2025-06-11 11:09:34 | INFO |       70.008 ¦       14           2              0.004 
2025-06-11 11:09:34 | INFO |       70.016 ¦       15           2              0.008 
2025-06-11 11:09:34 | INFO |       70.033 ¦       16           2              0.016 
2025-06-11 11:09:34 | INFO |       70.066 ¦       17           2              0.033 
2025-06-11 11:09:34 | INFO |       70.098 ¦       18           2              0.033 
2025-06-11 11:09:34 | INFO |       70.164 ¦       19           2              0.066 
2025-06-11 11:09:34 | INFO |       70.295 ¦       20           1              0.131 
2025-06-11 11:09:34 | INFO |       70.426 ¦       21           1              0.131 
2025-06-11 11:09:34 | INFO |       70.688 ¦       22           1              0.262 
2025-06-11 11:09:34 | INFO |       70.950 ¦       23           1              0.262 
2025-06-11 11:09:34 | INFO |       71.475 ¦       24           1              0.524 
2025-06-11 11:09:34 | INFO |       71.999 ¦       25           1              0.524 
2025-06-11 11:09:34 | INFO |       73.047 ¦       26           1              1.049 
2025-06-11 11:09:34 | INFO |       75.145 ¦       27           1              2.097 
2025-06-11 11:09:34 | INFO |       79.339 ¦       28           1              4.194 
2025-06-11 11:09:34 | INFO |       87.727 ¦       29           1              8.389 
2025-06-11 11:09:34 | INFO |       97.727 ¦       30           1             10.000 
2025-06-11 11:09:34 | INFO |      107.727 ¦       31           1             10.000 
2025-06-11 11:09:34 | INFO |      117.727 ¦       32           1             10.000 
2025-06-11 11:09:34 | INFO |      127.727 ¦       33           1             10.000 
2025-06-11 11:09:34 | INFO |      137.727 ¦       34           1             10.000 
2025-06-11 11:09:34 | INFO |      147.727 ¦       35           1             10.000 
2025-06-11 11:09:34 | INFO |      150.000 ¦       36           1              2.273 
2025-06-11 11:09:34 | INFO | 
2025-06-11 11:09:34 | INFO | execution statistics :
2025-06-11 11:09:34 | INFO | 
2025-06-11 11:09:34 | INFO | number of time iterations                  = 328
2025-06-11 11:09:34 | INFO | number of residual evaluations             = 459
2025-06-11 11:09:34 | INFO | number of Jacobian evaluations             = 268
2025-06-11 11:09:34 | INFO | number of nonlinear iterations             = 429
2025-06-11 11:09:34 | INFO | number of error test failures              = 0
2025-06-11 11:09:34 | INFO | number of nonlinear convergence failures   = 0
2025-06-11 11:09:34 | INFO | number of root functions evaluations       = 1647
2025-06-11 11:09:34 | INFO | number of discrete variables evaluations   = 74
2025-06-11 11:09:34 | INFO | number of mode evaluations                 = 54
2025-06-11 11:09:34 | INFO | end of job 'IEEE14 - TapChanger (Modelica)'
