GEN____1_SM_generator_lambdaDPu
GEN____1_SM_generator_lambdaQ1Pu
GEN____1_SM_generator_lambdaQ2Pu
GEN____1_SM_generator_lambdafPu
GEN____1_SM_generator_omegaPu_value
GEN____1_SM_generator_theta
GEN____2_SM_generator_lambdaDPu
GEN____2_SM_generator_lambdaQ1Pu
GEN____2_SM_generator_lambdaQ2Pu
GEN____2_SM_generator_lambdafPu
GEN____2_SM_generator_omegaPu_value
GEN____2_SM_generator_theta
GEN____3_SM_generator_lambdaDPu
GEN____3_SM_generator_lambdaQ1Pu
GEN____3_SM_generator_lambdaQ2Pu
GEN____3_SM_generator_lambdafPu
GEN____3_SM_generator_omegaPu_value
GEN____3_SM_generator_theta
GEN____6_SM_generator_lambdaDPu
GEN____6_SM_generator_lambdaQ1Pu
GEN____6_SM_generator_lambdaQ2Pu
GEN____6_SM_generator_lambdafPu
GEN____6_SM_generator_omegaPu_value
GEN____6_SM_generator_theta
GEN____8_SM_generator_lambdaDPu
GEN____8_SM_generator_lambdaQ1Pu
GEN____8_SM_generator_lambdaQ2Pu
GEN____8_SM_generator_lambdafPu
GEN____8_SM_generator_omegaPu_value
GEN____8_SM_generator_theta
