2024-05-15 15:44:58 | INFO |  ============================================================ 
2024-05-15 15:44:58 | INFO | DYNAWO VERSION  :     1.7.0
2024-05-15 15:44:58 | INFO | DYNAWO REVISION :  3191_add_phase_tap_changer_tfo_OM_model-888b400411
2024-05-15 15:44:58 | INFO |  ============================================================ 
2024-05-15 15:44:58 | INFO | 
2024-05-15 15:44:58 | INFO | -----------------------------------------------------------------------
2024-05-15 15:44:58 | INFO | building model from input files
2024-05-15 15:44:58 | INFO | -----------------------------------------------------------------------
2024-05-15 15:44:58 | INFO | model was built successfully
2024-05-15 15:44:58 | INFO | -----------------------------------------------------------------------
2024-05-15 15:44:58 | INFO | 
2024-05-15 15:44:58 | INFO | -----------------------------------------------------------------------
2024-05-15 15:44:58 | INFO | starting local initialization
2024-05-15 15:44:58 | INFO | -----------------------------------------------------------------------
2024-05-15 15:44:58 | INFO | end of local initialization
2024-05-15 15:44:58 | INFO | -----------------------------------------------------------------------
2024-05-15 15:44:58 | INFO | 
2024-05-15 15:44:58 | INFO | -----------------------------------------------------------------------
2024-05-15 15:44:58 | INFO | starting global initialization
2024-05-15 15:44:58 | INFO | -----------------------------------------------------------------------
2024-05-15 15:44:58 | INFO | end of global initialization
2024-05-15 15:44:58 | INFO | -----------------------------------------------------------------------
2024-05-15 15:44:58 | INFO | 
2024-05-15 15:44:58 | INFO | -----------------------------------------------------------------------
2024-05-15 15:44:58 | INFO | starting curve initialization
2024-05-15 15:44:58 | INFO | -----------------------------------------------------------------------
2024-05-15 15:44:58 | INFO | end of curve initialization, added 10 curves
2024-05-15 15:44:58 | INFO | -----------------------------------------------------------------------
2024-05-15 15:44:58 | INFO | 
2024-05-15 15:44:58 | INFO | -----------------------------------------------------------------------
2024-05-15 15:44:58 | INFO | starting simulation with solver IDASolver
2024-05-15 15:44:58 | INFO | -----------------------------------------------------------------------
2024-05-15 15:44:58 | INFO | -----------------------------------------------------------------------
2024-05-15 15:44:58 | INFO | number of continuous variables : 451
2024-05-15 15:44:58 | INFO | number of discrete variables : 263
2024-05-15 15:44:58 | INFO | number of root functions : 248
2024-05-15 15:44:58 | INFO | -----------------------------------------------------------------------
2024-05-15 15:44:58 | INFO |         time | iter num   order (k)      time step (h)
2024-05-15 15:44:58 | INFO | -----------------------------------------------------------------------
2024-05-15 15:44:58 | INFO |        0.000 |        0           0              0.100 
2024-05-15 15:44:58 | INFO |        0.000 |        1           1              0.000 
2024-05-15 15:44:58 | INFO |        0.000 |        2           1              0.000 
2024-05-15 15:44:58 | INFO |        0.000 |        3           2              0.000 
2024-05-15 15:44:58 | INFO |        0.000 |        4           2              0.000 
2024-05-15 15:44:58 | INFO |        0.000 |        5           2              0.000 
2024-05-15 15:44:58 | INFO |        0.000 |        6           2              0.000 
2024-05-15 15:44:58 | INFO |        0.000 |        7           2              0.000 
2024-05-15 15:44:58 | INFO |        0.000 |        8           2              0.000 
2024-05-15 15:44:58 | INFO |        0.000 |        9           2              0.000 
2024-05-15 15:44:58 | INFO |        0.001 |       10           2              0.000 
2024-05-15 15:44:58 | INFO |        0.001 |       11           2              0.001 
2024-05-15 15:44:58 | INFO |        0.002 |       12           2              0.001 
2024-05-15 15:44:58 | INFO |        0.004 |       13           2              0.002 
2024-05-15 15:44:58 | INFO |        0.008 |       14           2              0.004 
2024-05-15 15:44:58 | INFO |        0.016 |       15           2              0.008 
2024-05-15 15:44:58 | INFO | Algebraic mode change at t = 0.0270473
2024-05-15 15:44:58 | INFO |        0.027 |       16           2              0.016 
2024-05-15 15:44:58 | INFO | calculation of the new starting point of the simulation.
2024-05-15 15:44:58 | INFO |        0.027 |        0           0              0.000 
2024-05-15 15:44:58 | INFO |        0.027 |        1           1              0.000 
2024-05-15 15:44:58 | INFO |        0.027 |        2           1              0.000 
2024-05-15 15:44:58 | INFO |        0.027 |        3           2              0.000 
2024-05-15 15:44:58 | INFO |        0.027 |        4           2              0.000 
2024-05-15 15:44:58 | INFO |        0.027 |        5           2              0.000 
2024-05-15 15:44:58 | INFO |        0.027 |        6           2              0.000 
2024-05-15 15:44:58 | INFO |        0.027 |        7           2              0.000 
2024-05-15 15:44:58 | INFO |        0.027 |        8           2              0.000 
2024-05-15 15:44:58 | INFO |        0.027 |        9           2              0.000 
2024-05-15 15:44:58 | INFO |        0.028 |       10           2              0.000 
2024-05-15 15:44:58 | INFO |        0.028 |       11           2              0.001 
2024-05-15 15:44:58 | INFO |        0.029 |       12           2              0.001 
2024-05-15 15:44:58 | INFO |        0.031 |       13           2              0.002 
2024-05-15 15:44:58 | INFO |        0.031 |       13           2              0.002 
2024-05-15 15:44:58 | INFO |        0.031 |       13           2              0.002 
2024-05-15 15:44:58 | INFO |        0.035 |       14           2              0.004 
2024-05-15 15:44:58 | INFO |        0.043 |       15           2              0.008 
2024-05-15 15:44:58 | INFO | Algebraic mode change at t = 0.0528381
2024-05-15 15:44:58 | INFO |        0.053 |       16           2              0.016 
2024-05-15 15:44:58 | INFO | calculation of the new starting point of the simulation.
2024-05-15 15:44:58 | INFO |        0.053 |        0           0              0.000 
2024-05-15 15:44:58 | INFO |        0.053 |        1           1              0.000 
2024-05-15 15:44:58 | INFO |        0.053 |        2           1              0.000 
2024-05-15 15:44:58 | INFO |        0.053 |        3           2              0.000 
2024-05-15 15:44:58 | INFO |        0.053 |        4           2              0.000 
2024-05-15 15:44:58 | INFO |        0.053 |        5           2              0.000 
2024-05-15 15:44:58 | INFO |        0.053 |        6           2              0.000 
2024-05-15 15:44:58 | INFO |        0.053 |        7           2              0.000 
2024-05-15 15:44:58 | INFO |        0.053 |        8           2              0.000 
2024-05-15 15:44:58 | INFO |        0.053 |        9           2              0.000 
2024-05-15 15:44:58 | INFO |        0.053 |       10           2              0.000 
2024-05-15 15:44:58 | INFO |        0.054 |       11           2              0.001 
2024-05-15 15:44:58 | INFO |        0.055 |       12           2              0.001 
2024-05-15 15:44:58 | INFO |        0.057 |       13           2              0.002 
2024-05-15 15:44:58 | INFO |        0.061 |       14           2              0.004 
2024-05-15 15:44:58 | INFO |        0.069 |       15           2              0.008 
2024-05-15 15:44:58 | INFO |        0.086 |       16           2              0.016 
2024-05-15 15:44:58 | INFO |        0.118 |       17           2              0.033 
2024-05-15 15:44:58 | INFO |        0.184 |       18           2              0.066 
2024-05-15 15:44:58 | INFO | Algebraic mode change at t = 0.294684
2024-05-15 15:44:58 | INFO |        0.295 |       19           2              0.131 
2024-05-15 15:44:58 | INFO | calculation of the new starting point of the simulation.
2024-05-15 15:44:58 | INFO |        0.295 |        0           0              0.000 
2024-05-15 15:44:58 | INFO |        0.295 |        1           1              0.000 
2024-05-15 15:44:58 | INFO |        0.295 |        2           1              0.000 
2024-05-15 15:44:58 | INFO |        0.295 |        3           2              0.000 
2024-05-15 15:44:58 | INFO |        0.295 |        4           2              0.000 
2024-05-15 15:44:58 | INFO |        0.295 |        5           2              0.000 
2024-05-15 15:44:58 | INFO |        0.295 |        6           2              0.000 
2024-05-15 15:44:58 | INFO |        0.295 |        7           2              0.000 
2024-05-15 15:44:58 | INFO |        0.295 |        8           2              0.000 
2024-05-15 15:44:58 | INFO |        0.295 |        9           2              0.000 
2024-05-15 15:44:58 | INFO |        0.295 |       10           2              0.000 
2024-05-15 15:44:58 | INFO |        0.296 |       11           2              0.001 
2024-05-15 15:44:58 | INFO |        0.297 |       12           2              0.001 
2024-05-15 15:44:58 | INFO |        0.299 |       13           2              0.002 
2024-05-15 15:44:58 | INFO |        0.303 |       14           2              0.004 
2024-05-15 15:44:58 | INFO |        0.311 |       15           2              0.008 
2024-05-15 15:44:58 | INFO |        0.327 |       16           2              0.016 
2024-05-15 15:44:58 | INFO |        0.348 |       17           2              0.033 
2024-05-15 15:44:58 | INFO |        0.348 |       17           2              0.033 
2024-05-15 15:44:58 | INFO |        0.360 |       17           2              0.033 
2024-05-15 15:44:58 | INFO |        0.426 |       18           2              0.066 
2024-05-15 15:44:58 | INFO |        0.557 |       19           2              0.131 
2024-05-15 15:44:58 | INFO | Algebraic mode change at t = 0.793986
2024-05-15 15:44:58 | INFO |        0.794 |       20           2              0.262 
2024-05-15 15:44:58 | INFO | calculation of the new starting point of the simulation.
2024-05-15 15:44:58 | INFO |        0.794 |        0           0              0.000 
2024-05-15 15:44:58 | INFO |        0.794 |        1           1              0.000 
2024-05-15 15:44:58 | INFO |        0.794 |        2           1              0.000 
2024-05-15 15:44:58 | INFO |        0.794 |        3           2              0.000 
2024-05-15 15:44:58 | INFO |        0.794 |        4           2              0.000 
2024-05-15 15:44:58 | INFO |        0.794 |        5           2              0.000 
2024-05-15 15:44:58 | INFO |        0.794 |        6           2              0.000 
2024-05-15 15:44:58 | INFO |        0.794 |        7           2              0.000 
2024-05-15 15:44:58 | INFO |        0.794 |        8           2              0.000 
2024-05-15 15:44:58 | INFO |        0.794 |        9           2              0.000 
2024-05-15 15:44:58 | INFO |        0.794 |       10           2              0.000 
2024-05-15 15:44:58 | INFO |        0.795 |       11           2              0.001 
2024-05-15 15:44:58 | INFO |        0.796 |       12           2              0.001 
2024-05-15 15:44:58 | INFO |        0.798 |       13           2              0.002 
2024-05-15 15:44:58 | INFO |        0.802 |       14           2              0.004 
2024-05-15 15:44:58 | INFO |        0.810 |       15           2              0.008 
2024-05-15 15:44:58 | INFO |        0.827 |       16           2              0.016 
2024-05-15 15:44:58 | INFO |        0.829 |       17           2              0.033 
2024-05-15 15:44:58 | INFO |        0.829 |       17           2              0.033 
2024-05-15 15:44:58 | INFO |        0.835 |       17           2              0.033 
2024-05-15 15:44:58 | INFO |        0.835 |       17           2              0.033 
2024-05-15 15:44:58 | INFO |        0.860 |       17           2              0.033 
2024-05-15 15:44:58 | INFO | Algebraic mode change at t = 0.882339
2024-05-15 15:44:58 | INFO |        0.882 |       18           2              0.066 
2024-05-15 15:44:58 | INFO | calculation of the new starting point of the simulation.
2024-05-15 15:44:58 | INFO |        0.882 |        0           0              0.000 
2024-05-15 15:44:58 | INFO |        0.882 |        1           1              0.000 
2024-05-15 15:44:58 | INFO |        0.882 |        2           1              0.000 
2024-05-15 15:44:58 | INFO |        0.882 |        3           2              0.000 
2024-05-15 15:44:58 | INFO |        0.882 |        4           2              0.000 
2024-05-15 15:44:58 | INFO |        0.882 |        5           2              0.000 
2024-05-15 15:44:58 | INFO |        0.882 |        6           2              0.000 
2024-05-15 15:44:58 | INFO |        0.882 |        7           2              0.000 
2024-05-15 15:44:58 | INFO |        0.882 |        8           2              0.000 
2024-05-15 15:44:58 | INFO |        0.883 |        9           2              0.000 
2024-05-15 15:44:58 | INFO |        0.883 |       10           2              0.000 
2024-05-15 15:44:58 | INFO |        0.883 |       11           2              0.001 
2024-05-15 15:44:58 | INFO |        0.884 |       12           2              0.001 
2024-05-15 15:44:58 | INFO |        0.886 |       13           2              0.002 
2024-05-15 15:44:58 | INFO |        0.891 |       14           2              0.004 
2024-05-15 15:44:58 | INFO |        0.899 |       15           2              0.008 
2024-05-15 15:44:58 | INFO |        0.915 |       16           2              0.016 
2024-05-15 15:44:58 | INFO |        0.948 |       17           2              0.033 
2024-05-15 15:44:58 | INFO |        1.013 |       18           2              0.066 
2024-05-15 15:44:58 | INFO |        1.144 |       19           2              0.131 
2024-05-15 15:44:58 | INFO |        1.407 |       20           2              0.262 
2024-05-15 15:44:58 | INFO | Algebraic mode change at t = 1.77349
2024-05-15 15:44:58 | INFO |        1.773 |       21           1              0.524 
2024-05-15 15:44:58 | INFO | calculation of the new starting point of the simulation.
2024-05-15 15:44:58 | INFO |        1.773 |        0           0              0.000 
2024-05-15 15:44:58 | INFO |        1.773 |        1           1              0.000 
2024-05-15 15:44:58 | INFO |        1.773 |        2           1              0.000 
2024-05-15 15:44:58 | INFO |        1.773 |        3           2              0.000 
2024-05-15 15:44:58 | INFO |        1.773 |        4           2              0.000 
2024-05-15 15:44:58 | INFO |        1.774 |        5           2              0.000 
2024-05-15 15:44:58 | INFO |        1.774 |        6           2              0.000 
2024-05-15 15:44:58 | INFO |        1.774 |        7           2              0.000 
2024-05-15 15:44:58 | INFO |        1.774 |        8           2              0.000 
2024-05-15 15:44:58 | INFO |        1.774 |        9           2              0.000 
2024-05-15 15:44:58 | INFO |        1.774 |       10           2              0.000 
2024-05-15 15:44:58 | INFO |        1.775 |       11           2              0.001 
2024-05-15 15:44:58 | INFO |        1.776 |       12           2              0.001 
2024-05-15 15:44:58 | INFO |        1.778 |       13           2              0.002 
2024-05-15 15:44:58 | INFO |        1.782 |       14           2              0.004 
2024-05-15 15:44:58 | INFO |        1.790 |       15           2              0.008 
2024-05-15 15:44:58 | INFO |        1.806 |       16           2              0.016 
2024-05-15 15:44:58 | INFO |        1.839 |       17           2              0.033 
2024-05-15 15:44:58 | INFO |        1.905 |       18           2              0.066 
2024-05-15 15:44:58 | INFO |        1.906 |       19           2              0.131 
2024-05-15 15:44:58 | INFO |        1.906 |       19           2              0.131 
2024-05-15 15:44:58 | INFO |        2.036 |       19           2              0.131 
2024-05-15 15:44:58 | INFO |        2.184 |       20           2              0.262 
2024-05-15 15:44:58 | INFO |        2.184 |       20           2              0.262 
2024-05-15 15:44:58 | INFO |        2.298 |       20           2              0.262 
2024-05-15 15:44:58 | INFO |        2.338 |       21           2              0.524 
2024-05-15 15:44:58 | INFO |        2.338 |       21           2              0.524 
2024-05-15 15:44:58 | INFO |        2.758 |       21           2              0.524 
2024-05-15 15:44:58 | INFO |        2.758 |       21           2              0.524 
2024-05-15 15:44:58 | INFO |        2.822 |       21           2              0.524 
2024-05-15 15:44:58 | INFO |        3.871 |       22           1              1.049 
2024-05-15 15:44:58 | INFO |        5.355 |       23           1              2.097 
2024-05-15 15:44:58 | INFO |        5.355 |       23           1              2.097 
2024-05-15 15:44:58 | INFO |        5.968 |       23           1              2.097 
2024-05-15 15:44:58 | INFO |       10.162 |       24           1              4.194 
2024-05-15 15:44:58 | INFO |       18.551 |       25           1              8.389 
2024-05-15 15:44:58 | INFO | state of Line _BUS____9-BUS___10-1_AC change from 2 to 3
2024-05-15 15:44:58 | INFO | Algebraic mode (with J recalculation) change at t = 20
2024-05-15 15:44:58 | INFO |       20.000 |       26           1             10.000 
2024-05-15 15:44:58 | INFO | calculation of the new starting point of the simulation.
2024-05-15 15:44:58 | INFO |       20.000 |        0           0              0.000 
2024-05-15 15:44:58 | INFO |       20.000 |        1           1              0.000 
2024-05-15 15:44:58 | INFO |       20.000 |        2           1              0.000 
2024-05-15 15:44:58 | INFO |       20.000 |        3           2              0.000 
2024-05-15 15:44:58 | INFO |       20.000 |        4           2              0.000 
2024-05-15 15:44:58 | INFO |       20.000 |        5           2              0.000 
2024-05-15 15:44:58 | INFO |       20.000 |        6           2              0.000 
2024-05-15 15:44:58 | INFO |       20.000 |        7           2              0.000 
2024-05-15 15:44:58 | INFO |       20.000 |        7           2              0.000 
2024-05-15 15:44:58 | INFO |       20.000 |        7           2              0.000 
2024-05-15 15:44:58 | INFO |       20.000 |        8           2              0.000 
2024-05-15 15:44:58 | INFO | Algebraic mode change at t = 20.0002
2024-05-15 15:44:58 | INFO |       20.000 |        9           2              0.000 
2024-05-15 15:44:58 | INFO | calculation of the new starting point of the simulation.
2024-05-15 15:44:58 | INFO |       20.000 |        0           0              0.000 
2024-05-15 15:44:58 | INFO |       20.000 |        1           1              0.000 
2024-05-15 15:44:58 | INFO |       20.000 |        2           1              0.000 
2024-05-15 15:44:58 | INFO |       20.000 |        3           2              0.000 
2024-05-15 15:44:58 | INFO |       20.000 |        4           2              0.000 
2024-05-15 15:44:58 | INFO |       20.000 |        5           2              0.000 
2024-05-15 15:44:58 | INFO |       20.000 |        6           2              0.000 
2024-05-15 15:44:58 | INFO |       20.000 |        7           2              0.000 
2024-05-15 15:44:58 | INFO |       20.000 |        8           2              0.000 
2024-05-15 15:44:58 | INFO |       20.000 |        9           2              0.000 
2024-05-15 15:44:58 | INFO |       20.001 |       10           2              0.000 
2024-05-15 15:44:58 | INFO |       20.001 |       11           2              0.001 
2024-05-15 15:44:58 | INFO |       20.002 |       12           2              0.001 
2024-05-15 15:44:58 | INFO |       20.004 |       13           2              0.002 
2024-05-15 15:44:58 | INFO |       20.008 |       14           2              0.004 
2024-05-15 15:44:58 | INFO |       20.009 |       15           2              0.008 
2024-05-15 15:44:58 | INFO |       20.009 |       15           2              0.008 
2024-05-15 15:44:58 | INFO | Algebraic mode change at t = 20.0129
2024-05-15 15:44:58 | INFO |       20.013 |       15           2              0.008 
2024-05-15 15:44:58 | INFO | calculation of the new starting point of the simulation.
2024-05-15 15:44:58 | INFO |       20.013 |        0           0              0.000 
2024-05-15 15:44:58 | INFO |       20.013 |        1           1              0.000 
2024-05-15 15:44:58 | INFO |       20.013 |        2           1              0.000 
2024-05-15 15:44:58 | INFO |       20.013 |        3           2              0.000 
2024-05-15 15:44:58 | INFO |       20.013 |        4           2              0.000 
2024-05-15 15:44:58 | INFO |       20.013 |        5           2              0.000 
2024-05-15 15:44:58 | INFO |       20.013 |        6           2              0.000 
2024-05-15 15:44:58 | INFO |       20.013 |        7           2              0.000 
2024-05-15 15:44:58 | INFO |       20.013 |        8           2              0.000 
2024-05-15 15:44:58 | INFO |       20.013 |        9           2              0.000 
2024-05-15 15:44:58 | INFO |       20.013 |       10           2              0.000 
2024-05-15 15:44:58 | INFO |       20.014 |       11           2              0.001 
2024-05-15 15:44:58 | INFO |       20.015 |       12           2              0.001 
2024-05-15 15:44:58 | INFO |       20.017 |       13           2              0.002 
2024-05-15 15:44:58 | INFO |       20.021 |       14           2              0.004 
2024-05-15 15:44:58 | INFO |       20.029 |       15           2              0.008 
2024-05-15 15:44:58 | INFO |       20.046 |       16           2              0.016 
2024-05-15 15:44:58 | INFO |       20.078 |       17           2              0.033 
2024-05-15 15:44:58 | INFO |       20.111 |       18           2              0.033 
2024-05-15 15:44:58 | INFO |       20.144 |       19           2              0.033 
2024-05-15 15:44:58 | INFO |       20.209 |       20           2              0.066 
2024-05-15 15:44:58 | INFO |       20.285 |       21           1              0.075 
2024-05-15 15:44:58 | INFO |       20.360 |       22           1              0.075 
2024-05-15 15:44:58 | INFO |       20.420 |       23           1              0.075 
2024-05-15 15:44:58 | INFO |       20.420 |       23           1              0.075 
2024-05-15 15:44:58 | INFO | Algebraic mode change at t = 20.4205
2024-05-15 15:44:58 | INFO |       20.420 |       23           1              0.075 
2024-05-15 15:44:58 | INFO | calculation of the new starting point of the simulation.
2024-05-15 15:44:58 | INFO |       20.420 |        0           0              0.000 
2024-05-15 15:44:58 | INFO |       20.420 |        1           1              0.000 
2024-05-15 15:44:58 | INFO |       20.420 |        2           1              0.000 
2024-05-15 15:44:58 | INFO |       20.420 |        3           2              0.000 
2024-05-15 15:44:58 | INFO |       20.420 |        4           2              0.000 
2024-05-15 15:44:58 | INFO |       20.420 |        5           2              0.000 
2024-05-15 15:44:58 | INFO |       20.421 |        6           2              0.000 
2024-05-15 15:44:58 | INFO |       20.421 |        7           2              0.000 
2024-05-15 15:44:58 | INFO |       20.421 |        8           2              0.000 
2024-05-15 15:44:58 | INFO |       20.421 |        9           2              0.000 
2024-05-15 15:44:58 | INFO |       20.421 |       10           2              0.000 
2024-05-15 15:44:58 | INFO |       20.421 |       11           2              0.001 
2024-05-15 15:44:58 | INFO |       20.423 |       12           2              0.001 
2024-05-15 15:44:58 | INFO |       20.425 |       13           2              0.002 
2024-05-15 15:44:58 | INFO |       20.429 |       14           2              0.004 
2024-05-15 15:44:58 | INFO |       20.437 |       15           2              0.008 
2024-05-15 15:44:58 | INFO |       20.453 |       16           2              0.016 
2024-05-15 15:44:58 | INFO | Algebraic mode change at t = 20.4683
2024-05-15 15:44:58 | INFO |       20.468 |       17           2              0.033 
2024-05-15 15:44:58 | INFO | calculation of the new starting point of the simulation.
2024-05-15 15:44:58 | INFO |       20.468 |        0           0              0.000 
2024-05-15 15:44:58 | INFO |       20.468 |        1           1              0.000 
2024-05-15 15:44:58 | INFO |       20.468 |        2           1              0.000 
2024-05-15 15:44:58 | INFO |       20.468 |        3           2              0.000 
2024-05-15 15:44:58 | INFO |       20.468 |        4           2              0.000 
2024-05-15 15:44:58 | INFO |       20.468 |        5           2              0.000 
2024-05-15 15:44:58 | INFO |       20.468 |        6           2              0.000 
2024-05-15 15:44:58 | INFO |       20.468 |        7           2              0.000 
2024-05-15 15:44:58 | INFO |       20.468 |        8           2              0.000 
2024-05-15 15:44:58 | INFO |       20.469 |        9           2              0.000 
2024-05-15 15:44:58 | INFO |       20.469 |        9           2              0.000 
2024-05-15 15:44:58 | INFO |       20.469 |        9           2              0.000 
2024-05-15 15:44:58 | INFO |       20.469 |       10           2              0.000 
2024-05-15 15:44:58 | INFO |       20.469 |       11           2              0.001 
2024-05-15 15:44:58 | INFO |       20.470 |       12           2              0.001 
2024-05-15 15:44:58 | INFO |       20.472 |       13           2              0.002 
2024-05-15 15:44:58 | INFO |       20.477 |       14           2              0.004 
2024-05-15 15:44:58 | INFO |       20.485 |       15           2              0.008 
2024-05-15 15:44:58 | INFO |       20.501 |       16           2              0.016 
2024-05-15 15:44:58 | INFO |       20.534 |       17           2              0.033 
2024-05-15 15:44:58 | INFO |       20.599 |       18           2              0.066 
2024-05-15 15:44:58 | INFO |       20.665 |       19           2              0.066 
2024-05-15 15:44:58 | INFO | Algebraic mode change at t = 20.7137
2024-05-15 15:44:58 | INFO |       20.714 |       20           2              0.131 
2024-05-15 15:44:58 | INFO | calculation of the new starting point of the simulation.
2024-05-15 15:44:58 | INFO |       20.714 |        0           0              0.000 
2024-05-15 15:44:58 | INFO |       20.714 |        1           1              0.000 
2024-05-15 15:44:58 | INFO |       20.714 |        2           1              0.000 
2024-05-15 15:44:58 | INFO |       20.714 |        3           2              0.000 
2024-05-15 15:44:58 | INFO |       20.714 |        4           2              0.000 
2024-05-15 15:44:58 | INFO |       20.714 |        5           2              0.000 
2024-05-15 15:44:58 | INFO |       20.714 |        6           2              0.000 
2024-05-15 15:44:58 | INFO |       20.714 |        7           2              0.000 
2024-05-15 15:44:58 | INFO |       20.714 |        8           2              0.000 
2024-05-15 15:44:58 | INFO |       20.714 |        9           2              0.000 
2024-05-15 15:44:58 | INFO |       20.714 |       10           2              0.000 
2024-05-15 15:44:58 | INFO |       20.715 |       11           2              0.001 
2024-05-15 15:44:58 | INFO |       20.716 |       12           2              0.001 
2024-05-15 15:44:58 | INFO |       20.718 |       13           2              0.002 
2024-05-15 15:44:58 | INFO |       20.722 |       14           2              0.004 
2024-05-15 15:44:58 | INFO |       20.730 |       15           2              0.008 
2024-05-15 15:44:58 | INFO |       20.730 |       16           2              0.016 
2024-05-15 15:44:58 | INFO |       20.730 |       16           2              0.016 
2024-05-15 15:44:58 | INFO |       20.746 |       16           2              0.016 
2024-05-15 15:44:58 | INFO | Algebraic mode change at t = 20.7504
2024-05-15 15:44:58 | INFO |       20.750 |       17           2              0.033 
2024-05-15 15:44:58 | INFO | calculation of the new starting point of the simulation.
2024-05-15 15:44:58 | INFO |       20.750 |        0           0              0.000 
2024-05-15 15:44:58 | INFO |       20.750 |        1           1              0.000 
2024-05-15 15:44:58 | INFO |       20.750 |        2           1              0.000 
2024-05-15 15:44:58 | INFO |       20.750 |        3           2              0.000 
2024-05-15 15:44:58 | INFO |       20.750 |        4           2              0.000 
2024-05-15 15:44:58 | INFO |       20.750 |        5           2              0.000 
2024-05-15 15:44:58 | INFO |       20.750 |        6           2              0.000 
2024-05-15 15:44:58 | INFO |       20.750 |        7           2              0.000 
2024-05-15 15:44:58 | INFO |       20.751 |        8           2              0.000 
2024-05-15 15:44:58 | INFO |       20.751 |        8           2              0.000 
2024-05-15 15:44:58 | INFO |       20.751 |        8           2              0.000 
2024-05-15 15:44:58 | INFO |       20.751 |        9           2              0.000 
2024-05-15 15:44:58 | INFO |       20.751 |       10           2              0.000 
2024-05-15 15:44:58 | INFO |       20.751 |       11           2              0.001 
2024-05-15 15:44:58 | INFO |       20.752 |       12           2              0.001 
2024-05-15 15:44:58 | INFO |       20.754 |       13           2              0.002 
2024-05-15 15:44:58 | INFO |       20.759 |       14           2              0.004 
2024-05-15 15:44:58 | INFO |       20.767 |       15           2              0.008 
2024-05-15 15:44:58 | INFO |       20.783 |       16           2              0.016 
2024-05-15 15:44:58 | INFO |       20.816 |       17           2              0.033 
2024-05-15 15:44:58 | INFO |       20.881 |       18           2              0.066 
2024-05-15 15:44:58 | INFO |       20.978 |       19           2              0.131 
2024-05-15 15:44:58 | INFO |       20.978 |       19           2              0.131 
2024-05-15 15:44:58 | INFO | Algebraic mode change at t = 20.9789
2024-05-15 15:44:58 | INFO |       20.979 |       19           2              0.131 
2024-05-15 15:44:58 | INFO | calculation of the new starting point of the simulation.
2024-05-15 15:44:58 | INFO |       20.979 |        0           0              0.000 
2024-05-15 15:44:58 | INFO |       20.979 |        1           1              0.000 
2024-05-15 15:44:58 | INFO |       20.979 |        2           1              0.000 
2024-05-15 15:44:58 | INFO |       20.979 |        3           2              0.000 
2024-05-15 15:44:58 | INFO |       20.979 |        4           2              0.000 
2024-05-15 15:44:58 | INFO |       20.979 |        5           2              0.000 
2024-05-15 15:44:58 | INFO |       20.979 |        6           2              0.000 
2024-05-15 15:44:58 | INFO |       20.979 |        7           2              0.000 
2024-05-15 15:44:58 | INFO |       20.979 |        8           2              0.000 
2024-05-15 15:44:58 | INFO |       20.979 |        9           2              0.000 
2024-05-15 15:44:58 | INFO |       20.979 |       10           2              0.000 
2024-05-15 15:44:58 | INFO |       20.980 |       11           2              0.001 
2024-05-15 15:44:58 | INFO |       20.981 |       12           2              0.001 
2024-05-15 15:44:58 | INFO |       20.983 |       13           2              0.002 
2024-05-15 15:44:58 | INFO |       20.987 |       14           2              0.004 
2024-05-15 15:44:58 | INFO |       20.995 |       15           2              0.008 
2024-05-15 15:44:58 | INFO |       21.012 |       16           2              0.016 
2024-05-15 15:44:58 | INFO |       21.044 |       17           2              0.033 
2024-05-15 15:44:58 | INFO |       21.110 |       18           2              0.066 
2024-05-15 15:44:58 | INFO |       21.176 |       19           2              0.066 
2024-05-15 15:44:58 | INFO |       21.227 |       20           2              0.131 
2024-05-15 15:44:58 | INFO |       21.227 |       20           2              0.131 
2024-05-15 15:44:58 | INFO | Algebraic mode change at t = 21.2275
2024-05-15 15:44:58 | INFO |       21.227 |       20           2              0.131 
2024-05-15 15:44:58 | INFO | calculation of the new starting point of the simulation.
2024-05-15 15:44:58 | INFO |       21.227 |        0           0              0.000 
2024-05-15 15:44:58 | INFO |       21.227 |        1           1              0.000 
2024-05-15 15:44:58 | INFO |       21.227 |        2           1              0.000 
2024-05-15 15:44:58 | INFO |       21.227 |        3           2              0.000 
2024-05-15 15:44:58 | INFO |       21.227 |        4           2              0.000 
2024-05-15 15:44:58 | INFO |       21.227 |        5           2              0.000 
2024-05-15 15:44:58 | INFO |       21.228 |        6           2              0.000 
2024-05-15 15:44:58 | INFO |       21.228 |        7           2              0.000 
2024-05-15 15:44:58 | INFO |       21.228 |        8           2              0.000 
2024-05-15 15:44:58 | INFO |       21.228 |        9           2              0.000 
2024-05-15 15:44:58 | INFO |       21.228 |       10           2              0.000 
2024-05-15 15:44:58 | INFO |       21.229 |       11           2              0.001 
2024-05-15 15:44:58 | INFO |       21.230 |       12           2              0.001 
2024-05-15 15:44:58 | INFO |       21.232 |       13           2              0.002 
2024-05-15 15:44:58 | INFO |       21.236 |       14           2              0.004 
2024-05-15 15:44:58 | INFO |       21.244 |       15           2              0.008 
2024-05-15 15:44:58 | INFO |       21.260 |       16           2              0.016 
2024-05-15 15:44:58 | INFO |       21.293 |       17           2              0.033 
2024-05-15 15:44:58 | INFO |       21.359 |       18           2              0.066 
2024-05-15 15:44:58 | INFO |       21.424 |       19           2              0.066 
2024-05-15 15:44:58 | INFO | Algebraic mode change at t = 21.4781
2024-05-15 15:44:58 | INFO |       21.478 |       20           2              0.131 
2024-05-15 15:44:58 | INFO | calculation of the new starting point of the simulation.
2024-05-15 15:44:58 | INFO |       21.478 |        0           0              0.000 
2024-05-15 15:44:58 | INFO |       21.478 |        1           1              0.000 
2024-05-15 15:44:58 | INFO |       21.478 |        2           1              0.000 
2024-05-15 15:44:58 | INFO |       21.478 |        3           2              0.000 
2024-05-15 15:44:58 | INFO |       21.478 |        4           2              0.000 
2024-05-15 15:44:58 | INFO |       21.478 |        5           2              0.000 
2024-05-15 15:44:58 | INFO |       21.478 |        6           2              0.000 
2024-05-15 15:44:58 | INFO |       21.478 |        7           2              0.000 
2024-05-15 15:44:58 | INFO |       21.478 |        8           2              0.000 
2024-05-15 15:44:58 | INFO |       21.478 |        9           2              0.000 
2024-05-15 15:44:58 | INFO |       21.479 |       10           2              0.000 
2024-05-15 15:44:58 | INFO |       21.479 |       11           2              0.001 
2024-05-15 15:44:58 | INFO |       21.479 |       11           2              0.001 
2024-05-15 15:44:58 | INFO |       21.479 |       11           2              0.001 
2024-05-15 15:44:58 | INFO |       21.480 |       12           2              0.001 
2024-05-15 15:44:58 | INFO |       21.482 |       13           2              0.002 
2024-05-15 15:44:58 | INFO |       21.486 |       14           2              0.004 
2024-05-15 15:44:58 | INFO |       21.494 |       15           2              0.008 
2024-05-15 15:44:58 | INFO |       21.511 |       16           2              0.016 
2024-05-15 15:44:58 | INFO |       21.544 |       17           2              0.033 
2024-05-15 15:44:58 | INFO | Algebraic mode change at t = 21.5531
2024-05-15 15:44:58 | INFO |       21.553 |       18           2              0.066 
2024-05-15 15:44:58 | INFO | calculation of the new starting point of the simulation.
2024-05-15 15:44:58 | INFO |       21.553 |        0           0              0.000 
2024-05-15 15:44:58 | INFO |       21.553 |        1           1              0.000 
2024-05-15 15:44:58 | INFO |       21.553 |        2           1              0.000 
2024-05-15 15:44:58 | INFO |       21.553 |        3           2              0.000 
2024-05-15 15:44:58 | INFO |       21.553 |        4           2              0.000 
2024-05-15 15:44:58 | INFO |       21.553 |        5           2              0.000 
2024-05-15 15:44:58 | INFO |       21.553 |        6           2              0.000 
2024-05-15 15:44:58 | INFO |       21.553 |        7           2              0.000 
2024-05-15 15:44:58 | INFO |       21.553 |        8           2              0.000 
2024-05-15 15:44:58 | INFO |       21.553 |        9           2              0.000 
2024-05-15 15:44:58 | INFO |       21.553 |        9           2              0.000 
2024-05-15 15:44:58 | INFO |       21.553 |        9           2              0.000 
2024-05-15 15:44:58 | INFO |       21.554 |       10           2              0.000 
2024-05-15 15:44:58 | INFO |       21.554 |       11           2              0.001 
2024-05-15 15:44:58 | INFO |       21.555 |       12           2              0.001 
2024-05-15 15:44:58 | INFO |       21.557 |       13           2              0.002 
2024-05-15 15:44:58 | INFO |       21.561 |       14           2              0.004 
2024-05-15 15:44:58 | INFO |       21.569 |       15           2              0.008 
2024-05-15 15:44:58 | INFO |       21.586 |       16           2              0.016 
2024-05-15 15:44:58 | INFO |       21.619 |       17           2              0.033 
2024-05-15 15:44:58 | INFO |       21.684 |       18           2              0.066 
2024-05-15 15:44:58 | INFO |       21.815 |       19           2              0.131 
2024-05-15 15:44:58 | INFO |       21.946 |       20           1              0.131 
2024-05-15 15:44:58 | INFO |       22.077 |       21           1              0.131 
2024-05-15 15:44:58 | INFO |       22.208 |       22           1              0.131 
2024-05-15 15:44:58 | INFO |       22.471 |       23           1              0.262 
2024-05-15 15:44:58 | INFO |       22.733 |       24           1              0.262 
2024-05-15 15:44:58 | INFO |       23.257 |       25           1              0.524 
2024-05-15 15:44:58 | INFO |       24.306 |       26           1              1.049 
2024-05-15 15:44:58 | INFO |       26.403 |       27           1              2.097 
2024-05-15 15:44:58 | INFO | Algebraic mode change at t = 30
2024-05-15 15:44:58 | INFO |       30.000 |       28           1              4.194 
2024-05-15 15:44:58 | INFO | calculation of the new starting point of the simulation.
2024-05-15 15:44:58 | INFO |       30.000 |        0           0              0.000 
2024-05-15 15:44:58 | INFO |       30.000 |        1           1              0.000 
2024-05-15 15:44:58 | INFO |       30.000 |        2           1              0.000 
2024-05-15 15:44:58 | INFO |       30.000 |        3           2              0.000 
2024-05-15 15:44:58 | INFO |       30.000 |        4           2              0.000 
2024-05-15 15:44:58 | INFO |       30.000 |        5           2              0.000 
2024-05-15 15:44:58 | INFO |       30.000 |        6           2              0.000 
2024-05-15 15:44:58 | INFO |       30.000 |        7           2              0.000 
2024-05-15 15:44:58 | INFO |       30.000 |        8           2              0.000 
2024-05-15 15:44:58 | INFO |       30.000 |        9           2              0.000 
2024-05-15 15:44:58 | INFO |       30.001 |       10           2              0.000 
2024-05-15 15:44:58 | INFO |       30.001 |       11           2              0.001 
2024-05-15 15:44:58 | INFO |       30.002 |       12           2              0.001 
2024-05-15 15:44:58 | INFO |       30.004 |       13           2              0.002 
2024-05-15 15:44:58 | INFO |       30.008 |       14           2              0.004 
2024-05-15 15:44:58 | INFO |       30.016 |       15           2              0.008 
2024-05-15 15:44:58 | INFO |       30.033 |       16           2              0.016 
2024-05-15 15:44:58 | INFO |       30.049 |       17           2              0.016 
2024-05-15 15:44:58 | INFO |       30.082 |       18           2              0.033 
2024-05-15 15:44:58 | INFO |       30.115 |       19           1              0.033 
2024-05-15 15:44:58 | INFO |       30.147 |       20           1              0.033 
2024-05-15 15:44:58 | INFO |       30.213 |       21           1              0.066 
2024-05-15 15:44:58 | INFO |       30.296 |       22           1              0.083 
2024-05-15 15:44:58 | INFO |       30.379 |       23           1              0.083 
2024-05-15 15:44:58 | INFO |       30.462 |       24           1              0.083 
2024-05-15 15:44:58 | INFO |       30.507 |       25           1              0.083 
2024-05-15 15:44:58 | INFO |       30.507 |       25           1              0.083 
2024-05-15 15:44:58 | INFO | Algebraic mode change at t = 30.5076
2024-05-15 15:44:58 | INFO |       30.508 |       25           1              0.083 
2024-05-15 15:44:58 | INFO | calculation of the new starting point of the simulation.
2024-05-15 15:44:58 | INFO |       30.508 |        0           0              0.000 
2024-05-15 15:44:58 | INFO |       30.508 |        1           1              0.000 
2024-05-15 15:44:58 | INFO |       30.508 |        2           1              0.000 
2024-05-15 15:44:58 | INFO |       30.508 |        3           2              0.000 
2024-05-15 15:44:58 | INFO |       30.508 |        4           2              0.000 
2024-05-15 15:44:58 | INFO |       30.508 |        5           2              0.000 
2024-05-15 15:44:58 | INFO |       30.508 |        6           2              0.000 
2024-05-15 15:44:58 | INFO |       30.508 |        7           2              0.000 
2024-05-15 15:44:58 | INFO |       30.508 |        8           2              0.000 
2024-05-15 15:44:58 | INFO |       30.508 |        9           2              0.000 
2024-05-15 15:44:58 | INFO |       30.508 |       10           2              0.000 
2024-05-15 15:44:58 | INFO |       30.509 |       11           2              0.001 
2024-05-15 15:44:58 | INFO |       30.510 |       12           2              0.001 
2024-05-15 15:44:58 | INFO |       30.512 |       13           2              0.002 
2024-05-15 15:44:58 | INFO |       30.516 |       14           2              0.004 
2024-05-15 15:44:58 | INFO |       30.524 |       15           2              0.008 
2024-05-15 15:44:58 | INFO |       30.540 |       16           2              0.016 
2024-05-15 15:44:58 | INFO |       30.573 |       17           2              0.033 
2024-05-15 15:44:58 | INFO |       30.639 |       18           2              0.066 
2024-05-15 15:44:58 | INFO |       30.766 |       19           2              0.131 
2024-05-15 15:44:58 | INFO |       30.766 |       19           2              0.131 
2024-05-15 15:44:58 | INFO | Algebraic mode change at t = 30.7676
2024-05-15 15:44:58 | INFO |       30.768 |       19           2              0.131 
2024-05-15 15:44:58 | INFO | calculation of the new starting point of the simulation.
2024-05-15 15:44:58 | INFO |       30.768 |        0           0              0.000 
2024-05-15 15:44:58 | INFO |       30.768 |        1           1              0.000 
2024-05-15 15:44:58 | INFO |       30.768 |        2           1              0.000 
2024-05-15 15:44:58 | INFO |       30.768 |        3           2              0.000 
2024-05-15 15:44:58 | INFO |       30.768 |        4           2              0.000 
2024-05-15 15:44:58 | INFO |       30.768 |        5           2              0.000 
2024-05-15 15:44:58 | INFO |       30.768 |        6           2              0.000 
2024-05-15 15:44:58 | INFO |       30.768 |        7           2              0.000 
2024-05-15 15:44:58 | INFO |       30.768 |        8           2              0.000 
2024-05-15 15:44:58 | INFO |       30.768 |        9           2              0.000 
2024-05-15 15:44:58 | INFO |       30.768 |       10           2              0.000 
2024-05-15 15:44:58 | INFO |       30.769 |       11           2              0.001 
2024-05-15 15:44:58 | INFO |       30.770 |       12           2              0.001 
2024-05-15 15:44:58 | INFO |       30.772 |       13           2              0.002 
2024-05-15 15:44:58 | INFO |       30.776 |       14           2              0.004 
2024-05-15 15:44:58 | INFO |       30.784 |       15           2              0.008 
2024-05-15 15:44:58 | INFO | Algebraic mode change at t = 30.7856
2024-05-15 15:44:58 | INFO |       30.786 |       16           2              0.016 
2024-05-15 15:44:58 | INFO | calculation of the new starting point of the simulation.
2024-05-15 15:44:58 | INFO |       30.786 |        0           0              0.000 
2024-05-15 15:44:58 | INFO |       30.786 |        1           1              0.000 
2024-05-15 15:44:58 | INFO |       30.786 |        2           1              0.000 
2024-05-15 15:44:58 | INFO |       30.786 |        3           2              0.000 
2024-05-15 15:44:58 | INFO |       30.786 |        4           2              0.000 
2024-05-15 15:44:58 | INFO |       30.786 |        5           2              0.000 
2024-05-15 15:44:58 | INFO |       30.786 |        6           2              0.000 
2024-05-15 15:44:58 | INFO |       30.786 |        7           2              0.000 
2024-05-15 15:44:58 | INFO |       30.786 |        8           2              0.000 
2024-05-15 15:44:58 | INFO |       30.786 |        9           2              0.000 
2024-05-15 15:44:58 | INFO |       30.786 |        9           2              0.000 
2024-05-15 15:44:58 | INFO |       30.786 |        9           2              0.000 
2024-05-15 15:44:58 | INFO |       30.786 |       10           2              0.000 
2024-05-15 15:44:58 | INFO |       30.787 |       11           2              0.001 
2024-05-15 15:44:58 | INFO |       30.788 |       12           2              0.001 
2024-05-15 15:44:58 | INFO |       30.790 |       13           2              0.002 
2024-05-15 15:44:58 | INFO |       30.794 |       14           2              0.004 
2024-05-15 15:44:58 | INFO |       30.802 |       15           2              0.008 
2024-05-15 15:44:58 | INFO |       30.818 |       16           2              0.016 
2024-05-15 15:44:58 | INFO |       30.851 |       17           2              0.033 
2024-05-15 15:44:58 | INFO |       30.917 |       18           2              0.066 
2024-05-15 15:44:58 | INFO |       31.048 |       19           2              0.131 
2024-05-15 15:44:58 | INFO | Algebraic mode change at t = 31.0527
2024-05-15 15:44:58 | INFO |       31.053 |       20           2              0.131 
2024-05-15 15:44:58 | INFO | calculation of the new starting point of the simulation.
2024-05-15 15:44:58 | INFO |       31.053 |        0           0              0.000 
2024-05-15 15:44:58 | INFO |       31.053 |        1           1              0.000 
2024-05-15 15:44:58 | INFO |       31.053 |        2           1              0.000 
2024-05-15 15:44:58 | INFO |       31.053 |        3           2              0.000 
2024-05-15 15:44:58 | INFO |       31.053 |        4           2              0.000 
2024-05-15 15:44:58 | INFO |       31.053 |        5           2              0.000 
2024-05-15 15:44:58 | INFO |       31.053 |        6           2              0.000 
2024-05-15 15:44:58 | INFO |       31.053 |        7           2              0.000 
2024-05-15 15:44:58 | INFO |       31.053 |        8           2              0.000 
2024-05-15 15:44:58 | INFO |       31.053 |        9           2              0.000 
2024-05-15 15:44:58 | INFO |       31.053 |       10           2              0.000 
2024-05-15 15:44:58 | INFO |       31.054 |       11           2              0.001 
2024-05-15 15:44:58 | INFO |       31.054 |       11           2              0.001 
2024-05-15 15:44:58 | INFO |       31.054 |       11           2              0.001 
2024-05-15 15:44:58 | INFO |       31.055 |       12           2              0.001 
2024-05-15 15:44:58 | INFO |       31.057 |       13           2              0.002 
2024-05-15 15:44:58 | INFO |       31.061 |       14           2              0.004 
2024-05-15 15:44:58 | INFO |       31.069 |       15           2              0.008 
2024-05-15 15:44:58 | INFO |       31.085 |       16           2              0.016 
2024-05-15 15:44:58 | INFO |       31.118 |       17           2              0.033 
2024-05-15 15:44:58 | INFO |       31.184 |       18           2              0.066 
2024-05-15 15:44:58 | INFO |       31.315 |       19           2              0.131 
2024-05-15 15:44:58 | INFO |       31.419 |       20           2              0.131 
2024-05-15 15:44:58 | INFO |       31.419 |       20           2              0.131 
2024-05-15 15:44:58 | INFO | Algebraic mode change at t = 31.4199
2024-05-15 15:44:58 | INFO |       31.420 |       20           2              0.131 
2024-05-15 15:44:58 | INFO | calculation of the new starting point of the simulation.
2024-05-15 15:44:58 | INFO |       31.420 |        0           0              0.000 
2024-05-15 15:44:58 | INFO |       31.420 |        1           1              0.000 
2024-05-15 15:44:58 | INFO |       31.420 |        2           1              0.000 
2024-05-15 15:44:58 | INFO |       31.420 |        3           2              0.000 
2024-05-15 15:44:58 | INFO |       31.420 |        4           2              0.000 
2024-05-15 15:44:58 | INFO |       31.420 |        5           2              0.000 
2024-05-15 15:44:58 | INFO |       31.420 |        6           2              0.000 
2024-05-15 15:44:58 | INFO |       31.420 |        7           2              0.000 
2024-05-15 15:44:58 | INFO |       31.420 |        8           2              0.000 
2024-05-15 15:44:58 | INFO |       31.420 |        9           2              0.000 
2024-05-15 15:44:58 | INFO |       31.420 |       10           2              0.000 
2024-05-15 15:44:58 | INFO |       31.421 |       11           2              0.001 
2024-05-15 15:44:58 | INFO |       31.422 |       12           2              0.001 
2024-05-15 15:44:58 | INFO |       31.424 |       13           2              0.002 
2024-05-15 15:44:58 | INFO |       31.428 |       14           2              0.004 
2024-05-15 15:44:58 | INFO |       31.436 |       15           2              0.008 
2024-05-15 15:44:58 | INFO |       31.453 |       16           2              0.016 
2024-05-15 15:44:58 | INFO |       31.485 |       17           2              0.033 
2024-05-15 15:44:58 | INFO |       31.551 |       18           2              0.066 
2024-05-15 15:44:58 | INFO | Algebraic mode change at t = 31.5551
2024-05-15 15:44:58 | INFO |       31.555 |       19           1              0.131 
2024-05-15 15:44:58 | INFO | calculation of the new starting point of the simulation.
2024-05-15 15:44:58 | INFO |       31.555 |        0           0              0.000 
2024-05-15 15:44:58 | INFO |       31.555 |        1           1              0.000 
2024-05-15 15:44:58 | INFO |       31.555 |        2           1              0.000 
2024-05-15 15:44:58 | INFO |       31.555 |        3           2              0.000 
2024-05-15 15:44:58 | INFO |       31.555 |        4           2              0.000 
2024-05-15 15:44:58 | INFO |       31.555 |        5           2              0.000 
2024-05-15 15:44:58 | INFO |       31.555 |        6           2              0.000 
2024-05-15 15:44:58 | INFO |       31.555 |        7           2              0.000 
2024-05-15 15:44:58 | INFO |       31.555 |        8           2              0.000 
2024-05-15 15:44:58 | INFO |       31.555 |        9           2              0.000 
2024-05-15 15:44:58 | INFO |       31.556 |       10           2              0.000 
2024-05-15 15:44:58 | INFO |       31.556 |       11           2              0.001 
2024-05-15 15:44:58 | INFO |       31.556 |       11           2              0.001 
2024-05-15 15:44:58 | INFO |       31.556 |       11           2              0.001 
2024-05-15 15:44:58 | INFO |       31.557 |       12           2              0.001 
2024-05-15 15:44:58 | INFO |       31.559 |       13           2              0.002 
2024-05-15 15:44:58 | INFO |       31.563 |       14           2              0.004 
2024-05-15 15:44:58 | INFO |       31.571 |       15           2              0.008 
2024-05-15 15:44:58 | INFO |       31.588 |       16           2              0.016 
2024-05-15 15:44:58 | INFO |       31.621 |       17           2              0.033 
2024-05-15 15:44:58 | INFO |       31.686 |       18           2              0.066 
2024-05-15 15:44:58 | INFO |       31.778 |       19           2              0.131 
2024-05-15 15:44:58 | INFO |       31.778 |       19           2              0.131 
2024-05-15 15:44:58 | INFO | Algebraic mode change at t = 31.7801
2024-05-15 15:44:58 | INFO |       31.780 |       19           2              0.131 
2024-05-15 15:44:58 | INFO | calculation of the new starting point of the simulation.
2024-05-15 15:44:58 | INFO |       31.780 |        0           0              0.000 
2024-05-15 15:44:58 | INFO |       31.780 |        1           1              0.000 
2024-05-15 15:44:58 | INFO |       31.780 |        2           1              0.000 
2024-05-15 15:44:58 | INFO |       31.780 |        3           2              0.000 
2024-05-15 15:44:58 | INFO |       31.780 |        4           2              0.000 
2024-05-15 15:44:58 | INFO |       31.780 |        5           2              0.000 
2024-05-15 15:44:58 | INFO |       31.780 |        6           2              0.000 
2024-05-15 15:44:58 | INFO |       31.780 |        7           2              0.000 
2024-05-15 15:44:58 | INFO |       31.780 |        8           2              0.000 
2024-05-15 15:44:58 | INFO |       31.780 |        9           2              0.000 
2024-05-15 15:44:58 | INFO |       31.781 |       10           2              0.000 
2024-05-15 15:44:58 | INFO |       31.781 |       11           2              0.001 
2024-05-15 15:44:58 | INFO |       31.782 |       12           2              0.001 
2024-05-15 15:44:58 | INFO |       31.784 |       13           2              0.002 
2024-05-15 15:44:58 | INFO |       31.788 |       14           2              0.004 
2024-05-15 15:44:58 | INFO |       31.796 |       15           2              0.008 
2024-05-15 15:44:58 | INFO |       31.813 |       16           2              0.016 
2024-05-15 15:44:58 | INFO |       31.846 |       17           2              0.033 
2024-05-15 15:44:58 | INFO |       31.911 |       18           2              0.066 
2024-05-15 15:44:58 | INFO | Algebraic mode change at t = 31.9532
2024-05-15 15:44:58 | INFO |       31.953 |       19           1              0.131 
2024-05-15 15:44:58 | INFO | calculation of the new starting point of the simulation.
2024-05-15 15:44:58 | INFO |       31.953 |        0           0              0.000 
2024-05-15 15:44:58 | INFO |       31.953 |        1           1              0.000 
2024-05-15 15:44:58 | INFO |       31.953 |        2           1              0.000 
2024-05-15 15:44:58 | INFO |       31.953 |        3           2              0.000 
2024-05-15 15:44:58 | INFO |       31.953 |        4           2              0.000 
2024-05-15 15:44:58 | INFO |       31.953 |        5           2              0.000 
2024-05-15 15:44:58 | INFO |       31.953 |        6           2              0.000 
2024-05-15 15:44:58 | INFO |       31.953 |        7           2              0.000 
2024-05-15 15:44:58 | INFO |       31.953 |        8           2              0.000 
2024-05-15 15:44:58 | INFO |       31.954 |        9           2              0.000 
2024-05-15 15:44:58 | INFO |       31.954 |       10           2              0.000 
2024-05-15 15:44:58 | INFO |       31.954 |       11           2              0.001 
2024-05-15 15:44:58 | INFO |       31.955 |       12           2              0.001 
2024-05-15 15:44:58 | INFO |       31.956 |       13           2              0.002 
2024-05-15 15:44:58 | INFO |       31.956 |       13           2              0.002 
2024-05-15 15:44:58 | INFO |       31.957 |       13           2              0.002 
2024-05-15 15:44:58 | INFO |       31.961 |       14           2              0.004 
2024-05-15 15:44:58 | INFO |       31.970 |       15           2              0.008 
2024-05-15 15:44:58 | INFO |       31.986 |       16           2              0.016 
2024-05-15 15:44:58 | INFO |       32.019 |       17           2              0.033 
2024-05-15 15:44:58 | INFO |       32.084 |       18           2              0.066 
2024-05-15 15:44:58 | INFO |       32.215 |       19           2              0.131 
2024-05-15 15:44:58 | INFO |       32.478 |       20           2              0.262 
2024-05-15 15:44:58 | INFO |       32.740 |       21           1              0.262 
2024-05-15 15:44:58 | INFO |       33.002 |       22           1              0.262 
2024-05-15 15:44:58 | INFO |       33.526 |       23           1              0.524 
2024-05-15 15:44:58 | INFO |       34.050 |       24           1              0.524 
2024-05-15 15:44:58 | INFO | Algebraic mode change at t = 35
2024-05-15 15:44:58 | INFO |       35.000 |       25           1              1.049 
2024-05-15 15:44:58 | INFO | calculation of the new starting point of the simulation.
2024-05-15 15:44:58 | INFO |       35.000 |        0           0              0.000 
2024-05-15 15:44:58 | INFO |       35.000 |        1           1              0.000 
2024-05-15 15:44:58 | INFO |       35.000 |        2           1              0.000 
2024-05-15 15:44:58 | INFO |       35.000 |        3           2              0.000 
2024-05-15 15:44:58 | INFO |       35.000 |        4           2              0.000 
2024-05-15 15:44:58 | INFO |       35.000 |        5           2              0.000 
2024-05-15 15:44:58 | INFO |       35.000 |        6           2              0.000 
2024-05-15 15:44:58 | INFO |       35.000 |        7           2              0.000 
2024-05-15 15:44:58 | INFO |       35.000 |        8           2              0.000 
2024-05-15 15:44:58 | INFO |       35.000 |        9           2              0.000 
2024-05-15 15:44:58 | INFO |       35.001 |       10           2              0.000 
2024-05-15 15:44:58 | INFO |       35.001 |       11           2              0.001 
2024-05-15 15:44:58 | INFO |       35.002 |       12           2              0.001 
2024-05-15 15:44:58 | INFO |       35.004 |       13           2              0.002 
2024-05-15 15:44:58 | INFO |       35.008 |       14           2              0.004 
2024-05-15 15:44:58 | INFO |       35.016 |       15           2              0.008 
2024-05-15 15:44:58 | INFO |       35.029 |       16           2              0.016 
2024-05-15 15:44:58 | INFO |       35.033 |       16           2              0.016 
2024-05-15 15:44:58 | INFO |       35.049 |       17           2              0.016 
2024-05-15 15:44:58 | INFO |       35.082 |       18           2              0.033 
2024-05-15 15:44:58 | INFO |       35.115 |       19           1              0.033 
2024-05-15 15:44:58 | INFO |       35.147 |       20           1              0.033 
2024-05-15 15:44:58 | INFO |       35.213 |       21           1              0.066 
2024-05-15 15:44:58 | INFO |       35.296 |       22           1              0.083 
2024-05-15 15:44:58 | INFO |       35.379 |       23           1              0.083 
2024-05-15 15:44:58 | INFO |       35.462 |       24           1              0.083 
2024-05-15 15:44:58 | INFO |       35.514 |       25           1              0.083 
2024-05-15 15:44:58 | INFO |       35.514 |       25           1              0.083 
2024-05-15 15:44:58 | INFO | Algebraic mode change at t = 35.5142
2024-05-15 15:44:58 | INFO |       35.514 |       25           1              0.083 
2024-05-15 15:44:58 | INFO | calculation of the new starting point of the simulation.
2024-05-15 15:44:58 | INFO |       35.514 |        0           0              0.000 
2024-05-15 15:44:58 | INFO |       35.514 |        1           1              0.000 
2024-05-15 15:44:58 | INFO |       35.514 |        2           1              0.000 
2024-05-15 15:44:58 | INFO |       35.514 |        3           2              0.000 
2024-05-15 15:44:58 | INFO |       35.514 |        4           2              0.000 
2024-05-15 15:44:58 | INFO |       35.514 |        5           2              0.000 
2024-05-15 15:44:58 | INFO |       35.514 |        6           2              0.000 
2024-05-15 15:44:58 | INFO |       35.514 |        7           2              0.000 
2024-05-15 15:44:58 | INFO |       35.514 |        8           2              0.000 
2024-05-15 15:44:58 | INFO |       35.514 |        9           2              0.000 
2024-05-15 15:44:58 | INFO |       35.515 |       10           2              0.000 
2024-05-15 15:44:58 | INFO |       35.515 |       11           2              0.001 
2024-05-15 15:44:58 | INFO |       35.516 |       12           2              0.001 
2024-05-15 15:44:58 | INFO |       35.518 |       13           2              0.002 
2024-05-15 15:44:58 | INFO |       35.522 |       14           2              0.004 
2024-05-15 15:44:58 | INFO |       35.531 |       15           2              0.008 
2024-05-15 15:44:58 | INFO |       35.547 |       16           2              0.016 
2024-05-15 15:44:58 | INFO |       35.580 |       17           2              0.033 
2024-05-15 15:44:58 | INFO |       35.645 |       18           2              0.066 
2024-05-15 15:44:58 | INFO | Algebraic mode change at t = 35.7522
2024-05-15 15:44:58 | INFO |       35.752 |       19           1              0.131 
2024-05-15 15:44:58 | INFO | calculation of the new starting point of the simulation.
2024-05-15 15:44:58 | INFO |       35.752 |        0           0              0.000 
2024-05-15 15:44:58 | INFO |       35.752 |        1           1              0.000 
2024-05-15 15:44:58 | INFO |       35.752 |        2           1              0.000 
2024-05-15 15:44:58 | INFO |       35.752 |        3           2              0.000 
2024-05-15 15:44:58 | INFO |       35.752 |        4           2              0.000 
2024-05-15 15:44:58 | INFO |       35.752 |        5           2              0.000 
2024-05-15 15:44:58 | INFO |       35.752 |        6           2              0.000 
2024-05-15 15:44:58 | INFO |       35.752 |        7           2              0.000 
2024-05-15 15:44:58 | INFO |       35.752 |        8           2              0.000 
2024-05-15 15:44:58 | INFO |       35.752 |        9           2              0.000 
2024-05-15 15:44:58 | INFO |       35.753 |       10           2              0.000 
2024-05-15 15:44:58 | INFO |       35.753 |       10           2              0.000 
2024-05-15 15:44:58 | INFO |       35.753 |       10           2              0.000 
2024-05-15 15:44:58 | INFO |       35.753 |       11           2              0.001 
2024-05-15 15:44:58 | INFO |       35.754 |       12           2              0.001 
2024-05-15 15:44:58 | INFO |       35.756 |       13           2              0.002 
2024-05-15 15:44:58 | INFO |       35.760 |       14           2              0.004 
2024-05-15 15:44:58 | INFO |       35.769 |       15           2              0.008 
2024-05-15 15:44:58 | INFO |       35.785 |       16           2              0.016 
2024-05-15 15:44:58 | INFO |       35.818 |       17           2              0.033 
2024-05-15 15:44:58 | INFO |       35.870 |       18           2              0.066 
2024-05-15 15:44:58 | INFO |       35.870 |       18           2              0.066 
2024-05-15 15:44:58 | INFO | Algebraic mode change at t = 35.8748
2024-05-15 15:44:58 | INFO |       35.875 |       18           2              0.066 
2024-05-15 15:44:58 | INFO | calculation of the new starting point of the simulation.
2024-05-15 15:44:58 | INFO |       35.875 |        0           0              0.000 
2024-05-15 15:44:58 | INFO |       35.875 |        1           1              0.000 
2024-05-15 15:44:58 | INFO |       35.875 |        2           1              0.000 
2024-05-15 15:44:58 | INFO |       35.875 |        3           2              0.000 
2024-05-15 15:44:58 | INFO |       35.875 |        4           2              0.000 
2024-05-15 15:44:58 | INFO |       35.875 |        5           2              0.000 
2024-05-15 15:44:58 | INFO |       35.875 |        6           2              0.000 
2024-05-15 15:44:58 | INFO |       35.875 |        7           2              0.000 
2024-05-15 15:44:58 | INFO |       35.875 |        8           2              0.000 
2024-05-15 15:44:58 | INFO |       35.875 |        9           2              0.000 
2024-05-15 15:44:58 | INFO |       35.875 |       10           2              0.000 
2024-05-15 15:44:58 | INFO |       35.876 |       11           2              0.001 
2024-05-15 15:44:58 | INFO |       35.877 |       12           2              0.001 
2024-05-15 15:44:58 | INFO |       35.879 |       13           2              0.002 
2024-05-15 15:44:58 | INFO |       35.883 |       14           2              0.004 
2024-05-15 15:44:58 | INFO |       35.891 |       15           2              0.008 
2024-05-15 15:44:58 | INFO |       35.908 |       16           2              0.016 
2024-05-15 15:44:58 | INFO | Algebraic mode change at t = 35.9382
2024-05-15 15:44:58 | INFO |       35.938 |       17           2              0.033 
2024-05-15 15:44:58 | INFO | calculation of the new starting point of the simulation.
2024-05-15 15:44:58 | INFO |       35.938 |        0           0              0.000 
2024-05-15 15:44:58 | INFO |       35.938 |        1           1              0.000 
2024-05-15 15:44:58 | INFO |       35.938 |        2           1              0.000 
2024-05-15 15:44:58 | INFO |       35.938 |        3           2              0.000 
2024-05-15 15:44:58 | INFO |       35.938 |        4           2              0.000 
2024-05-15 15:44:58 | INFO |       35.938 |        5           2              0.000 
2024-05-15 15:44:58 | INFO |       35.938 |        6           2              0.000 
2024-05-15 15:44:58 | INFO |       35.938 |        7           2              0.000 
2024-05-15 15:44:58 | INFO |       35.938 |        8           2              0.000 
2024-05-15 15:44:58 | INFO |       35.938 |        9           2              0.000 
2024-05-15 15:44:58 | INFO |       35.939 |       10           2              0.000 
2024-05-15 15:44:58 | INFO |       35.939 |       11           2              0.001 
2024-05-15 15:44:58 | INFO |       35.940 |       12           2              0.001 
2024-05-15 15:44:58 | INFO |       35.942 |       13           2              0.002 
2024-05-15 15:44:58 | INFO |       35.943 |       14           2              0.004 
2024-05-15 15:44:58 | INFO |       35.943 |       14           2              0.004 
2024-05-15 15:44:58 | INFO |       35.946 |       14           2              0.004 
2024-05-15 15:44:58 | INFO |       35.955 |       15           2              0.008 
2024-05-15 15:44:58 | INFO |       35.971 |       16           2              0.016 
2024-05-15 15:44:58 | INFO |       36.004 |       17           2              0.033 
2024-05-15 15:44:58 | INFO |       36.069 |       18           2              0.066 
2024-05-15 15:44:58 | INFO |       36.200 |       19           1              0.131 
2024-05-15 15:44:58 | INFO |       36.331 |       20           1              0.131 
2024-05-15 15:44:58 | INFO |       36.594 |       21           1              0.262 
2024-05-15 15:44:58 | INFO |       37.118 |       22           1              0.524 
2024-05-15 15:44:58 | INFO |       37.642 |       23           1              0.524 
2024-05-15 15:44:58 | INFO |       38.691 |       24           1              1.049 
2024-05-15 15:44:58 | INFO |       40.788 |       25           1              2.097 
2024-05-15 15:44:58 | INFO |       44.982 |       26           1              4.194 
2024-05-15 15:44:58 | INFO | Algebraic mode change at t = 45.0294
2024-05-15 15:44:58 | INFO |       45.029 |       27           1              8.389 
2024-05-15 15:44:58 | INFO | calculation of the new starting point of the simulation.
2024-05-15 15:44:58 | INFO |       45.029 |        0           0              0.000 
2024-05-15 15:44:58 | INFO |       45.029 |        1           1              0.000 
2024-05-15 15:44:58 | INFO |       45.029 |        2           1              0.000 
2024-05-15 15:44:58 | INFO |       45.029 |        3           2              0.000 
2024-05-15 15:44:58 | INFO |       45.029 |        4           2              0.000 
2024-05-15 15:44:58 | INFO |       45.029 |        5           2              0.000 
2024-05-15 15:44:58 | INFO |       45.029 |        6           2              0.000 
2024-05-15 15:44:58 | INFO |       45.029 |        7           2              0.000 
2024-05-15 15:44:58 | INFO |       45.030 |        8           2              0.000 
2024-05-15 15:44:58 | INFO |       45.030 |        8           2              0.000 
2024-05-15 15:44:58 | INFO |       45.030 |        9           2              0.000 
2024-05-15 15:44:58 | INFO |       45.030 |       10           2              0.000 
2024-05-15 15:44:58 | INFO |       45.030 |       11           2              0.001 
2024-05-15 15:44:58 | INFO |       45.031 |       12           2              0.001 
2024-05-15 15:44:58 | INFO |       45.033 |       13           2              0.002 
2024-05-15 15:44:58 | INFO |       45.038 |       14           2              0.004 
2024-05-15 15:44:58 | INFO |       45.046 |       15           2              0.008 
2024-05-15 15:44:58 | INFO |       45.062 |       16           2              0.016 
2024-05-15 15:44:58 | INFO |       45.079 |       17           2              0.016 
2024-05-15 15:44:58 | INFO |       45.111 |       18           2              0.033 
2024-05-15 15:44:58 | INFO |       45.144 |       19           1              0.033 
2024-05-15 15:44:58 | INFO |       45.172 |       20           1              0.033 
2024-05-15 15:44:58 | INFO |       45.177 |       20           1              0.033 
2024-05-15 15:44:58 | INFO |       45.242 |       21           1              0.066 
2024-05-15 15:44:58 | INFO |       45.326 |       22           1              0.083 
2024-05-15 15:44:58 | INFO |       45.409 |       23           1              0.083 
2024-05-15 15:44:58 | INFO |       45.492 |       24           1              0.083 
2024-05-15 15:44:58 | INFO |       45.550 |       25           1              0.083 
2024-05-15 15:44:58 | INFO |       45.550 |       25           1              0.083 
2024-05-15 15:44:58 | INFO | Algebraic mode change at t = 45.5508
2024-05-15 15:44:58 | INFO |       45.551 |       25           1              0.083 
2024-05-15 15:44:58 | INFO | calculation of the new starting point of the simulation.
2024-05-15 15:44:58 | INFO |       45.551 |        0           0              0.000 
2024-05-15 15:44:58 | INFO |       45.551 |        1           1              0.000 
2024-05-15 15:44:58 | INFO |       45.551 |        2           1              0.000 
2024-05-15 15:44:58 | INFO |       45.551 |        3           2              0.000 
2024-05-15 15:44:58 | INFO |       45.551 |        4           2              0.000 
2024-05-15 15:44:58 | INFO |       45.551 |        5           2              0.000 
2024-05-15 15:44:58 | INFO |       45.551 |        6           2              0.000 
2024-05-15 15:44:58 | INFO |       45.551 |        7           2              0.000 
2024-05-15 15:44:58 | INFO |       45.551 |        8           2              0.000 
2024-05-15 15:44:58 | INFO |       45.551 |        9           2              0.000 
2024-05-15 15:44:58 | INFO |       45.551 |       10           2              0.000 
2024-05-15 15:44:58 | INFO |       45.552 |       11           2              0.001 
2024-05-15 15:44:58 | INFO |       45.553 |       12           2              0.001 
2024-05-15 15:44:58 | INFO |       45.555 |       13           2              0.002 
2024-05-15 15:44:58 | INFO |       45.559 |       14           2              0.004 
2024-05-15 15:44:58 | INFO |       45.567 |       15           2              0.008 
2024-05-15 15:44:58 | INFO |       45.584 |       16           2              0.016 
2024-05-15 15:44:58 | INFO |       45.616 |       17           2              0.033 
2024-05-15 15:44:58 | INFO |       45.682 |       18           2              0.066 
2024-05-15 15:44:58 | INFO | Algebraic mode change at t = 45.7747
2024-05-15 15:44:58 | INFO |       45.775 |       19           1              0.131 
2024-05-15 15:44:58 | INFO | calculation of the new starting point of the simulation.
2024-05-15 15:44:58 | INFO |       45.775 |        0           0              0.000 
2024-05-15 15:44:58 | INFO |       45.775 |        1           1              0.000 
2024-05-15 15:44:58 | INFO |       45.775 |        2           1              0.000 
2024-05-15 15:44:58 | INFO |       45.775 |        3           2              0.000 
2024-05-15 15:44:58 | INFO |       45.775 |        4           2              0.000 
2024-05-15 15:44:58 | INFO |       45.775 |        5           2              0.000 
2024-05-15 15:44:58 | INFO |       45.775 |        6           2              0.000 
2024-05-15 15:44:58 | INFO |       45.775 |        7           2              0.000 
2024-05-15 15:44:58 | INFO |       45.775 |        8           2              0.000 
2024-05-15 15:44:58 | INFO |       45.775 |        9           2              0.000 
2024-05-15 15:44:58 | INFO |       45.775 |       10           2              0.000 
2024-05-15 15:44:58 | INFO |       45.775 |       10           2              0.000 
2024-05-15 15:44:58 | INFO |       45.775 |       10           2              0.000 
2024-05-15 15:44:58 | INFO |       45.776 |       11           2              0.001 
2024-05-15 15:44:58 | INFO |       45.777 |       12           2              0.001 
2024-05-15 15:44:58 | INFO |       45.779 |       13           2              0.002 
2024-05-15 15:44:58 | INFO |       45.783 |       14           2              0.004 
2024-05-15 15:44:58 | INFO |       45.791 |       15           2              0.008 
2024-05-15 15:44:58 | INFO |       45.807 |       16           2              0.016 
2024-05-15 15:44:58 | INFO |       45.840 |       17           2              0.033 
2024-05-15 15:44:58 | INFO |       45.906 |       18           2              0.066 
2024-05-15 15:44:58 | INFO |       46.037 |       19           2              0.131 
2024-05-15 15:44:58 | INFO |       46.168 |       20           2              0.131 
2024-05-15 15:44:58 | INFO |       46.299 |       21           2              0.131 
2024-05-15 15:44:58 | INFO |       46.430 |       22           2              0.131 
2024-05-15 15:44:58 | INFO |       46.692 |       23           2              0.262 
2024-05-15 15:44:58 | INFO |       46.954 |       24           1              0.262 
2024-05-15 15:44:58 | INFO |       47.216 |       25           1              0.262 
2024-05-15 15:44:58 | INFO |       47.741 |       26           1              0.524 
2024-05-15 15:44:58 | INFO |       48.265 |       27           1              0.524 
2024-05-15 15:44:58 | INFO |       49.314 |       28           1              1.049 
2024-05-15 15:44:58 | INFO |       51.411 |       29           1              2.097 
2024-05-15 15:44:58 | INFO | Algebraic mode change at t = 55.1717
2024-05-15 15:44:58 | INFO |       55.172 |       30           1              4.194 
2024-05-15 15:44:58 | INFO | calculation of the new starting point of the simulation.
2024-05-15 15:44:58 | INFO |       55.172 |        0           0              0.000 
2024-05-15 15:44:58 | INFO |       55.172 |        1           1              0.000 
2024-05-15 15:44:58 | INFO |       55.172 |        2           1              0.000 
2024-05-15 15:44:58 | INFO |       55.172 |        3           2              0.000 
2024-05-15 15:44:58 | INFO |       55.172 |        4           2              0.000 
2024-05-15 15:44:58 | INFO |       55.172 |        5           2              0.000 
2024-05-15 15:44:58 | INFO |       55.172 |        6           2              0.000 
2024-05-15 15:44:58 | INFO |       55.172 |        7           2              0.000 
2024-05-15 15:44:58 | INFO |       55.172 |        8           2              0.000 
2024-05-15 15:44:58 | INFO |       55.172 |        9           2              0.000 
2024-05-15 15:44:58 | INFO |       55.172 |       10           2              0.000 
2024-05-15 15:44:58 | INFO |       55.173 |       11           2              0.001 
2024-05-15 15:44:58 | INFO |       55.174 |       12           2              0.001 
2024-05-15 15:44:58 | INFO |       55.176 |       13           2              0.002 
2024-05-15 15:44:58 | INFO |       55.180 |       14           2              0.004 
2024-05-15 15:44:58 | INFO |       55.188 |       15           2              0.008 
2024-05-15 15:44:58 | INFO |       55.204 |       16           2              0.016 
2024-05-15 15:44:58 | INFO |       55.221 |       17           2              0.016 
2024-05-15 15:44:58 | INFO |       55.254 |       18           2              0.033 
2024-05-15 15:44:58 | INFO |       55.274 |       19           1              0.033 
2024-05-15 15:44:58 | INFO |       55.286 |       19           1              0.033 
2024-05-15 15:44:58 | INFO |       55.319 |       20           1              0.033 
2024-05-15 15:44:58 | INFO |       55.385 |       21           1              0.066 
2024-05-15 15:44:58 | INFO |       55.468 |       22           1              0.083 
2024-05-15 15:44:58 | INFO |       55.498 |       23           1              0.083 
2024-05-15 15:44:58 | INFO |       55.551 |       23           1              0.083 
2024-05-15 15:44:58 | INFO |       55.583 |       24           1              0.083 
2024-05-15 15:44:58 | INFO |       55.635 |       24           1              0.083 
2024-05-15 15:44:58 | INFO |       55.700 |       25           1              0.083 
2024-05-15 15:44:58 | INFO |       55.700 |       25           1              0.083 
2024-05-15 15:44:58 | INFO | Algebraic mode change at t = 55.7003
2024-05-15 15:44:58 | INFO |       55.700 |       25           1              0.083 
2024-05-15 15:44:58 | INFO | calculation of the new starting point of the simulation.
2024-05-15 15:44:58 | INFO |       55.700 |        0           0              0.000 
2024-05-15 15:44:58 | INFO |       55.700 |        1           1              0.000 
2024-05-15 15:44:58 | INFO |       55.700 |        2           1              0.000 
2024-05-15 15:44:58 | INFO |       55.700 |        3           2              0.000 
2024-05-15 15:44:58 | INFO |       55.700 |        4           2              0.000 
2024-05-15 15:44:58 | INFO |       55.700 |        5           2              0.000 
2024-05-15 15:44:58 | INFO |       55.700 |        6           2              0.000 
2024-05-15 15:44:58 | INFO |       55.700 |        7           2              0.000 
2024-05-15 15:44:58 | INFO |       55.700 |        8           2              0.000 
2024-05-15 15:44:58 | INFO |       55.701 |        9           2              0.000 
2024-05-15 15:44:58 | INFO |       55.701 |       10           2              0.000 
2024-05-15 15:44:58 | INFO |       55.701 |       11           2              0.001 
2024-05-15 15:44:58 | INFO |       55.702 |       12           2              0.001 
2024-05-15 15:44:58 | INFO |       55.704 |       13           2              0.002 
2024-05-15 15:44:58 | INFO |       55.708 |       14           2              0.004 
2024-05-15 15:44:58 | INFO |       55.717 |       15           2              0.008 
2024-05-15 15:44:58 | INFO |       55.733 |       16           2              0.016 
2024-05-15 15:44:58 | INFO |       55.766 |       17           2              0.033 
2024-05-15 15:44:58 | INFO |       55.831 |       18           2              0.066 
2024-05-15 15:44:58 | INFO | Algebraic mode change at t = 55.9106
2024-05-15 15:44:58 | INFO |       55.911 |       19           1              0.131 
2024-05-15 15:44:58 | INFO | calculation of the new starting point of the simulation.
2024-05-15 15:44:58 | INFO |       55.911 |        0           0              0.000 
2024-05-15 15:44:58 | INFO |       55.911 |        1           1              0.000 
2024-05-15 15:44:58 | INFO |       55.911 |        2           1              0.000 
2024-05-15 15:44:58 | INFO |       55.911 |        3           2              0.000 
2024-05-15 15:44:58 | INFO |       55.911 |        4           2              0.000 
2024-05-15 15:44:58 | INFO |       55.911 |        5           2              0.000 
2024-05-15 15:44:58 | INFO |       55.911 |        6           2              0.000 
2024-05-15 15:44:58 | INFO |       55.911 |        7           2              0.000 
2024-05-15 15:44:58 | INFO |       55.911 |        8           2              0.000 
2024-05-15 15:44:58 | INFO |       55.911 |        9           2              0.000 
2024-05-15 15:44:58 | INFO |       55.911 |       10           2              0.000 
2024-05-15 15:44:58 | INFO |       55.911 |       10           2              0.000 
2024-05-15 15:44:58 | INFO |       55.911 |       10           2              0.000 
2024-05-15 15:44:58 | INFO |       55.912 |       11           2              0.001 
2024-05-15 15:44:58 | INFO |       55.913 |       12           2              0.001 
2024-05-15 15:44:58 | INFO |       55.915 |       13           2              0.002 
2024-05-15 15:44:58 | INFO |       55.919 |       14           2              0.004 
2024-05-15 15:44:58 | INFO |       55.927 |       15           2              0.008 
2024-05-15 15:44:58 | INFO |       55.943 |       16           2              0.016 
2024-05-15 15:44:58 | INFO |       55.976 |       17           2              0.033 
2024-05-15 15:44:58 | INFO |       56.042 |       18           2              0.066 
2024-05-15 15:44:58 | INFO |       56.173 |       19           2              0.131 
2024-05-15 15:44:58 | INFO |       56.304 |       20           2              0.131 
2024-05-15 15:44:58 | INFO |       56.435 |       21           2              0.131 
2024-05-15 15:44:58 | INFO |       56.697 |       22           1              0.262 
2024-05-15 15:44:58 | INFO |       56.933 |       23           1              0.236 
2024-05-15 15:44:58 | INFO |       57.405 |       24           1              0.472 
2024-05-15 15:44:58 | INFO |       57.877 |       25           1              0.472 
2024-05-15 15:44:58 | INFO |       58.820 |       26           1              0.944 
2024-05-15 15:44:58 | INFO |       60.708 |       27           1              1.887 
2024-05-15 15:44:58 | INFO |       64.483 |       28           1              3.775 
2024-05-15 15:44:58 | INFO |       72.032 |       29           1              7.550 
2024-05-15 15:44:58 | INFO |       82.032 |       30           1             10.000 
2024-05-15 15:44:58 | INFO |       92.032 |       31           1             10.000 
2024-05-15 15:44:58 | INFO |      100.000 |       32           1              7.968 
2024-05-15 15:44:58 | INFO | 
2024-05-15 15:44:58 | INFO | execution statistics :
2024-05-15 15:44:58 | INFO | 
2024-05-15 15:44:58 | INFO | number of time iterations                  = 780
2024-05-15 15:44:58 | INFO | number of residual evaluations             = 1066
2024-05-15 15:44:58 | INFO | number of Jacobian evaluations             = 678
2024-05-15 15:44:58 | INFO | number of nonlinear iterations             = 990
2024-05-15 15:44:58 | INFO | number of error test failures              = 5
2024-05-15 15:44:58 | INFO | number of nonlinear convergence failures   = 0
2024-05-15 15:44:58 | INFO | number of root functions evaluations       = 4570
2024-05-15 15:44:58 | INFO | number of discrete variables evaluations   = 224
2024-05-15 15:44:58 | INFO | number of mode evaluations                 = 153
2024-05-15 15:44:58 | INFO | end of job 'IEEE14 - PhaseShifterP'
